[2022-10-04 17:44:10.090][D][LogManager.py(Init):12] LogManager Init function called !!!
[2022-10-04 17:44:10.115][I][AutoBaseFunction.py(wrapper):7] Screen.MainWindow : setupUi 실행 시작
[2022-10-04 17:44:10.116][I][AutoBaseFunction.py(wrapper):8] Parameter : 
[2022-10-04 17:44:10.120][I][AutoBaseFunction.py(wrapper):7] Screen.MainWindow : set_field 실행 시작
[2022-10-04 17:44:10.120][I][AutoBaseFunction.py(wrapper):8] Parameter : 
[2022-10-04 17:44:10.147][I][AutoBaseFunction.py(wrapper):14] Screen.MainWindow : set_field 실행 종료
[2022-10-04 17:44:10.147][I][AutoBaseFunction.py(wrapper):7] Screen.MainWindow : setWidget_func 실행 시작
[2022-10-04 17:44:10.148][I][AutoBaseFunction.py(wrapper):8] Parameter : 
[2022-10-04 17:44:10.149][I][AutoBaseFunction.py(wrapper):14] Screen.MainWindow : setWidget_func 실행 종료
[2022-10-04 17:44:10.152][I][AutoBaseFunction.py(wrapper):14] Screen.MainWindow : setupUi 실행 종료
[2022-10-04 17:44:10.158][I][AutoBaseFunction.py(wrapper):7] __main__ : __set_slot 실행 시작
[2022-10-04 17:44:10.159][I][AutoBaseFunction.py(wrapper):8] Parameter : 
[2022-10-04 17:44:10.160][I][AutoBaseFunction.py(wrapper):14] __main__ : __set_slot 실행 종료
[2022-10-04 17:44:10.160][I][AutoBaseFunction.py(wrapper):7] __main__ : __wigets_setupUi 실행 시작
[2022-10-04 17:44:10.161][I][AutoBaseFunction.py(wrapper):8] Parameter : 
[2022-10-04 17:44:10.161][I][AutoBaseFunction.py(wrapper):7] Screen.Setup_Language : setupUI_Language 실행 시작
[2022-10-04 17:44:10.161][I][AutoBaseFunction.py(wrapper):8] Parameter : 
[2022-10-04 17:44:10.162][I][AutoBaseFunction.py(wrapper):7] Screen.Setup_Language : sl_set_slot 실행 시작
[2022-10-04 17:44:10.162][I][AutoBaseFunction.py(wrapper):8] Parameter : 
[2022-10-04 17:44:10.163][I][AutoBaseFunction.py(wrapper):14] Screen.Setup_Language : sl_set_slot 실행 종료
[2022-10-04 17:44:10.163][I][AutoBaseFunction.py(wrapper):14] Screen.Setup_Language : setupUI_Language 실행 종료
[2022-10-04 17:44:10.164][I][AutoBaseFunction.py(wrapper):7] Screen.Menu_CreateExcel : setupUI_CreateExcel 실행 시작
[2022-10-04 17:44:10.164][I][AutoBaseFunction.py(wrapper):8] Parameter : 
[2022-10-04 17:44:10.165][I][AutoBaseFunction.py(wrapper):7] Screen.Menu_CreateExcel : new_excel_func 실행 시작
[2022-10-04 17:44:10.165][I][AutoBaseFunction.py(wrapper):8] Parameter : 
[2022-10-04 17:44:10.166][I][AutoBaseFunction.py(wrapper):14] Screen.Menu_CreateExcel : new_excel_func 실행 종료
[2022-10-04 17:44:10.166][I][AutoBaseFunction.py(wrapper):7] Screen.Menu_CreateExcel : set_excel_func 실행 시작
[2022-10-04 17:44:10.167][I][AutoBaseFunction.py(wrapper):8] Parameter : 
[2022-10-04 17:44:10.167][I][AutoBaseFunction.py(wrapper):14] Screen.Menu_CreateExcel : set_excel_func 실행 종료
[2022-10-04 17:44:10.168][I][AutoBaseFunction.py(wrapper):14] Screen.Menu_CreateExcel : setupUI_CreateExcel 실행 종료
[2022-10-04 17:44:10.168][I][AutoBaseFunction.py(wrapper):7] Screen.Setup_Field : setupUI_Field 실행 시작
[2022-10-04 17:44:10.168][I][AutoBaseFunction.py(wrapper):8] Parameter : 
[2022-10-04 17:44:10.170][I][AutoBaseFunction.py(wrapper):7] Screen.Setup_Field : set_data 실행 시작
[2022-10-04 17:44:10.171][I][AutoBaseFunction.py(wrapper):8] Parameter : 
[2022-10-04 17:44:10.171][I][AutoBaseFunction.py(wrapper):14] Screen.Setup_Field : set_data 실행 종료
[2022-10-04 17:44:10.423][I][AutoBaseFunction.py(wrapper):7] Screen.Setup_Field : set_data 실행 시작
[2022-10-04 17:44:10.424][I][AutoBaseFunction.py(wrapper):8] Parameter : 
[2022-10-04 17:44:10.424][I][AutoBaseFunction.py(wrapper):14] Screen.Setup_Field : set_data 실행 종료
[2022-10-04 17:44:10.425][I][AutoBaseFunction.py(wrapper):7] Screen.Setup_Field : set_data 실행 시작
[2022-10-04 17:44:10.425][I][AutoBaseFunction.py(wrapper):8] Parameter : 
[2022-10-04 17:44:10.426][I][AutoBaseFunction.py(wrapper):14] Screen.Setup_Field : set_data 실행 종료
[2022-10-04 17:44:10.426][I][AutoBaseFunction.py(wrapper):7] Screen.Setup_Field : set_data 실행 시작
[2022-10-04 17:44:10.427][I][AutoBaseFunction.py(wrapper):8] Parameter : 
[2022-10-04 17:44:10.427][I][AutoBaseFunction.py(wrapper):14] Screen.Setup_Field : set_data 실행 종료
[2022-10-04 17:44:10.427][I][AutoBaseFunction.py(wrapper):7] Screen.Setup_Field : set_data 실행 시작
[2022-10-04 17:44:10.428][I][AutoBaseFunction.py(wrapper):8] Parameter : 
[2022-10-04 17:44:10.428][I][AutoBaseFunction.py(wrapper):14] Screen.Setup_Field : set_data 실행 종료
[2022-10-04 17:44:10.429][I][AutoBaseFunction.py(wrapper):7] Screen.Setup_Field : set_data 실행 시작
[2022-10-04 17:44:10.429][I][AutoBaseFunction.py(wrapper):8] Parameter : 
[2022-10-04 17:44:10.429][I][AutoBaseFunction.py(wrapper):14] Screen.Setup_Field : set_data 실행 종료
[2022-10-04 17:44:10.430][I][AutoBaseFunction.py(wrapper):7] Screen.Setup_Field : sl_set_slot 실행 시작
[2022-10-04 17:44:10.430][I][AutoBaseFunction.py(wrapper):8] Parameter : 
[2022-10-04 17:44:10.430][I][AutoBaseFunction.py(wrapper):14] Screen.Setup_Field : sl_set_slot 실행 종료
[2022-10-04 17:44:10.430][I][AutoBaseFunction.py(wrapper):14] Screen.Setup_Field : setupUI_Field 실행 종료
[2022-10-04 17:44:10.431][I][AutoBaseFunction.py(wrapper):7] Screen.Setup_TestList : setupUI_TestList 실행 시작
[2022-10-04 17:44:10.431][I][AutoBaseFunction.py(wrapper):8] Parameter : 
[2022-10-04 17:44:10.432][I][AutoBaseFunction.py(wrapper):7] Screen.Setup_TestList : btn_set_slot 실행 시작
[2022-10-04 17:44:10.432][I][AutoBaseFunction.py(wrapper):8] Parameter : 
[2022-10-04 17:44:10.433][I][AutoBaseFunction.py(wrapper):14] Screen.Setup_TestList : btn_set_slot 실행 종료
[2022-10-04 17:44:10.433][I][AutoBaseFunction.py(wrapper):14] Screen.Setup_TestList : setupUI_TestList 실행 종료
[2022-10-04 17:44:10.434][I][AutoBaseFunction.py(wrapper):14] __main__ : __wigets_setupUi 실행 종료
[2022-10-04 17:44:12.624][I][AutoBaseFunction.py(wrapper):7] Screen.MainWindow : update_open_menu 실행 시작
[2022-10-04 17:44:12.625][I][AutoBaseFunction.py(wrapper):8] Parameter : 
[2022-10-04 17:44:12.627][I][AutoBaseFunction.py(wrapper):14] Screen.MainWindow : update_open_menu 실행 종료
[2022-10-04 17:44:13.847][I][AutoBaseFunction.py(wrapper):7] __main__ : __sl_ui 실행 시작
[2022-10-04 17:44:13.847][I][AutoBaseFunction.py(wrapper):8] Parameter : False
[2022-10-04 17:44:13.848][I][AutoBaseFunction.py(wrapper):7] Screen.Setup_Language : setLang_Button 실행 시작
[2022-10-04 17:44:13.848][I][AutoBaseFunction.py(wrapper):8] Parameter : 
[2022-10-04 17:44:13.852][I][AutoBaseFunction.py(wrapper):14] Screen.Setup_Language : setLang_Button 실행 종료
[2022-10-04 17:44:13.865][I][AutoBaseFunction.py(wrapper):14] __main__ : __sl_ui 실행 종료
[2022-10-04 17:44:14.333][I][AutoBaseFunction.py(wrapper):7] Screen.Setup_Language : keyPressEvent 실행 시작
[2022-10-04 17:44:14.334][I][AutoBaseFunction.py(wrapper):8] Parameter : <PyQt5.QtGui.QKeyEvent object at 0x0000019ACC036F78>
[2022-10-04 17:44:14.334][I][AutoBaseFunction.py(wrapper):14] Screen.Setup_Language : keyPressEvent 실행 종료
[2022-10-04 17:44:15.245][I][AutoBaseFunction.py(wrapper):7] Screen.Setup_Language : keyPressEvent 실행 시작
[2022-10-04 17:44:15.245][I][AutoBaseFunction.py(wrapper):8] Parameter : <PyQt5.QtGui.QKeyEvent object at 0x0000019ACC036F78>
[2022-10-04 17:44:15.246][I][AutoBaseFunction.py(wrapper):14] Screen.Setup_Language : keyPressEvent 실행 종료
[2022-10-04 17:44:15.727][I][AutoBaseFunction.py(wrapper):7] Screen.Setup_Language : closeEvent 실행 시작
[2022-10-04 17:44:15.727][I][AutoBaseFunction.py(wrapper):8] Parameter : <PyQt5.QtGui.QCloseEvent object at 0x0000019ACC036F78>
[2022-10-04 17:44:15.728][I][AutoBaseFunction.py(wrapper):14] Screen.Setup_Language : closeEvent 실행 종료
[2022-10-04 17:44:17.565][I][AutoBaseFunction.py(wrapper):7] Screen.MainWindow : update_open_menu 실행 시작
[2022-10-04 17:44:17.566][I][AutoBaseFunction.py(wrapper):8] Parameter : 
[2022-10-04 17:44:17.568][I][AutoBaseFunction.py(wrapper):14] Screen.MainWindow : update_open_menu 실행 종료
[2022-10-04 17:44:18.696][I][AutoBaseFunction.py(wrapper):7] Screen.MainWindow : show_imgList 실행 시작
[2022-10-04 17:44:18.697][I][AutoBaseFunction.py(wrapper):8] Parameter : ('한국어', 'D:/test/TestList_CSV/2022_skillup-master'), True, True
[2022-10-04 17:44:18.743][I][AutoBaseFunction.py(wrapper):7] Screen.MainWindow : qbutton_clicked 실행 시작
[2022-10-04 17:44:18.744][I][AutoBaseFunction.py(wrapper):8] Parameter : None, 0, <Screen.MainWindow.QPushButtonIcon object at 0x0000019ACC07A288>, False
[2022-10-04 17:44:18.788][I][AutoBaseFunction.py(wrapper):14] Screen.MainWindow : qbutton_clicked 실행 종료
[2022-10-04 17:44:18.788][I][AutoBaseFunction.py(wrapper):14] Screen.MainWindow : show_imgList 실행 종료
[2022-10-04 17:44:19.813][I][AutoBaseFunction.py(wrapper):7] Screen.MainWindow : allPass_clicked 실행 시작
[2022-10-04 17:44:19.814][I][AutoBaseFunction.py(wrapper):8] Parameter : False
[2022-10-04 17:44:19.814][I][AutoBaseFunction.py(wrapper):14] Screen.MainWindow : allPass_clicked 실행 종료
[2022-10-04 17:44:20.541][I][AutoBaseFunction.py(wrapper):7] Screen.MainWindow : btn_onClicked 실행 시작
[2022-10-04 17:44:20.542][I][AutoBaseFunction.py(wrapper):8] Parameter : True
