[2022-10-05 09:33:56.482][D][LogManager.py(Init):12] LogManager Init function called !!!
[2022-10-05 09:33:56.509][I][AutoBaseFunction.py(wrapper):10] Screen.MainWindow : setupUi 실행 시작
[2022-10-05 09:33:56.509][I][AutoBaseFunction.py(wrapper):11] Parameter : 
[2022-10-05 09:33:56.514][I][AutoBaseFunction.py(wrapper):10] Screen.MainWindow : set_field 실행 시작
[2022-10-05 09:33:56.515][I][AutoBaseFunction.py(wrapper):11] Parameter : 
[2022-10-05 09:33:56.543][I][AutoBaseFunction.py(wrapper):17] Screen.MainWindow : set_field 실행 종료
[2022-10-05 09:33:56.544][I][AutoBaseFunction.py(wrapper):10] Screen.MainWindow : setWidget_func 실행 시작
[2022-10-05 09:33:56.544][I][AutoBaseFunction.py(wrapper):11] Parameter : 
[2022-10-05 09:33:56.545][I][AutoBaseFunction.py(wrapper):17] Screen.MainWindow : setWidget_func 실행 종료
[2022-10-05 09:33:56.547][I][AutoBaseFunction.py(wrapper):17] Screen.MainWindow : setupUi 실행 종료
[2022-10-05 09:33:56.554][I][AutoBaseFunction.py(wrapper):10] __main__ : __set_slot 실행 시작
[2022-10-05 09:33:56.555][I][AutoBaseFunction.py(wrapper):11] Parameter : 
[2022-10-05 09:33:56.555][I][AutoBaseFunction.py(wrapper):17] __main__ : __set_slot 실행 종료
[2022-10-05 09:33:56.556][I][AutoBaseFunction.py(wrapper):10] __main__ : __wigets_setupUi 실행 시작
[2022-10-05 09:33:56.556][I][AutoBaseFunction.py(wrapper):11] Parameter : 
[2022-10-05 09:33:56.556][I][AutoBaseFunction.py(wrapper):10] Screen.Setup_Language : setupUI_Language 실행 시작
[2022-10-05 09:33:56.557][I][AutoBaseFunction.py(wrapper):11] Parameter : 
[2022-10-05 09:33:56.557][I][AutoBaseFunction.py(wrapper):10] Screen.Setup_Language : sl_set_slot 실행 시작
[2022-10-05 09:33:56.558][I][AutoBaseFunction.py(wrapper):11] Parameter : 
[2022-10-05 09:33:56.558][I][AutoBaseFunction.py(wrapper):17] Screen.Setup_Language : sl_set_slot 실행 종료
[2022-10-05 09:33:56.559][I][AutoBaseFunction.py(wrapper):17] Screen.Setup_Language : setupUI_Language 실행 종료
[2022-10-05 09:33:56.559][I][AutoBaseFunction.py(wrapper):10] Screen.Menu_CreateExcel : setupUI_CreateExcel 실행 시작
[2022-10-05 09:33:56.559][I][AutoBaseFunction.py(wrapper):11] Parameter : 
[2022-10-05 09:33:56.563][I][AutoBaseFunction.py(wrapper):10] Screen.Menu_CreateExcel : new_excel_func 실행 시작
[2022-10-05 09:33:56.563][I][AutoBaseFunction.py(wrapper):11] Parameter : 
[2022-10-05 09:33:56.564][I][AutoBaseFunction.py(wrapper):17] Screen.Menu_CreateExcel : new_excel_func 실행 종료
[2022-10-05 09:33:56.564][I][AutoBaseFunction.py(wrapper):10] Screen.Menu_CreateExcel : set_excel_func 실행 시작
[2022-10-05 09:33:56.564][I][AutoBaseFunction.py(wrapper):11] Parameter : 
[2022-10-05 09:33:56.565][I][AutoBaseFunction.py(wrapper):17] Screen.Menu_CreateExcel : set_excel_func 실행 종료
[2022-10-05 09:33:56.565][I][AutoBaseFunction.py(wrapper):17] Screen.Menu_CreateExcel : setupUI_CreateExcel 실행 종료
[2022-10-05 09:33:56.566][I][AutoBaseFunction.py(wrapper):10] Screen.Setup_Field : setupUI_Field 실행 시작
[2022-10-05 09:33:56.566][I][AutoBaseFunction.py(wrapper):11] Parameter : 
[2022-10-05 09:33:56.568][I][AutoBaseFunction.py(wrapper):10] Screen.Setup_Field : set_data 실행 시작
[2022-10-05 09:33:56.568][I][AutoBaseFunction.py(wrapper):11] Parameter : 
[2022-10-05 09:33:56.568][I][AutoBaseFunction.py(wrapper):17] Screen.Setup_Field : set_data 실행 종료
[2022-10-05 09:33:56.818][I][AutoBaseFunction.py(wrapper):10] Screen.Setup_Field : set_data 실행 시작
[2022-10-05 09:33:56.819][I][AutoBaseFunction.py(wrapper):11] Parameter : 
[2022-10-05 09:33:56.820][I][AutoBaseFunction.py(wrapper):17] Screen.Setup_Field : set_data 실행 종료
[2022-10-05 09:33:56.821][I][AutoBaseFunction.py(wrapper):10] Screen.Setup_Field : set_data 실행 시작
[2022-10-05 09:33:56.821][I][AutoBaseFunction.py(wrapper):11] Parameter : 
[2022-10-05 09:33:56.822][I][AutoBaseFunction.py(wrapper):17] Screen.Setup_Field : set_data 실행 종료
[2022-10-05 09:33:56.822][I][AutoBaseFunction.py(wrapper):10] Screen.Setup_Field : set_data 실행 시작
[2022-10-05 09:33:56.823][I][AutoBaseFunction.py(wrapper):11] Parameter : 
[2022-10-05 09:33:56.823][I][AutoBaseFunction.py(wrapper):17] Screen.Setup_Field : set_data 실행 종료
[2022-10-05 09:33:56.824][I][AutoBaseFunction.py(wrapper):10] Screen.Setup_Field : set_data 실행 시작
[2022-10-05 09:33:56.824][I][AutoBaseFunction.py(wrapper):11] Parameter : 
[2022-10-05 09:33:56.825][I][AutoBaseFunction.py(wrapper):17] Screen.Setup_Field : set_data 실행 종료
[2022-10-05 09:33:56.825][I][AutoBaseFunction.py(wrapper):10] Screen.Setup_Field : set_data 실행 시작
[2022-10-05 09:33:56.825][I][AutoBaseFunction.py(wrapper):11] Parameter : 
[2022-10-05 09:33:56.825][I][AutoBaseFunction.py(wrapper):17] Screen.Setup_Field : set_data 실행 종료
[2022-10-05 09:33:56.826][I][AutoBaseFunction.py(wrapper):10] Screen.Setup_Field : sl_set_slot 실행 시작
[2022-10-05 09:33:56.826][I][AutoBaseFunction.py(wrapper):11] Parameter : 
[2022-10-05 09:33:56.826][I][AutoBaseFunction.py(wrapper):17] Screen.Setup_Field : sl_set_slot 실행 종료
[2022-10-05 09:33:56.826][I][AutoBaseFunction.py(wrapper):17] Screen.Setup_Field : setupUI_Field 실행 종료
[2022-10-05 09:33:56.827][I][AutoBaseFunction.py(wrapper):10] Screen.Setup_TestList : setupUI_TestList 실행 시작
[2022-10-05 09:33:56.827][I][AutoBaseFunction.py(wrapper):11] Parameter : 
[2022-10-05 09:33:56.831][I][AutoBaseFunction.py(wrapper):10] Screen.Setup_TestList : btn_set_slot 실행 시작
[2022-10-05 09:33:56.832][I][AutoBaseFunction.py(wrapper):11] Parameter : 
[2022-10-05 09:33:56.832][I][AutoBaseFunction.py(wrapper):17] Screen.Setup_TestList : btn_set_slot 실행 종료
[2022-10-05 09:33:56.832][I][AutoBaseFunction.py(wrapper):17] Screen.Setup_TestList : setupUI_TestList 실행 종료
[2022-10-05 09:33:56.832][I][AutoBaseFunction.py(wrapper):17] __main__ : __wigets_setupUi 실행 종료
[2022-10-05 09:33:58.213][I][AutoBaseFunction.py(wrapper):10] __main__ : __sl_ui 실행 시작
[2022-10-05 09:33:58.213][I][AutoBaseFunction.py(wrapper):11] Parameter : False
[2022-10-05 09:33:58.214][I][AutoBaseFunction.py(wrapper):10] Screen.Setup_Language : setLang_Button 실행 시작
[2022-10-05 09:33:58.214][I][AutoBaseFunction.py(wrapper):11] Parameter : 
[2022-10-05 09:33:58.218][I][AutoBaseFunction.py(wrapper):17] Screen.Setup_Language : setLang_Button 실행 종료
[2022-10-05 09:33:58.230][I][AutoBaseFunction.py(wrapper):17] __main__ : __sl_ui 실행 종료
