[2022-10-04 19:28:12.805][D][LogManager.py(Init):12] LogManager Init function called !!!
[2022-10-04 19:28:12.832][I][AutoBaseFunction.py(wrapper):10] Screen.MainWindow : setupUi 실행 시작
[2022-10-04 19:28:12.832][I][AutoBaseFunction.py(wrapper):11] Parameter : 
[2022-10-04 19:28:12.836][I][AutoBaseFunction.py(wrapper):10] Screen.MainWindow : set_field 실행 시작
[2022-10-04 19:28:12.836][I][AutoBaseFunction.py(wrapper):11] Parameter : 
[2022-10-04 19:28:12.873][I][AutoBaseFunction.py(wrapper):17] Screen.MainWindow : set_field 실행 종료
[2022-10-04 19:28:12.873][I][AutoBaseFunction.py(wrapper):10] Screen.MainWindow : setWidget_func 실행 시작
[2022-10-04 19:28:12.873][I][AutoBaseFunction.py(wrapper):11] Parameter : 
[2022-10-04 19:28:12.875][I][AutoBaseFunction.py(wrapper):17] Screen.MainWindow : setWidget_func 실행 종료
[2022-10-04 19:28:12.879][I][AutoBaseFunction.py(wrapper):17] Screen.MainWindow : setupUi 실행 종료
[2022-10-04 19:28:12.892][I][AutoBaseFunction.py(wrapper):10] __main__ : __set_slot 실행 시작
[2022-10-04 19:28:12.892][I][AutoBaseFunction.py(wrapper):11] Parameter : 
[2022-10-04 19:28:12.893][I][AutoBaseFunction.py(wrapper):17] __main__ : __set_slot 실행 종료
[2022-10-04 19:28:12.893][I][AutoBaseFunction.py(wrapper):10] __main__ : __wigets_setupUi 실행 시작
[2022-10-04 19:28:12.893][I][AutoBaseFunction.py(wrapper):11] Parameter : 
[2022-10-04 19:28:12.894][I][AutoBaseFunction.py(wrapper):10] Screen.Setup_Language : setupUI_Language 실행 시작
[2022-10-04 19:28:12.894][I][AutoBaseFunction.py(wrapper):11] Parameter : 
[2022-10-04 19:28:12.895][I][AutoBaseFunction.py(wrapper):10] Screen.Setup_Language : sl_set_slot 실행 시작
[2022-10-04 19:28:12.895][I][AutoBaseFunction.py(wrapper):11] Parameter : 
[2022-10-04 19:28:12.896][I][AutoBaseFunction.py(wrapper):17] Screen.Setup_Language : sl_set_slot 실행 종료
[2022-10-04 19:28:12.896][I][AutoBaseFunction.py(wrapper):17] Screen.Setup_Language : setupUI_Language 실행 종료
[2022-10-04 19:28:12.896][I][AutoBaseFunction.py(wrapper):10] Screen.Menu_CreateExcel : setupUI_CreateExcel 실행 시작
[2022-10-04 19:28:12.896][I][AutoBaseFunction.py(wrapper):11] Parameter : 
[2022-10-04 19:28:12.897][I][AutoBaseFunction.py(wrapper):10] Screen.Menu_CreateExcel : new_excel_func 실행 시작
[2022-10-04 19:28:12.898][I][AutoBaseFunction.py(wrapper):11] Parameter : 
[2022-10-04 19:28:12.898][I][AutoBaseFunction.py(wrapper):17] Screen.Menu_CreateExcel : new_excel_func 실행 종료
[2022-10-04 19:28:12.898][I][AutoBaseFunction.py(wrapper):10] Screen.Menu_CreateExcel : set_excel_func 실행 시작
[2022-10-04 19:28:12.899][I][AutoBaseFunction.py(wrapper):11] Parameter : 
[2022-10-04 19:28:12.899][I][AutoBaseFunction.py(wrapper):17] Screen.Menu_CreateExcel : set_excel_func 실행 종료
[2022-10-04 19:28:12.900][I][AutoBaseFunction.py(wrapper):17] Screen.Menu_CreateExcel : setupUI_CreateExcel 실행 종료
[2022-10-04 19:28:12.900][I][AutoBaseFunction.py(wrapper):10] Screen.Setup_Field : setupUI_Field 실행 시작
[2022-10-04 19:28:12.900][I][AutoBaseFunction.py(wrapper):11] Parameter : 
[2022-10-04 19:28:12.902][I][AutoBaseFunction.py(wrapper):10] Screen.Setup_Field : set_data 실행 시작
[2022-10-04 19:28:12.902][I][AutoBaseFunction.py(wrapper):11] Parameter : 
[2022-10-04 19:28:12.903][I][AutoBaseFunction.py(wrapper):17] Screen.Setup_Field : set_data 실행 종료
[2022-10-04 19:28:13.161][I][AutoBaseFunction.py(wrapper):10] Screen.Setup_Field : set_data 실행 시작
[2022-10-04 19:28:13.162][I][AutoBaseFunction.py(wrapper):11] Parameter : 
[2022-10-04 19:28:13.162][I][AutoBaseFunction.py(wrapper):17] Screen.Setup_Field : set_data 실행 종료
[2022-10-04 19:28:13.163][I][AutoBaseFunction.py(wrapper):10] Screen.Setup_Field : set_data 실행 시작
[2022-10-04 19:28:13.163][I][AutoBaseFunction.py(wrapper):11] Parameter : 
[2022-10-04 19:28:13.164][I][AutoBaseFunction.py(wrapper):17] Screen.Setup_Field : set_data 실행 종료
[2022-10-04 19:28:13.164][I][AutoBaseFunction.py(wrapper):10] Screen.Setup_Field : set_data 실행 시작
[2022-10-04 19:28:13.164][I][AutoBaseFunction.py(wrapper):11] Parameter : 
[2022-10-04 19:28:13.165][I][AutoBaseFunction.py(wrapper):17] Screen.Setup_Field : set_data 실행 종료
[2022-10-04 19:28:13.165][I][AutoBaseFunction.py(wrapper):10] Screen.Setup_Field : set_data 실행 시작
[2022-10-04 19:28:13.165][I][AutoBaseFunction.py(wrapper):11] Parameter : 
[2022-10-04 19:28:13.166][I][AutoBaseFunction.py(wrapper):17] Screen.Setup_Field : set_data 실행 종료
[2022-10-04 19:28:13.166][I][AutoBaseFunction.py(wrapper):10] Screen.Setup_Field : set_data 실행 시작
[2022-10-04 19:28:13.166][I][AutoBaseFunction.py(wrapper):11] Parameter : 
[2022-10-04 19:28:13.166][I][AutoBaseFunction.py(wrapper):17] Screen.Setup_Field : set_data 실행 종료
[2022-10-04 19:28:13.167][I][AutoBaseFunction.py(wrapper):10] Screen.Setup_Field : sl_set_slot 실행 시작
[2022-10-04 19:28:13.167][I][AutoBaseFunction.py(wrapper):11] Parameter : 
[2022-10-04 19:28:13.167][I][AutoBaseFunction.py(wrapper):17] Screen.Setup_Field : sl_set_slot 실행 종료
[2022-10-04 19:28:13.168][I][AutoBaseFunction.py(wrapper):17] Screen.Setup_Field : setupUI_Field 실행 종료
[2022-10-04 19:28:13.168][I][AutoBaseFunction.py(wrapper):10] Screen.Setup_TestList : setupUI_TestList 실행 시작
[2022-10-04 19:28:13.168][I][AutoBaseFunction.py(wrapper):11] Parameter : 
[2022-10-04 19:28:13.169][I][AutoBaseFunction.py(wrapper):10] Screen.Setup_TestList : btn_set_slot 실행 시작
[2022-10-04 19:28:13.170][I][AutoBaseFunction.py(wrapper):11] Parameter : 
[2022-10-04 19:28:13.170][I][AutoBaseFunction.py(wrapper):17] Screen.Setup_TestList : btn_set_slot 실행 종료
[2022-10-04 19:28:13.170][I][AutoBaseFunction.py(wrapper):17] Screen.Setup_TestList : setupUI_TestList 실행 종료
[2022-10-04 19:28:13.171][I][AutoBaseFunction.py(wrapper):17] __main__ : __wigets_setupUi 실행 종료
[2022-10-04 19:28:22.942][I][AutoBaseFunction.py(wrapper):10] Screen.MainWindow : update_open_menu 실행 시작
[2022-10-04 19:28:22.943][I][AutoBaseFunction.py(wrapper):11] Parameter : 
[2022-10-04 19:28:22.946][I][AutoBaseFunction.py(wrapper):17] Screen.MainWindow : update_open_menu 실행 종료
[2022-10-04 19:28:26.852][I][AutoBaseFunction.py(wrapper):10] __main__ : __ce_ui 실행 시작
[2022-10-04 19:28:26.852][I][AutoBaseFunction.py(wrapper):11] Parameter : False
[2022-10-04 19:28:26.875][I][AutoBaseFunction.py(wrapper):17] __main__ : __ce_ui 실행 종료
[2022-10-04 19:28:28.858][I][AutoBaseFunction.py(wrapper):10] Screen.Menu_CreateExcel : folder_toolButton_clicked 실행 시작
[2022-10-04 19:28:28.858][I][AutoBaseFunction.py(wrapper):11] Parameter : <PyQt5.QtWidgets.QLineEdit object at 0x000002B3A4CB34C8>, False
[2022-10-04 19:28:30.264][I][AutoBaseFunction.py(wrapper):17] Screen.Menu_CreateExcel : folder_toolButton_clicked 실행 종료
[2022-10-04 19:29:06.385][I][AutoBaseFunction.py(wrapper):10] Screen.Menu_CreateExcel : func_check 실행 시작
[2022-10-04 19:29:06.386][I][AutoBaseFunction.py(wrapper):11] Parameter : False
