[2022-10-04 18:58:16.249][D][LogManager.py(Init):12] LogManager Init function called !!!
[2022-10-04 18:58:16.274][I][AutoBaseFunction.py(wrapper):10] Screen.MainWindow : setupUi 실행 시작
[2022-10-04 18:58:16.275][I][AutoBaseFunction.py(wrapper):11] Parameter : 
[2022-10-04 18:58:16.278][I][AutoBaseFunction.py(wrapper):10] Screen.MainWindow : set_field 실행 시작
[2022-10-04 18:58:16.278][I][AutoBaseFunction.py(wrapper):11] Parameter : 
[2022-10-04 18:58:16.306][I][AutoBaseFunction.py(wrapper):17] Screen.MainWindow : set_field 실행 종료
[2022-10-04 18:58:16.307][I][AutoBaseFunction.py(wrapper):10] Screen.MainWindow : setWidget_func 실행 시작
[2022-10-04 18:58:16.307][I][AutoBaseFunction.py(wrapper):11] Parameter : 
[2022-10-04 18:58:16.309][I][AutoBaseFunction.py(wrapper):17] Screen.MainWindow : setWidget_func 실행 종료
[2022-10-04 18:58:16.311][I][AutoBaseFunction.py(wrapper):17] Screen.MainWindow : setupUi 실행 종료
[2022-10-04 18:58:16.324][I][AutoBaseFunction.py(wrapper):10] __main__ : __set_slot 실행 시작
[2022-10-04 18:58:16.325][I][AutoBaseFunction.py(wrapper):11] Parameter : 
[2022-10-04 18:58:16.325][I][AutoBaseFunction.py(wrapper):17] __main__ : __set_slot 실행 종료
[2022-10-04 18:58:16.325][I][AutoBaseFunction.py(wrapper):10] __main__ : __wigets_setupUi 실행 시작
[2022-10-04 18:58:16.326][I][AutoBaseFunction.py(wrapper):11] Parameter : 
[2022-10-04 18:58:16.326][I][AutoBaseFunction.py(wrapper):10] Screen.Setup_Language : setupUI_Language 실행 시작
[2022-10-04 18:58:16.326][I][AutoBaseFunction.py(wrapper):11] Parameter : 
[2022-10-04 18:58:16.327][I][AutoBaseFunction.py(wrapper):10] Screen.Setup_Language : sl_set_slot 실행 시작
[2022-10-04 18:58:16.327][I][AutoBaseFunction.py(wrapper):11] Parameter : 
[2022-10-04 18:58:16.328][I][AutoBaseFunction.py(wrapper):17] Screen.Setup_Language : sl_set_slot 실행 종료
[2022-10-04 18:58:16.328][I][AutoBaseFunction.py(wrapper):17] Screen.Setup_Language : setupUI_Language 실행 종료
[2022-10-04 18:58:16.328][I][AutoBaseFunction.py(wrapper):10] Screen.Menu_CreateExcel : setupUI_CreateExcel 실행 시작
[2022-10-04 18:58:16.328][I][AutoBaseFunction.py(wrapper):11] Parameter : 
[2022-10-04 18:58:16.329][I][AutoBaseFunction.py(wrapper):10] Screen.Menu_CreateExcel : new_excel_func 실행 시작
[2022-10-04 18:58:16.330][I][AutoBaseFunction.py(wrapper):11] Parameter : 
[2022-10-04 18:58:16.330][I][AutoBaseFunction.py(wrapper):17] Screen.Menu_CreateExcel : new_excel_func 실행 종료
[2022-10-04 18:58:16.330][I][AutoBaseFunction.py(wrapper):10] Screen.Menu_CreateExcel : set_excel_func 실행 시작
[2022-10-04 18:58:16.330][I][AutoBaseFunction.py(wrapper):11] Parameter : 
[2022-10-04 18:58:16.331][I][AutoBaseFunction.py(wrapper):17] Screen.Menu_CreateExcel : set_excel_func 실행 종료
[2022-10-04 18:58:16.331][I][AutoBaseFunction.py(wrapper):17] Screen.Menu_CreateExcel : setupUI_CreateExcel 실행 종료
[2022-10-04 18:58:16.332][I][AutoBaseFunction.py(wrapper):10] Screen.Setup_Field : setupUI_Field 실행 시작
[2022-10-04 18:58:16.332][I][AutoBaseFunction.py(wrapper):11] Parameter : 
[2022-10-04 18:58:16.335][I][AutoBaseFunction.py(wrapper):10] Screen.Setup_Field : set_data 실행 시작
[2022-10-04 18:58:16.335][I][AutoBaseFunction.py(wrapper):11] Parameter : 
[2022-10-04 18:58:16.336][I][AutoBaseFunction.py(wrapper):17] Screen.Setup_Field : set_data 실행 종료
[2022-10-04 18:58:16.575][I][AutoBaseFunction.py(wrapper):10] Screen.Setup_Field : set_data 실행 시작
[2022-10-04 18:58:16.576][I][AutoBaseFunction.py(wrapper):11] Parameter : 
[2022-10-04 18:58:16.576][I][AutoBaseFunction.py(wrapper):17] Screen.Setup_Field : set_data 실행 종료
[2022-10-04 18:58:16.577][I][AutoBaseFunction.py(wrapper):10] Screen.Setup_Field : set_data 실행 시작
[2022-10-04 18:58:16.577][I][AutoBaseFunction.py(wrapper):11] Parameter : 
[2022-10-04 18:58:16.578][I][AutoBaseFunction.py(wrapper):17] Screen.Setup_Field : set_data 실행 종료
[2022-10-04 18:58:16.578][I][AutoBaseFunction.py(wrapper):10] Screen.Setup_Field : set_data 실행 시작
[2022-10-04 18:58:16.578][I][AutoBaseFunction.py(wrapper):11] Parameter : 
[2022-10-04 18:58:16.579][I][AutoBaseFunction.py(wrapper):17] Screen.Setup_Field : set_data 실행 종료
[2022-10-04 18:58:16.579][I][AutoBaseFunction.py(wrapper):10] Screen.Setup_Field : set_data 실행 시작
[2022-10-04 18:58:16.579][I][AutoBaseFunction.py(wrapper):11] Parameter : 
[2022-10-04 18:58:16.580][I][AutoBaseFunction.py(wrapper):17] Screen.Setup_Field : set_data 실행 종료
[2022-10-04 18:58:16.580][I][AutoBaseFunction.py(wrapper):10] Screen.Setup_Field : set_data 실행 시작
[2022-10-04 18:58:16.580][I][AutoBaseFunction.py(wrapper):11] Parameter : 
[2022-10-04 18:58:16.580][I][AutoBaseFunction.py(wrapper):17] Screen.Setup_Field : set_data 실행 종료
[2022-10-04 18:58:16.581][I][AutoBaseFunction.py(wrapper):10] Screen.Setup_Field : sl_set_slot 실행 시작
[2022-10-04 18:58:16.581][I][AutoBaseFunction.py(wrapper):11] Parameter : 
[2022-10-04 18:58:16.581][I][AutoBaseFunction.py(wrapper):17] Screen.Setup_Field : sl_set_slot 실행 종료
[2022-10-04 18:58:16.582][I][AutoBaseFunction.py(wrapper):17] Screen.Setup_Field : setupUI_Field 실행 종료
[2022-10-04 18:58:16.582][I][AutoBaseFunction.py(wrapper):10] Screen.Setup_TestList : setupUI_TestList 실행 시작
[2022-10-04 18:58:16.582][I][AutoBaseFunction.py(wrapper):11] Parameter : 
[2022-10-04 18:58:16.583][I][AutoBaseFunction.py(wrapper):10] Screen.Setup_TestList : btn_set_slot 실행 시작
[2022-10-04 18:58:16.583][I][AutoBaseFunction.py(wrapper):11] Parameter : 
[2022-10-04 18:58:16.584][I][AutoBaseFunction.py(wrapper):17] Screen.Setup_TestList : btn_set_slot 실행 종료
[2022-10-04 18:58:16.584][I][AutoBaseFunction.py(wrapper):17] Screen.Setup_TestList : setupUI_TestList 실행 종료
[2022-10-04 18:58:16.584][I][AutoBaseFunction.py(wrapper):17] __main__ : __wigets_setupUi 실행 종료
[2022-10-04 18:58:17.768][I][AutoBaseFunction.py(wrapper):10] Screen.MainWindow : update_open_menu 실행 시작
[2022-10-04 18:58:17.768][I][AutoBaseFunction.py(wrapper):11] Parameter : 
[2022-10-04 18:58:17.770][I][AutoBaseFunction.py(wrapper):17] Screen.MainWindow : update_open_menu 실행 종료
[2022-10-04 18:58:18.460][I][AutoBaseFunction.py(wrapper):10] __main__ : __ce_ui 실행 시작
[2022-10-04 18:58:18.460][I][AutoBaseFunction.py(wrapper):11] Parameter : False
[2022-10-04 18:58:18.483][I][AutoBaseFunction.py(wrapper):17] __main__ : __ce_ui 실행 종료
[2022-10-04 18:58:20.356][I][AutoBaseFunction.py(wrapper):10] Screen.Menu_CreateExcel : folder_toolButton_clicked 실행 시작
[2022-10-04 18:58:20.356][I][AutoBaseFunction.py(wrapper):11] Parameter : <PyQt5.QtWidgets.QLineEdit object at 0x0000019EAE8331F8>, False
[2022-10-04 18:58:21.568][I][AutoBaseFunction.py(wrapper):17] Screen.Menu_CreateExcel : folder_toolButton_clicked 실행 종료
[2022-10-04 18:58:22.324][I][AutoBaseFunction.py(wrapper):10] Screen.Menu_CreateExcel : func_check 실행 시작
[2022-10-04 18:58:22.324][I][AutoBaseFunction.py(wrapper):11] Parameter : False
