[2022-10-04 17:41:23.550][D][LogManager.py(Init):12] LogManager Init function called !!!
[2022-10-04 17:41:23.766][I][AutoBaseFunction.py(wrapper):7] Screen.MainWindow : setupUi 실행 시작
[2022-10-04 17:41:23.766][I][AutoBaseFunction.py(wrapper):8] Parameter : 
[2022-10-04 17:41:23.770][I][AutoBaseFunction.py(wrapper):7] Screen.MainWindow : set_field 실행 시작
[2022-10-04 17:41:23.770][I][AutoBaseFunction.py(wrapper):8] Parameter : 
[2022-10-04 17:41:23.796][I][AutoBaseFunction.py(wrapper):14] Screen.MainWindow : set_field 실행 종료
[2022-10-04 17:41:23.797][I][AutoBaseFunction.py(wrapper):7] Screen.MainWindow : setWidget_func 실행 시작
[2022-10-04 17:41:23.797][I][AutoBaseFunction.py(wrapper):8] Parameter : 
[2022-10-04 17:41:23.799][I][AutoBaseFunction.py(wrapper):14] Screen.MainWindow : setWidget_func 실행 종료
[2022-10-04 17:41:23.801][I][AutoBaseFunction.py(wrapper):14] Screen.MainWindow : setupUi 실행 종료
[2022-10-04 17:41:23.807][I][AutoBaseFunction.py(wrapper):7] __main__ : __set_slot 실행 시작
[2022-10-04 17:41:23.808][I][AutoBaseFunction.py(wrapper):8] Parameter : 
[2022-10-04 17:41:23.808][I][AutoBaseFunction.py(wrapper):14] __main__ : __set_slot 실행 종료
[2022-10-04 17:41:23.809][I][AutoBaseFunction.py(wrapper):7] __main__ : __wigets_setupUi 실행 시작
[2022-10-04 17:41:23.809][I][AutoBaseFunction.py(wrapper):8] Parameter : 
[2022-10-04 17:41:23.809][I][AutoBaseFunction.py(wrapper):7] Screen.Setup_Language : setupUI_Language 실행 시작
[2022-10-04 17:41:23.809][I][AutoBaseFunction.py(wrapper):8] Parameter : 
[2022-10-04 17:41:23.810][I][AutoBaseFunction.py(wrapper):7] Screen.Setup_Language : sl_set_slot 실행 시작
[2022-10-04 17:41:23.811][I][AutoBaseFunction.py(wrapper):8] Parameter : 
[2022-10-04 17:41:23.811][I][AutoBaseFunction.py(wrapper):14] Screen.Setup_Language : sl_set_slot 실행 종료
[2022-10-04 17:41:23.811][I][AutoBaseFunction.py(wrapper):14] Screen.Setup_Language : setupUI_Language 실행 종료
[2022-10-04 17:41:23.812][I][AutoBaseFunction.py(wrapper):7] Screen.Menu_CreateExcel : setupUI_CreateExcel 실행 시작
[2022-10-04 17:41:23.812][I][AutoBaseFunction.py(wrapper):8] Parameter : 
[2022-10-04 17:41:23.813][I][AutoBaseFunction.py(wrapper):7] Screen.Menu_CreateExcel : new_excel_func 실행 시작
[2022-10-04 17:41:23.813][I][AutoBaseFunction.py(wrapper):8] Parameter : 
[2022-10-04 17:41:23.814][I][AutoBaseFunction.py(wrapper):14] Screen.Menu_CreateExcel : new_excel_func 실행 종료
[2022-10-04 17:41:23.814][I][AutoBaseFunction.py(wrapper):7] Screen.Menu_CreateExcel : set_excel_func 실행 시작
[2022-10-04 17:41:23.814][I][AutoBaseFunction.py(wrapper):8] Parameter : 
[2022-10-04 17:41:23.815][I][AutoBaseFunction.py(wrapper):14] Screen.Menu_CreateExcel : set_excel_func 실행 종료
[2022-10-04 17:41:23.816][I][AutoBaseFunction.py(wrapper):14] Screen.Menu_CreateExcel : setupUI_CreateExcel 실행 종료
[2022-10-04 17:41:23.816][I][AutoBaseFunction.py(wrapper):7] Screen.Setup_Field : setupUI_Field 실행 시작
[2022-10-04 17:41:23.816][I][AutoBaseFunction.py(wrapper):8] Parameter : 
[2022-10-04 17:41:23.819][I][AutoBaseFunction.py(wrapper):7] Screen.Setup_Field : set_data 실행 시작
[2022-10-04 17:41:23.819][I][AutoBaseFunction.py(wrapper):8] Parameter : 
[2022-10-04 17:41:23.820][I][AutoBaseFunction.py(wrapper):14] Screen.Setup_Field : set_data 실행 종료
[2022-10-04 17:41:24.110][I][AutoBaseFunction.py(wrapper):7] Screen.Setup_Field : set_data 실행 시작
[2022-10-04 17:41:24.110][I][AutoBaseFunction.py(wrapper):8] Parameter : 
[2022-10-04 17:41:24.111][I][AutoBaseFunction.py(wrapper):14] Screen.Setup_Field : set_data 실행 종료
[2022-10-04 17:41:24.111][I][AutoBaseFunction.py(wrapper):7] Screen.Setup_Field : set_data 실행 시작
[2022-10-04 17:41:24.112][I][AutoBaseFunction.py(wrapper):8] Parameter : 
[2022-10-04 17:41:24.112][I][AutoBaseFunction.py(wrapper):14] Screen.Setup_Field : set_data 실행 종료
[2022-10-04 17:41:24.113][I][AutoBaseFunction.py(wrapper):7] Screen.Setup_Field : set_data 실행 시작
[2022-10-04 17:41:24.113][I][AutoBaseFunction.py(wrapper):8] Parameter : 
[2022-10-04 17:41:24.114][I][AutoBaseFunction.py(wrapper):14] Screen.Setup_Field : set_data 실행 종료
[2022-10-04 17:41:24.114][I][AutoBaseFunction.py(wrapper):7] Screen.Setup_Field : set_data 실행 시작
[2022-10-04 17:41:24.114][I][AutoBaseFunction.py(wrapper):8] Parameter : 
[2022-10-04 17:41:24.115][I][AutoBaseFunction.py(wrapper):14] Screen.Setup_Field : set_data 실행 종료
[2022-10-04 17:41:24.115][I][AutoBaseFunction.py(wrapper):7] Screen.Setup_Field : set_data 실행 시작
[2022-10-04 17:41:24.115][I][AutoBaseFunction.py(wrapper):8] Parameter : 
[2022-10-04 17:41:24.115][I][AutoBaseFunction.py(wrapper):14] Screen.Setup_Field : set_data 실행 종료
[2022-10-04 17:41:24.116][I][AutoBaseFunction.py(wrapper):7] Screen.Setup_Field : sl_set_slot 실행 시작
[2022-10-04 17:41:24.116][I][AutoBaseFunction.py(wrapper):8] Parameter : 
[2022-10-04 17:41:24.116][I][AutoBaseFunction.py(wrapper):14] Screen.Setup_Field : sl_set_slot 실행 종료
[2022-10-04 17:41:24.117][I][AutoBaseFunction.py(wrapper):14] Screen.Setup_Field : setupUI_Field 실행 종료
[2022-10-04 17:41:24.117][I][AutoBaseFunction.py(wrapper):7] Screen.Setup_TestList : setupUI_TestList 실행 시작
[2022-10-04 17:41:24.117][I][AutoBaseFunction.py(wrapper):8] Parameter : 
[2022-10-04 17:41:24.118][I][AutoBaseFunction.py(wrapper):7] Screen.Setup_TestList : btn_set_slot 실행 시작
[2022-10-04 17:41:24.118][I][AutoBaseFunction.py(wrapper):8] Parameter : 
[2022-10-04 17:41:24.118][I][AutoBaseFunction.py(wrapper):14] Screen.Setup_TestList : btn_set_slot 실행 종료
[2022-10-04 17:41:24.119][I][AutoBaseFunction.py(wrapper):14] Screen.Setup_TestList : setupUI_TestList 실행 종료
[2022-10-04 17:41:24.119][I][AutoBaseFunction.py(wrapper):14] __main__ : __wigets_setupUi 실행 종료
[2022-10-04 17:41:25.400][I][AutoBaseFunction.py(wrapper):7] __main__ : __sl_ui 실행 시작
[2022-10-04 17:41:25.400][I][AutoBaseFunction.py(wrapper):8] Parameter : False
[2022-10-04 17:41:25.401][I][AutoBaseFunction.py(wrapper):7] Screen.Setup_Language : setLang_Button 실행 시작
[2022-10-04 17:41:25.401][I][AutoBaseFunction.py(wrapper):8] Parameter : 
[2022-10-04 17:41:25.405][I][AutoBaseFunction.py(wrapper):14] Screen.Setup_Language : setLang_Button 실행 종료
[2022-10-04 17:41:25.419][I][AutoBaseFunction.py(wrapper):14] __main__ : __sl_ui 실행 종료
[2022-10-04 17:41:26.287][I][AutoBaseFunction.py(wrapper):7] Screen.Setup_Language : ok_Button_clicked 실행 시작
[2022-10-04 17:41:26.288][I][AutoBaseFunction.py(wrapper):8] Parameter : False
[2022-10-04 17:41:26.369][I][AutoBaseFunction.py(wrapper):7] Screen.Setup_Language : closeEvent 실행 시작
[2022-10-04 17:41:26.370][I][AutoBaseFunction.py(wrapper):8] Parameter : <PyQt5.QtGui.QCloseEvent object at 0x0000023D49AFD558>
[2022-10-04 17:41:26.371][I][AutoBaseFunction.py(wrapper):14] Screen.Setup_Language : closeEvent 실행 종료
[2022-10-04 17:41:26.375][I][AutoBaseFunction.py(wrapper):14] Screen.Setup_Language : ok_Button_clicked 실행 종료
[2022-10-04 17:41:27.266][I][AutoBaseFunction.py(wrapper):7] Screen.MainWindow : update_open_menu 실행 시작
[2022-10-04 17:41:27.266][I][AutoBaseFunction.py(wrapper):8] Parameter : 
[2022-10-04 17:41:27.268][I][AutoBaseFunction.py(wrapper):14] Screen.MainWindow : update_open_menu 실행 종료
[2022-10-04 17:41:28.424][I][AutoBaseFunction.py(wrapper):7] Screen.MainWindow : show_imgList 실행 시작
[2022-10-04 17:41:28.424][I][AutoBaseFunction.py(wrapper):8] Parameter : ('한국어', 'D:/test/TestList_CSV/2022_skillup-master'), True, True
[2022-10-04 17:41:28.481][I][AutoBaseFunction.py(wrapper):7] Screen.MainWindow : qbutton_clicked 실행 시작
[2022-10-04 17:41:28.482][I][AutoBaseFunction.py(wrapper):8] Parameter : None, 0, <Screen.MainWindow.QPushButtonIcon object at 0x0000023D49B3A828>, False
[2022-10-04 17:41:28.539][I][AutoBaseFunction.py(wrapper):14] Screen.MainWindow : qbutton_clicked 실행 종료
[2022-10-04 17:41:28.540][I][AutoBaseFunction.py(wrapper):14] Screen.MainWindow : show_imgList 실행 종료
[2022-10-04 17:41:29.878][I][AutoBaseFunction.py(wrapper):7] Screen.MainWindow : allFail_clicked 실행 시작
[2022-10-04 17:41:29.878][I][AutoBaseFunction.py(wrapper):8] Parameter : False
[2022-10-04 17:41:29.879][I][AutoBaseFunction.py(wrapper):14] Screen.MainWindow : allFail_clicked 실행 종료
[2022-10-04 17:41:31.711][I][AutoBaseFunction.py(wrapper):7] Screen.MainWindow : btn_onClicked 실행 시작
[2022-10-04 17:41:31.711][I][AutoBaseFunction.py(wrapper):8] Parameter : True
