[2022-10-04 19:45:06.065][D][LogManager.py(Init):12] LogManager Init function called !!!
[2022-10-04 19:45:06.094][I][AutoBaseFunction.py(wrapper):10] Screen.MainWindow : setupUi 실행 시작
[2022-10-04 19:45:06.094][I][AutoBaseFunction.py(wrapper):11] Parameter : 
[2022-10-04 19:45:06.098][I][AutoBaseFunction.py(wrapper):10] Screen.MainWindow : set_field 실행 시작
[2022-10-04 19:45:06.099][I][AutoBaseFunction.py(wrapper):11] Parameter : 
[2022-10-04 19:45:06.145][I][AutoBaseFunction.py(wrapper):17] Screen.MainWindow : set_field 실행 종료
[2022-10-04 19:45:06.146][I][AutoBaseFunction.py(wrapper):10] Screen.MainWindow : setWidget_func 실행 시작
[2022-10-04 19:45:06.146][I][AutoBaseFunction.py(wrapper):11] Parameter : 
[2022-10-04 19:45:06.148][I][AutoBaseFunction.py(wrapper):17] Screen.MainWindow : setWidget_func 실행 종료
[2022-10-04 19:45:06.151][I][AutoBaseFunction.py(wrapper):17] Screen.MainWindow : setupUi 실행 종료
[2022-10-04 19:45:06.164][I][AutoBaseFunction.py(wrapper):10] __main__ : __set_slot 실행 시작
[2022-10-04 19:45:06.164][I][AutoBaseFunction.py(wrapper):11] Parameter : 
[2022-10-04 19:45:06.164][I][AutoBaseFunction.py(wrapper):17] __main__ : __set_slot 실행 종료
[2022-10-04 19:45:06.164][I][AutoBaseFunction.py(wrapper):10] __main__ : __wigets_setupUi 실행 시작
[2022-10-04 19:45:06.165][I][AutoBaseFunction.py(wrapper):11] Parameter : 
[2022-10-04 19:45:06.165][I][AutoBaseFunction.py(wrapper):10] Screen.Setup_Language : setupUI_Language 실행 시작
[2022-10-04 19:45:06.165][I][AutoBaseFunction.py(wrapper):11] Parameter : 
[2022-10-04 19:45:06.166][I][AutoBaseFunction.py(wrapper):10] Screen.Setup_Language : sl_set_slot 실행 시작
[2022-10-04 19:45:06.166][I][AutoBaseFunction.py(wrapper):11] Parameter : 
[2022-10-04 19:45:06.166][I][AutoBaseFunction.py(wrapper):17] Screen.Setup_Language : sl_set_slot 실행 종료
[2022-10-04 19:45:06.167][I][AutoBaseFunction.py(wrapper):17] Screen.Setup_Language : setupUI_Language 실행 종료
[2022-10-04 19:45:06.167][I][AutoBaseFunction.py(wrapper):10] Screen.Menu_CreateExcel : setupUI_CreateExcel 실행 시작
[2022-10-04 19:45:06.167][I][AutoBaseFunction.py(wrapper):11] Parameter : 
[2022-10-04 19:45:06.169][I][AutoBaseFunction.py(wrapper):10] Screen.Menu_CreateExcel : new_excel_func 실행 시작
[2022-10-04 19:45:06.169][I][AutoBaseFunction.py(wrapper):11] Parameter : 
[2022-10-04 19:45:06.169][I][AutoBaseFunction.py(wrapper):17] Screen.Menu_CreateExcel : new_excel_func 실행 종료
[2022-10-04 19:45:06.170][I][AutoBaseFunction.py(wrapper):10] Screen.Menu_CreateExcel : set_excel_func 실행 시작
[2022-10-04 19:45:06.170][I][AutoBaseFunction.py(wrapper):11] Parameter : 
[2022-10-04 19:45:06.170][I][AutoBaseFunction.py(wrapper):17] Screen.Menu_CreateExcel : set_excel_func 실행 종료
[2022-10-04 19:45:06.171][I][AutoBaseFunction.py(wrapper):17] Screen.Menu_CreateExcel : setupUI_CreateExcel 실행 종료
[2022-10-04 19:45:06.171][I][AutoBaseFunction.py(wrapper):10] Screen.Setup_Field : setupUI_Field 실행 시작
[2022-10-04 19:45:06.171][I][AutoBaseFunction.py(wrapper):11] Parameter : 
[2022-10-04 19:45:06.173][I][AutoBaseFunction.py(wrapper):10] Screen.Setup_Field : set_data 실행 시작
[2022-10-04 19:45:06.174][I][AutoBaseFunction.py(wrapper):11] Parameter : 
[2022-10-04 19:45:06.174][I][AutoBaseFunction.py(wrapper):17] Screen.Setup_Field : set_data 실행 종료
[2022-10-04 19:45:06.413][I][AutoBaseFunction.py(wrapper):10] Screen.Setup_Field : set_data 실행 시작
[2022-10-04 19:45:06.414][I][AutoBaseFunction.py(wrapper):11] Parameter : 
[2022-10-04 19:45:06.414][I][AutoBaseFunction.py(wrapper):17] Screen.Setup_Field : set_data 실행 종료
[2022-10-04 19:45:06.415][I][AutoBaseFunction.py(wrapper):10] Screen.Setup_Field : set_data 실행 시작
[2022-10-04 19:45:06.415][I][AutoBaseFunction.py(wrapper):11] Parameter : 
[2022-10-04 19:45:06.416][I][AutoBaseFunction.py(wrapper):17] Screen.Setup_Field : set_data 실행 종료
[2022-10-04 19:45:06.416][I][AutoBaseFunction.py(wrapper):10] Screen.Setup_Field : set_data 실행 시작
[2022-10-04 19:45:06.417][I][AutoBaseFunction.py(wrapper):11] Parameter : 
[2022-10-04 19:45:06.417][I][AutoBaseFunction.py(wrapper):17] Screen.Setup_Field : set_data 실행 종료
[2022-10-04 19:45:06.417][I][AutoBaseFunction.py(wrapper):10] Screen.Setup_Field : set_data 실행 시작
[2022-10-04 19:45:06.417][I][AutoBaseFunction.py(wrapper):11] Parameter : 
[2022-10-04 19:45:06.418][I][AutoBaseFunction.py(wrapper):17] Screen.Setup_Field : set_data 실행 종료
[2022-10-04 19:45:06.418][I][AutoBaseFunction.py(wrapper):10] Screen.Setup_Field : set_data 실행 시작
[2022-10-04 19:45:06.418][I][AutoBaseFunction.py(wrapper):11] Parameter : 
[2022-10-04 19:45:06.419][I][AutoBaseFunction.py(wrapper):17] Screen.Setup_Field : set_data 실행 종료
[2022-10-04 19:45:06.419][I][AutoBaseFunction.py(wrapper):10] Screen.Setup_Field : sl_set_slot 실행 시작
[2022-10-04 19:45:06.419][I][AutoBaseFunction.py(wrapper):11] Parameter : 
[2022-10-04 19:45:06.419][I][AutoBaseFunction.py(wrapper):17] Screen.Setup_Field : sl_set_slot 실행 종료
[2022-10-04 19:45:06.420][I][AutoBaseFunction.py(wrapper):17] Screen.Setup_Field : setupUI_Field 실행 종료
[2022-10-04 19:45:06.420][I][AutoBaseFunction.py(wrapper):10] Screen.Setup_TestList : setupUI_TestList 실행 시작
[2022-10-04 19:45:06.420][I][AutoBaseFunction.py(wrapper):11] Parameter : 
[2022-10-04 19:45:06.421][I][AutoBaseFunction.py(wrapper):10] Screen.Setup_TestList : btn_set_slot 실행 시작
[2022-10-04 19:45:06.421][I][AutoBaseFunction.py(wrapper):11] Parameter : 
[2022-10-04 19:45:06.421][I][AutoBaseFunction.py(wrapper):17] Screen.Setup_TestList : btn_set_slot 실행 종료
[2022-10-04 19:45:06.422][I][AutoBaseFunction.py(wrapper):17] Screen.Setup_TestList : setupUI_TestList 실행 종료
[2022-10-04 19:45:06.422][I][AutoBaseFunction.py(wrapper):17] __main__ : __wigets_setupUi 실행 종료
[2022-10-04 19:45:08.183][I][AutoBaseFunction.py(wrapper):10] Screen.MainWindow : update_open_menu 실행 시작
[2022-10-04 19:45:08.183][I][AutoBaseFunction.py(wrapper):11] Parameter : 
[2022-10-04 19:45:08.186][I][AutoBaseFunction.py(wrapper):17] Screen.MainWindow : update_open_menu 실행 종료
[2022-10-04 19:45:08.742][I][AutoBaseFunction.py(wrapper):10] __main__ : __ce_ui 실행 시작
[2022-10-04 19:45:08.742][I][AutoBaseFunction.py(wrapper):11] Parameter : False
[2022-10-04 19:45:08.764][I][AutoBaseFunction.py(wrapper):17] __main__ : __ce_ui 실행 종료
[2022-10-04 19:45:10.949][I][AutoBaseFunction.py(wrapper):10] Screen.Menu_CreateExcel : folder_toolButton_clicked 실행 시작
[2022-10-04 19:45:10.949][I][AutoBaseFunction.py(wrapper):11] Parameter : <PyQt5.QtWidgets.QLineEdit object at 0x0000027B228B5438>, False
[2022-10-04 19:45:12.071][I][AutoBaseFunction.py(wrapper):17] Screen.Menu_CreateExcel : folder_toolButton_clicked 실행 종료
[2022-10-04 19:45:13.923][I][AutoBaseFunction.py(wrapper):10] Screen.Menu_CreateExcel : func_check 실행 시작
[2022-10-04 19:45:13.923][I][AutoBaseFunction.py(wrapper):11] Parameter : False
[2022-10-04 19:45:14.025][I][AutoBaseFunction.py(wrapper):17] Screen.Menu_CreateExcel : func_check 실행 종료
[2022-10-04 19:53:08.217][I][AutoBaseFunction.py(wrapper):10] Screen.MainWindow : closeEvent 실행 시작
[2022-10-04 19:53:08.217][I][AutoBaseFunction.py(wrapper):11] Parameter : <PyQt5.QtGui.QCloseEvent object at 0x0000027B27267438>
