[2022-10-04 17:24:25.791][D][LogManager.py(Init):12] LogManager Init function called !!!
[2022-10-04 17:24:25.823][I][AutoBaseFunction.py(wrapper):7] Screen.MainWindow : setupUi 실행 시작
[2022-10-04 17:24:25.823][I][AutoBaseFunction.py(wrapper):8] Parameter : 
[2022-10-04 17:24:25.826][I][AutoBaseFunction.py(wrapper):7] Screen.MainWindow : set_field 실행 시작
[2022-10-04 17:24:25.827][I][AutoBaseFunction.py(wrapper):8] Parameter : 
[2022-10-04 17:24:25.858][I][AutoBaseFunction.py(wrapper):14] Screen.MainWindow : set_field 실행 종료
[2022-10-04 17:24:25.858][I][AutoBaseFunction.py(wrapper):7] Screen.MainWindow : setWidget_func 실행 시작
[2022-10-04 17:24:25.859][I][AutoBaseFunction.py(wrapper):8] Parameter : 
[2022-10-04 17:24:25.862][I][AutoBaseFunction.py(wrapper):14] Screen.MainWindow : setWidget_func 실행 종료
[2022-10-04 17:24:25.865][I][AutoBaseFunction.py(wrapper):14] Screen.MainWindow : setupUi 실행 종료
[2022-10-04 17:24:25.875][I][AutoBaseFunction.py(wrapper):7] __main__ : __set_slot 실행 시작
[2022-10-04 17:24:25.875][I][AutoBaseFunction.py(wrapper):8] Parameter : 
[2022-10-04 17:24:25.876][I][AutoBaseFunction.py(wrapper):14] __main__ : __set_slot 실행 종료
[2022-10-04 17:24:25.876][I][AutoBaseFunction.py(wrapper):7] __main__ : __wigets_setupUi 실행 시작
[2022-10-04 17:24:25.877][I][AutoBaseFunction.py(wrapper):8] Parameter : 
[2022-10-04 17:24:25.877][I][AutoBaseFunction.py(wrapper):7] Screen.Setup_Language : setupUI_Language 실행 시작
[2022-10-04 17:24:25.877][I][AutoBaseFunction.py(wrapper):8] Parameter : 
[2022-10-04 17:24:25.878][I][AutoBaseFunction.py(wrapper):7] Screen.Setup_Language : sl_set_slot 실행 시작
[2022-10-04 17:24:25.878][I][AutoBaseFunction.py(wrapper):8] Parameter : 
[2022-10-04 17:24:25.879][I][AutoBaseFunction.py(wrapper):14] Screen.Setup_Language : sl_set_slot 실행 종료
[2022-10-04 17:24:25.879][I][AutoBaseFunction.py(wrapper):14] Screen.Setup_Language : setupUI_Language 실행 종료
[2022-10-04 17:24:25.879][I][AutoBaseFunction.py(wrapper):7] Screen.Menu_CreateExcel : setupUI_CreateExcel 실행 시작
[2022-10-04 17:24:25.880][I][AutoBaseFunction.py(wrapper):8] Parameter : 
[2022-10-04 17:24:25.881][I][AutoBaseFunction.py(wrapper):7] Screen.Menu_CreateExcel : new_excel_func 실행 시작
[2022-10-04 17:24:25.881][I][AutoBaseFunction.py(wrapper):8] Parameter : 
[2022-10-04 17:24:25.881][I][AutoBaseFunction.py(wrapper):14] Screen.Menu_CreateExcel : new_excel_func 실행 종료
[2022-10-04 17:24:25.882][I][AutoBaseFunction.py(wrapper):7] Screen.Menu_CreateExcel : set_excel_func 실행 시작
[2022-10-04 17:24:25.882][I][AutoBaseFunction.py(wrapper):8] Parameter : 
[2022-10-04 17:24:25.882][I][AutoBaseFunction.py(wrapper):14] Screen.Menu_CreateExcel : set_excel_func 실행 종료
[2022-10-04 17:24:25.883][I][AutoBaseFunction.py(wrapper):14] Screen.Menu_CreateExcel : setupUI_CreateExcel 실행 종료
[2022-10-04 17:24:25.883][I][AutoBaseFunction.py(wrapper):7] Screen.Setup_Field : setupUI_Field 실행 시작
[2022-10-04 17:24:25.883][I][AutoBaseFunction.py(wrapper):8] Parameter : 
[2022-10-04 17:24:25.885][I][AutoBaseFunction.py(wrapper):7] Screen.Setup_Field : set_data 실행 시작
[2022-10-04 17:24:25.885][I][AutoBaseFunction.py(wrapper):8] Parameter : 
[2022-10-04 17:24:25.886][I][AutoBaseFunction.py(wrapper):14] Screen.Setup_Field : set_data 실행 종료
[2022-10-04 17:24:26.133][I][AutoBaseFunction.py(wrapper):7] Screen.Setup_Field : set_data 실행 시작
[2022-10-04 17:24:26.133][I][AutoBaseFunction.py(wrapper):8] Parameter : 
[2022-10-04 17:24:26.134][I][AutoBaseFunction.py(wrapper):14] Screen.Setup_Field : set_data 실행 종료
[2022-10-04 17:24:26.135][I][AutoBaseFunction.py(wrapper):7] Screen.Setup_Field : set_data 실행 시작
[2022-10-04 17:24:26.135][I][AutoBaseFunction.py(wrapper):8] Parameter : 
[2022-10-04 17:24:26.136][I][AutoBaseFunction.py(wrapper):14] Screen.Setup_Field : set_data 실행 종료
[2022-10-04 17:24:26.136][I][AutoBaseFunction.py(wrapper):7] Screen.Setup_Field : set_data 실행 시작
[2022-10-04 17:24:26.137][I][AutoBaseFunction.py(wrapper):8] Parameter : 
[2022-10-04 17:24:26.137][I][AutoBaseFunction.py(wrapper):14] Screen.Setup_Field : set_data 실행 종료
[2022-10-04 17:24:26.137][I][AutoBaseFunction.py(wrapper):7] Screen.Setup_Field : set_data 실행 시작
[2022-10-04 17:24:26.137][I][AutoBaseFunction.py(wrapper):8] Parameter : 
[2022-10-04 17:24:26.138][I][AutoBaseFunction.py(wrapper):14] Screen.Setup_Field : set_data 실행 종료
[2022-10-04 17:24:26.138][I][AutoBaseFunction.py(wrapper):7] Screen.Setup_Field : set_data 실행 시작
[2022-10-04 17:24:26.138][I][AutoBaseFunction.py(wrapper):8] Parameter : 
[2022-10-04 17:24:26.138][I][AutoBaseFunction.py(wrapper):14] Screen.Setup_Field : set_data 실행 종료
[2022-10-04 17:24:26.139][I][AutoBaseFunction.py(wrapper):7] Screen.Setup_Field : sl_set_slot 실행 시작
[2022-10-04 17:24:26.139][I][AutoBaseFunction.py(wrapper):8] Parameter : 
[2022-10-04 17:24:26.139][I][AutoBaseFunction.py(wrapper):14] Screen.Setup_Field : sl_set_slot 실행 종료
[2022-10-04 17:24:26.139][I][AutoBaseFunction.py(wrapper):14] Screen.Setup_Field : setupUI_Field 실행 종료
[2022-10-04 17:24:26.140][I][AutoBaseFunction.py(wrapper):7] Screen.Setup_TestList : setupUI_TestList 실행 시작
[2022-10-04 17:24:26.140][I][AutoBaseFunction.py(wrapper):8] Parameter : 
[2022-10-04 17:24:26.141][I][AutoBaseFunction.py(wrapper):7] Screen.Setup_TestList : btn_set_slot 실행 시작
[2022-10-04 17:24:26.141][I][AutoBaseFunction.py(wrapper):8] Parameter : 
[2022-10-04 17:24:26.141][I][AutoBaseFunction.py(wrapper):14] Screen.Setup_TestList : btn_set_slot 실행 종료
[2022-10-04 17:24:26.141][I][AutoBaseFunction.py(wrapper):14] Screen.Setup_TestList : setupUI_TestList 실행 종료
[2022-10-04 17:24:26.142][I][AutoBaseFunction.py(wrapper):14] __main__ : __wigets_setupUi 실행 종료
[2022-10-04 17:24:27.271][I][AutoBaseFunction.py(wrapper):7] __main__ : __sl_ui 실행 시작
[2022-10-04 17:24:27.271][I][AutoBaseFunction.py(wrapper):8] Parameter : False
[2022-10-04 17:24:27.272][I][AutoBaseFunction.py(wrapper):7] Screen.Setup_Language : setLang_Button 실행 시작
[2022-10-04 17:24:27.272][I][AutoBaseFunction.py(wrapper):8] Parameter : 
[2022-10-04 17:24:27.275][I][AutoBaseFunction.py(wrapper):14] Screen.Setup_Language : setLang_Button 실행 종료
[2022-10-04 17:24:27.288][I][AutoBaseFunction.py(wrapper):14] __main__ : __sl_ui 실행 종료
[2022-10-04 17:24:28.197][I][AutoBaseFunction.py(wrapper):7] Screen.Setup_Language : keyPressEvent 실행 시작
[2022-10-04 17:24:28.198][I][AutoBaseFunction.py(wrapper):8] Parameter : <PyQt5.QtGui.QKeyEvent object at 0x000001698E8CD438>
[2022-10-04 17:24:28.198][I][AutoBaseFunction.py(wrapper):7] Screen.Setup_Language : ok_Button_clicked 실행 시작
[2022-10-04 17:24:28.198][I][AutoBaseFunction.py(wrapper):8] Parameter : 
