[2022-10-04 19:17:42.425][D][LogManager.py(Init):12] LogManager Init function called !!!
[2022-10-04 19:17:42.461][I][AutoBaseFunction.py(wrapper):10] Screen.MainWindow : setupUi 실행 시작
[2022-10-04 19:17:42.462][I][AutoBaseFunction.py(wrapper):11] Parameter : 
[2022-10-04 19:17:42.465][I][AutoBaseFunction.py(wrapper):10] Screen.MainWindow : set_field 실행 시작
[2022-10-04 19:17:42.466][I][AutoBaseFunction.py(wrapper):11] Parameter : 
[2022-10-04 19:17:42.513][I][AutoBaseFunction.py(wrapper):17] Screen.MainWindow : set_field 실행 종료
[2022-10-04 19:17:42.514][I][AutoBaseFunction.py(wrapper):10] Screen.MainWindow : setWidget_func 실행 시작
[2022-10-04 19:17:42.514][I][AutoBaseFunction.py(wrapper):11] Parameter : 
[2022-10-04 19:17:42.516][I][AutoBaseFunction.py(wrapper):17] Screen.MainWindow : setWidget_func 실행 종료
[2022-10-04 19:17:42.519][I][AutoBaseFunction.py(wrapper):17] Screen.MainWindow : setupUi 실행 종료
[2022-10-04 19:17:42.532][I][AutoBaseFunction.py(wrapper):10] __main__ : __set_slot 실행 시작
[2022-10-04 19:17:42.532][I][AutoBaseFunction.py(wrapper):11] Parameter : 
[2022-10-04 19:17:42.533][I][AutoBaseFunction.py(wrapper):17] __main__ : __set_slot 실행 종료
[2022-10-04 19:17:42.533][I][AutoBaseFunction.py(wrapper):10] __main__ : __wigets_setupUi 실행 시작
[2022-10-04 19:17:42.533][I][AutoBaseFunction.py(wrapper):11] Parameter : 
[2022-10-04 19:17:42.534][I][AutoBaseFunction.py(wrapper):10] Screen.Setup_Language : setupUI_Language 실행 시작
[2022-10-04 19:17:42.534][I][AutoBaseFunction.py(wrapper):11] Parameter : 
[2022-10-04 19:17:42.535][I][AutoBaseFunction.py(wrapper):10] Screen.Setup_Language : sl_set_slot 실행 시작
[2022-10-04 19:17:42.535][I][AutoBaseFunction.py(wrapper):11] Parameter : 
[2022-10-04 19:17:42.535][I][AutoBaseFunction.py(wrapper):17] Screen.Setup_Language : sl_set_slot 실행 종료
[2022-10-04 19:17:42.536][I][AutoBaseFunction.py(wrapper):17] Screen.Setup_Language : setupUI_Language 실행 종료
[2022-10-04 19:17:42.536][I][AutoBaseFunction.py(wrapper):10] Screen.Menu_CreateExcel : setupUI_CreateExcel 실행 시작
[2022-10-04 19:17:42.536][I][AutoBaseFunction.py(wrapper):11] Parameter : 
[2022-10-04 19:17:42.537][I][AutoBaseFunction.py(wrapper):10] Screen.Menu_CreateExcel : new_excel_func 실행 시작
[2022-10-04 19:17:42.538][I][AutoBaseFunction.py(wrapper):11] Parameter : 
[2022-10-04 19:17:42.538][I][AutoBaseFunction.py(wrapper):17] Screen.Menu_CreateExcel : new_excel_func 실행 종료
[2022-10-04 19:17:42.538][I][AutoBaseFunction.py(wrapper):10] Screen.Menu_CreateExcel : set_excel_func 실행 시작
[2022-10-04 19:17:42.538][I][AutoBaseFunction.py(wrapper):11] Parameter : 
[2022-10-04 19:17:42.539][I][AutoBaseFunction.py(wrapper):17] Screen.Menu_CreateExcel : set_excel_func 실행 종료
[2022-10-04 19:17:42.539][I][AutoBaseFunction.py(wrapper):17] Screen.Menu_CreateExcel : setupUI_CreateExcel 실행 종료
[2022-10-04 19:17:42.540][I][AutoBaseFunction.py(wrapper):10] Screen.Setup_Field : setupUI_Field 실행 시작
[2022-10-04 19:17:42.540][I][AutoBaseFunction.py(wrapper):11] Parameter : 
[2022-10-04 19:17:42.541][I][AutoBaseFunction.py(wrapper):10] Screen.Setup_Field : set_data 실행 시작
[2022-10-04 19:17:42.542][I][AutoBaseFunction.py(wrapper):11] Parameter : 
[2022-10-04 19:17:42.542][I][AutoBaseFunction.py(wrapper):17] Screen.Setup_Field : set_data 실행 종료
[2022-10-04 19:17:42.792][I][AutoBaseFunction.py(wrapper):10] Screen.Setup_Field : set_data 실행 시작
[2022-10-04 19:17:42.792][I][AutoBaseFunction.py(wrapper):11] Parameter : 
[2022-10-04 19:17:42.793][I][AutoBaseFunction.py(wrapper):17] Screen.Setup_Field : set_data 실행 종료
[2022-10-04 19:17:42.793][I][AutoBaseFunction.py(wrapper):10] Screen.Setup_Field : set_data 실행 시작
[2022-10-04 19:17:42.794][I][AutoBaseFunction.py(wrapper):11] Parameter : 
[2022-10-04 19:17:42.794][I][AutoBaseFunction.py(wrapper):17] Screen.Setup_Field : set_data 실행 종료
[2022-10-04 19:17:42.794][I][AutoBaseFunction.py(wrapper):10] Screen.Setup_Field : set_data 실행 시작
[2022-10-04 19:17:42.795][I][AutoBaseFunction.py(wrapper):11] Parameter : 
[2022-10-04 19:17:42.795][I][AutoBaseFunction.py(wrapper):17] Screen.Setup_Field : set_data 실행 종료
[2022-10-04 19:17:42.795][I][AutoBaseFunction.py(wrapper):10] Screen.Setup_Field : set_data 실행 시작
[2022-10-04 19:17:42.795][I][AutoBaseFunction.py(wrapper):11] Parameter : 
[2022-10-04 19:17:42.796][I][AutoBaseFunction.py(wrapper):17] Screen.Setup_Field : set_data 실행 종료
[2022-10-04 19:17:42.796][I][AutoBaseFunction.py(wrapper):10] Screen.Setup_Field : set_data 실행 시작
[2022-10-04 19:17:42.796][I][AutoBaseFunction.py(wrapper):11] Parameter : 
[2022-10-04 19:17:42.797][I][AutoBaseFunction.py(wrapper):17] Screen.Setup_Field : set_data 실행 종료
[2022-10-04 19:17:42.797][I][AutoBaseFunction.py(wrapper):10] Screen.Setup_Field : sl_set_slot 실행 시작
[2022-10-04 19:17:42.798][I][AutoBaseFunction.py(wrapper):11] Parameter : 
[2022-10-04 19:17:42.799][I][AutoBaseFunction.py(wrapper):17] Screen.Setup_Field : sl_set_slot 실행 종료
[2022-10-04 19:17:42.799][I][AutoBaseFunction.py(wrapper):17] Screen.Setup_Field : setupUI_Field 실행 종료
[2022-10-04 19:17:42.799][I][AutoBaseFunction.py(wrapper):10] Screen.Setup_TestList : setupUI_TestList 실행 시작
[2022-10-04 19:17:42.800][I][AutoBaseFunction.py(wrapper):11] Parameter : 
[2022-10-04 19:17:42.801][I][AutoBaseFunction.py(wrapper):10] Screen.Setup_TestList : btn_set_slot 실행 시작
[2022-10-04 19:17:42.801][I][AutoBaseFunction.py(wrapper):11] Parameter : 
[2022-10-04 19:17:42.802][I][AutoBaseFunction.py(wrapper):17] Screen.Setup_TestList : btn_set_slot 실행 종료
[2022-10-04 19:17:42.802][I][AutoBaseFunction.py(wrapper):17] Screen.Setup_TestList : setupUI_TestList 실행 종료
[2022-10-04 19:17:42.802][I][AutoBaseFunction.py(wrapper):17] __main__ : __wigets_setupUi 실행 종료
[2022-10-04 19:17:44.017][I][AutoBaseFunction.py(wrapper):10] Screen.MainWindow : update_open_menu 실행 시작
[2022-10-04 19:17:44.017][I][AutoBaseFunction.py(wrapper):11] Parameter : 
[2022-10-04 19:17:44.019][I][AutoBaseFunction.py(wrapper):17] Screen.MainWindow : update_open_menu 실행 종료
[2022-10-04 19:17:44.566][I][AutoBaseFunction.py(wrapper):10] __main__ : __ce_ui 실행 시작
[2022-10-04 19:17:44.567][I][AutoBaseFunction.py(wrapper):11] Parameter : False
[2022-10-04 19:17:44.588][I][AutoBaseFunction.py(wrapper):17] __main__ : __ce_ui 실행 종료
[2022-10-04 19:17:46.293][I][AutoBaseFunction.py(wrapper):10] Screen.Menu_CreateExcel : folder_toolButton_clicked 실행 시작
[2022-10-04 19:17:46.294][I][AutoBaseFunction.py(wrapper):11] Parameter : <PyQt5.QtWidgets.QLineEdit object at 0x00000159F7E75438>, False
[2022-10-04 19:17:47.496][I][AutoBaseFunction.py(wrapper):17] Screen.Menu_CreateExcel : folder_toolButton_clicked 실행 종료
[2022-10-04 19:17:48.141][I][AutoBaseFunction.py(wrapper):10] Screen.Menu_CreateExcel : func_check 실행 시작
[2022-10-04 19:17:48.141][I][AutoBaseFunction.py(wrapper):11] Parameter : False
[2022-10-04 19:17:48.222][I][AutoBaseFunction.py(wrapper):17] Screen.Menu_CreateExcel : func_check 실행 종료
[2022-10-04 19:28:06.562][I][AutoBaseFunction.py(wrapper):10] Screen.MainWindow : closeEvent 실행 시작
[2022-10-04 19:28:06.562][I][AutoBaseFunction.py(wrapper):11] Parameter : <PyQt5.QtGui.QCloseEvent object at 0x0000015980117438>
