[2022-10-04 18:11:50.554][D][LogManager.py(Init):12] LogManager Init function called !!!
[2022-10-04 18:11:50.579][I][AutoBaseFunction.py(wrapper):10] Screen.MainWindow : setupUi 실행 시작
[2022-10-04 18:11:50.580][I][AutoBaseFunction.py(wrapper):11] Parameter : 
[2022-10-04 18:11:50.584][I][AutoBaseFunction.py(wrapper):10] Screen.MainWindow : set_field 실행 시작
[2022-10-04 18:11:50.584][I][AutoBaseFunction.py(wrapper):11] Parameter : 
[2022-10-04 18:11:50.618][I][AutoBaseFunction.py(wrapper):17] Screen.MainWindow : set_field 실행 종료
[2022-10-04 18:11:50.618][I][AutoBaseFunction.py(wrapper):10] Screen.MainWindow : setWidget_func 실행 시작
[2022-10-04 18:11:50.619][I][AutoBaseFunction.py(wrapper):11] Parameter : 
[2022-10-04 18:11:50.621][I][AutoBaseFunction.py(wrapper):17] Screen.MainWindow : setWidget_func 실행 종료
[2022-10-04 18:11:50.623][I][AutoBaseFunction.py(wrapper):17] Screen.MainWindow : setupUi 실행 종료
[2022-10-04 18:11:50.636][I][AutoBaseFunction.py(wrapper):10] __main__ : __set_slot 실행 시작
[2022-10-04 18:11:50.636][I][AutoBaseFunction.py(wrapper):11] Parameter : 
[2022-10-04 18:11:50.637][I][AutoBaseFunction.py(wrapper):17] __main__ : __set_slot 실행 종료
[2022-10-04 18:11:50.637][I][AutoBaseFunction.py(wrapper):10] __main__ : __wigets_setupUi 실행 시작
[2022-10-04 18:11:50.637][I][AutoBaseFunction.py(wrapper):11] Parameter : 
[2022-10-04 18:11:50.637][I][AutoBaseFunction.py(wrapper):10] Screen.Setup_Language : setupUI_Language 실행 시작
[2022-10-04 18:11:50.638][I][AutoBaseFunction.py(wrapper):11] Parameter : 
[2022-10-04 18:11:50.638][I][AutoBaseFunction.py(wrapper):10] Screen.Setup_Language : sl_set_slot 실행 시작
[2022-10-04 18:11:50.639][I][AutoBaseFunction.py(wrapper):11] Parameter : 
[2022-10-04 18:11:50.639][I][AutoBaseFunction.py(wrapper):17] Screen.Setup_Language : sl_set_slot 실행 종료
[2022-10-04 18:11:50.639][I][AutoBaseFunction.py(wrapper):17] Screen.Setup_Language : setupUI_Language 실행 종료
[2022-10-04 18:11:50.639][I][AutoBaseFunction.py(wrapper):10] Screen.Menu_CreateExcel : setupUI_CreateExcel 실행 시작
[2022-10-04 18:11:50.640][I][AutoBaseFunction.py(wrapper):11] Parameter : 
[2022-10-04 18:11:50.641][I][AutoBaseFunction.py(wrapper):10] Screen.Menu_CreateExcel : new_excel_func 실행 시작
[2022-10-04 18:11:50.643][I][AutoBaseFunction.py(wrapper):11] Parameter : 
[2022-10-04 18:11:50.643][I][AutoBaseFunction.py(wrapper):17] Screen.Menu_CreateExcel : new_excel_func 실행 종료
[2022-10-04 18:11:50.644][I][AutoBaseFunction.py(wrapper):10] Screen.Menu_CreateExcel : set_excel_func 실행 시작
[2022-10-04 18:11:50.644][I][AutoBaseFunction.py(wrapper):11] Parameter : 
[2022-10-04 18:11:50.646][I][AutoBaseFunction.py(wrapper):17] Screen.Menu_CreateExcel : set_excel_func 실행 종료
[2022-10-04 18:11:50.647][I][AutoBaseFunction.py(wrapper):17] Screen.Menu_CreateExcel : setupUI_CreateExcel 실행 종료
[2022-10-04 18:11:50.647][I][AutoBaseFunction.py(wrapper):10] Screen.Setup_Field : setupUI_Field 실행 시작
[2022-10-04 18:11:50.648][I][AutoBaseFunction.py(wrapper):11] Parameter : 
[2022-10-04 18:11:50.651][I][AutoBaseFunction.py(wrapper):10] Screen.Setup_Field : set_data 실행 시작
[2022-10-04 18:11:50.652][I][AutoBaseFunction.py(wrapper):11] Parameter : 
[2022-10-04 18:11:50.652][I][AutoBaseFunction.py(wrapper):17] Screen.Setup_Field : set_data 실행 종료
[2022-10-04 18:11:50.882][I][AutoBaseFunction.py(wrapper):10] Screen.Setup_Field : set_data 실행 시작
[2022-10-04 18:11:50.882][I][AutoBaseFunction.py(wrapper):11] Parameter : 
[2022-10-04 18:11:50.883][I][AutoBaseFunction.py(wrapper):17] Screen.Setup_Field : set_data 실행 종료
[2022-10-04 18:11:50.883][I][AutoBaseFunction.py(wrapper):10] Screen.Setup_Field : set_data 실행 시작
[2022-10-04 18:11:50.883][I][AutoBaseFunction.py(wrapper):11] Parameter : 
[2022-10-04 18:11:50.884][I][AutoBaseFunction.py(wrapper):17] Screen.Setup_Field : set_data 실행 종료
[2022-10-04 18:11:50.884][I][AutoBaseFunction.py(wrapper):10] Screen.Setup_Field : set_data 실행 시작
[2022-10-04 18:11:50.885][I][AutoBaseFunction.py(wrapper):11] Parameter : 
[2022-10-04 18:11:50.885][I][AutoBaseFunction.py(wrapper):17] Screen.Setup_Field : set_data 실행 종료
[2022-10-04 18:11:50.885][I][AutoBaseFunction.py(wrapper):10] Screen.Setup_Field : set_data 실행 시작
[2022-10-04 18:11:50.885][I][AutoBaseFunction.py(wrapper):11] Parameter : 
[2022-10-04 18:11:50.886][I][AutoBaseFunction.py(wrapper):17] Screen.Setup_Field : set_data 실행 종료
[2022-10-04 18:11:50.886][I][AutoBaseFunction.py(wrapper):10] Screen.Setup_Field : set_data 실행 시작
[2022-10-04 18:11:50.886][I][AutoBaseFunction.py(wrapper):11] Parameter : 
[2022-10-04 18:11:50.887][I][AutoBaseFunction.py(wrapper):17] Screen.Setup_Field : set_data 실행 종료
[2022-10-04 18:11:50.887][I][AutoBaseFunction.py(wrapper):10] Screen.Setup_Field : sl_set_slot 실행 시작
[2022-10-04 18:11:50.888][I][AutoBaseFunction.py(wrapper):11] Parameter : 
[2022-10-04 18:11:50.888][I][AutoBaseFunction.py(wrapper):17] Screen.Setup_Field : sl_set_slot 실행 종료
[2022-10-04 18:11:50.888][I][AutoBaseFunction.py(wrapper):17] Screen.Setup_Field : setupUI_Field 실행 종료
[2022-10-04 18:11:50.889][I][AutoBaseFunction.py(wrapper):10] Screen.Setup_TestList : setupUI_TestList 실행 시작
[2022-10-04 18:11:50.889][I][AutoBaseFunction.py(wrapper):11] Parameter : 
[2022-10-04 18:11:50.890][I][AutoBaseFunction.py(wrapper):10] Screen.Setup_TestList : btn_set_slot 실행 시작
[2022-10-04 18:11:50.890][I][AutoBaseFunction.py(wrapper):11] Parameter : 
[2022-10-04 18:11:50.891][I][AutoBaseFunction.py(wrapper):17] Screen.Setup_TestList : btn_set_slot 실행 종료
[2022-10-04 18:11:50.891][I][AutoBaseFunction.py(wrapper):17] Screen.Setup_TestList : setupUI_TestList 실행 종료
[2022-10-04 18:11:50.891][I][AutoBaseFunction.py(wrapper):17] __main__ : __wigets_setupUi 실행 종료
[2022-10-04 18:11:51.847][I][AutoBaseFunction.py(wrapper):10] Screen.MainWindow : update_open_menu 실행 시작
[2022-10-04 18:11:51.847][I][AutoBaseFunction.py(wrapper):11] Parameter : 
[2022-10-04 18:11:51.850][I][AutoBaseFunction.py(wrapper):17] Screen.MainWindow : update_open_menu 실행 종료
[2022-10-04 18:11:52.692][I][AutoBaseFunction.py(wrapper):10] __main__ : __ce_ui 실행 시작
[2022-10-04 18:11:52.693][I][AutoBaseFunction.py(wrapper):11] Parameter : False
[2022-10-04 18:11:52.716][I][AutoBaseFunction.py(wrapper):17] __main__ : __ce_ui 실행 종료
[2022-10-04 18:11:54.852][I][AutoBaseFunction.py(wrapper):10] Screen.Menu_CreateExcel : folder_toolButton_clicked 실행 시작
[2022-10-04 18:11:54.852][I][AutoBaseFunction.py(wrapper):11] Parameter : <PyQt5.QtWidgets.QLineEdit object at 0x00000212CCF440D8>, False
[2022-10-04 18:11:56.189][I][AutoBaseFunction.py(wrapper):17] Screen.Menu_CreateExcel : folder_toolButton_clicked 실행 종료
[2022-10-04 18:11:56.938][I][AutoBaseFunction.py(wrapper):10] Screen.Menu_CreateExcel : func_check 실행 시작
[2022-10-04 18:11:56.940][I][AutoBaseFunction.py(wrapper):11] Parameter : False
