[2022-10-04 19:53:16.490][D][LogManager.py(Init):12] LogManager Init function called !!!
[2022-10-04 19:53:16.517][I][AutoBaseFunction.py(wrapper):10] Screen.MainWindow : setupUi 실행 시작
[2022-10-04 19:53:16.518][I][AutoBaseFunction.py(wrapper):11] Parameter : 
[2022-10-04 19:53:16.521][I][AutoBaseFunction.py(wrapper):10] Screen.MainWindow : set_field 실행 시작
[2022-10-04 19:53:16.521][I][AutoBaseFunction.py(wrapper):11] Parameter : 
[2022-10-04 19:53:16.579][I][AutoBaseFunction.py(wrapper):17] Screen.MainWindow : set_field 실행 종료
[2022-10-04 19:53:16.579][I][AutoBaseFunction.py(wrapper):10] Screen.MainWindow : setWidget_func 실행 시작
[2022-10-04 19:53:16.580][I][AutoBaseFunction.py(wrapper):11] Parameter : 
[2022-10-04 19:53:16.582][I][AutoBaseFunction.py(wrapper):17] Screen.MainWindow : setWidget_func 실행 종료
[2022-10-04 19:53:16.585][I][AutoBaseFunction.py(wrapper):17] Screen.MainWindow : setupUi 실행 종료
[2022-10-04 19:53:16.600][I][AutoBaseFunction.py(wrapper):10] __main__ : __set_slot 실행 시작
[2022-10-04 19:53:16.601][I][AutoBaseFunction.py(wrapper):11] Parameter : 
[2022-10-04 19:53:16.602][I][AutoBaseFunction.py(wrapper):17] __main__ : __set_slot 실행 종료
[2022-10-04 19:53:16.602][I][AutoBaseFunction.py(wrapper):10] __main__ : __wigets_setupUi 실행 시작
[2022-10-04 19:53:16.602][I][AutoBaseFunction.py(wrapper):11] Parameter : 
[2022-10-04 19:53:16.602][I][AutoBaseFunction.py(wrapper):10] Screen.Setup_Language : setupUI_Language 실행 시작
[2022-10-04 19:53:16.603][I][AutoBaseFunction.py(wrapper):11] Parameter : 
[2022-10-04 19:53:16.603][I][AutoBaseFunction.py(wrapper):10] Screen.Setup_Language : sl_set_slot 실행 시작
[2022-10-04 19:53:16.604][I][AutoBaseFunction.py(wrapper):11] Parameter : 
[2022-10-04 19:53:16.604][I][AutoBaseFunction.py(wrapper):17] Screen.Setup_Language : sl_set_slot 실행 종료
[2022-10-04 19:53:16.604][I][AutoBaseFunction.py(wrapper):17] Screen.Setup_Language : setupUI_Language 실행 종료
[2022-10-04 19:53:16.605][I][AutoBaseFunction.py(wrapper):10] Screen.Menu_CreateExcel : setupUI_CreateExcel 실행 시작
[2022-10-04 19:53:16.605][I][AutoBaseFunction.py(wrapper):11] Parameter : 
[2022-10-04 19:53:16.606][I][AutoBaseFunction.py(wrapper):10] Screen.Menu_CreateExcel : new_excel_func 실행 시작
[2022-10-04 19:53:16.606][I][AutoBaseFunction.py(wrapper):11] Parameter : 
[2022-10-04 19:53:16.607][I][AutoBaseFunction.py(wrapper):17] Screen.Menu_CreateExcel : new_excel_func 실행 종료
[2022-10-04 19:53:16.607][I][AutoBaseFunction.py(wrapper):10] Screen.Menu_CreateExcel : set_excel_func 실행 시작
[2022-10-04 19:53:16.607][I][AutoBaseFunction.py(wrapper):11] Parameter : 
[2022-10-04 19:53:16.608][I][AutoBaseFunction.py(wrapper):17] Screen.Menu_CreateExcel : set_excel_func 실행 종료
[2022-10-04 19:53:16.608][I][AutoBaseFunction.py(wrapper):17] Screen.Menu_CreateExcel : setupUI_CreateExcel 실행 종료
[2022-10-04 19:53:16.609][I][AutoBaseFunction.py(wrapper):10] Screen.Setup_Field : setupUI_Field 실행 시작
[2022-10-04 19:53:16.609][I][AutoBaseFunction.py(wrapper):11] Parameter : 
[2022-10-04 19:53:16.610][I][AutoBaseFunction.py(wrapper):10] Screen.Setup_Field : set_data 실행 시작
[2022-10-04 19:53:16.610][I][AutoBaseFunction.py(wrapper):11] Parameter : 
[2022-10-04 19:53:16.611][I][AutoBaseFunction.py(wrapper):17] Screen.Setup_Field : set_data 실행 종료
[2022-10-04 19:53:16.859][I][AutoBaseFunction.py(wrapper):10] Screen.Setup_Field : set_data 실행 시작
[2022-10-04 19:53:16.860][I][AutoBaseFunction.py(wrapper):11] Parameter : 
[2022-10-04 19:53:16.860][I][AutoBaseFunction.py(wrapper):17] Screen.Setup_Field : set_data 실행 종료
[2022-10-04 19:53:16.861][I][AutoBaseFunction.py(wrapper):10] Screen.Setup_Field : set_data 실행 시작
[2022-10-04 19:53:16.861][I][AutoBaseFunction.py(wrapper):11] Parameter : 
[2022-10-04 19:53:16.861][I][AutoBaseFunction.py(wrapper):17] Screen.Setup_Field : set_data 실행 종료
[2022-10-04 19:53:16.862][I][AutoBaseFunction.py(wrapper):10] Screen.Setup_Field : set_data 실행 시작
[2022-10-04 19:53:16.862][I][AutoBaseFunction.py(wrapper):11] Parameter : 
[2022-10-04 19:53:16.862][I][AutoBaseFunction.py(wrapper):17] Screen.Setup_Field : set_data 실행 종료
[2022-10-04 19:53:16.863][I][AutoBaseFunction.py(wrapper):10] Screen.Setup_Field : set_data 실행 시작
[2022-10-04 19:53:16.863][I][AutoBaseFunction.py(wrapper):11] Parameter : 
[2022-10-04 19:53:16.864][I][AutoBaseFunction.py(wrapper):17] Screen.Setup_Field : set_data 실행 종료
[2022-10-04 19:53:16.864][I][AutoBaseFunction.py(wrapper):10] Screen.Setup_Field : set_data 실행 시작
[2022-10-04 19:53:16.864][I][AutoBaseFunction.py(wrapper):11] Parameter : 
[2022-10-04 19:53:16.864][I][AutoBaseFunction.py(wrapper):17] Screen.Setup_Field : set_data 실행 종료
[2022-10-04 19:53:16.865][I][AutoBaseFunction.py(wrapper):10] Screen.Setup_Field : sl_set_slot 실행 시작
[2022-10-04 19:53:16.865][I][AutoBaseFunction.py(wrapper):11] Parameter : 
[2022-10-04 19:53:16.866][I][AutoBaseFunction.py(wrapper):17] Screen.Setup_Field : sl_set_slot 실행 종료
[2022-10-04 19:53:16.866][I][AutoBaseFunction.py(wrapper):17] Screen.Setup_Field : setupUI_Field 실행 종료
[2022-10-04 19:53:16.866][I][AutoBaseFunction.py(wrapper):10] Screen.Setup_TestList : setupUI_TestList 실행 시작
[2022-10-04 19:53:16.866][I][AutoBaseFunction.py(wrapper):11] Parameter : 
[2022-10-04 19:53:16.867][I][AutoBaseFunction.py(wrapper):10] Screen.Setup_TestList : btn_set_slot 실행 시작
[2022-10-04 19:53:16.868][I][AutoBaseFunction.py(wrapper):11] Parameter : 
[2022-10-04 19:53:16.868][I][AutoBaseFunction.py(wrapper):17] Screen.Setup_TestList : btn_set_slot 실행 종료
[2022-10-04 19:53:16.868][I][AutoBaseFunction.py(wrapper):17] Screen.Setup_TestList : setupUI_TestList 실행 종료
[2022-10-04 19:53:16.868][I][AutoBaseFunction.py(wrapper):17] __main__ : __wigets_setupUi 실행 종료
[2022-10-04 19:53:17.733][I][AutoBaseFunction.py(wrapper):10] Screen.MainWindow : update_open_menu 실행 시작
[2022-10-04 19:53:17.734][I][AutoBaseFunction.py(wrapper):11] Parameter : 
[2022-10-04 19:53:17.736][I][AutoBaseFunction.py(wrapper):17] Screen.MainWindow : update_open_menu 실행 종료
[2022-10-04 19:53:18.387][I][AutoBaseFunction.py(wrapper):10] __main__ : __ce_ui 실행 시작
[2022-10-04 19:53:18.387][I][AutoBaseFunction.py(wrapper):11] Parameter : False
[2022-10-04 19:53:18.406][I][AutoBaseFunction.py(wrapper):17] __main__ : __ce_ui 실행 종료
[2022-10-04 19:53:20.481][I][AutoBaseFunction.py(wrapper):10] Screen.Menu_CreateExcel : folder_toolButton_clicked 실행 시작
[2022-10-04 19:53:20.482][I][AutoBaseFunction.py(wrapper):11] Parameter : <PyQt5.QtWidgets.QLineEdit object at 0x000001C097896438>, False
[2022-10-04 19:53:21.674][I][AutoBaseFunction.py(wrapper):17] Screen.Menu_CreateExcel : folder_toolButton_clicked 실행 종료
[2022-10-04 19:53:22.265][I][AutoBaseFunction.py(wrapper):10] Screen.Menu_CreateExcel : func_check 실행 시작
[2022-10-04 19:53:22.265][I][AutoBaseFunction.py(wrapper):11] Parameter : False
[2022-10-04 19:53:22.369][I][AutoBaseFunction.py(wrapper):17] Screen.Menu_CreateExcel : func_check 실행 종료
[2022-10-04 19:59:39.479][I][AutoBaseFunction.py(wrapper):10] Screen.MainWindow : closeEvent 실행 시작
[2022-10-04 19:59:39.480][I][AutoBaseFunction.py(wrapper):11] Parameter : <PyQt5.QtGui.QCloseEvent object at 0x000001C09E9D8438>
