[2022-10-04 20:36:29.989][D][LogManager.py(Init):12] LogManager Init function called !!!
[2022-10-04 20:36:30.016][I][AutoBaseFunction.py(wrapper):10] Screen.MainWindow : setupUi 실행 시작
[2022-10-04 20:36:30.016][I][AutoBaseFunction.py(wrapper):11] Parameter : 
[2022-10-04 20:36:30.019][I][AutoBaseFunction.py(wrapper):10] Screen.MainWindow : set_field 실행 시작
[2022-10-04 20:36:30.019][I][AutoBaseFunction.py(wrapper):11] Parameter : 
[2022-10-04 20:36:30.076][I][AutoBaseFunction.py(wrapper):17] Screen.MainWindow : set_field 실행 종료
[2022-10-04 20:36:30.077][I][AutoBaseFunction.py(wrapper):10] Screen.MainWindow : setWidget_func 실행 시작
[2022-10-04 20:36:30.077][I][AutoBaseFunction.py(wrapper):11] Parameter : 
[2022-10-04 20:36:30.079][I][AutoBaseFunction.py(wrapper):17] Screen.MainWindow : setWidget_func 실행 종료
[2022-10-04 20:36:30.082][I][AutoBaseFunction.py(wrapper):17] Screen.MainWindow : setupUi 실행 종료
[2022-10-04 20:36:30.088][I][AutoBaseFunction.py(wrapper):10] __main__ : __set_slot 실행 시작
[2022-10-04 20:36:30.088][I][AutoBaseFunction.py(wrapper):11] Parameter : 
[2022-10-04 20:36:30.089][I][AutoBaseFunction.py(wrapper):17] __main__ : __set_slot 실행 종료
[2022-10-04 20:36:30.089][I][AutoBaseFunction.py(wrapper):10] __main__ : __wigets_setupUi 실행 시작
[2022-10-04 20:36:30.089][I][AutoBaseFunction.py(wrapper):11] Parameter : 
[2022-10-04 20:36:30.090][I][AutoBaseFunction.py(wrapper):10] Screen.Setup_Language : setupUI_Language 실행 시작
[2022-10-04 20:36:30.090][I][AutoBaseFunction.py(wrapper):11] Parameter : 
[2022-10-04 20:36:30.091][I][AutoBaseFunction.py(wrapper):10] Screen.Setup_Language : sl_set_slot 실행 시작
[2022-10-04 20:36:30.091][I][AutoBaseFunction.py(wrapper):11] Parameter : 
[2022-10-04 20:36:30.091][I][AutoBaseFunction.py(wrapper):17] Screen.Setup_Language : sl_set_slot 실행 종료
[2022-10-04 20:36:30.091][I][AutoBaseFunction.py(wrapper):17] Screen.Setup_Language : setupUI_Language 실행 종료
[2022-10-04 20:36:30.092][I][AutoBaseFunction.py(wrapper):10] Screen.Menu_CreateExcel : setupUI_CreateExcel 실행 시작
[2022-10-04 20:36:30.092][I][AutoBaseFunction.py(wrapper):11] Parameter : 
[2022-10-04 20:36:30.093][I][AutoBaseFunction.py(wrapper):10] Screen.Menu_CreateExcel : new_excel_func 실행 시작
[2022-10-04 20:36:30.093][I][AutoBaseFunction.py(wrapper):11] Parameter : 
[2022-10-04 20:36:30.094][I][AutoBaseFunction.py(wrapper):17] Screen.Menu_CreateExcel : new_excel_func 실행 종료
[2022-10-04 20:36:30.094][I][AutoBaseFunction.py(wrapper):10] Screen.Menu_CreateExcel : set_excel_func 실행 시작
[2022-10-04 20:36:30.094][I][AutoBaseFunction.py(wrapper):11] Parameter : 
[2022-10-04 20:36:30.095][I][AutoBaseFunction.py(wrapper):17] Screen.Menu_CreateExcel : set_excel_func 실행 종료
[2022-10-04 20:36:30.095][I][AutoBaseFunction.py(wrapper):17] Screen.Menu_CreateExcel : setupUI_CreateExcel 실행 종료
[2022-10-04 20:36:30.096][I][AutoBaseFunction.py(wrapper):10] Screen.Setup_Field : setupUI_Field 실행 시작
[2022-10-04 20:36:30.096][I][AutoBaseFunction.py(wrapper):11] Parameter : 
[2022-10-04 20:36:30.098][I][AutoBaseFunction.py(wrapper):10] Screen.Setup_Field : set_data 실행 시작
[2022-10-04 20:36:30.098][I][AutoBaseFunction.py(wrapper):11] Parameter : 
[2022-10-04 20:36:30.099][I][AutoBaseFunction.py(wrapper):17] Screen.Setup_Field : set_data 실행 종료
[2022-10-04 20:36:30.353][I][AutoBaseFunction.py(wrapper):10] Screen.Setup_Field : set_data 실행 시작
[2022-10-04 20:36:30.353][I][AutoBaseFunction.py(wrapper):11] Parameter : 
[2022-10-04 20:36:30.354][I][AutoBaseFunction.py(wrapper):17] Screen.Setup_Field : set_data 실행 종료
[2022-10-04 20:36:30.355][I][AutoBaseFunction.py(wrapper):10] Screen.Setup_Field : set_data 실행 시작
[2022-10-04 20:36:30.355][I][AutoBaseFunction.py(wrapper):11] Parameter : 
[2022-10-04 20:36:30.355][I][AutoBaseFunction.py(wrapper):17] Screen.Setup_Field : set_data 실행 종료
[2022-10-04 20:36:30.356][I][AutoBaseFunction.py(wrapper):10] Screen.Setup_Field : set_data 실행 시작
[2022-10-04 20:36:30.356][I][AutoBaseFunction.py(wrapper):11] Parameter : 
[2022-10-04 20:36:30.357][I][AutoBaseFunction.py(wrapper):17] Screen.Setup_Field : set_data 실행 종료
[2022-10-04 20:36:30.357][I][AutoBaseFunction.py(wrapper):10] Screen.Setup_Field : set_data 실행 시작
[2022-10-04 20:36:30.357][I][AutoBaseFunction.py(wrapper):11] Parameter : 
[2022-10-04 20:36:30.358][I][AutoBaseFunction.py(wrapper):17] Screen.Setup_Field : set_data 실행 종료
[2022-10-04 20:36:30.358][I][AutoBaseFunction.py(wrapper):10] Screen.Setup_Field : set_data 실행 시작
[2022-10-04 20:36:30.358][I][AutoBaseFunction.py(wrapper):11] Parameter : 
[2022-10-04 20:36:30.359][I][AutoBaseFunction.py(wrapper):17] Screen.Setup_Field : set_data 실행 종료
[2022-10-04 20:36:30.359][I][AutoBaseFunction.py(wrapper):10] Screen.Setup_Field : sl_set_slot 실행 시작
[2022-10-04 20:36:30.360][I][AutoBaseFunction.py(wrapper):11] Parameter : 
[2022-10-04 20:36:30.360][I][AutoBaseFunction.py(wrapper):17] Screen.Setup_Field : sl_set_slot 실행 종료
[2022-10-04 20:36:30.360][I][AutoBaseFunction.py(wrapper):17] Screen.Setup_Field : setupUI_Field 실행 종료
[2022-10-04 20:36:30.360][I][AutoBaseFunction.py(wrapper):10] Screen.Setup_TestList : setupUI_TestList 실행 시작
[2022-10-04 20:36:30.361][I][AutoBaseFunction.py(wrapper):11] Parameter : 
[2022-10-04 20:36:30.362][I][AutoBaseFunction.py(wrapper):10] Screen.Setup_TestList : btn_set_slot 실행 시작
[2022-10-04 20:36:30.362][I][AutoBaseFunction.py(wrapper):11] Parameter : 
[2022-10-04 20:36:30.362][I][AutoBaseFunction.py(wrapper):17] Screen.Setup_TestList : btn_set_slot 실행 종료
[2022-10-04 20:36:30.363][I][AutoBaseFunction.py(wrapper):17] Screen.Setup_TestList : setupUI_TestList 실행 종료
[2022-10-04 20:36:30.363][I][AutoBaseFunction.py(wrapper):17] __main__ : __wigets_setupUi 실행 종료
[2022-10-04 20:36:31.190][I][AutoBaseFunction.py(wrapper):10] Screen.MainWindow : update_open_menu 실행 시작
[2022-10-04 20:36:31.191][I][AutoBaseFunction.py(wrapper):11] Parameter : 
[2022-10-04 20:36:31.192][I][AutoBaseFunction.py(wrapper):17] Screen.MainWindow : update_open_menu 실행 종료
[2022-10-04 20:36:31.732][I][AutoBaseFunction.py(wrapper):10] __main__ : __ce_ui 실행 시작
[2022-10-04 20:36:31.732][I][AutoBaseFunction.py(wrapper):11] Parameter : False
[2022-10-04 20:36:31.752][I][AutoBaseFunction.py(wrapper):17] __main__ : __ce_ui 실행 종료
[2022-10-04 20:36:33.621][I][AutoBaseFunction.py(wrapper):10] Screen.Menu_CreateExcel : folder_toolButton_clicked 실행 시작
[2022-10-04 20:36:33.621][I][AutoBaseFunction.py(wrapper):11] Parameter : <PyQt5.QtWidgets.QLineEdit object at 0x00000223016263A8>, False
[2022-10-04 20:36:35.089][I][AutoBaseFunction.py(wrapper):17] Screen.Menu_CreateExcel : folder_toolButton_clicked 실행 종료
[2022-10-04 20:36:35.740][I][AutoBaseFunction.py(wrapper):10] Screen.Menu_CreateExcel : func_check 실행 시작
[2022-10-04 20:36:35.740][I][AutoBaseFunction.py(wrapper):11] Parameter : False
[2022-10-04 20:36:35.910][I][AutoBaseFunction.py(wrapper):17] Screen.Menu_CreateExcel : func_check 실행 종료
[2022-10-04 20:47:47.151][I][AutoBaseFunction.py(wrapper):10] Screen.MainWindow : closeEvent 실행 시작
[2022-10-04 20:47:47.152][I][AutoBaseFunction.py(wrapper):11] Parameter : <PyQt5.QtGui.QCloseEvent object at 0x0000022305FC63A8>
