[2022-10-06 10:33:21.903][D][LogManager.py(Init):12] LogManager Init function called !!!
[2022-10-06 10:33:21.957][I][AutoBaseFunction.py(wrapper):10] Screen.MainWindow : setupUi 실행 시작
[2022-10-06 10:33:21.958][I][AutoBaseFunction.py(wrapper):11] Parameter : 
[2022-10-06 10:33:21.964][I][AutoBaseFunction.py(wrapper):10] Screen.MainWindow : set_field 실행 시작
[2022-10-06 10:33:21.964][I][AutoBaseFunction.py(wrapper):11] Parameter : 
[2022-10-06 10:33:21.988][I][AutoBaseFunction.py(wrapper):17] Screen.MainWindow : set_field 실행 종료
[2022-10-06 10:33:21.989][I][AutoBaseFunction.py(wrapper):10] Screen.MainWindow : setWidget_func 실행 시작
[2022-10-06 10:33:21.990][I][AutoBaseFunction.py(wrapper):11] Parameter : 
[2022-10-06 10:33:21.992][I][AutoBaseFunction.py(wrapper):17] Screen.MainWindow : setWidget_func 실행 종료
[2022-10-06 10:33:21.995][I][AutoBaseFunction.py(wrapper):17] Screen.MainWindow : setupUi 실행 종료
[2022-10-06 10:33:22.000][I][AutoBaseFunction.py(wrapper):10] __main__ : __set_slot 실행 시작
[2022-10-06 10:33:22.001][I][AutoBaseFunction.py(wrapper):11] Parameter : 
[2022-10-06 10:33:22.002][I][AutoBaseFunction.py(wrapper):17] __main__ : __set_slot 실행 종료
[2022-10-06 10:33:22.002][I][AutoBaseFunction.py(wrapper):10] __main__ : __wigets_setupUi 실행 시작
[2022-10-06 10:33:22.002][I][AutoBaseFunction.py(wrapper):11] Parameter : 
[2022-10-06 10:33:22.003][I][AutoBaseFunction.py(wrapper):10] Screen.Setup_Language : setupUI_Language 실행 시작
[2022-10-06 10:33:22.003][I][AutoBaseFunction.py(wrapper):11] Parameter : 
[2022-10-06 10:33:22.004][I][AutoBaseFunction.py(wrapper):10] Screen.Setup_Language : sl_set_slot 실행 시작
[2022-10-06 10:33:22.005][I][AutoBaseFunction.py(wrapper):11] Parameter : 
[2022-10-06 10:33:22.005][I][AutoBaseFunction.py(wrapper):17] Screen.Setup_Language : sl_set_slot 실행 종료
[2022-10-06 10:33:22.006][I][AutoBaseFunction.py(wrapper):17] Screen.Setup_Language : setupUI_Language 실행 종료
[2022-10-06 10:33:22.006][I][AutoBaseFunction.py(wrapper):10] Screen.Menu_CreateExcel : setupUI_CreateExcel 실행 시작
[2022-10-06 10:33:22.006][I][AutoBaseFunction.py(wrapper):11] Parameter : 
[2022-10-06 10:33:22.011][I][AutoBaseFunction.py(wrapper):10] Screen.Menu_CreateExcel : new_excel_func 실행 시작
[2022-10-06 10:33:22.012][I][AutoBaseFunction.py(wrapper):11] Parameter : 
[2022-10-06 10:33:22.012][I][AutoBaseFunction.py(wrapper):17] Screen.Menu_CreateExcel : new_excel_func 실행 종료
[2022-10-06 10:33:22.012][I][AutoBaseFunction.py(wrapper):10] Screen.Menu_CreateExcel : set_excel_func 실행 시작
[2022-10-06 10:33:22.013][I][AutoBaseFunction.py(wrapper):11] Parameter : 
[2022-10-06 10:33:22.013][I][AutoBaseFunction.py(wrapper):17] Screen.Menu_CreateExcel : set_excel_func 실행 종료
[2022-10-06 10:33:22.014][I][AutoBaseFunction.py(wrapper):17] Screen.Menu_CreateExcel : setupUI_CreateExcel 실행 종료
[2022-10-06 10:33:22.014][I][AutoBaseFunction.py(wrapper):10] Screen.Setup_Field : setupUI_Field 실행 시작
[2022-10-06 10:33:22.014][I][AutoBaseFunction.py(wrapper):11] Parameter : 
[2022-10-06 10:33:22.016][I][AutoBaseFunction.py(wrapper):10] Screen.Setup_Field : set_data 실행 시작
[2022-10-06 10:33:22.017][I][AutoBaseFunction.py(wrapper):11] Parameter : 
[2022-10-06 10:33:22.017][I][AutoBaseFunction.py(wrapper):17] Screen.Setup_Field : set_data 실행 종료
[2022-10-06 10:33:22.249][I][AutoBaseFunction.py(wrapper):10] Screen.Setup_Field : set_data 실행 시작
[2022-10-06 10:33:22.249][I][AutoBaseFunction.py(wrapper):11] Parameter : 
[2022-10-06 10:33:22.249][I][AutoBaseFunction.py(wrapper):17] Screen.Setup_Field : set_data 실행 종료
[2022-10-06 10:33:22.251][I][AutoBaseFunction.py(wrapper):10] Screen.Setup_Field : set_data 실행 시작
[2022-10-06 10:33:22.251][I][AutoBaseFunction.py(wrapper):11] Parameter : 
[2022-10-06 10:33:22.252][I][AutoBaseFunction.py(wrapper):17] Screen.Setup_Field : set_data 실행 종료
[2022-10-06 10:33:22.252][I][AutoBaseFunction.py(wrapper):10] Screen.Setup_Field : set_data 실행 시작
[2022-10-06 10:33:22.253][I][AutoBaseFunction.py(wrapper):11] Parameter : 
[2022-10-06 10:33:22.253][I][AutoBaseFunction.py(wrapper):17] Screen.Setup_Field : set_data 실행 종료
[2022-10-06 10:33:22.254][I][AutoBaseFunction.py(wrapper):10] Screen.Setup_Field : set_data 실행 시작
[2022-10-06 10:33:22.254][I][AutoBaseFunction.py(wrapper):11] Parameter : 
[2022-10-06 10:33:22.255][I][AutoBaseFunction.py(wrapper):17] Screen.Setup_Field : set_data 실행 종료
[2022-10-06 10:33:22.256][I][AutoBaseFunction.py(wrapper):10] Screen.Setup_Field : set_data 실행 시작
[2022-10-06 10:33:22.256][I][AutoBaseFunction.py(wrapper):11] Parameter : 
[2022-10-06 10:33:22.257][I][AutoBaseFunction.py(wrapper):17] Screen.Setup_Field : set_data 실행 종료
[2022-10-06 10:33:22.257][I][AutoBaseFunction.py(wrapper):10] Screen.Setup_Field : sl_set_slot 실행 시작
[2022-10-06 10:33:22.257][I][AutoBaseFunction.py(wrapper):11] Parameter : 
[2022-10-06 10:33:22.258][I][AutoBaseFunction.py(wrapper):17] Screen.Setup_Field : sl_set_slot 실행 종료
[2022-10-06 10:33:22.258][I][AutoBaseFunction.py(wrapper):17] Screen.Setup_Field : setupUI_Field 실행 종료
[2022-10-06 10:33:22.258][I][AutoBaseFunction.py(wrapper):10] Screen.Setup_TestList : setupUI_TestList 실행 시작
[2022-10-06 10:33:22.259][I][AutoBaseFunction.py(wrapper):11] Parameter : 
[2022-10-06 10:33:22.265][I][AutoBaseFunction.py(wrapper):10] Screen.Setup_TestList : btn_set_slot 실행 시작
[2022-10-06 10:33:22.265][I][AutoBaseFunction.py(wrapper):11] Parameter : 
[2022-10-06 10:33:22.265][I][AutoBaseFunction.py(wrapper):17] Screen.Setup_TestList : btn_set_slot 실행 종료
[2022-10-06 10:33:22.266][I][AutoBaseFunction.py(wrapper):17] Screen.Setup_TestList : setupUI_TestList 실행 종료
[2022-10-06 10:33:22.266][I][AutoBaseFunction.py(wrapper):17] __main__ : __wigets_setupUi 실행 종료
[2022-10-06 10:33:36.284][I][AutoBaseFunction.py(wrapper):10] Screen.MainWindow : closeEvent 실행 시작
[2022-10-06 10:33:36.284][I][AutoBaseFunction.py(wrapper):11] Parameter : <PyQt5.QtGui.QCloseEvent object at 0x0000022658CC65E8>
