[2022-10-04 18:43:54.617][D][LogManager.py(Init):12] LogManager Init function called !!!
[2022-10-04 18:43:54.648][I][AutoBaseFunction.py(wrapper):10] Screen.MainWindow : setupUi 실행 시작
[2022-10-04 18:43:54.648][I][AutoBaseFunction.py(wrapper):11] Parameter : 
[2022-10-04 18:43:54.651][I][AutoBaseFunction.py(wrapper):10] Screen.MainWindow : set_field 실행 시작
[2022-10-04 18:43:54.651][I][AutoBaseFunction.py(wrapper):11] Parameter : 
[2022-10-04 18:43:54.682][I][AutoBaseFunction.py(wrapper):17] Screen.MainWindow : set_field 실행 종료
[2022-10-04 18:43:54.682][I][AutoBaseFunction.py(wrapper):10] Screen.MainWindow : setWidget_func 실행 시작
[2022-10-04 18:43:54.683][I][AutoBaseFunction.py(wrapper):11] Parameter : 
[2022-10-04 18:43:54.685][I][AutoBaseFunction.py(wrapper):17] Screen.MainWindow : setWidget_func 실행 종료
[2022-10-04 18:43:54.687][I][AutoBaseFunction.py(wrapper):17] Screen.MainWindow : setupUi 실행 종료
[2022-10-04 18:43:54.703][I][AutoBaseFunction.py(wrapper):10] __main__ : __set_slot 실행 시작
[2022-10-04 18:43:54.703][I][AutoBaseFunction.py(wrapper):11] Parameter : 
[2022-10-04 18:43:54.704][I][AutoBaseFunction.py(wrapper):17] __main__ : __set_slot 실행 종료
[2022-10-04 18:43:54.704][I][AutoBaseFunction.py(wrapper):10] __main__ : __wigets_setupUi 실행 시작
[2022-10-04 18:43:54.704][I][AutoBaseFunction.py(wrapper):11] Parameter : 
[2022-10-04 18:43:54.705][I][AutoBaseFunction.py(wrapper):10] Screen.Setup_Language : setupUI_Language 실행 시작
[2022-10-04 18:43:54.705][I][AutoBaseFunction.py(wrapper):11] Parameter : 
[2022-10-04 18:43:54.706][I][AutoBaseFunction.py(wrapper):10] Screen.Setup_Language : sl_set_slot 실행 시작
[2022-10-04 18:43:54.706][I][AutoBaseFunction.py(wrapper):11] Parameter : 
[2022-10-04 18:43:54.707][I][AutoBaseFunction.py(wrapper):17] Screen.Setup_Language : sl_set_slot 실행 종료
[2022-10-04 18:43:54.707][I][AutoBaseFunction.py(wrapper):17] Screen.Setup_Language : setupUI_Language 실행 종료
[2022-10-04 18:43:54.707][I][AutoBaseFunction.py(wrapper):10] Screen.Menu_CreateExcel : setupUI_CreateExcel 실행 시작
[2022-10-04 18:43:54.708][I][AutoBaseFunction.py(wrapper):11] Parameter : 
[2022-10-04 18:43:54.709][I][AutoBaseFunction.py(wrapper):10] Screen.Menu_CreateExcel : new_excel_func 실행 시작
[2022-10-04 18:43:54.709][I][AutoBaseFunction.py(wrapper):11] Parameter : 
[2022-10-04 18:43:54.710][I][AutoBaseFunction.py(wrapper):17] Screen.Menu_CreateExcel : new_excel_func 실행 종료
[2022-10-04 18:43:54.710][I][AutoBaseFunction.py(wrapper):10] Screen.Menu_CreateExcel : set_excel_func 실행 시작
[2022-10-04 18:43:54.711][I][AutoBaseFunction.py(wrapper):11] Parameter : 
[2022-10-04 18:43:54.712][I][AutoBaseFunction.py(wrapper):17] Screen.Menu_CreateExcel : set_excel_func 실행 종료
[2022-10-04 18:43:54.713][I][AutoBaseFunction.py(wrapper):17] Screen.Menu_CreateExcel : setupUI_CreateExcel 실행 종료
[2022-10-04 18:43:54.713][I][AutoBaseFunction.py(wrapper):10] Screen.Setup_Field : setupUI_Field 실행 시작
[2022-10-04 18:43:54.713][I][AutoBaseFunction.py(wrapper):11] Parameter : 
[2022-10-04 18:43:54.715][I][AutoBaseFunction.py(wrapper):10] Screen.Setup_Field : set_data 실행 시작
[2022-10-04 18:43:54.716][I][AutoBaseFunction.py(wrapper):11] Parameter : 
[2022-10-04 18:43:54.716][I][AutoBaseFunction.py(wrapper):17] Screen.Setup_Field : set_data 실행 종료
[2022-10-04 18:43:54.947][I][AutoBaseFunction.py(wrapper):10] Screen.Setup_Field : set_data 실행 시작
[2022-10-04 18:43:54.947][I][AutoBaseFunction.py(wrapper):11] Parameter : 
[2022-10-04 18:43:54.948][I][AutoBaseFunction.py(wrapper):17] Screen.Setup_Field : set_data 실행 종료
[2022-10-04 18:43:54.948][I][AutoBaseFunction.py(wrapper):10] Screen.Setup_Field : set_data 실행 시작
[2022-10-04 18:43:54.949][I][AutoBaseFunction.py(wrapper):11] Parameter : 
[2022-10-04 18:43:54.949][I][AutoBaseFunction.py(wrapper):17] Screen.Setup_Field : set_data 실행 종료
[2022-10-04 18:43:54.950][I][AutoBaseFunction.py(wrapper):10] Screen.Setup_Field : set_data 실행 시작
[2022-10-04 18:43:54.950][I][AutoBaseFunction.py(wrapper):11] Parameter : 
[2022-10-04 18:43:54.950][I][AutoBaseFunction.py(wrapper):17] Screen.Setup_Field : set_data 실행 종료
[2022-10-04 18:43:54.950][I][AutoBaseFunction.py(wrapper):10] Screen.Setup_Field : set_data 실행 시작
[2022-10-04 18:43:54.951][I][AutoBaseFunction.py(wrapper):11] Parameter : 
[2022-10-04 18:43:54.951][I][AutoBaseFunction.py(wrapper):17] Screen.Setup_Field : set_data 실행 종료
[2022-10-04 18:43:54.951][I][AutoBaseFunction.py(wrapper):10] Screen.Setup_Field : set_data 실행 시작
[2022-10-04 18:43:54.951][I][AutoBaseFunction.py(wrapper):11] Parameter : 
[2022-10-04 18:43:54.952][I][AutoBaseFunction.py(wrapper):17] Screen.Setup_Field : set_data 실행 종료
[2022-10-04 18:43:54.952][I][AutoBaseFunction.py(wrapper):10] Screen.Setup_Field : sl_set_slot 실행 시작
[2022-10-04 18:43:54.952][I][AutoBaseFunction.py(wrapper):11] Parameter : 
[2022-10-04 18:43:54.953][I][AutoBaseFunction.py(wrapper):17] Screen.Setup_Field : sl_set_slot 실행 종료
[2022-10-04 18:43:54.953][I][AutoBaseFunction.py(wrapper):17] Screen.Setup_Field : setupUI_Field 실행 종료
[2022-10-04 18:43:54.953][I][AutoBaseFunction.py(wrapper):10] Screen.Setup_TestList : setupUI_TestList 실행 시작
[2022-10-04 18:43:54.953][I][AutoBaseFunction.py(wrapper):11] Parameter : 
[2022-10-04 18:43:54.954][I][AutoBaseFunction.py(wrapper):10] Screen.Setup_TestList : btn_set_slot 실행 시작
[2022-10-04 18:43:54.954][I][AutoBaseFunction.py(wrapper):11] Parameter : 
[2022-10-04 18:43:54.955][I][AutoBaseFunction.py(wrapper):17] Screen.Setup_TestList : btn_set_slot 실행 종료
[2022-10-04 18:43:54.955][I][AutoBaseFunction.py(wrapper):17] Screen.Setup_TestList : setupUI_TestList 실행 종료
[2022-10-04 18:43:54.955][I][AutoBaseFunction.py(wrapper):17] __main__ : __wigets_setupUi 실행 종료
[2022-10-04 18:43:55.972][I][AutoBaseFunction.py(wrapper):10] Screen.MainWindow : update_open_menu 실행 시작
[2022-10-04 18:43:55.973][I][AutoBaseFunction.py(wrapper):11] Parameter : 
[2022-10-04 18:43:55.976][I][AutoBaseFunction.py(wrapper):17] Screen.MainWindow : update_open_menu 실행 종료
[2022-10-04 18:43:56.506][I][AutoBaseFunction.py(wrapper):10] __main__ : __ce_ui 실행 시작
[2022-10-04 18:43:56.506][I][AutoBaseFunction.py(wrapper):11] Parameter : False
[2022-10-04 18:43:56.527][I][AutoBaseFunction.py(wrapper):17] __main__ : __ce_ui 실행 종료
[2022-10-04 18:44:01.960][I][AutoBaseFunction.py(wrapper):10] Screen.Menu_CreateExcel : folder_toolButton_clicked 실행 시작
[2022-10-04 18:44:01.960][I][AutoBaseFunction.py(wrapper):11] Parameter : <PyQt5.QtWidgets.QLineEdit object at 0x0000027DCB1240D8>, False
[2022-10-04 18:44:03.216][I][AutoBaseFunction.py(wrapper):17] Screen.Menu_CreateExcel : folder_toolButton_clicked 실행 종료
[2022-10-04 18:44:04.903][I][AutoBaseFunction.py(wrapper):10] Screen.Menu_CreateExcel : func_check 실행 시작
[2022-10-04 18:44:04.904][I][AutoBaseFunction.py(wrapper):11] Parameter : False
