[2022-10-04 21:06:53.187][D][LogManager.py(Init):12] LogManager Init function called !!!
[2022-10-04 21:06:53.213][I][AutoBaseFunction.py(wrapper):10] Screen.MainWindow : setupUi 실행 시작
[2022-10-04 21:06:53.214][I][AutoBaseFunction.py(wrapper):11] Parameter : 
[2022-10-04 21:06:53.217][I][AutoBaseFunction.py(wrapper):10] Screen.MainWindow : set_field 실행 시작
[2022-10-04 21:06:53.218][I][AutoBaseFunction.py(wrapper):11] Parameter : 
[2022-10-04 21:06:53.273][I][AutoBaseFunction.py(wrapper):17] Screen.MainWindow : set_field 실행 종료
[2022-10-04 21:06:53.273][I][AutoBaseFunction.py(wrapper):10] Screen.MainWindow : setWidget_func 실행 시작
[2022-10-04 21:06:53.273][I][AutoBaseFunction.py(wrapper):11] Parameter : 
[2022-10-04 21:06:53.275][I][AutoBaseFunction.py(wrapper):17] Screen.MainWindow : setWidget_func 실행 종료
[2022-10-04 21:06:53.278][I][AutoBaseFunction.py(wrapper):17] Screen.MainWindow : setupUi 실행 종료
[2022-10-04 21:06:53.284][I][AutoBaseFunction.py(wrapper):10] __main__ : __set_slot 실행 시작
[2022-10-04 21:06:53.285][I][AutoBaseFunction.py(wrapper):11] Parameter : 
[2022-10-04 21:06:53.285][I][AutoBaseFunction.py(wrapper):17] __main__ : __set_slot 실행 종료
[2022-10-04 21:06:53.285][I][AutoBaseFunction.py(wrapper):10] __main__ : __wigets_setupUi 실행 시작
[2022-10-04 21:06:53.286][I][AutoBaseFunction.py(wrapper):11] Parameter : 
[2022-10-04 21:06:53.286][I][AutoBaseFunction.py(wrapper):10] Screen.Setup_Language : setupUI_Language 실행 시작
[2022-10-04 21:06:53.287][I][AutoBaseFunction.py(wrapper):11] Parameter : 
[2022-10-04 21:06:53.287][I][AutoBaseFunction.py(wrapper):10] Screen.Setup_Language : sl_set_slot 실행 시작
[2022-10-04 21:06:53.287][I][AutoBaseFunction.py(wrapper):11] Parameter : 
[2022-10-04 21:06:53.288][I][AutoBaseFunction.py(wrapper):17] Screen.Setup_Language : sl_set_slot 실행 종료
[2022-10-04 21:06:53.288][I][AutoBaseFunction.py(wrapper):17] Screen.Setup_Language : setupUI_Language 실행 종료
[2022-10-04 21:06:53.289][I][AutoBaseFunction.py(wrapper):10] Screen.Menu_CreateExcel : setupUI_CreateExcel 실행 시작
[2022-10-04 21:06:53.289][I][AutoBaseFunction.py(wrapper):11] Parameter : 
[2022-10-04 21:06:53.290][I][AutoBaseFunction.py(wrapper):10] Screen.Menu_CreateExcel : new_excel_func 실행 시작
[2022-10-04 21:06:53.290][I][AutoBaseFunction.py(wrapper):11] Parameter : 
[2022-10-04 21:06:53.291][I][AutoBaseFunction.py(wrapper):17] Screen.Menu_CreateExcel : new_excel_func 실행 종료
[2022-10-04 21:06:53.291][I][AutoBaseFunction.py(wrapper):10] Screen.Menu_CreateExcel : set_excel_func 실행 시작
[2022-10-04 21:06:53.291][I][AutoBaseFunction.py(wrapper):11] Parameter : 
[2022-10-04 21:06:53.292][I][AutoBaseFunction.py(wrapper):17] Screen.Menu_CreateExcel : set_excel_func 실행 종료
[2022-10-04 21:06:53.292][I][AutoBaseFunction.py(wrapper):17] Screen.Menu_CreateExcel : setupUI_CreateExcel 실행 종료
[2022-10-04 21:06:53.293][I][AutoBaseFunction.py(wrapper):10] Screen.Setup_Field : setupUI_Field 실행 시작
[2022-10-04 21:06:53.293][I][AutoBaseFunction.py(wrapper):11] Parameter : 
[2022-10-04 21:06:53.295][I][AutoBaseFunction.py(wrapper):10] Screen.Setup_Field : set_data 실행 시작
[2022-10-04 21:06:53.295][I][AutoBaseFunction.py(wrapper):11] Parameter : 
[2022-10-04 21:06:53.296][I][AutoBaseFunction.py(wrapper):17] Screen.Setup_Field : set_data 실행 종료
[2022-10-04 21:06:53.555][I][AutoBaseFunction.py(wrapper):10] Screen.Setup_Field : set_data 실행 시작
[2022-10-04 21:06:53.556][I][AutoBaseFunction.py(wrapper):11] Parameter : 
[2022-10-04 21:06:53.556][I][AutoBaseFunction.py(wrapper):17] Screen.Setup_Field : set_data 실행 종료
[2022-10-04 21:06:53.557][I][AutoBaseFunction.py(wrapper):10] Screen.Setup_Field : set_data 실행 시작
[2022-10-04 21:06:53.557][I][AutoBaseFunction.py(wrapper):11] Parameter : 
[2022-10-04 21:06:53.558][I][AutoBaseFunction.py(wrapper):17] Screen.Setup_Field : set_data 실행 종료
[2022-10-04 21:06:53.558][I][AutoBaseFunction.py(wrapper):10] Screen.Setup_Field : set_data 실행 시작
[2022-10-04 21:06:53.559][I][AutoBaseFunction.py(wrapper):11] Parameter : 
[2022-10-04 21:06:53.559][I][AutoBaseFunction.py(wrapper):17] Screen.Setup_Field : set_data 실행 종료
[2022-10-04 21:06:53.559][I][AutoBaseFunction.py(wrapper):10] Screen.Setup_Field : set_data 실행 시작
[2022-10-04 21:06:53.560][I][AutoBaseFunction.py(wrapper):11] Parameter : 
[2022-10-04 21:06:53.560][I][AutoBaseFunction.py(wrapper):17] Screen.Setup_Field : set_data 실행 종료
[2022-10-04 21:06:53.560][I][AutoBaseFunction.py(wrapper):10] Screen.Setup_Field : set_data 실행 시작
[2022-10-04 21:06:53.560][I][AutoBaseFunction.py(wrapper):11] Parameter : 
[2022-10-04 21:06:53.561][I][AutoBaseFunction.py(wrapper):17] Screen.Setup_Field : set_data 실행 종료
[2022-10-04 21:06:53.561][I][AutoBaseFunction.py(wrapper):10] Screen.Setup_Field : sl_set_slot 실행 시작
[2022-10-04 21:06:53.562][I][AutoBaseFunction.py(wrapper):11] Parameter : 
[2022-10-04 21:06:53.562][I][AutoBaseFunction.py(wrapper):17] Screen.Setup_Field : sl_set_slot 실행 종료
[2022-10-04 21:06:53.562][I][AutoBaseFunction.py(wrapper):17] Screen.Setup_Field : setupUI_Field 실행 종료
[2022-10-04 21:06:53.562][I][AutoBaseFunction.py(wrapper):10] Screen.Setup_TestList : setupUI_TestList 실행 시작
[2022-10-04 21:06:53.563][I][AutoBaseFunction.py(wrapper):11] Parameter : 
[2022-10-04 21:06:53.564][I][AutoBaseFunction.py(wrapper):10] Screen.Setup_TestList : btn_set_slot 실행 시작
[2022-10-04 21:06:53.564][I][AutoBaseFunction.py(wrapper):11] Parameter : 
[2022-10-04 21:06:53.565][I][AutoBaseFunction.py(wrapper):17] Screen.Setup_TestList : btn_set_slot 실행 종료
[2022-10-04 21:06:53.565][I][AutoBaseFunction.py(wrapper):17] Screen.Setup_TestList : setupUI_TestList 실행 종료
[2022-10-04 21:06:53.565][I][AutoBaseFunction.py(wrapper):17] __main__ : __wigets_setupUi 실행 종료
[2022-10-04 21:06:54.565][I][AutoBaseFunction.py(wrapper):10] Screen.MainWindow : update_open_menu 실행 시작
[2022-10-04 21:06:54.565][I][AutoBaseFunction.py(wrapper):11] Parameter : 
[2022-10-04 21:06:54.567][I][AutoBaseFunction.py(wrapper):17] Screen.MainWindow : update_open_menu 실행 종료
[2022-10-04 21:06:55.171][I][AutoBaseFunction.py(wrapper):10] __main__ : __ce_ui 실행 시작
[2022-10-04 21:06:55.171][I][AutoBaseFunction.py(wrapper):11] Parameter : False
[2022-10-04 21:06:55.192][I][AutoBaseFunction.py(wrapper):17] __main__ : __ce_ui 실행 종료
[2022-10-04 21:06:56.747][I][AutoBaseFunction.py(wrapper):10] Screen.Menu_CreateExcel : folder_toolButton_clicked 실행 시작
[2022-10-04 21:06:56.748][I][AutoBaseFunction.py(wrapper):11] Parameter : <PyQt5.QtWidgets.QLineEdit object at 0x00000268676B3438>, False
[2022-10-04 21:06:58.083][I][AutoBaseFunction.py(wrapper):17] Screen.Menu_CreateExcel : folder_toolButton_clicked 실행 종료
[2022-10-04 21:06:59.186][I][AutoBaseFunction.py(wrapper):10] Screen.Menu_CreateExcel : func_check 실행 시작
[2022-10-04 21:06:59.187][I][AutoBaseFunction.py(wrapper):11] Parameter : False
[2022-10-04 21:06:59.415][I][AutoBaseFunction.py(wrapper):17] Screen.Menu_CreateExcel : func_check 실행 종료
[2022-10-04 21:10:37.200][I][AutoBaseFunction.py(wrapper):10] Screen.MainWindow : closeEvent 실행 시작
[2022-10-04 21:10:37.201][I][AutoBaseFunction.py(wrapper):11] Parameter : <PyQt5.QtGui.QCloseEvent object at 0x000002686C0F6438>
