[2022-10-04 18:10:11.603][D][LogManager.py(Init):12] LogManager Init function called !!!
[2022-10-04 18:10:11.633][I][AutoBaseFunction.py(wrapper):10] Screen.MainWindow : setupUi 실행 시작
[2022-10-04 18:10:11.633][I][AutoBaseFunction.py(wrapper):11] Parameter : 
[2022-10-04 18:10:11.638][I][AutoBaseFunction.py(wrapper):10] Screen.MainWindow : set_field 실행 시작
[2022-10-04 18:10:11.639][I][AutoBaseFunction.py(wrapper):11] Parameter : 
[2022-10-04 18:10:11.691][I][AutoBaseFunction.py(wrapper):17] Screen.MainWindow : set_field 실행 종료
[2022-10-04 18:10:11.692][I][AutoBaseFunction.py(wrapper):10] Screen.MainWindow : setWidget_func 실행 시작
[2022-10-04 18:10:11.692][I][AutoBaseFunction.py(wrapper):11] Parameter : 
[2022-10-04 18:10:11.694][I][AutoBaseFunction.py(wrapper):17] Screen.MainWindow : setWidget_func 실행 종료
[2022-10-04 18:10:11.697][I][AutoBaseFunction.py(wrapper):17] Screen.MainWindow : setupUi 실행 종료
[2022-10-04 18:10:11.706][I][AutoBaseFunction.py(wrapper):10] __main__ : __set_slot 실행 시작
[2022-10-04 18:10:11.706][I][AutoBaseFunction.py(wrapper):11] Parameter : 
[2022-10-04 18:10:11.707][I][AutoBaseFunction.py(wrapper):17] __main__ : __set_slot 실행 종료
[2022-10-04 18:10:11.707][I][AutoBaseFunction.py(wrapper):10] __main__ : __wigets_setupUi 실행 시작
[2022-10-04 18:10:11.708][I][AutoBaseFunction.py(wrapper):11] Parameter : 
[2022-10-04 18:10:11.708][I][AutoBaseFunction.py(wrapper):10] Screen.Setup_Language : setupUI_Language 실행 시작
[2022-10-04 18:10:11.708][I][AutoBaseFunction.py(wrapper):11] Parameter : 
[2022-10-04 18:10:11.709][I][AutoBaseFunction.py(wrapper):10] Screen.Setup_Language : sl_set_slot 실행 시작
[2022-10-04 18:10:11.710][I][AutoBaseFunction.py(wrapper):11] Parameter : 
[2022-10-04 18:10:11.711][I][AutoBaseFunction.py(wrapper):17] Screen.Setup_Language : sl_set_slot 실행 종료
[2022-10-04 18:10:11.711][I][AutoBaseFunction.py(wrapper):17] Screen.Setup_Language : setupUI_Language 실행 종료
[2022-10-04 18:10:11.712][I][AutoBaseFunction.py(wrapper):10] Screen.Menu_CreateExcel : setupUI_CreateExcel 실행 시작
[2022-10-04 18:10:11.712][I][AutoBaseFunction.py(wrapper):11] Parameter : 
[2022-10-04 18:10:11.713][I][AutoBaseFunction.py(wrapper):10] Screen.Menu_CreateExcel : new_excel_func 실행 시작
[2022-10-04 18:10:11.713][I][AutoBaseFunction.py(wrapper):11] Parameter : 
[2022-10-04 18:10:11.714][I][AutoBaseFunction.py(wrapper):17] Screen.Menu_CreateExcel : new_excel_func 실행 종료
[2022-10-04 18:10:11.714][I][AutoBaseFunction.py(wrapper):10] Screen.Menu_CreateExcel : set_excel_func 실행 시작
[2022-10-04 18:10:11.715][I][AutoBaseFunction.py(wrapper):11] Parameter : 
[2022-10-04 18:10:11.715][I][AutoBaseFunction.py(wrapper):17] Screen.Menu_CreateExcel : set_excel_func 실행 종료
[2022-10-04 18:10:11.716][I][AutoBaseFunction.py(wrapper):17] Screen.Menu_CreateExcel : setupUI_CreateExcel 실행 종료
[2022-10-04 18:10:11.716][I][AutoBaseFunction.py(wrapper):10] Screen.Setup_Field : setupUI_Field 실행 시작
[2022-10-04 18:10:11.716][I][AutoBaseFunction.py(wrapper):11] Parameter : 
[2022-10-04 18:10:11.718][I][AutoBaseFunction.py(wrapper):10] Screen.Setup_Field : set_data 실행 시작
[2022-10-04 18:10:11.718][I][AutoBaseFunction.py(wrapper):11] Parameter : 
[2022-10-04 18:10:11.719][I][AutoBaseFunction.py(wrapper):17] Screen.Setup_Field : set_data 실행 종료
[2022-10-04 18:10:11.971][I][AutoBaseFunction.py(wrapper):10] Screen.Setup_Field : set_data 실행 시작
[2022-10-04 18:10:11.972][I][AutoBaseFunction.py(wrapper):11] Parameter : 
[2022-10-04 18:10:11.972][I][AutoBaseFunction.py(wrapper):17] Screen.Setup_Field : set_data 실행 종료
[2022-10-04 18:10:11.973][I][AutoBaseFunction.py(wrapper):10] Screen.Setup_Field : set_data 실행 시작
[2022-10-04 18:10:11.973][I][AutoBaseFunction.py(wrapper):11] Parameter : 
[2022-10-04 18:10:11.973][I][AutoBaseFunction.py(wrapper):17] Screen.Setup_Field : set_data 실행 종료
[2022-10-04 18:10:11.974][I][AutoBaseFunction.py(wrapper):10] Screen.Setup_Field : set_data 실행 시작
[2022-10-04 18:10:11.974][I][AutoBaseFunction.py(wrapper):11] Parameter : 
[2022-10-04 18:10:11.974][I][AutoBaseFunction.py(wrapper):17] Screen.Setup_Field : set_data 실행 종료
[2022-10-04 18:10:11.975][I][AutoBaseFunction.py(wrapper):10] Screen.Setup_Field : set_data 실행 시작
[2022-10-04 18:10:11.975][I][AutoBaseFunction.py(wrapper):11] Parameter : 
[2022-10-04 18:10:11.975][I][AutoBaseFunction.py(wrapper):17] Screen.Setup_Field : set_data 실행 종료
[2022-10-04 18:10:11.975][I][AutoBaseFunction.py(wrapper):10] Screen.Setup_Field : set_data 실행 시작
[2022-10-04 18:10:11.976][I][AutoBaseFunction.py(wrapper):11] Parameter : 
[2022-10-04 18:10:11.976][I][AutoBaseFunction.py(wrapper):17] Screen.Setup_Field : set_data 실행 종료
[2022-10-04 18:10:11.976][I][AutoBaseFunction.py(wrapper):10] Screen.Setup_Field : sl_set_slot 실행 시작
[2022-10-04 18:10:11.977][I][AutoBaseFunction.py(wrapper):11] Parameter : 
[2022-10-04 18:10:11.977][I][AutoBaseFunction.py(wrapper):17] Screen.Setup_Field : sl_set_slot 실행 종료
[2022-10-04 18:10:11.977][I][AutoBaseFunction.py(wrapper):17] Screen.Setup_Field : setupUI_Field 실행 종료
[2022-10-04 18:10:11.977][I][AutoBaseFunction.py(wrapper):10] Screen.Setup_TestList : setupUI_TestList 실행 시작
[2022-10-04 18:10:11.978][I][AutoBaseFunction.py(wrapper):11] Parameter : 
[2022-10-04 18:10:11.979][I][AutoBaseFunction.py(wrapper):10] Screen.Setup_TestList : btn_set_slot 실행 시작
[2022-10-04 18:10:11.979][I][AutoBaseFunction.py(wrapper):11] Parameter : 
[2022-10-04 18:10:11.980][I][AutoBaseFunction.py(wrapper):17] Screen.Setup_TestList : btn_set_slot 실행 종료
[2022-10-04 18:10:11.980][I][AutoBaseFunction.py(wrapper):17] Screen.Setup_TestList : setupUI_TestList 실행 종료
[2022-10-04 18:10:11.980][I][AutoBaseFunction.py(wrapper):17] __main__ : __wigets_setupUi 실행 종료
[2022-10-04 18:10:13.526][I][AutoBaseFunction.py(wrapper):10] Screen.MainWindow : update_open_menu 실행 시작
[2022-10-04 18:10:13.527][I][AutoBaseFunction.py(wrapper):11] Parameter : 
[2022-10-04 18:10:13.529][I][AutoBaseFunction.py(wrapper):17] Screen.MainWindow : update_open_menu 실행 종료
[2022-10-04 18:10:17.269][I][AutoBaseFunction.py(wrapper):10] Screen.MainWindow : update_open_menu 실행 시작
[2022-10-04 18:10:17.270][I][AutoBaseFunction.py(wrapper):11] Parameter : 
[2022-10-04 18:10:17.271][I][AutoBaseFunction.py(wrapper):17] Screen.MainWindow : update_open_menu 실행 종료
[2022-10-04 18:10:18.317][I][AutoBaseFunction.py(wrapper):10] Screen.MainWindow : show_imgList 실행 시작
[2022-10-04 18:10:18.319][I][AutoBaseFunction.py(wrapper):11] Parameter : ('한국어', 'D:/test/TestList_CSV/2022_skillup-master'), True, True
[2022-10-04 18:10:18.419][I][AutoBaseFunction.py(wrapper):17] Screen.MainWindow : show_imgList 실행 종료
[2022-10-04 18:10:19.604][I][AutoBaseFunction.py(wrapper):10] Screen.MainWindow : allPass_clicked 실행 시작
[2022-10-04 18:10:19.605][I][AutoBaseFunction.py(wrapper):11] Parameter : False
[2022-10-04 18:10:19.605][I][AutoBaseFunction.py(wrapper):17] Screen.MainWindow : allPass_clicked 실행 종료
[2022-10-04 18:10:20.965][I][AutoBaseFunction.py(wrapper):10] Screen.MainWindow : keyReleaseEvent 실행 시작
[2022-10-04 18:10:20.965][I][AutoBaseFunction.py(wrapper):11] Parameter : <PyQt5.QtGui.QKeyEvent object at 0x000002121339BE58>
[2022-10-04 18:10:20.968][I][AutoBaseFunction.py(wrapper):17] Screen.MainWindow : keyReleaseEvent 실행 종료
[2022-10-04 18:10:21.419][I][AutoBaseFunction.py(wrapper):10] Screen.MainWindow : allFail_clicked 실행 시작
[2022-10-04 18:10:21.420][I][AutoBaseFunction.py(wrapper):11] Parameter : False
[2022-10-04 18:10:21.420][I][AutoBaseFunction.py(wrapper):17] Screen.MainWindow : allFail_clicked 실행 종료
[2022-10-04 18:10:21.731][I][AutoBaseFunction.py(wrapper):10] Screen.MainWindow : keyReleaseEvent 실행 시작
[2022-10-04 18:10:21.732][I][AutoBaseFunction.py(wrapper):11] Parameter : <PyQt5.QtGui.QKeyEvent object at 0x000002121339BE58>
[2022-10-04 18:10:21.734][I][AutoBaseFunction.py(wrapper):17] Screen.MainWindow : keyReleaseEvent 실행 종료
[2022-10-04 18:10:22.347][I][AutoBaseFunction.py(wrapper):10] Screen.MainWindow : allNT_clicked 실행 시작
[2022-10-04 18:10:22.348][I][AutoBaseFunction.py(wrapper):11] Parameter : False
[2022-10-04 18:10:22.348][I][AutoBaseFunction.py(wrapper):17] Screen.MainWindow : allNT_clicked 실행 종료
[2022-10-04 18:10:22.596][I][AutoBaseFunction.py(wrapper):10] Screen.MainWindow : keyReleaseEvent 실행 시작
[2022-10-04 18:10:22.596][I][AutoBaseFunction.py(wrapper):11] Parameter : <PyQt5.QtGui.QKeyEvent object at 0x000002121339BE58>
[2022-10-04 18:10:22.599][I][AutoBaseFunction.py(wrapper):17] Screen.MainWindow : keyReleaseEvent 실행 종료
[2022-10-04 18:10:22.932][I][AutoBaseFunction.py(wrapper):10] Screen.MainWindow : allNA_clicked 실행 시작
[2022-10-04 18:10:22.933][I][AutoBaseFunction.py(wrapper):11] Parameter : False
[2022-10-04 18:10:22.933][I][AutoBaseFunction.py(wrapper):17] Screen.MainWindow : allNA_clicked 실행 종료
[2022-10-04 18:10:23.189][I][AutoBaseFunction.py(wrapper):10] Screen.MainWindow : keyReleaseEvent 실행 시작
[2022-10-04 18:10:23.189][I][AutoBaseFunction.py(wrapper):11] Parameter : <PyQt5.QtGui.QKeyEvent object at 0x000002121339BE58>
[2022-10-04 18:10:23.191][I][AutoBaseFunction.py(wrapper):17] Screen.MainWindow : keyReleaseEvent 실행 종료
[2022-10-04 18:10:27.066][I][AutoBaseFunction.py(wrapper):10] Screen.MainWindow : keyReleaseEvent 실행 시작
[2022-10-04 18:10:27.067][I][AutoBaseFunction.py(wrapper):11] Parameter : <PyQt5.QtGui.QKeyEvent object at 0x000002121339F558>
[2022-10-04 18:10:27.067][I][AutoBaseFunction.py(wrapper):17] Screen.MainWindow : keyReleaseEvent 실행 종료
[2022-10-04 18:10:27.067][I][AutoBaseFunction.py(wrapper):10] Screen.MainWindow : keyReleaseEvent 실행 시작
[2022-10-04 18:10:27.068][I][AutoBaseFunction.py(wrapper):11] Parameter : <PyQt5.QtGui.QKeyEvent object at 0x000002121339F558>
[2022-10-04 18:10:27.068][I][AutoBaseFunction.py(wrapper):17] Screen.MainWindow : keyReleaseEvent 실행 종료
[2022-10-04 18:10:30.380][I][AutoBaseFunction.py(wrapper):10] Screen.MainWindow : update_open_menu 실행 시작
[2022-10-04 18:10:30.381][I][AutoBaseFunction.py(wrapper):11] Parameter : 
[2022-10-04 18:10:30.382][I][AutoBaseFunction.py(wrapper):17] Screen.MainWindow : update_open_menu 실행 종료
[2022-10-04 18:10:31.613][I][AutoBaseFunction.py(wrapper):10] __main__ : __ce_ui 실행 시작
[2022-10-04 18:10:31.614][I][AutoBaseFunction.py(wrapper):11] Parameter : False
[2022-10-04 18:10:31.631][I][AutoBaseFunction.py(wrapper):17] __main__ : __ce_ui 실행 종료
[2022-10-04 18:10:34.132][I][AutoBaseFunction.py(wrapper):10] Screen.Menu_CreateExcel : folder_toolButton_clicked 실행 시작
[2022-10-04 18:10:34.132][I][AutoBaseFunction.py(wrapper):11] Parameter : <PyQt5.QtWidgets.QLineEdit object at 0x00000212132BDEE8>, False
[2022-10-04 18:10:38.685][I][AutoBaseFunction.py(wrapper):17] Screen.Menu_CreateExcel : folder_toolButton_clicked 실행 종료
[2022-10-04 18:10:40.964][I][AutoBaseFunction.py(wrapper):10] Screen.Menu_CreateExcel : func_check 실행 시작
[2022-10-04 18:10:40.965][I][AutoBaseFunction.py(wrapper):11] Parameter : False
