[2022-10-04 18:11:06.843][D][LogManager.py(Init):12] LogManager Init function called !!!
[2022-10-04 18:11:06.865][I][AutoBaseFunction.py(wrapper):10] Screen.MainWindow : setupUi 실행 시작
[2022-10-04 18:11:06.866][I][AutoBaseFunction.py(wrapper):11] Parameter : 
[2022-10-04 18:11:06.869][I][AutoBaseFunction.py(wrapper):10] Screen.MainWindow : set_field 실행 시작
[2022-10-04 18:11:06.870][I][AutoBaseFunction.py(wrapper):11] Parameter : 
[2022-10-04 18:11:06.895][I][AutoBaseFunction.py(wrapper):17] Screen.MainWindow : set_field 실행 종료
[2022-10-04 18:11:06.896][I][AutoBaseFunction.py(wrapper):10] Screen.MainWindow : setWidget_func 실행 시작
[2022-10-04 18:11:06.896][I][AutoBaseFunction.py(wrapper):11] Parameter : 
[2022-10-04 18:11:06.898][I][AutoBaseFunction.py(wrapper):17] Screen.MainWindow : setWidget_func 실행 종료
[2022-10-04 18:11:06.901][I][AutoBaseFunction.py(wrapper):17] Screen.MainWindow : setupUi 실행 종료
[2022-10-04 18:11:06.908][I][AutoBaseFunction.py(wrapper):10] __main__ : __set_slot 실행 시작
[2022-10-04 18:11:06.908][I][AutoBaseFunction.py(wrapper):11] Parameter : 
[2022-10-04 18:11:06.909][I][AutoBaseFunction.py(wrapper):17] __main__ : __set_slot 실행 종료
[2022-10-04 18:11:06.909][I][AutoBaseFunction.py(wrapper):10] __main__ : __wigets_setupUi 실행 시작
[2022-10-04 18:11:06.909][I][AutoBaseFunction.py(wrapper):11] Parameter : 
[2022-10-04 18:11:06.909][I][AutoBaseFunction.py(wrapper):10] Screen.Setup_Language : setupUI_Language 실행 시작
[2022-10-04 18:11:06.910][I][AutoBaseFunction.py(wrapper):11] Parameter : 
[2022-10-04 18:11:06.910][I][AutoBaseFunction.py(wrapper):10] Screen.Setup_Language : sl_set_slot 실행 시작
[2022-10-04 18:11:06.911][I][AutoBaseFunction.py(wrapper):11] Parameter : 
[2022-10-04 18:11:06.911][I][AutoBaseFunction.py(wrapper):17] Screen.Setup_Language : sl_set_slot 실행 종료
[2022-10-04 18:11:06.911][I][AutoBaseFunction.py(wrapper):17] Screen.Setup_Language : setupUI_Language 실행 종료
[2022-10-04 18:11:06.912][I][AutoBaseFunction.py(wrapper):10] Screen.Menu_CreateExcel : setupUI_CreateExcel 실행 시작
[2022-10-04 18:11:06.912][I][AutoBaseFunction.py(wrapper):11] Parameter : 
[2022-10-04 18:11:06.913][I][AutoBaseFunction.py(wrapper):10] Screen.Menu_CreateExcel : new_excel_func 실행 시작
[2022-10-04 18:11:06.913][I][AutoBaseFunction.py(wrapper):11] Parameter : 
[2022-10-04 18:11:06.913][I][AutoBaseFunction.py(wrapper):17] Screen.Menu_CreateExcel : new_excel_func 실행 종료
[2022-10-04 18:11:06.914][I][AutoBaseFunction.py(wrapper):10] Screen.Menu_CreateExcel : set_excel_func 실행 시작
[2022-10-04 18:11:06.914][I][AutoBaseFunction.py(wrapper):11] Parameter : 
[2022-10-04 18:11:06.914][I][AutoBaseFunction.py(wrapper):17] Screen.Menu_CreateExcel : set_excel_func 실행 종료
[2022-10-04 18:11:06.915][I][AutoBaseFunction.py(wrapper):17] Screen.Menu_CreateExcel : setupUI_CreateExcel 실행 종료
[2022-10-04 18:11:06.915][I][AutoBaseFunction.py(wrapper):10] Screen.Setup_Field : setupUI_Field 실행 시작
[2022-10-04 18:11:06.915][I][AutoBaseFunction.py(wrapper):11] Parameter : 
[2022-10-04 18:11:06.917][I][AutoBaseFunction.py(wrapper):10] Screen.Setup_Field : set_data 실행 시작
[2022-10-04 18:11:06.917][I][AutoBaseFunction.py(wrapper):11] Parameter : 
[2022-10-04 18:11:06.918][I][AutoBaseFunction.py(wrapper):17] Screen.Setup_Field : set_data 실행 종료
[2022-10-04 18:11:07.170][I][AutoBaseFunction.py(wrapper):10] Screen.Setup_Field : set_data 실행 시작
[2022-10-04 18:11:07.170][I][AutoBaseFunction.py(wrapper):11] Parameter : 
[2022-10-04 18:11:07.171][I][AutoBaseFunction.py(wrapper):17] Screen.Setup_Field : set_data 실행 종료
[2022-10-04 18:11:07.171][I][AutoBaseFunction.py(wrapper):10] Screen.Setup_Field : set_data 실행 시작
[2022-10-04 18:11:07.171][I][AutoBaseFunction.py(wrapper):11] Parameter : 
[2022-10-04 18:11:07.172][I][AutoBaseFunction.py(wrapper):17] Screen.Setup_Field : set_data 실행 종료
[2022-10-04 18:11:07.172][I][AutoBaseFunction.py(wrapper):10] Screen.Setup_Field : set_data 실행 시작
[2022-10-04 18:11:07.173][I][AutoBaseFunction.py(wrapper):11] Parameter : 
[2022-10-04 18:11:07.173][I][AutoBaseFunction.py(wrapper):17] Screen.Setup_Field : set_data 실행 종료
[2022-10-04 18:11:07.173][I][AutoBaseFunction.py(wrapper):10] Screen.Setup_Field : set_data 실행 시작
[2022-10-04 18:11:07.173][I][AutoBaseFunction.py(wrapper):11] Parameter : 
[2022-10-04 18:11:07.174][I][AutoBaseFunction.py(wrapper):17] Screen.Setup_Field : set_data 실행 종료
[2022-10-04 18:11:07.174][I][AutoBaseFunction.py(wrapper):10] Screen.Setup_Field : set_data 실행 시작
[2022-10-04 18:11:07.174][I][AutoBaseFunction.py(wrapper):11] Parameter : 
[2022-10-04 18:11:07.174][I][AutoBaseFunction.py(wrapper):17] Screen.Setup_Field : set_data 실행 종료
[2022-10-04 18:11:07.175][I][AutoBaseFunction.py(wrapper):10] Screen.Setup_Field : sl_set_slot 실행 시작
[2022-10-04 18:11:07.175][I][AutoBaseFunction.py(wrapper):11] Parameter : 
[2022-10-04 18:11:07.175][I][AutoBaseFunction.py(wrapper):17] Screen.Setup_Field : sl_set_slot 실행 종료
[2022-10-04 18:11:07.175][I][AutoBaseFunction.py(wrapper):17] Screen.Setup_Field : setupUI_Field 실행 종료
[2022-10-04 18:11:07.176][I][AutoBaseFunction.py(wrapper):10] Screen.Setup_TestList : setupUI_TestList 실행 시작
[2022-10-04 18:11:07.176][I][AutoBaseFunction.py(wrapper):11] Parameter : 
[2022-10-04 18:11:07.177][I][AutoBaseFunction.py(wrapper):10] Screen.Setup_TestList : btn_set_slot 실행 시작
[2022-10-04 18:11:07.177][I][AutoBaseFunction.py(wrapper):11] Parameter : 
[2022-10-04 18:11:07.177][I][AutoBaseFunction.py(wrapper):17] Screen.Setup_TestList : btn_set_slot 실행 종료
[2022-10-04 18:11:07.177][I][AutoBaseFunction.py(wrapper):17] Screen.Setup_TestList : setupUI_TestList 실행 종료
[2022-10-04 18:11:07.178][I][AutoBaseFunction.py(wrapper):17] __main__ : __wigets_setupUi 실행 종료
[2022-10-04 18:11:08.574][I][AutoBaseFunction.py(wrapper):10] Screen.MainWindow : update_open_menu 실행 시작
[2022-10-04 18:11:08.575][I][AutoBaseFunction.py(wrapper):11] Parameter : 
[2022-10-04 18:11:08.576][I][AutoBaseFunction.py(wrapper):17] Screen.MainWindow : update_open_menu 실행 종료
