[2022-10-06 11:15:33.725][D][LogManager.py(Init):12] LogManager Init function called !!!
[2022-10-06 11:15:33.778][I][AutoBaseFunction.py(wrapper):10] Screen.MainWindow : setupUi 실행 시작
[2022-10-06 11:15:33.779][I][AutoBaseFunction.py(wrapper):11] Parameter : 
[2022-10-06 11:15:33.784][I][AutoBaseFunction.py(wrapper):10] Screen.MainWindow : set_field 실행 시작
[2022-10-06 11:15:33.785][I][AutoBaseFunction.py(wrapper):11] Parameter : 
[2022-10-06 11:15:33.810][I][AutoBaseFunction.py(wrapper):17] Screen.MainWindow : set_field 실행 종료
[2022-10-06 11:15:33.810][I][AutoBaseFunction.py(wrapper):10] Screen.MainWindow : setWidget_func 실행 시작
[2022-10-06 11:15:33.811][I][AutoBaseFunction.py(wrapper):11] Parameter : 
[2022-10-06 11:15:33.812][I][AutoBaseFunction.py(wrapper):17] Screen.MainWindow : setWidget_func 실행 종료
[2022-10-06 11:15:33.814][I][AutoBaseFunction.py(wrapper):17] Screen.MainWindow : setupUi 실행 종료
[2022-10-06 11:15:33.820][I][AutoBaseFunction.py(wrapper):10] __main__ : __set_slot 실행 시작
[2022-10-06 11:15:33.821][I][AutoBaseFunction.py(wrapper):11] Parameter : 
[2022-10-06 11:15:33.822][I][AutoBaseFunction.py(wrapper):17] __main__ : __set_slot 실행 종료
[2022-10-06 11:15:33.822][I][AutoBaseFunction.py(wrapper):10] __main__ : __wigets_setupUi 실행 시작
[2022-10-06 11:15:33.823][I][AutoBaseFunction.py(wrapper):11] Parameter : 
[2022-10-06 11:15:33.824][I][AutoBaseFunction.py(wrapper):10] Screen.Setup_Language : setupUI_Language 실행 시작
[2022-10-06 11:15:33.824][I][AutoBaseFunction.py(wrapper):11] Parameter : 
[2022-10-06 11:15:33.825][I][AutoBaseFunction.py(wrapper):10] Screen.Setup_Language : sl_set_slot 실행 시작
[2022-10-06 11:15:33.825][I][AutoBaseFunction.py(wrapper):11] Parameter : 
[2022-10-06 11:15:33.826][I][AutoBaseFunction.py(wrapper):17] Screen.Setup_Language : sl_set_slot 실행 종료
[2022-10-06 11:15:33.826][I][AutoBaseFunction.py(wrapper):17] Screen.Setup_Language : setupUI_Language 실행 종료
[2022-10-06 11:15:33.827][I][AutoBaseFunction.py(wrapper):10] Screen.Menu_CreateExcel : setupUI_CreateExcel 실행 시작
[2022-10-06 11:15:33.827][I][AutoBaseFunction.py(wrapper):11] Parameter : 
[2022-10-06 11:15:33.831][I][AutoBaseFunction.py(wrapper):10] Screen.Menu_CreateExcel : new_excel_func 실행 시작
[2022-10-06 11:15:33.831][I][AutoBaseFunction.py(wrapper):11] Parameter : 
[2022-10-06 11:15:33.831][I][AutoBaseFunction.py(wrapper):17] Screen.Menu_CreateExcel : new_excel_func 실행 종료
[2022-10-06 11:15:33.832][I][AutoBaseFunction.py(wrapper):10] Screen.Menu_CreateExcel : set_excel_func 실행 시작
[2022-10-06 11:15:33.832][I][AutoBaseFunction.py(wrapper):11] Parameter : 
[2022-10-06 11:15:33.833][I][AutoBaseFunction.py(wrapper):17] Screen.Menu_CreateExcel : set_excel_func 실행 종료
[2022-10-06 11:15:33.833][I][AutoBaseFunction.py(wrapper):17] Screen.Menu_CreateExcel : setupUI_CreateExcel 실행 종료
[2022-10-06 11:15:33.833][I][AutoBaseFunction.py(wrapper):10] Screen.Setup_Field : setupUI_Field 실행 시작
[2022-10-06 11:15:33.834][I][AutoBaseFunction.py(wrapper):11] Parameter : 
[2022-10-06 11:15:33.836][I][AutoBaseFunction.py(wrapper):10] Screen.Setup_Field : set_data 실행 시작
[2022-10-06 11:15:33.838][I][AutoBaseFunction.py(wrapper):11] Parameter : 
[2022-10-06 11:15:33.838][I][AutoBaseFunction.py(wrapper):17] Screen.Setup_Field : set_data 실행 종료
[2022-10-06 11:15:34.079][I][AutoBaseFunction.py(wrapper):10] Screen.Setup_Field : set_data 실행 시작
[2022-10-06 11:15:34.080][I][AutoBaseFunction.py(wrapper):11] Parameter : 
[2022-10-06 11:15:34.080][I][AutoBaseFunction.py(wrapper):17] Screen.Setup_Field : set_data 실행 종료
[2022-10-06 11:15:34.082][I][AutoBaseFunction.py(wrapper):10] Screen.Setup_Field : set_data 실행 시작
[2022-10-06 11:15:34.082][I][AutoBaseFunction.py(wrapper):11] Parameter : 
[2022-10-06 11:15:34.083][I][AutoBaseFunction.py(wrapper):17] Screen.Setup_Field : set_data 실행 종료
[2022-10-06 11:15:34.083][I][AutoBaseFunction.py(wrapper):10] Screen.Setup_Field : set_data 실행 시작
[2022-10-06 11:15:34.084][I][AutoBaseFunction.py(wrapper):11] Parameter : 
[2022-10-06 11:15:34.085][I][AutoBaseFunction.py(wrapper):17] Screen.Setup_Field : set_data 실행 종료
[2022-10-06 11:15:34.085][I][AutoBaseFunction.py(wrapper):10] Screen.Setup_Field : set_data 실행 시작
[2022-10-06 11:15:34.086][I][AutoBaseFunction.py(wrapper):11] Parameter : 
[2022-10-06 11:15:34.086][I][AutoBaseFunction.py(wrapper):17] Screen.Setup_Field : set_data 실행 종료
[2022-10-06 11:15:34.088][I][AutoBaseFunction.py(wrapper):10] Screen.Setup_Field : set_data 실행 시작
[2022-10-06 11:15:34.088][I][AutoBaseFunction.py(wrapper):11] Parameter : 
[2022-10-06 11:15:34.088][I][AutoBaseFunction.py(wrapper):17] Screen.Setup_Field : set_data 실행 종료
[2022-10-06 11:15:34.089][I][AutoBaseFunction.py(wrapper):10] Screen.Setup_Field : sl_set_slot 실행 시작
[2022-10-06 11:15:34.089][I][AutoBaseFunction.py(wrapper):11] Parameter : 
[2022-10-06 11:15:34.089][I][AutoBaseFunction.py(wrapper):17] Screen.Setup_Field : sl_set_slot 실행 종료
[2022-10-06 11:15:34.090][I][AutoBaseFunction.py(wrapper):17] Screen.Setup_Field : setupUI_Field 실행 종료
[2022-10-06 11:15:34.090][I][AutoBaseFunction.py(wrapper):10] Screen.Setup_TestList : setupUI_TestList 실행 시작
[2022-10-06 11:15:34.090][I][AutoBaseFunction.py(wrapper):11] Parameter : 
[2022-10-06 11:15:34.095][I][AutoBaseFunction.py(wrapper):10] Screen.Setup_TestList : btn_set_slot 실행 시작
[2022-10-06 11:15:34.095][I][AutoBaseFunction.py(wrapper):11] Parameter : 
[2022-10-06 11:15:34.096][I][AutoBaseFunction.py(wrapper):17] Screen.Setup_TestList : btn_set_slot 실행 종료
[2022-10-06 11:15:34.096][I][AutoBaseFunction.py(wrapper):17] Screen.Setup_TestList : setupUI_TestList 실행 종료
[2022-10-06 11:15:34.096][I][AutoBaseFunction.py(wrapper):17] __main__ : __wigets_setupUi 실행 종료
[2022-10-06 11:16:41.891][I][AutoBaseFunction.py(wrapper):10] Screen.MainWindow : closeEvent 실행 시작
[2022-10-06 11:16:41.892][I][AutoBaseFunction.py(wrapper):11] Parameter : <PyQt5.QtGui.QCloseEvent object at 0x000002B6F6D795E8>
