[2022-10-04 17:43:18.668][D][LogManager.py(Init):12] LogManager Init function called !!!
[2022-10-04 17:43:18.690][I][AutoBaseFunction.py(wrapper):7] Screen.MainWindow : setupUi 실행 시작
[2022-10-04 17:43:18.690][I][AutoBaseFunction.py(wrapper):8] Parameter : 
[2022-10-04 17:43:18.693][I][AutoBaseFunction.py(wrapper):7] Screen.MainWindow : set_field 실행 시작
[2022-10-04 17:43:18.694][I][AutoBaseFunction.py(wrapper):8] Parameter : 
[2022-10-04 17:43:18.720][I][AutoBaseFunction.py(wrapper):14] Screen.MainWindow : set_field 실행 종료
[2022-10-04 17:43:18.721][I][AutoBaseFunction.py(wrapper):7] Screen.MainWindow : setWidget_func 실행 시작
[2022-10-04 17:43:18.721][I][AutoBaseFunction.py(wrapper):8] Parameter : 
[2022-10-04 17:43:18.723][I][AutoBaseFunction.py(wrapper):14] Screen.MainWindow : setWidget_func 실행 종료
[2022-10-04 17:43:18.725][I][AutoBaseFunction.py(wrapper):14] Screen.MainWindow : setupUi 실행 종료
[2022-10-04 17:43:18.732][I][AutoBaseFunction.py(wrapper):7] __main__ : __set_slot 실행 시작
[2022-10-04 17:43:18.733][I][AutoBaseFunction.py(wrapper):8] Parameter : 
[2022-10-04 17:43:18.733][I][AutoBaseFunction.py(wrapper):14] __main__ : __set_slot 실행 종료
[2022-10-04 17:43:18.734][I][AutoBaseFunction.py(wrapper):7] __main__ : __wigets_setupUi 실행 시작
[2022-10-04 17:43:18.734][I][AutoBaseFunction.py(wrapper):8] Parameter : 
[2022-10-04 17:43:18.734][I][AutoBaseFunction.py(wrapper):7] Screen.Setup_Language : setupUI_Language 실행 시작
[2022-10-04 17:43:18.735][I][AutoBaseFunction.py(wrapper):8] Parameter : 
[2022-10-04 17:43:18.735][I][AutoBaseFunction.py(wrapper):7] Screen.Setup_Language : sl_set_slot 실행 시작
[2022-10-04 17:43:18.736][I][AutoBaseFunction.py(wrapper):8] Parameter : 
[2022-10-04 17:43:18.736][I][AutoBaseFunction.py(wrapper):14] Screen.Setup_Language : sl_set_slot 실행 종료
[2022-10-04 17:43:18.736][I][AutoBaseFunction.py(wrapper):14] Screen.Setup_Language : setupUI_Language 실행 종료
[2022-10-04 17:43:18.737][I][AutoBaseFunction.py(wrapper):7] Screen.Menu_CreateExcel : setupUI_CreateExcel 실행 시작
[2022-10-04 17:43:18.737][I][AutoBaseFunction.py(wrapper):8] Parameter : 
[2022-10-04 17:43:18.738][I][AutoBaseFunction.py(wrapper):7] Screen.Menu_CreateExcel : new_excel_func 실행 시작
[2022-10-04 17:43:18.739][I][AutoBaseFunction.py(wrapper):8] Parameter : 
[2022-10-04 17:43:18.739][I][AutoBaseFunction.py(wrapper):14] Screen.Menu_CreateExcel : new_excel_func 실행 종료
[2022-10-04 17:43:18.740][I][AutoBaseFunction.py(wrapper):7] Screen.Menu_CreateExcel : set_excel_func 실행 시작
[2022-10-04 17:43:18.740][I][AutoBaseFunction.py(wrapper):8] Parameter : 
[2022-10-04 17:43:18.743][I][AutoBaseFunction.py(wrapper):14] Screen.Menu_CreateExcel : set_excel_func 실행 종료
[2022-10-04 17:43:18.744][I][AutoBaseFunction.py(wrapper):14] Screen.Menu_CreateExcel : setupUI_CreateExcel 실행 종료
[2022-10-04 17:43:18.745][I][AutoBaseFunction.py(wrapper):7] Screen.Setup_Field : setupUI_Field 실행 시작
[2022-10-04 17:43:18.746][I][AutoBaseFunction.py(wrapper):8] Parameter : 
[2022-10-04 17:43:18.750][I][AutoBaseFunction.py(wrapper):7] Screen.Setup_Field : set_data 실행 시작
[2022-10-04 17:43:18.750][I][AutoBaseFunction.py(wrapper):8] Parameter : 
[2022-10-04 17:43:18.751][I][AutoBaseFunction.py(wrapper):14] Screen.Setup_Field : set_data 실행 종료
[2022-10-04 17:43:18.998][I][AutoBaseFunction.py(wrapper):7] Screen.Setup_Field : set_data 실행 시작
[2022-10-04 17:43:18.998][I][AutoBaseFunction.py(wrapper):8] Parameter : 
[2022-10-04 17:43:18.999][I][AutoBaseFunction.py(wrapper):14] Screen.Setup_Field : set_data 실행 종료
[2022-10-04 17:43:18.999][I][AutoBaseFunction.py(wrapper):7] Screen.Setup_Field : set_data 실행 시작
[2022-10-04 17:43:19.000][I][AutoBaseFunction.py(wrapper):8] Parameter : 
[2022-10-04 17:43:19.000][I][AutoBaseFunction.py(wrapper):14] Screen.Setup_Field : set_data 실행 종료
[2022-10-04 17:43:19.001][I][AutoBaseFunction.py(wrapper):7] Screen.Setup_Field : set_data 실행 시작
[2022-10-04 17:43:19.001][I][AutoBaseFunction.py(wrapper):8] Parameter : 
[2022-10-04 17:43:19.001][I][AutoBaseFunction.py(wrapper):14] Screen.Setup_Field : set_data 실행 종료
[2022-10-04 17:43:19.001][I][AutoBaseFunction.py(wrapper):7] Screen.Setup_Field : set_data 실행 시작
[2022-10-04 17:43:19.002][I][AutoBaseFunction.py(wrapper):8] Parameter : 
[2022-10-04 17:43:19.002][I][AutoBaseFunction.py(wrapper):14] Screen.Setup_Field : set_data 실행 종료
[2022-10-04 17:43:19.002][I][AutoBaseFunction.py(wrapper):7] Screen.Setup_Field : set_data 실행 시작
[2022-10-04 17:43:19.002][I][AutoBaseFunction.py(wrapper):8] Parameter : 
[2022-10-04 17:43:19.003][I][AutoBaseFunction.py(wrapper):14] Screen.Setup_Field : set_data 실행 종료
[2022-10-04 17:43:19.003][I][AutoBaseFunction.py(wrapper):7] Screen.Setup_Field : sl_set_slot 실행 시작
[2022-10-04 17:43:19.003][I][AutoBaseFunction.py(wrapper):8] Parameter : 
[2022-10-04 17:43:19.003][I][AutoBaseFunction.py(wrapper):14] Screen.Setup_Field : sl_set_slot 실행 종료
[2022-10-04 17:43:19.004][I][AutoBaseFunction.py(wrapper):14] Screen.Setup_Field : setupUI_Field 실행 종료
[2022-10-04 17:43:19.004][I][AutoBaseFunction.py(wrapper):7] Screen.Setup_TestList : setupUI_TestList 실행 시작
[2022-10-04 17:43:19.004][I][AutoBaseFunction.py(wrapper):8] Parameter : 
[2022-10-04 17:43:19.005][I][AutoBaseFunction.py(wrapper):7] Screen.Setup_TestList : btn_set_slot 실행 시작
[2022-10-04 17:43:19.005][I][AutoBaseFunction.py(wrapper):8] Parameter : 
[2022-10-04 17:43:19.006][I][AutoBaseFunction.py(wrapper):14] Screen.Setup_TestList : btn_set_slot 실행 종료
[2022-10-04 17:43:19.006][I][AutoBaseFunction.py(wrapper):14] Screen.Setup_TestList : setupUI_TestList 실행 종료
[2022-10-04 17:43:19.006][I][AutoBaseFunction.py(wrapper):14] __main__ : __wigets_setupUi 실행 종료
[2022-10-04 17:43:20.280][I][AutoBaseFunction.py(wrapper):7] __main__ : __sl_ui 실행 시작
[2022-10-04 17:43:20.280][I][AutoBaseFunction.py(wrapper):8] Parameter : False
[2022-10-04 17:43:20.281][I][AutoBaseFunction.py(wrapper):7] Screen.Setup_Language : setLang_Button 실행 시작
[2022-10-04 17:43:20.281][I][AutoBaseFunction.py(wrapper):8] Parameter : 
[2022-10-04 17:43:20.283][I][AutoBaseFunction.py(wrapper):14] Screen.Setup_Language : setLang_Button 실행 종료
[2022-10-04 17:43:20.296][I][AutoBaseFunction.py(wrapper):14] __main__ : __sl_ui 실행 종료
[2022-10-04 17:43:21.775][I][AutoBaseFunction.py(wrapper):7] Screen.Setup_Language : ok_Button_clicked 실행 시작
[2022-10-04 17:43:21.775][I][AutoBaseFunction.py(wrapper):8] Parameter : False
[2022-10-04 17:43:21.877][I][AutoBaseFunction.py(wrapper):7] Screen.Setup_Language : closeEvent 실행 시작
[2022-10-04 17:43:21.877][I][AutoBaseFunction.py(wrapper):8] Parameter : <PyQt5.QtGui.QCloseEvent object at 0x000001AE26C4D3A8>
[2022-10-04 17:43:21.878][I][AutoBaseFunction.py(wrapper):14] Screen.Setup_Language : closeEvent 실행 종료
[2022-10-04 17:43:21.884][I][AutoBaseFunction.py(wrapper):14] Screen.Setup_Language : ok_Button_clicked 실행 종료
[2022-10-04 17:43:22.569][I][AutoBaseFunction.py(wrapper):7] Screen.MainWindow : update_open_menu 실행 시작
[2022-10-04 17:43:22.569][I][AutoBaseFunction.py(wrapper):8] Parameter : 
[2022-10-04 17:43:22.570][I][AutoBaseFunction.py(wrapper):14] Screen.MainWindow : update_open_menu 실행 종료
[2022-10-04 17:43:23.607][I][AutoBaseFunction.py(wrapper):7] Screen.MainWindow : show_imgList 실행 시작
[2022-10-04 17:43:23.608][I][AutoBaseFunction.py(wrapper):8] Parameter : ('한국어', 'D:/test/TestList_CSV/2022_skillup-master'), True, True
[2022-10-04 17:43:23.662][I][AutoBaseFunction.py(wrapper):7] Screen.MainWindow : qbutton_clicked 실행 시작
[2022-10-04 17:43:23.662][I][AutoBaseFunction.py(wrapper):8] Parameter : None, 0, <Screen.MainWindow.QPushButtonIcon object at 0x000001AE26C8B678>, False
[2022-10-04 17:43:23.707][I][AutoBaseFunction.py(wrapper):14] Screen.MainWindow : qbutton_clicked 실행 종료
[2022-10-04 17:43:23.708][I][AutoBaseFunction.py(wrapper):14] Screen.MainWindow : show_imgList 실행 종료
[2022-10-04 17:43:24.839][I][AutoBaseFunction.py(wrapper):7] Screen.MainWindow : allFail_clicked 실행 시작
[2022-10-04 17:43:24.839][I][AutoBaseFunction.py(wrapper):8] Parameter : False
[2022-10-04 17:43:24.839][I][AutoBaseFunction.py(wrapper):14] Screen.MainWindow : allFail_clicked 실행 종료
