[2022-10-04 18:51:48.579][D][LogManager.py(Init):12] LogManager Init function called !!!
[2022-10-04 18:51:48.608][I][AutoBaseFunction.py(wrapper):10] Screen.MainWindow : setupUi 실행 시작
[2022-10-04 18:51:48.609][I][AutoBaseFunction.py(wrapper):11] Parameter : 
[2022-10-04 18:51:48.612][I][AutoBaseFunction.py(wrapper):10] Screen.MainWindow : set_field 실행 시작
[2022-10-04 18:51:48.613][I][AutoBaseFunction.py(wrapper):11] Parameter : 
[2022-10-04 18:51:48.641][I][AutoBaseFunction.py(wrapper):17] Screen.MainWindow : set_field 실행 종료
[2022-10-04 18:51:48.641][I][AutoBaseFunction.py(wrapper):10] Screen.MainWindow : setWidget_func 실행 시작
[2022-10-04 18:51:48.642][I][AutoBaseFunction.py(wrapper):11] Parameter : 
[2022-10-04 18:51:48.644][I][AutoBaseFunction.py(wrapper):17] Screen.MainWindow : setWidget_func 실행 종료
[2022-10-04 18:51:48.646][I][AutoBaseFunction.py(wrapper):17] Screen.MainWindow : setupUi 실행 종료
[2022-10-04 18:51:48.659][I][AutoBaseFunction.py(wrapper):10] __main__ : __set_slot 실행 시작
[2022-10-04 18:51:48.659][I][AutoBaseFunction.py(wrapper):11] Parameter : 
[2022-10-04 18:51:48.660][I][AutoBaseFunction.py(wrapper):17] __main__ : __set_slot 실행 종료
[2022-10-04 18:51:48.660][I][AutoBaseFunction.py(wrapper):10] __main__ : __wigets_setupUi 실행 시작
[2022-10-04 18:51:48.660][I][AutoBaseFunction.py(wrapper):11] Parameter : 
[2022-10-04 18:51:48.661][I][AutoBaseFunction.py(wrapper):10] Screen.Setup_Language : setupUI_Language 실행 시작
[2022-10-04 18:51:48.661][I][AutoBaseFunction.py(wrapper):11] Parameter : 
[2022-10-04 18:51:48.662][I][AutoBaseFunction.py(wrapper):10] Screen.Setup_Language : sl_set_slot 실행 시작
[2022-10-04 18:51:48.662][I][AutoBaseFunction.py(wrapper):11] Parameter : 
[2022-10-04 18:51:48.663][I][AutoBaseFunction.py(wrapper):17] Screen.Setup_Language : sl_set_slot 실행 종료
[2022-10-04 18:51:48.663][I][AutoBaseFunction.py(wrapper):17] Screen.Setup_Language : setupUI_Language 실행 종료
[2022-10-04 18:51:48.664][I][AutoBaseFunction.py(wrapper):10] Screen.Menu_CreateExcel : setupUI_CreateExcel 실행 시작
[2022-10-04 18:51:48.664][I][AutoBaseFunction.py(wrapper):11] Parameter : 
[2022-10-04 18:51:48.665][I][AutoBaseFunction.py(wrapper):10] Screen.Menu_CreateExcel : new_excel_func 실행 시작
[2022-10-04 18:51:48.665][I][AutoBaseFunction.py(wrapper):11] Parameter : 
[2022-10-04 18:51:48.666][I][AutoBaseFunction.py(wrapper):17] Screen.Menu_CreateExcel : new_excel_func 실행 종료
[2022-10-04 18:51:48.666][I][AutoBaseFunction.py(wrapper):10] Screen.Menu_CreateExcel : set_excel_func 실행 시작
[2022-10-04 18:51:48.666][I][AutoBaseFunction.py(wrapper):11] Parameter : 
[2022-10-04 18:51:48.667][I][AutoBaseFunction.py(wrapper):17] Screen.Menu_CreateExcel : set_excel_func 실행 종료
[2022-10-04 18:51:48.667][I][AutoBaseFunction.py(wrapper):17] Screen.Menu_CreateExcel : setupUI_CreateExcel 실행 종료
[2022-10-04 18:51:48.668][I][AutoBaseFunction.py(wrapper):10] Screen.Setup_Field : setupUI_Field 실행 시작
[2022-10-04 18:51:48.668][I][AutoBaseFunction.py(wrapper):11] Parameter : 
[2022-10-04 18:51:48.670][I][AutoBaseFunction.py(wrapper):10] Screen.Setup_Field : set_data 실행 시작
[2022-10-04 18:51:48.670][I][AutoBaseFunction.py(wrapper):11] Parameter : 
[2022-10-04 18:51:48.670][I][AutoBaseFunction.py(wrapper):17] Screen.Setup_Field : set_data 실행 종료
[2022-10-04 18:51:48.909][I][AutoBaseFunction.py(wrapper):10] Screen.Setup_Field : set_data 실행 시작
[2022-10-04 18:51:48.909][I][AutoBaseFunction.py(wrapper):11] Parameter : 
[2022-10-04 18:51:48.910][I][AutoBaseFunction.py(wrapper):17] Screen.Setup_Field : set_data 실행 종료
[2022-10-04 18:51:48.910][I][AutoBaseFunction.py(wrapper):10] Screen.Setup_Field : set_data 실행 시작
[2022-10-04 18:51:48.910][I][AutoBaseFunction.py(wrapper):11] Parameter : 
[2022-10-04 18:51:48.911][I][AutoBaseFunction.py(wrapper):17] Screen.Setup_Field : set_data 실행 종료
[2022-10-04 18:51:48.911][I][AutoBaseFunction.py(wrapper):10] Screen.Setup_Field : set_data 실행 시작
[2022-10-04 18:51:48.912][I][AutoBaseFunction.py(wrapper):11] Parameter : 
[2022-10-04 18:51:48.912][I][AutoBaseFunction.py(wrapper):17] Screen.Setup_Field : set_data 실행 종료
[2022-10-04 18:51:48.912][I][AutoBaseFunction.py(wrapper):10] Screen.Setup_Field : set_data 실행 시작
[2022-10-04 18:51:48.912][I][AutoBaseFunction.py(wrapper):11] Parameter : 
[2022-10-04 18:51:48.913][I][AutoBaseFunction.py(wrapper):17] Screen.Setup_Field : set_data 실행 종료
[2022-10-04 18:51:48.913][I][AutoBaseFunction.py(wrapper):10] Screen.Setup_Field : set_data 실행 시작
[2022-10-04 18:51:48.913][I][AutoBaseFunction.py(wrapper):11] Parameter : 
[2022-10-04 18:51:48.914][I][AutoBaseFunction.py(wrapper):17] Screen.Setup_Field : set_data 실행 종료
[2022-10-04 18:51:48.914][I][AutoBaseFunction.py(wrapper):10] Screen.Setup_Field : sl_set_slot 실행 시작
[2022-10-04 18:51:48.914][I][AutoBaseFunction.py(wrapper):11] Parameter : 
[2022-10-04 18:51:48.914][I][AutoBaseFunction.py(wrapper):17] Screen.Setup_Field : sl_set_slot 실행 종료
[2022-10-04 18:51:48.915][I][AutoBaseFunction.py(wrapper):17] Screen.Setup_Field : setupUI_Field 실행 종료
[2022-10-04 18:51:48.915][I][AutoBaseFunction.py(wrapper):10] Screen.Setup_TestList : setupUI_TestList 실행 시작
[2022-10-04 18:51:48.915][I][AutoBaseFunction.py(wrapper):11] Parameter : 
[2022-10-04 18:51:48.916][I][AutoBaseFunction.py(wrapper):10] Screen.Setup_TestList : btn_set_slot 실행 시작
[2022-10-04 18:51:48.916][I][AutoBaseFunction.py(wrapper):11] Parameter : 
[2022-10-04 18:51:48.917][I][AutoBaseFunction.py(wrapper):17] Screen.Setup_TestList : btn_set_slot 실행 종료
[2022-10-04 18:51:48.917][I][AutoBaseFunction.py(wrapper):17] Screen.Setup_TestList : setupUI_TestList 실행 종료
[2022-10-04 18:51:48.917][I][AutoBaseFunction.py(wrapper):17] __main__ : __wigets_setupUi 실행 종료
[2022-10-04 18:51:49.797][I][AutoBaseFunction.py(wrapper):10] Screen.MainWindow : closeEvent 실행 시작
[2022-10-04 18:51:49.797][I][AutoBaseFunction.py(wrapper):11] Parameter : <PyQt5.QtGui.QCloseEvent object at 0x000001C587171B88>
