[2022-10-04 21:10:46.884][D][LogManager.py(Init):12] LogManager Init function called !!!
[2022-10-04 21:10:46.911][I][AutoBaseFunction.py(wrapper):10] Screen.MainWindow : setupUi 실행 시작
[2022-10-04 21:10:46.912][I][AutoBaseFunction.py(wrapper):11] Parameter : 
[2022-10-04 21:10:46.915][I][AutoBaseFunction.py(wrapper):10] Screen.MainWindow : set_field 실행 시작
[2022-10-04 21:10:46.915][I][AutoBaseFunction.py(wrapper):11] Parameter : 
[2022-10-04 21:10:46.947][I][AutoBaseFunction.py(wrapper):17] Screen.MainWindow : set_field 실행 종료
[2022-10-04 21:10:46.947][I][AutoBaseFunction.py(wrapper):10] Screen.MainWindow : setWidget_func 실행 시작
[2022-10-04 21:10:46.948][I][AutoBaseFunction.py(wrapper):11] Parameter : 
[2022-10-04 21:10:46.950][I][AutoBaseFunction.py(wrapper):17] Screen.MainWindow : setWidget_func 실행 종료
[2022-10-04 21:10:46.953][I][AutoBaseFunction.py(wrapper):17] Screen.MainWindow : setupUi 실행 종료
[2022-10-04 21:10:46.959][I][AutoBaseFunction.py(wrapper):10] __main__ : __set_slot 실행 시작
[2022-10-04 21:10:46.959][I][AutoBaseFunction.py(wrapper):11] Parameter : 
[2022-10-04 21:10:46.960][I][AutoBaseFunction.py(wrapper):17] __main__ : __set_slot 실행 종료
[2022-10-04 21:10:46.960][I][AutoBaseFunction.py(wrapper):10] __main__ : __wigets_setupUi 실행 시작
[2022-10-04 21:10:46.960][I][AutoBaseFunction.py(wrapper):11] Parameter : 
[2022-10-04 21:10:46.961][I][AutoBaseFunction.py(wrapper):10] Screen.Setup_Language : setupUI_Language 실행 시작
[2022-10-04 21:10:46.961][I][AutoBaseFunction.py(wrapper):11] Parameter : 
[2022-10-04 21:10:46.962][I][AutoBaseFunction.py(wrapper):10] Screen.Setup_Language : sl_set_slot 실행 시작
[2022-10-04 21:10:46.962][I][AutoBaseFunction.py(wrapper):11] Parameter : 
[2022-10-04 21:10:46.963][I][AutoBaseFunction.py(wrapper):17] Screen.Setup_Language : sl_set_slot 실행 종료
[2022-10-04 21:10:46.963][I][AutoBaseFunction.py(wrapper):17] Screen.Setup_Language : setupUI_Language 실행 종료
[2022-10-04 21:10:46.963][I][AutoBaseFunction.py(wrapper):10] Screen.Menu_CreateExcel : setupUI_CreateExcel 실행 시작
[2022-10-04 21:10:46.963][I][AutoBaseFunction.py(wrapper):11] Parameter : 
[2022-10-04 21:10:46.964][I][AutoBaseFunction.py(wrapper):10] Screen.Menu_CreateExcel : new_excel_func 실행 시작
[2022-10-04 21:10:46.964][I][AutoBaseFunction.py(wrapper):11] Parameter : 
[2022-10-04 21:10:46.965][I][AutoBaseFunction.py(wrapper):17] Screen.Menu_CreateExcel : new_excel_func 실행 종료
[2022-10-04 21:10:46.965][I][AutoBaseFunction.py(wrapper):10] Screen.Menu_CreateExcel : set_excel_func 실행 시작
[2022-10-04 21:10:46.965][I][AutoBaseFunction.py(wrapper):11] Parameter : 
[2022-10-04 21:10:46.966][I][AutoBaseFunction.py(wrapper):17] Screen.Menu_CreateExcel : set_excel_func 실행 종료
[2022-10-04 21:10:46.966][I][AutoBaseFunction.py(wrapper):17] Screen.Menu_CreateExcel : setupUI_CreateExcel 실행 종료
[2022-10-04 21:10:46.966][I][AutoBaseFunction.py(wrapper):10] Screen.Setup_Field : setupUI_Field 실행 시작
[2022-10-04 21:10:46.966][I][AutoBaseFunction.py(wrapper):11] Parameter : 
[2022-10-04 21:10:46.968][I][AutoBaseFunction.py(wrapper):10] Screen.Setup_Field : set_data 실행 시작
[2022-10-04 21:10:46.968][I][AutoBaseFunction.py(wrapper):11] Parameter : 
[2022-10-04 21:10:46.969][I][AutoBaseFunction.py(wrapper):17] Screen.Setup_Field : set_data 실행 종료
[2022-10-04 21:10:47.199][I][AutoBaseFunction.py(wrapper):10] Screen.Setup_Field : set_data 실행 시작
[2022-10-04 21:10:47.199][I][AutoBaseFunction.py(wrapper):11] Parameter : 
[2022-10-04 21:10:47.199][I][AutoBaseFunction.py(wrapper):17] Screen.Setup_Field : set_data 실행 종료
[2022-10-04 21:10:47.200][I][AutoBaseFunction.py(wrapper):10] Screen.Setup_Field : set_data 실행 시작
[2022-10-04 21:10:47.200][I][AutoBaseFunction.py(wrapper):11] Parameter : 
[2022-10-04 21:10:47.200][I][AutoBaseFunction.py(wrapper):17] Screen.Setup_Field : set_data 실행 종료
[2022-10-04 21:10:47.201][I][AutoBaseFunction.py(wrapper):10] Screen.Setup_Field : set_data 실행 시작
[2022-10-04 21:10:47.201][I][AutoBaseFunction.py(wrapper):11] Parameter : 
[2022-10-04 21:10:47.202][I][AutoBaseFunction.py(wrapper):17] Screen.Setup_Field : set_data 실행 종료
[2022-10-04 21:10:47.202][I][AutoBaseFunction.py(wrapper):10] Screen.Setup_Field : set_data 실행 시작
[2022-10-04 21:10:47.202][I][AutoBaseFunction.py(wrapper):11] Parameter : 
[2022-10-04 21:10:47.202][I][AutoBaseFunction.py(wrapper):17] Screen.Setup_Field : set_data 실행 종료
[2022-10-04 21:10:47.203][I][AutoBaseFunction.py(wrapper):10] Screen.Setup_Field : set_data 실행 시작
[2022-10-04 21:10:47.203][I][AutoBaseFunction.py(wrapper):11] Parameter : 
[2022-10-04 21:10:47.204][I][AutoBaseFunction.py(wrapper):17] Screen.Setup_Field : set_data 실행 종료
[2022-10-04 21:10:47.204][I][AutoBaseFunction.py(wrapper):10] Screen.Setup_Field : sl_set_slot 실행 시작
[2022-10-04 21:10:47.204][I][AutoBaseFunction.py(wrapper):11] Parameter : 
[2022-10-04 21:10:47.205][I][AutoBaseFunction.py(wrapper):17] Screen.Setup_Field : sl_set_slot 실행 종료
[2022-10-04 21:10:47.205][I][AutoBaseFunction.py(wrapper):17] Screen.Setup_Field : setupUI_Field 실행 종료
[2022-10-04 21:10:47.205][I][AutoBaseFunction.py(wrapper):10] Screen.Setup_TestList : setupUI_TestList 실행 시작
[2022-10-04 21:10:47.206][I][AutoBaseFunction.py(wrapper):11] Parameter : 
[2022-10-04 21:10:47.207][I][AutoBaseFunction.py(wrapper):10] Screen.Setup_TestList : btn_set_slot 실행 시작
[2022-10-04 21:10:47.207][I][AutoBaseFunction.py(wrapper):11] Parameter : 
[2022-10-04 21:10:47.208][I][AutoBaseFunction.py(wrapper):17] Screen.Setup_TestList : btn_set_slot 실행 종료
[2022-10-04 21:10:47.208][I][AutoBaseFunction.py(wrapper):17] Screen.Setup_TestList : setupUI_TestList 실행 종료
[2022-10-04 21:10:47.208][I][AutoBaseFunction.py(wrapper):17] __main__ : __wigets_setupUi 실행 종료
[2022-10-04 21:10:48.246][I][AutoBaseFunction.py(wrapper):10] Screen.MainWindow : update_open_menu 실행 시작
[2022-10-04 21:10:48.246][I][AutoBaseFunction.py(wrapper):11] Parameter : 
[2022-10-04 21:10:48.247][I][AutoBaseFunction.py(wrapper):17] Screen.MainWindow : update_open_menu 실행 종료
[2022-10-04 21:10:48.849][I][AutoBaseFunction.py(wrapper):10] __main__ : __ce_ui 실행 시작
[2022-10-04 21:10:48.850][I][AutoBaseFunction.py(wrapper):11] Parameter : False
[2022-10-04 21:10:48.870][I][AutoBaseFunction.py(wrapper):17] __main__ : __ce_ui 실행 종료
[2022-10-04 21:10:50.610][I][AutoBaseFunction.py(wrapper):10] Screen.Menu_CreateExcel : folder_toolButton_clicked 실행 시작
[2022-10-04 21:10:50.610][I][AutoBaseFunction.py(wrapper):11] Parameter : <PyQt5.QtWidgets.QLineEdit object at 0x0000019EC0F63438>, False
[2022-10-04 21:10:51.890][I][AutoBaseFunction.py(wrapper):17] Screen.Menu_CreateExcel : folder_toolButton_clicked 실행 종료
[2022-10-04 21:10:52.665][I][AutoBaseFunction.py(wrapper):10] Screen.Menu_CreateExcel : func_check 실행 시작
[2022-10-04 21:10:52.666][I][AutoBaseFunction.py(wrapper):11] Parameter : False
[2022-10-04 21:10:52.892][I][AutoBaseFunction.py(wrapper):17] Screen.Menu_CreateExcel : func_check 실행 종료
[2022-10-04 21:12:04.112][I][AutoBaseFunction.py(wrapper):10] Screen.MainWindow : closeEvent 실행 시작
[2022-10-04 21:12:04.113][I][AutoBaseFunction.py(wrapper):11] Parameter : <PyQt5.QtGui.QCloseEvent object at 0x0000019EC8126438>
