[2022-10-04 17:59:03.458][D][LogManager.py(Init):12] LogManager Init function called !!!
[2022-10-04 17:59:03.482][I][AutoBaseFunction.py(wrapper):7] Screen.MainWindow : setupUi 실행 시작
[2022-10-04 17:59:03.482][I][AutoBaseFunction.py(wrapper):8] Parameter : 
[2022-10-04 17:59:03.485][I][AutoBaseFunction.py(wrapper):7] Screen.MainWindow : set_field 실행 시작
[2022-10-04 17:59:03.486][I][AutoBaseFunction.py(wrapper):8] Parameter : 
[2022-10-04 17:59:03.519][I][AutoBaseFunction.py(wrapper):14] Screen.MainWindow : set_field 실행 종료
[2022-10-04 17:59:03.520][I][AutoBaseFunction.py(wrapper):7] Screen.MainWindow : setWidget_func 실행 시작
[2022-10-04 17:59:03.520][I][AutoBaseFunction.py(wrapper):8] Parameter : 
[2022-10-04 17:59:03.522][I][AutoBaseFunction.py(wrapper):14] Screen.MainWindow : setWidget_func 실행 종료
[2022-10-04 17:59:03.524][I][AutoBaseFunction.py(wrapper):14] Screen.MainWindow : setupUi 실행 종료
[2022-10-04 17:59:03.531][I][AutoBaseFunction.py(wrapper):7] __main__ : __set_slot 실행 시작
[2022-10-04 17:59:03.531][I][AutoBaseFunction.py(wrapper):8] Parameter : 
[2022-10-04 17:59:03.531][I][AutoBaseFunction.py(wrapper):14] __main__ : __set_slot 실행 종료
[2022-10-04 17:59:03.532][I][AutoBaseFunction.py(wrapper):7] __main__ : __wigets_setupUi 실행 시작
[2022-10-04 17:59:03.532][I][AutoBaseFunction.py(wrapper):8] Parameter : 
[2022-10-04 17:59:03.532][I][AutoBaseFunction.py(wrapper):7] Screen.Setup_Language : setupUI_Language 실행 시작
[2022-10-04 17:59:03.532][I][AutoBaseFunction.py(wrapper):8] Parameter : 
[2022-10-04 17:59:03.533][I][AutoBaseFunction.py(wrapper):7] Screen.Setup_Language : sl_set_slot 실행 시작
[2022-10-04 17:59:03.533][I][AutoBaseFunction.py(wrapper):8] Parameter : 
[2022-10-04 17:59:03.534][I][AutoBaseFunction.py(wrapper):14] Screen.Setup_Language : sl_set_slot 실행 종료
[2022-10-04 17:59:03.534][I][AutoBaseFunction.py(wrapper):14] Screen.Setup_Language : setupUI_Language 실행 종료
[2022-10-04 17:59:03.534][I][AutoBaseFunction.py(wrapper):7] Screen.Menu_CreateExcel : setupUI_CreateExcel 실행 시작
[2022-10-04 17:59:03.535][I][AutoBaseFunction.py(wrapper):8] Parameter : 
[2022-10-04 17:59:03.535][I][AutoBaseFunction.py(wrapper):7] Screen.Menu_CreateExcel : new_excel_func 실행 시작
[2022-10-04 17:59:03.536][I][AutoBaseFunction.py(wrapper):8] Parameter : 
[2022-10-04 17:59:03.536][I][AutoBaseFunction.py(wrapper):14] Screen.Menu_CreateExcel : new_excel_func 실행 종료
[2022-10-04 17:59:03.537][I][AutoBaseFunction.py(wrapper):7] Screen.Menu_CreateExcel : set_excel_func 실행 시작
[2022-10-04 17:59:03.537][I][AutoBaseFunction.py(wrapper):8] Parameter : 
[2022-10-04 17:59:03.537][I][AutoBaseFunction.py(wrapper):14] Screen.Menu_CreateExcel : set_excel_func 실행 종료
[2022-10-04 17:59:03.538][I][AutoBaseFunction.py(wrapper):14] Screen.Menu_CreateExcel : setupUI_CreateExcel 실행 종료
[2022-10-04 17:59:03.538][I][AutoBaseFunction.py(wrapper):7] Screen.Setup_Field : setupUI_Field 실행 시작
[2022-10-04 17:59:03.538][I][AutoBaseFunction.py(wrapper):8] Parameter : 
[2022-10-04 17:59:03.540][I][AutoBaseFunction.py(wrapper):7] Screen.Setup_Field : set_data 실행 시작
[2022-10-04 17:59:03.540][I][AutoBaseFunction.py(wrapper):8] Parameter : 
[2022-10-04 17:59:03.540][I][AutoBaseFunction.py(wrapper):14] Screen.Setup_Field : set_data 실행 종료
[2022-10-04 17:59:03.782][I][AutoBaseFunction.py(wrapper):7] Screen.Setup_Field : set_data 실행 시작
[2022-10-04 17:59:03.782][I][AutoBaseFunction.py(wrapper):8] Parameter : 
[2022-10-04 17:59:03.783][I][AutoBaseFunction.py(wrapper):14] Screen.Setup_Field : set_data 실행 종료
[2022-10-04 17:59:03.783][I][AutoBaseFunction.py(wrapper):7] Screen.Setup_Field : set_data 실행 시작
[2022-10-04 17:59:03.783][I][AutoBaseFunction.py(wrapper):8] Parameter : 
[2022-10-04 17:59:03.784][I][AutoBaseFunction.py(wrapper):14] Screen.Setup_Field : set_data 실행 종료
[2022-10-04 17:59:03.784][I][AutoBaseFunction.py(wrapper):7] Screen.Setup_Field : set_data 실행 시작
[2022-10-04 17:59:03.785][I][AutoBaseFunction.py(wrapper):8] Parameter : 
[2022-10-04 17:59:03.785][I][AutoBaseFunction.py(wrapper):14] Screen.Setup_Field : set_data 실행 종료
[2022-10-04 17:59:03.785][I][AutoBaseFunction.py(wrapper):7] Screen.Setup_Field : set_data 실행 시작
[2022-10-04 17:59:03.786][I][AutoBaseFunction.py(wrapper):8] Parameter : 
[2022-10-04 17:59:03.786][I][AutoBaseFunction.py(wrapper):14] Screen.Setup_Field : set_data 실행 종료
[2022-10-04 17:59:03.786][I][AutoBaseFunction.py(wrapper):7] Screen.Setup_Field : set_data 실행 시작
[2022-10-04 17:59:03.787][I][AutoBaseFunction.py(wrapper):8] Parameter : 
[2022-10-04 17:59:03.787][I][AutoBaseFunction.py(wrapper):14] Screen.Setup_Field : set_data 실행 종료
[2022-10-04 17:59:03.787][I][AutoBaseFunction.py(wrapper):7] Screen.Setup_Field : sl_set_slot 실행 시작
[2022-10-04 17:59:03.787][I][AutoBaseFunction.py(wrapper):8] Parameter : 
[2022-10-04 17:59:03.788][I][AutoBaseFunction.py(wrapper):14] Screen.Setup_Field : sl_set_slot 실행 종료
[2022-10-04 17:59:03.788][I][AutoBaseFunction.py(wrapper):14] Screen.Setup_Field : setupUI_Field 실행 종료
[2022-10-04 17:59:03.788][I][AutoBaseFunction.py(wrapper):7] Screen.Setup_TestList : setupUI_TestList 실행 시작
[2022-10-04 17:59:03.788][I][AutoBaseFunction.py(wrapper):8] Parameter : 
[2022-10-04 17:59:03.789][I][AutoBaseFunction.py(wrapper):7] Screen.Setup_TestList : btn_set_slot 실행 시작
[2022-10-04 17:59:03.789][I][AutoBaseFunction.py(wrapper):8] Parameter : 
[2022-10-04 17:59:03.790][I][AutoBaseFunction.py(wrapper):14] Screen.Setup_TestList : btn_set_slot 실행 종료
[2022-10-04 17:59:03.790][I][AutoBaseFunction.py(wrapper):14] Screen.Setup_TestList : setupUI_TestList 실행 종료
[2022-10-04 17:59:03.790][I][AutoBaseFunction.py(wrapper):14] __main__ : __wigets_setupUi 실행 종료
[2022-10-04 17:59:11.163][I][AutoBaseFunction.py(wrapper):7] Screen.MainWindow : update_open_menu 실행 시작
[2022-10-04 17:59:11.164][I][AutoBaseFunction.py(wrapper):8] Parameter : 
[2022-10-04 17:59:11.165][I][AutoBaseFunction.py(wrapper):14] Screen.MainWindow : update_open_menu 실행 종료
[2022-10-04 17:59:12.290][I][AutoBaseFunction.py(wrapper):7] Screen.MainWindow : show_imgList 실행 시작
[2022-10-04 17:59:12.290][I][AutoBaseFunction.py(wrapper):8] Parameter : ('한국어', 'D:/test/TestList_CSV/2022_skillup-master'), True, True
[2022-10-04 17:59:12.386][I][AutoBaseFunction.py(wrapper):14] Screen.MainWindow : show_imgList 실행 종료
[2022-10-04 17:59:45.232][I][AutoBaseFunction.py(wrapper):7] Screen.MainWindow : closeEvent 실행 시작
[2022-10-04 17:59:45.232][I][AutoBaseFunction.py(wrapper):8] Parameter : <PyQt5.QtGui.QCloseEvent object at 0x0000019C1A449048>
