[2022-10-04 18:28:11.274][D][LogManager.py(Init):12] LogManager Init function called !!!
[2022-10-04 18:28:11.299][I][AutoBaseFunction.py(wrapper):10] Screen.MainWindow : setupUi 실행 시작
[2022-10-04 18:28:11.300][I][AutoBaseFunction.py(wrapper):11] Parameter : 
[2022-10-04 18:28:11.303][I][AutoBaseFunction.py(wrapper):10] Screen.MainWindow : set_field 실행 시작
[2022-10-04 18:28:11.304][I][AutoBaseFunction.py(wrapper):11] Parameter : 
[2022-10-04 18:28:11.329][I][AutoBaseFunction.py(wrapper):17] Screen.MainWindow : set_field 실행 종료
[2022-10-04 18:28:11.330][I][AutoBaseFunction.py(wrapper):10] Screen.MainWindow : setWidget_func 실행 시작
[2022-10-04 18:28:11.330][I][AutoBaseFunction.py(wrapper):11] Parameter : 
[2022-10-04 18:28:11.333][I][AutoBaseFunction.py(wrapper):17] Screen.MainWindow : setWidget_func 실행 종료
[2022-10-04 18:28:11.336][I][AutoBaseFunction.py(wrapper):17] Screen.MainWindow : setupUi 실행 종료
[2022-10-04 18:28:11.349][I][AutoBaseFunction.py(wrapper):10] __main__ : __set_slot 실행 시작
[2022-10-04 18:28:11.349][I][AutoBaseFunction.py(wrapper):11] Parameter : 
[2022-10-04 18:28:11.350][I][AutoBaseFunction.py(wrapper):17] __main__ : __set_slot 실행 종료
[2022-10-04 18:28:11.350][I][AutoBaseFunction.py(wrapper):10] __main__ : __wigets_setupUi 실행 시작
[2022-10-04 18:28:11.350][I][AutoBaseFunction.py(wrapper):11] Parameter : 
[2022-10-04 18:28:11.351][I][AutoBaseFunction.py(wrapper):10] Screen.Setup_Language : setupUI_Language 실행 시작
[2022-10-04 18:28:11.351][I][AutoBaseFunction.py(wrapper):11] Parameter : 
[2022-10-04 18:28:11.352][I][AutoBaseFunction.py(wrapper):10] Screen.Setup_Language : sl_set_slot 실행 시작
[2022-10-04 18:28:11.352][I][AutoBaseFunction.py(wrapper):11] Parameter : 
[2022-10-04 18:28:11.352][I][AutoBaseFunction.py(wrapper):17] Screen.Setup_Language : sl_set_slot 실행 종료
[2022-10-04 18:28:11.353][I][AutoBaseFunction.py(wrapper):17] Screen.Setup_Language : setupUI_Language 실행 종료
[2022-10-04 18:28:11.353][I][AutoBaseFunction.py(wrapper):10] Screen.Menu_CreateExcel : setupUI_CreateExcel 실행 시작
[2022-10-04 18:28:11.353][I][AutoBaseFunction.py(wrapper):11] Parameter : 
[2022-10-04 18:28:11.354][I][AutoBaseFunction.py(wrapper):10] Screen.Menu_CreateExcel : new_excel_func 실행 시작
[2022-10-04 18:28:11.355][I][AutoBaseFunction.py(wrapper):11] Parameter : 
[2022-10-04 18:28:11.355][I][AutoBaseFunction.py(wrapper):17] Screen.Menu_CreateExcel : new_excel_func 실행 종료
[2022-10-04 18:28:11.355][I][AutoBaseFunction.py(wrapper):10] Screen.Menu_CreateExcel : set_excel_func 실행 시작
[2022-10-04 18:28:11.355][I][AutoBaseFunction.py(wrapper):11] Parameter : 
[2022-10-04 18:28:11.356][I][AutoBaseFunction.py(wrapper):17] Screen.Menu_CreateExcel : set_excel_func 실행 종료
[2022-10-04 18:28:11.356][I][AutoBaseFunction.py(wrapper):17] Screen.Menu_CreateExcel : setupUI_CreateExcel 실행 종료
[2022-10-04 18:28:11.356][I][AutoBaseFunction.py(wrapper):10] Screen.Setup_Field : setupUI_Field 실행 시작
[2022-10-04 18:28:11.357][I][AutoBaseFunction.py(wrapper):11] Parameter : 
[2022-10-04 18:28:11.358][I][AutoBaseFunction.py(wrapper):10] Screen.Setup_Field : set_data 실행 시작
[2022-10-04 18:28:11.358][I][AutoBaseFunction.py(wrapper):11] Parameter : 
[2022-10-04 18:28:11.359][I][AutoBaseFunction.py(wrapper):17] Screen.Setup_Field : set_data 실행 종료
[2022-10-04 18:28:11.620][I][AutoBaseFunction.py(wrapper):10] Screen.Setup_Field : set_data 실행 시작
[2022-10-04 18:28:11.620][I][AutoBaseFunction.py(wrapper):11] Parameter : 
[2022-10-04 18:28:11.621][I][AutoBaseFunction.py(wrapper):17] Screen.Setup_Field : set_data 실행 종료
[2022-10-04 18:28:11.621][I][AutoBaseFunction.py(wrapper):10] Screen.Setup_Field : set_data 실행 시작
[2022-10-04 18:28:11.622][I][AutoBaseFunction.py(wrapper):11] Parameter : 
[2022-10-04 18:28:11.622][I][AutoBaseFunction.py(wrapper):17] Screen.Setup_Field : set_data 실행 종료
[2022-10-04 18:28:11.623][I][AutoBaseFunction.py(wrapper):10] Screen.Setup_Field : set_data 실행 시작
[2022-10-04 18:28:11.623][I][AutoBaseFunction.py(wrapper):11] Parameter : 
[2022-10-04 18:28:11.624][I][AutoBaseFunction.py(wrapper):17] Screen.Setup_Field : set_data 실행 종료
[2022-10-04 18:28:11.624][I][AutoBaseFunction.py(wrapper):10] Screen.Setup_Field : set_data 실행 시작
[2022-10-04 18:28:11.624][I][AutoBaseFunction.py(wrapper):11] Parameter : 
[2022-10-04 18:28:11.624][I][AutoBaseFunction.py(wrapper):17] Screen.Setup_Field : set_data 실행 종료
[2022-10-04 18:28:11.625][I][AutoBaseFunction.py(wrapper):10] Screen.Setup_Field : set_data 실행 시작
[2022-10-04 18:28:11.625][I][AutoBaseFunction.py(wrapper):11] Parameter : 
[2022-10-04 18:28:11.626][I][AutoBaseFunction.py(wrapper):17] Screen.Setup_Field : set_data 실행 종료
[2022-10-04 18:28:11.626][I][AutoBaseFunction.py(wrapper):10] Screen.Setup_Field : sl_set_slot 실행 시작
[2022-10-04 18:28:11.626][I][AutoBaseFunction.py(wrapper):11] Parameter : 
[2022-10-04 18:28:11.627][I][AutoBaseFunction.py(wrapper):17] Screen.Setup_Field : sl_set_slot 실행 종료
[2022-10-04 18:28:11.627][I][AutoBaseFunction.py(wrapper):17] Screen.Setup_Field : setupUI_Field 실행 종료
[2022-10-04 18:28:11.627][I][AutoBaseFunction.py(wrapper):10] Screen.Setup_TestList : setupUI_TestList 실행 시작
[2022-10-04 18:28:11.627][I][AutoBaseFunction.py(wrapper):11] Parameter : 
[2022-10-04 18:28:11.628][I][AutoBaseFunction.py(wrapper):10] Screen.Setup_TestList : btn_set_slot 실행 시작
[2022-10-04 18:28:11.629][I][AutoBaseFunction.py(wrapper):11] Parameter : 
[2022-10-04 18:28:11.629][I][AutoBaseFunction.py(wrapper):17] Screen.Setup_TestList : btn_set_slot 실행 종료
[2022-10-04 18:28:11.629][I][AutoBaseFunction.py(wrapper):17] Screen.Setup_TestList : setupUI_TestList 실행 종료
[2022-10-04 18:28:11.630][I][AutoBaseFunction.py(wrapper):17] __main__ : __wigets_setupUi 실행 종료
[2022-10-04 18:28:12.266][I][AutoBaseFunction.py(wrapper):10] Screen.MainWindow : update_open_menu 실행 시작
[2022-10-04 18:28:12.267][I][AutoBaseFunction.py(wrapper):11] Parameter : 
[2022-10-04 18:28:12.269][I][AutoBaseFunction.py(wrapper):17] Screen.MainWindow : update_open_menu 실행 종료
[2022-10-04 18:28:12.935][I][AutoBaseFunction.py(wrapper):10] __main__ : __ce_ui 실행 시작
[2022-10-04 18:28:12.935][I][AutoBaseFunction.py(wrapper):11] Parameter : False
[2022-10-04 18:28:12.956][I][AutoBaseFunction.py(wrapper):17] __main__ : __ce_ui 실행 종료
[2022-10-04 18:28:14.430][I][AutoBaseFunction.py(wrapper):10] Screen.Menu_CreateExcel : folder_toolButton_clicked 실행 시작
[2022-10-04 18:28:14.431][I][AutoBaseFunction.py(wrapper):11] Parameter : <PyQt5.QtWidgets.QLineEdit object at 0x0000021136D131F8>, False
[2022-10-04 18:28:15.904][I][AutoBaseFunction.py(wrapper):17] Screen.Menu_CreateExcel : folder_toolButton_clicked 실행 종료
[2022-10-04 18:28:16.621][I][AutoBaseFunction.py(wrapper):10] Screen.Menu_CreateExcel : func_check 실행 시작
[2022-10-04 18:28:16.622][I][AutoBaseFunction.py(wrapper):11] Parameter : False
