[2022-10-04 19:32:13.565][D][LogManager.py(Init):12] LogManager Init function called !!!
[2022-10-04 19:32:13.591][I][AutoBaseFunction.py(wrapper):10] Screen.MainWindow : setupUi 실행 시작
[2022-10-04 19:32:13.591][I][AutoBaseFunction.py(wrapper):11] Parameter : 
[2022-10-04 19:32:13.594][I][AutoBaseFunction.py(wrapper):10] Screen.MainWindow : set_field 실행 시작
[2022-10-04 19:32:13.595][I][AutoBaseFunction.py(wrapper):11] Parameter : 
[2022-10-04 19:32:13.625][I][AutoBaseFunction.py(wrapper):17] Screen.MainWindow : set_field 실행 종료
[2022-10-04 19:32:13.626][I][AutoBaseFunction.py(wrapper):10] Screen.MainWindow : setWidget_func 실행 시작
[2022-10-04 19:32:13.626][I][AutoBaseFunction.py(wrapper):11] Parameter : 
[2022-10-04 19:32:13.628][I][AutoBaseFunction.py(wrapper):17] Screen.MainWindow : setWidget_func 실행 종료
[2022-10-04 19:32:13.630][I][AutoBaseFunction.py(wrapper):17] Screen.MainWindow : setupUi 실행 종료
[2022-10-04 19:32:13.642][I][AutoBaseFunction.py(wrapper):10] __main__ : __set_slot 실행 시작
[2022-10-04 19:32:13.643][I][AutoBaseFunction.py(wrapper):11] Parameter : 
[2022-10-04 19:32:13.643][I][AutoBaseFunction.py(wrapper):17] __main__ : __set_slot 실행 종료
[2022-10-04 19:32:13.644][I][AutoBaseFunction.py(wrapper):10] __main__ : __wigets_setupUi 실행 시작
[2022-10-04 19:32:13.644][I][AutoBaseFunction.py(wrapper):11] Parameter : 
[2022-10-04 19:32:13.644][I][AutoBaseFunction.py(wrapper):10] Screen.Setup_Language : setupUI_Language 실행 시작
[2022-10-04 19:32:13.645][I][AutoBaseFunction.py(wrapper):11] Parameter : 
[2022-10-04 19:32:13.645][I][AutoBaseFunction.py(wrapper):10] Screen.Setup_Language : sl_set_slot 실행 시작
[2022-10-04 19:32:13.646][I][AutoBaseFunction.py(wrapper):11] Parameter : 
[2022-10-04 19:32:13.646][I][AutoBaseFunction.py(wrapper):17] Screen.Setup_Language : sl_set_slot 실행 종료
[2022-10-04 19:32:13.646][I][AutoBaseFunction.py(wrapper):17] Screen.Setup_Language : setupUI_Language 실행 종료
[2022-10-04 19:32:13.646][I][AutoBaseFunction.py(wrapper):10] Screen.Menu_CreateExcel : setupUI_CreateExcel 실행 시작
[2022-10-04 19:32:13.647][I][AutoBaseFunction.py(wrapper):11] Parameter : 
[2022-10-04 19:32:13.648][I][AutoBaseFunction.py(wrapper):10] Screen.Menu_CreateExcel : new_excel_func 실행 시작
[2022-10-04 19:32:13.648][I][AutoBaseFunction.py(wrapper):11] Parameter : 
[2022-10-04 19:32:13.648][I][AutoBaseFunction.py(wrapper):17] Screen.Menu_CreateExcel : new_excel_func 실행 종료
[2022-10-04 19:32:13.648][I][AutoBaseFunction.py(wrapper):10] Screen.Menu_CreateExcel : set_excel_func 실행 시작
[2022-10-04 19:32:13.649][I][AutoBaseFunction.py(wrapper):11] Parameter : 
[2022-10-04 19:32:13.649][I][AutoBaseFunction.py(wrapper):17] Screen.Menu_CreateExcel : set_excel_func 실행 종료
[2022-10-04 19:32:13.649][I][AutoBaseFunction.py(wrapper):17] Screen.Menu_CreateExcel : setupUI_CreateExcel 실행 종료
[2022-10-04 19:32:13.649][I][AutoBaseFunction.py(wrapper):10] Screen.Setup_Field : setupUI_Field 실행 시작
[2022-10-04 19:32:13.650][I][AutoBaseFunction.py(wrapper):11] Parameter : 
[2022-10-04 19:32:13.652][I][AutoBaseFunction.py(wrapper):10] Screen.Setup_Field : set_data 실행 시작
[2022-10-04 19:32:13.652][I][AutoBaseFunction.py(wrapper):11] Parameter : 
[2022-10-04 19:32:13.652][I][AutoBaseFunction.py(wrapper):17] Screen.Setup_Field : set_data 실행 종료
[2022-10-04 19:32:13.874][I][AutoBaseFunction.py(wrapper):10] Screen.Setup_Field : set_data 실행 시작
[2022-10-04 19:32:13.874][I][AutoBaseFunction.py(wrapper):11] Parameter : 
[2022-10-04 19:32:13.874][I][AutoBaseFunction.py(wrapper):17] Screen.Setup_Field : set_data 실행 종료
[2022-10-04 19:32:13.874][I][AutoBaseFunction.py(wrapper):10] Screen.Setup_Field : set_data 실행 시작
[2022-10-04 19:32:13.875][I][AutoBaseFunction.py(wrapper):11] Parameter : 
[2022-10-04 19:32:13.875][I][AutoBaseFunction.py(wrapper):17] Screen.Setup_Field : set_data 실행 종료
[2022-10-04 19:32:13.876][I][AutoBaseFunction.py(wrapper):10] Screen.Setup_Field : set_data 실행 시작
[2022-10-04 19:32:13.876][I][AutoBaseFunction.py(wrapper):11] Parameter : 
[2022-10-04 19:32:13.876][I][AutoBaseFunction.py(wrapper):17] Screen.Setup_Field : set_data 실행 종료
[2022-10-04 19:32:13.877][I][AutoBaseFunction.py(wrapper):10] Screen.Setup_Field : set_data 실행 시작
[2022-10-04 19:32:13.877][I][AutoBaseFunction.py(wrapper):11] Parameter : 
[2022-10-04 19:32:13.877][I][AutoBaseFunction.py(wrapper):17] Screen.Setup_Field : set_data 실행 종료
[2022-10-04 19:32:13.877][I][AutoBaseFunction.py(wrapper):10] Screen.Setup_Field : set_data 실행 시작
[2022-10-04 19:32:13.877][I][AutoBaseFunction.py(wrapper):11] Parameter : 
[2022-10-04 19:32:13.878][I][AutoBaseFunction.py(wrapper):17] Screen.Setup_Field : set_data 실행 종료
[2022-10-04 19:32:13.878][I][AutoBaseFunction.py(wrapper):10] Screen.Setup_Field : sl_set_slot 실행 시작
[2022-10-04 19:32:13.878][I][AutoBaseFunction.py(wrapper):11] Parameter : 
[2022-10-04 19:32:13.879][I][AutoBaseFunction.py(wrapper):17] Screen.Setup_Field : sl_set_slot 실행 종료
[2022-10-04 19:32:13.879][I][AutoBaseFunction.py(wrapper):17] Screen.Setup_Field : setupUI_Field 실행 종료
[2022-10-04 19:32:13.879][I][AutoBaseFunction.py(wrapper):10] Screen.Setup_TestList : setupUI_TestList 실행 시작
[2022-10-04 19:32:13.879][I][AutoBaseFunction.py(wrapper):11] Parameter : 
[2022-10-04 19:32:13.880][I][AutoBaseFunction.py(wrapper):10] Screen.Setup_TestList : btn_set_slot 실행 시작
[2022-10-04 19:32:13.881][I][AutoBaseFunction.py(wrapper):11] Parameter : 
[2022-10-04 19:32:13.881][I][AutoBaseFunction.py(wrapper):17] Screen.Setup_TestList : btn_set_slot 실행 종료
[2022-10-04 19:32:13.881][I][AutoBaseFunction.py(wrapper):17] Screen.Setup_TestList : setupUI_TestList 실행 종료
[2022-10-04 19:32:13.881][I][AutoBaseFunction.py(wrapper):17] __main__ : __wigets_setupUi 실행 종료
[2022-10-04 19:32:18.325][I][AutoBaseFunction.py(wrapper):10] Screen.MainWindow : update_open_menu 실행 시작
[2022-10-04 19:32:18.325][I][AutoBaseFunction.py(wrapper):11] Parameter : 
[2022-10-04 19:32:18.328][I][AutoBaseFunction.py(wrapper):17] Screen.MainWindow : update_open_menu 실행 종료
[2022-10-04 19:32:19.673][I][AutoBaseFunction.py(wrapper):10] __main__ : __ce_ui 실행 시작
[2022-10-04 19:32:19.674][I][AutoBaseFunction.py(wrapper):11] Parameter : False
[2022-10-04 19:32:19.696][I][AutoBaseFunction.py(wrapper):17] __main__ : __ce_ui 실행 종료
[2022-10-04 19:32:22.152][I][AutoBaseFunction.py(wrapper):10] Screen.Menu_CreateExcel : folder_toolButton_clicked 실행 시작
[2022-10-04 19:32:22.153][I][AutoBaseFunction.py(wrapper):11] Parameter : <PyQt5.QtWidgets.QLineEdit object at 0x000001F38D522558>, False
[2022-10-04 19:32:23.618][I][AutoBaseFunction.py(wrapper):17] Screen.Menu_CreateExcel : folder_toolButton_clicked 실행 종료
[2022-10-04 19:32:24.872][I][AutoBaseFunction.py(wrapper):10] Screen.Menu_CreateExcel : func_check 실행 시작
[2022-10-04 19:32:24.872][I][AutoBaseFunction.py(wrapper):11] Parameter : False
[2022-10-04 19:32:24.982][I][AutoBaseFunction.py(wrapper):17] Screen.Menu_CreateExcel : func_check 실행 종료
[2022-10-04 19:45:02.060][I][AutoBaseFunction.py(wrapper):10] Screen.MainWindow : closeEvent 실행 시작
[2022-10-04 19:45:02.061][I][AutoBaseFunction.py(wrapper):11] Parameter : <PyQt5.QtGui.QCloseEvent object at 0x000001F391FB5558>
