[2022-10-06 10:33:04.917][D][LogManager.py(Init):12] LogManager Init function called !!!
[2022-10-06 10:33:04.974][I][AutoBaseFunction.py(wrapper):10] Screen.MainWindow : setupUi 실행 시작
[2022-10-06 10:33:04.975][I][AutoBaseFunction.py(wrapper):11] Parameter : 
[2022-10-06 10:33:04.980][I][AutoBaseFunction.py(wrapper):10] Screen.MainWindow : set_field 실행 시작
[2022-10-06 10:33:04.981][I][AutoBaseFunction.py(wrapper):11] Parameter : 
[2022-10-06 10:33:05.007][I][AutoBaseFunction.py(wrapper):17] Screen.MainWindow : set_field 실행 종료
[2022-10-06 10:33:05.007][I][AutoBaseFunction.py(wrapper):10] Screen.MainWindow : setWidget_func 실행 시작
[2022-10-06 10:33:05.008][I][AutoBaseFunction.py(wrapper):11] Parameter : 
[2022-10-06 10:33:05.010][I][AutoBaseFunction.py(wrapper):17] Screen.MainWindow : setWidget_func 실행 종료
[2022-10-06 10:33:05.013][I][AutoBaseFunction.py(wrapper):17] Screen.MainWindow : setupUi 실행 종료
[2022-10-06 10:33:05.019][I][AutoBaseFunction.py(wrapper):10] __main__ : __set_slot 실행 시작
[2022-10-06 10:33:05.019][I][AutoBaseFunction.py(wrapper):11] Parameter : 
[2022-10-06 10:33:05.020][I][AutoBaseFunction.py(wrapper):17] __main__ : __set_slot 실행 종료
[2022-10-06 10:33:05.020][I][AutoBaseFunction.py(wrapper):10] __main__ : __wigets_setupUi 실행 시작
[2022-10-06 10:33:05.021][I][AutoBaseFunction.py(wrapper):11] Parameter : 
[2022-10-06 10:33:05.021][I][AutoBaseFunction.py(wrapper):10] Screen.Setup_Language : setupUI_Language 실행 시작
[2022-10-06 10:33:05.022][I][AutoBaseFunction.py(wrapper):11] Parameter : 
[2022-10-06 10:33:05.023][I][AutoBaseFunction.py(wrapper):10] Screen.Setup_Language : sl_set_slot 실행 시작
[2022-10-06 10:33:05.023][I][AutoBaseFunction.py(wrapper):11] Parameter : 
[2022-10-06 10:33:05.024][I][AutoBaseFunction.py(wrapper):17] Screen.Setup_Language : sl_set_slot 실행 종료
[2022-10-06 10:33:05.025][I][AutoBaseFunction.py(wrapper):17] Screen.Setup_Language : setupUI_Language 실행 종료
[2022-10-06 10:33:05.025][I][AutoBaseFunction.py(wrapper):10] Screen.Menu_CreateExcel : setupUI_CreateExcel 실행 시작
[2022-10-06 10:33:05.026][I][AutoBaseFunction.py(wrapper):11] Parameter : 
[2022-10-06 10:33:05.031][I][AutoBaseFunction.py(wrapper):10] Screen.Menu_CreateExcel : new_excel_func 실행 시작
[2022-10-06 10:33:05.031][I][AutoBaseFunction.py(wrapper):11] Parameter : 
[2022-10-06 10:33:05.032][I][AutoBaseFunction.py(wrapper):17] Screen.Menu_CreateExcel : new_excel_func 실행 종료
[2022-10-06 10:33:05.032][I][AutoBaseFunction.py(wrapper):10] Screen.Menu_CreateExcel : set_excel_func 실행 시작
[2022-10-06 10:33:05.032][I][AutoBaseFunction.py(wrapper):11] Parameter : 
[2022-10-06 10:33:05.033][I][AutoBaseFunction.py(wrapper):17] Screen.Menu_CreateExcel : set_excel_func 실행 종료
[2022-10-06 10:33:05.033][I][AutoBaseFunction.py(wrapper):17] Screen.Menu_CreateExcel : setupUI_CreateExcel 실행 종료
[2022-10-06 10:33:05.034][I][AutoBaseFunction.py(wrapper):10] Screen.Setup_Field : setupUI_Field 실행 시작
[2022-10-06 10:33:05.034][I][AutoBaseFunction.py(wrapper):11] Parameter : 
