[2022-10-06 10:11:13.526][D][LogManager.py(Init):12] LogManager Init function called !!!
[2022-10-06 10:11:13.581][I][AutoBaseFunction.py(wrapper):10] Screen.MainWindow : setupUi 실행 시작
[2022-10-06 10:11:13.581][I][AutoBaseFunction.py(wrapper):11] Parameter : 
[2022-10-06 10:11:13.586][I][AutoBaseFunction.py(wrapper):10] Screen.MainWindow : set_field 실행 시작
[2022-10-06 10:11:13.586][I][AutoBaseFunction.py(wrapper):11] Parameter : 
[2022-10-06 10:11:13.598][I][AutoBaseFunction.py(wrapper):17] Screen.MainWindow : set_field 실행 종료
[2022-10-06 10:11:13.599][I][AutoBaseFunction.py(wrapper):10] Screen.MainWindow : setWidget_func 실행 시작
[2022-10-06 10:11:13.599][I][AutoBaseFunction.py(wrapper):11] Parameter : 
[2022-10-06 10:11:13.601][I][AutoBaseFunction.py(wrapper):17] Screen.MainWindow : setWidget_func 실행 종료
[2022-10-06 10:11:13.603][I][AutoBaseFunction.py(wrapper):17] Screen.MainWindow : setupUi 실행 종료
[2022-10-06 10:11:13.610][I][AutoBaseFunction.py(wrapper):10] __main__ : __set_slot 실행 시작
[2022-10-06 10:11:13.610][I][AutoBaseFunction.py(wrapper):11] Parameter : 
[2022-10-06 10:11:13.611][I][AutoBaseFunction.py(wrapper):17] __main__ : __set_slot 실행 종료
[2022-10-06 10:11:13.612][I][AutoBaseFunction.py(wrapper):10] __main__ : __wigets_setupUi 실행 시작
[2022-10-06 10:11:13.612][I][AutoBaseFunction.py(wrapper):11] Parameter : 
[2022-10-06 10:11:13.613][I][AutoBaseFunction.py(wrapper):10] Screen.Setup_Language : setupUI_Language 실행 시작
[2022-10-06 10:11:13.614][I][AutoBaseFunction.py(wrapper):11] Parameter : 
[2022-10-06 10:11:13.614][I][AutoBaseFunction.py(wrapper):10] Screen.Setup_Language : sl_set_slot 실행 시작
[2022-10-06 10:11:13.615][I][AutoBaseFunction.py(wrapper):11] Parameter : 
[2022-10-06 10:11:13.615][I][AutoBaseFunction.py(wrapper):17] Screen.Setup_Language : sl_set_slot 실행 종료
[2022-10-06 10:11:13.615][I][AutoBaseFunction.py(wrapper):17] Screen.Setup_Language : setupUI_Language 실행 종료
[2022-10-06 10:11:13.616][I][AutoBaseFunction.py(wrapper):10] Screen.Menu_CreateExcel : setupUI_CreateExcel 실행 시작
[2022-10-06 10:11:13.616][I][AutoBaseFunction.py(wrapper):11] Parameter : 
[2022-10-06 10:11:13.619][I][AutoBaseFunction.py(wrapper):10] Screen.Menu_CreateExcel : new_excel_func 실행 시작
[2022-10-06 10:11:13.620][I][AutoBaseFunction.py(wrapper):11] Parameter : 
[2022-10-06 10:11:13.620][I][AutoBaseFunction.py(wrapper):17] Screen.Menu_CreateExcel : new_excel_func 실행 종료
[2022-10-06 10:11:13.621][I][AutoBaseFunction.py(wrapper):10] Screen.Menu_CreateExcel : set_excel_func 실행 시작
[2022-10-06 10:11:13.621][I][AutoBaseFunction.py(wrapper):11] Parameter : 
[2022-10-06 10:11:13.621][I][AutoBaseFunction.py(wrapper):17] Screen.Menu_CreateExcel : set_excel_func 실행 종료
[2022-10-06 10:11:13.622][I][AutoBaseFunction.py(wrapper):17] Screen.Menu_CreateExcel : setupUI_CreateExcel 실행 종료
[2022-10-06 10:11:13.622][I][AutoBaseFunction.py(wrapper):10] Screen.Setup_Field : setupUI_Field 실행 시작
[2022-10-06 10:11:13.622][I][AutoBaseFunction.py(wrapper):11] Parameter : 
[2022-10-06 10:11:13.625][I][AutoBaseFunction.py(wrapper):10] Screen.Setup_Field : set_data 실행 시작
[2022-10-06 10:11:13.625][I][AutoBaseFunction.py(wrapper):11] Parameter : 
[2022-10-06 10:11:13.626][I][AutoBaseFunction.py(wrapper):17] Screen.Setup_Field : set_data 실행 종료
[2022-10-06 10:11:13.869][I][AutoBaseFunction.py(wrapper):10] Screen.Setup_Field : set_data 실행 시작
[2022-10-06 10:11:13.870][I][AutoBaseFunction.py(wrapper):11] Parameter : 
[2022-10-06 10:11:13.870][I][AutoBaseFunction.py(wrapper):17] Screen.Setup_Field : set_data 실행 종료
[2022-10-06 10:11:13.872][I][AutoBaseFunction.py(wrapper):10] Screen.Setup_Field : set_data 실행 시작
[2022-10-06 10:11:13.872][I][AutoBaseFunction.py(wrapper):11] Parameter : 
[2022-10-06 10:11:13.872][I][AutoBaseFunction.py(wrapper):17] Screen.Setup_Field : set_data 실행 종료
[2022-10-06 10:11:13.873][I][AutoBaseFunction.py(wrapper):10] Screen.Setup_Field : set_data 실행 시작
[2022-10-06 10:11:13.873][I][AutoBaseFunction.py(wrapper):11] Parameter : 
[2022-10-06 10:11:13.874][I][AutoBaseFunction.py(wrapper):17] Screen.Setup_Field : set_data 실행 종료
[2022-10-06 10:11:13.874][I][AutoBaseFunction.py(wrapper):10] Screen.Setup_Field : set_data 실행 시작
[2022-10-06 10:11:13.875][I][AutoBaseFunction.py(wrapper):11] Parameter : 
[2022-10-06 10:11:13.875][I][AutoBaseFunction.py(wrapper):17] Screen.Setup_Field : set_data 실행 종료
[2022-10-06 10:11:13.875][I][AutoBaseFunction.py(wrapper):10] Screen.Setup_Field : set_data 실행 시작
[2022-10-06 10:11:13.875][I][AutoBaseFunction.py(wrapper):11] Parameter : 
[2022-10-06 10:11:13.876][I][AutoBaseFunction.py(wrapper):17] Screen.Setup_Field : set_data 실행 종료
[2022-10-06 10:11:13.876][I][AutoBaseFunction.py(wrapper):10] Screen.Setup_Field : sl_set_slot 실행 시작
[2022-10-06 10:11:13.877][I][AutoBaseFunction.py(wrapper):11] Parameter : 
[2022-10-06 10:11:13.877][I][AutoBaseFunction.py(wrapper):17] Screen.Setup_Field : sl_set_slot 실행 종료
[2022-10-06 10:11:13.877][I][AutoBaseFunction.py(wrapper):17] Screen.Setup_Field : setupUI_Field 실행 종료
[2022-10-06 10:11:13.878][I][AutoBaseFunction.py(wrapper):10] Screen.Setup_TestList : setupUI_TestList 실행 시작
[2022-10-06 10:11:13.878][I][AutoBaseFunction.py(wrapper):11] Parameter : 
[2022-10-06 10:11:13.882][I][AutoBaseFunction.py(wrapper):10] Screen.Setup_TestList : btn_set_slot 실행 시작
[2022-10-06 10:11:13.882][I][AutoBaseFunction.py(wrapper):11] Parameter : 
[2022-10-06 10:11:13.882][I][AutoBaseFunction.py(wrapper):17] Screen.Setup_TestList : btn_set_slot 실행 종료
[2022-10-06 10:11:13.883][I][AutoBaseFunction.py(wrapper):17] Screen.Setup_TestList : setupUI_TestList 실행 종료
[2022-10-06 10:11:13.883][I][AutoBaseFunction.py(wrapper):17] __main__ : __wigets_setupUi 실행 종료
[2022-10-06 10:11:15.122][I][AutoBaseFunction.py(wrapper):10] Screen.MainWindow : closeEvent 실행 시작
[2022-10-06 10:11:15.122][I][AutoBaseFunction.py(wrapper):11] Parameter : <PyQt5.QtGui.QCloseEvent object at 0x0000024B0CC30828>
