[2022-10-04 17:49:44.529][D][LogManager.py(Init):12] LogManager Init function called !!!
[2022-10-04 17:49:44.553][I][AutoBaseFunction.py(wrapper):7] Screen.MainWindow : setupUi 실행 시작
[2022-10-04 17:49:44.553][I][AutoBaseFunction.py(wrapper):8] Parameter : 
[2022-10-04 17:49:44.556][I][AutoBaseFunction.py(wrapper):7] Screen.MainWindow : set_field 실행 시작
[2022-10-04 17:49:44.557][I][AutoBaseFunction.py(wrapper):8] Parameter : 
[2022-10-04 17:49:44.585][I][AutoBaseFunction.py(wrapper):14] Screen.MainWindow : set_field 실행 종료
[2022-10-04 17:49:44.585][I][AutoBaseFunction.py(wrapper):7] Screen.MainWindow : setWidget_func 실행 시작
[2022-10-04 17:49:44.585][I][AutoBaseFunction.py(wrapper):8] Parameter : 
[2022-10-04 17:49:44.587][I][AutoBaseFunction.py(wrapper):14] Screen.MainWindow : setWidget_func 실행 종료
[2022-10-04 17:49:44.589][I][AutoBaseFunction.py(wrapper):14] Screen.MainWindow : setupUi 실행 종료
[2022-10-04 17:49:44.595][I][AutoBaseFunction.py(wrapper):7] __main__ : __set_slot 실행 시작
[2022-10-04 17:49:44.596][I][AutoBaseFunction.py(wrapper):8] Parameter : 
[2022-10-04 17:49:44.596][I][AutoBaseFunction.py(wrapper):14] __main__ : __set_slot 실행 종료
[2022-10-04 17:49:44.597][I][AutoBaseFunction.py(wrapper):7] __main__ : __wigets_setupUi 실행 시작
[2022-10-04 17:49:44.597][I][AutoBaseFunction.py(wrapper):8] Parameter : 
[2022-10-04 17:49:44.597][I][AutoBaseFunction.py(wrapper):7] Screen.Setup_Language : setupUI_Language 실행 시작
[2022-10-04 17:49:44.598][I][AutoBaseFunction.py(wrapper):8] Parameter : 
[2022-10-04 17:49:44.598][I][AutoBaseFunction.py(wrapper):7] Screen.Setup_Language : sl_set_slot 실행 시작
[2022-10-04 17:49:44.599][I][AutoBaseFunction.py(wrapper):8] Parameter : 
[2022-10-04 17:49:44.599][I][AutoBaseFunction.py(wrapper):14] Screen.Setup_Language : sl_set_slot 실행 종료
[2022-10-04 17:49:44.599][I][AutoBaseFunction.py(wrapper):14] Screen.Setup_Language : setupUI_Language 실행 종료
[2022-10-04 17:49:44.600][I][AutoBaseFunction.py(wrapper):7] Screen.Menu_CreateExcel : setupUI_CreateExcel 실행 시작
[2022-10-04 17:49:44.600][I][AutoBaseFunction.py(wrapper):8] Parameter : 
[2022-10-04 17:49:44.601][I][AutoBaseFunction.py(wrapper):7] Screen.Menu_CreateExcel : new_excel_func 실행 시작
[2022-10-04 17:49:44.601][I][AutoBaseFunction.py(wrapper):8] Parameter : 
[2022-10-04 17:49:44.602][I][AutoBaseFunction.py(wrapper):14] Screen.Menu_CreateExcel : new_excel_func 실행 종료
[2022-10-04 17:49:44.602][I][AutoBaseFunction.py(wrapper):7] Screen.Menu_CreateExcel : set_excel_func 실행 시작
[2022-10-04 17:49:44.603][I][AutoBaseFunction.py(wrapper):8] Parameter : 
[2022-10-04 17:49:44.603][I][AutoBaseFunction.py(wrapper):14] Screen.Menu_CreateExcel : set_excel_func 실행 종료
[2022-10-04 17:49:44.603][I][AutoBaseFunction.py(wrapper):14] Screen.Menu_CreateExcel : setupUI_CreateExcel 실행 종료
[2022-10-04 17:49:44.604][I][AutoBaseFunction.py(wrapper):7] Screen.Setup_Field : setupUI_Field 실행 시작
[2022-10-04 17:49:44.604][I][AutoBaseFunction.py(wrapper):8] Parameter : 
[2022-10-04 17:49:44.606][I][AutoBaseFunction.py(wrapper):7] Screen.Setup_Field : set_data 실행 시작
[2022-10-04 17:49:44.606][I][AutoBaseFunction.py(wrapper):8] Parameter : 
[2022-10-04 17:49:44.607][I][AutoBaseFunction.py(wrapper):14] Screen.Setup_Field : set_data 실행 종료
[2022-10-04 17:49:44.856][I][AutoBaseFunction.py(wrapper):7] Screen.Setup_Field : set_data 실행 시작
[2022-10-04 17:49:44.857][I][AutoBaseFunction.py(wrapper):8] Parameter : 
[2022-10-04 17:49:44.857][I][AutoBaseFunction.py(wrapper):14] Screen.Setup_Field : set_data 실행 종료
[2022-10-04 17:49:44.857][I][AutoBaseFunction.py(wrapper):7] Screen.Setup_Field : set_data 실행 시작
[2022-10-04 17:49:44.858][I][AutoBaseFunction.py(wrapper):8] Parameter : 
[2022-10-04 17:49:44.858][I][AutoBaseFunction.py(wrapper):14] Screen.Setup_Field : set_data 실행 종료
[2022-10-04 17:49:44.859][I][AutoBaseFunction.py(wrapper):7] Screen.Setup_Field : set_data 실행 시작
[2022-10-04 17:49:44.859][I][AutoBaseFunction.py(wrapper):8] Parameter : 
[2022-10-04 17:49:44.860][I][AutoBaseFunction.py(wrapper):14] Screen.Setup_Field : set_data 실행 종료
[2022-10-04 17:49:44.860][I][AutoBaseFunction.py(wrapper):7] Screen.Setup_Field : set_data 실행 시작
[2022-10-04 17:49:44.860][I][AutoBaseFunction.py(wrapper):8] Parameter : 
[2022-10-04 17:49:44.861][I][AutoBaseFunction.py(wrapper):14] Screen.Setup_Field : set_data 실행 종료
[2022-10-04 17:49:44.861][I][AutoBaseFunction.py(wrapper):7] Screen.Setup_Field : set_data 실행 시작
[2022-10-04 17:49:44.861][I][AutoBaseFunction.py(wrapper):8] Parameter : 
[2022-10-04 17:49:44.862][I][AutoBaseFunction.py(wrapper):14] Screen.Setup_Field : set_data 실행 종료
[2022-10-04 17:49:44.862][I][AutoBaseFunction.py(wrapper):7] Screen.Setup_Field : sl_set_slot 실행 시작
[2022-10-04 17:49:44.862][I][AutoBaseFunction.py(wrapper):8] Parameter : 
[2022-10-04 17:49:44.863][I][AutoBaseFunction.py(wrapper):14] Screen.Setup_Field : sl_set_slot 실행 종료
[2022-10-04 17:49:44.863][I][AutoBaseFunction.py(wrapper):14] Screen.Setup_Field : setupUI_Field 실행 종료
[2022-10-04 17:49:44.863][I][AutoBaseFunction.py(wrapper):7] Screen.Setup_TestList : setupUI_TestList 실행 시작
[2022-10-04 17:49:44.863][I][AutoBaseFunction.py(wrapper):8] Parameter : 
[2022-10-04 17:49:44.865][I][AutoBaseFunction.py(wrapper):7] Screen.Setup_TestList : btn_set_slot 실행 시작
[2022-10-04 17:49:44.865][I][AutoBaseFunction.py(wrapper):8] Parameter : 
[2022-10-04 17:49:44.865][I][AutoBaseFunction.py(wrapper):14] Screen.Setup_TestList : btn_set_slot 실행 종료
[2022-10-04 17:49:44.866][I][AutoBaseFunction.py(wrapper):14] Screen.Setup_TestList : setupUI_TestList 실행 종료
[2022-10-04 17:49:44.866][I][AutoBaseFunction.py(wrapper):14] __main__ : __wigets_setupUi 실행 종료
[2022-10-04 17:49:46.733][I][AutoBaseFunction.py(wrapper):7] __main__ : __sl_ui 실행 시작
[2022-10-04 17:49:46.733][I][AutoBaseFunction.py(wrapper):8] Parameter : False
[2022-10-04 17:49:46.734][I][AutoBaseFunction.py(wrapper):7] Screen.Setup_Language : setLang_Button 실행 시작
[2022-10-04 17:49:46.734][I][AutoBaseFunction.py(wrapper):8] Parameter : 
[2022-10-04 17:49:46.737][I][AutoBaseFunction.py(wrapper):14] Screen.Setup_Language : setLang_Button 실행 종료
[2022-10-04 17:49:46.752][I][AutoBaseFunction.py(wrapper):14] __main__ : __sl_ui 실행 종료
[2022-10-04 17:49:47.972][I][AutoBaseFunction.py(wrapper):7] Screen.Setup_Language : ok_Button_clicked 실행 시작
[2022-10-04 17:49:47.973][I][AutoBaseFunction.py(wrapper):8] Parameter : False
[2022-10-04 17:49:48.064][I][AutoBaseFunction.py(wrapper):7] Screen.Setup_Language : closeEvent 실행 시작
[2022-10-04 17:49:48.064][I][AutoBaseFunction.py(wrapper):8] Parameter : <PyQt5.QtGui.QCloseEvent object at 0x0000022D2561D3A8>
[2022-10-04 17:49:48.065][I][AutoBaseFunction.py(wrapper):14] Screen.Setup_Language : closeEvent 실행 종료
[2022-10-04 17:49:48.071][I][AutoBaseFunction.py(wrapper):14] Screen.Setup_Language : ok_Button_clicked 실행 종료
[2022-10-04 17:49:49.423][I][AutoBaseFunction.py(wrapper):7] Screen.MainWindow : update_open_menu 실행 시작
[2022-10-04 17:49:49.423][I][AutoBaseFunction.py(wrapper):8] Parameter : 
[2022-10-04 17:49:49.425][I][AutoBaseFunction.py(wrapper):14] Screen.MainWindow : update_open_menu 실행 종료
[2022-10-04 17:49:50.028][I][AutoBaseFunction.py(wrapper):7] Screen.MainWindow : update_open_menu 실행 시작
[2022-10-04 17:49:50.028][I][AutoBaseFunction.py(wrapper):8] Parameter : 
[2022-10-04 17:49:50.030][I][AutoBaseFunction.py(wrapper):14] Screen.MainWindow : update_open_menu 실행 종료
[2022-10-04 17:49:50.973][I][AutoBaseFunction.py(wrapper):7] Screen.MainWindow : show_imgList 실행 시작
[2022-10-04 17:49:50.974][I][AutoBaseFunction.py(wrapper):8] Parameter : ('한국어', 'D:/test/TestList_CSV/2022_skillup-master'), True, True
[2022-10-04 17:49:51.077][I][AutoBaseFunction.py(wrapper):14] Screen.MainWindow : show_imgList 실행 종료
[2022-10-04 17:49:51.651][I][AutoBaseFunction.py(wrapper):7] Screen.MainWindow : allPass_clicked 실행 시작
[2022-10-04 17:49:51.652][I][AutoBaseFunction.py(wrapper):8] Parameter : False
[2022-10-04 17:49:51.652][I][AutoBaseFunction.py(wrapper):14] Screen.MainWindow : allPass_clicked 실행 종료
[2022-10-04 17:49:52.523][I][AutoBaseFunction.py(wrapper):7] Screen.MainWindow : btn_onClicked 실행 시작
[2022-10-04 17:49:52.524][I][AutoBaseFunction.py(wrapper):8] Parameter : True
[2022-10-04 17:49:52.527][I][AutoBaseFunction.py(wrapper):14] Screen.MainWindow : btn_onClicked 실행 종료
[2022-10-04 17:49:55.155][I][AutoBaseFunction.py(wrapper):7] Screen.MainWindow : allFail_clicked 실행 시작
[2022-10-04 17:49:55.155][I][AutoBaseFunction.py(wrapper):8] Parameter : False
[2022-10-04 17:49:55.156][I][AutoBaseFunction.py(wrapper):14] Screen.MainWindow : allFail_clicked 실행 종료
[2022-10-04 17:49:55.898][I][AutoBaseFunction.py(wrapper):7] Screen.MainWindow : btn_onClicked 실행 시작
[2022-10-04 17:49:55.899][I][AutoBaseFunction.py(wrapper):8] Parameter : True
[2022-10-04 17:49:55.902][I][AutoBaseFunction.py(wrapper):14] Screen.MainWindow : btn_onClicked 실행 종료
[2022-10-04 17:49:57.419][I][AutoBaseFunction.py(wrapper):7] Screen.MainWindow : allNT_clicked 실행 시작
[2022-10-04 17:49:57.419][I][AutoBaseFunction.py(wrapper):8] Parameter : False
[2022-10-04 17:49:57.420][I][AutoBaseFunction.py(wrapper):14] Screen.MainWindow : allNT_clicked 실행 종료
[2022-10-04 17:49:58.042][I][AutoBaseFunction.py(wrapper):7] Screen.MainWindow : btn_onClicked 실행 시작
[2022-10-04 17:49:58.043][I][AutoBaseFunction.py(wrapper):8] Parameter : True
[2022-10-04 17:49:58.045][I][AutoBaseFunction.py(wrapper):14] Screen.MainWindow : btn_onClicked 실행 종료
[2022-10-04 17:49:59.300][I][AutoBaseFunction.py(wrapper):7] Screen.MainWindow : allNA_clicked 실행 시작
[2022-10-04 17:49:59.301][I][AutoBaseFunction.py(wrapper):8] Parameter : False
[2022-10-04 17:49:59.301][I][AutoBaseFunction.py(wrapper):14] Screen.MainWindow : allNA_clicked 실행 종료
[2022-10-04 17:50:00.058][I][AutoBaseFunction.py(wrapper):7] Screen.MainWindow : btn_onClicked 실행 시작
[2022-10-04 17:50:00.058][I][AutoBaseFunction.py(wrapper):8] Parameter : False
[2022-10-04 17:50:00.062][I][AutoBaseFunction.py(wrapper):14] Screen.MainWindow : btn_onClicked 실행 종료
[2022-10-04 17:50:00.763][I][AutoBaseFunction.py(wrapper):7] Screen.MainWindow : btn_onClicked 실행 시작
[2022-10-04 17:50:00.763][I][AutoBaseFunction.py(wrapper):8] Parameter : True
[2022-10-04 17:50:00.767][I][AutoBaseFunction.py(wrapper):14] Screen.MainWindow : btn_onClicked 실행 종료
[2022-10-04 17:50:01.034][I][AutoBaseFunction.py(wrapper):7] Screen.MainWindow : btn_onClicked 실행 시작
[2022-10-04 17:50:01.034][I][AutoBaseFunction.py(wrapper):8] Parameter : True
[2022-10-04 17:50:01.038][I][AutoBaseFunction.py(wrapper):14] Screen.MainWindow : btn_onClicked 실행 종료
[2022-10-04 17:50:01.483][I][AutoBaseFunction.py(wrapper):7] Screen.MainWindow : btn_onClicked 실행 시작
[2022-10-04 17:50:01.483][I][AutoBaseFunction.py(wrapper):8] Parameter : True
[2022-10-04 17:50:01.486][I][AutoBaseFunction.py(wrapper):14] Screen.MainWindow : btn_onClicked 실행 종료
[2022-10-04 17:50:01.899][I][AutoBaseFunction.py(wrapper):7] Screen.MainWindow : btn_onClicked 실행 시작
[2022-10-04 17:50:01.900][I][AutoBaseFunction.py(wrapper):8] Parameter : False
[2022-10-04 17:50:01.902][I][AutoBaseFunction.py(wrapper):14] Screen.MainWindow : btn_onClicked 실행 종료
[2022-10-04 17:50:02.075][I][AutoBaseFunction.py(wrapper):7] Screen.MainWindow : btn_onClicked 실행 시작
[2022-10-04 17:50:02.075][I][AutoBaseFunction.py(wrapper):8] Parameter : False
[2022-10-04 17:50:02.078][I][AutoBaseFunction.py(wrapper):14] Screen.MainWindow : btn_onClicked 실행 종료
[2022-10-04 17:50:02.202][I][AutoBaseFunction.py(wrapper):7] Screen.MainWindow : btn_onClicked 실행 시작
[2022-10-04 17:50:02.203][I][AutoBaseFunction.py(wrapper):8] Parameter : False
[2022-10-04 17:50:02.206][I][AutoBaseFunction.py(wrapper):14] Screen.MainWindow : btn_onClicked 실행 종료
[2022-10-04 17:50:02.331][I][AutoBaseFunction.py(wrapper):7] Screen.MainWindow : btn_onClicked 실행 시작
[2022-10-04 17:50:02.332][I][AutoBaseFunction.py(wrapper):8] Parameter : False
[2022-10-04 17:50:02.335][I][AutoBaseFunction.py(wrapper):14] Screen.MainWindow : btn_onClicked 실행 종료
[2022-10-04 17:50:02.491][I][AutoBaseFunction.py(wrapper):7] Screen.MainWindow : btn_onClicked 실행 시작
[2022-10-04 17:50:02.491][I][AutoBaseFunction.py(wrapper):8] Parameter : False
[2022-10-04 17:50:02.524][I][AutoBaseFunction.py(wrapper):14] Screen.MainWindow : btn_onClicked 실행 종료
[2022-10-04 17:50:02.715][I][AutoBaseFunction.py(wrapper):7] Screen.MainWindow : btn_onClicked 실행 시작
[2022-10-04 17:50:02.715][I][AutoBaseFunction.py(wrapper):8] Parameter : True
[2022-10-04 17:50:02.718][I][AutoBaseFunction.py(wrapper):14] Screen.MainWindow : btn_onClicked 실행 종료
[2022-10-04 17:50:02.890][I][AutoBaseFunction.py(wrapper):7] Screen.MainWindow : btn_onClicked 실행 시작
[2022-10-04 17:50:02.891][I][AutoBaseFunction.py(wrapper):8] Parameter : True
[2022-10-04 17:50:02.894][I][AutoBaseFunction.py(wrapper):14] Screen.MainWindow : btn_onClicked 실행 종료
[2022-10-04 17:50:03.035][I][AutoBaseFunction.py(wrapper):7] Screen.MainWindow : btn_onClicked 실행 시작
[2022-10-04 17:50:03.036][I][AutoBaseFunction.py(wrapper):8] Parameter : True
[2022-10-04 17:50:03.038][I][AutoBaseFunction.py(wrapper):14] Screen.MainWindow : btn_onClicked 실행 종료
[2022-10-04 17:50:03.163][I][AutoBaseFunction.py(wrapper):7] Screen.MainWindow : btn_onClicked 실행 시작
[2022-10-04 17:50:03.163][I][AutoBaseFunction.py(wrapper):8] Parameter : True
[2022-10-04 17:50:03.166][I][AutoBaseFunction.py(wrapper):14] Screen.MainWindow : btn_onClicked 실행 종료
[2022-10-04 17:50:03.291][I][AutoBaseFunction.py(wrapper):7] Screen.MainWindow : btn_onClicked 실행 시작
[2022-10-04 17:50:03.291][I][AutoBaseFunction.py(wrapper):8] Parameter : True
[2022-10-04 17:50:03.294][I][AutoBaseFunction.py(wrapper):14] Screen.MainWindow : btn_onClicked 실행 종료
[2022-10-04 17:50:03.466][I][AutoBaseFunction.py(wrapper):7] Screen.MainWindow : btn_onClicked 실행 시작
[2022-10-04 17:50:03.467][I][AutoBaseFunction.py(wrapper):8] Parameter : True
[2022-10-04 17:50:03.470][I][AutoBaseFunction.py(wrapper):14] Screen.MainWindow : btn_onClicked 실행 종료
[2022-10-04 17:50:03.691][I][AutoBaseFunction.py(wrapper):7] Screen.MainWindow : btn_onClicked 실행 시작
[2022-10-04 17:50:03.691][I][AutoBaseFunction.py(wrapper):8] Parameter : False
[2022-10-04 17:50:03.694][I][AutoBaseFunction.py(wrapper):14] Screen.MainWindow : btn_onClicked 실행 종료
[2022-10-04 17:50:03.835][I][AutoBaseFunction.py(wrapper):7] Screen.MainWindow : btn_onClicked 실행 시작
[2022-10-04 17:50:03.835][I][AutoBaseFunction.py(wrapper):8] Parameter : False
[2022-10-04 17:50:03.838][I][AutoBaseFunction.py(wrapper):14] Screen.MainWindow : btn_onClicked 실행 종료
[2022-10-04 17:50:03.978][I][AutoBaseFunction.py(wrapper):7] Screen.MainWindow : btn_onClicked 실행 시작
[2022-10-04 17:50:03.979][I][AutoBaseFunction.py(wrapper):8] Parameter : False
[2022-10-04 17:50:03.982][I][AutoBaseFunction.py(wrapper):14] Screen.MainWindow : btn_onClicked 실행 종료
[2022-10-04 17:50:04.106][I][AutoBaseFunction.py(wrapper):7] Screen.MainWindow : btn_onClicked 실행 시작
[2022-10-04 17:50:04.108][I][AutoBaseFunction.py(wrapper):8] Parameter : False
[2022-10-04 17:50:04.110][I][AutoBaseFunction.py(wrapper):14] Screen.MainWindow : btn_onClicked 실행 종료
[2022-10-04 17:50:04.251][I][AutoBaseFunction.py(wrapper):7] Screen.MainWindow : btn_onClicked 실행 시작
[2022-10-04 17:50:04.251][I][AutoBaseFunction.py(wrapper):8] Parameter : False
[2022-10-04 17:50:04.255][I][AutoBaseFunction.py(wrapper):14] Screen.MainWindow : btn_onClicked 실행 종료
[2022-10-04 17:50:04.395][I][AutoBaseFunction.py(wrapper):7] Screen.MainWindow : btn_onClicked 실행 시작
[2022-10-04 17:50:04.396][I][AutoBaseFunction.py(wrapper):8] Parameter : False
[2022-10-04 17:50:04.427][I][AutoBaseFunction.py(wrapper):14] Screen.MainWindow : btn_onClicked 실행 종료
[2022-10-04 17:50:04.523][I][AutoBaseFunction.py(wrapper):7] Screen.MainWindow : btn_onClicked 실행 시작
[2022-10-04 17:50:04.524][I][AutoBaseFunction.py(wrapper):8] Parameter : False
[2022-10-04 17:50:04.554][I][AutoBaseFunction.py(wrapper):14] Screen.MainWindow : btn_onClicked 실행 종료
[2022-10-04 17:50:04.667][I][AutoBaseFunction.py(wrapper):7] Screen.MainWindow : btn_onClicked 실행 시작
[2022-10-04 17:50:04.667][I][AutoBaseFunction.py(wrapper):8] Parameter : False
[2022-10-04 17:50:04.699][I][AutoBaseFunction.py(wrapper):14] Screen.MainWindow : btn_onClicked 실행 종료
[2022-10-04 17:50:05.147][I][AutoBaseFunction.py(wrapper):7] Screen.MainWindow : btn_onClicked 실행 시작
[2022-10-04 17:50:05.148][I][AutoBaseFunction.py(wrapper):8] Parameter : False
[2022-10-04 17:50:05.178][I][AutoBaseFunction.py(wrapper):14] Screen.MainWindow : btn_onClicked 실행 종료
[2022-10-04 17:50:05.355][I][AutoBaseFunction.py(wrapper):7] Screen.MainWindow : btn_onClicked 실행 시작
[2022-10-04 17:50:05.355][I][AutoBaseFunction.py(wrapper):8] Parameter : False
[2022-10-04 17:50:05.387][I][AutoBaseFunction.py(wrapper):14] Screen.MainWindow : btn_onClicked 실행 종료
[2022-10-04 17:50:05.530][I][AutoBaseFunction.py(wrapper):7] Screen.MainWindow : btn_onClicked 실행 시작
[2022-10-04 17:50:05.531][I][AutoBaseFunction.py(wrapper):8] Parameter : False
[2022-10-04 17:50:05.561][I][AutoBaseFunction.py(wrapper):14] Screen.MainWindow : btn_onClicked 실행 종료
[2022-10-04 17:50:05.771][I][AutoBaseFunction.py(wrapper):7] Screen.MainWindow : btn_onClicked 실행 시작
[2022-10-04 17:50:05.771][I][AutoBaseFunction.py(wrapper):8] Parameter : False
[2022-10-04 17:50:05.802][I][AutoBaseFunction.py(wrapper):14] Screen.MainWindow : btn_onClicked 실행 종료
[2022-10-04 17:50:05.979][I][AutoBaseFunction.py(wrapper):7] Screen.MainWindow : btn_onClicked 실행 시작
[2022-10-04 17:50:05.979][I][AutoBaseFunction.py(wrapper):8] Parameter : False
[2022-10-04 17:50:06.010][I][AutoBaseFunction.py(wrapper):14] Screen.MainWindow : btn_onClicked 실행 종료
[2022-10-04 17:50:06.761][I][AutoBaseFunction.py(wrapper):7] Screen.MainWindow : btn_onClicked 실행 시작
[2022-10-04 17:50:06.762][I][AutoBaseFunction.py(wrapper):8] Parameter : True
[2022-10-04 17:50:06.765][I][AutoBaseFunction.py(wrapper):14] Screen.MainWindow : btn_onClicked 실행 종료
[2022-10-04 17:50:06.793][I][AutoBaseFunction.py(wrapper):7] Screen.MainWindow : btn_onClicked 실행 시작
[2022-10-04 17:50:06.793][I][AutoBaseFunction.py(wrapper):8] Parameter : True
[2022-10-04 17:50:06.796][I][AutoBaseFunction.py(wrapper):14] Screen.MainWindow : btn_onClicked 실행 종료
[2022-10-04 17:50:06.823][I][AutoBaseFunction.py(wrapper):7] Screen.MainWindow : btn_onClicked 실행 시작
[2022-10-04 17:50:06.824][I][AutoBaseFunction.py(wrapper):8] Parameter : True
[2022-10-04 17:50:06.827][I][AutoBaseFunction.py(wrapper):14] Screen.MainWindow : btn_onClicked 실행 종료
[2022-10-04 17:50:06.856][I][AutoBaseFunction.py(wrapper):7] Screen.MainWindow : btn_onClicked 실행 시작
[2022-10-04 17:50:06.857][I][AutoBaseFunction.py(wrapper):8] Parameter : True
[2022-10-04 17:50:06.859][I][AutoBaseFunction.py(wrapper):14] Screen.MainWindow : btn_onClicked 실행 종료
[2022-10-04 17:50:06.887][I][AutoBaseFunction.py(wrapper):7] Screen.MainWindow : btn_onClicked 실행 시작
[2022-10-04 17:50:06.887][I][AutoBaseFunction.py(wrapper):8] Parameter : True
[2022-10-04 17:50:06.889][I][AutoBaseFunction.py(wrapper):14] Screen.MainWindow : btn_onClicked 실행 종료
[2022-10-04 17:50:06.917][I][AutoBaseFunction.py(wrapper):7] Screen.MainWindow : btn_onClicked 실행 시작
[2022-10-04 17:50:06.917][I][AutoBaseFunction.py(wrapper):8] Parameter : True
[2022-10-04 17:50:06.920][I][AutoBaseFunction.py(wrapper):14] Screen.MainWindow : btn_onClicked 실행 종료
[2022-10-04 17:50:06.950][I][AutoBaseFunction.py(wrapper):7] Screen.MainWindow : btn_onClicked 실행 시작
[2022-10-04 17:50:06.950][I][AutoBaseFunction.py(wrapper):8] Parameter : True
[2022-10-04 17:50:06.953][I][AutoBaseFunction.py(wrapper):14] Screen.MainWindow : btn_onClicked 실행 종료
[2022-10-04 17:50:06.996][I][AutoBaseFunction.py(wrapper):7] Screen.MainWindow : btn_onClicked 실행 시작
[2022-10-04 17:50:06.997][I][AutoBaseFunction.py(wrapper):8] Parameter : True
[2022-10-04 17:50:07.000][I][AutoBaseFunction.py(wrapper):14] Screen.MainWindow : btn_onClicked 실행 종료
[2022-10-04 17:50:07.028][I][AutoBaseFunction.py(wrapper):7] Screen.MainWindow : btn_onClicked 실행 시작
[2022-10-04 17:50:07.029][I][AutoBaseFunction.py(wrapper):8] Parameter : True
