[2022-10-06 11:24:33.201][D][LogManager.py(Init):12] LogManager Init function called !!!
[2022-10-06 11:24:33.254][I][AutoBaseFunction.py(wrapper):10] Screen.MainWindow : setupUi 실행 시작
[2022-10-06 11:24:33.254][I][AutoBaseFunction.py(wrapper):11] Parameter : 
[2022-10-06 11:24:33.258][I][AutoBaseFunction.py(wrapper):10] Screen.MainWindow : set_field 실행 시작
[2022-10-06 11:24:33.258][I][AutoBaseFunction.py(wrapper):11] Parameter : 
[2022-10-06 11:24:33.283][I][AutoBaseFunction.py(wrapper):17] Screen.MainWindow : set_field 실행 종료
[2022-10-06 11:24:33.284][I][AutoBaseFunction.py(wrapper):10] Screen.MainWindow : setWidget_func 실행 시작
[2022-10-06 11:24:33.284][I][AutoBaseFunction.py(wrapper):11] Parameter : 
[2022-10-06 11:24:33.286][I][AutoBaseFunction.py(wrapper):17] Screen.MainWindow : setWidget_func 실행 종료
[2022-10-06 11:24:33.289][I][AutoBaseFunction.py(wrapper):17] Screen.MainWindow : setupUi 실행 종료
[2022-10-06 11:24:33.296][I][AutoBaseFunction.py(wrapper):10] __main__ : __set_slot 실행 시작
[2022-10-06 11:24:33.296][I][AutoBaseFunction.py(wrapper):11] Parameter : 
[2022-10-06 11:24:33.297][I][AutoBaseFunction.py(wrapper):17] __main__ : __set_slot 실행 종료
[2022-10-06 11:24:33.297][I][AutoBaseFunction.py(wrapper):10] __main__ : __wigets_setupUi 실행 시작
[2022-10-06 11:24:33.298][I][AutoBaseFunction.py(wrapper):11] Parameter : 
[2022-10-06 11:24:33.299][I][AutoBaseFunction.py(wrapper):10] Screen.Setup_Language : setupUI_Language 실행 시작
[2022-10-06 11:24:33.300][I][AutoBaseFunction.py(wrapper):11] Parameter : 
[2022-10-06 11:24:33.301][I][AutoBaseFunction.py(wrapper):10] Screen.Setup_Language : sl_set_slot 실행 시작
[2022-10-06 11:24:33.301][I][AutoBaseFunction.py(wrapper):11] Parameter : 
[2022-10-06 11:24:33.302][I][AutoBaseFunction.py(wrapper):17] Screen.Setup_Language : sl_set_slot 실행 종료
[2022-10-06 11:24:33.302][I][AutoBaseFunction.py(wrapper):17] Screen.Setup_Language : setupUI_Language 실행 종료
[2022-10-06 11:24:33.302][I][AutoBaseFunction.py(wrapper):10] Screen.Menu_CreateExcel : setupUI_CreateExcel 실행 시작
[2022-10-06 11:24:33.303][I][AutoBaseFunction.py(wrapper):11] Parameter : 
[2022-10-06 11:24:33.307][I][AutoBaseFunction.py(wrapper):10] Screen.Menu_CreateExcel : new_excel_func 실행 시작
[2022-10-06 11:24:33.307][I][AutoBaseFunction.py(wrapper):11] Parameter : 
[2022-10-06 11:24:33.308][I][AutoBaseFunction.py(wrapper):17] Screen.Menu_CreateExcel : new_excel_func 실행 종료
[2022-10-06 11:24:33.308][I][AutoBaseFunction.py(wrapper):10] Screen.Menu_CreateExcel : set_excel_func 실행 시작
[2022-10-06 11:24:33.308][I][AutoBaseFunction.py(wrapper):11] Parameter : 
[2022-10-06 11:24:33.309][I][AutoBaseFunction.py(wrapper):17] Screen.Menu_CreateExcel : set_excel_func 실행 종료
[2022-10-06 11:24:33.310][I][AutoBaseFunction.py(wrapper):17] Screen.Menu_CreateExcel : setupUI_CreateExcel 실행 종료
[2022-10-06 11:24:33.310][I][AutoBaseFunction.py(wrapper):10] Screen.Setup_Field : setupUI_Field 실행 시작
[2022-10-06 11:24:33.310][I][AutoBaseFunction.py(wrapper):11] Parameter : 
[2022-10-06 11:24:33.313][I][AutoBaseFunction.py(wrapper):10] Screen.Setup_Field : set_data 실행 시작
[2022-10-06 11:24:33.314][I][AutoBaseFunction.py(wrapper):11] Parameter : 
[2022-10-06 11:24:33.315][I][AutoBaseFunction.py(wrapper):17] Screen.Setup_Field : set_data 실행 종료
[2022-10-06 11:24:33.540][I][AutoBaseFunction.py(wrapper):10] Screen.Setup_Field : set_data 실행 시작
[2022-10-06 11:24:33.540][I][AutoBaseFunction.py(wrapper):11] Parameter : 
[2022-10-06 11:24:33.541][I][AutoBaseFunction.py(wrapper):17] Screen.Setup_Field : set_data 실행 종료
[2022-10-06 11:24:33.542][I][AutoBaseFunction.py(wrapper):10] Screen.Setup_Field : set_data 실행 시작
[2022-10-06 11:24:33.542][I][AutoBaseFunction.py(wrapper):11] Parameter : 
[2022-10-06 11:24:33.543][I][AutoBaseFunction.py(wrapper):17] Screen.Setup_Field : set_data 실행 종료
[2022-10-06 11:24:33.544][I][AutoBaseFunction.py(wrapper):10] Screen.Setup_Field : set_data 실행 시작
[2022-10-06 11:24:33.544][I][AutoBaseFunction.py(wrapper):11] Parameter : 
[2022-10-06 11:24:33.545][I][AutoBaseFunction.py(wrapper):17] Screen.Setup_Field : set_data 실행 종료
[2022-10-06 11:24:33.545][I][AutoBaseFunction.py(wrapper):10] Screen.Setup_Field : set_data 실행 시작
[2022-10-06 11:24:33.546][I][AutoBaseFunction.py(wrapper):11] Parameter : 
[2022-10-06 11:24:33.546][I][AutoBaseFunction.py(wrapper):17] Screen.Setup_Field : set_data 실행 종료
[2022-10-06 11:24:33.546][I][AutoBaseFunction.py(wrapper):10] Screen.Setup_Field : set_data 실행 시작
[2022-10-06 11:24:33.547][I][AutoBaseFunction.py(wrapper):11] Parameter : 
[2022-10-06 11:24:33.547][I][AutoBaseFunction.py(wrapper):17] Screen.Setup_Field : set_data 실행 종료
[2022-10-06 11:24:33.547][I][AutoBaseFunction.py(wrapper):10] Screen.Setup_Field : sl_set_slot 실행 시작
[2022-10-06 11:24:33.548][I][AutoBaseFunction.py(wrapper):11] Parameter : 
[2022-10-06 11:24:33.548][I][AutoBaseFunction.py(wrapper):17] Screen.Setup_Field : sl_set_slot 실행 종료
[2022-10-06 11:24:33.548][I][AutoBaseFunction.py(wrapper):17] Screen.Setup_Field : setupUI_Field 실행 종료
[2022-10-06 11:24:33.548][I][AutoBaseFunction.py(wrapper):10] Screen.Setup_TestList : setupUI_TestList 실행 시작
[2022-10-06 11:24:33.549][I][AutoBaseFunction.py(wrapper):11] Parameter : 
[2022-10-06 11:24:33.553][I][AutoBaseFunction.py(wrapper):10] Screen.Setup_TestList : btn_set_slot 실행 시작
[2022-10-06 11:24:33.553][I][AutoBaseFunction.py(wrapper):11] Parameter : 
[2022-10-06 11:24:33.554][I][AutoBaseFunction.py(wrapper):17] Screen.Setup_TestList : btn_set_slot 실행 종료
[2022-10-06 11:24:33.555][I][AutoBaseFunction.py(wrapper):17] Screen.Setup_TestList : setupUI_TestList 실행 종료
[2022-10-06 11:24:33.555][I][AutoBaseFunction.py(wrapper):17] __main__ : __wigets_setupUi 실행 종료
[2022-10-06 11:58:54.107][I][AutoBaseFunction.py(wrapper):10] Screen.MainWindow : closeEvent 실행 시작
[2022-10-06 11:58:54.108][I][AutoBaseFunction.py(wrapper):11] Parameter : <PyQt5.QtGui.QCloseEvent object at 0x00000153CBF995E8>
