[2022-10-04 17:27:32.949][D][LogManager.py(Init):12] LogManager Init function called !!!
[2022-10-04 17:27:32.973][I][AutoBaseFunction.py(wrapper):7] Screen.MainWindow : setupUi 실행 시작
[2022-10-04 17:27:32.973][I][AutoBaseFunction.py(wrapper):8] Parameter : 
[2022-10-04 17:27:32.976][I][AutoBaseFunction.py(wrapper):7] Screen.MainWindow : set_field 실행 시작
[2022-10-04 17:27:32.977][I][AutoBaseFunction.py(wrapper):8] Parameter : 
[2022-10-04 17:27:33.003][I][AutoBaseFunction.py(wrapper):14] Screen.MainWindow : set_field 실행 종료
[2022-10-04 17:27:33.003][I][AutoBaseFunction.py(wrapper):7] Screen.MainWindow : setWidget_func 실행 시작
[2022-10-04 17:27:33.003][I][AutoBaseFunction.py(wrapper):8] Parameter : 
[2022-10-04 17:27:33.006][I][AutoBaseFunction.py(wrapper):14] Screen.MainWindow : setWidget_func 실행 종료
[2022-10-04 17:27:33.008][I][AutoBaseFunction.py(wrapper):14] Screen.MainWindow : setupUi 실행 종료
[2022-10-04 17:27:33.017][I][AutoBaseFunction.py(wrapper):7] __main__ : __set_slot 실행 시작
[2022-10-04 17:27:33.017][I][AutoBaseFunction.py(wrapper):8] Parameter : 
[2022-10-04 17:27:33.018][I][AutoBaseFunction.py(wrapper):14] __main__ : __set_slot 실행 종료
[2022-10-04 17:27:33.018][I][AutoBaseFunction.py(wrapper):7] __main__ : __wigets_setupUi 실행 시작
[2022-10-04 17:27:33.018][I][AutoBaseFunction.py(wrapper):8] Parameter : 
[2022-10-04 17:27:33.018][I][AutoBaseFunction.py(wrapper):7] Screen.Setup_Language : setupUI_Language 실행 시작
[2022-10-04 17:27:33.019][I][AutoBaseFunction.py(wrapper):8] Parameter : 
[2022-10-04 17:27:33.020][I][AutoBaseFunction.py(wrapper):7] Screen.Setup_Language : sl_set_slot 실행 시작
[2022-10-04 17:27:33.020][I][AutoBaseFunction.py(wrapper):8] Parameter : 
[2022-10-04 17:27:33.020][I][AutoBaseFunction.py(wrapper):14] Screen.Setup_Language : sl_set_slot 실행 종료
[2022-10-04 17:27:33.021][I][AutoBaseFunction.py(wrapper):14] Screen.Setup_Language : setupUI_Language 실행 종료
[2022-10-04 17:27:33.021][I][AutoBaseFunction.py(wrapper):7] Screen.Menu_CreateExcel : setupUI_CreateExcel 실행 시작
[2022-10-04 17:27:33.021][I][AutoBaseFunction.py(wrapper):8] Parameter : 
[2022-10-04 17:27:33.022][I][AutoBaseFunction.py(wrapper):7] Screen.Menu_CreateExcel : new_excel_func 실행 시작
[2022-10-04 17:27:33.023][I][AutoBaseFunction.py(wrapper):8] Parameter : 
[2022-10-04 17:27:33.023][I][AutoBaseFunction.py(wrapper):14] Screen.Menu_CreateExcel : new_excel_func 실행 종료
[2022-10-04 17:27:33.023][I][AutoBaseFunction.py(wrapper):7] Screen.Menu_CreateExcel : set_excel_func 실행 시작
[2022-10-04 17:27:33.024][I][AutoBaseFunction.py(wrapper):8] Parameter : 
[2022-10-04 17:27:33.024][I][AutoBaseFunction.py(wrapper):14] Screen.Menu_CreateExcel : set_excel_func 실행 종료
[2022-10-04 17:27:33.025][I][AutoBaseFunction.py(wrapper):14] Screen.Menu_CreateExcel : setupUI_CreateExcel 실행 종료
[2022-10-04 17:27:33.025][I][AutoBaseFunction.py(wrapper):7] Screen.Setup_Field : setupUI_Field 실행 시작
[2022-10-04 17:27:33.025][I][AutoBaseFunction.py(wrapper):8] Parameter : 
[2022-10-04 17:27:33.027][I][AutoBaseFunction.py(wrapper):7] Screen.Setup_Field : set_data 실행 시작
[2022-10-04 17:27:33.027][I][AutoBaseFunction.py(wrapper):8] Parameter : 
[2022-10-04 17:27:33.028][I][AutoBaseFunction.py(wrapper):14] Screen.Setup_Field : set_data 실행 종료
[2022-10-04 17:27:33.272][I][AutoBaseFunction.py(wrapper):7] Screen.Setup_Field : set_data 실행 시작
[2022-10-04 17:27:33.273][I][AutoBaseFunction.py(wrapper):8] Parameter : 
[2022-10-04 17:27:33.273][I][AutoBaseFunction.py(wrapper):14] Screen.Setup_Field : set_data 실행 종료
[2022-10-04 17:27:33.274][I][AutoBaseFunction.py(wrapper):7] Screen.Setup_Field : set_data 실행 시작
[2022-10-04 17:27:33.274][I][AutoBaseFunction.py(wrapper):8] Parameter : 
[2022-10-04 17:27:33.275][I][AutoBaseFunction.py(wrapper):14] Screen.Setup_Field : set_data 실행 종료
[2022-10-04 17:27:33.275][I][AutoBaseFunction.py(wrapper):7] Screen.Setup_Field : set_data 실행 시작
[2022-10-04 17:27:33.276][I][AutoBaseFunction.py(wrapper):8] Parameter : 
[2022-10-04 17:27:33.276][I][AutoBaseFunction.py(wrapper):14] Screen.Setup_Field : set_data 실행 종료
[2022-10-04 17:27:33.276][I][AutoBaseFunction.py(wrapper):7] Screen.Setup_Field : set_data 실행 시작
[2022-10-04 17:27:33.276][I][AutoBaseFunction.py(wrapper):8] Parameter : 
[2022-10-04 17:27:33.277][I][AutoBaseFunction.py(wrapper):14] Screen.Setup_Field : set_data 실행 종료
[2022-10-04 17:27:33.277][I][AutoBaseFunction.py(wrapper):7] Screen.Setup_Field : set_data 실행 시작
[2022-10-04 17:27:33.277][I][AutoBaseFunction.py(wrapper):8] Parameter : 
[2022-10-04 17:27:33.277][I][AutoBaseFunction.py(wrapper):14] Screen.Setup_Field : set_data 실행 종료
[2022-10-04 17:27:33.278][I][AutoBaseFunction.py(wrapper):7] Screen.Setup_Field : sl_set_slot 실행 시작
[2022-10-04 17:27:33.278][I][AutoBaseFunction.py(wrapper):8] Parameter : 
[2022-10-04 17:27:33.278][I][AutoBaseFunction.py(wrapper):14] Screen.Setup_Field : sl_set_slot 실행 종료
[2022-10-04 17:27:33.278][I][AutoBaseFunction.py(wrapper):14] Screen.Setup_Field : setupUI_Field 실행 종료
[2022-10-04 17:27:33.279][I][AutoBaseFunction.py(wrapper):7] Screen.Setup_TestList : setupUI_TestList 실행 시작
[2022-10-04 17:27:33.279][I][AutoBaseFunction.py(wrapper):8] Parameter : 
[2022-10-04 17:27:33.280][I][AutoBaseFunction.py(wrapper):7] Screen.Setup_TestList : btn_set_slot 실행 시작
[2022-10-04 17:27:33.280][I][AutoBaseFunction.py(wrapper):8] Parameter : 
[2022-10-04 17:27:33.281][I][AutoBaseFunction.py(wrapper):14] Screen.Setup_TestList : btn_set_slot 실행 종료
[2022-10-04 17:27:33.281][I][AutoBaseFunction.py(wrapper):14] Screen.Setup_TestList : setupUI_TestList 실행 종료
[2022-10-04 17:27:33.281][I][AutoBaseFunction.py(wrapper):14] __main__ : __wigets_setupUi 실행 종료
[2022-10-04 17:27:35.365][I][AutoBaseFunction.py(wrapper):7] __main__ : __sl_ui 실행 시작
[2022-10-04 17:27:35.365][I][AutoBaseFunction.py(wrapper):8] Parameter : False
[2022-10-04 17:27:35.366][I][AutoBaseFunction.py(wrapper):7] Screen.Setup_Language : setLang_Button 실행 시작
[2022-10-04 17:27:35.366][I][AutoBaseFunction.py(wrapper):8] Parameter : 
[2022-10-04 17:27:35.369][I][AutoBaseFunction.py(wrapper):14] Screen.Setup_Language : setLang_Button 실행 종료
[2022-10-04 17:27:35.382][I][AutoBaseFunction.py(wrapper):14] __main__ : __sl_ui 실행 종료
[2022-10-04 17:27:36.675][I][AutoBaseFunction.py(wrapper):7] Screen.Setup_Language : ok_Button_clicked 실행 시작
[2022-10-04 17:27:36.676][I][AutoBaseFunction.py(wrapper):8] Parameter : False
[2022-10-04 17:27:36.789][I][AutoBaseFunction.py(wrapper):7] Screen.Setup_Language : closeEvent 실행 시작
[2022-10-04 17:27:36.790][I][AutoBaseFunction.py(wrapper):8] Parameter : <PyQt5.QtGui.QCloseEvent object at 0x000002116743D3A8>
[2022-10-04 17:27:36.791][I][AutoBaseFunction.py(wrapper):14] Screen.Setup_Language : closeEvent 실행 종료
[2022-10-04 17:27:36.797][I][AutoBaseFunction.py(wrapper):14] Screen.Setup_Language : ok_Button_clicked 실행 종료
[2022-10-04 17:27:37.576][I][AutoBaseFunction.py(wrapper):7] Screen.MainWindow : update_open_menu 실행 시작
[2022-10-04 17:27:37.576][I][AutoBaseFunction.py(wrapper):8] Parameter : 
[2022-10-04 17:27:37.578][I][AutoBaseFunction.py(wrapper):14] Screen.MainWindow : update_open_menu 실행 종료
[2022-10-04 17:27:38.542][I][AutoBaseFunction.py(wrapper):7] Screen.MainWindow : show_imgList 실행 시작
[2022-10-04 17:27:38.542][I][AutoBaseFunction.py(wrapper):8] Parameter : ('한국어', 'D:/test/TestList_CSV/2022_skillup-master'), True, True
[2022-10-04 17:27:38.595][I][AutoBaseFunction.py(wrapper):7] Screen.MainWindow : qbutton_clicked 실행 시작
[2022-10-04 17:27:38.595][I][AutoBaseFunction.py(wrapper):8] Parameter : None, 0, <Screen.MainWindow.QPushButtonIcon object at 0x000002116747B678>, False
[2022-10-04 17:27:38.639][I][AutoBaseFunction.py(wrapper):14] Screen.MainWindow : qbutton_clicked 실행 종료
[2022-10-04 17:27:38.640][I][AutoBaseFunction.py(wrapper):14] Screen.MainWindow : show_imgList 실행 종료
[2022-10-04 17:27:39.443][I][AutoBaseFunction.py(wrapper):7] Screen.MainWindow : btn_onClicked 실행 시작
[2022-10-04 17:27:39.444][I][AutoBaseFunction.py(wrapper):8] Parameter : True
