[2022-10-04 20:14:45.484][D][LogManager.py(Init):12] LogManager Init function called !!!
[2022-10-04 20:14:45.509][I][AutoBaseFunction.py(wrapper):10] Screen.MainWindow : setupUi 실행 시작
[2022-10-04 20:14:45.510][I][AutoBaseFunction.py(wrapper):11] Parameter : 
[2022-10-04 20:14:45.513][I][AutoBaseFunction.py(wrapper):10] Screen.MainWindow : set_field 실행 시작
[2022-10-04 20:14:45.513][I][AutoBaseFunction.py(wrapper):11] Parameter : 
[2022-10-04 20:14:45.563][I][AutoBaseFunction.py(wrapper):17] Screen.MainWindow : set_field 실행 종료
[2022-10-04 20:14:45.564][I][AutoBaseFunction.py(wrapper):10] Screen.MainWindow : setWidget_func 실행 시작
[2022-10-04 20:14:45.564][I][AutoBaseFunction.py(wrapper):11] Parameter : 
[2022-10-04 20:14:45.566][I][AutoBaseFunction.py(wrapper):17] Screen.MainWindow : setWidget_func 실행 종료
[2022-10-04 20:14:45.568][I][AutoBaseFunction.py(wrapper):17] Screen.MainWindow : setupUi 실행 종료
[2022-10-04 20:14:45.581][I][AutoBaseFunction.py(wrapper):10] __main__ : __set_slot 실행 시작
[2022-10-04 20:14:45.582][I][AutoBaseFunction.py(wrapper):11] Parameter : 
[2022-10-04 20:14:45.582][I][AutoBaseFunction.py(wrapper):17] __main__ : __set_slot 실행 종료
[2022-10-04 20:14:45.582][I][AutoBaseFunction.py(wrapper):10] __main__ : __wigets_setupUi 실행 시작
[2022-10-04 20:14:45.583][I][AutoBaseFunction.py(wrapper):11] Parameter : 
[2022-10-04 20:14:45.583][I][AutoBaseFunction.py(wrapper):10] Screen.Setup_Language : setupUI_Language 실행 시작
[2022-10-04 20:14:45.583][I][AutoBaseFunction.py(wrapper):11] Parameter : 
[2022-10-04 20:14:45.584][I][AutoBaseFunction.py(wrapper):10] Screen.Setup_Language : sl_set_slot 실행 시작
[2022-10-04 20:14:45.584][I][AutoBaseFunction.py(wrapper):11] Parameter : 
[2022-10-04 20:14:45.585][I][AutoBaseFunction.py(wrapper):17] Screen.Setup_Language : sl_set_slot 실행 종료
[2022-10-04 20:14:45.585][I][AutoBaseFunction.py(wrapper):17] Screen.Setup_Language : setupUI_Language 실행 종료
[2022-10-04 20:14:45.585][I][AutoBaseFunction.py(wrapper):10] Screen.Menu_CreateExcel : setupUI_CreateExcel 실행 시작
[2022-10-04 20:14:45.585][I][AutoBaseFunction.py(wrapper):11] Parameter : 
[2022-10-04 20:14:45.586][I][AutoBaseFunction.py(wrapper):10] Screen.Menu_CreateExcel : new_excel_func 실행 시작
[2022-10-04 20:14:45.587][I][AutoBaseFunction.py(wrapper):11] Parameter : 
[2022-10-04 20:14:45.587][I][AutoBaseFunction.py(wrapper):17] Screen.Menu_CreateExcel : new_excel_func 실행 종료
[2022-10-04 20:14:45.588][I][AutoBaseFunction.py(wrapper):10] Screen.Menu_CreateExcel : set_excel_func 실행 시작
[2022-10-04 20:14:45.588][I][AutoBaseFunction.py(wrapper):11] Parameter : 
[2022-10-04 20:14:45.589][I][AutoBaseFunction.py(wrapper):17] Screen.Menu_CreateExcel : set_excel_func 실행 종료
[2022-10-04 20:14:45.589][I][AutoBaseFunction.py(wrapper):17] Screen.Menu_CreateExcel : setupUI_CreateExcel 실행 종료
[2022-10-04 20:14:45.590][I][AutoBaseFunction.py(wrapper):10] Screen.Setup_Field : setupUI_Field 실행 시작
[2022-10-04 20:14:45.590][I][AutoBaseFunction.py(wrapper):11] Parameter : 
[2022-10-04 20:14:45.592][I][AutoBaseFunction.py(wrapper):10] Screen.Setup_Field : set_data 실행 시작
[2022-10-04 20:14:45.592][I][AutoBaseFunction.py(wrapper):11] Parameter : 
[2022-10-04 20:14:45.593][I][AutoBaseFunction.py(wrapper):17] Screen.Setup_Field : set_data 실행 종료
[2022-10-04 20:14:45.836][I][AutoBaseFunction.py(wrapper):10] Screen.Setup_Field : set_data 실행 시작
[2022-10-04 20:14:45.837][I][AutoBaseFunction.py(wrapper):11] Parameter : 
[2022-10-04 20:14:45.837][I][AutoBaseFunction.py(wrapper):17] Screen.Setup_Field : set_data 실행 종료
[2022-10-04 20:14:45.838][I][AutoBaseFunction.py(wrapper):10] Screen.Setup_Field : set_data 실행 시작
[2022-10-04 20:14:45.838][I][AutoBaseFunction.py(wrapper):11] Parameter : 
[2022-10-04 20:14:45.839][I][AutoBaseFunction.py(wrapper):17] Screen.Setup_Field : set_data 실행 종료
[2022-10-04 20:14:45.839][I][AutoBaseFunction.py(wrapper):10] Screen.Setup_Field : set_data 실행 시작
[2022-10-04 20:14:45.840][I][AutoBaseFunction.py(wrapper):11] Parameter : 
[2022-10-04 20:14:45.840][I][AutoBaseFunction.py(wrapper):17] Screen.Setup_Field : set_data 실행 종료
[2022-10-04 20:14:45.840][I][AutoBaseFunction.py(wrapper):10] Screen.Setup_Field : set_data 실행 시작
[2022-10-04 20:14:45.841][I][AutoBaseFunction.py(wrapper):11] Parameter : 
[2022-10-04 20:14:45.841][I][AutoBaseFunction.py(wrapper):17] Screen.Setup_Field : set_data 실행 종료
[2022-10-04 20:14:45.841][I][AutoBaseFunction.py(wrapper):10] Screen.Setup_Field : set_data 실행 시작
[2022-10-04 20:14:45.842][I][AutoBaseFunction.py(wrapper):11] Parameter : 
[2022-10-04 20:14:45.842][I][AutoBaseFunction.py(wrapper):17] Screen.Setup_Field : set_data 실행 종료
[2022-10-04 20:14:45.843][I][AutoBaseFunction.py(wrapper):10] Screen.Setup_Field : sl_set_slot 실행 시작
[2022-10-04 20:14:45.843][I][AutoBaseFunction.py(wrapper):11] Parameter : 
[2022-10-04 20:14:45.843][I][AutoBaseFunction.py(wrapper):17] Screen.Setup_Field : sl_set_slot 실행 종료
[2022-10-04 20:14:45.844][I][AutoBaseFunction.py(wrapper):17] Screen.Setup_Field : setupUI_Field 실행 종료
[2022-10-04 20:14:45.844][I][AutoBaseFunction.py(wrapper):10] Screen.Setup_TestList : setupUI_TestList 실행 시작
[2022-10-04 20:14:45.844][I][AutoBaseFunction.py(wrapper):11] Parameter : 
[2022-10-04 20:14:45.845][I][AutoBaseFunction.py(wrapper):10] Screen.Setup_TestList : btn_set_slot 실행 시작
[2022-10-04 20:14:45.846][I][AutoBaseFunction.py(wrapper):11] Parameter : 
[2022-10-04 20:14:45.846][I][AutoBaseFunction.py(wrapper):17] Screen.Setup_TestList : btn_set_slot 실행 종료
[2022-10-04 20:14:45.847][I][AutoBaseFunction.py(wrapper):17] Screen.Setup_TestList : setupUI_TestList 실행 종료
[2022-10-04 20:14:45.847][I][AutoBaseFunction.py(wrapper):17] __main__ : __wigets_setupUi 실행 종료
[2022-10-04 20:14:49.927][I][AutoBaseFunction.py(wrapper):10] Screen.MainWindow : update_open_menu 실행 시작
[2022-10-04 20:14:49.927][I][AutoBaseFunction.py(wrapper):11] Parameter : 
[2022-10-04 20:14:49.930][I][AutoBaseFunction.py(wrapper):17] Screen.MainWindow : update_open_menu 실행 종료
[2022-10-04 20:14:50.523][I][AutoBaseFunction.py(wrapper):10] __main__ : __ce_ui 실행 시작
[2022-10-04 20:14:50.524][I][AutoBaseFunction.py(wrapper):11] Parameter : False
[2022-10-04 20:14:50.545][I][AutoBaseFunction.py(wrapper):17] __main__ : __ce_ui 실행 종료
[2022-10-04 20:14:52.795][I][AutoBaseFunction.py(wrapper):10] Screen.Menu_CreateExcel : folder_toolButton_clicked 실행 시작
[2022-10-04 20:14:52.796][I][AutoBaseFunction.py(wrapper):11] Parameter : <PyQt5.QtWidgets.QLineEdit object at 0x00000232FEAE5438>, False
[2022-10-04 20:14:56.111][I][AutoBaseFunction.py(wrapper):17] Screen.Menu_CreateExcel : folder_toolButton_clicked 실행 종료
[2022-10-04 20:14:57.258][I][AutoBaseFunction.py(wrapper):10] Screen.Menu_CreateExcel : func_check 실행 시작
[2022-10-04 20:14:57.258][I][AutoBaseFunction.py(wrapper):11] Parameter : False
[2022-10-04 20:14:57.367][I][AutoBaseFunction.py(wrapper):17] Screen.Menu_CreateExcel : func_check 실행 종료
[2022-10-04 20:15:48.146][I][AutoBaseFunction.py(wrapper):10] Screen.MainWindow : closeEvent 실행 시작
[2022-10-04 20:15:48.146][I][AutoBaseFunction.py(wrapper):11] Parameter : <PyQt5.QtGui.QCloseEvent object at 0x0000023284337438>
