[2022-10-04 18:25:12.797][D][LogManager.py(Init):12] LogManager Init function called !!!
[2022-10-04 18:25:12.824][I][AutoBaseFunction.py(wrapper):10] Screen.MainWindow : setupUi 실행 시작
[2022-10-04 18:25:12.824][I][AutoBaseFunction.py(wrapper):11] Parameter : 
[2022-10-04 18:25:12.827][I][AutoBaseFunction.py(wrapper):10] Screen.MainWindow : set_field 실행 시작
[2022-10-04 18:25:12.827][I][AutoBaseFunction.py(wrapper):11] Parameter : 
[2022-10-04 18:25:12.859][I][AutoBaseFunction.py(wrapper):17] Screen.MainWindow : set_field 실행 종료
[2022-10-04 18:25:12.860][I][AutoBaseFunction.py(wrapper):10] Screen.MainWindow : setWidget_func 실행 시작
[2022-10-04 18:25:12.860][I][AutoBaseFunction.py(wrapper):11] Parameter : 
[2022-10-04 18:25:12.862][I][AutoBaseFunction.py(wrapper):17] Screen.MainWindow : setWidget_func 실행 종료
[2022-10-04 18:25:12.864][I][AutoBaseFunction.py(wrapper):17] Screen.MainWindow : setupUi 실행 종료
[2022-10-04 18:25:12.878][I][AutoBaseFunction.py(wrapper):10] __main__ : __set_slot 실행 시작
[2022-10-04 18:25:12.878][I][AutoBaseFunction.py(wrapper):11] Parameter : 
[2022-10-04 18:25:12.879][I][AutoBaseFunction.py(wrapper):17] __main__ : __set_slot 실행 종료
[2022-10-04 18:25:12.879][I][AutoBaseFunction.py(wrapper):10] __main__ : __wigets_setupUi 실행 시작
[2022-10-04 18:25:12.880][I][AutoBaseFunction.py(wrapper):11] Parameter : 
[2022-10-04 18:25:12.880][I][AutoBaseFunction.py(wrapper):10] Screen.Setup_Language : setupUI_Language 실행 시작
[2022-10-04 18:25:12.880][I][AutoBaseFunction.py(wrapper):11] Parameter : 
[2022-10-04 18:25:12.881][I][AutoBaseFunction.py(wrapper):10] Screen.Setup_Language : sl_set_slot 실행 시작
[2022-10-04 18:25:12.881][I][AutoBaseFunction.py(wrapper):11] Parameter : 
[2022-10-04 18:25:12.882][I][AutoBaseFunction.py(wrapper):17] Screen.Setup_Language : sl_set_slot 실행 종료
[2022-10-04 18:25:12.882][I][AutoBaseFunction.py(wrapper):17] Screen.Setup_Language : setupUI_Language 실행 종료
[2022-10-04 18:25:12.882][I][AutoBaseFunction.py(wrapper):10] Screen.Menu_CreateExcel : setupUI_CreateExcel 실행 시작
[2022-10-04 18:25:12.882][I][AutoBaseFunction.py(wrapper):11] Parameter : 
[2022-10-04 18:25:12.884][I][AutoBaseFunction.py(wrapper):10] Screen.Menu_CreateExcel : new_excel_func 실행 시작
[2022-10-04 18:25:12.884][I][AutoBaseFunction.py(wrapper):11] Parameter : 
[2022-10-04 18:25:12.884][I][AutoBaseFunction.py(wrapper):17] Screen.Menu_CreateExcel : new_excel_func 실행 종료
[2022-10-04 18:25:12.885][I][AutoBaseFunction.py(wrapper):10] Screen.Menu_CreateExcel : set_excel_func 실행 시작
[2022-10-04 18:25:12.885][I][AutoBaseFunction.py(wrapper):11] Parameter : 
[2022-10-04 18:25:12.885][I][AutoBaseFunction.py(wrapper):17] Screen.Menu_CreateExcel : set_excel_func 실행 종료
[2022-10-04 18:25:12.886][I][AutoBaseFunction.py(wrapper):17] Screen.Menu_CreateExcel : setupUI_CreateExcel 실행 종료
[2022-10-04 18:25:12.886][I][AutoBaseFunction.py(wrapper):10] Screen.Setup_Field : setupUI_Field 실행 시작
[2022-10-04 18:25:12.886][I][AutoBaseFunction.py(wrapper):11] Parameter : 
[2022-10-04 18:25:12.889][I][AutoBaseFunction.py(wrapper):10] Screen.Setup_Field : set_data 실행 시작
[2022-10-04 18:25:12.889][I][AutoBaseFunction.py(wrapper):11] Parameter : 
[2022-10-04 18:25:12.890][I][AutoBaseFunction.py(wrapper):17] Screen.Setup_Field : set_data 실행 종료
[2022-10-04 18:25:13.114][I][AutoBaseFunction.py(wrapper):10] Screen.Setup_Field : set_data 실행 시작
[2022-10-04 18:25:13.114][I][AutoBaseFunction.py(wrapper):11] Parameter : 
[2022-10-04 18:25:13.115][I][AutoBaseFunction.py(wrapper):17] Screen.Setup_Field : set_data 실행 종료
[2022-10-04 18:25:13.115][I][AutoBaseFunction.py(wrapper):10] Screen.Setup_Field : set_data 실행 시작
[2022-10-04 18:25:13.116][I][AutoBaseFunction.py(wrapper):11] Parameter : 
[2022-10-04 18:25:13.116][I][AutoBaseFunction.py(wrapper):17] Screen.Setup_Field : set_data 실행 종료
[2022-10-04 18:25:13.117][I][AutoBaseFunction.py(wrapper):10] Screen.Setup_Field : set_data 실행 시작
[2022-10-04 18:25:13.117][I][AutoBaseFunction.py(wrapper):11] Parameter : 
[2022-10-04 18:25:13.117][I][AutoBaseFunction.py(wrapper):17] Screen.Setup_Field : set_data 실행 종료
[2022-10-04 18:25:13.118][I][AutoBaseFunction.py(wrapper):10] Screen.Setup_Field : set_data 실행 시작
[2022-10-04 18:25:13.118][I][AutoBaseFunction.py(wrapper):11] Parameter : 
[2022-10-04 18:25:13.118][I][AutoBaseFunction.py(wrapper):17] Screen.Setup_Field : set_data 실행 종료
[2022-10-04 18:25:13.118][I][AutoBaseFunction.py(wrapper):10] Screen.Setup_Field : set_data 실행 시작
[2022-10-04 18:25:13.119][I][AutoBaseFunction.py(wrapper):11] Parameter : 
[2022-10-04 18:25:13.119][I][AutoBaseFunction.py(wrapper):17] Screen.Setup_Field : set_data 실행 종료
[2022-10-04 18:25:13.119][I][AutoBaseFunction.py(wrapper):10] Screen.Setup_Field : sl_set_slot 실행 시작
[2022-10-04 18:25:13.120][I][AutoBaseFunction.py(wrapper):11] Parameter : 
[2022-10-04 18:25:13.120][I][AutoBaseFunction.py(wrapper):17] Screen.Setup_Field : sl_set_slot 실행 종료
[2022-10-04 18:25:13.120][I][AutoBaseFunction.py(wrapper):17] Screen.Setup_Field : setupUI_Field 실행 종료
[2022-10-04 18:25:13.121][I][AutoBaseFunction.py(wrapper):10] Screen.Setup_TestList : setupUI_TestList 실행 시작
[2022-10-04 18:25:13.121][I][AutoBaseFunction.py(wrapper):11] Parameter : 
[2022-10-04 18:25:13.122][I][AutoBaseFunction.py(wrapper):10] Screen.Setup_TestList : btn_set_slot 실행 시작
[2022-10-04 18:25:13.122][I][AutoBaseFunction.py(wrapper):11] Parameter : 
[2022-10-04 18:25:13.122][I][AutoBaseFunction.py(wrapper):17] Screen.Setup_TestList : btn_set_slot 실행 종료
[2022-10-04 18:25:13.123][I][AutoBaseFunction.py(wrapper):17] Screen.Setup_TestList : setupUI_TestList 실행 종료
[2022-10-04 18:25:13.123][I][AutoBaseFunction.py(wrapper):17] __main__ : __wigets_setupUi 실행 종료
[2022-10-04 18:25:13.931][I][AutoBaseFunction.py(wrapper):10] Screen.MainWindow : update_open_menu 실행 시작
[2022-10-04 18:25:13.931][I][AutoBaseFunction.py(wrapper):11] Parameter : 
[2022-10-04 18:25:13.934][I][AutoBaseFunction.py(wrapper):17] Screen.MainWindow : update_open_menu 실행 종료
[2022-10-04 18:25:14.560][I][AutoBaseFunction.py(wrapper):10] __main__ : __ce_ui 실행 시작
[2022-10-04 18:25:14.560][I][AutoBaseFunction.py(wrapper):11] Parameter : False
[2022-10-04 18:25:14.579][I][AutoBaseFunction.py(wrapper):17] __main__ : __ce_ui 실행 종료
[2022-10-04 18:25:16.230][I][AutoBaseFunction.py(wrapper):10] Screen.Menu_CreateExcel : folder_toolButton_clicked 실행 시작
[2022-10-04 18:25:16.231][I][AutoBaseFunction.py(wrapper):11] Parameter : <PyQt5.QtWidgets.QLineEdit object at 0x000002CF11CD3168>, False
[2022-10-04 18:25:17.479][I][AutoBaseFunction.py(wrapper):17] Screen.Menu_CreateExcel : folder_toolButton_clicked 실행 종료
[2022-10-04 18:25:18.272][I][AutoBaseFunction.py(wrapper):10] Screen.Menu_CreateExcel : func_check 실행 시작
[2022-10-04 18:25:18.272][I][AutoBaseFunction.py(wrapper):11] Parameter : False
