[2022-10-04 17:31:59.829][D][LogManager.py(Init):12] LogManager Init function called !!!
[2022-10-04 17:31:59.859][I][AutoBaseFunction.py(wrapper):7] Screen.MainWindow : setupUi 실행 시작
[2022-10-04 17:31:59.860][I][AutoBaseFunction.py(wrapper):8] Parameter : 
[2022-10-04 17:31:59.863][I][AutoBaseFunction.py(wrapper):7] Screen.MainWindow : set_field 실행 시작
[2022-10-04 17:31:59.864][I][AutoBaseFunction.py(wrapper):8] Parameter : 
[2022-10-04 17:31:59.889][I][AutoBaseFunction.py(wrapper):14] Screen.MainWindow : set_field 실행 종료
[2022-10-04 17:31:59.890][I][AutoBaseFunction.py(wrapper):7] Screen.MainWindow : setWidget_func 실행 시작
[2022-10-04 17:31:59.890][I][AutoBaseFunction.py(wrapper):8] Parameter : 
[2022-10-04 17:31:59.892][I][AutoBaseFunction.py(wrapper):14] Screen.MainWindow : setWidget_func 실행 종료
[2022-10-04 17:31:59.894][I][AutoBaseFunction.py(wrapper):14] Screen.MainWindow : setupUi 실행 종료
[2022-10-04 17:31:59.901][I][AutoBaseFunction.py(wrapper):7] __main__ : __set_slot 실행 시작
[2022-10-04 17:31:59.901][I][AutoBaseFunction.py(wrapper):8] Parameter : 
[2022-10-04 17:31:59.902][I][AutoBaseFunction.py(wrapper):14] __main__ : __set_slot 실행 종료
[2022-10-04 17:31:59.902][I][AutoBaseFunction.py(wrapper):7] __main__ : __wigets_setupUi 실행 시작
[2022-10-04 17:31:59.902][I][AutoBaseFunction.py(wrapper):8] Parameter : 
[2022-10-04 17:31:59.903][I][AutoBaseFunction.py(wrapper):7] Screen.Setup_Language : setupUI_Language 실행 시작
[2022-10-04 17:31:59.903][I][AutoBaseFunction.py(wrapper):8] Parameter : 
[2022-10-04 17:31:59.903][I][AutoBaseFunction.py(wrapper):7] Screen.Setup_Language : sl_set_slot 실행 시작
[2022-10-04 17:31:59.904][I][AutoBaseFunction.py(wrapper):8] Parameter : 
[2022-10-04 17:31:59.904][I][AutoBaseFunction.py(wrapper):14] Screen.Setup_Language : sl_set_slot 실행 종료
[2022-10-04 17:31:59.904][I][AutoBaseFunction.py(wrapper):14] Screen.Setup_Language : setupUI_Language 실행 종료
[2022-10-04 17:31:59.904][I][AutoBaseFunction.py(wrapper):7] Screen.Menu_CreateExcel : setupUI_CreateExcel 실행 시작
[2022-10-04 17:31:59.905][I][AutoBaseFunction.py(wrapper):8] Parameter : 
[2022-10-04 17:31:59.906][I][AutoBaseFunction.py(wrapper):7] Screen.Menu_CreateExcel : new_excel_func 실행 시작
[2022-10-04 17:31:59.906][I][AutoBaseFunction.py(wrapper):8] Parameter : 
[2022-10-04 17:31:59.907][I][AutoBaseFunction.py(wrapper):14] Screen.Menu_CreateExcel : new_excel_func 실행 종료
[2022-10-04 17:31:59.907][I][AutoBaseFunction.py(wrapper):7] Screen.Menu_CreateExcel : set_excel_func 실행 시작
[2022-10-04 17:31:59.907][I][AutoBaseFunction.py(wrapper):8] Parameter : 
[2022-10-04 17:31:59.908][I][AutoBaseFunction.py(wrapper):14] Screen.Menu_CreateExcel : set_excel_func 실행 종료
[2022-10-04 17:31:59.908][I][AutoBaseFunction.py(wrapper):14] Screen.Menu_CreateExcel : setupUI_CreateExcel 실행 종료
[2022-10-04 17:31:59.908][I][AutoBaseFunction.py(wrapper):7] Screen.Setup_Field : setupUI_Field 실행 시작
[2022-10-04 17:31:59.909][I][AutoBaseFunction.py(wrapper):8] Parameter : 
[2022-10-04 17:31:59.910][I][AutoBaseFunction.py(wrapper):7] Screen.Setup_Field : set_data 실행 시작
[2022-10-04 17:31:59.911][I][AutoBaseFunction.py(wrapper):8] Parameter : 
[2022-10-04 17:31:59.911][I][AutoBaseFunction.py(wrapper):14] Screen.Setup_Field : set_data 실행 종료
[2022-10-04 17:32:00.150][I][AutoBaseFunction.py(wrapper):7] Screen.Setup_Field : set_data 실행 시작
[2022-10-04 17:32:00.151][I][AutoBaseFunction.py(wrapper):8] Parameter : 
[2022-10-04 17:32:00.151][I][AutoBaseFunction.py(wrapper):14] Screen.Setup_Field : set_data 실행 종료
[2022-10-04 17:32:00.152][I][AutoBaseFunction.py(wrapper):7] Screen.Setup_Field : set_data 실행 시작
[2022-10-04 17:32:00.152][I][AutoBaseFunction.py(wrapper):8] Parameter : 
[2022-10-04 17:32:00.153][I][AutoBaseFunction.py(wrapper):14] Screen.Setup_Field : set_data 실행 종료
[2022-10-04 17:32:00.154][I][AutoBaseFunction.py(wrapper):7] Screen.Setup_Field : set_data 실행 시작
[2022-10-04 17:32:00.154][I][AutoBaseFunction.py(wrapper):8] Parameter : 
[2022-10-04 17:32:00.154][I][AutoBaseFunction.py(wrapper):14] Screen.Setup_Field : set_data 실행 종료
[2022-10-04 17:32:00.155][I][AutoBaseFunction.py(wrapper):7] Screen.Setup_Field : set_data 실행 시작
[2022-10-04 17:32:00.155][I][AutoBaseFunction.py(wrapper):8] Parameter : 
[2022-10-04 17:32:00.156][I][AutoBaseFunction.py(wrapper):14] Screen.Setup_Field : set_data 실행 종료
[2022-10-04 17:32:00.156][I][AutoBaseFunction.py(wrapper):7] Screen.Setup_Field : set_data 실행 시작
[2022-10-04 17:32:00.156][I][AutoBaseFunction.py(wrapper):8] Parameter : 
[2022-10-04 17:32:00.156][I][AutoBaseFunction.py(wrapper):14] Screen.Setup_Field : set_data 실행 종료
[2022-10-04 17:32:00.157][I][AutoBaseFunction.py(wrapper):7] Screen.Setup_Field : sl_set_slot 실행 시작
[2022-10-04 17:32:00.157][I][AutoBaseFunction.py(wrapper):8] Parameter : 
[2022-10-04 17:32:00.157][I][AutoBaseFunction.py(wrapper):14] Screen.Setup_Field : sl_set_slot 실행 종료
[2022-10-04 17:32:00.158][I][AutoBaseFunction.py(wrapper):14] Screen.Setup_Field : setupUI_Field 실행 종료
[2022-10-04 17:32:00.158][I][AutoBaseFunction.py(wrapper):7] Screen.Setup_TestList : setupUI_TestList 실행 시작
[2022-10-04 17:32:00.158][I][AutoBaseFunction.py(wrapper):8] Parameter : 
[2022-10-04 17:32:00.159][I][AutoBaseFunction.py(wrapper):7] Screen.Setup_TestList : btn_set_slot 실행 시작
[2022-10-04 17:32:00.160][I][AutoBaseFunction.py(wrapper):8] Parameter : 
[2022-10-04 17:32:00.160][I][AutoBaseFunction.py(wrapper):14] Screen.Setup_TestList : btn_set_slot 실행 종료
[2022-10-04 17:32:00.160][I][AutoBaseFunction.py(wrapper):14] Screen.Setup_TestList : setupUI_TestList 실행 종료
[2022-10-04 17:32:00.160][I][AutoBaseFunction.py(wrapper):14] __main__ : __wigets_setupUi 실행 종료
[2022-10-04 17:32:01.478][I][AutoBaseFunction.py(wrapper):7] Screen.MainWindow : update_open_menu 실행 시작
[2022-10-04 17:32:01.479][I][AutoBaseFunction.py(wrapper):8] Parameter : 
[2022-10-04 17:32:01.480][I][AutoBaseFunction.py(wrapper):14] Screen.MainWindow : update_open_menu 실행 종료
[2022-10-04 17:32:02.428][I][AutoBaseFunction.py(wrapper):7] Screen.MainWindow : show_imgList 실행 시작
[2022-10-04 17:32:02.429][I][AutoBaseFunction.py(wrapper):8] Parameter : ('한국어', 'D:/test/TestList_CSV/2022_skillup-master'), True, True
[2022-10-04 17:32:02.476][I][AutoBaseFunction.py(wrapper):7] Screen.MainWindow : qbutton_clicked 실행 시작
[2022-10-04 17:32:02.477][I][AutoBaseFunction.py(wrapper):8] Parameter : None, 0, <Screen.MainWindow.QPushButtonIcon object at 0x0000020B8D38DE58>, False
[2022-10-04 17:32:02.519][I][AutoBaseFunction.py(wrapper):14] Screen.MainWindow : qbutton_clicked 실행 종료
[2022-10-04 17:32:02.520][I][AutoBaseFunction.py(wrapper):14] Screen.MainWindow : show_imgList 실행 종료
[2022-10-04 17:32:03.586][I][AutoBaseFunction.py(wrapper):7] Screen.MainWindow : allFail_clicked 실행 시작
[2022-10-04 17:32:03.586][I][AutoBaseFunction.py(wrapper):8] Parameter : False
[2022-10-04 17:32:03.587][I][AutoBaseFunction.py(wrapper):14] Screen.MainWindow : allFail_clicked 실행 종료
[2022-10-04 17:32:04.337][I][AutoBaseFunction.py(wrapper):7] Screen.MainWindow : btn_onClicked 실행 시작
[2022-10-04 17:32:04.338][I][AutoBaseFunction.py(wrapper):8] Parameter : True
