[2022-10-04 18:56:34.757][D][LogManager.py(Init):12] LogManager Init function called !!!
[2022-10-04 18:56:34.783][I][AutoBaseFunction.py(wrapper):10] Screen.MainWindow : setupUi 실행 시작
[2022-10-04 18:56:34.784][I][AutoBaseFunction.py(wrapper):11] Parameter : 
[2022-10-04 18:56:34.787][I][AutoBaseFunction.py(wrapper):10] Screen.MainWindow : set_field 실행 시작
[2022-10-04 18:56:34.787][I][AutoBaseFunction.py(wrapper):11] Parameter : 
[2022-10-04 18:56:34.816][I][AutoBaseFunction.py(wrapper):17] Screen.MainWindow : set_field 실행 종료
[2022-10-04 18:56:34.817][I][AutoBaseFunction.py(wrapper):10] Screen.MainWindow : setWidget_func 실행 시작
[2022-10-04 18:56:34.817][I][AutoBaseFunction.py(wrapper):11] Parameter : 
[2022-10-04 18:56:34.820][I][AutoBaseFunction.py(wrapper):17] Screen.MainWindow : setWidget_func 실행 종료
[2022-10-04 18:56:34.823][I][AutoBaseFunction.py(wrapper):17] Screen.MainWindow : setupUi 실행 종료
[2022-10-04 18:56:34.837][I][AutoBaseFunction.py(wrapper):10] __main__ : __set_slot 실행 시작
[2022-10-04 18:56:34.838][I][AutoBaseFunction.py(wrapper):11] Parameter : 
[2022-10-04 18:56:34.838][I][AutoBaseFunction.py(wrapper):17] __main__ : __set_slot 실행 종료
[2022-10-04 18:56:34.839][I][AutoBaseFunction.py(wrapper):10] __main__ : __wigets_setupUi 실행 시작
[2022-10-04 18:56:34.839][I][AutoBaseFunction.py(wrapper):11] Parameter : 
[2022-10-04 18:56:34.839][I][AutoBaseFunction.py(wrapper):10] Screen.Setup_Language : setupUI_Language 실행 시작
[2022-10-04 18:56:34.840][I][AutoBaseFunction.py(wrapper):11] Parameter : 
[2022-10-04 18:56:34.840][I][AutoBaseFunction.py(wrapper):10] Screen.Setup_Language : sl_set_slot 실행 시작
[2022-10-04 18:56:34.841][I][AutoBaseFunction.py(wrapper):11] Parameter : 
[2022-10-04 18:56:34.841][I][AutoBaseFunction.py(wrapper):17] Screen.Setup_Language : sl_set_slot 실행 종료
[2022-10-04 18:56:34.841][I][AutoBaseFunction.py(wrapper):17] Screen.Setup_Language : setupUI_Language 실행 종료
[2022-10-04 18:56:34.842][I][AutoBaseFunction.py(wrapper):10] Screen.Menu_CreateExcel : setupUI_CreateExcel 실행 시작
[2022-10-04 18:56:34.842][I][AutoBaseFunction.py(wrapper):11] Parameter : 
[2022-10-04 18:56:34.843][I][AutoBaseFunction.py(wrapper):10] Screen.Menu_CreateExcel : new_excel_func 실행 시작
[2022-10-04 18:56:34.843][I][AutoBaseFunction.py(wrapper):11] Parameter : 
[2022-10-04 18:56:34.844][I][AutoBaseFunction.py(wrapper):17] Screen.Menu_CreateExcel : new_excel_func 실행 종료
[2022-10-04 18:56:34.844][I][AutoBaseFunction.py(wrapper):10] Screen.Menu_CreateExcel : set_excel_func 실행 시작
[2022-10-04 18:56:34.844][I][AutoBaseFunction.py(wrapper):11] Parameter : 
[2022-10-04 18:56:34.844][I][AutoBaseFunction.py(wrapper):17] Screen.Menu_CreateExcel : set_excel_func 실행 종료
[2022-10-04 18:56:34.845][I][AutoBaseFunction.py(wrapper):17] Screen.Menu_CreateExcel : setupUI_CreateExcel 실행 종료
[2022-10-04 18:56:34.845][I][AutoBaseFunction.py(wrapper):10] Screen.Setup_Field : setupUI_Field 실행 시작
[2022-10-04 18:56:34.845][I][AutoBaseFunction.py(wrapper):11] Parameter : 
[2022-10-04 18:56:34.847][I][AutoBaseFunction.py(wrapper):10] Screen.Setup_Field : set_data 실행 시작
[2022-10-04 18:56:34.847][I][AutoBaseFunction.py(wrapper):11] Parameter : 
[2022-10-04 18:56:34.848][I][AutoBaseFunction.py(wrapper):17] Screen.Setup_Field : set_data 실행 종료
[2022-10-04 18:56:35.074][I][AutoBaseFunction.py(wrapper):10] Screen.Setup_Field : set_data 실행 시작
[2022-10-04 18:56:35.075][I][AutoBaseFunction.py(wrapper):11] Parameter : 
[2022-10-04 18:56:35.075][I][AutoBaseFunction.py(wrapper):17] Screen.Setup_Field : set_data 실행 종료
[2022-10-04 18:56:35.076][I][AutoBaseFunction.py(wrapper):10] Screen.Setup_Field : set_data 실행 시작
[2022-10-04 18:56:35.076][I][AutoBaseFunction.py(wrapper):11] Parameter : 
[2022-10-04 18:56:35.076][I][AutoBaseFunction.py(wrapper):17] Screen.Setup_Field : set_data 실행 종료
[2022-10-04 18:56:35.077][I][AutoBaseFunction.py(wrapper):10] Screen.Setup_Field : set_data 실행 시작
[2022-10-04 18:56:35.077][I][AutoBaseFunction.py(wrapper):11] Parameter : 
[2022-10-04 18:56:35.078][I][AutoBaseFunction.py(wrapper):17] Screen.Setup_Field : set_data 실행 종료
[2022-10-04 18:56:35.078][I][AutoBaseFunction.py(wrapper):10] Screen.Setup_Field : set_data 실행 시작
[2022-10-04 18:56:35.078][I][AutoBaseFunction.py(wrapper):11] Parameter : 
[2022-10-04 18:56:35.079][I][AutoBaseFunction.py(wrapper):17] Screen.Setup_Field : set_data 실행 종료
[2022-10-04 18:56:35.079][I][AutoBaseFunction.py(wrapper):10] Screen.Setup_Field : set_data 실행 시작
[2022-10-04 18:56:35.079][I][AutoBaseFunction.py(wrapper):11] Parameter : 
[2022-10-04 18:56:35.080][I][AutoBaseFunction.py(wrapper):17] Screen.Setup_Field : set_data 실행 종료
[2022-10-04 18:56:35.080][I][AutoBaseFunction.py(wrapper):10] Screen.Setup_Field : sl_set_slot 실행 시작
[2022-10-04 18:56:35.080][I][AutoBaseFunction.py(wrapper):11] Parameter : 
[2022-10-04 18:56:35.081][I][AutoBaseFunction.py(wrapper):17] Screen.Setup_Field : sl_set_slot 실행 종료
[2022-10-04 18:56:35.081][I][AutoBaseFunction.py(wrapper):17] Screen.Setup_Field : setupUI_Field 실행 종료
[2022-10-04 18:56:35.081][I][AutoBaseFunction.py(wrapper):10] Screen.Setup_TestList : setupUI_TestList 실행 시작
[2022-10-04 18:56:35.081][I][AutoBaseFunction.py(wrapper):11] Parameter : 
[2022-10-04 18:56:35.083][I][AutoBaseFunction.py(wrapper):10] Screen.Setup_TestList : btn_set_slot 실행 시작
[2022-10-04 18:56:35.083][I][AutoBaseFunction.py(wrapper):11] Parameter : 
[2022-10-04 18:56:35.083][I][AutoBaseFunction.py(wrapper):17] Screen.Setup_TestList : btn_set_slot 실행 종료
[2022-10-04 18:56:35.084][I][AutoBaseFunction.py(wrapper):17] Screen.Setup_TestList : setupUI_TestList 실행 종료
[2022-10-04 18:56:35.084][I][AutoBaseFunction.py(wrapper):17] __main__ : __wigets_setupUi 실행 종료
[2022-10-04 18:56:36.264][I][AutoBaseFunction.py(wrapper):10] Screen.MainWindow : update_open_menu 실행 시작
[2022-10-04 18:56:36.264][I][AutoBaseFunction.py(wrapper):11] Parameter : 
[2022-10-04 18:56:36.268][I][AutoBaseFunction.py(wrapper):17] Screen.MainWindow : update_open_menu 실행 종료
[2022-10-04 18:56:36.805][I][AutoBaseFunction.py(wrapper):10] __main__ : __ce_ui 실행 시작
[2022-10-04 18:56:36.805][I][AutoBaseFunction.py(wrapper):11] Parameter : False
[2022-10-04 18:56:36.828][I][AutoBaseFunction.py(wrapper):17] __main__ : __ce_ui 실행 종료
[2022-10-04 18:56:39.301][I][AutoBaseFunction.py(wrapper):10] Screen.Menu_CreateExcel : folder_toolButton_clicked 실행 시작
[2022-10-04 18:56:39.301][I][AutoBaseFunction.py(wrapper):11] Parameter : <PyQt5.QtWidgets.QLineEdit object at 0x0000025B8F7931F8>, False
[2022-10-04 18:56:40.575][I][AutoBaseFunction.py(wrapper):17] Screen.Menu_CreateExcel : folder_toolButton_clicked 실행 종료
[2022-10-04 18:56:41.251][I][AutoBaseFunction.py(wrapper):10] Screen.Menu_CreateExcel : func_check 실행 시작
[2022-10-04 18:56:41.251][I][AutoBaseFunction.py(wrapper):11] Parameter : False
