[2022-10-04 18:36:48.990][D][LogManager.py(Init):12] LogManager Init function called !!!
[2022-10-04 18:36:49.018][I][AutoBaseFunction.py(wrapper):10] Screen.MainWindow : setupUi 실행 시작
[2022-10-04 18:36:49.018][I][AutoBaseFunction.py(wrapper):11] Parameter : 
[2022-10-04 18:36:49.022][I][AutoBaseFunction.py(wrapper):10] Screen.MainWindow : set_field 실행 시작
[2022-10-04 18:36:49.022][I][AutoBaseFunction.py(wrapper):11] Parameter : 
[2022-10-04 18:36:49.052][I][AutoBaseFunction.py(wrapper):17] Screen.MainWindow : set_field 실행 종료
[2022-10-04 18:36:49.052][I][AutoBaseFunction.py(wrapper):10] Screen.MainWindow : setWidget_func 실행 시작
[2022-10-04 18:36:49.053][I][AutoBaseFunction.py(wrapper):11] Parameter : 
[2022-10-04 18:36:49.055][I][AutoBaseFunction.py(wrapper):17] Screen.MainWindow : setWidget_func 실행 종료
[2022-10-04 18:36:49.058][I][AutoBaseFunction.py(wrapper):17] Screen.MainWindow : setupUi 실행 종료
[2022-10-04 18:36:49.072][I][AutoBaseFunction.py(wrapper):10] __main__ : __set_slot 실행 시작
[2022-10-04 18:36:49.073][I][AutoBaseFunction.py(wrapper):11] Parameter : 
[2022-10-04 18:36:49.073][I][AutoBaseFunction.py(wrapper):17] __main__ : __set_slot 실행 종료
[2022-10-04 18:36:49.074][I][AutoBaseFunction.py(wrapper):10] __main__ : __wigets_setupUi 실행 시작
[2022-10-04 18:36:49.074][I][AutoBaseFunction.py(wrapper):11] Parameter : 
[2022-10-04 18:36:49.074][I][AutoBaseFunction.py(wrapper):10] Screen.Setup_Language : setupUI_Language 실행 시작
[2022-10-04 18:36:49.074][I][AutoBaseFunction.py(wrapper):11] Parameter : 
[2022-10-04 18:36:49.075][I][AutoBaseFunction.py(wrapper):10] Screen.Setup_Language : sl_set_slot 실행 시작
[2022-10-04 18:36:49.075][I][AutoBaseFunction.py(wrapper):11] Parameter : 
[2022-10-04 18:36:49.076][I][AutoBaseFunction.py(wrapper):17] Screen.Setup_Language : sl_set_slot 실행 종료
[2022-10-04 18:36:49.076][I][AutoBaseFunction.py(wrapper):17] Screen.Setup_Language : setupUI_Language 실행 종료
[2022-10-04 18:36:49.076][I][AutoBaseFunction.py(wrapper):10] Screen.Menu_CreateExcel : setupUI_CreateExcel 실행 시작
[2022-10-04 18:36:49.076][I][AutoBaseFunction.py(wrapper):11] Parameter : 
[2022-10-04 18:36:49.077][I][AutoBaseFunction.py(wrapper):10] Screen.Menu_CreateExcel : new_excel_func 실행 시작
[2022-10-04 18:36:49.077][I][AutoBaseFunction.py(wrapper):11] Parameter : 
[2022-10-04 18:36:49.078][I][AutoBaseFunction.py(wrapper):17] Screen.Menu_CreateExcel : new_excel_func 실행 종료
[2022-10-04 18:36:49.078][I][AutoBaseFunction.py(wrapper):10] Screen.Menu_CreateExcel : set_excel_func 실행 시작
[2022-10-04 18:36:49.078][I][AutoBaseFunction.py(wrapper):11] Parameter : 
[2022-10-04 18:36:49.078][I][AutoBaseFunction.py(wrapper):17] Screen.Menu_CreateExcel : set_excel_func 실행 종료
[2022-10-04 18:36:49.079][I][AutoBaseFunction.py(wrapper):17] Screen.Menu_CreateExcel : setupUI_CreateExcel 실행 종료
[2022-10-04 18:36:49.079][I][AutoBaseFunction.py(wrapper):10] Screen.Setup_Field : setupUI_Field 실행 시작
[2022-10-04 18:36:49.079][I][AutoBaseFunction.py(wrapper):11] Parameter : 
[2022-10-04 18:36:49.081][I][AutoBaseFunction.py(wrapper):10] Screen.Setup_Field : set_data 실행 시작
[2022-10-04 18:36:49.081][I][AutoBaseFunction.py(wrapper):11] Parameter : 
[2022-10-04 18:36:49.081][I][AutoBaseFunction.py(wrapper):17] Screen.Setup_Field : set_data 실행 종료
[2022-10-04 18:36:49.304][I][AutoBaseFunction.py(wrapper):10] Screen.Setup_Field : set_data 실행 시작
[2022-10-04 18:36:49.305][I][AutoBaseFunction.py(wrapper):11] Parameter : 
[2022-10-04 18:36:49.305][I][AutoBaseFunction.py(wrapper):17] Screen.Setup_Field : set_data 실행 종료
[2022-10-04 18:36:49.305][I][AutoBaseFunction.py(wrapper):10] Screen.Setup_Field : set_data 실행 시작
[2022-10-04 18:36:49.305][I][AutoBaseFunction.py(wrapper):11] Parameter : 
[2022-10-04 18:36:49.306][I][AutoBaseFunction.py(wrapper):17] Screen.Setup_Field : set_data 실행 종료
[2022-10-04 18:36:49.306][I][AutoBaseFunction.py(wrapper):10] Screen.Setup_Field : set_data 실행 시작
[2022-10-04 18:36:49.306][I][AutoBaseFunction.py(wrapper):11] Parameter : 
[2022-10-04 18:36:49.307][I][AutoBaseFunction.py(wrapper):17] Screen.Setup_Field : set_data 실행 종료
[2022-10-04 18:36:49.307][I][AutoBaseFunction.py(wrapper):10] Screen.Setup_Field : set_data 실행 시작
[2022-10-04 18:36:49.308][I][AutoBaseFunction.py(wrapper):11] Parameter : 
[2022-10-04 18:36:49.308][I][AutoBaseFunction.py(wrapper):17] Screen.Setup_Field : set_data 실행 종료
[2022-10-04 18:36:49.308][I][AutoBaseFunction.py(wrapper):10] Screen.Setup_Field : set_data 실행 시작
[2022-10-04 18:36:49.309][I][AutoBaseFunction.py(wrapper):11] Parameter : 
[2022-10-04 18:36:49.309][I][AutoBaseFunction.py(wrapper):17] Screen.Setup_Field : set_data 실행 종료
[2022-10-04 18:36:49.309][I][AutoBaseFunction.py(wrapper):10] Screen.Setup_Field : sl_set_slot 실행 시작
[2022-10-04 18:36:49.310][I][AutoBaseFunction.py(wrapper):11] Parameter : 
[2022-10-04 18:36:49.310][I][AutoBaseFunction.py(wrapper):17] Screen.Setup_Field : sl_set_slot 실행 종료
[2022-10-04 18:36:49.310][I][AutoBaseFunction.py(wrapper):17] Screen.Setup_Field : setupUI_Field 실행 종료
[2022-10-04 18:36:49.311][I][AutoBaseFunction.py(wrapper):10] Screen.Setup_TestList : setupUI_TestList 실행 시작
[2022-10-04 18:36:49.311][I][AutoBaseFunction.py(wrapper):11] Parameter : 
[2022-10-04 18:36:49.312][I][AutoBaseFunction.py(wrapper):10] Screen.Setup_TestList : btn_set_slot 실행 시작
[2022-10-04 18:36:49.312][I][AutoBaseFunction.py(wrapper):11] Parameter : 
[2022-10-04 18:36:49.312][I][AutoBaseFunction.py(wrapper):17] Screen.Setup_TestList : btn_set_slot 실행 종료
[2022-10-04 18:36:49.312][I][AutoBaseFunction.py(wrapper):17] Screen.Setup_TestList : setupUI_TestList 실행 종료
[2022-10-04 18:36:49.313][I][AutoBaseFunction.py(wrapper):17] __main__ : __wigets_setupUi 실행 종료
[2022-10-04 18:36:50.367][I][AutoBaseFunction.py(wrapper):10] Screen.MainWindow : update_open_menu 실행 시작
[2022-10-04 18:36:50.367][I][AutoBaseFunction.py(wrapper):11] Parameter : 
[2022-10-04 18:36:50.370][I][AutoBaseFunction.py(wrapper):17] Screen.MainWindow : update_open_menu 실행 종료
[2022-10-04 18:36:51.052][I][AutoBaseFunction.py(wrapper):10] __main__ : __ce_ui 실행 시작
[2022-10-04 18:36:51.052][I][AutoBaseFunction.py(wrapper):11] Parameter : False
[2022-10-04 18:36:51.075][I][AutoBaseFunction.py(wrapper):17] __main__ : __ce_ui 실행 종료
[2022-10-04 18:36:53.132][I][AutoBaseFunction.py(wrapper):10] Screen.Menu_CreateExcel : folder_toolButton_clicked 실행 시작
[2022-10-04 18:36:53.132][I][AutoBaseFunction.py(wrapper):11] Parameter : <PyQt5.QtWidgets.QLineEdit object at 0x0000025AEDED40D8>, False
[2022-10-04 18:36:54.433][I][AutoBaseFunction.py(wrapper):17] Screen.Menu_CreateExcel : folder_toolButton_clicked 실행 종료
[2022-10-04 18:36:55.722][I][AutoBaseFunction.py(wrapper):10] Screen.Menu_CreateExcel : func_check 실행 시작
[2022-10-04 18:36:55.723][I][AutoBaseFunction.py(wrapper):11] Parameter : False
