[2022-10-05 09:30:46.419][D][LogManager.py(Init):12] LogManager Init function called !!!
[2022-10-05 09:30:46.447][I][AutoBaseFunction.py(wrapper):10] Screen.MainWindow : setupUi 실행 시작
[2022-10-05 09:30:46.447][I][AutoBaseFunction.py(wrapper):11] Parameter : 
[2022-10-05 09:30:46.452][I][AutoBaseFunction.py(wrapper):10] Screen.MainWindow : set_field 실행 시작
[2022-10-05 09:30:46.453][I][AutoBaseFunction.py(wrapper):11] Parameter : 
[2022-10-05 09:30:46.481][I][AutoBaseFunction.py(wrapper):17] Screen.MainWindow : set_field 실행 종료
[2022-10-05 09:30:46.481][I][AutoBaseFunction.py(wrapper):10] Screen.MainWindow : setWidget_func 실행 시작
[2022-10-05 09:30:46.482][I][AutoBaseFunction.py(wrapper):11] Parameter : 
[2022-10-05 09:30:46.483][I][AutoBaseFunction.py(wrapper):17] Screen.MainWindow : setWidget_func 실행 종료
[2022-10-05 09:30:46.486][I][AutoBaseFunction.py(wrapper):17] Screen.MainWindow : setupUi 실행 종료
[2022-10-05 09:30:46.492][I][AutoBaseFunction.py(wrapper):10] __main__ : __set_slot 실행 시작
[2022-10-05 09:30:46.493][I][AutoBaseFunction.py(wrapper):11] Parameter : 
[2022-10-05 09:30:46.494][I][AutoBaseFunction.py(wrapper):17] __main__ : __set_slot 실행 종료
[2022-10-05 09:30:46.494][I][AutoBaseFunction.py(wrapper):10] __main__ : __wigets_setupUi 실행 시작
[2022-10-05 09:30:46.494][I][AutoBaseFunction.py(wrapper):11] Parameter : 
[2022-10-05 09:30:46.495][I][AutoBaseFunction.py(wrapper):10] Screen.Setup_Language : setupUI_Language 실행 시작
[2022-10-05 09:30:46.495][I][AutoBaseFunction.py(wrapper):11] Parameter : 
[2022-10-05 09:30:46.496][I][AutoBaseFunction.py(wrapper):10] Screen.Setup_Language : sl_set_slot 실행 시작
[2022-10-05 09:30:46.496][I][AutoBaseFunction.py(wrapper):11] Parameter : 
[2022-10-05 09:30:46.496][I][AutoBaseFunction.py(wrapper):17] Screen.Setup_Language : sl_set_slot 실행 종료
[2022-10-05 09:30:46.496][I][AutoBaseFunction.py(wrapper):17] Screen.Setup_Language : setupUI_Language 실행 종료
[2022-10-05 09:30:46.497][I][AutoBaseFunction.py(wrapper):10] Screen.Menu_CreateExcel : setupUI_CreateExcel 실행 시작
[2022-10-05 09:30:46.497][I][AutoBaseFunction.py(wrapper):11] Parameter : 
[2022-10-05 09:30:46.501][I][AutoBaseFunction.py(wrapper):10] Screen.Menu_CreateExcel : new_excel_func 실행 시작
[2022-10-05 09:30:46.501][I][AutoBaseFunction.py(wrapper):11] Parameter : 
[2022-10-05 09:30:46.502][I][AutoBaseFunction.py(wrapper):17] Screen.Menu_CreateExcel : new_excel_func 실행 종료
[2022-10-05 09:30:46.502][I][AutoBaseFunction.py(wrapper):10] Screen.Menu_CreateExcel : set_excel_func 실행 시작
[2022-10-05 09:30:46.502][I][AutoBaseFunction.py(wrapper):11] Parameter : 
[2022-10-05 09:30:46.503][I][AutoBaseFunction.py(wrapper):17] Screen.Menu_CreateExcel : set_excel_func 실행 종료
[2022-10-05 09:30:46.503][I][AutoBaseFunction.py(wrapper):17] Screen.Menu_CreateExcel : setupUI_CreateExcel 실행 종료
[2022-10-05 09:30:46.503][I][AutoBaseFunction.py(wrapper):10] Screen.Setup_Field : setupUI_Field 실행 시작
[2022-10-05 09:30:46.503][I][AutoBaseFunction.py(wrapper):11] Parameter : 
[2022-10-05 09:30:46.505][I][AutoBaseFunction.py(wrapper):10] Screen.Setup_Field : set_data 실행 시작
[2022-10-05 09:30:46.506][I][AutoBaseFunction.py(wrapper):11] Parameter : 
[2022-10-05 09:30:46.506][I][AutoBaseFunction.py(wrapper):17] Screen.Setup_Field : set_data 실행 종료
[2022-10-05 09:30:46.753][I][AutoBaseFunction.py(wrapper):10] Screen.Setup_Field : set_data 실행 시작
[2022-10-05 09:30:46.753][I][AutoBaseFunction.py(wrapper):11] Parameter : 
[2022-10-05 09:30:46.754][I][AutoBaseFunction.py(wrapper):17] Screen.Setup_Field : set_data 실행 종료
[2022-10-05 09:30:46.755][I][AutoBaseFunction.py(wrapper):10] Screen.Setup_Field : set_data 실행 시작
[2022-10-05 09:30:46.755][I][AutoBaseFunction.py(wrapper):11] Parameter : 
[2022-10-05 09:30:46.755][I][AutoBaseFunction.py(wrapper):17] Screen.Setup_Field : set_data 실행 종료
[2022-10-05 09:30:46.756][I][AutoBaseFunction.py(wrapper):10] Screen.Setup_Field : set_data 실행 시작
[2022-10-05 09:30:46.756][I][AutoBaseFunction.py(wrapper):11] Parameter : 
[2022-10-05 09:30:46.757][I][AutoBaseFunction.py(wrapper):17] Screen.Setup_Field : set_data 실행 종료
[2022-10-05 09:30:46.757][I][AutoBaseFunction.py(wrapper):10] Screen.Setup_Field : set_data 실행 시작
[2022-10-05 09:30:46.757][I][AutoBaseFunction.py(wrapper):11] Parameter : 
[2022-10-05 09:30:46.759][I][AutoBaseFunction.py(wrapper):17] Screen.Setup_Field : set_data 실행 종료
[2022-10-05 09:30:46.759][I][AutoBaseFunction.py(wrapper):10] Screen.Setup_Field : set_data 실행 시작
[2022-10-05 09:30:46.759][I][AutoBaseFunction.py(wrapper):11] Parameter : 
[2022-10-05 09:30:46.759][I][AutoBaseFunction.py(wrapper):17] Screen.Setup_Field : set_data 실행 종료
[2022-10-05 09:30:46.759][I][AutoBaseFunction.py(wrapper):10] Screen.Setup_Field : sl_set_slot 실행 시작
[2022-10-05 09:30:46.760][I][AutoBaseFunction.py(wrapper):11] Parameter : 
[2022-10-05 09:30:46.760][I][AutoBaseFunction.py(wrapper):17] Screen.Setup_Field : sl_set_slot 실행 종료
[2022-10-05 09:30:46.760][I][AutoBaseFunction.py(wrapper):17] Screen.Setup_Field : setupUI_Field 실행 종료
[2022-10-05 09:30:46.760][I][AutoBaseFunction.py(wrapper):10] Screen.Setup_TestList : setupUI_TestList 실행 시작
[2022-10-05 09:30:46.761][I][AutoBaseFunction.py(wrapper):11] Parameter : 
[2022-10-05 09:30:46.765][I][AutoBaseFunction.py(wrapper):10] Screen.Setup_TestList : btn_set_slot 실행 시작
[2022-10-05 09:30:46.765][I][AutoBaseFunction.py(wrapper):11] Parameter : 
[2022-10-05 09:30:46.766][I][AutoBaseFunction.py(wrapper):17] Screen.Setup_TestList : btn_set_slot 실행 종료
[2022-10-05 09:30:46.766][I][AutoBaseFunction.py(wrapper):17] Screen.Setup_TestList : setupUI_TestList 실행 종료
[2022-10-05 09:30:46.766][I][AutoBaseFunction.py(wrapper):17] __main__ : __wigets_setupUi 실행 종료
[2022-10-05 09:30:49.814][I][AutoBaseFunction.py(wrapper):10] __main__ : __sl_ui 실행 시작
[2022-10-05 09:30:49.815][I][AutoBaseFunction.py(wrapper):11] Parameter : False
[2022-10-05 09:30:49.816][I][AutoBaseFunction.py(wrapper):10] Screen.Setup_Language : setLang_Button 실행 시작
[2022-10-05 09:30:49.816][I][AutoBaseFunction.py(wrapper):11] Parameter : 
[2022-10-05 09:30:49.820][I][AutoBaseFunction.py(wrapper):17] Screen.Setup_Language : setLang_Button 실행 종료
[2022-10-05 09:30:49.831][I][AutoBaseFunction.py(wrapper):17] __main__ : __sl_ui 실행 종료
