[2022-10-06 11:12:48.330][D][LogManager.py(Init):12] LogManager Init function called !!!
[2022-10-06 11:12:48.384][I][AutoBaseFunction.py(wrapper):10] Screen.MainWindow : setupUi 실행 시작
[2022-10-06 11:12:48.385][I][AutoBaseFunction.py(wrapper):11] Parameter : 
[2022-10-06 11:12:48.389][I][AutoBaseFunction.py(wrapper):10] Screen.MainWindow : set_field 실행 시작
[2022-10-06 11:12:48.390][I][AutoBaseFunction.py(wrapper):11] Parameter : 
[2022-10-06 11:12:48.415][I][AutoBaseFunction.py(wrapper):17] Screen.MainWindow : set_field 실행 종료
[2022-10-06 11:12:48.415][I][AutoBaseFunction.py(wrapper):10] Screen.MainWindow : setWidget_func 실행 시작
[2022-10-06 11:12:48.416][I][AutoBaseFunction.py(wrapper):11] Parameter : 
[2022-10-06 11:12:48.418][I][AutoBaseFunction.py(wrapper):17] Screen.MainWindow : setWidget_func 실행 종료
[2022-10-06 11:12:48.420][I][AutoBaseFunction.py(wrapper):17] Screen.MainWindow : setupUi 실행 종료
[2022-10-06 11:12:48.427][I][AutoBaseFunction.py(wrapper):10] __main__ : __set_slot 실행 시작
[2022-10-06 11:12:48.428][I][AutoBaseFunction.py(wrapper):11] Parameter : 
[2022-10-06 11:12:48.429][I][AutoBaseFunction.py(wrapper):17] __main__ : __set_slot 실행 종료
[2022-10-06 11:12:48.429][I][AutoBaseFunction.py(wrapper):10] __main__ : __wigets_setupUi 실행 시작
[2022-10-06 11:12:48.430][I][AutoBaseFunction.py(wrapper):11] Parameter : 
[2022-10-06 11:12:48.430][I][AutoBaseFunction.py(wrapper):10] Screen.Setup_Language : setupUI_Language 실행 시작
[2022-10-06 11:12:48.431][I][AutoBaseFunction.py(wrapper):11] Parameter : 
[2022-10-06 11:12:48.431][I][AutoBaseFunction.py(wrapper):10] Screen.Setup_Language : sl_set_slot 실행 시작
[2022-10-06 11:12:48.432][I][AutoBaseFunction.py(wrapper):11] Parameter : 
[2022-10-06 11:12:48.432][I][AutoBaseFunction.py(wrapper):17] Screen.Setup_Language : sl_set_slot 실행 종료
[2022-10-06 11:12:48.432][I][AutoBaseFunction.py(wrapper):17] Screen.Setup_Language : setupUI_Language 실행 종료
[2022-10-06 11:12:48.433][I][AutoBaseFunction.py(wrapper):10] Screen.Menu_CreateExcel : setupUI_CreateExcel 실행 시작
[2022-10-06 11:12:48.433][I][AutoBaseFunction.py(wrapper):11] Parameter : 
[2022-10-06 11:12:48.436][I][AutoBaseFunction.py(wrapper):10] Screen.Menu_CreateExcel : new_excel_func 실행 시작
[2022-10-06 11:12:48.437][I][AutoBaseFunction.py(wrapper):11] Parameter : 
[2022-10-06 11:12:48.437][I][AutoBaseFunction.py(wrapper):17] Screen.Menu_CreateExcel : new_excel_func 실행 종료
[2022-10-06 11:12:48.438][I][AutoBaseFunction.py(wrapper):10] Screen.Menu_CreateExcel : set_excel_func 실행 시작
[2022-10-06 11:12:48.438][I][AutoBaseFunction.py(wrapper):11] Parameter : 
[2022-10-06 11:12:48.438][I][AutoBaseFunction.py(wrapper):17] Screen.Menu_CreateExcel : set_excel_func 실행 종료
[2022-10-06 11:12:48.439][I][AutoBaseFunction.py(wrapper):17] Screen.Menu_CreateExcel : setupUI_CreateExcel 실행 종료
[2022-10-06 11:12:48.439][I][AutoBaseFunction.py(wrapper):10] Screen.Setup_Field : setupUI_Field 실행 시작
[2022-10-06 11:12:48.439][I][AutoBaseFunction.py(wrapper):11] Parameter : 
[2022-10-06 11:12:48.442][I][AutoBaseFunction.py(wrapper):10] Screen.Setup_Field : set_data 실행 시작
[2022-10-06 11:12:48.443][I][AutoBaseFunction.py(wrapper):11] Parameter : 
[2022-10-06 11:12:48.443][I][AutoBaseFunction.py(wrapper):17] Screen.Setup_Field : set_data 실행 종료
[2022-10-06 11:12:48.678][I][AutoBaseFunction.py(wrapper):10] Screen.Setup_Field : set_data 실행 시작
[2022-10-06 11:12:48.678][I][AutoBaseFunction.py(wrapper):11] Parameter : 
[2022-10-06 11:12:48.679][I][AutoBaseFunction.py(wrapper):17] Screen.Setup_Field : set_data 실행 종료
[2022-10-06 11:12:48.680][I][AutoBaseFunction.py(wrapper):10] Screen.Setup_Field : set_data 실행 시작
[2022-10-06 11:12:48.680][I][AutoBaseFunction.py(wrapper):11] Parameter : 
[2022-10-06 11:12:48.681][I][AutoBaseFunction.py(wrapper):17] Screen.Setup_Field : set_data 실행 종료
[2022-10-06 11:12:48.682][I][AutoBaseFunction.py(wrapper):10] Screen.Setup_Field : set_data 실행 시작
[2022-10-06 11:12:48.682][I][AutoBaseFunction.py(wrapper):11] Parameter : 
[2022-10-06 11:12:48.682][I][AutoBaseFunction.py(wrapper):17] Screen.Setup_Field : set_data 실행 종료
[2022-10-06 11:12:48.683][I][AutoBaseFunction.py(wrapper):10] Screen.Setup_Field : set_data 실행 시작
[2022-10-06 11:12:48.683][I][AutoBaseFunction.py(wrapper):11] Parameter : 
[2022-10-06 11:12:48.684][I][AutoBaseFunction.py(wrapper):17] Screen.Setup_Field : set_data 실행 종료
[2022-10-06 11:12:48.684][I][AutoBaseFunction.py(wrapper):10] Screen.Setup_Field : set_data 실행 시작
[2022-10-06 11:12:48.684][I][AutoBaseFunction.py(wrapper):11] Parameter : 
[2022-10-06 11:12:48.684][I][AutoBaseFunction.py(wrapper):17] Screen.Setup_Field : set_data 실행 종료
[2022-10-06 11:12:48.685][I][AutoBaseFunction.py(wrapper):10] Screen.Setup_Field : sl_set_slot 실행 시작
[2022-10-06 11:12:48.685][I][AutoBaseFunction.py(wrapper):11] Parameter : 
[2022-10-06 11:12:48.685][I][AutoBaseFunction.py(wrapper):17] Screen.Setup_Field : sl_set_slot 실행 종료
[2022-10-06 11:12:48.686][I][AutoBaseFunction.py(wrapper):17] Screen.Setup_Field : setupUI_Field 실행 종료
[2022-10-06 11:12:48.686][I][AutoBaseFunction.py(wrapper):10] Screen.Setup_TestList : setupUI_TestList 실행 시작
[2022-10-06 11:12:48.686][I][AutoBaseFunction.py(wrapper):11] Parameter : 
[2022-10-06 11:12:48.691][I][AutoBaseFunction.py(wrapper):10] Screen.Setup_TestList : btn_set_slot 실행 시작
[2022-10-06 11:12:48.691][I][AutoBaseFunction.py(wrapper):11] Parameter : 
[2022-10-06 11:12:48.691][I][AutoBaseFunction.py(wrapper):17] Screen.Setup_TestList : btn_set_slot 실행 종료
[2022-10-06 11:12:48.692][I][AutoBaseFunction.py(wrapper):17] Screen.Setup_TestList : setupUI_TestList 실행 종료
[2022-10-06 11:12:48.692][I][AutoBaseFunction.py(wrapper):17] __main__ : __wigets_setupUi 실행 종료
