[2022-10-06 10:43:10.136][D][LogManager.py(Init):12] LogManager Init function called !!!
[2022-10-06 10:43:10.189][I][AutoBaseFunction.py(wrapper):10] Screen.MainWindow : setupUi 실행 시작
[2022-10-06 10:43:10.189][I][AutoBaseFunction.py(wrapper):11] Parameter : 
[2022-10-06 10:43:10.193][I][AutoBaseFunction.py(wrapper):10] Screen.MainWindow : set_field 실행 시작
[2022-10-06 10:43:10.194][I][AutoBaseFunction.py(wrapper):11] Parameter : 
[2022-10-06 10:43:10.218][I][AutoBaseFunction.py(wrapper):17] Screen.MainWindow : set_field 실행 종료
[2022-10-06 10:43:10.219][I][AutoBaseFunction.py(wrapper):10] Screen.MainWindow : setWidget_func 실행 시작
[2022-10-06 10:43:10.219][I][AutoBaseFunction.py(wrapper):11] Parameter : 
[2022-10-06 10:43:10.221][I][AutoBaseFunction.py(wrapper):17] Screen.MainWindow : setWidget_func 실행 종료
[2022-10-06 10:43:10.223][I][AutoBaseFunction.py(wrapper):17] Screen.MainWindow : setupUi 실행 종료
[2022-10-06 10:43:10.231][I][AutoBaseFunction.py(wrapper):10] __main__ : __set_slot 실행 시작
[2022-10-06 10:43:10.231][I][AutoBaseFunction.py(wrapper):11] Parameter : 
[2022-10-06 10:43:10.232][I][AutoBaseFunction.py(wrapper):17] __main__ : __set_slot 실행 종료
[2022-10-06 10:43:10.232][I][AutoBaseFunction.py(wrapper):10] __main__ : __wigets_setupUi 실행 시작
[2022-10-06 10:43:10.233][I][AutoBaseFunction.py(wrapper):11] Parameter : 
[2022-10-06 10:43:10.233][I][AutoBaseFunction.py(wrapper):10] Screen.Setup_Language : setupUI_Language 실행 시작
[2022-10-06 10:43:10.233][I][AutoBaseFunction.py(wrapper):11] Parameter : 
[2022-10-06 10:43:10.234][I][AutoBaseFunction.py(wrapper):10] Screen.Setup_Language : sl_set_slot 실행 시작
[2022-10-06 10:43:10.235][I][AutoBaseFunction.py(wrapper):11] Parameter : 
[2022-10-06 10:43:10.235][I][AutoBaseFunction.py(wrapper):17] Screen.Setup_Language : sl_set_slot 실행 종료
[2022-10-06 10:43:10.235][I][AutoBaseFunction.py(wrapper):17] Screen.Setup_Language : setupUI_Language 실행 종료
[2022-10-06 10:43:10.236][I][AutoBaseFunction.py(wrapper):10] Screen.Menu_CreateExcel : setupUI_CreateExcel 실행 시작
[2022-10-06 10:43:10.236][I][AutoBaseFunction.py(wrapper):11] Parameter : 
[2022-10-06 10:43:10.240][I][AutoBaseFunction.py(wrapper):10] Screen.Menu_CreateExcel : new_excel_func 실행 시작
[2022-10-06 10:43:10.240][I][AutoBaseFunction.py(wrapper):11] Parameter : 
[2022-10-06 10:43:10.241][I][AutoBaseFunction.py(wrapper):17] Screen.Menu_CreateExcel : new_excel_func 실행 종료
[2022-10-06 10:43:10.241][I][AutoBaseFunction.py(wrapper):10] Screen.Menu_CreateExcel : set_excel_func 실행 시작
[2022-10-06 10:43:10.241][I][AutoBaseFunction.py(wrapper):11] Parameter : 
[2022-10-06 10:43:10.242][I][AutoBaseFunction.py(wrapper):17] Screen.Menu_CreateExcel : set_excel_func 실행 종료
[2022-10-06 10:43:10.243][I][AutoBaseFunction.py(wrapper):17] Screen.Menu_CreateExcel : setupUI_CreateExcel 실행 종료
[2022-10-06 10:43:10.243][I][AutoBaseFunction.py(wrapper):10] Screen.Setup_Field : setupUI_Field 실행 시작
[2022-10-06 10:43:10.244][I][AutoBaseFunction.py(wrapper):11] Parameter : 
