[2022-10-04 17:21:14.308][D][LogManager.py(Init):12] LogManager Init function called !!!
[2022-10-04 17:21:14.331][I][AutoBaseFunction.py(wrapper):7] Screen.MainWindow : setupUi 실행 시작
[2022-10-04 17:21:14.332][I][AutoBaseFunction.py(wrapper):8] Parameter : 
[2022-10-04 17:21:14.335][I][AutoBaseFunction.py(wrapper):7] Screen.MainWindow : set_field 실행 시작
[2022-10-04 17:21:14.336][I][AutoBaseFunction.py(wrapper):8] Parameter : 
[2022-10-04 17:21:14.363][I][AutoBaseFunction.py(wrapper):14] Screen.MainWindow : set_field 실행 종료
[2022-10-04 17:21:14.364][I][AutoBaseFunction.py(wrapper):7] Screen.MainWindow : setWidget_func 실행 시작
[2022-10-04 17:21:14.364][I][AutoBaseFunction.py(wrapper):8] Parameter : 
[2022-10-04 17:21:14.366][I][AutoBaseFunction.py(wrapper):14] Screen.MainWindow : setWidget_func 실행 종료
[2022-10-04 17:21:14.368][I][AutoBaseFunction.py(wrapper):14] Screen.MainWindow : setupUi 실행 종료
[2022-10-04 17:21:14.374][I][AutoBaseFunction.py(wrapper):7] __main__ : __set_slot 실행 시작
[2022-10-04 17:21:14.375][I][AutoBaseFunction.py(wrapper):8] Parameter : 
[2022-10-04 17:21:14.375][I][AutoBaseFunction.py(wrapper):14] __main__ : __set_slot 실행 종료
[2022-10-04 17:21:14.375][I][AutoBaseFunction.py(wrapper):7] __main__ : __wigets_setupUi 실행 시작
[2022-10-04 17:21:14.376][I][AutoBaseFunction.py(wrapper):8] Parameter : 
[2022-10-04 17:21:14.376][I][AutoBaseFunction.py(wrapper):7] Screen.Setup_Language : setupUI_Language 실행 시작
[2022-10-04 17:21:14.377][I][AutoBaseFunction.py(wrapper):8] Parameter : 
[2022-10-04 17:21:14.377][I][AutoBaseFunction.py(wrapper):7] Screen.Setup_Language : sl_set_slot 실행 시작
[2022-10-04 17:21:14.377][I][AutoBaseFunction.py(wrapper):8] Parameter : 
[2022-10-04 17:21:14.378][I][AutoBaseFunction.py(wrapper):14] Screen.Setup_Language : sl_set_slot 실행 종료
[2022-10-04 17:21:14.378][I][AutoBaseFunction.py(wrapper):14] Screen.Setup_Language : setupUI_Language 실행 종료
[2022-10-04 17:21:14.379][I][AutoBaseFunction.py(wrapper):7] Screen.Menu_CreateExcel : setupUI_CreateExcel 실행 시작
[2022-10-04 17:21:14.379][I][AutoBaseFunction.py(wrapper):8] Parameter : 
[2022-10-04 17:21:14.380][I][AutoBaseFunction.py(wrapper):7] Screen.Menu_CreateExcel : new_excel_func 실행 시작
[2022-10-04 17:21:14.380][I][AutoBaseFunction.py(wrapper):8] Parameter : 
[2022-10-04 17:21:14.381][I][AutoBaseFunction.py(wrapper):14] Screen.Menu_CreateExcel : new_excel_func 실행 종료
[2022-10-04 17:21:14.381][I][AutoBaseFunction.py(wrapper):7] Screen.Menu_CreateExcel : set_excel_func 실행 시작
[2022-10-04 17:21:14.381][I][AutoBaseFunction.py(wrapper):8] Parameter : 
[2022-10-04 17:21:14.382][I][AutoBaseFunction.py(wrapper):14] Screen.Menu_CreateExcel : set_excel_func 실행 종료
[2022-10-04 17:21:14.382][I][AutoBaseFunction.py(wrapper):14] Screen.Menu_CreateExcel : setupUI_CreateExcel 실행 종료
[2022-10-04 17:21:14.382][I][AutoBaseFunction.py(wrapper):7] Screen.Setup_Field : setupUI_Field 실행 시작
[2022-10-04 17:21:14.383][I][AutoBaseFunction.py(wrapper):8] Parameter : 
[2022-10-04 17:21:14.384][I][AutoBaseFunction.py(wrapper):7] Screen.Setup_Field : set_data 실행 시작
[2022-10-04 17:21:14.385][I][AutoBaseFunction.py(wrapper):8] Parameter : 
[2022-10-04 17:21:14.385][I][AutoBaseFunction.py(wrapper):14] Screen.Setup_Field : set_data 실행 종료
[2022-10-04 17:21:14.611][I][AutoBaseFunction.py(wrapper):7] Screen.Setup_Field : set_data 실행 시작
[2022-10-04 17:21:14.611][I][AutoBaseFunction.py(wrapper):8] Parameter : 
[2022-10-04 17:21:14.612][I][AutoBaseFunction.py(wrapper):14] Screen.Setup_Field : set_data 실행 종료
[2022-10-04 17:21:14.612][I][AutoBaseFunction.py(wrapper):7] Screen.Setup_Field : set_data 실행 시작
[2022-10-04 17:21:14.613][I][AutoBaseFunction.py(wrapper):8] Parameter : 
[2022-10-04 17:21:14.613][I][AutoBaseFunction.py(wrapper):14] Screen.Setup_Field : set_data 실행 종료
[2022-10-04 17:21:14.614][I][AutoBaseFunction.py(wrapper):7] Screen.Setup_Field : set_data 실행 시작
[2022-10-04 17:21:14.614][I][AutoBaseFunction.py(wrapper):8] Parameter : 
[2022-10-04 17:21:14.614][I][AutoBaseFunction.py(wrapper):14] Screen.Setup_Field : set_data 실행 종료
[2022-10-04 17:21:14.615][I][AutoBaseFunction.py(wrapper):7] Screen.Setup_Field : set_data 실행 시작
[2022-10-04 17:21:14.615][I][AutoBaseFunction.py(wrapper):8] Parameter : 
[2022-10-04 17:21:14.615][I][AutoBaseFunction.py(wrapper):14] Screen.Setup_Field : set_data 실행 종료
[2022-10-04 17:21:14.616][I][AutoBaseFunction.py(wrapper):7] Screen.Setup_Field : set_data 실행 시작
[2022-10-04 17:21:14.616][I][AutoBaseFunction.py(wrapper):8] Parameter : 
[2022-10-04 17:21:14.616][I][AutoBaseFunction.py(wrapper):14] Screen.Setup_Field : set_data 실행 종료
[2022-10-04 17:21:14.617][I][AutoBaseFunction.py(wrapper):7] Screen.Setup_Field : sl_set_slot 실행 시작
[2022-10-04 17:21:14.617][I][AutoBaseFunction.py(wrapper):8] Parameter : 
[2022-10-04 17:21:14.617][I][AutoBaseFunction.py(wrapper):14] Screen.Setup_Field : sl_set_slot 실행 종료
[2022-10-04 17:21:14.618][I][AutoBaseFunction.py(wrapper):14] Screen.Setup_Field : setupUI_Field 실행 종료
[2022-10-04 17:21:14.618][I][AutoBaseFunction.py(wrapper):7] Screen.Setup_TestList : setupUI_TestList 실행 시작
[2022-10-04 17:21:14.618][I][AutoBaseFunction.py(wrapper):8] Parameter : 
[2022-10-04 17:21:14.619][I][AutoBaseFunction.py(wrapper):7] Screen.Setup_TestList : btn_set_slot 실행 시작
[2022-10-04 17:21:14.620][I][AutoBaseFunction.py(wrapper):8] Parameter : 
[2022-10-04 17:21:14.620][I][AutoBaseFunction.py(wrapper):14] Screen.Setup_TestList : btn_set_slot 실행 종료
[2022-10-04 17:21:14.620][I][AutoBaseFunction.py(wrapper):14] Screen.Setup_TestList : setupUI_TestList 실행 종료
[2022-10-04 17:21:14.620][I][AutoBaseFunction.py(wrapper):14] __main__ : __wigets_setupUi 실행 종료
[2022-10-04 17:21:16.727][I][AutoBaseFunction.py(wrapper):7] __main__ : __sl_ui 실행 시작
[2022-10-04 17:21:16.727][I][AutoBaseFunction.py(wrapper):8] Parameter : False
[2022-10-04 17:21:16.728][I][AutoBaseFunction.py(wrapper):7] Screen.Setup_Language : setLang_Button 실행 시작
[2022-10-04 17:21:16.728][I][AutoBaseFunction.py(wrapper):8] Parameter : 
[2022-10-04 17:21:16.733][I][AutoBaseFunction.py(wrapper):14] Screen.Setup_Language : setLang_Button 실행 종료
[2022-10-04 17:21:16.746][I][AutoBaseFunction.py(wrapper):14] __main__ : __sl_ui 실행 종료
[2022-10-04 17:21:17.591][I][AutoBaseFunction.py(wrapper):7] Screen.Setup_Language : keyPressEvent 실행 시작
[2022-10-04 17:21:17.591][I][AutoBaseFunction.py(wrapper):8] Parameter : <PyQt5.QtGui.QKeyEvent object at 0x000002094769B438>
[2022-10-04 17:21:17.592][I][AutoBaseFunction.py(wrapper):14] Screen.Setup_Language : keyPressEvent 실행 종료
[2022-10-04 17:21:17.592][I][AutoBaseFunction.py(wrapper):7] Screen.Setup_Language : keyPressEvent 실행 시작
[2022-10-04 17:21:17.592][I][AutoBaseFunction.py(wrapper):8] Parameter : <PyQt5.QtGui.QKeyEvent object at 0x000002094769B438>
[2022-10-04 17:21:17.593][I][AutoBaseFunction.py(wrapper):14] Screen.Setup_Language : keyPressEvent 실행 종료
[2022-10-04 17:21:18.774][I][AutoBaseFunction.py(wrapper):7] Screen.Setup_Language : keyPressEvent 실행 시작
[2022-10-04 17:21:18.774][I][AutoBaseFunction.py(wrapper):8] Parameter : <PyQt5.QtGui.QKeyEvent object at 0x000002094769B438>
[2022-10-04 17:21:18.775][I][AutoBaseFunction.py(wrapper):14] Screen.Setup_Language : keyPressEvent 실행 종료
[2022-10-04 17:21:19.445][I][AutoBaseFunction.py(wrapper):7] Screen.Setup_Language : keyPressEvent 실행 시작
[2022-10-04 17:21:19.446][I][AutoBaseFunction.py(wrapper):8] Parameter : <PyQt5.QtGui.QKeyEvent object at 0x000002094769B438>
[2022-10-04 17:21:19.446][I][AutoBaseFunction.py(wrapper):14] Screen.Setup_Language : keyPressEvent 실행 종료
[2022-10-04 17:21:20.005][I][AutoBaseFunction.py(wrapper):7] Screen.Setup_Language : keyPressEvent 실행 시작
[2022-10-04 17:21:20.006][I][AutoBaseFunction.py(wrapper):8] Parameter : <PyQt5.QtGui.QKeyEvent object at 0x000002094769B438>
[2022-10-04 17:21:20.006][I][AutoBaseFunction.py(wrapper):14] Screen.Setup_Language : keyPressEvent 실행 종료
[2022-10-04 17:21:20.598][I][AutoBaseFunction.py(wrapper):7] Screen.Setup_Language : keyPressEvent 실행 시작
[2022-10-04 17:21:20.598][I][AutoBaseFunction.py(wrapper):8] Parameter : <PyQt5.QtGui.QKeyEvent object at 0x000002094769B438>
[2022-10-04 17:21:20.598][I][AutoBaseFunction.py(wrapper):14] Screen.Setup_Language : keyPressEvent 실행 종료
[2022-10-04 17:21:21.174][I][AutoBaseFunction.py(wrapper):7] Screen.Setup_Language : keyPressEvent 실행 시작
[2022-10-04 17:21:21.174][I][AutoBaseFunction.py(wrapper):8] Parameter : <PyQt5.QtGui.QKeyEvent object at 0x000002094769B438>
[2022-10-04 17:21:21.175][I][AutoBaseFunction.py(wrapper):14] Screen.Setup_Language : keyPressEvent 실행 종료
[2022-10-04 17:21:37.510][I][AutoBaseFunction.py(wrapper):7] Screen.Setup_Language : keyPressEvent 실행 시작
[2022-10-04 17:21:37.510][I][AutoBaseFunction.py(wrapper):8] Parameter : <PyQt5.QtGui.QKeyEvent object at 0x000002094769B438>
[2022-10-04 17:21:37.511][I][AutoBaseFunction.py(wrapper):14] Screen.Setup_Language : keyPressEvent 실행 종료
[2022-10-04 17:21:37.846][I][AutoBaseFunction.py(wrapper):7] Screen.Setup_Language : keyPressEvent 실행 시작
[2022-10-04 17:21:37.846][I][AutoBaseFunction.py(wrapper):8] Parameter : <PyQt5.QtGui.QKeyEvent object at 0x000002094769B438>
[2022-10-04 17:21:37.847][I][AutoBaseFunction.py(wrapper):14] Screen.Setup_Language : keyPressEvent 실행 종료
[2022-10-04 17:21:38.101][I][AutoBaseFunction.py(wrapper):7] Screen.Setup_Language : keyPressEvent 실행 시작
[2022-10-04 17:21:38.102][I][AutoBaseFunction.py(wrapper):8] Parameter : <PyQt5.QtGui.QKeyEvent object at 0x000002094769B438>
[2022-10-04 17:21:38.102][I][AutoBaseFunction.py(wrapper):14] Screen.Setup_Language : keyPressEvent 실행 종료
[2022-10-04 17:21:38.374][I][AutoBaseFunction.py(wrapper):7] Screen.Setup_Language : keyPressEvent 실행 시작
[2022-10-04 17:21:38.374][I][AutoBaseFunction.py(wrapper):8] Parameter : <PyQt5.QtGui.QKeyEvent object at 0x000002094769B438>
[2022-10-04 17:21:38.375][I][AutoBaseFunction.py(wrapper):14] Screen.Setup_Language : keyPressEvent 실행 종료
[2022-10-04 17:21:38.646][I][AutoBaseFunction.py(wrapper):7] Screen.Setup_Language : keyPressEvent 실행 시작
[2022-10-04 17:21:38.646][I][AutoBaseFunction.py(wrapper):8] Parameter : <PyQt5.QtGui.QKeyEvent object at 0x000002094769B438>
[2022-10-04 17:21:38.647][I][AutoBaseFunction.py(wrapper):14] Screen.Setup_Language : keyPressEvent 실행 종료
[2022-10-04 17:21:38.950][I][AutoBaseFunction.py(wrapper):7] Screen.Setup_Language : keyPressEvent 실행 시작
[2022-10-04 17:21:38.950][I][AutoBaseFunction.py(wrapper):8] Parameter : <PyQt5.QtGui.QKeyEvent object at 0x000002094769B438>
[2022-10-04 17:21:38.951][I][AutoBaseFunction.py(wrapper):14] Screen.Setup_Language : keyPressEvent 실행 종료
[2022-10-04 17:21:43.718][I][AutoBaseFunction.py(wrapper):7] Screen.Setup_Language : keyPressEvent 실행 시작
[2022-10-04 17:21:43.718][I][AutoBaseFunction.py(wrapper):8] Parameter : <PyQt5.QtGui.QKeyEvent object at 0x000002094769B438>
[2022-10-04 17:21:43.719][I][AutoBaseFunction.py(wrapper):7] Screen.Setup_Language : ok_Button_clicked 실행 시작
[2022-10-04 17:21:43.719][I][AutoBaseFunction.py(wrapper):8] Parameter : 
