[2022-10-05 11:56:30.708][D][LogManager.py(Init):12] LogManager Init function called !!!
[2022-10-05 11:56:30.916][I][AutoBaseFunction.py(wrapper):10] Screen.MainWindow : setupUi 실행 시작
[2022-10-05 11:56:30.917][I][AutoBaseFunction.py(wrapper):11] Parameter : 
[2022-10-05 11:56:30.921][I][AutoBaseFunction.py(wrapper):10] Screen.MainWindow : set_field 실행 시작
[2022-10-05 11:56:30.922][I][AutoBaseFunction.py(wrapper):11] Parameter : 
[2022-10-05 11:56:30.947][I][AutoBaseFunction.py(wrapper):17] Screen.MainWindow : set_field 실행 종료
[2022-10-05 11:56:30.948][I][AutoBaseFunction.py(wrapper):10] Screen.MainWindow : setWidget_func 실행 시작
[2022-10-05 11:56:30.948][I][AutoBaseFunction.py(wrapper):11] Parameter : 
[2022-10-05 11:56:30.950][I][AutoBaseFunction.py(wrapper):17] Screen.MainWindow : setWidget_func 실행 종료
[2022-10-05 11:56:30.952][I][AutoBaseFunction.py(wrapper):17] Screen.MainWindow : setupUi 실행 종료
[2022-10-05 11:56:30.958][I][AutoBaseFunction.py(wrapper):10] __main__ : __set_slot 실행 시작
[2022-10-05 11:56:30.958][I][AutoBaseFunction.py(wrapper):11] Parameter : 
[2022-10-05 11:56:30.959][I][AutoBaseFunction.py(wrapper):17] __main__ : __set_slot 실행 종료
[2022-10-05 11:56:30.959][I][AutoBaseFunction.py(wrapper):10] __main__ : __wigets_setupUi 실행 시작
[2022-10-05 11:56:30.960][I][AutoBaseFunction.py(wrapper):11] Parameter : 
[2022-10-05 11:56:30.960][I][AutoBaseFunction.py(wrapper):10] Screen.Setup_Language : setupUI_Language 실행 시작
[2022-10-05 11:56:30.961][I][AutoBaseFunction.py(wrapper):11] Parameter : 
[2022-10-05 11:56:30.961][I][AutoBaseFunction.py(wrapper):10] Screen.Setup_Language : sl_set_slot 실행 시작
[2022-10-05 11:56:30.962][I][AutoBaseFunction.py(wrapper):11] Parameter : 
[2022-10-05 11:56:30.962][I][AutoBaseFunction.py(wrapper):17] Screen.Setup_Language : sl_set_slot 실행 종료
[2022-10-05 11:56:30.962][I][AutoBaseFunction.py(wrapper):17] Screen.Setup_Language : setupUI_Language 실행 종료
[2022-10-05 11:56:30.963][I][AutoBaseFunction.py(wrapper):10] Screen.Menu_CreateExcel : setupUI_CreateExcel 실행 시작
[2022-10-05 11:56:30.963][I][AutoBaseFunction.py(wrapper):11] Parameter : 
[2022-10-05 11:56:30.967][I][AutoBaseFunction.py(wrapper):10] Screen.Menu_CreateExcel : new_excel_func 실행 시작
[2022-10-05 11:56:30.967][I][AutoBaseFunction.py(wrapper):11] Parameter : 
[2022-10-05 11:56:30.967][I][AutoBaseFunction.py(wrapper):17] Screen.Menu_CreateExcel : new_excel_func 실행 종료
[2022-10-05 11:56:30.968][I][AutoBaseFunction.py(wrapper):10] Screen.Menu_CreateExcel : set_excel_func 실행 시작
[2022-10-05 11:56:30.968][I][AutoBaseFunction.py(wrapper):11] Parameter : 
[2022-10-05 11:56:30.968][I][AutoBaseFunction.py(wrapper):17] Screen.Menu_CreateExcel : set_excel_func 실행 종료
[2022-10-05 11:56:30.969][I][AutoBaseFunction.py(wrapper):17] Screen.Menu_CreateExcel : setupUI_CreateExcel 실행 종료
[2022-10-05 11:56:30.969][I][AutoBaseFunction.py(wrapper):10] Screen.Setup_Field : setupUI_Field 실행 시작
[2022-10-05 11:56:30.969][I][AutoBaseFunction.py(wrapper):11] Parameter : 
[2022-10-05 11:56:30.972][I][AutoBaseFunction.py(wrapper):10] Screen.Setup_Field : set_data 실행 시작
[2022-10-05 11:56:30.972][I][AutoBaseFunction.py(wrapper):11] Parameter : 
[2022-10-05 11:56:30.973][I][AutoBaseFunction.py(wrapper):17] Screen.Setup_Field : set_data 실행 종료
[2022-10-05 11:56:31.255][I][AutoBaseFunction.py(wrapper):10] Screen.Setup_Field : set_data 실행 시작
[2022-10-05 11:56:31.255][I][AutoBaseFunction.py(wrapper):11] Parameter : 
[2022-10-05 11:56:31.256][I][AutoBaseFunction.py(wrapper):17] Screen.Setup_Field : set_data 실행 종료
[2022-10-05 11:56:31.257][I][AutoBaseFunction.py(wrapper):10] Screen.Setup_Field : set_data 실행 시작
[2022-10-05 11:56:31.257][I][AutoBaseFunction.py(wrapper):11] Parameter : 
[2022-10-05 11:56:31.258][I][AutoBaseFunction.py(wrapper):17] Screen.Setup_Field : set_data 실행 종료
[2022-10-05 11:56:31.259][I][AutoBaseFunction.py(wrapper):10] Screen.Setup_Field : set_data 실행 시작
[2022-10-05 11:56:31.260][I][AutoBaseFunction.py(wrapper):11] Parameter : 
[2022-10-05 11:56:31.260][I][AutoBaseFunction.py(wrapper):17] Screen.Setup_Field : set_data 실행 종료
[2022-10-05 11:56:31.261][I][AutoBaseFunction.py(wrapper):10] Screen.Setup_Field : set_data 실행 시작
[2022-10-05 11:56:31.261][I][AutoBaseFunction.py(wrapper):11] Parameter : 
[2022-10-05 11:56:31.262][I][AutoBaseFunction.py(wrapper):17] Screen.Setup_Field : set_data 실행 종료
[2022-10-05 11:56:31.262][I][AutoBaseFunction.py(wrapper):10] Screen.Setup_Field : set_data 실행 시작
[2022-10-05 11:56:31.263][I][AutoBaseFunction.py(wrapper):11] Parameter : 
[2022-10-05 11:56:31.263][I][AutoBaseFunction.py(wrapper):17] Screen.Setup_Field : set_data 실행 종료
[2022-10-05 11:56:31.263][I][AutoBaseFunction.py(wrapper):10] Screen.Setup_Field : sl_set_slot 실행 시작
[2022-10-05 11:56:31.263][I][AutoBaseFunction.py(wrapper):11] Parameter : 
[2022-10-05 11:56:31.264][I][AutoBaseFunction.py(wrapper):17] Screen.Setup_Field : sl_set_slot 실행 종료
[2022-10-05 11:56:31.265][I][AutoBaseFunction.py(wrapper):17] Screen.Setup_Field : setupUI_Field 실행 종료
[2022-10-05 11:56:31.265][I][AutoBaseFunction.py(wrapper):10] Screen.Setup_TestList : setupUI_TestList 실행 시작
[2022-10-05 11:56:31.265][I][AutoBaseFunction.py(wrapper):11] Parameter : 
[2022-10-05 11:56:31.272][I][AutoBaseFunction.py(wrapper):10] Screen.Setup_TestList : btn_set_slot 실행 시작
[2022-10-05 11:56:31.273][I][AutoBaseFunction.py(wrapper):11] Parameter : 
[2022-10-05 11:56:31.273][I][AutoBaseFunction.py(wrapper):17] Screen.Setup_TestList : btn_set_slot 실행 종료
[2022-10-05 11:56:31.273][I][AutoBaseFunction.py(wrapper):17] Screen.Setup_TestList : setupUI_TestList 실행 종료
[2022-10-05 11:56:31.274][I][AutoBaseFunction.py(wrapper):17] __main__ : __wigets_setupUi 실행 종료
[2022-10-05 11:56:33.439][I][AutoBaseFunction.py(wrapper):10] __main__ : __sl_ui 실행 시작
[2022-10-05 11:56:33.439][I][AutoBaseFunction.py(wrapper):11] Parameter : False
[2022-10-05 11:56:33.439][I][AutoBaseFunction.py(wrapper):10] Screen.Setup_Language : setLang_Button 실행 시작
[2022-10-05 11:56:33.440][I][AutoBaseFunction.py(wrapper):11] Parameter : 
[2022-10-05 11:56:33.444][I][AutoBaseFunction.py(wrapper):17] Screen.Setup_Language : setLang_Button 실행 종료
[2022-10-05 11:56:33.453][I][AutoBaseFunction.py(wrapper):17] __main__ : __sl_ui 실행 종료
[2022-10-05 11:56:37.502][I][AutoBaseFunction.py(wrapper):10] Screen.Setup_Language : closeEvent 실행 시작
[2022-10-05 11:56:37.502][I][AutoBaseFunction.py(wrapper):11] Parameter : <PyQt5.QtGui.QCloseEvent object at 0x00000241B17EB9D8>
[2022-10-05 11:56:37.504][I][AutoBaseFunction.py(wrapper):17] Screen.Setup_Language : closeEvent 실행 종료
[2022-10-05 11:56:38.599][I][AutoBaseFunction.py(wrapper):10] Screen.MainWindow : closeEvent 실행 시작
[2022-10-05 11:56:38.599][I][AutoBaseFunction.py(wrapper):11] Parameter : <PyQt5.QtGui.QCloseEvent object at 0x00000241B17EB9D8>
