[2022-10-04 19:15:30.328][D][LogManager.py(Init):12] LogManager Init function called !!!
[2022-10-04 19:15:30.355][I][AutoBaseFunction.py(wrapper):10] Screen.MainWindow : setupUi 실행 시작
[2022-10-04 19:15:30.356][I][AutoBaseFunction.py(wrapper):11] Parameter : 
[2022-10-04 19:15:30.359][I][AutoBaseFunction.py(wrapper):10] Screen.MainWindow : set_field 실행 시작
[2022-10-04 19:15:30.359][I][AutoBaseFunction.py(wrapper):11] Parameter : 
[2022-10-04 19:15:30.390][I][AutoBaseFunction.py(wrapper):17] Screen.MainWindow : set_field 실행 종료
[2022-10-04 19:15:30.391][I][AutoBaseFunction.py(wrapper):10] Screen.MainWindow : setWidget_func 실행 시작
[2022-10-04 19:15:30.391][I][AutoBaseFunction.py(wrapper):11] Parameter : 
[2022-10-04 19:15:30.393][I][AutoBaseFunction.py(wrapper):17] Screen.MainWindow : setWidget_func 실행 종료
[2022-10-04 19:15:30.395][I][AutoBaseFunction.py(wrapper):17] Screen.MainWindow : setupUi 실행 종료
[2022-10-04 19:15:30.409][I][AutoBaseFunction.py(wrapper):10] __main__ : __set_slot 실행 시작
[2022-10-04 19:15:30.409][I][AutoBaseFunction.py(wrapper):11] Parameter : 
[2022-10-04 19:15:30.410][I][AutoBaseFunction.py(wrapper):17] __main__ : __set_slot 실행 종료
[2022-10-04 19:15:30.410][I][AutoBaseFunction.py(wrapper):10] __main__ : __wigets_setupUi 실행 시작
[2022-10-04 19:15:30.410][I][AutoBaseFunction.py(wrapper):11] Parameter : 
[2022-10-04 19:15:30.411][I][AutoBaseFunction.py(wrapper):10] Screen.Setup_Language : setupUI_Language 실행 시작
[2022-10-04 19:15:30.411][I][AutoBaseFunction.py(wrapper):11] Parameter : 
[2022-10-04 19:15:30.412][I][AutoBaseFunction.py(wrapper):10] Screen.Setup_Language : sl_set_slot 실행 시작
[2022-10-04 19:15:30.412][I][AutoBaseFunction.py(wrapper):11] Parameter : 
[2022-10-04 19:15:30.413][I][AutoBaseFunction.py(wrapper):17] Screen.Setup_Language : sl_set_slot 실행 종료
[2022-10-04 19:15:30.413][I][AutoBaseFunction.py(wrapper):17] Screen.Setup_Language : setupUI_Language 실행 종료
[2022-10-04 19:15:30.413][I][AutoBaseFunction.py(wrapper):10] Screen.Menu_CreateExcel : setupUI_CreateExcel 실행 시작
[2022-10-04 19:15:30.414][I][AutoBaseFunction.py(wrapper):11] Parameter : 
[2022-10-04 19:15:30.415][I][AutoBaseFunction.py(wrapper):10] Screen.Menu_CreateExcel : new_excel_func 실행 시작
[2022-10-04 19:15:30.415][I][AutoBaseFunction.py(wrapper):11] Parameter : 
[2022-10-04 19:15:30.415][I][AutoBaseFunction.py(wrapper):17] Screen.Menu_CreateExcel : new_excel_func 실행 종료
[2022-10-04 19:15:30.415][I][AutoBaseFunction.py(wrapper):10] Screen.Menu_CreateExcel : set_excel_func 실행 시작
[2022-10-04 19:15:30.416][I][AutoBaseFunction.py(wrapper):11] Parameter : 
[2022-10-04 19:15:30.416][I][AutoBaseFunction.py(wrapper):17] Screen.Menu_CreateExcel : set_excel_func 실행 종료
[2022-10-04 19:15:30.417][I][AutoBaseFunction.py(wrapper):17] Screen.Menu_CreateExcel : setupUI_CreateExcel 실행 종료
[2022-10-04 19:15:30.417][I][AutoBaseFunction.py(wrapper):10] Screen.Setup_Field : setupUI_Field 실행 시작
[2022-10-04 19:15:30.417][I][AutoBaseFunction.py(wrapper):11] Parameter : 
[2022-10-04 19:15:30.418][I][AutoBaseFunction.py(wrapper):10] Screen.Setup_Field : set_data 실행 시작
[2022-10-04 19:15:30.418][I][AutoBaseFunction.py(wrapper):11] Parameter : 
[2022-10-04 19:15:30.419][I][AutoBaseFunction.py(wrapper):17] Screen.Setup_Field : set_data 실행 종료
[2022-10-04 19:15:30.644][I][AutoBaseFunction.py(wrapper):10] Screen.Setup_Field : set_data 실행 시작
[2022-10-04 19:15:30.645][I][AutoBaseFunction.py(wrapper):11] Parameter : 
[2022-10-04 19:15:30.645][I][AutoBaseFunction.py(wrapper):17] Screen.Setup_Field : set_data 실행 종료
[2022-10-04 19:15:30.646][I][AutoBaseFunction.py(wrapper):10] Screen.Setup_Field : set_data 실행 시작
[2022-10-04 19:15:30.646][I][AutoBaseFunction.py(wrapper):11] Parameter : 
[2022-10-04 19:15:30.646][I][AutoBaseFunction.py(wrapper):17] Screen.Setup_Field : set_data 실행 종료
[2022-10-04 19:15:30.647][I][AutoBaseFunction.py(wrapper):10] Screen.Setup_Field : set_data 실행 시작
[2022-10-04 19:15:30.647][I][AutoBaseFunction.py(wrapper):11] Parameter : 
[2022-10-04 19:15:30.648][I][AutoBaseFunction.py(wrapper):17] Screen.Setup_Field : set_data 실행 종료
[2022-10-04 19:15:30.648][I][AutoBaseFunction.py(wrapper):10] Screen.Setup_Field : set_data 실행 시작
[2022-10-04 19:15:30.648][I][AutoBaseFunction.py(wrapper):11] Parameter : 
[2022-10-04 19:15:30.649][I][AutoBaseFunction.py(wrapper):17] Screen.Setup_Field : set_data 실행 종료
[2022-10-04 19:15:30.649][I][AutoBaseFunction.py(wrapper):10] Screen.Setup_Field : set_data 실행 시작
[2022-10-04 19:15:30.649][I][AutoBaseFunction.py(wrapper):11] Parameter : 
[2022-10-04 19:15:30.649][I][AutoBaseFunction.py(wrapper):17] Screen.Setup_Field : set_data 실행 종료
[2022-10-04 19:15:30.650][I][AutoBaseFunction.py(wrapper):10] Screen.Setup_Field : sl_set_slot 실행 시작
[2022-10-04 19:15:30.650][I][AutoBaseFunction.py(wrapper):11] Parameter : 
[2022-10-04 19:15:30.650][I][AutoBaseFunction.py(wrapper):17] Screen.Setup_Field : sl_set_slot 실행 종료
[2022-10-04 19:15:30.650][I][AutoBaseFunction.py(wrapper):17] Screen.Setup_Field : setupUI_Field 실행 종료
[2022-10-04 19:15:30.651][I][AutoBaseFunction.py(wrapper):10] Screen.Setup_TestList : setupUI_TestList 실행 시작
[2022-10-04 19:15:30.651][I][AutoBaseFunction.py(wrapper):11] Parameter : 
[2022-10-04 19:15:30.652][I][AutoBaseFunction.py(wrapper):10] Screen.Setup_TestList : btn_set_slot 실행 시작
[2022-10-04 19:15:30.653][I][AutoBaseFunction.py(wrapper):11] Parameter : 
[2022-10-04 19:15:30.653][I][AutoBaseFunction.py(wrapper):17] Screen.Setup_TestList : btn_set_slot 실행 종료
[2022-10-04 19:15:30.653][I][AutoBaseFunction.py(wrapper):17] Screen.Setup_TestList : setupUI_TestList 실행 종료
[2022-10-04 19:15:30.654][I][AutoBaseFunction.py(wrapper):17] __main__ : __wigets_setupUi 실행 종료
[2022-10-04 19:15:34.018][I][AutoBaseFunction.py(wrapper):10] Screen.MainWindow : update_open_menu 실행 시작
[2022-10-04 19:15:34.018][I][AutoBaseFunction.py(wrapper):11] Parameter : 
[2022-10-04 19:15:34.021][I][AutoBaseFunction.py(wrapper):17] Screen.MainWindow : update_open_menu 실행 종료
[2022-10-04 19:15:34.759][I][AutoBaseFunction.py(wrapper):10] __main__ : __ce_ui 실행 시작
[2022-10-04 19:15:34.759][I][AutoBaseFunction.py(wrapper):11] Parameter : False
[2022-10-04 19:15:34.779][I][AutoBaseFunction.py(wrapper):17] __main__ : __ce_ui 실행 종료
[2022-10-04 19:15:36.398][I][AutoBaseFunction.py(wrapper):10] Screen.Menu_CreateExcel : folder_toolButton_clicked 실행 시작
[2022-10-04 19:15:36.399][I][AutoBaseFunction.py(wrapper):11] Parameter : <PyQt5.QtWidgets.QLineEdit object at 0x0000014279BE5438>, False
[2022-10-04 19:15:37.731][I][AutoBaseFunction.py(wrapper):17] Screen.Menu_CreateExcel : folder_toolButton_clicked 실행 종료
[2022-10-04 19:15:38.509][I][AutoBaseFunction.py(wrapper):10] Screen.Menu_CreateExcel : func_check 실행 시작
[2022-10-04 19:15:38.509][I][AutoBaseFunction.py(wrapper):11] Parameter : False
