[2022-11-25 16:37:58.550][D][LogManager.py(Init):10] LogManager Init function called !!!
[2022-11-25 16:37:59.088][I][AutoBaseFunction.py(wrapper):11] __main__ : setupUi 실행 시작
[2022-11-25 16:37:59.088][I][AutoBaseFunction.py(wrapper):12] Parameter : 
[2022-11-25 16:37:59.094][I][AutoBaseFunction.py(wrapper):11] __main__ : set_field_gridLayout 실행 시작
[2022-11-25 16:37:59.094][I][AutoBaseFunction.py(wrapper):12] Parameter : 
[2022-11-25 16:37:59.152][I][AutoBaseFunction.py(wrapper):16] __main__ : set_field_gridLayout 실행 종료
[2022-11-25 16:37:59.154][I][AutoBaseFunction.py(wrapper):11] __main__ : set_testList_hboxLayout 실행 시작
[2022-11-25 16:37:59.154][I][AutoBaseFunction.py(wrapper):12] Parameter : 
[2022-11-25 16:37:59.420][I][AutoBaseFunction.py(wrapper):16] __main__ : set_testList_hboxLayout 실행 종료
[2022-11-25 16:37:59.424][I][AutoBaseFunction.py(wrapper):16] __main__ : setupUi 실행 종료
[2022-11-25 16:38:27.005][I][AutoBaseFunction.py(wrapper):11] __main__ : show_imgList 실행 시작
[2022-11-25 16:38:27.005][I][AutoBaseFunction.py(wrapper):12] Parameter : 중국어, D:/00.Work/00.Kraken/com.auto.script/Tool Project/PAT/Report/20221116-135824/FAIL/IBD_usage_search_directionToSelectedPoi__.c, <PyQt5.QtWidgets.QAction object at 0x000002980F86AA70>, True
[2022-11-25 16:38:28.197][I][AutoBaseFunction.py(wrapper):11] __main__ : show_setup_Language 실행 시작
[2022-11-25 16:38:28.197][I][AutoBaseFunction.py(wrapper):12] Parameter : 
[2022-11-25 16:38:28.198][I][AutoBaseFunction.py(wrapper):11] SubWindow.Setup_Language : setupUI_Language 실행 시작
[2022-11-25 16:38:28.199][I][AutoBaseFunction.py(wrapper):12] Parameter : 
[2022-11-25 16:38:28.199][I][AutoBaseFunction.py(wrapper):11] SubWindow.Setup_Language : setLang_Button 실행 시작
[2022-11-25 16:38:28.200][I][AutoBaseFunction.py(wrapper):12] Parameter : 
[2022-11-25 16:38:28.201][I][Setup_Language.py(setLang_Button):101] ['중국어', '독일어'], ['D:/00.Work/00.Kraken/com.auto.script/Tool Project/PAT/Report/20221116-135824/FAIL/IBD_usage_search_directionToSelectedPoi__.c', 'D:/00.Work/00.Kraken/com.auto.script/Tool Project/PAT/Report/20221115-171239/PASS/IBD_usage_guidanceEndInfo_destCoordinate__coord.c'] 기준으로 창에 표시하기 시작
[2022-11-25 16:38:28.203][I][Setup_Language.py(addLang_Button_clicked):151] 중국어, D:/00.Work/00.Kraken/com.auto.script/Tool Project/PAT/Report/20221116-135824/FAIL/IBD_usage_search_directionToSelectedPoi__.c 추가됨
[2022-11-25 16:38:28.204][I][Setup_Language.py(addLang_Button_clicked):151] 독일어, D:/00.Work/00.Kraken/com.auto.script/Tool Project/PAT/Report/20221115-171239/PASS/IBD_usage_guidanceEndInfo_destCoordinate__coord.c 추가됨
[2022-11-25 16:38:28.204][I][Setup_Language.py(setLang_Button):105] ['중국어', '독일어'], ['D:/00.Work/00.Kraken/com.auto.script/Tool Project/PAT/Report/20221116-135824/FAIL/IBD_usage_search_directionToSelectedPoi__.c', 'D:/00.Work/00.Kraken/com.auto.script/Tool Project/PAT/Report/20221115-171239/PASS/IBD_usage_guidanceEndInfo_destCoordinate__coord.c'] 기준으로 창에 표시 완료
[2022-11-25 16:38:28.205][I][AutoBaseFunction.py(wrapper):16] SubWindow.Setup_Language : setLang_Button 실행 종료
[2022-11-25 16:38:28.206][I][AutoBaseFunction.py(wrapper):11] SubWindow.Setup_Language : sl_set_slot 실행 시작
[2022-11-25 16:38:28.207][I][AutoBaseFunction.py(wrapper):12] Parameter : 
[2022-11-25 16:38:28.207][I][AutoBaseFunction.py(wrapper):16] SubWindow.Setup_Language : sl_set_slot 실행 종료
[2022-11-25 16:38:28.208][I][AutoBaseFunction.py(wrapper):16] SubWindow.Setup_Language : setupUI_Language 실행 종료
[2022-11-25 16:38:28.216][I][MainWindow.py(show_setup_Language):299] 언어 설정 팝업 열림
[2022-11-25 16:38:28.217][I][AutoBaseFunction.py(wrapper):16] __main__ : show_setup_Language 실행 종료
[2022-11-25 16:38:28.217][I][AutoBaseFunction.py(wrapper):16] __main__ : show_imgList 실행 종료
[2022-11-25 16:38:57.856][I][Setup_Language.py(langList_toolButton_clicked):181] 이미지 폴더:D:/00.Work/00.Kraken/COM.AUTO.SCRIPT/Tool Project/PAT/Report/20221125-145328/FAIL/TC014.c 설정
[2022-11-25 16:39:12.060][I][Setup_Language.py(langList_toolButton_clicked):181] 이미지 폴더:D:/00.Work/00.Kraken/COM.AUTO.SCRIPT/Tool Project/PAT/Report/20221124-151750/FAIL/TC013.c 설정
[2022-11-25 16:39:12.763][I][AutoBaseFunction.py(wrapper):11] SubWindow.Setup_Language : ok_Button_clicked 실행 시작
[2022-11-25 16:39:12.763][I][AutoBaseFunction.py(wrapper):12] Parameter : False
[2022-11-25 16:39:12.763][I][Setup_Language.py(ok_Button_clicked):190] 언어 설정 팝업 확인 버튼 선택
[2022-11-25 16:39:12.765][I][Setup_Language.py(ok_Button_clicked):239] 언어 설정 팝업에 중국어, D:/00.Work/00.Kraken/COM.AUTO.SCRIPT/Tool Project/PAT/Report/20221125-145328/FAIL/TC014.c 추가
[2022-11-25 16:39:12.767][I][Setup_Language.py(ok_Button_clicked):239] 언어 설정 팝업에 독일어, D:/00.Work/00.Kraken/COM.AUTO.SCRIPT/Tool Project/PAT/Report/20221124-151750/FAIL/TC013.c 추가
[2022-11-25 16:39:12.767][I][MainWindow.py(sl_emit):330] 퀵메뉴 clear
[2022-11-25 16:39:12.769][I][MainWindow.py(sl_emit):341] 퀵메뉴 갱신 완료
[2022-11-25 16:39:12.770][I][MainWindow.py(sl_emit):343] 언어 설정 팝업 닫힘으로 메인창 활성화
[2022-11-25 16:39:12.775][I][AutoBaseFunction.py(wrapper):16] SubWindow.Setup_Language : ok_Button_clicked 실행 종료
[2022-11-25 16:39:17.788][I][AutoBaseFunction.py(wrapper):11] __main__ : show_imgList 실행 시작
[2022-11-25 16:39:17.789][I][AutoBaseFunction.py(wrapper):12] Parameter : 중국어, D:/00.Work/00.Kraken/COM.AUTO.SCRIPT/Tool Project/PAT/Report/20221125-145328/FAIL/TC014.c, <PyQt5.QtWidgets.QAction object at 0x000002980F8CC160>, True
[2022-11-25 16:39:40.839][I][MainWindow.py(show_imgList):777] 이미지 리스트 불러옴, 선택된 언어:중국어, 경로:D:/00.Work/00.Kraken/COM.AUTO.SCRIPT/Tool Project/PAT/Report/20221125-145328/FAIL/TC014.c
[2022-11-25 16:39:41.025][I][AutoBaseFunction.py(wrapper):11] __main__ : set_field_gridLayout 실행 시작
[2022-11-25 16:39:41.026][I][AutoBaseFunction.py(wrapper):12] Parameter : 
[2022-11-25 16:39:41.027][I][AutoBaseFunction.py(wrapper):16] __main__ : set_field_gridLayout 실행 종료
[2022-11-25 16:39:41.027][I][AutoBaseFunction.py(wrapper):11] __main__ : set_testList_hboxLayout 실행 시작
[2022-11-25 16:39:41.027][I][AutoBaseFunction.py(wrapper):12] Parameter : 
[2022-11-25 16:39:41.029][I][AutoBaseFunction.py(wrapper):16] __main__ : set_testList_hboxLayout 실행 종료
[2022-11-25 16:39:41.029][I][MainWindow.py(show_imgList):870] self.result:{0: {'이미지': 'D:/00.Work/00.Kraken/COM.AUTO.SCRIPT/Tool Project/PAT/Report/20221125-145328/FAIL/TC014.c\\2022-11-25 145331_org.png', '테스트6': '', '테스트8': '', '테스트9': '', '이미지 설명': '', 'Scripts': '', '3': '', '버전 정보': ''}}
[2022-11-25 16:39:41.030][I][MainWindow.py(qbutton_clicked):629] statusbar에 이미지명 표시2022-11-25 145331_org.png
[2022-11-25 16:39:41.456][I][MainWindow.py(qbutton_clicked):636] 우측에 이미지 표시:D:/00.Work/00.Kraken/COM.AUTO.SCRIPT/Tool Project/PAT/Report/20221125-145328/FAIL/TC014.c\2022-11-25 145331_org.png
[2022-11-25 16:39:41.457][I][MainWindow.py(set_color):587] 이전 버튼 색상 초기화:rgb(225, 225, 225)
[2022-11-25 16:39:41.458][I][MainWindow.py(set_color):589] 현재 버튼 색상: 보라색,#cc79a7
[2022-11-25 16:39:41.458][I][MainWindow.py(show_imgList):876] 이미지 불러온 후 첫번째 버튼 클릭
[2022-11-25 16:39:41.458][I][AutoBaseFunction.py(wrapper):16] __main__ : show_imgList 실행 종료
