[2022-11-25 16:07:11.500][D][LogManager.py(Init):10] LogManager Init function called !!!
[2022-11-25 16:07:11.617][I][AutoBaseFunction.py(wrapper):11] __main__ : setupUi 실행 시작
[2022-11-25 16:07:11.617][I][AutoBaseFunction.py(wrapper):12] Parameter : 
[2022-11-25 16:07:11.620][I][AutoBaseFunction.py(wrapper):11] __main__ : set_field_gridLayout 실행 시작
[2022-11-25 16:07:11.620][I][AutoBaseFunction.py(wrapper):12] Parameter : 
[2022-11-25 16:07:11.643][I][AutoBaseFunction.py(wrapper):16] __main__ : set_field_gridLayout 실행 종료
[2022-11-25 16:07:11.644][I][AutoBaseFunction.py(wrapper):11] __main__ : set_testList_hboxLayout 실행 시작
[2022-11-25 16:07:11.644][I][AutoBaseFunction.py(wrapper):12] Parameter : 
[2022-11-25 16:07:11.876][I][AutoBaseFunction.py(wrapper):16] __main__ : set_testList_hboxLayout 실행 종료
[2022-11-25 16:07:11.880][I][AutoBaseFunction.py(wrapper):16] __main__ : setupUi 실행 종료
[2022-11-25 16:07:13.362][I][AutoBaseFunction.py(wrapper):11] __main__ : __ce_ui 실행 시작
[2022-11-25 16:07:13.362][I][AutoBaseFunction.py(wrapper):12] Parameter : False
[2022-11-25 16:07:13.363][I][AutoBaseFunction.py(wrapper):11] __main__ : setupUi 실행 시작
[2022-11-25 16:07:13.363][I][AutoBaseFunction.py(wrapper):12] Parameter : 
[2022-11-25 16:07:13.364][I][AutoBaseFunction.py(wrapper):11] __main__ : set_field_gridLayout 실행 시작
[2022-11-25 16:07:13.365][I][AutoBaseFunction.py(wrapper):12] Parameter : 
[2022-11-25 16:07:13.365][I][AutoBaseFunction.py(wrapper):16] __main__ : set_field_gridLayout 실행 종료
[2022-11-25 16:07:13.366][I][AutoBaseFunction.py(wrapper):11] __main__ : set_testList_hboxLayout 실행 시작
[2022-11-25 16:07:13.366][I][AutoBaseFunction.py(wrapper):12] Parameter : 
[2022-11-25 16:07:13.367][I][AutoBaseFunction.py(wrapper):16] __main__ : set_testList_hboxLayout 실행 종료
[2022-11-25 16:07:13.368][I][AutoBaseFunction.py(wrapper):16] __main__ : setupUi 실행 종료
[2022-11-25 16:07:13.369][I][AutoBaseFunction.py(wrapper):11] SubWindow.Menu_CreateExcel : setupUI_CreateExcel 실행 시작
[2022-11-25 16:07:13.369][I][AutoBaseFunction.py(wrapper):12] Parameter : 
[2022-11-25 16:07:13.369][I][AutoBaseFunction.py(wrapper):11] SubWindow.Menu_CreateExcel : new_excel_func 실행 시작
[2022-11-25 16:07:13.369][I][AutoBaseFunction.py(wrapper):12] Parameter : 
[2022-11-25 16:07:13.370][I][AutoBaseFunction.py(wrapper):16] SubWindow.Menu_CreateExcel : new_excel_func 실행 종료
[2022-11-25 16:07:13.370][I][AutoBaseFunction.py(wrapper):11] SubWindow.Menu_CreateExcel : set_excel_func 실행 시작
[2022-11-25 16:07:13.370][I][AutoBaseFunction.py(wrapper):12] Parameter : 
[2022-11-25 16:07:13.370][I][AutoBaseFunction.py(wrapper):16] SubWindow.Menu_CreateExcel : set_excel_func 실행 종료
[2022-11-25 16:07:13.370][I][AutoBaseFunction.py(wrapper):16] SubWindow.Menu_CreateExcel : setupUI_CreateExcel 실행 종료
[2022-11-25 16:07:13.390][I][AutoBaseFunction.py(wrapper):16] __main__ : __ce_ui 실행 종료
[2022-11-25 16:07:19.601][I][AutoBaseFunction.py(wrapper):11] __main__ : closeEvent 실행 시작
[2022-11-25 16:07:19.601][I][AutoBaseFunction.py(wrapper):12] Parameter : <PyQt5.QtGui.QCloseEvent object at 0x0000025755C70798>
[2022-11-25 16:07:19.601][I][AutoBaseFunction.py(wrapper):16] __main__ : closeEvent 실행 종료
