[2022-11-28 10:59:56.448][D][LogManager.py(Init):10] LogManager Init function called !!!
[2022-11-28 10:59:56.567][I][AutoBaseFunction.py(wrapper):11] __main__ : setupUi 실행 시작
[2022-11-28 10:59:56.567][I][AutoBaseFunction.py(wrapper):12] Parameter : 
[2022-11-28 10:59:56.570][I][AutoBaseFunction.py(wrapper):11] __main__ : set_field_gridLayout 실행 시작
[2022-11-28 10:59:56.570][I][AutoBaseFunction.py(wrapper):12] Parameter : 
[2022-11-28 10:59:56.600][I][AutoBaseFunction.py(wrapper):16] __main__ : set_field_gridLayout 실행 종료
[2022-11-28 10:59:56.601][I][AutoBaseFunction.py(wrapper):11] __main__ : set_testList_hboxLayout 실행 시작
[2022-11-28 10:59:56.601][I][AutoBaseFunction.py(wrapper):12] Parameter : 
[2022-11-28 10:59:56.828][I][AutoBaseFunction.py(wrapper):16] __main__ : set_testList_hboxLayout 실행 종료
[2022-11-28 10:59:56.831][I][AutoBaseFunction.py(wrapper):16] __main__ : setupUi 실행 종료
[2022-11-28 10:59:58.134][I][AutoBaseFunction.py(wrapper):11] __main__ : show_setup_ExcelSetting 실행 시작
[2022-11-28 10:59:58.134][I][AutoBaseFunction.py(wrapper):12] Parameter : False
[2022-11-28 10:59:58.134][I][AutoBaseFunction.py(wrapper):11] SubWindow.Setup_ExcelSetting : setupUI_Excel_Setting 실행 시작
[2022-11-28 10:59:58.135][I][AutoBaseFunction.py(wrapper):12] Parameter : 
[2022-11-28 10:59:58.136][I][AutoBaseFunction.py(wrapper):11] SubWindow.Setup_ExcelSetting : tl_set_slot 실행 시작
[2022-11-28 10:59:58.137][I][AutoBaseFunction.py(wrapper):12] Parameter : 
[2022-11-28 10:59:58.137][I][AutoBaseFunction.py(wrapper):16] SubWindow.Setup_ExcelSetting : tl_set_slot 실행 종료
[2022-11-28 10:59:58.137][I][AutoBaseFunction.py(wrapper):11] SubWindow.Setup_ExcelSetting : tl_ini_set 실행 시작
[2022-11-28 10:59:58.137][I][AutoBaseFunction.py(wrapper):12] Parameter : 
[2022-11-28 10:59:58.137][I][AutoBaseFunction.py(wrapper):16] SubWindow.Setup_ExcelSetting : tl_ini_set 실행 종료
[2022-11-28 10:59:58.138][I][AutoBaseFunction.py(wrapper):16] SubWindow.Setup_ExcelSetting : setupUI_Excel_Setting 실행 종료
[2022-11-28 10:59:58.146][I][MainWindow.py(show_setup_ExcelSetting):325] 엑셀 설정 팝업 열림
[2022-11-28 10:59:58.146][I][AutoBaseFunction.py(wrapper):16] __main__ : show_setup_ExcelSetting 실행 종료
[2022-11-28 10:59:59.588][I][AutoBaseFunction.py(wrapper):11] SubWindow.Setup_ExcelSetting : ok_Button_clicked 실행 시작
[2022-11-28 10:59:59.588][I][AutoBaseFunction.py(wrapper):12] Parameter : False
[2022-11-28 10:59:59.588][I][Setup_ExcelSetting.py(ok_Button_clicked):126] 엑셀 설정 팝업 확인 버튼 선택
[2022-11-28 11:00:00.543][I][AutoBaseFunction.py(wrapper):16] SubWindow.Setup_ExcelSetting : ok_Button_clicked 실행 종료
[2022-11-28 11:00:05.388][I][AutoBaseFunction.py(wrapper):11] SubWindow.Setup_ExcelSetting : reset_Button_clicked 실행 시작
[2022-11-28 11:00:05.389][I][AutoBaseFunction.py(wrapper):12] Parameter : False
[2022-11-28 11:00:05.389][I][Setup_ExcelSetting.py(reset_Button_clicked):112] 엑셀 설정 팝업 확인 버튼 선택
[2022-11-28 11:00:06.216][I][Setup_ExcelSetting.py(reset_Button_clicked):117] 엑셀 설정 초기화 선택
[2022-11-28 11:00:06.217][I][AutoBaseFunction.py(wrapper):16] SubWindow.Setup_ExcelSetting : reset_Button_clicked 실행 종료
[2022-11-28 11:00:06.749][I][AutoBaseFunction.py(wrapper):11] SubWindow.Setup_ExcelSetting : ok_Button_clicked 실행 시작
[2022-11-28 11:00:06.749][I][AutoBaseFunction.py(wrapper):12] Parameter : False
[2022-11-28 11:00:06.749][I][Setup_ExcelSetting.py(ok_Button_clicked):126] 엑셀 설정 팝업 확인 버튼 선택
[2022-11-28 11:00:06.750][I][MainWindow.py(ts_emit):438] 엑셀 설정 팝업 닫힘으로 메인창 활성화
[2022-11-28 11:00:06.754][I][Setup_ExcelSetting.py(ok_Button_clicked):186] 1:평가 목록 팝업에 400 추가
[2022-11-28 11:00:06.756][I][Setup_ExcelSetting.py(ok_Button_clicked):186] 2:평가 목록 팝업에 155 추가
[2022-11-28 11:00:06.757][I][Setup_ExcelSetting.py(ok_Button_clicked):186] 3:평가 목록 팝업에 115 추가
[2022-11-28 11:00:06.759][I][Setup_ExcelSetting.py(ok_Button_clicked):186] 4:평가 목록 팝업에 50 추가
[2022-11-28 11:00:06.761][I][Setup_ExcelSetting.py(ok_Button_clicked):186] 5:평가 목록 팝업에 15 추가
[2022-11-28 11:00:06.763][I][AutoBaseFunction.py(wrapper):16] SubWindow.Setup_ExcelSetting : ok_Button_clicked 실행 종료
