[2022-11-28 11:14:54.635][D][LogManager.py(Init):10] LogManager Init function called !!!
[2022-11-28 11:14:54.754][I][AutoBaseFunction.py(wrapper):11] __main__ : setupUi 실행 시작
[2022-11-28 11:14:54.755][I][AutoBaseFunction.py(wrapper):12] Parameter : 
[2022-11-28 11:14:54.758][I][AutoBaseFunction.py(wrapper):11] __main__ : set_field_gridLayout 실행 시작
[2022-11-28 11:14:54.758][I][AutoBaseFunction.py(wrapper):12] Parameter : 
[2022-11-28 11:14:54.784][I][AutoBaseFunction.py(wrapper):16] __main__ : set_field_gridLayout 실행 종료
[2022-11-28 11:14:54.784][I][AutoBaseFunction.py(wrapper):11] __main__ : set_testList_hboxLayout 실행 시작
[2022-11-28 11:14:54.785][I][AutoBaseFunction.py(wrapper):12] Parameter : 
[2022-11-28 11:14:55.018][I][AutoBaseFunction.py(wrapper):16] __main__ : set_testList_hboxLayout 실행 종료
[2022-11-28 11:14:55.022][I][AutoBaseFunction.py(wrapper):16] __main__ : setupUi 실행 종료
[2022-11-28 11:14:58.286][I][AutoBaseFunction.py(wrapper):11] __main__ : __ce_ui 실행 시작
[2022-11-28 11:14:58.286][I][AutoBaseFunction.py(wrapper):12] Parameter : False
[2022-11-28 11:14:58.287][I][AutoBaseFunction.py(wrapper):11] __main__ : setupUi 실행 시작
[2022-11-28 11:14:58.288][I][AutoBaseFunction.py(wrapper):12] Parameter : 
[2022-11-28 11:14:58.289][I][AutoBaseFunction.py(wrapper):11] __main__ : set_field_gridLayout 실행 시작
[2022-11-28 11:14:58.289][I][AutoBaseFunction.py(wrapper):12] Parameter : 
[2022-11-28 11:14:58.290][I][AutoBaseFunction.py(wrapper):16] __main__ : set_field_gridLayout 실행 종료
[2022-11-28 11:14:58.291][I][AutoBaseFunction.py(wrapper):11] __main__ : set_testList_hboxLayout 실행 시작
[2022-11-28 11:14:58.291][I][AutoBaseFunction.py(wrapper):12] Parameter : 
[2022-11-28 11:14:58.292][I][AutoBaseFunction.py(wrapper):16] __main__ : set_testList_hboxLayout 실행 종료
[2022-11-28 11:14:58.294][I][AutoBaseFunction.py(wrapper):16] __main__ : setupUi 실행 종료
[2022-11-28 11:14:58.294][I][AutoBaseFunction.py(wrapper):11] SubWindow.Menu_CreateExcel : setupUI_CreateExcel 실행 시작
[2022-11-28 11:14:58.294][I][AutoBaseFunction.py(wrapper):12] Parameter : 
[2022-11-28 11:14:58.295][I][AutoBaseFunction.py(wrapper):11] SubWindow.Menu_CreateExcel : new_excel_func 실행 시작
[2022-11-28 11:14:58.295][I][AutoBaseFunction.py(wrapper):12] Parameter : 
[2022-11-28 11:14:58.295][I][AutoBaseFunction.py(wrapper):16] SubWindow.Menu_CreateExcel : new_excel_func 실행 종료
[2022-11-28 11:14:58.295][I][AutoBaseFunction.py(wrapper):11] SubWindow.Menu_CreateExcel : set_excel_func 실행 시작
[2022-11-28 11:14:58.295][I][AutoBaseFunction.py(wrapper):12] Parameter : 
[2022-11-28 11:14:58.296][I][AutoBaseFunction.py(wrapper):16] SubWindow.Menu_CreateExcel : set_excel_func 실행 종료
[2022-11-28 11:14:58.296][I][AutoBaseFunction.py(wrapper):16] SubWindow.Menu_CreateExcel : setupUI_CreateExcel 실행 종료
[2022-11-28 11:14:58.316][I][AutoBaseFunction.py(wrapper):16] __main__ : __ce_ui 실행 종료
[2022-11-28 11:15:00.044][I][AutoBaseFunction.py(wrapper):11] SubWindow.Menu_CreateExcel : folder_toolButton_clicked 실행 시작
[2022-11-28 11:15:00.044][I][AutoBaseFunction.py(wrapper):12] Parameter : <PyQt5.QtWidgets.QLineEdit object at 0x0000025424D9EB00>, False
[2022-11-28 11:15:04.064][I][AutoBaseFunction.py(wrapper):16] SubWindow.Menu_CreateExcel : folder_toolButton_clicked 실행 종료
[2022-11-28 11:15:05.107][I][AutoBaseFunction.py(wrapper):11] SubWindow.Menu_CreateExcel : func_check_run 실행 시작
[2022-11-28 11:15:05.108][I][AutoBaseFunction.py(wrapper):12] Parameter : False
[2022-11-28 11:15:06.143][E][AutoBaseFunction.py(wrapper):19] Traceback (most recent call last):
  File "d:\Skillup\2022_skillup\Helper\AutoBaseFunction.py", line 15, in wrapper
    func(self, *args)
  File "d:\Skillup\2022_skillup\SubWindow\Menu_CreateExcel.py", line 288, in func_check_run
    excelRun(self.new_excel_path, lang_choice_list, True)
  File "d:\Skillup\2022_skillup\SubWindow\excel_control.py", line 52, in __init__
    self.exModuls = excelModul(save_path = save_path, lang_List = lang_List, new_set_difference = new_set_difference, wb= wb)
                    ^^^^^^^^^^^^^^^^^^^^^^^^^^^^^^^^^^^^^^^^^^^^^^^^^^^^^^^^^^^^^^^^^^^^^^^^^^^^^^^^^^^^^^^^^^^^^^^^^^^^^^^^^
  File "d:\Skillup\2022_skillup\SubWindow\excel_control.py", line 105, in __init__
    self.excel_setup()
  File "d:\Skillup\2022_skillup\SubWindow\excel_control.py", line 169, in excel_setup
    self.IMG_WIDTHSIZE = int(excel_setList[0]) # 이미지 가로 크기
                             ~~~~~~~~~~~~~^^^
IndexError: list index out of range

