[2022-11-28 16:22:45.232][D][LogManager.py(Init):10] LogManager Init function called !!!
[2022-11-28 16:22:45.358][I][AutoBaseFunction.py(wrapper):11] __main__ : setupUi 실행 시작
[2022-11-28 16:22:45.358][I][AutoBaseFunction.py(wrapper):12] Parameter : 
[2022-11-28 16:22:45.362][I][AutoBaseFunction.py(wrapper):11] __main__ : set_field_gridLayout 실행 시작
[2022-11-28 16:22:45.362][I][AutoBaseFunction.py(wrapper):12] Parameter : 
[2022-11-28 16:22:45.389][I][AutoBaseFunction.py(wrapper):16] __main__ : set_field_gridLayout 실행 종료
[2022-11-28 16:22:45.390][I][AutoBaseFunction.py(wrapper):11] __main__ : set_testList_hboxLayout 실행 시작
[2022-11-28 16:22:45.391][I][AutoBaseFunction.py(wrapper):12] Parameter : 
[2022-11-28 16:22:45.629][I][AutoBaseFunction.py(wrapper):16] __main__ : set_testList_hboxLayout 실행 종료
[2022-11-28 16:22:45.633][I][AutoBaseFunction.py(wrapper):16] __main__ : setupUi 실행 종료
[2022-11-28 16:22:47.662][I][AutoBaseFunction.py(wrapper):11] __main__ : __ce_ui 실행 시작
[2022-11-28 16:22:47.662][I][AutoBaseFunction.py(wrapper):12] Parameter : False
[2022-11-28 16:22:47.664][I][AutoBaseFunction.py(wrapper):11] __main__ : setupUi 실행 시작
[2022-11-28 16:22:47.664][I][AutoBaseFunction.py(wrapper):12] Parameter : 
[2022-11-28 16:22:47.665][I][AutoBaseFunction.py(wrapper):11] __main__ : set_field_gridLayout 실행 시작
[2022-11-28 16:22:47.665][I][AutoBaseFunction.py(wrapper):12] Parameter : 
[2022-11-28 16:22:47.665][I][AutoBaseFunction.py(wrapper):16] __main__ : set_field_gridLayout 실행 종료
[2022-11-28 16:22:47.666][I][AutoBaseFunction.py(wrapper):11] __main__ : set_testList_hboxLayout 실행 시작
[2022-11-28 16:22:47.666][I][AutoBaseFunction.py(wrapper):12] Parameter : 
[2022-11-28 16:22:47.667][I][AutoBaseFunction.py(wrapper):16] __main__ : set_testList_hboxLayout 실행 종료
[2022-11-28 16:22:47.669][I][AutoBaseFunction.py(wrapper):16] __main__ : setupUi 실행 종료
[2022-11-28 16:22:47.669][I][AutoBaseFunction.py(wrapper):11] SubWindow.Menu_CreateExcel : setupUI_CreateExcel 실행 시작
[2022-11-28 16:22:47.669][I][AutoBaseFunction.py(wrapper):12] Parameter : 
[2022-11-28 16:22:47.670][I][AutoBaseFunction.py(wrapper):11] SubWindow.Menu_CreateExcel : new_excel_func 실행 시작
[2022-11-28 16:22:47.670][I][AutoBaseFunction.py(wrapper):12] Parameter : 
[2022-11-28 16:22:47.670][I][AutoBaseFunction.py(wrapper):16] SubWindow.Menu_CreateExcel : new_excel_func 실행 종료
[2022-11-28 16:22:47.670][I][AutoBaseFunction.py(wrapper):11] SubWindow.Menu_CreateExcel : set_excel_func 실행 시작
[2022-11-28 16:22:47.671][I][AutoBaseFunction.py(wrapper):12] Parameter : 
[2022-11-28 16:22:47.671][I][AutoBaseFunction.py(wrapper):16] SubWindow.Menu_CreateExcel : set_excel_func 실행 종료
[2022-11-28 16:22:47.671][I][AutoBaseFunction.py(wrapper):16] SubWindow.Menu_CreateExcel : setupUI_CreateExcel 실행 종료
[2022-11-28 16:22:47.687][I][AutoBaseFunction.py(wrapper):16] __main__ : __ce_ui 실행 종료
[2022-11-28 16:22:50.037][I][AutoBaseFunction.py(wrapper):11] SubWindow.Menu_CreateExcel : folder_toolButton_clicked 실행 시작
[2022-11-28 16:22:50.037][I][AutoBaseFunction.py(wrapper):12] Parameter : <PyQt5.QtWidgets.QLineEdit object at 0x000001F42ED72B90>, False
[2022-11-28 16:22:51.962][I][AutoBaseFunction.py(wrapper):16] SubWindow.Menu_CreateExcel : folder_toolButton_clicked 실행 종료
[2022-11-28 16:22:53.004][I][AutoBaseFunction.py(wrapper):11] SubWindow.Menu_CreateExcel : func_check_run 실행 시작
[2022-11-28 16:22:53.004][I][AutoBaseFunction.py(wrapper):12] Parameter : False
