[2022-11-29 10:20:53.752][D][LogManager.py(Init):10] LogManager Init function called !!!
[2022-11-29 10:20:53.872][I][AutoBaseFunction.py(wrapper):11] __main__ : setupUi 실행 시작
[2022-11-29 10:20:53.872][I][AutoBaseFunction.py(wrapper):12] Parameter : 
[2022-11-29 10:20:53.875][I][AutoBaseFunction.py(wrapper):11] __main__ : set_field_gridLayout 실행 시작
[2022-11-29 10:20:53.875][I][AutoBaseFunction.py(wrapper):12] Parameter : 
[2022-11-29 10:20:53.929][I][AutoBaseFunction.py(wrapper):16] __main__ : set_field_gridLayout 실행 종료
[2022-11-29 10:20:53.930][I][AutoBaseFunction.py(wrapper):11] __main__ : set_testList_hboxLayout 실행 시작
[2022-11-29 10:20:53.930][I][AutoBaseFunction.py(wrapper):12] Parameter : 
[2022-11-29 10:20:54.161][I][AutoBaseFunction.py(wrapper):16] __main__ : set_testList_hboxLayout 실행 종료
[2022-11-29 10:20:54.164][I][AutoBaseFunction.py(wrapper):16] __main__ : setupUi 실행 종료
[2022-11-29 10:20:56.331][I][AutoBaseFunction.py(wrapper):11] __main__ : show_setup_ExcelSetting 실행 시작
[2022-11-29 10:20:56.331][I][AutoBaseFunction.py(wrapper):12] Parameter : False
[2022-11-29 10:20:56.331][I][AutoBaseFunction.py(wrapper):11] SubWindow.Setup_ExcelSetting : setupUI_Excel_Setting 실행 시작
[2022-11-29 10:20:56.332][I][AutoBaseFunction.py(wrapper):12] Parameter : 
[2022-11-29 10:20:56.333][I][AutoBaseFunction.py(wrapper):11] SubWindow.Setup_ExcelSetting : tl_set_slot 실행 시작
[2022-11-29 10:20:56.333][I][AutoBaseFunction.py(wrapper):12] Parameter : 
[2022-11-29 10:20:56.334][I][AutoBaseFunction.py(wrapper):16] SubWindow.Setup_ExcelSetting : tl_set_slot 실행 종료
[2022-11-29 10:20:56.334][I][AutoBaseFunction.py(wrapper):11] SubWindow.Setup_ExcelSetting : tl_ini_set 실행 시작
[2022-11-29 10:20:56.334][I][AutoBaseFunction.py(wrapper):12] Parameter : 
[2022-11-29 10:20:56.334][I][AutoBaseFunction.py(wrapper):16] SubWindow.Setup_ExcelSetting : tl_ini_set 실행 종료
[2022-11-29 10:20:56.334][I][AutoBaseFunction.py(wrapper):16] SubWindow.Setup_ExcelSetting : setupUI_Excel_Setting 실행 종료
[2022-11-29 10:20:56.342][I][MainWindow.py(show_setup_ExcelSetting):325] 엑셀 설정 팝업 열림
[2022-11-29 10:20:56.342][I][AutoBaseFunction.py(wrapper):16] __main__ : show_setup_ExcelSetting 실행 종료
[2022-11-29 10:21:00.586][I][AutoBaseFunction.py(wrapper):11] SubWindow.Setup_ExcelSetting : keyPressEvent 실행 시작
[2022-11-29 10:21:00.586][I][AutoBaseFunction.py(wrapper):12] Parameter : <PyQt5.QtGui.QKeyEvent object at 0x000001AE382871F8>
[2022-11-29 10:21:00.586][I][AutoBaseFunction.py(wrapper):11] SubWindow.Setup_ExcelSetting : ok_Button_clicked 실행 시작
[2022-11-29 10:21:00.586][I][AutoBaseFunction.py(wrapper):12] Parameter : None
[2022-11-29 10:21:00.586][I][Setup_ExcelSetting.py(ok_Button_clicked):102] 엑셀 설정 팝업 확인 버튼 선택
[2022-11-29 10:21:01.837][I][AutoBaseFunction.py(wrapper):16] SubWindow.Setup_ExcelSetting : ok_Button_clicked 실행 종료
[2022-11-29 10:21:01.837][I][AutoBaseFunction.py(wrapper):16] SubWindow.Setup_ExcelSetting : keyPressEvent 실행 종료
[2022-11-29 10:21:02.458][I][AutoBaseFunction.py(wrapper):11] SubWindow.Setup_ExcelSetting : keyPressEvent 실행 시작
[2022-11-29 10:21:02.458][I][AutoBaseFunction.py(wrapper):12] Parameter : <PyQt5.QtGui.QKeyEvent object at 0x000001AE382871F8>
[2022-11-29 10:21:02.458][I][AutoBaseFunction.py(wrapper):11] SubWindow.Setup_ExcelSetting : ok_Button_clicked 실행 시작
[2022-11-29 10:21:02.458][I][AutoBaseFunction.py(wrapper):12] Parameter : None
[2022-11-29 10:21:02.458][I][Setup_ExcelSetting.py(ok_Button_clicked):102] 엑셀 설정 팝업 확인 버튼 선택
[2022-11-29 10:21:03.037][I][AutoBaseFunction.py(wrapper):16] SubWindow.Setup_ExcelSetting : ok_Button_clicked 실행 종료
[2022-11-29 10:21:03.037][I][AutoBaseFunction.py(wrapper):16] SubWindow.Setup_ExcelSetting : keyPressEvent 실행 종료
