[2022-11-25 16:04:12.782][D][LogManager.py(Init):10] LogManager Init function called !!!
[2022-11-25 16:04:12.896][I][AutoBaseFunction.py(wrapper):11] __main__ : setupUi 실행 시작
[2022-11-25 16:04:12.897][I][AutoBaseFunction.py(wrapper):12] Parameter : 
[2022-11-25 16:04:12.900][I][AutoBaseFunction.py(wrapper):11] __main__ : set_field_gridLayout 실행 시작
[2022-11-25 16:04:12.900][I][AutoBaseFunction.py(wrapper):12] Parameter : 
[2022-11-25 16:04:12.923][I][AutoBaseFunction.py(wrapper):16] __main__ : set_field_gridLayout 실행 종료
[2022-11-25 16:04:12.924][I][AutoBaseFunction.py(wrapper):11] __main__ : set_testList_hboxLayout 실행 시작
[2022-11-25 16:04:12.925][I][AutoBaseFunction.py(wrapper):12] Parameter : 
[2022-11-25 16:04:13.160][I][AutoBaseFunction.py(wrapper):16] __main__ : set_testList_hboxLayout 실행 종료
[2022-11-25 16:04:13.164][I][AutoBaseFunction.py(wrapper):16] __main__ : setupUi 실행 종료
[2022-11-25 16:04:14.637][I][AutoBaseFunction.py(wrapper):11] __main__ : __ce_ui 실행 시작
[2022-11-25 16:04:14.637][I][AutoBaseFunction.py(wrapper):12] Parameter : False
[2022-11-25 16:04:14.638][I][AutoBaseFunction.py(wrapper):11] __main__ : setupUi 실행 시작
[2022-11-25 16:04:14.638][I][AutoBaseFunction.py(wrapper):12] Parameter : 
[2022-11-25 16:04:14.640][I][AutoBaseFunction.py(wrapper):11] __main__ : set_field_gridLayout 실행 시작
[2022-11-25 16:04:14.640][I][AutoBaseFunction.py(wrapper):12] Parameter : 
[2022-11-25 16:04:14.640][I][AutoBaseFunction.py(wrapper):16] __main__ : set_field_gridLayout 실행 종료
[2022-11-25 16:04:14.641][I][AutoBaseFunction.py(wrapper):11] __main__ : set_testList_hboxLayout 실행 시작
[2022-11-25 16:04:14.641][I][AutoBaseFunction.py(wrapper):12] Parameter : 
[2022-11-25 16:04:14.642][I][AutoBaseFunction.py(wrapper):16] __main__ : set_testList_hboxLayout 실행 종료
[2022-11-25 16:04:14.644][I][AutoBaseFunction.py(wrapper):16] __main__ : setupUi 실행 종료
[2022-11-25 16:04:14.644][I][AutoBaseFunction.py(wrapper):11] SubWindow.Menu_CreateExcel : setupUI_CreateExcel 실행 시작
[2022-11-25 16:04:14.644][I][AutoBaseFunction.py(wrapper):12] Parameter : 
[2022-11-25 16:04:14.645][I][AutoBaseFunction.py(wrapper):11] SubWindow.Menu_CreateExcel : new_excel_func 실행 시작
[2022-11-25 16:04:14.645][I][AutoBaseFunction.py(wrapper):12] Parameter : 
[2022-11-25 16:04:14.645][I][AutoBaseFunction.py(wrapper):16] SubWindow.Menu_CreateExcel : new_excel_func 실행 종료
[2022-11-25 16:04:14.645][I][AutoBaseFunction.py(wrapper):11] SubWindow.Menu_CreateExcel : set_excel_func 실행 시작
[2022-11-25 16:04:14.645][I][AutoBaseFunction.py(wrapper):12] Parameter : 
[2022-11-25 16:04:14.646][I][AutoBaseFunction.py(wrapper):16] SubWindow.Menu_CreateExcel : set_excel_func 실행 종료
[2022-11-25 16:04:14.646][I][AutoBaseFunction.py(wrapper):16] SubWindow.Menu_CreateExcel : setupUI_CreateExcel 실행 종료
[2022-11-25 16:04:14.667][I][AutoBaseFunction.py(wrapper):16] __main__ : __ce_ui 실행 종료
