[2022-11-29 10:53:48.070][D][LogManager.py(Init):10] LogManager Init function called !!!
[2022-11-29 10:53:48.232][I][AutoBaseFunction.py(wrapper):11] __main__ : setupUi 실행 시작
[2022-11-29 10:53:48.232][I][AutoBaseFunction.py(wrapper):12] Parameter : 
[2022-11-29 10:53:48.236][I][AutoBaseFunction.py(wrapper):11] __main__ : set_field_gridLayout 실행 시작
[2022-11-29 10:53:48.237][I][AutoBaseFunction.py(wrapper):12] Parameter : 
[2022-11-29 10:53:48.286][I][AutoBaseFunction.py(wrapper):16] __main__ : set_field_gridLayout 실행 종료
[2022-11-29 10:53:48.287][I][AutoBaseFunction.py(wrapper):11] __main__ : set_testList_hboxLayout 실행 시작
[2022-11-29 10:53:48.287][I][AutoBaseFunction.py(wrapper):12] Parameter : 
[2022-11-29 10:53:48.526][I][AutoBaseFunction.py(wrapper):16] __main__ : set_testList_hboxLayout 실행 종료
[2022-11-29 10:53:48.529][I][AutoBaseFunction.py(wrapper):16] __main__ : setupUi 실행 종료
[2022-11-29 10:53:59.699][I][AutoBaseFunction.py(wrapper):11] __main__ : __ce_ui 실행 시작
[2022-11-29 10:53:59.699][I][AutoBaseFunction.py(wrapper):12] Parameter : False
[2022-11-29 10:53:59.700][I][AutoBaseFunction.py(wrapper):11] __main__ : setupUi 실행 시작
[2022-11-29 10:53:59.701][I][AutoBaseFunction.py(wrapper):12] Parameter : 
[2022-11-29 10:53:59.702][I][AutoBaseFunction.py(wrapper):11] __main__ : set_field_gridLayout 실행 시작
[2022-11-29 10:53:59.702][I][AutoBaseFunction.py(wrapper):12] Parameter : 
[2022-11-29 10:53:59.703][I][AutoBaseFunction.py(wrapper):16] __main__ : set_field_gridLayout 실행 종료
[2022-11-29 10:53:59.703][I][AutoBaseFunction.py(wrapper):11] __main__ : set_testList_hboxLayout 실행 시작
[2022-11-29 10:53:59.704][I][AutoBaseFunction.py(wrapper):12] Parameter : 
[2022-11-29 10:53:59.705][I][AutoBaseFunction.py(wrapper):16] __main__ : set_testList_hboxLayout 실행 종료
[2022-11-29 10:53:59.707][I][AutoBaseFunction.py(wrapper):16] __main__ : setupUi 실행 종료
[2022-11-29 10:53:59.707][I][AutoBaseFunction.py(wrapper):11] SubWindow.Menu_CreateExcel : setupUI_CreateExcel 실행 시작
[2022-11-29 10:53:59.707][I][AutoBaseFunction.py(wrapper):12] Parameter : 
[2022-11-29 10:53:59.708][I][AutoBaseFunction.py(wrapper):11] SubWindow.Menu_CreateExcel : new_excel_func 실행 시작
[2022-11-29 10:53:59.708][I][AutoBaseFunction.py(wrapper):12] Parameter : 
[2022-11-29 10:53:59.708][I][AutoBaseFunction.py(wrapper):16] SubWindow.Menu_CreateExcel : new_excel_func 실행 종료
[2022-11-29 10:53:59.709][I][AutoBaseFunction.py(wrapper):11] SubWindow.Menu_CreateExcel : set_excel_func 실행 시작
[2022-11-29 10:53:59.709][I][AutoBaseFunction.py(wrapper):12] Parameter : 
[2022-11-29 10:53:59.709][I][AutoBaseFunction.py(wrapper):16] SubWindow.Menu_CreateExcel : set_excel_func 실행 종료
[2022-11-29 10:53:59.709][I][AutoBaseFunction.py(wrapper):16] SubWindow.Menu_CreateExcel : setupUI_CreateExcel 실행 종료
[2022-11-29 10:53:59.733][I][AutoBaseFunction.py(wrapper):16] __main__ : __ce_ui 실행 종료
[2022-11-29 10:54:01.451][I][AutoBaseFunction.py(wrapper):11] SubWindow.Menu_CreateExcel : folder_toolButton_clicked 실행 시작
[2022-11-29 10:54:01.451][I][AutoBaseFunction.py(wrapper):12] Parameter : <PyQt5.QtWidgets.QLineEdit object at 0x00000127BB69EC20>, False
[2022-11-29 10:54:04.356][I][AutoBaseFunction.py(wrapper):16] SubWindow.Menu_CreateExcel : folder_toolButton_clicked 실행 종료
[2022-11-29 10:54:05.833][I][AutoBaseFunction.py(wrapper):11] SubWindow.Menu_CreateExcel : func_check_run 실행 시작
[2022-11-29 10:54:05.833][I][AutoBaseFunction.py(wrapper):12] Parameter : False
