[2022-11-29 10:25:23.874][D][LogManager.py(Init):10] LogManager Init function called !!!
[2022-11-29 10:25:23.997][I][AutoBaseFunction.py(wrapper):11] __main__ : setupUi 실행 시작
[2022-11-29 10:25:23.997][I][AutoBaseFunction.py(wrapper):12] Parameter : 
[2022-11-29 10:25:24.000][I][AutoBaseFunction.py(wrapper):11] __main__ : set_field_gridLayout 실행 시작
[2022-11-29 10:25:24.000][I][AutoBaseFunction.py(wrapper):12] Parameter : 
[2022-11-29 10:25:24.027][I][AutoBaseFunction.py(wrapper):16] __main__ : set_field_gridLayout 실행 종료
[2022-11-29 10:25:24.028][I][AutoBaseFunction.py(wrapper):11] __main__ : set_testList_hboxLayout 실행 시작
[2022-11-29 10:25:24.028][I][AutoBaseFunction.py(wrapper):12] Parameter : 
[2022-11-29 10:25:24.254][I][AutoBaseFunction.py(wrapper):16] __main__ : set_testList_hboxLayout 실행 종료
[2022-11-29 10:25:24.258][I][AutoBaseFunction.py(wrapper):16] __main__ : setupUi 실행 종료
[2022-11-29 10:25:25.760][I][AutoBaseFunction.py(wrapper):11] __main__ : __ce_ui 실행 시작
[2022-11-29 10:25:25.760][I][AutoBaseFunction.py(wrapper):12] Parameter : False
[2022-11-29 10:25:25.761][I][AutoBaseFunction.py(wrapper):11] __main__ : setupUi 실행 시작
[2022-11-29 10:25:25.761][I][AutoBaseFunction.py(wrapper):12] Parameter : 
[2022-11-29 10:25:25.763][I][AutoBaseFunction.py(wrapper):11] __main__ : set_field_gridLayout 실행 시작
[2022-11-29 10:25:25.763][I][AutoBaseFunction.py(wrapper):12] Parameter : 
[2022-11-29 10:25:25.763][I][AutoBaseFunction.py(wrapper):16] __main__ : set_field_gridLayout 실행 종료
[2022-11-29 10:25:25.764][I][AutoBaseFunction.py(wrapper):11] __main__ : set_testList_hboxLayout 실행 시작
[2022-11-29 10:25:25.764][I][AutoBaseFunction.py(wrapper):12] Parameter : 
[2022-11-29 10:25:25.765][I][AutoBaseFunction.py(wrapper):16] __main__ : set_testList_hboxLayout 실행 종료
[2022-11-29 10:25:25.768][I][AutoBaseFunction.py(wrapper):16] __main__ : setupUi 실행 종료
[2022-11-29 10:25:25.768][I][AutoBaseFunction.py(wrapper):11] SubWindow.Menu_CreateExcel : setupUI_CreateExcel 실행 시작
[2022-11-29 10:25:25.768][I][AutoBaseFunction.py(wrapper):12] Parameter : 
[2022-11-29 10:25:25.768][I][AutoBaseFunction.py(wrapper):11] SubWindow.Menu_CreateExcel : new_excel_func 실행 시작
[2022-11-29 10:25:25.769][I][AutoBaseFunction.py(wrapper):12] Parameter : 
[2022-11-29 10:25:25.769][I][AutoBaseFunction.py(wrapper):16] SubWindow.Menu_CreateExcel : new_excel_func 실행 종료
[2022-11-29 10:25:25.769][I][AutoBaseFunction.py(wrapper):11] SubWindow.Menu_CreateExcel : set_excel_func 실행 시작
[2022-11-29 10:25:25.769][I][AutoBaseFunction.py(wrapper):12] Parameter : 
[2022-11-29 10:25:25.770][I][AutoBaseFunction.py(wrapper):16] SubWindow.Menu_CreateExcel : set_excel_func 실행 종료
[2022-11-29 10:25:25.770][I][AutoBaseFunction.py(wrapper):16] SubWindow.Menu_CreateExcel : setupUI_CreateExcel 실행 종료
[2022-11-29 10:25:25.787][I][AutoBaseFunction.py(wrapper):16] __main__ : __ce_ui 실행 종료
[2022-11-29 10:25:27.711][I][AutoBaseFunction.py(wrapper):11] SubWindow.Menu_CreateExcel : func_cencel 실행 시작
[2022-11-29 10:25:27.712][I][AutoBaseFunction.py(wrapper):12] Parameter : False
[2022-11-29 10:25:27.717][I][AutoBaseFunction.py(wrapper):16] SubWindow.Menu_CreateExcel : func_cencel 실행 종료
[2022-11-29 10:25:29.465][I][AutoBaseFunction.py(wrapper):11] __main__ : show_setup_ExcelSetting 실행 시작
[2022-11-29 10:25:29.466][I][AutoBaseFunction.py(wrapper):12] Parameter : False
[2022-11-29 10:25:29.466][I][AutoBaseFunction.py(wrapper):11] SubWindow.Setup_ExcelSetting : setupUI_Excel_Setting 실행 시작
[2022-11-29 10:25:29.466][I][AutoBaseFunction.py(wrapper):12] Parameter : 
[2022-11-29 10:25:29.468][I][AutoBaseFunction.py(wrapper):11] SubWindow.Setup_ExcelSetting : tl_set_slot 실행 시작
[2022-11-29 10:25:29.468][I][AutoBaseFunction.py(wrapper):12] Parameter : 
[2022-11-29 10:25:29.468][I][AutoBaseFunction.py(wrapper):16] SubWindow.Setup_ExcelSetting : tl_set_slot 실행 종료
[2022-11-29 10:25:29.468][I][AutoBaseFunction.py(wrapper):11] SubWindow.Setup_ExcelSetting : tl_ini_set 실행 시작
[2022-11-29 10:25:29.468][I][AutoBaseFunction.py(wrapper):12] Parameter : 
[2022-11-29 10:25:29.468][I][AutoBaseFunction.py(wrapper):16] SubWindow.Setup_ExcelSetting : tl_ini_set 실행 종료
[2022-11-29 10:25:29.469][I][AutoBaseFunction.py(wrapper):16] SubWindow.Setup_ExcelSetting : setupUI_Excel_Setting 실행 종료
[2022-11-29 10:25:29.479][I][MainWindow.py(show_setup_ExcelSetting):325] 엑셀 설정 팝업 열림
[2022-11-29 10:25:29.479][I][AutoBaseFunction.py(wrapper):16] __main__ : show_setup_ExcelSetting 실행 종료
[2022-11-29 10:25:33.672][I][AutoBaseFunction.py(wrapper):11] SubWindow.Setup_ExcelSetting : keyPressEvent 실행 시작
[2022-11-29 10:25:33.672][I][AutoBaseFunction.py(wrapper):12] Parameter : <PyQt5.QtGui.QKeyEvent object at 0x0000025BF885AE58>
[2022-11-29 10:25:33.672][I][AutoBaseFunction.py(wrapper):11] SubWindow.Setup_ExcelSetting : ok_Button_clicked 실행 시작
[2022-11-29 10:25:33.673][I][AutoBaseFunction.py(wrapper):12] Parameter : None
[2022-11-29 10:25:33.673][I][Setup_ExcelSetting.py(ok_Button_clicked):102] 엑셀 설정 팝업 확인 버튼 선택
[2022-11-29 10:25:33.674][I][Setup_ExcelSetting.py(ok_Button_clicked):146] 1:평가 목록 팝업에 400 추가
[2022-11-29 10:25:33.676][I][Setup_ExcelSetting.py(ok_Button_clicked):146] 2:평가 목록 팝업에 400 추가
[2022-11-29 10:25:33.679][I][Setup_ExcelSetting.py(ok_Button_clicked):146] 3:평가 목록 팝업에 0 추가
[2022-11-29 10:25:33.681][I][Setup_ExcelSetting.py(ok_Button_clicked):146] 4:평가 목록 팝업에 50 추가
[2022-11-29 10:25:33.683][I][Setup_ExcelSetting.py(ok_Button_clicked):146] 5:평가 목록 팝업에 15 추가
[2022-11-29 10:25:33.684][I][MainWindow.py(ts_emit):427] 엑셀 설정 팝업 닫힘으로 메인창 활성화
[2022-11-29 10:25:33.691][I][AutoBaseFunction.py(wrapper):16] SubWindow.Setup_ExcelSetting : ok_Button_clicked 실행 종료
[2022-11-29 10:25:33.691][I][AutoBaseFunction.py(wrapper):16] SubWindow.Setup_ExcelSetting : keyPressEvent 실행 종료
[2022-11-29 10:25:36.305][I][AutoBaseFunction.py(wrapper):11] __main__ : __ce_ui 실행 시작
[2022-11-29 10:25:36.305][I][AutoBaseFunction.py(wrapper):12] Parameter : False
[2022-11-29 10:25:36.306][I][AutoBaseFunction.py(wrapper):11] __main__ : setupUi 실행 시작
[2022-11-29 10:25:36.306][I][AutoBaseFunction.py(wrapper):12] Parameter : 
[2022-11-29 10:25:36.307][I][AutoBaseFunction.py(wrapper):11] __main__ : set_field_gridLayout 실행 시작
[2022-11-29 10:25:36.307][I][AutoBaseFunction.py(wrapper):12] Parameter : 
[2022-11-29 10:25:36.308][I][AutoBaseFunction.py(wrapper):16] __main__ : set_field_gridLayout 실행 종료
[2022-11-29 10:25:36.309][I][AutoBaseFunction.py(wrapper):11] __main__ : set_testList_hboxLayout 실행 시작
[2022-11-29 10:25:36.309][I][AutoBaseFunction.py(wrapper):12] Parameter : 
[2022-11-29 10:25:36.310][I][AutoBaseFunction.py(wrapper):16] __main__ : set_testList_hboxLayout 실행 종료
[2022-11-29 10:25:36.313][I][AutoBaseFunction.py(wrapper):16] __main__ : setupUi 실행 종료
[2022-11-29 10:25:36.313][I][AutoBaseFunction.py(wrapper):11] SubWindow.Menu_CreateExcel : setupUI_CreateExcel 실행 시작
[2022-11-29 10:25:36.313][I][AutoBaseFunction.py(wrapper):12] Parameter : 
[2022-11-29 10:25:36.313][I][AutoBaseFunction.py(wrapper):11] SubWindow.Menu_CreateExcel : new_excel_func 실행 시작
[2022-11-29 10:25:36.314][I][AutoBaseFunction.py(wrapper):12] Parameter : 
[2022-11-29 10:25:36.314][I][AutoBaseFunction.py(wrapper):16] SubWindow.Menu_CreateExcel : new_excel_func 실행 종료
[2022-11-29 10:25:36.314][I][AutoBaseFunction.py(wrapper):11] SubWindow.Menu_CreateExcel : set_excel_func 실행 시작
[2022-11-29 10:25:36.314][I][AutoBaseFunction.py(wrapper):12] Parameter : 
[2022-11-29 10:25:36.314][I][AutoBaseFunction.py(wrapper):16] SubWindow.Menu_CreateExcel : set_excel_func 실행 종료
[2022-11-29 10:25:36.315][I][AutoBaseFunction.py(wrapper):16] SubWindow.Menu_CreateExcel : setupUI_CreateExcel 실행 종료
[2022-11-29 10:25:36.328][I][AutoBaseFunction.py(wrapper):16] __main__ : __ce_ui 실행 종료
[2022-11-29 10:25:37.624][I][AutoBaseFunction.py(wrapper):11] SubWindow.Menu_CreateExcel : folder_toolButton_clicked 실행 시작
[2022-11-29 10:25:37.624][I][AutoBaseFunction.py(wrapper):12] Parameter : <PyQt5.QtWidgets.QLineEdit object at 0x0000025BF886AC18>, False
[2022-11-29 10:25:38.618][I][AutoBaseFunction.py(wrapper):16] SubWindow.Menu_CreateExcel : folder_toolButton_clicked 실행 종료
[2022-11-29 10:25:39.271][I][AutoBaseFunction.py(wrapper):11] SubWindow.Menu_CreateExcel : func_check_run 실행 시작
[2022-11-29 10:25:39.271][I][AutoBaseFunction.py(wrapper):12] Parameter : False
[2022-11-29 10:25:55.816][I][AutoBaseFunction.py(wrapper):11] __main__ : closeEvent 실행 시작
[2022-11-29 10:25:55.816][I][AutoBaseFunction.py(wrapper):12] Parameter : <PyQt5.QtGui.QCloseEvent object at 0x0000025BFD6EB0D8>
[2022-11-29 10:25:55.816][I][AutoBaseFunction.py(wrapper):16] __main__ : closeEvent 실행 종료
