[2022-11-28 16:23:32.049][D][LogManager.py(Init):10] LogManager Init function called !!!
[2022-11-28 16:23:32.167][I][AutoBaseFunction.py(wrapper):11] __main__ : setupUi 실행 시작
[2022-11-28 16:23:32.168][I][AutoBaseFunction.py(wrapper):12] Parameter : 
[2022-11-28 16:23:32.172][I][AutoBaseFunction.py(wrapper):11] __main__ : set_field_gridLayout 실행 시작
[2022-11-28 16:23:32.172][I][AutoBaseFunction.py(wrapper):12] Parameter : 
[2022-11-28 16:23:32.196][I][AutoBaseFunction.py(wrapper):16] __main__ : set_field_gridLayout 실행 종료
[2022-11-28 16:23:32.197][I][AutoBaseFunction.py(wrapper):11] __main__ : set_testList_hboxLayout 실행 시작
[2022-11-28 16:23:32.197][I][AutoBaseFunction.py(wrapper):12] Parameter : 
[2022-11-28 16:23:32.458][I][AutoBaseFunction.py(wrapper):16] __main__ : set_testList_hboxLayout 실행 종료
[2022-11-28 16:23:32.461][I][AutoBaseFunction.py(wrapper):16] __main__ : setupUi 실행 종료
[2022-11-28 16:23:34.552][I][AutoBaseFunction.py(wrapper):11] __main__ : __ce_ui 실행 시작
[2022-11-28 16:23:34.552][I][AutoBaseFunction.py(wrapper):12] Parameter : False
[2022-11-28 16:23:34.553][I][AutoBaseFunction.py(wrapper):11] __main__ : setupUi 실행 시작
[2022-11-28 16:23:34.553][I][AutoBaseFunction.py(wrapper):12] Parameter : 
[2022-11-28 16:23:34.554][I][AutoBaseFunction.py(wrapper):11] __main__ : set_field_gridLayout 실행 시작
[2022-11-28 16:23:34.554][I][AutoBaseFunction.py(wrapper):12] Parameter : 
[2022-11-28 16:23:34.555][I][AutoBaseFunction.py(wrapper):16] __main__ : set_field_gridLayout 실행 종료
[2022-11-28 16:23:34.555][I][AutoBaseFunction.py(wrapper):11] __main__ : set_testList_hboxLayout 실행 시작
[2022-11-28 16:23:34.555][I][AutoBaseFunction.py(wrapper):12] Parameter : 
[2022-11-28 16:23:34.556][I][AutoBaseFunction.py(wrapper):16] __main__ : set_testList_hboxLayout 실행 종료
[2022-11-28 16:23:34.558][I][AutoBaseFunction.py(wrapper):16] __main__ : setupUi 실행 종료
[2022-11-28 16:23:34.559][I][AutoBaseFunction.py(wrapper):11] SubWindow.Menu_CreateExcel : setupUI_CreateExcel 실행 시작
[2022-11-28 16:23:34.559][I][AutoBaseFunction.py(wrapper):12] Parameter : 
[2022-11-28 16:23:34.559][I][AutoBaseFunction.py(wrapper):11] SubWindow.Menu_CreateExcel : new_excel_func 실행 시작
[2022-11-28 16:23:34.559][I][AutoBaseFunction.py(wrapper):12] Parameter : 
[2022-11-28 16:23:34.560][I][AutoBaseFunction.py(wrapper):16] SubWindow.Menu_CreateExcel : new_excel_func 실행 종료
[2022-11-28 16:23:34.560][I][AutoBaseFunction.py(wrapper):11] SubWindow.Menu_CreateExcel : set_excel_func 실행 시작
[2022-11-28 16:23:34.560][I][AutoBaseFunction.py(wrapper):12] Parameter : 
[2022-11-28 16:23:34.560][I][AutoBaseFunction.py(wrapper):16] SubWindow.Menu_CreateExcel : set_excel_func 실행 종료
[2022-11-28 16:23:34.560][I][AutoBaseFunction.py(wrapper):16] SubWindow.Menu_CreateExcel : setupUI_CreateExcel 실행 종료
[2022-11-28 16:23:34.578][I][AutoBaseFunction.py(wrapper):16] __main__ : __ce_ui 실행 종료
[2022-11-28 16:23:38.373][I][AutoBaseFunction.py(wrapper):11] SubWindow.Menu_CreateExcel : folder_toolButton_clicked 실행 시작
[2022-11-28 16:23:38.373][I][AutoBaseFunction.py(wrapper):12] Parameter : <PyQt5.QtWidgets.QLineEdit object at 0x000002F24BC0EB90>, False
[2022-11-28 16:23:39.787][I][AutoBaseFunction.py(wrapper):16] SubWindow.Menu_CreateExcel : folder_toolButton_clicked 실행 종료
[2022-11-28 16:23:41.220][I][AutoBaseFunction.py(wrapper):11] SubWindow.Menu_CreateExcel : func_check_run 실행 시작
[2022-11-28 16:23:41.221][I][AutoBaseFunction.py(wrapper):12] Parameter : False
