[2022-11-28 15:59:54.481][D][LogManager.py(Init):10] LogManager Init function called !!!
[2022-11-28 15:59:54.492][I][AutoBaseFunction.py(wrapper):11] __main__ : setupUI_Excel_Setting 실행 시작
[2022-11-28 15:59:54.492][I][AutoBaseFunction.py(wrapper):12] Parameter : 
[2022-11-28 15:59:54.764][I][AutoBaseFunction.py(wrapper):11] __main__ : tl_set_slot 실행 시작
[2022-11-28 15:59:54.764][I][AutoBaseFunction.py(wrapper):12] Parameter : 
[2022-11-28 15:59:54.764][I][AutoBaseFunction.py(wrapper):16] __main__ : tl_set_slot 실행 종료
[2022-11-28 15:59:54.764][I][AutoBaseFunction.py(wrapper):16] __main__ : setupUI_Excel_Setting 실행 종료
[2022-11-28 15:59:56.152][I][AutoBaseFunction.py(wrapper):11] __main__ : reset_Button_clicked 실행 시작
[2022-11-28 15:59:56.152][I][AutoBaseFunction.py(wrapper):12] Parameter : False
[2022-11-28 15:59:56.152][I][Setup_ExcelSetting.py(reset_Button_clicked):87] 엑셀 설정 팝업 확인 버튼 선택
[2022-11-28 15:59:56.939][I][Setup_ExcelSetting.py(reset_Button_clicked):92] 엑셀 설정 초기화 선택
[2022-11-28 15:59:56.940][I][AutoBaseFunction.py(wrapper):16] __main__ : reset_Button_clicked 실행 종료
[2022-11-28 15:59:59.383][I][AutoBaseFunction.py(wrapper):11] __main__ : reset_Button_clicked 실행 시작
[2022-11-28 15:59:59.383][I][AutoBaseFunction.py(wrapper):12] Parameter : False
[2022-11-28 15:59:59.383][I][Setup_ExcelSetting.py(reset_Button_clicked):87] 엑셀 설정 팝업 확인 버튼 선택
[2022-11-28 16:00:00.082][I][Setup_ExcelSetting.py(reset_Button_clicked):92] 엑셀 설정 초기화 선택
[2022-11-28 16:00:00.083][I][AutoBaseFunction.py(wrapper):16] __main__ : reset_Button_clicked 실행 종료
[2022-11-28 16:00:03.760][I][AutoBaseFunction.py(wrapper):11] __main__ : keyPressEvent 실행 시작
[2022-11-28 16:00:03.760][I][AutoBaseFunction.py(wrapper):12] Parameter : <PyQt5.QtGui.QKeyEvent object at 0x0000015EFC78A4D0>
[2022-11-28 16:00:03.760][I][AutoBaseFunction.py(wrapper):11] __main__ : ok_Button_clicked 실행 시작
[2022-11-28 16:00:03.760][I][AutoBaseFunction.py(wrapper):12] Parameter : None
[2022-11-28 16:00:03.760][I][Setup_ExcelSetting.py(ok_Button_clicked):102] 엑셀 설정 팝업 확인 버튼 선택
[2022-11-28 16:00:03.761][I][Setup_ExcelSetting.py(ok_Button_clicked):146] 1:평가 목록 팝업에 400 추가
[2022-11-28 16:00:03.763][I][Setup_ExcelSetting.py(ok_Button_clicked):146] 2:평가 목록 팝업에 155 추가
[2022-11-28 16:00:03.765][I][Setup_ExcelSetting.py(ok_Button_clicked):146] 3:평가 목록 팝업에 01 추가
[2022-11-28 16:00:03.766][I][Setup_ExcelSetting.py(ok_Button_clicked):146] 4:평가 목록 팝업에 50 추가
[2022-11-28 16:00:03.768][I][Setup_ExcelSetting.py(ok_Button_clicked):146] 5:평가 목록 팝업에 15 추가
[2022-11-28 16:00:03.783][I][AutoBaseFunction.py(wrapper):16] __main__ : ok_Button_clicked 실행 종료
[2022-11-28 16:00:03.784][I][AutoBaseFunction.py(wrapper):16] __main__ : keyPressEvent 실행 종료
