[2022-11-28 16:04:29.201][D][LogManager.py(Init):10] LogManager Init function called !!!
[2022-11-28 16:04:29.320][I][AutoBaseFunction.py(wrapper):11] __main__ : setupUi 실행 시작
[2022-11-28 16:04:29.320][I][AutoBaseFunction.py(wrapper):12] Parameter : 
[2022-11-28 16:04:29.324][I][AutoBaseFunction.py(wrapper):11] __main__ : set_field_gridLayout 실행 시작
[2022-11-28 16:04:29.324][I][AutoBaseFunction.py(wrapper):12] Parameter : 
[2022-11-28 16:04:29.350][I][AutoBaseFunction.py(wrapper):16] __main__ : set_field_gridLayout 실행 종료
[2022-11-28 16:04:29.351][I][AutoBaseFunction.py(wrapper):11] __main__ : set_testList_hboxLayout 실행 시작
[2022-11-28 16:04:29.351][I][AutoBaseFunction.py(wrapper):12] Parameter : 
[2022-11-28 16:04:29.581][I][AutoBaseFunction.py(wrapper):16] __main__ : set_testList_hboxLayout 실행 종료
[2022-11-28 16:04:29.584][I][AutoBaseFunction.py(wrapper):16] __main__ : setupUi 실행 종료
[2022-11-28 16:04:41.529][I][AutoBaseFunction.py(wrapper):11] __main__ : show_setup_ExcelSetting 실행 시작
[2022-11-28 16:04:41.529][I][AutoBaseFunction.py(wrapper):12] Parameter : False
[2022-11-28 16:04:41.530][I][AutoBaseFunction.py(wrapper):11] SubWindow.Setup_ExcelSetting : setupUI_Excel_Setting 실행 시작
[2022-11-28 16:04:41.530][I][AutoBaseFunction.py(wrapper):12] Parameter : 
[2022-11-28 16:04:41.531][I][AutoBaseFunction.py(wrapper):11] SubWindow.Setup_ExcelSetting : tl_set_slot 실행 시작
[2022-11-28 16:04:41.532][I][AutoBaseFunction.py(wrapper):12] Parameter : 
[2022-11-28 16:04:41.532][I][AutoBaseFunction.py(wrapper):16] SubWindow.Setup_ExcelSetting : tl_set_slot 실행 종료
[2022-11-28 16:04:41.532][I][AutoBaseFunction.py(wrapper):11] SubWindow.Setup_ExcelSetting : tl_ini_set 실행 시작
[2022-11-28 16:04:41.532][I][AutoBaseFunction.py(wrapper):12] Parameter : 
[2022-11-28 16:04:41.532][I][AutoBaseFunction.py(wrapper):16] SubWindow.Setup_ExcelSetting : tl_ini_set 실행 종료
[2022-11-28 16:04:41.532][I][AutoBaseFunction.py(wrapper):16] SubWindow.Setup_ExcelSetting : setupUI_Excel_Setting 실행 종료
[2022-11-28 16:04:41.541][I][MainWindow.py(show_setup_ExcelSetting):325] 엑셀 설정 팝업 열림
[2022-11-28 16:04:41.541][I][AutoBaseFunction.py(wrapper):16] __main__ : show_setup_ExcelSetting 실행 종료
[2022-11-28 16:04:47.422][I][AutoBaseFunction.py(wrapper):11] SubWindow.Setup_ExcelSetting : keyPressEvent 실행 시작
[2022-11-28 16:04:47.422][I][AutoBaseFunction.py(wrapper):12] Parameter : <PyQt5.QtGui.QKeyEvent object at 0x0000020A637C7D00>
[2022-11-28 16:04:47.422][I][AutoBaseFunction.py(wrapper):11] SubWindow.Setup_ExcelSetting : ok_Button_clicked 실행 시작
[2022-11-28 16:04:47.422][I][AutoBaseFunction.py(wrapper):12] Parameter : None
[2022-11-28 16:04:47.423][I][Setup_ExcelSetting.py(ok_Button_clicked):102] 엑셀 설정 팝업 확인 버튼 선택
[2022-11-28 16:04:47.424][I][Setup_ExcelSetting.py(ok_Button_clicked):146] 1:평가 목록 팝업에 400 추가
[2022-11-28 16:04:47.426][I][Setup_ExcelSetting.py(ok_Button_clicked):146] 2:평가 목록 팝업에 155 추가
[2022-11-28 16:04:47.428][I][Setup_ExcelSetting.py(ok_Button_clicked):146] 3:평가 목록 팝업에 001 추가
[2022-11-28 16:04:47.430][I][Setup_ExcelSetting.py(ok_Button_clicked):146] 4:평가 목록 팝업에 50 추가
[2022-11-28 16:04:47.431][I][Setup_ExcelSetting.py(ok_Button_clicked):146] 5:평가 목록 팝업에 15 추가
[2022-11-28 16:04:47.432][I][MainWindow.py(ts_emit):427] 엑셀 설정 팝업 닫힘으로 메인창 활성화
[2022-11-28 16:04:47.438][I][AutoBaseFunction.py(wrapper):16] SubWindow.Setup_ExcelSetting : ok_Button_clicked 실행 종료
[2022-11-28 16:04:47.438][I][AutoBaseFunction.py(wrapper):16] SubWindow.Setup_ExcelSetting : keyPressEvent 실행 종료
[2022-11-28 16:04:50.233][I][AutoBaseFunction.py(wrapper):11] __main__ : show_setup_ExcelSetting 실행 시작
[2022-11-28 16:04:50.233][I][AutoBaseFunction.py(wrapper):12] Parameter : False
[2022-11-28 16:04:50.233][I][AutoBaseFunction.py(wrapper):11] SubWindow.Setup_ExcelSetting : setupUI_Excel_Setting 실행 시작
[2022-11-28 16:04:50.234][I][AutoBaseFunction.py(wrapper):12] Parameter : 
[2022-11-28 16:04:50.235][I][AutoBaseFunction.py(wrapper):11] SubWindow.Setup_ExcelSetting : tl_set_slot 실행 시작
[2022-11-28 16:04:50.235][I][AutoBaseFunction.py(wrapper):12] Parameter : 
[2022-11-28 16:04:50.235][I][AutoBaseFunction.py(wrapper):16] SubWindow.Setup_ExcelSetting : tl_set_slot 실행 종료
[2022-11-28 16:04:50.235][I][AutoBaseFunction.py(wrapper):11] SubWindow.Setup_ExcelSetting : tl_ini_set 실행 시작
[2022-11-28 16:04:50.235][I][AutoBaseFunction.py(wrapper):12] Parameter : 
[2022-11-28 16:04:50.236][I][AutoBaseFunction.py(wrapper):16] SubWindow.Setup_ExcelSetting : tl_ini_set 실행 종료
[2022-11-28 16:04:50.236][I][AutoBaseFunction.py(wrapper):16] SubWindow.Setup_ExcelSetting : setupUI_Excel_Setting 실행 종료
[2022-11-28 16:04:50.247][I][MainWindow.py(show_setup_ExcelSetting):325] 엑셀 설정 팝업 열림
[2022-11-28 16:04:50.247][I][AutoBaseFunction.py(wrapper):16] __main__ : show_setup_ExcelSetting 실행 종료
[2022-11-28 16:04:54.046][I][AutoBaseFunction.py(wrapper):11] SubWindow.Setup_ExcelSetting : keyPressEvent 실행 시작
[2022-11-28 16:04:54.046][I][AutoBaseFunction.py(wrapper):12] Parameter : <PyQt5.QtGui.QKeyEvent object at 0x0000020A63820A60>
[2022-11-28 16:04:54.046][I][AutoBaseFunction.py(wrapper):11] SubWindow.Setup_ExcelSetting : ok_Button_clicked 실행 시작
[2022-11-28 16:04:54.047][I][AutoBaseFunction.py(wrapper):12] Parameter : None
[2022-11-28 16:04:54.047][I][Setup_ExcelSetting.py(ok_Button_clicked):102] 엑셀 설정 팝업 확인 버튼 선택
[2022-11-28 16:04:54.048][I][Setup_ExcelSetting.py(ok_Button_clicked):146] 1:평가 목록 팝업에 400 추가
[2022-11-28 16:04:54.050][I][Setup_ExcelSetting.py(ok_Button_clicked):146] 2:평가 목록 팝업에 155 추가
[2022-11-28 16:04:54.052][I][Setup_ExcelSetting.py(ok_Button_clicked):146] 3:평가 목록 팝업에 0 추가
[2022-11-28 16:04:54.055][I][Setup_ExcelSetting.py(ok_Button_clicked):146] 4:평가 목록 팝업에 50 추가
[2022-11-28 16:04:54.057][I][Setup_ExcelSetting.py(ok_Button_clicked):146] 5:평가 목록 팝업에 15 추가
[2022-11-28 16:04:54.058][I][MainWindow.py(ts_emit):427] 엑셀 설정 팝업 닫힘으로 메인창 활성화
[2022-11-28 16:04:54.063][I][AutoBaseFunction.py(wrapper):16] SubWindow.Setup_ExcelSetting : ok_Button_clicked 실행 종료
[2022-11-28 16:04:54.063][I][AutoBaseFunction.py(wrapper):16] SubWindow.Setup_ExcelSetting : keyPressEvent 실행 종료
[2022-11-28 16:05:00.384][I][AutoBaseFunction.py(wrapper):11] __main__ : show_setup_ExcelSetting 실행 시작
[2022-11-28 16:05:00.384][I][AutoBaseFunction.py(wrapper):12] Parameter : False
[2022-11-28 16:05:00.385][I][AutoBaseFunction.py(wrapper):11] SubWindow.Setup_ExcelSetting : setupUI_Excel_Setting 실행 시작
[2022-11-28 16:05:00.385][I][AutoBaseFunction.py(wrapper):12] Parameter : 
[2022-11-28 16:05:00.386][I][AutoBaseFunction.py(wrapper):11] SubWindow.Setup_ExcelSetting : tl_set_slot 실행 시작
[2022-11-28 16:05:00.386][I][AutoBaseFunction.py(wrapper):12] Parameter : 
[2022-11-28 16:05:00.387][I][AutoBaseFunction.py(wrapper):16] SubWindow.Setup_ExcelSetting : tl_set_slot 실행 종료
[2022-11-28 16:05:00.387][I][AutoBaseFunction.py(wrapper):11] SubWindow.Setup_ExcelSetting : tl_ini_set 실행 시작
[2022-11-28 16:05:00.387][I][AutoBaseFunction.py(wrapper):12] Parameter : 
[2022-11-28 16:05:00.387][I][AutoBaseFunction.py(wrapper):16] SubWindow.Setup_ExcelSetting : tl_ini_set 실행 종료
[2022-11-28 16:05:00.387][I][AutoBaseFunction.py(wrapper):16] SubWindow.Setup_ExcelSetting : setupUI_Excel_Setting 실행 종료
[2022-11-28 16:05:00.395][I][MainWindow.py(show_setup_ExcelSetting):325] 엑셀 설정 팝업 열림
[2022-11-28 16:05:00.396][I][AutoBaseFunction.py(wrapper):16] __main__ : show_setup_ExcelSetting 실행 종료
[2022-11-28 16:05:03.566][I][AutoBaseFunction.py(wrapper):11] SubWindow.Setup_ExcelSetting : ok_Button_clicked 실행 시작
[2022-11-28 16:05:03.566][I][AutoBaseFunction.py(wrapper):12] Parameter : False
[2022-11-28 16:05:03.567][I][Setup_ExcelSetting.py(ok_Button_clicked):102] 엑셀 설정 팝업 확인 버튼 선택
[2022-11-28 16:05:03.568][I][Setup_ExcelSetting.py(ok_Button_clicked):146] 1:평가 목록 팝업에 400 추가
[2022-11-28 16:05:03.570][I][Setup_ExcelSetting.py(ok_Button_clicked):146] 2:평가 목록 팝업에 155 추가
[2022-11-28 16:05:03.572][I][Setup_ExcelSetting.py(ok_Button_clicked):146] 3:평가 목록 팝업에 0 추가
[2022-11-28 16:05:03.575][I][Setup_ExcelSetting.py(ok_Button_clicked):146] 4:평가 목록 팝업에 50 추가
[2022-11-28 16:05:03.577][I][Setup_ExcelSetting.py(ok_Button_clicked):146] 5:평가 목록 팝업에 15 추가
[2022-11-28 16:05:03.577][I][MainWindow.py(ts_emit):427] 엑셀 설정 팝업 닫힘으로 메인창 활성화
[2022-11-28 16:05:03.581][I][AutoBaseFunction.py(wrapper):16] SubWindow.Setup_ExcelSetting : ok_Button_clicked 실행 종료
[2022-11-28 16:05:07.784][I][AutoBaseFunction.py(wrapper):11] __main__ : __ce_ui 실행 시작
[2022-11-28 16:05:07.784][I][AutoBaseFunction.py(wrapper):12] Parameter : False
[2022-11-28 16:05:07.785][I][AutoBaseFunction.py(wrapper):11] __main__ : setupUi 실행 시작
[2022-11-28 16:05:07.785][I][AutoBaseFunction.py(wrapper):12] Parameter : 
[2022-11-28 16:05:07.787][I][AutoBaseFunction.py(wrapper):11] __main__ : set_field_gridLayout 실행 시작
[2022-11-28 16:05:07.787][I][AutoBaseFunction.py(wrapper):12] Parameter : 
[2022-11-28 16:05:07.787][I][AutoBaseFunction.py(wrapper):16] __main__ : set_field_gridLayout 실행 종료
[2022-11-28 16:05:07.788][I][AutoBaseFunction.py(wrapper):11] __main__ : set_testList_hboxLayout 실행 시작
[2022-11-28 16:05:07.788][I][AutoBaseFunction.py(wrapper):12] Parameter : 
[2022-11-28 16:05:07.789][I][AutoBaseFunction.py(wrapper):16] __main__ : set_testList_hboxLayout 실행 종료
[2022-11-28 16:05:07.791][I][AutoBaseFunction.py(wrapper):16] __main__ : setupUi 실행 종료
[2022-11-28 16:05:07.791][I][AutoBaseFunction.py(wrapper):11] SubWindow.Menu_CreateExcel : setupUI_CreateExcel 실행 시작
[2022-11-28 16:05:07.791][I][AutoBaseFunction.py(wrapper):12] Parameter : 
[2022-11-28 16:05:07.792][I][AutoBaseFunction.py(wrapper):11] SubWindow.Menu_CreateExcel : new_excel_func 실행 시작
[2022-11-28 16:05:07.792][I][AutoBaseFunction.py(wrapper):12] Parameter : 
[2022-11-28 16:05:07.792][I][AutoBaseFunction.py(wrapper):16] SubWindow.Menu_CreateExcel : new_excel_func 실행 종료
[2022-11-28 16:05:07.792][I][AutoBaseFunction.py(wrapper):11] SubWindow.Menu_CreateExcel : set_excel_func 실행 시작
[2022-11-28 16:05:07.792][I][AutoBaseFunction.py(wrapper):12] Parameter : 
[2022-11-28 16:05:07.792][I][AutoBaseFunction.py(wrapper):16] SubWindow.Menu_CreateExcel : set_excel_func 실행 종료
[2022-11-28 16:05:07.793][I][AutoBaseFunction.py(wrapper):16] SubWindow.Menu_CreateExcel : setupUI_CreateExcel 실행 종료
[2022-11-28 16:05:07.812][I][AutoBaseFunction.py(wrapper):16] __main__ : __ce_ui 실행 종료
[2022-11-28 16:05:13.583][I][AutoBaseFunction.py(wrapper):11] SubWindow.Menu_CreateExcel : folder_toolButton_clicked 실행 시작
[2022-11-28 16:05:13.584][I][AutoBaseFunction.py(wrapper):12] Parameter : <PyQt5.QtWidgets.QLineEdit object at 0x0000020A6382CEE0>, False
[2022-11-28 16:05:16.607][I][AutoBaseFunction.py(wrapper):16] SubWindow.Menu_CreateExcel : folder_toolButton_clicked 실행 종료
[2022-11-28 16:05:20.824][I][AutoBaseFunction.py(wrapper):11] SubWindow.Menu_CreateExcel : func_check_run 실행 시작
[2022-11-28 16:05:20.824][I][AutoBaseFunction.py(wrapper):12] Parameter : False
[2022-11-28 16:05:24.611][I][excel_control.py(setting_Verification):82] 언어 설정 팝업에서 존재하지 않는 경로 알림 표시
[2022-11-28 16:05:24.616][I][AutoBaseFunction.py(wrapper):16] SubWindow.Menu_CreateExcel : func_check_run 실행 종료
[2022-11-28 16:05:26.487][I][AutoBaseFunction.py(wrapper):11] __main__ : show_setup_Language 실행 시작
[2022-11-28 16:05:26.488][I][AutoBaseFunction.py(wrapper):12] Parameter : False
[2022-11-28 16:05:26.488][I][AutoBaseFunction.py(wrapper):11] SubWindow.Setup_Language : setupUI_Language 실행 시작
[2022-11-28 16:05:26.488][I][AutoBaseFunction.py(wrapper):12] Parameter : 
[2022-11-28 16:05:26.489][I][AutoBaseFunction.py(wrapper):11] SubWindow.Setup_Language : setLang_Button 실행 시작
[2022-11-28 16:05:26.489][I][AutoBaseFunction.py(wrapper):12] Parameter : 
[2022-11-28 16:05:26.490][I][Setup_Language.py(setLang_Button):101] ['중국어', '독일어'], ['D:/Skillup/2022_skillup/SubWindow', 'C:/Users/9350816/Desktop'] 기준으로 창에 표시하기 시작
[2022-11-28 16:05:26.491][I][Setup_Language.py(addLang_Button_clicked):151] 중국어, D:/Skillup/2022_skillup/SubWindow 추가됨
[2022-11-28 16:05:26.491][I][Setup_Language.py(addLang_Button_clicked):151] 독일어, C:/Users/9350816/Desktop 추가됨
[2022-11-28 16:05:26.492][I][Setup_Language.py(setLang_Button):105] ['중국어', '독일어'], ['D:/Skillup/2022_skillup/SubWindow', 'C:/Users/9350816/Desktop'] 기준으로 창에 표시 완료
[2022-11-28 16:05:26.492][I][AutoBaseFunction.py(wrapper):16] SubWindow.Setup_Language : setLang_Button 실행 종료
[2022-11-28 16:05:26.492][I][AutoBaseFunction.py(wrapper):11] SubWindow.Setup_Language : sl_set_slot 실행 시작
[2022-11-28 16:05:26.492][I][AutoBaseFunction.py(wrapper):12] Parameter : 
[2022-11-28 16:05:26.492][I][AutoBaseFunction.py(wrapper):16] SubWindow.Setup_Language : sl_set_slot 실행 종료
[2022-11-28 16:05:26.492][I][AutoBaseFunction.py(wrapper):16] SubWindow.Setup_Language : setupUI_Language 실행 종료
[2022-11-28 16:05:26.500][I][MainWindow.py(show_setup_Language):299] 언어 설정 팝업 열림
[2022-11-28 16:05:26.501][I][AutoBaseFunction.py(wrapper):16] __main__ : show_setup_Language 실행 종료
[2022-11-28 16:05:31.927][I][AutoBaseFunction.py(wrapper):11] SubWindow.Setup_Language : closeEvent 실행 시작
[2022-11-28 16:05:31.928][I][AutoBaseFunction.py(wrapper):12] Parameter : <PyQt5.QtGui.QCloseEvent object at 0x0000020A6382E5F0>
[2022-11-28 16:05:31.928][I][Setup_Language.py(closeEvent):249] 언어 설정 팝업 취소 버튼 선택
[2022-11-28 16:05:31.929][I][MainWindow.py(sl_emit):343] 언어 설정 팝업 닫힘으로 메인창 활성화
[2022-11-28 16:05:31.929][I][AutoBaseFunction.py(wrapper):16] SubWindow.Setup_Language : closeEvent 실행 종료
[2022-11-28 16:05:34.754][I][AutoBaseFunction.py(wrapper):11] __main__ : show_imgList 실행 시작
[2022-11-28 16:05:34.754][I][AutoBaseFunction.py(wrapper):12] Parameter : 중국어, D:/Skillup/2022_skillup/SubWindow, <PyQt5.QtWidgets.QAction object at 0x0000020A637C6B00>, True
[2022-11-28 16:05:35.867][I][AutoBaseFunction.py(wrapper):16] __main__ : show_imgList 실행 종료
[2022-11-28 16:05:38.384][I][AutoBaseFunction.py(wrapper):11] __main__ : show_imgList 실행 시작
[2022-11-28 16:05:38.384][I][AutoBaseFunction.py(wrapper):12] Parameter : 독일어, C:/Users/9350816/Desktop, <PyQt5.QtWidgets.QAction object at 0x0000020A637C6B90>, True
[2022-11-28 16:05:39.389][I][MainWindow.py(show_imgList):766] 이미지 리스트 불러옴, 선택된 언어:독일어, 경로:C:/Users/9350816/Desktop
[2022-11-28 16:05:39.414][I][AutoBaseFunction.py(wrapper):11] __main__ : set_field_gridLayout 실행 시작
[2022-11-28 16:05:39.414][I][AutoBaseFunction.py(wrapper):12] Parameter : 
[2022-11-28 16:05:39.414][I][AutoBaseFunction.py(wrapper):16] __main__ : set_field_gridLayout 실행 종료
[2022-11-28 16:05:39.415][I][AutoBaseFunction.py(wrapper):11] __main__ : set_testList_hboxLayout 실행 시작
[2022-11-28 16:05:39.415][I][AutoBaseFunction.py(wrapper):12] Parameter : 
[2022-11-28 16:05:39.416][I][AutoBaseFunction.py(wrapper):16] __main__ : set_testList_hboxLayout 실행 종료
[2022-11-28 16:05:39.416][I][MainWindow.py(show_imgList):859] self.result:{0: {'이미지': 'C:/Users/9350816/Desktop\\log.png', '테스트6': 'PASS', '테스트8': 'PASS', '테스트9': 'PASS', '이미지 설명': '', 'Scripts': '', '3': '', '버전 정보': ''}, 1: {'이미지': 'C:/Users/9350816/Desktop\\다국어 자동화.png', '테스트6': 'FAIL', '테스트8': 'FAIL', '테스트9': 'FAIL', '이미지 설명': '', 'Scripts': '', '3': '', '버전 정보': ''}}
[2022-11-28 16:05:39.416][I][MainWindow.py(qbutton_clicked):618] statusbar에 이미지명 표시log.png
[2022-11-28 16:05:39.479][I][MainWindow.py(qbutton_clicked):625] 우측에 이미지 표시:C:/Users/9350816/Desktop\log.png
[2022-11-28 16:05:39.480][I][MainWindow.py(set_color):576] 이전 버튼 색상 초기화:rgb(225, 225, 225)
[2022-11-28 16:05:39.480][I][MainWindow.py(set_color):578] 현재 버튼 색상: 보라색,#cc79a7
[2022-11-28 16:05:39.480][I][MainWindow.py(show_imgList):865] 이미지 불러온 후 첫번째 버튼 클릭
[2022-11-28 16:05:39.481][I][AutoBaseFunction.py(wrapper):16] __main__ : show_imgList 실행 종료
[2022-11-28 16:05:41.023][I][MainWindow.py(qbutton_clicked):618] statusbar에 이미지명 표시log.png
[2022-11-28 16:05:41.025][I][MainWindow.py(qbutton_clicked):625] 우측에 이미지 표시:C:/Users/9350816/Desktop\log.png
[2022-11-28 16:05:41.025][I][MainWindow.py(set_color):576] 이전 버튼 색상 초기화:rgb(225, 225, 225)
[2022-11-28 16:05:41.025][I][MainWindow.py(set_color):578] 현재 버튼 색상: 보라색,#cc79a7
[2022-11-28 16:05:41.391][I][MainWindow.py(qbutton_clicked):618] statusbar에 이미지명 표시다국어 자동화.png
[2022-11-28 16:05:41.392][I][MainWindow.py(qbutton_clicked):625] 우측에 이미지 표시:C:/Users/9350816/Desktop\다국어 자동화.png
[2022-11-28 16:05:41.393][I][MainWindow.py(qbutton_clicked):635] 다른 이미지 클릭으로 이전 이미지 결과 저장함, self.result:{0: {'이미지': 'C:/Users/9350816/Desktop\\log.png', '테스트6': 'PASS', '테스트8': 'PASS', '테스트9': 'PASS', '이미지 설명': '', 'Scripts': '', '3': '', '버전 정보': ''}, 1: {'이미지': 'C:/Users/9350816/Desktop\\다국어 자동화.png', '테스트6': 'FAIL', '테스트8': 'FAIL', '테스트9': 'FAIL', '이미지 설명': '', 'Scripts': '', '3': '', '버전 정보': ''}}
[2022-11-28 16:05:41.393][I][MainWindow.py(set_color):576] 이전 버튼 색상 초기화:rgb(225, 225, 225)
[2022-11-28 16:05:41.393][I][MainWindow.py(set_color):578] 현재 버튼 색상: 보라색,#cc79a7
[2022-11-28 16:05:41.394][I][MainWindow.py(set_color):589] 색상처리를 위한 변수 result_count:{'pre_idx': ['PASS', 'PASS', 'PASS'], 'idx': ['FAIL', 'FAIL', 'FAIL']}, pre_idx:0, idx:1
[2022-11-28 16:05:41.394][I][MainWindow.py(set_color):610] 이전 버튼에 대한 색상 처리 완료
[2022-11-28 16:05:42.304][I][MainWindow.py(save_result):995] 독일어 테이블 삭제
[2022-11-28 16:05:42.304][I][MainWindow.py(save_result):1003] 평가결과 저장 query:CREATE TABLE IF NOT EXISTS '독일어' ('이미지' TEXT,'테스트6' TEXT,'테스트8' TEXT,'테스트9' TEXT,'이미지 설명' TEXT,'Scripts' TEXT,'3' TEXT,'버전정보' TEXT)
[2022-11-28 16:05:42.425][I][MainWindow.py(save_result):1008] 저장할 평가결과:{0: {'이미지': 'C:/Users/9350816/Desktop\\log.png', '테스트6': 'PASS', '테스트8': 'PASS', '테스트9': 'PASS', '이미지 설명': '', 'Scripts': '', '3': '', '버전 정보': ''}, 1: {'이미지': 'C:/Users/9350816/Desktop\\다국어 자동화.png', '테스트6': 'FAIL', '테스트8': 'FAIL', '테스트9': 'FAIL', '이미지 설명': '', 'Scripts': '', '3': '', '버전 정보': ''}}
[2022-11-28 16:05:52.758][I][MainWindow.py(save_result):995] 독일어 테이블 삭제
[2022-11-28 16:05:52.758][I][MainWindow.py(save_result):1003] 평가결과 저장 query:CREATE TABLE IF NOT EXISTS '독일어' ('이미지' TEXT,'테스트6' TEXT,'테스트8' TEXT,'테스트9' TEXT,'이미지 설명' TEXT,'Scripts' TEXT,'3' TEXT,'버전정보' TEXT)
[2022-11-28 16:05:52.866][I][MainWindow.py(save_result):1008] 저장할 평가결과:{0: {'이미지': 'C:/Users/9350816/Desktop\\log.png', '테스트6': 'PASS', '테스트8': 'PASS', '테스트9': 'PASS', '이미지 설명': '', 'Scripts': '', '3': '', '버전 정보': ''}, 1: {'이미지': 'C:/Users/9350816/Desktop\\다국어 자동화.png', '테스트6': 'FAIL', '테스트8': 'FAIL', '테스트9': 'FAIL', '이미지 설명': '1', 'Scripts': '2', '3': '3', '버전 정보': 'S/W: RG3.KOR.P6.001.009.221030\nF/W: RG3.KOR.1.221024.MICOM\nNAVI: PRM6.KOR.GNS.221114.1247K91\nMAP: KOR.15.51.49.000.911.0'}}
[2022-11-28 16:05:56.672][I][AutoBaseFunction.py(wrapper):11] __main__ : __ce_ui 실행 시작
[2022-11-28 16:05:56.672][I][AutoBaseFunction.py(wrapper):12] Parameter : False
[2022-11-28 16:05:56.673][I][AutoBaseFunction.py(wrapper):11] __main__ : setupUi 실행 시작
[2022-11-28 16:05:56.673][I][AutoBaseFunction.py(wrapper):12] Parameter : 
[2022-11-28 16:05:56.675][I][AutoBaseFunction.py(wrapper):11] __main__ : set_field_gridLayout 실행 시작
[2022-11-28 16:05:56.675][I][AutoBaseFunction.py(wrapper):12] Parameter : 
[2022-11-28 16:05:56.676][I][AutoBaseFunction.py(wrapper):16] __main__ : set_field_gridLayout 실행 종료
[2022-11-28 16:05:56.676][I][AutoBaseFunction.py(wrapper):11] __main__ : set_testList_hboxLayout 실행 시작
[2022-11-28 16:05:56.677][I][AutoBaseFunction.py(wrapper):12] Parameter : 
[2022-11-28 16:05:56.679][I][AutoBaseFunction.py(wrapper):16] __main__ : set_testList_hboxLayout 실행 종료
[2022-11-28 16:05:56.681][I][AutoBaseFunction.py(wrapper):16] __main__ : setupUi 실행 종료
[2022-11-28 16:05:56.681][I][AutoBaseFunction.py(wrapper):11] SubWindow.Menu_CreateExcel : setupUI_CreateExcel 실행 시작
[2022-11-28 16:05:56.681][I][AutoBaseFunction.py(wrapper):12] Parameter : 
[2022-11-28 16:05:56.682][I][AutoBaseFunction.py(wrapper):11] SubWindow.Menu_CreateExcel : new_excel_func 실행 시작
[2022-11-28 16:05:56.682][I][AutoBaseFunction.py(wrapper):12] Parameter : 
[2022-11-28 16:05:56.682][I][AutoBaseFunction.py(wrapper):16] SubWindow.Menu_CreateExcel : new_excel_func 실행 종료
[2022-11-28 16:05:56.682][I][AutoBaseFunction.py(wrapper):11] SubWindow.Menu_CreateExcel : set_excel_func 실행 시작
[2022-11-28 16:05:56.682][I][AutoBaseFunction.py(wrapper):12] Parameter : 
[2022-11-28 16:05:56.683][I][AutoBaseFunction.py(wrapper):16] SubWindow.Menu_CreateExcel : set_excel_func 실행 종료
[2022-11-28 16:05:56.683][I][AutoBaseFunction.py(wrapper):16] SubWindow.Menu_CreateExcel : setupUI_CreateExcel 실행 종료
[2022-11-28 16:05:56.697][I][AutoBaseFunction.py(wrapper):16] __main__ : __ce_ui 실행 종료
[2022-11-28 16:06:02.215][I][AutoBaseFunction.py(wrapper):11] SubWindow.Menu_CreateExcel : func_check_run 실행 시작
[2022-11-28 16:06:02.216][I][AutoBaseFunction.py(wrapper):12] Parameter : False
[2022-11-28 16:06:03.122][I][AutoBaseFunction.py(wrapper):16] SubWindow.Menu_CreateExcel : func_check_run 실행 종료
[2022-11-28 16:06:03.713][I][AutoBaseFunction.py(wrapper):11] SubWindow.Menu_CreateExcel : folder_toolButton_clicked 실행 시작
[2022-11-28 16:06:03.713][I][AutoBaseFunction.py(wrapper):12] Parameter : <PyQt5.QtWidgets.QLineEdit object at 0x0000020A6A2C1120>, False
[2022-11-28 16:06:05.991][I][AutoBaseFunction.py(wrapper):16] SubWindow.Menu_CreateExcel : folder_toolButton_clicked 실행 종료
[2022-11-28 16:06:06.925][I][AutoBaseFunction.py(wrapper):11] SubWindow.Menu_CreateExcel : func_check_run 실행 시작
[2022-11-28 16:06:06.925][I][AutoBaseFunction.py(wrapper):12] Parameter : False
[2022-11-28 16:06:18.458][I][excel_control.py(setting_Verification):82] 언어 설정 팝업에서 존재하지 않는 경로 알림 표시
[2022-11-28 16:06:18.463][I][AutoBaseFunction.py(wrapper):16] SubWindow.Menu_CreateExcel : func_check_run 실행 종료
[2022-11-28 16:06:20.400][I][AutoBaseFunction.py(wrapper):11] __main__ : show_setup_Language 실행 시작
[2022-11-28 16:06:20.400][I][AutoBaseFunction.py(wrapper):12] Parameter : False
[2022-11-28 16:06:20.400][I][AutoBaseFunction.py(wrapper):11] SubWindow.Setup_Language : setupUI_Language 실행 시작
[2022-11-28 16:06:20.401][I][AutoBaseFunction.py(wrapper):12] Parameter : 
[2022-11-28 16:06:20.401][I][AutoBaseFunction.py(wrapper):11] SubWindow.Setup_Language : setLang_Button 실행 시작
[2022-11-28 16:06:20.401][I][AutoBaseFunction.py(wrapper):12] Parameter : 
[2022-11-28 16:06:20.402][I][Setup_Language.py(setLang_Button):101] ['중국어', '독일어'], ['D:/Skillup/2022_skillup/SubWindow', 'C:/Users/9350816/Desktop'] 기준으로 창에 표시하기 시작
[2022-11-28 16:06:20.402][I][Setup_Language.py(addLang_Button_clicked):151] 중국어, D:/Skillup/2022_skillup/SubWindow 추가됨
[2022-11-28 16:06:20.403][I][Setup_Language.py(addLang_Button_clicked):151] 독일어, C:/Users/9350816/Desktop 추가됨
[2022-11-28 16:06:20.403][I][Setup_Language.py(setLang_Button):105] ['중국어', '독일어'], ['D:/Skillup/2022_skillup/SubWindow', 'C:/Users/9350816/Desktop'] 기준으로 창에 표시 완료
[2022-11-28 16:06:20.403][I][AutoBaseFunction.py(wrapper):16] SubWindow.Setup_Language : setLang_Button 실행 종료
[2022-11-28 16:06:20.403][I][AutoBaseFunction.py(wrapper):11] SubWindow.Setup_Language : sl_set_slot 실행 시작
[2022-11-28 16:06:20.403][I][AutoBaseFunction.py(wrapper):12] Parameter : 
[2022-11-28 16:06:20.403][I][AutoBaseFunction.py(wrapper):16] SubWindow.Setup_Language : sl_set_slot 실행 종료
[2022-11-28 16:06:20.403][I][AutoBaseFunction.py(wrapper):16] SubWindow.Setup_Language : setupUI_Language 실행 종료
[2022-11-28 16:06:20.412][I][MainWindow.py(show_setup_Language):299] 언어 설정 팝업 열림
[2022-11-28 16:06:20.412][I][AutoBaseFunction.py(wrapper):16] __main__ : show_setup_Language 실행 종료
[2022-11-28 16:06:23.327][I][AutoBaseFunction.py(wrapper):11] SubWindow.Setup_Language : closeEvent 실행 시작
[2022-11-28 16:06:23.327][I][AutoBaseFunction.py(wrapper):12] Parameter : <PyQt5.QtGui.QCloseEvent object at 0x0000020A6A2C24D0>
[2022-11-28 16:06:23.327][I][Setup_Language.py(closeEvent):249] 언어 설정 팝업 취소 버튼 선택
[2022-11-28 16:06:23.329][I][MainWindow.py(sl_emit):343] 언어 설정 팝업 닫힘으로 메인창 활성화
[2022-11-28 16:06:23.329][I][AutoBaseFunction.py(wrapper):16] SubWindow.Setup_Language : closeEvent 실행 종료
[2022-11-28 16:06:25.782][I][MainWindow.py(qbutton_clicked):618] statusbar에 이미지명 표시다국어 자동화.png
[2022-11-28 16:06:25.783][I][MainWindow.py(qbutton_clicked):625] 우측에 이미지 표시:C:/Users/9350816/Desktop\다국어 자동화.png
[2022-11-28 16:06:25.784][I][MainWindow.py(set_color):576] 이전 버튼 색상 초기화:rgb(225, 225, 225)
[2022-11-28 16:06:25.784][I][MainWindow.py(set_color):578] 현재 버튼 색상: 보라색,#cc79a7
[2022-11-28 16:06:26.415][I][MainWindow.py(qbutton_clicked):618] statusbar에 이미지명 표시log.png
[2022-11-28 16:06:26.417][I][MainWindow.py(qbutton_clicked):625] 우측에 이미지 표시:C:/Users/9350816/Desktop\log.png
[2022-11-28 16:06:26.417][I][MainWindow.py(qbutton_clicked):635] 다른 이미지 클릭으로 이전 이미지 결과 저장함, self.result:{0: {'이미지': 'C:/Users/9350816/Desktop\\log.png', '테스트6': 'PASS', '테스트8': 'PASS', '테스트9': 'PASS', '이미지 설명': '', 'Scripts': '', '3': '', '버전 정보': ''}, 1: {'이미지': 'C:/Users/9350816/Desktop\\다국어 자동화.png', '테스트6': '', '테스트8': '', '테스트9': '', '이미지 설명': '', 'Scripts': '', '3': '', '버전 정보': 'S/W: RG3.KOR.P6.001.009.221030\nF/W: RG3.KOR.1.221024.MICOM\nNAVI: PRM6.KOR.GNS.221114.1247K91\nMAP: KOR.15.51.49.000.911.0'}}
[2022-11-28 16:06:26.417][I][MainWindow.py(set_color):576] 이전 버튼 색상 초기화:rgb(225, 225, 225)
[2022-11-28 16:06:26.417][I][MainWindow.py(set_color):578] 현재 버튼 색상: 보라색,#cc79a7
[2022-11-28 16:06:26.418][I][MainWindow.py(set_color):589] 색상처리를 위한 변수 result_count:{'pre_idx': ['', '', ''], 'idx': ['PASS', 'PASS', 'PASS']}, pre_idx:1, idx:0
[2022-11-28 16:06:26.418][I][MainWindow.py(set_color):610] 이전 버튼에 대한 색상 처리 완료
[2022-11-28 16:06:27.213][I][MainWindow.py(qbutton_clicked):618] statusbar에 이미지명 표시다국어 자동화.png
[2022-11-28 16:06:27.215][I][MainWindow.py(qbutton_clicked):625] 우측에 이미지 표시:C:/Users/9350816/Desktop\다국어 자동화.png
[2022-11-28 16:06:27.216][I][MainWindow.py(qbutton_clicked):635] 다른 이미지 클릭으로 이전 이미지 결과 저장함, self.result:{0: {'이미지': 'C:/Users/9350816/Desktop\\log.png', '테스트6': 'PASS', '테스트8': 'PASS', '테스트9': 'PASS', '이미지 설명': '', 'Scripts': '', '3': '', '버전 정보': 'S/W: RG3.KOR.P6.001.009.221030\nF/W: RG3.KOR.1.221024.MICOM\nNAVI: PRM6.KOR.GNS.221114.1247K91\nMAP: KOR.15.51.49.000.911.0'}, 1: {'이미지': 'C:/Users/9350816/Desktop\\다국어 자동화.png', '테스트6': '', '테스트8': '', '테스트9': '', '이미지 설명': '', 'Scripts': '', '3': '', '버전 정보': 'S/W: RG3.KOR.P6.001.009.221030\nF/W: RG3.KOR.1.221024.MICOM\nNAVI: PRM6.KOR.GNS.221114.1247K91\nMAP: KOR.15.51.49.000.911.0'}}
[2022-11-28 16:06:27.216][I][MainWindow.py(set_color):576] 이전 버튼 색상 초기화:rgb(225, 225, 225)
[2022-11-28 16:06:27.216][I][MainWindow.py(set_color):578] 현재 버튼 색상: 보라색,#cc79a7
[2022-11-28 16:06:27.217][I][MainWindow.py(set_color):589] 색상처리를 위한 변수 result_count:{'pre_idx': ['PASS', 'PASS', 'PASS'], 'idx': ['', '', '']}, pre_idx:0, idx:1
[2022-11-28 16:06:27.217][I][MainWindow.py(set_color):610] 이전 버튼에 대한 색상 처리 완료
[2022-11-28 16:06:28.942][I][MainWindow.py(qbutton_clicked):618] statusbar에 이미지명 표시다국어 자동화.png
[2022-11-28 16:06:28.944][I][MainWindow.py(qbutton_clicked):625] 우측에 이미지 표시:C:/Users/9350816/Desktop\다국어 자동화.png
[2022-11-28 16:06:28.944][I][MainWindow.py(set_color):576] 이전 버튼 색상 초기화:rgb(225, 225, 225)
[2022-11-28 16:06:28.944][I][MainWindow.py(set_color):578] 현재 버튼 색상: 보라색,#cc79a7
[2022-11-28 16:06:30.086][I][MainWindow.py(qbutton_clicked):618] statusbar에 이미지명 표시log.png
[2022-11-28 16:06:30.087][I][MainWindow.py(qbutton_clicked):625] 우측에 이미지 표시:C:/Users/9350816/Desktop\log.png
[2022-11-28 16:06:30.088][I][MainWindow.py(qbutton_clicked):635] 다른 이미지 클릭으로 이전 이미지 결과 저장함, self.result:{0: {'이미지': 'C:/Users/9350816/Desktop\\log.png', '테스트6': 'PASS', '테스트8': 'PASS', '테스트9': 'PASS', '이미지 설명': '', 'Scripts': '', '3': '', '버전 정보': 'S/W: RG3.KOR.P6.001.009.221030\nF/W: RG3.KOR.1.221024.MICOM\nNAVI: PRM6.KOR.GNS.221114.1247K91\nMAP: KOR.15.51.49.000.911.0'}, 1: {'이미지': 'C:/Users/9350816/Desktop\\다국어 자동화.png', '테스트6': '', '테스트8': '', '테스트9': '', '이미지 설명': '', 'Scripts': '', '3': '', '버전 정보': 'S/W: RG3.KOR.P6.001.009.221030\nF/W: RG3.KOR.1.221024.MICOM\nNAVI: PRM6.KOR.GNS.221114.1247K91\nMAP: KOR.15.51.49.000.911.0'}}
[2022-11-28 16:06:30.088][I][MainWindow.py(set_color):576] 이전 버튼 색상 초기화:rgb(225, 225, 225)
[2022-11-28 16:06:30.088][I][MainWindow.py(set_color):578] 현재 버튼 색상: 보라색,#cc79a7
[2022-11-28 16:06:30.088][I][MainWindow.py(set_color):589] 색상처리를 위한 변수 result_count:{'pre_idx': ['', '', ''], 'idx': ['PASS', 'PASS', 'PASS']}, pre_idx:1, idx:0
[2022-11-28 16:06:30.088][I][MainWindow.py(set_color):610] 이전 버튼에 대한 색상 처리 완료
[2022-11-28 16:06:34.861][I][MainWindow.py(qbutton_clicked):618] statusbar에 이미지명 표시다국어 자동화.png
[2022-11-28 16:06:34.863][I][MainWindow.py(qbutton_clicked):625] 우측에 이미지 표시:C:/Users/9350816/Desktop\다국어 자동화.png
[2022-11-28 16:06:34.863][I][MainWindow.py(qbutton_clicked):635] 다른 이미지 클릭으로 이전 이미지 결과 저장함, self.result:{0: {'이미지': 'C:/Users/9350816/Desktop\\log.png', '테스트6': 'PASS', '테스트8': 'PASS', '테스트9': 'PASS', '이미지 설명': '', 'Scripts': '', '3': '', '버전 정보': 'S/W: RG3.KOR.P6.001.009.221030\nF/W: RG3.KOR.1.221024.MICOM\nNAVI: PRM6.KOR.GNS.221114.1247K91\nMAP: KOR.15.51.49.000.911.0'}, 1: {'이미지': 'C:/Users/9350816/Desktop\\다국어 자동화.png', '테스트6': '', '테스트8': '', '테스트9': '', '이미지 설명': '', 'Scripts': '', '3': '', '버전 정보': 'S/W: RG3.KOR.P6.001.009.221030\nF/W: RG3.KOR.1.221024.MICOM\nNAVI: PRM6.KOR.GNS.221114.1247K91\nMAP: KOR.15.51.49.000.911.0'}}
[2022-11-28 16:06:34.864][I][MainWindow.py(set_color):576] 이전 버튼 색상 초기화:rgb(225, 225, 225)
[2022-11-28 16:06:34.864][I][MainWindow.py(set_color):578] 현재 버튼 색상: 보라색,#cc79a7
[2022-11-28 16:06:34.864][I][MainWindow.py(set_color):589] 색상처리를 위한 변수 result_count:{'pre_idx': ['PASS', 'PASS', 'PASS'], 'idx': ['', '', '']}, pre_idx:0, idx:1
[2022-11-28 16:06:34.864][I][MainWindow.py(set_color):610] 이전 버튼에 대한 색상 처리 완료
[2022-11-28 16:06:36.367][I][MainWindow.py(qbutton_clicked):618] statusbar에 이미지명 표시log.png
[2022-11-28 16:06:36.368][I][MainWindow.py(qbutton_clicked):625] 우측에 이미지 표시:C:/Users/9350816/Desktop\log.png
[2022-11-28 16:06:36.369][I][MainWindow.py(qbutton_clicked):635] 다른 이미지 클릭으로 이전 이미지 결과 저장함, self.result:{0: {'이미지': 'C:/Users/9350816/Desktop\\log.png', '테스트6': 'PASS', '테스트8': 'PASS', '테스트9': 'PASS', '이미지 설명': '', 'Scripts': '', '3': '', '버전 정보': 'S/W: RG3.KOR.P6.001.009.221030\nF/W: RG3.KOR.1.221024.MICOM\nNAVI: PRM6.KOR.GNS.221114.1247K91\nMAP: KOR.15.51.49.000.911.0'}, 1: {'이미지': 'C:/Users/9350816/Desktop\\다국어 자동화.png', '테스트6': '', '테스트8': '', '테스트9': '', '이미지 설명': '', 'Scripts': '', '3': '', '버전 정보': 'S/W: RG3.KOR.P6.001.009.221030\nF/W: RG3.KOR.1.221024.MICOM\nNAVI: PRM6.KOR.GNS.221114.1247K91\nMAP: KOR.15.51.49.000.911.0'}}
[2022-11-28 16:06:36.369][I][MainWindow.py(set_color):576] 이전 버튼 색상 초기화:rgb(225, 225, 225)
[2022-11-28 16:06:36.369][I][MainWindow.py(set_color):578] 현재 버튼 색상: 보라색,#cc79a7
[2022-11-28 16:06:36.369][I][MainWindow.py(set_color):589] 색상처리를 위한 변수 result_count:{'pre_idx': ['', '', ''], 'idx': ['PASS', 'PASS', 'PASS']}, pre_idx:1, idx:0
[2022-11-28 16:06:36.369][I][MainWindow.py(set_color):610] 이전 버튼에 대한 색상 처리 완료
[2022-11-28 16:06:41.062][I][MainWindow.py(qbutton_clicked):618] statusbar에 이미지명 표시다국어 자동화.png
[2022-11-28 16:06:41.064][I][MainWindow.py(qbutton_clicked):625] 우측에 이미지 표시:C:/Users/9350816/Desktop\다국어 자동화.png
[2022-11-28 16:06:41.064][I][MainWindow.py(qbutton_clicked):635] 다른 이미지 클릭으로 이전 이미지 결과 저장함, self.result:{0: {'이미지': 'C:/Users/9350816/Desktop\\log.png', '테스트6': 'PASS', '테스트8': 'PASS', '테스트9': 'PASS', '이미지 설명': '', 'Scripts': '', '3': '', '버전 정보': 'S/W: RG3.KOR.P6.001.009.221030\nF/W: RG3.KOR.1.221024.MICOM\nNAVI: PRM6.KOR.GNS.221114.1247K91\nMAP: KOR.15.51.49.000.911.0'}, 1: {'이미지': 'C:/Users/9350816/Desktop\\다국어 자동화.png', '테스트6': '', '테스트8': '', '테스트9': '', '이미지 설명': '', 'Scripts': '', '3': '', '버전 정보': 'S/W: RG3.KOR.P6.001.009.221030\nF/W: RG3.KOR.1.221024.MICOM\nNAVI: PRM6.KOR.GNS.221114.1247K91\nMAP: KOR.15.51.49.000.911.0'}}
[2022-11-28 16:06:41.064][I][MainWindow.py(set_color):576] 이전 버튼 색상 초기화:rgb(225, 225, 225)
[2022-11-28 16:06:41.065][I][MainWindow.py(set_color):578] 현재 버튼 색상: 보라색,#cc79a7
[2022-11-28 16:06:41.065][I][MainWindow.py(set_color):589] 색상처리를 위한 변수 result_count:{'pre_idx': ['PASS', 'PASS', 'PASS'], 'idx': ['', '', '']}, pre_idx:0, idx:1
[2022-11-28 16:06:41.065][I][MainWindow.py(set_color):610] 이전 버튼에 대한 색상 처리 완료
[2022-11-28 16:06:57.696][I][AutoBaseFunction.py(wrapper):11] __main__ : __ce_ui 실행 시작
[2022-11-28 16:06:57.696][I][AutoBaseFunction.py(wrapper):12] Parameter : False
[2022-11-28 16:06:57.697][I][AutoBaseFunction.py(wrapper):11] __main__ : setupUi 실행 시작
[2022-11-28 16:06:57.697][I][AutoBaseFunction.py(wrapper):12] Parameter : 
[2022-11-28 16:06:57.698][I][AutoBaseFunction.py(wrapper):11] __main__ : set_field_gridLayout 실행 시작
[2022-11-28 16:06:57.699][I][AutoBaseFunction.py(wrapper):12] Parameter : 
[2022-11-28 16:06:57.699][I][AutoBaseFunction.py(wrapper):16] __main__ : set_field_gridLayout 실행 종료
[2022-11-28 16:06:57.700][I][AutoBaseFunction.py(wrapper):11] __main__ : set_testList_hboxLayout 실행 시작
[2022-11-28 16:06:57.700][I][AutoBaseFunction.py(wrapper):12] Parameter : 
[2022-11-28 16:06:57.701][I][AutoBaseFunction.py(wrapper):16] __main__ : set_testList_hboxLayout 실행 종료
[2022-11-28 16:06:57.703][I][AutoBaseFunction.py(wrapper):16] __main__ : setupUi 실행 종료
[2022-11-28 16:06:57.703][I][AutoBaseFunction.py(wrapper):11] SubWindow.Menu_CreateExcel : setupUI_CreateExcel 실행 시작
[2022-11-28 16:06:57.703][I][AutoBaseFunction.py(wrapper):12] Parameter : 
[2022-11-28 16:06:57.704][I][AutoBaseFunction.py(wrapper):11] SubWindow.Menu_CreateExcel : new_excel_func 실행 시작
[2022-11-28 16:06:57.704][I][AutoBaseFunction.py(wrapper):12] Parameter : 
[2022-11-28 16:06:57.704][I][AutoBaseFunction.py(wrapper):16] SubWindow.Menu_CreateExcel : new_excel_func 실행 종료
[2022-11-28 16:06:57.704][I][AutoBaseFunction.py(wrapper):11] SubWindow.Menu_CreateExcel : set_excel_func 실행 시작
[2022-11-28 16:06:57.705][I][AutoBaseFunction.py(wrapper):12] Parameter : 
[2022-11-28 16:06:57.705][I][AutoBaseFunction.py(wrapper):16] SubWindow.Menu_CreateExcel : set_excel_func 실행 종료
[2022-11-28 16:06:57.705][I][AutoBaseFunction.py(wrapper):16] SubWindow.Menu_CreateExcel : setupUI_CreateExcel 실행 종료
[2022-11-28 16:06:57.720][I][AutoBaseFunction.py(wrapper):16] __main__ : __ce_ui 실행 종료
[2022-11-28 16:07:00.455][I][AutoBaseFunction.py(wrapper):11] SubWindow.Menu_CreateExcel : folder_toolButton_clicked 실행 시작
[2022-11-28 16:07:00.455][I][AutoBaseFunction.py(wrapper):12] Parameter : <PyQt5.QtWidgets.QLineEdit object at 0x0000020A6A2DA0E0>, False
[2022-11-28 16:07:02.094][I][AutoBaseFunction.py(wrapper):16] SubWindow.Menu_CreateExcel : folder_toolButton_clicked 실행 종료
[2022-11-28 16:07:03.334][I][AutoBaseFunction.py(wrapper):11] SubWindow.Menu_CreateExcel : func_check_run 실행 시작
[2022-11-28 16:07:03.335][I][AutoBaseFunction.py(wrapper):12] Parameter : False
[2022-11-28 16:07:15.548][I][excel_control.py(setting_Verification):82] 언어 설정 팝업에서 존재하지 않는 경로 알림 표시
[2022-11-28 16:07:15.552][I][AutoBaseFunction.py(wrapper):16] SubWindow.Menu_CreateExcel : func_check_run 실행 종료
[2022-11-28 16:08:06.303][I][AutoBaseFunction.py(wrapper):11] __main__ : __ce_ui 실행 시작
[2022-11-28 16:08:06.303][I][AutoBaseFunction.py(wrapper):12] Parameter : False
[2022-11-28 16:08:06.304][I][AutoBaseFunction.py(wrapper):11] __main__ : setupUi 실행 시작
[2022-11-28 16:08:06.304][I][AutoBaseFunction.py(wrapper):12] Parameter : 
[2022-11-28 16:08:06.305][I][AutoBaseFunction.py(wrapper):11] __main__ : set_field_gridLayout 실행 시작
[2022-11-28 16:08:06.305][I][AutoBaseFunction.py(wrapper):12] Parameter : 
[2022-11-28 16:08:06.306][I][AutoBaseFunction.py(wrapper):16] __main__ : set_field_gridLayout 실행 종료
[2022-11-28 16:08:06.307][I][AutoBaseFunction.py(wrapper):11] __main__ : set_testList_hboxLayout 실행 시작
[2022-11-28 16:08:06.307][I][AutoBaseFunction.py(wrapper):12] Parameter : 
[2022-11-28 16:08:06.308][I][AutoBaseFunction.py(wrapper):16] __main__ : set_testList_hboxLayout 실행 종료
[2022-11-28 16:08:06.310][I][AutoBaseFunction.py(wrapper):16] __main__ : setupUi 실행 종료
[2022-11-28 16:08:06.310][I][AutoBaseFunction.py(wrapper):11] SubWindow.Menu_CreateExcel : setupUI_CreateExcel 실행 시작
[2022-11-28 16:08:06.310][I][AutoBaseFunction.py(wrapper):12] Parameter : 
[2022-11-28 16:08:06.310][I][AutoBaseFunction.py(wrapper):11] SubWindow.Menu_CreateExcel : new_excel_func 실행 시작
[2022-11-28 16:08:06.311][I][AutoBaseFunction.py(wrapper):12] Parameter : 
[2022-11-28 16:08:06.311][I][AutoBaseFunction.py(wrapper):16] SubWindow.Menu_CreateExcel : new_excel_func 실행 종료
[2022-11-28 16:08:06.311][I][AutoBaseFunction.py(wrapper):11] SubWindow.Menu_CreateExcel : set_excel_func 실행 시작
[2022-11-28 16:08:06.311][I][AutoBaseFunction.py(wrapper):12] Parameter : 
[2022-11-28 16:08:06.311][I][AutoBaseFunction.py(wrapper):16] SubWindow.Menu_CreateExcel : set_excel_func 실행 종료
[2022-11-28 16:08:06.312][I][AutoBaseFunction.py(wrapper):16] SubWindow.Menu_CreateExcel : setupUI_CreateExcel 실행 종료
[2022-11-28 16:08:06.330][I][AutoBaseFunction.py(wrapper):16] __main__ : __ce_ui 실행 종료
[2022-11-28 16:08:08.606][I][AutoBaseFunction.py(wrapper):11] SubWindow.Menu_CreateExcel : folder_toolButton_clicked 실행 시작
[2022-11-28 16:08:08.606][I][AutoBaseFunction.py(wrapper):12] Parameter : <PyQt5.QtWidgets.QLineEdit object at 0x0000020A6A2FA200>, False
[2022-11-28 16:08:10.119][I][AutoBaseFunction.py(wrapper):16] SubWindow.Menu_CreateExcel : folder_toolButton_clicked 실행 종료
[2022-11-28 16:08:10.885][I][AutoBaseFunction.py(wrapper):11] SubWindow.Menu_CreateExcel : func_check_run 실행 시작
[2022-11-28 16:08:10.885][I][AutoBaseFunction.py(wrapper):12] Parameter : False
