[2022-11-29 10:24:59.379][D][LogManager.py(Init):10] LogManager Init function called !!!
[2022-11-29 10:24:59.501][I][AutoBaseFunction.py(wrapper):11] __main__ : setupUi 실행 시작
[2022-11-29 10:24:59.502][I][AutoBaseFunction.py(wrapper):12] Parameter : 
[2022-11-29 10:24:59.505][I][AutoBaseFunction.py(wrapper):11] __main__ : set_field_gridLayout 실행 시작
[2022-11-29 10:24:59.505][I][AutoBaseFunction.py(wrapper):12] Parameter : 
[2022-11-29 10:24:59.560][I][AutoBaseFunction.py(wrapper):16] __main__ : set_field_gridLayout 실행 종료
[2022-11-29 10:24:59.561][I][AutoBaseFunction.py(wrapper):11] __main__ : set_testList_hboxLayout 실행 시작
[2022-11-29 10:24:59.562][I][AutoBaseFunction.py(wrapper):12] Parameter : 
[2022-11-29 10:24:59.792][I][AutoBaseFunction.py(wrapper):16] __main__ : set_testList_hboxLayout 실행 종료
[2022-11-29 10:24:59.795][I][AutoBaseFunction.py(wrapper):16] __main__ : setupUi 실행 종료
[2022-11-29 10:25:01.194][I][AutoBaseFunction.py(wrapper):11] __main__ : __ce_ui 실행 시작
[2022-11-29 10:25:01.194][I][AutoBaseFunction.py(wrapper):12] Parameter : False
[2022-11-29 10:25:01.195][I][AutoBaseFunction.py(wrapper):11] __main__ : setupUi 실행 시작
[2022-11-29 10:25:01.195][I][AutoBaseFunction.py(wrapper):12] Parameter : 
[2022-11-29 10:25:01.197][I][AutoBaseFunction.py(wrapper):11] __main__ : set_field_gridLayout 실행 시작
[2022-11-29 10:25:01.197][I][AutoBaseFunction.py(wrapper):12] Parameter : 
[2022-11-29 10:25:01.197][I][AutoBaseFunction.py(wrapper):16] __main__ : set_field_gridLayout 실행 종료
[2022-11-29 10:25:01.198][I][AutoBaseFunction.py(wrapper):11] __main__ : set_testList_hboxLayout 실행 시작
[2022-11-29 10:25:01.198][I][AutoBaseFunction.py(wrapper):12] Parameter : 
[2022-11-29 10:25:01.199][I][AutoBaseFunction.py(wrapper):16] __main__ : set_testList_hboxLayout 실행 종료
[2022-11-29 10:25:01.202][I][AutoBaseFunction.py(wrapper):16] __main__ : setupUi 실행 종료
[2022-11-29 10:25:01.202][I][AutoBaseFunction.py(wrapper):11] SubWindow.Menu_CreateExcel : setupUI_CreateExcel 실행 시작
[2022-11-29 10:25:01.202][I][AutoBaseFunction.py(wrapper):12] Parameter : 
[2022-11-29 10:25:01.202][I][AutoBaseFunction.py(wrapper):11] SubWindow.Menu_CreateExcel : new_excel_func 실행 시작
[2022-11-29 10:25:01.203][I][AutoBaseFunction.py(wrapper):12] Parameter : 
[2022-11-29 10:25:01.203][I][AutoBaseFunction.py(wrapper):16] SubWindow.Menu_CreateExcel : new_excel_func 실행 종료
[2022-11-29 10:25:01.203][I][AutoBaseFunction.py(wrapper):11] SubWindow.Menu_CreateExcel : set_excel_func 실행 시작
[2022-11-29 10:25:01.203][I][AutoBaseFunction.py(wrapper):12] Parameter : 
[2022-11-29 10:25:01.203][I][AutoBaseFunction.py(wrapper):16] SubWindow.Menu_CreateExcel : set_excel_func 실행 종료
[2022-11-29 10:25:01.204][I][AutoBaseFunction.py(wrapper):16] SubWindow.Menu_CreateExcel : setupUI_CreateExcel 실행 종료
[2022-11-29 10:25:01.221][I][AutoBaseFunction.py(wrapper):16] __main__ : __ce_ui 실행 종료
[2022-11-29 10:25:04.624][I][AutoBaseFunction.py(wrapper):11] __main__ : closeEvent 실행 시작
[2022-11-29 10:25:04.625][I][AutoBaseFunction.py(wrapper):12] Parameter : <PyQt5.QtGui.QCloseEvent object at 0x000001CD87B51E58>
[2022-11-29 10:25:04.625][I][AutoBaseFunction.py(wrapper):16] __main__ : closeEvent 실행 종료
