[2022-11-28 11:07:13.286][D][LogManager.py(Init):10] LogManager Init function called !!!
[2022-11-28 11:07:13.624][I][AutoBaseFunction.py(wrapper):11] __main__ : setupUi 실행 시작
[2022-11-28 11:07:13.624][I][AutoBaseFunction.py(wrapper):12] Parameter : 
[2022-11-28 11:07:13.628][I][AutoBaseFunction.py(wrapper):11] __main__ : set_field_gridLayout 실행 시작
[2022-11-28 11:07:13.628][I][AutoBaseFunction.py(wrapper):12] Parameter : 
[2022-11-28 11:07:13.685][I][AutoBaseFunction.py(wrapper):16] __main__ : set_field_gridLayout 실행 종료
[2022-11-28 11:07:13.686][I][AutoBaseFunction.py(wrapper):11] __main__ : set_testList_hboxLayout 실행 시작
[2022-11-28 11:07:13.686][I][AutoBaseFunction.py(wrapper):12] Parameter : 
[2022-11-28 11:07:13.924][I][AutoBaseFunction.py(wrapper):16] __main__ : set_testList_hboxLayout 실행 종료
[2022-11-28 11:07:13.927][I][AutoBaseFunction.py(wrapper):16] __main__ : setupUi 실행 종료
[2022-11-28 11:07:18.319][I][AutoBaseFunction.py(wrapper):11] __main__ : __ce_ui 실행 시작
[2022-11-28 11:07:18.319][I][AutoBaseFunction.py(wrapper):12] Parameter : False
[2022-11-28 11:07:18.320][I][AutoBaseFunction.py(wrapper):11] __main__ : setupUi 실행 시작
[2022-11-28 11:07:18.320][I][AutoBaseFunction.py(wrapper):12] Parameter : 
[2022-11-28 11:07:18.321][I][AutoBaseFunction.py(wrapper):11] __main__ : set_field_gridLayout 실행 시작
[2022-11-28 11:07:18.321][I][AutoBaseFunction.py(wrapper):12] Parameter : 
[2022-11-28 11:07:18.322][I][AutoBaseFunction.py(wrapper):16] __main__ : set_field_gridLayout 실행 종료
[2022-11-28 11:07:18.322][I][AutoBaseFunction.py(wrapper):11] __main__ : set_testList_hboxLayout 실행 시작
[2022-11-28 11:07:18.323][I][AutoBaseFunction.py(wrapper):12] Parameter : 
[2022-11-28 11:07:18.323][I][AutoBaseFunction.py(wrapper):16] __main__ : set_testList_hboxLayout 실행 종료
[2022-11-28 11:07:18.326][I][AutoBaseFunction.py(wrapper):16] __main__ : setupUi 실행 종료
[2022-11-28 11:07:18.326][I][AutoBaseFunction.py(wrapper):11] SubWindow.Menu_CreateExcel : setupUI_CreateExcel 실행 시작
[2022-11-28 11:07:18.326][I][AutoBaseFunction.py(wrapper):12] Parameter : 
[2022-11-28 11:07:18.326][I][AutoBaseFunction.py(wrapper):11] SubWindow.Menu_CreateExcel : new_excel_func 실행 시작
[2022-11-28 11:07:18.326][I][AutoBaseFunction.py(wrapper):12] Parameter : 
[2022-11-28 11:07:18.327][I][AutoBaseFunction.py(wrapper):16] SubWindow.Menu_CreateExcel : new_excel_func 실행 종료
[2022-11-28 11:07:18.327][I][AutoBaseFunction.py(wrapper):11] SubWindow.Menu_CreateExcel : set_excel_func 실행 시작
[2022-11-28 11:07:18.327][I][AutoBaseFunction.py(wrapper):12] Parameter : 
[2022-11-28 11:07:18.327][I][AutoBaseFunction.py(wrapper):16] SubWindow.Menu_CreateExcel : set_excel_func 실행 종료
[2022-11-28 11:07:18.327][I][AutoBaseFunction.py(wrapper):16] SubWindow.Menu_CreateExcel : setupUI_CreateExcel 실행 종료
[2022-11-28 11:07:18.346][I][AutoBaseFunction.py(wrapper):16] __main__ : __ce_ui 실행 종료
[2022-11-28 11:07:23.364][I][AutoBaseFunction.py(wrapper):11] SubWindow.Menu_CreateExcel : func_check_run 실행 시작
[2022-11-28 11:07:23.364][I][AutoBaseFunction.py(wrapper):12] Parameter : False
[2022-11-28 11:07:24.385][I][AutoBaseFunction.py(wrapper):16] SubWindow.Menu_CreateExcel : func_check_run 실행 종료
[2022-11-28 11:07:26.004][I][AutoBaseFunction.py(wrapper):11] SubWindow.Menu_CreateExcel : func_cencel 실행 시작
[2022-11-28 11:07:26.004][I][AutoBaseFunction.py(wrapper):12] Parameter : False
[2022-11-28 11:07:26.009][I][AutoBaseFunction.py(wrapper):16] SubWindow.Menu_CreateExcel : func_cencel 실행 종료
[2022-11-28 11:07:28.086][I][AutoBaseFunction.py(wrapper):11] __main__ : __ce_ui 실행 시작
[2022-11-28 11:07:28.086][I][AutoBaseFunction.py(wrapper):12] Parameter : False
[2022-11-28 11:07:28.087][I][AutoBaseFunction.py(wrapper):11] __main__ : setupUi 실행 시작
[2022-11-28 11:07:28.087][I][AutoBaseFunction.py(wrapper):12] Parameter : 
[2022-11-28 11:07:28.089][I][AutoBaseFunction.py(wrapper):11] __main__ : set_field_gridLayout 실행 시작
[2022-11-28 11:07:28.089][I][AutoBaseFunction.py(wrapper):12] Parameter : 
[2022-11-28 11:07:28.090][I][AutoBaseFunction.py(wrapper):16] __main__ : set_field_gridLayout 실행 종료
[2022-11-28 11:07:28.090][I][AutoBaseFunction.py(wrapper):11] __main__ : set_testList_hboxLayout 실행 시작
[2022-11-28 11:07:28.091][I][AutoBaseFunction.py(wrapper):12] Parameter : 
[2022-11-28 11:07:28.092][I][AutoBaseFunction.py(wrapper):16] __main__ : set_testList_hboxLayout 실행 종료
[2022-11-28 11:07:28.096][I][AutoBaseFunction.py(wrapper):16] __main__ : setupUi 실행 종료
[2022-11-28 11:07:28.096][I][AutoBaseFunction.py(wrapper):11] SubWindow.Menu_CreateExcel : setupUI_CreateExcel 실행 시작
[2022-11-28 11:07:28.097][I][AutoBaseFunction.py(wrapper):12] Parameter : 
[2022-11-28 11:07:28.097][I][AutoBaseFunction.py(wrapper):11] SubWindow.Menu_CreateExcel : new_excel_func 실행 시작
[2022-11-28 11:07:28.097][I][AutoBaseFunction.py(wrapper):12] Parameter : 
[2022-11-28 11:07:28.097][I][AutoBaseFunction.py(wrapper):16] SubWindow.Menu_CreateExcel : new_excel_func 실행 종료
[2022-11-28 11:07:28.097][I][AutoBaseFunction.py(wrapper):11] SubWindow.Menu_CreateExcel : set_excel_func 실행 시작
[2022-11-28 11:07:28.098][I][AutoBaseFunction.py(wrapper):12] Parameter : 
[2022-11-28 11:07:28.098][I][AutoBaseFunction.py(wrapper):16] SubWindow.Menu_CreateExcel : set_excel_func 실행 종료
[2022-11-28 11:07:28.098][I][AutoBaseFunction.py(wrapper):16] SubWindow.Menu_CreateExcel : setupUI_CreateExcel 실행 종료
[2022-11-28 11:07:28.112][I][AutoBaseFunction.py(wrapper):16] __main__ : __ce_ui 실행 종료
[2022-11-28 11:07:31.940][I][AutoBaseFunction.py(wrapper):11] SubWindow.Menu_CreateExcel : func_check_run 실행 시작
[2022-11-28 11:07:31.940][I][AutoBaseFunction.py(wrapper):12] Parameter : False
[2022-11-28 11:07:32.817][I][AutoBaseFunction.py(wrapper):16] SubWindow.Menu_CreateExcel : func_check_run 실행 종료
[2022-11-28 11:07:38.624][I][AutoBaseFunction.py(wrapper):11] __main__ : __ce_ui 실행 시작
[2022-11-28 11:07:38.624][I][AutoBaseFunction.py(wrapper):12] Parameter : False
[2022-11-28 11:07:38.625][I][AutoBaseFunction.py(wrapper):11] __main__ : setupUi 실행 시작
[2022-11-28 11:07:38.626][I][AutoBaseFunction.py(wrapper):12] Parameter : 
[2022-11-28 11:07:38.627][I][AutoBaseFunction.py(wrapper):11] __main__ : set_field_gridLayout 실행 시작
[2022-11-28 11:07:38.627][I][AutoBaseFunction.py(wrapper):12] Parameter : 
[2022-11-28 11:07:38.628][I][AutoBaseFunction.py(wrapper):16] __main__ : set_field_gridLayout 실행 종료
[2022-11-28 11:07:38.628][I][AutoBaseFunction.py(wrapper):11] __main__ : set_testList_hboxLayout 실행 시작
[2022-11-28 11:07:38.629][I][AutoBaseFunction.py(wrapper):12] Parameter : 
[2022-11-28 11:07:38.630][I][AutoBaseFunction.py(wrapper):16] __main__ : set_testList_hboxLayout 실행 종료
[2022-11-28 11:07:38.633][I][AutoBaseFunction.py(wrapper):16] __main__ : setupUi 실행 종료
[2022-11-28 11:07:38.633][I][AutoBaseFunction.py(wrapper):11] SubWindow.Menu_CreateExcel : setupUI_CreateExcel 실행 시작
[2022-11-28 11:07:38.633][I][AutoBaseFunction.py(wrapper):12] Parameter : 
[2022-11-28 11:07:38.634][I][AutoBaseFunction.py(wrapper):11] SubWindow.Menu_CreateExcel : new_excel_func 실행 시작
[2022-11-28 11:07:38.634][I][AutoBaseFunction.py(wrapper):12] Parameter : 
[2022-11-28 11:07:38.634][I][AutoBaseFunction.py(wrapper):16] SubWindow.Menu_CreateExcel : new_excel_func 실행 종료
[2022-11-28 11:07:38.634][I][AutoBaseFunction.py(wrapper):11] SubWindow.Menu_CreateExcel : set_excel_func 실행 시작
[2022-11-28 11:07:38.635][I][AutoBaseFunction.py(wrapper):12] Parameter : 
[2022-11-28 11:07:38.635][I][AutoBaseFunction.py(wrapper):16] SubWindow.Menu_CreateExcel : set_excel_func 실행 종료
[2022-11-28 11:07:38.635][I][AutoBaseFunction.py(wrapper):16] SubWindow.Menu_CreateExcel : setupUI_CreateExcel 실행 종료
[2022-11-28 11:07:38.651][I][AutoBaseFunction.py(wrapper):16] __main__ : __ce_ui 실행 종료
[2022-11-28 11:07:40.404][I][AutoBaseFunction.py(wrapper):11] SubWindow.Menu_CreateExcel : func_check_run 실행 시작
[2022-11-28 11:07:40.405][I][AutoBaseFunction.py(wrapper):12] Parameter : False
[2022-11-28 11:07:44.937][I][AutoBaseFunction.py(wrapper):16] SubWindow.Menu_CreateExcel : func_check_run 실행 종료
[2022-11-28 11:07:49.950][I][AutoBaseFunction.py(wrapper):11] SubWindow.Menu_CreateExcel : func_check_run 실행 시작
[2022-11-28 11:07:49.950][I][AutoBaseFunction.py(wrapper):12] Parameter : False
[2022-11-28 11:08:04.385][I][AutoBaseFunction.py(wrapper):16] SubWindow.Menu_CreateExcel : func_check_run 실행 종료
[2022-11-28 11:08:09.716][I][AutoBaseFunction.py(wrapper):11] SubWindow.Menu_CreateExcel : func_cencel 실행 시작
[2022-11-28 11:08:09.716][I][AutoBaseFunction.py(wrapper):12] Parameter : False
[2022-11-28 11:08:09.720][I][AutoBaseFunction.py(wrapper):16] SubWindow.Menu_CreateExcel : func_cencel 실행 종료
[2022-11-28 11:08:11.141][I][AutoBaseFunction.py(wrapper):11] __main__ : __ce_ui 실행 시작
[2022-11-28 11:08:11.141][I][AutoBaseFunction.py(wrapper):12] Parameter : False
[2022-11-28 11:08:11.142][I][AutoBaseFunction.py(wrapper):11] __main__ : setupUi 실행 시작
[2022-11-28 11:08:11.143][I][AutoBaseFunction.py(wrapper):12] Parameter : 
[2022-11-28 11:08:11.146][I][AutoBaseFunction.py(wrapper):11] __main__ : set_field_gridLayout 실행 시작
[2022-11-28 11:08:11.146][I][AutoBaseFunction.py(wrapper):12] Parameter : 
[2022-11-28 11:08:11.146][I][AutoBaseFunction.py(wrapper):16] __main__ : set_field_gridLayout 실행 종료
[2022-11-28 11:08:11.147][I][AutoBaseFunction.py(wrapper):11] __main__ : set_testList_hboxLayout 실행 시작
[2022-11-28 11:08:11.147][I][AutoBaseFunction.py(wrapper):12] Parameter : 
[2022-11-28 11:08:11.148][I][AutoBaseFunction.py(wrapper):16] __main__ : set_testList_hboxLayout 실행 종료
[2022-11-28 11:08:11.150][I][AutoBaseFunction.py(wrapper):16] __main__ : setupUi 실행 종료
[2022-11-28 11:08:11.150][I][AutoBaseFunction.py(wrapper):11] SubWindow.Menu_CreateExcel : setupUI_CreateExcel 실행 시작
[2022-11-28 11:08:11.150][I][AutoBaseFunction.py(wrapper):12] Parameter : 
[2022-11-28 11:08:11.151][I][AutoBaseFunction.py(wrapper):11] SubWindow.Menu_CreateExcel : new_excel_func 실행 시작
[2022-11-28 11:08:11.151][I][AutoBaseFunction.py(wrapper):12] Parameter : 
[2022-11-28 11:08:11.151][I][AutoBaseFunction.py(wrapper):16] SubWindow.Menu_CreateExcel : new_excel_func 실행 종료
[2022-11-28 11:08:11.151][I][AutoBaseFunction.py(wrapper):11] SubWindow.Menu_CreateExcel : set_excel_func 실행 시작
[2022-11-28 11:08:11.151][I][AutoBaseFunction.py(wrapper):12] Parameter : 
[2022-11-28 11:08:11.152][I][AutoBaseFunction.py(wrapper):16] SubWindow.Menu_CreateExcel : set_excel_func 실행 종료
[2022-11-28 11:08:11.152][I][AutoBaseFunction.py(wrapper):16] SubWindow.Menu_CreateExcel : setupUI_CreateExcel 실행 종료
[2022-11-28 11:08:11.166][I][AutoBaseFunction.py(wrapper):16] __main__ : __ce_ui 실행 종료
[2022-11-28 11:08:13.837][I][AutoBaseFunction.py(wrapper):11] SubWindow.Menu_CreateExcel : folder_toolButton_clicked 실행 시작
[2022-11-28 11:08:13.837][I][AutoBaseFunction.py(wrapper):12] Parameter : <PyQt5.QtWidgets.QLineEdit object at 0x000002A5D6C49750>, False
[2022-11-28 11:08:16.182][I][AutoBaseFunction.py(wrapper):16] SubWindow.Menu_CreateExcel : folder_toolButton_clicked 실행 종료
[2022-11-28 11:08:16.982][I][AutoBaseFunction.py(wrapper):11] SubWindow.Menu_CreateExcel : folder_toolButton_clicked 실행 시작
[2022-11-28 11:08:16.983][I][AutoBaseFunction.py(wrapper):12] Parameter : <PyQt5.QtWidgets.QLineEdit object at 0x000002A5D6C49750>, False
[2022-11-28 11:08:20.730][I][AutoBaseFunction.py(wrapper):16] SubWindow.Menu_CreateExcel : folder_toolButton_clicked 실행 종료
[2022-11-28 11:08:23.782][I][AutoBaseFunction.py(wrapper):11] SubWindow.Menu_CreateExcel : folder_toolButton_clicked 실행 시작
[2022-11-28 11:08:23.782][I][AutoBaseFunction.py(wrapper):12] Parameter : <PyQt5.QtWidgets.QLineEdit object at 0x000002A5D6C49750>, False
[2022-11-28 11:08:27.479][I][AutoBaseFunction.py(wrapper):16] SubWindow.Menu_CreateExcel : folder_toolButton_clicked 실행 종료
[2022-11-28 11:08:36.189][I][AutoBaseFunction.py(wrapper):11] SubWindow.Menu_CreateExcel : func_check_run 실행 시작
[2022-11-28 11:08:36.189][I][AutoBaseFunction.py(wrapper):12] Parameter : False
[2022-11-28 11:08:37.203][E][AutoBaseFunction.py(wrapper):19] Traceback (most recent call last):
  File "d:\Skillup\2022_skillup\Helper\AutoBaseFunction.py", line 15, in wrapper
    func(self, *args)
  File "d:\Skillup\2022_skillup\SubWindow\Menu_CreateExcel.py", line 288, in func_check_run
    excelRun(self.new_excel_path, lang_choice_list, True)
  File "d:\Skillup\2022_skillup\SubWindow\excel_control.py", line 52, in __init__
    self.exModuls = excelModul(save_path = save_path, lang_List = lang_List, new_set_difference = new_set_difference, wb= wb)
                    ^^^^^^^^^^^^^^^^^^^^^^^^^^^^^^^^^^^^^^^^^^^^^^^^^^^^^^^^^^^^^^^^^^^^^^^^^^^^^^^^^^^^^^^^^^^^^^^^^^^^^^^^^
  File "d:\Skillup\2022_skillup\SubWindow\excel_control.py", line 105, in __init__
    self.excel_setup()
  File "d:\Skillup\2022_skillup\SubWindow\excel_control.py", line 169, in excel_setup
    self.IMG_WIDTHSIZE = int(excel_setList[0]) # 이미지 가로 크기
                             ~~~~~~~~~~~~~^^^
IndexError: list index out of range

