[2022-11-29 10:21:42.618][D][LogManager.py(Init):10] LogManager Init function called !!!
[2022-11-29 10:21:42.731][I][AutoBaseFunction.py(wrapper):11] __main__ : setupUi 실행 시작
[2022-11-29 10:21:42.732][I][AutoBaseFunction.py(wrapper):12] Parameter : 
[2022-11-29 10:21:42.734][I][AutoBaseFunction.py(wrapper):11] __main__ : set_field_gridLayout 실행 시작
[2022-11-29 10:21:42.735][I][AutoBaseFunction.py(wrapper):12] Parameter : 
[2022-11-29 10:21:42.759][I][AutoBaseFunction.py(wrapper):16] __main__ : set_field_gridLayout 실행 종료
[2022-11-29 10:21:42.760][I][AutoBaseFunction.py(wrapper):11] __main__ : set_testList_hboxLayout 실행 시작
[2022-11-29 10:21:42.760][I][AutoBaseFunction.py(wrapper):12] Parameter : 
[2022-11-29 10:21:42.986][I][AutoBaseFunction.py(wrapper):16] __main__ : set_testList_hboxLayout 실행 종료
[2022-11-29 10:21:42.990][I][AutoBaseFunction.py(wrapper):16] __main__ : setupUi 실행 종료
[2022-11-29 10:21:44.971][I][AutoBaseFunction.py(wrapper):11] __main__ : __ce_ui 실행 시작
[2022-11-29 10:21:44.971][I][AutoBaseFunction.py(wrapper):12] Parameter : False
[2022-11-29 10:21:44.972][I][AutoBaseFunction.py(wrapper):11] __main__ : setupUi 실행 시작
[2022-11-29 10:21:44.972][I][AutoBaseFunction.py(wrapper):12] Parameter : 
[2022-11-29 10:21:44.974][I][AutoBaseFunction.py(wrapper):11] __main__ : set_field_gridLayout 실행 시작
[2022-11-29 10:21:44.974][I][AutoBaseFunction.py(wrapper):12] Parameter : 
[2022-11-29 10:21:44.974][I][AutoBaseFunction.py(wrapper):16] __main__ : set_field_gridLayout 실행 종료
[2022-11-29 10:21:44.975][I][AutoBaseFunction.py(wrapper):11] __main__ : set_testList_hboxLayout 실행 시작
[2022-11-29 10:21:44.975][I][AutoBaseFunction.py(wrapper):12] Parameter : 
[2022-11-29 10:21:44.976][I][AutoBaseFunction.py(wrapper):16] __main__ : set_testList_hboxLayout 실행 종료
[2022-11-29 10:21:44.978][I][AutoBaseFunction.py(wrapper):16] __main__ : setupUi 실행 종료
[2022-11-29 10:21:44.978][I][AutoBaseFunction.py(wrapper):11] SubWindow.Menu_CreateExcel : setupUI_CreateExcel 실행 시작
[2022-11-29 10:21:44.978][I][AutoBaseFunction.py(wrapper):12] Parameter : 
[2022-11-29 10:21:44.979][I][AutoBaseFunction.py(wrapper):11] SubWindow.Menu_CreateExcel : new_excel_func 실행 시작
[2022-11-29 10:21:44.979][I][AutoBaseFunction.py(wrapper):12] Parameter : 
[2022-11-29 10:21:44.979][I][AutoBaseFunction.py(wrapper):16] SubWindow.Menu_CreateExcel : new_excel_func 실행 종료
[2022-11-29 10:21:44.979][I][AutoBaseFunction.py(wrapper):11] SubWindow.Menu_CreateExcel : set_excel_func 실행 시작
[2022-11-29 10:21:44.979][I][AutoBaseFunction.py(wrapper):12] Parameter : 
[2022-11-29 10:21:44.979][I][AutoBaseFunction.py(wrapper):16] SubWindow.Menu_CreateExcel : set_excel_func 실행 종료
[2022-11-29 10:21:44.979][I][AutoBaseFunction.py(wrapper):16] SubWindow.Menu_CreateExcel : setupUI_CreateExcel 실행 종료
[2022-11-29 10:21:44.995][I][AutoBaseFunction.py(wrapper):16] __main__ : __ce_ui 실행 종료
[2022-11-29 10:21:46.714][I][AutoBaseFunction.py(wrapper):11] SubWindow.Menu_CreateExcel : folder_toolButton_clicked 실행 시작
[2022-11-29 10:21:46.714][I][AutoBaseFunction.py(wrapper):12] Parameter : <PyQt5.QtWidgets.QLineEdit object at 0x000002791024FF78>, False
[2022-11-29 10:21:48.172][I][AutoBaseFunction.py(wrapper):16] SubWindow.Menu_CreateExcel : folder_toolButton_clicked 실행 종료
[2022-11-29 10:21:48.761][I][AutoBaseFunction.py(wrapper):11] SubWindow.Menu_CreateExcel : func_check_run 실행 시작
[2022-11-29 10:21:48.761][I][AutoBaseFunction.py(wrapper):12] Parameter : False
[2022-11-29 10:22:02.227][I][AutoBaseFunction.py(wrapper):11] __main__ : show_setup_ExcelSetting 실행 시작
[2022-11-29 10:22:02.227][I][AutoBaseFunction.py(wrapper):12] Parameter : False
[2022-11-29 10:22:02.227][I][AutoBaseFunction.py(wrapper):11] SubWindow.Setup_ExcelSetting : setupUI_Excel_Setting 실행 시작
[2022-11-29 10:22:02.227][I][AutoBaseFunction.py(wrapper):12] Parameter : 
[2022-11-29 10:22:02.229][I][AutoBaseFunction.py(wrapper):11] SubWindow.Setup_ExcelSetting : tl_set_slot 실행 시작
[2022-11-29 10:22:02.229][I][AutoBaseFunction.py(wrapper):12] Parameter : 
[2022-11-29 10:22:02.229][I][AutoBaseFunction.py(wrapper):16] SubWindow.Setup_ExcelSetting : tl_set_slot 실행 종료
[2022-11-29 10:22:02.229][I][AutoBaseFunction.py(wrapper):11] SubWindow.Setup_ExcelSetting : tl_ini_set 실행 시작
[2022-11-29 10:22:02.229][I][AutoBaseFunction.py(wrapper):12] Parameter : 
[2022-11-29 10:22:02.230][I][AutoBaseFunction.py(wrapper):16] SubWindow.Setup_ExcelSetting : tl_ini_set 실행 종료
[2022-11-29 10:22:02.230][I][AutoBaseFunction.py(wrapper):16] SubWindow.Setup_ExcelSetting : setupUI_Excel_Setting 실행 종료
[2022-11-29 10:22:02.237][I][MainWindow.py(show_setup_ExcelSetting):325] 엑셀 설정 팝업 열림
[2022-11-29 10:22:02.237][I][AutoBaseFunction.py(wrapper):16] __main__ : show_setup_ExcelSetting 실행 종료
[2022-11-29 10:22:06.185][I][AutoBaseFunction.py(wrapper):11] SubWindow.Setup_ExcelSetting : keyPressEvent 실행 시작
[2022-11-29 10:22:06.186][I][AutoBaseFunction.py(wrapper):12] Parameter : <PyQt5.QtGui.QKeyEvent object at 0x0000027915056A68>
[2022-11-29 10:22:06.186][I][AutoBaseFunction.py(wrapper):11] SubWindow.Setup_ExcelSetting : ok_Button_clicked 실행 시작
[2022-11-29 10:22:06.186][I][AutoBaseFunction.py(wrapper):12] Parameter : None
[2022-11-29 10:22:06.186][I][Setup_ExcelSetting.py(ok_Button_clicked):102] 엑셀 설정 팝업 확인 버튼 선택
[2022-11-29 10:22:06.187][I][Setup_ExcelSetting.py(ok_Button_clicked):146] 1:평가 목록 팝업에 400 추가
[2022-11-29 10:22:06.189][I][Setup_ExcelSetting.py(ok_Button_clicked):146] 2:평가 목록 팝업에 100 추가
[2022-11-29 10:22:06.191][I][Setup_ExcelSetting.py(ok_Button_clicked):146] 3:평가 목록 팝업에 0 추가
[2022-11-29 10:22:06.193][I][Setup_ExcelSetting.py(ok_Button_clicked):146] 4:평가 목록 팝업에 50 추가
[2022-11-29 10:22:06.195][I][Setup_ExcelSetting.py(ok_Button_clicked):146] 5:평가 목록 팝업에 15 추가
[2022-11-29 10:22:06.196][I][MainWindow.py(ts_emit):427] 엑셀 설정 팝업 닫힘으로 메인창 활성화
[2022-11-29 10:22:06.200][I][AutoBaseFunction.py(wrapper):16] SubWindow.Setup_ExcelSetting : ok_Button_clicked 실행 종료
[2022-11-29 10:22:06.200][I][AutoBaseFunction.py(wrapper):16] SubWindow.Setup_ExcelSetting : keyPressEvent 실행 종료
[2022-11-29 10:22:08.227][I][AutoBaseFunction.py(wrapper):11] __main__ : __ce_ui 실행 시작
[2022-11-29 10:22:08.227][I][AutoBaseFunction.py(wrapper):12] Parameter : False
[2022-11-29 10:22:08.228][I][AutoBaseFunction.py(wrapper):11] __main__ : setupUi 실행 시작
[2022-11-29 10:22:08.228][I][AutoBaseFunction.py(wrapper):12] Parameter : 
[2022-11-29 10:22:08.229][I][AutoBaseFunction.py(wrapper):11] __main__ : set_field_gridLayout 실행 시작
[2022-11-29 10:22:08.229][I][AutoBaseFunction.py(wrapper):12] Parameter : 
[2022-11-29 10:22:08.230][I][AutoBaseFunction.py(wrapper):16] __main__ : set_field_gridLayout 실행 종료
[2022-11-29 10:22:08.230][I][AutoBaseFunction.py(wrapper):11] __main__ : set_testList_hboxLayout 실행 시작
[2022-11-29 10:22:08.230][I][AutoBaseFunction.py(wrapper):12] Parameter : 
[2022-11-29 10:22:08.231][I][AutoBaseFunction.py(wrapper):16] __main__ : set_testList_hboxLayout 실행 종료
[2022-11-29 10:22:08.234][I][AutoBaseFunction.py(wrapper):16] __main__ : setupUi 실행 종료
[2022-11-29 10:22:08.234][I][AutoBaseFunction.py(wrapper):11] SubWindow.Menu_CreateExcel : setupUI_CreateExcel 실행 시작
[2022-11-29 10:22:08.234][I][AutoBaseFunction.py(wrapper):12] Parameter : 
[2022-11-29 10:22:08.234][I][AutoBaseFunction.py(wrapper):11] SubWindow.Menu_CreateExcel : new_excel_func 실행 시작
[2022-11-29 10:22:08.234][I][AutoBaseFunction.py(wrapper):12] Parameter : 
[2022-11-29 10:22:08.235][I][AutoBaseFunction.py(wrapper):16] SubWindow.Menu_CreateExcel : new_excel_func 실행 종료
[2022-11-29 10:22:08.235][I][AutoBaseFunction.py(wrapper):11] SubWindow.Menu_CreateExcel : set_excel_func 실행 시작
[2022-11-29 10:22:08.235][I][AutoBaseFunction.py(wrapper):12] Parameter : 
[2022-11-29 10:22:08.235][I][AutoBaseFunction.py(wrapper):16] SubWindow.Menu_CreateExcel : set_excel_func 실행 종료
[2022-11-29 10:22:08.235][I][AutoBaseFunction.py(wrapper):16] SubWindow.Menu_CreateExcel : setupUI_CreateExcel 실행 종료
[2022-11-29 10:22:08.249][I][AutoBaseFunction.py(wrapper):16] __main__ : __ce_ui 실행 종료
[2022-11-29 10:22:09.674][I][AutoBaseFunction.py(wrapper):11] SubWindow.Menu_CreateExcel : folder_toolButton_clicked 실행 시작
[2022-11-29 10:22:09.674][I][AutoBaseFunction.py(wrapper):12] Parameter : <PyQt5.QtWidgets.QLineEdit object at 0x0000027915078828>, False
[2022-11-29 10:22:11.006][I][AutoBaseFunction.py(wrapper):16] SubWindow.Menu_CreateExcel : folder_toolButton_clicked 실행 종료
[2022-11-29 10:22:12.273][I][AutoBaseFunction.py(wrapper):11] SubWindow.Menu_CreateExcel : func_check_run 실행 시작
[2022-11-29 10:22:12.273][I][AutoBaseFunction.py(wrapper):12] Parameter : False
[2022-11-29 10:22:27.994][I][AutoBaseFunction.py(wrapper):11] __main__ : show_setup_ExcelSetting 실행 시작
[2022-11-29 10:22:27.994][I][AutoBaseFunction.py(wrapper):12] Parameter : False
[2022-11-29 10:22:27.994][I][AutoBaseFunction.py(wrapper):11] SubWindow.Setup_ExcelSetting : setupUI_Excel_Setting 실행 시작
[2022-11-29 10:22:27.994][I][AutoBaseFunction.py(wrapper):12] Parameter : 
[2022-11-29 10:22:27.996][I][AutoBaseFunction.py(wrapper):11] SubWindow.Setup_ExcelSetting : tl_set_slot 실행 시작
[2022-11-29 10:22:27.996][I][AutoBaseFunction.py(wrapper):12] Parameter : 
[2022-11-29 10:22:27.996][I][AutoBaseFunction.py(wrapper):16] SubWindow.Setup_ExcelSetting : tl_set_slot 실행 종료
[2022-11-29 10:22:27.996][I][AutoBaseFunction.py(wrapper):11] SubWindow.Setup_ExcelSetting : tl_ini_set 실행 시작
[2022-11-29 10:22:27.996][I][AutoBaseFunction.py(wrapper):12] Parameter : 
[2022-11-29 10:22:27.997][I][AutoBaseFunction.py(wrapper):16] SubWindow.Setup_ExcelSetting : tl_ini_set 실행 종료
[2022-11-29 10:22:27.997][I][AutoBaseFunction.py(wrapper):16] SubWindow.Setup_ExcelSetting : setupUI_Excel_Setting 실행 종료
[2022-11-29 10:22:28.005][I][MainWindow.py(show_setup_ExcelSetting):325] 엑셀 설정 팝업 열림
[2022-11-29 10:22:28.005][I][AutoBaseFunction.py(wrapper):16] __main__ : show_setup_ExcelSetting 실행 종료
[2022-11-29 10:22:34.297][I][AutoBaseFunction.py(wrapper):11] SubWindow.Setup_ExcelSetting : keyPressEvent 실행 시작
[2022-11-29 10:22:34.297][I][AutoBaseFunction.py(wrapper):12] Parameter : <PyQt5.QtGui.QKeyEvent object at 0x000002790E03D0D8>
[2022-11-29 10:22:34.297][I][AutoBaseFunction.py(wrapper):11] SubWindow.Setup_ExcelSetting : ok_Button_clicked 실행 시작
[2022-11-29 10:22:34.297][I][AutoBaseFunction.py(wrapper):12] Parameter : None
[2022-11-29 10:22:34.297][I][Setup_ExcelSetting.py(ok_Button_clicked):102] 엑셀 설정 팝업 확인 버튼 선택
[2022-11-29 10:22:34.299][I][Setup_ExcelSetting.py(ok_Button_clicked):146] 1:평가 목록 팝업에 400 추가
[2022-11-29 10:22:34.301][I][Setup_ExcelSetting.py(ok_Button_clicked):146] 2:평가 목록 팝업에 150 추가
[2022-11-29 10:22:34.303][I][Setup_ExcelSetting.py(ok_Button_clicked):146] 3:평가 목록 팝업에 0 추가
[2022-11-29 10:22:34.306][I][Setup_ExcelSetting.py(ok_Button_clicked):146] 4:평가 목록 팝업에 50 추가
[2022-11-29 10:22:34.308][I][Setup_ExcelSetting.py(ok_Button_clicked):146] 5:평가 목록 팝업에 15 추가
[2022-11-29 10:22:34.308][I][MainWindow.py(ts_emit):427] 엑셀 설정 팝업 닫힘으로 메인창 활성화
[2022-11-29 10:22:34.314][I][AutoBaseFunction.py(wrapper):16] SubWindow.Setup_ExcelSetting : ok_Button_clicked 실행 종료
[2022-11-29 10:22:34.314][I][AutoBaseFunction.py(wrapper):16] SubWindow.Setup_ExcelSetting : keyPressEvent 실행 종료
[2022-11-29 10:22:36.722][I][AutoBaseFunction.py(wrapper):11] __main__ : __ce_ui 실행 시작
[2022-11-29 10:22:36.723][I][AutoBaseFunction.py(wrapper):12] Parameter : False
[2022-11-29 10:22:36.724][I][AutoBaseFunction.py(wrapper):11] __main__ : setupUi 실행 시작
[2022-11-29 10:22:36.724][I][AutoBaseFunction.py(wrapper):12] Parameter : 
[2022-11-29 10:22:36.725][I][AutoBaseFunction.py(wrapper):11] __main__ : set_field_gridLayout 실행 시작
[2022-11-29 10:22:36.725][I][AutoBaseFunction.py(wrapper):12] Parameter : 
[2022-11-29 10:22:36.726][I][AutoBaseFunction.py(wrapper):16] __main__ : set_field_gridLayout 실행 종료
[2022-11-29 10:22:36.726][I][AutoBaseFunction.py(wrapper):11] __main__ : set_testList_hboxLayout 실행 시작
[2022-11-29 10:22:36.726][I][AutoBaseFunction.py(wrapper):12] Parameter : 
[2022-11-29 10:22:36.727][I][AutoBaseFunction.py(wrapper):16] __main__ : set_testList_hboxLayout 실행 종료
[2022-11-29 10:22:36.730][I][AutoBaseFunction.py(wrapper):16] __main__ : setupUi 실행 종료
[2022-11-29 10:22:36.730][I][AutoBaseFunction.py(wrapper):11] SubWindow.Menu_CreateExcel : setupUI_CreateExcel 실행 시작
[2022-11-29 10:22:36.730][I][AutoBaseFunction.py(wrapper):12] Parameter : 
[2022-11-29 10:22:36.731][I][AutoBaseFunction.py(wrapper):11] SubWindow.Menu_CreateExcel : new_excel_func 실행 시작
[2022-11-29 10:22:36.731][I][AutoBaseFunction.py(wrapper):12] Parameter : 
[2022-11-29 10:22:36.731][I][AutoBaseFunction.py(wrapper):16] SubWindow.Menu_CreateExcel : new_excel_func 실행 종료
[2022-11-29 10:22:36.731][I][AutoBaseFunction.py(wrapper):11] SubWindow.Menu_CreateExcel : set_excel_func 실행 시작
[2022-11-29 10:22:36.731][I][AutoBaseFunction.py(wrapper):12] Parameter : 
[2022-11-29 10:22:36.732][I][AutoBaseFunction.py(wrapper):16] SubWindow.Menu_CreateExcel : set_excel_func 실행 종료
[2022-11-29 10:22:36.732][I][AutoBaseFunction.py(wrapper):16] SubWindow.Menu_CreateExcel : setupUI_CreateExcel 실행 종료
[2022-11-29 10:22:36.747][I][AutoBaseFunction.py(wrapper):16] __main__ : __ce_ui 실행 종료
[2022-11-29 10:22:38.146][I][AutoBaseFunction.py(wrapper):11] SubWindow.Menu_CreateExcel : folder_toolButton_clicked 실행 시작
[2022-11-29 10:22:38.146][I][AutoBaseFunction.py(wrapper):12] Parameter : <PyQt5.QtWidgets.QLineEdit object at 0x000002790E047E58>, False
[2022-11-29 10:22:39.184][I][AutoBaseFunction.py(wrapper):16] SubWindow.Menu_CreateExcel : folder_toolButton_clicked 실행 종료
[2022-11-29 10:22:39.857][I][AutoBaseFunction.py(wrapper):11] SubWindow.Menu_CreateExcel : func_check_run 실행 시작
[2022-11-29 10:22:39.857][I][AutoBaseFunction.py(wrapper):12] Parameter : False
[2022-11-29 10:22:55.563][I][AutoBaseFunction.py(wrapper):11] __main__ : show_setup_ExcelSetting 실행 시작
[2022-11-29 10:22:55.563][I][AutoBaseFunction.py(wrapper):12] Parameter : False
[2022-11-29 10:22:55.563][I][AutoBaseFunction.py(wrapper):11] SubWindow.Setup_ExcelSetting : setupUI_Excel_Setting 실행 시작
[2022-11-29 10:22:55.564][I][AutoBaseFunction.py(wrapper):12] Parameter : 
[2022-11-29 10:22:55.565][I][AutoBaseFunction.py(wrapper):11] SubWindow.Setup_ExcelSetting : tl_set_slot 실행 시작
[2022-11-29 10:22:55.565][I][AutoBaseFunction.py(wrapper):12] Parameter : 
[2022-11-29 10:22:55.565][I][AutoBaseFunction.py(wrapper):16] SubWindow.Setup_ExcelSetting : tl_set_slot 실행 종료
[2022-11-29 10:22:55.565][I][AutoBaseFunction.py(wrapper):11] SubWindow.Setup_ExcelSetting : tl_ini_set 실행 시작
[2022-11-29 10:22:55.566][I][AutoBaseFunction.py(wrapper):12] Parameter : 
[2022-11-29 10:22:55.566][I][AutoBaseFunction.py(wrapper):16] SubWindow.Setup_ExcelSetting : tl_ini_set 실행 종료
[2022-11-29 10:22:55.566][I][AutoBaseFunction.py(wrapper):16] SubWindow.Setup_ExcelSetting : setupUI_Excel_Setting 실행 종료
[2022-11-29 10:22:55.573][I][MainWindow.py(show_setup_ExcelSetting):325] 엑셀 설정 팝업 열림
[2022-11-29 10:22:55.573][I][AutoBaseFunction.py(wrapper):16] __main__ : show_setup_ExcelSetting 실행 종료
[2022-11-29 10:22:57.848][I][AutoBaseFunction.py(wrapper):11] SubWindow.Setup_ExcelSetting : keyPressEvent 실행 시작
[2022-11-29 10:22:57.848][I][AutoBaseFunction.py(wrapper):12] Parameter : <PyQt5.QtGui.QKeyEvent object at 0x000002790E190708>
[2022-11-29 10:22:57.848][I][AutoBaseFunction.py(wrapper):11] SubWindow.Setup_ExcelSetting : ok_Button_clicked 실행 시작
[2022-11-29 10:22:57.848][I][AutoBaseFunction.py(wrapper):12] Parameter : None
[2022-11-29 10:22:57.849][I][Setup_ExcelSetting.py(ok_Button_clicked):102] 엑셀 설정 팝업 확인 버튼 선택
[2022-11-29 10:22:57.850][I][Setup_ExcelSetting.py(ok_Button_clicked):146] 1:평가 목록 팝업에 400 추가
[2022-11-29 10:22:57.852][I][Setup_ExcelSetting.py(ok_Button_clicked):146] 2:평가 목록 팝업에 200 추가
[2022-11-29 10:22:57.854][I][Setup_ExcelSetting.py(ok_Button_clicked):146] 3:평가 목록 팝업에 0 추가
[2022-11-29 10:22:57.856][I][Setup_ExcelSetting.py(ok_Button_clicked):146] 4:평가 목록 팝업에 50 추가
[2022-11-29 10:22:57.858][I][Setup_ExcelSetting.py(ok_Button_clicked):146] 5:평가 목록 팝업에 15 추가
[2022-11-29 10:22:57.858][I][MainWindow.py(ts_emit):427] 엑셀 설정 팝업 닫힘으로 메인창 활성화
[2022-11-29 10:22:57.863][I][AutoBaseFunction.py(wrapper):16] SubWindow.Setup_ExcelSetting : ok_Button_clicked 실행 종료
[2022-11-29 10:22:57.863][I][AutoBaseFunction.py(wrapper):16] SubWindow.Setup_ExcelSetting : keyPressEvent 실행 종료
[2022-11-29 10:22:59.835][I][AutoBaseFunction.py(wrapper):11] __main__ : __ce_ui 실행 시작
[2022-11-29 10:22:59.835][I][AutoBaseFunction.py(wrapper):12] Parameter : False
[2022-11-29 10:22:59.836][I][AutoBaseFunction.py(wrapper):11] __main__ : setupUi 실행 시작
[2022-11-29 10:22:59.836][I][AutoBaseFunction.py(wrapper):12] Parameter : 
[2022-11-29 10:22:59.837][I][AutoBaseFunction.py(wrapper):11] __main__ : set_field_gridLayout 실행 시작
[2022-11-29 10:22:59.837][I][AutoBaseFunction.py(wrapper):12] Parameter : 
[2022-11-29 10:22:59.838][I][AutoBaseFunction.py(wrapper):16] __main__ : set_field_gridLayout 실행 종료
[2022-11-29 10:22:59.838][I][AutoBaseFunction.py(wrapper):11] __main__ : set_testList_hboxLayout 실행 시작
[2022-11-29 10:22:59.838][I][AutoBaseFunction.py(wrapper):12] Parameter : 
[2022-11-29 10:22:59.839][I][AutoBaseFunction.py(wrapper):16] __main__ : set_testList_hboxLayout 실행 종료
[2022-11-29 10:22:59.841][I][AutoBaseFunction.py(wrapper):16] __main__ : setupUi 실행 종료
[2022-11-29 10:22:59.842][I][AutoBaseFunction.py(wrapper):11] SubWindow.Menu_CreateExcel : setupUI_CreateExcel 실행 시작
[2022-11-29 10:22:59.842][I][AutoBaseFunction.py(wrapper):12] Parameter : 
[2022-11-29 10:22:59.842][I][AutoBaseFunction.py(wrapper):11] SubWindow.Menu_CreateExcel : new_excel_func 실행 시작
[2022-11-29 10:22:59.842][I][AutoBaseFunction.py(wrapper):12] Parameter : 
[2022-11-29 10:22:59.842][I][AutoBaseFunction.py(wrapper):16] SubWindow.Menu_CreateExcel : new_excel_func 실행 종료
[2022-11-29 10:22:59.843][I][AutoBaseFunction.py(wrapper):11] SubWindow.Menu_CreateExcel : set_excel_func 실행 시작
[2022-11-29 10:22:59.843][I][AutoBaseFunction.py(wrapper):12] Parameter : 
[2022-11-29 10:22:59.843][I][AutoBaseFunction.py(wrapper):16] SubWindow.Menu_CreateExcel : set_excel_func 실행 종료
[2022-11-29 10:22:59.843][I][AutoBaseFunction.py(wrapper):16] SubWindow.Menu_CreateExcel : setupUI_CreateExcel 실행 종료
[2022-11-29 10:22:59.857][I][AutoBaseFunction.py(wrapper):16] __main__ : __ce_ui 실행 종료
[2022-11-29 10:23:01.435][I][AutoBaseFunction.py(wrapper):11] SubWindow.Menu_CreateExcel : folder_toolButton_clicked 실행 시작
[2022-11-29 10:23:01.435][I][AutoBaseFunction.py(wrapper):12] Parameter : <PyQt5.QtWidgets.QLineEdit object at 0x000002790E1874C8>, False
[2022-11-29 10:23:02.573][I][AutoBaseFunction.py(wrapper):16] SubWindow.Menu_CreateExcel : folder_toolButton_clicked 실행 종료
[2022-11-29 10:23:03.337][I][AutoBaseFunction.py(wrapper):11] SubWindow.Menu_CreateExcel : func_check_run 실행 시작
[2022-11-29 10:23:03.337][I][AutoBaseFunction.py(wrapper):12] Parameter : False
[2022-11-29 10:23:16.818][I][AutoBaseFunction.py(wrapper):11] __main__ : show_setup_ExcelSetting 실행 시작
[2022-11-29 10:23:16.818][I][AutoBaseFunction.py(wrapper):12] Parameter : False
[2022-11-29 10:23:16.819][I][AutoBaseFunction.py(wrapper):11] SubWindow.Setup_ExcelSetting : setupUI_Excel_Setting 실행 시작
[2022-11-29 10:23:16.819][I][AutoBaseFunction.py(wrapper):12] Parameter : 
[2022-11-29 10:23:16.820][I][AutoBaseFunction.py(wrapper):11] SubWindow.Setup_ExcelSetting : tl_set_slot 실행 시작
[2022-11-29 10:23:16.820][I][AutoBaseFunction.py(wrapper):12] Parameter : 
[2022-11-29 10:23:16.820][I][AutoBaseFunction.py(wrapper):16] SubWindow.Setup_ExcelSetting : tl_set_slot 실행 종료
[2022-11-29 10:23:16.820][I][AutoBaseFunction.py(wrapper):11] SubWindow.Setup_ExcelSetting : tl_ini_set 실행 시작
[2022-11-29 10:23:16.821][I][AutoBaseFunction.py(wrapper):12] Parameter : 
[2022-11-29 10:23:16.821][I][AutoBaseFunction.py(wrapper):16] SubWindow.Setup_ExcelSetting : tl_ini_set 실행 종료
[2022-11-29 10:23:16.821][I][AutoBaseFunction.py(wrapper):16] SubWindow.Setup_ExcelSetting : setupUI_Excel_Setting 실행 종료
[2022-11-29 10:23:16.858][I][MainWindow.py(show_setup_ExcelSetting):325] 엑셀 설정 팝업 열림
[2022-11-29 10:23:16.859][I][AutoBaseFunction.py(wrapper):16] __main__ : show_setup_ExcelSetting 실행 종료
[2022-11-29 10:23:18.861][I][AutoBaseFunction.py(wrapper):11] SubWindow.Setup_ExcelSetting : keyPressEvent 실행 시작
[2022-11-29 10:23:18.862][I][AutoBaseFunction.py(wrapper):12] Parameter : <PyQt5.QtGui.QKeyEvent object at 0x000002790E29BD38>
[2022-11-29 10:23:18.862][I][AutoBaseFunction.py(wrapper):16] SubWindow.Setup_ExcelSetting : keyPressEvent 실행 종료
[2022-11-29 10:23:19.433][I][AutoBaseFunction.py(wrapper):11] SubWindow.Setup_ExcelSetting : keyPressEvent 실행 시작
[2022-11-29 10:23:19.433][I][AutoBaseFunction.py(wrapper):12] Parameter : <PyQt5.QtGui.QKeyEvent object at 0x000002790E29BD38>
[2022-11-29 10:23:19.433][I][AutoBaseFunction.py(wrapper):11] SubWindow.Setup_ExcelSetting : ok_Button_clicked 실행 시작
[2022-11-29 10:23:19.433][I][AutoBaseFunction.py(wrapper):12] Parameter : None
[2022-11-29 10:23:19.433][I][Setup_ExcelSetting.py(ok_Button_clicked):102] 엑셀 설정 팝업 확인 버튼 선택
[2022-11-29 10:23:19.434][I][Setup_ExcelSetting.py(ok_Button_clicked):146] 1:평가 목록 팝업에 400 추가
[2022-11-29 10:23:19.436][I][Setup_ExcelSetting.py(ok_Button_clicked):146] 2:평가 목록 팝업에 300 추가
[2022-11-29 10:23:19.438][I][Setup_ExcelSetting.py(ok_Button_clicked):146] 3:평가 목록 팝업에 0 추가
[2022-11-29 10:23:19.440][I][Setup_ExcelSetting.py(ok_Button_clicked):146] 4:평가 목록 팝업에 50 추가
[2022-11-29 10:23:19.442][I][Setup_ExcelSetting.py(ok_Button_clicked):146] 5:평가 목록 팝업에 15 추가
[2022-11-29 10:23:19.443][I][MainWindow.py(ts_emit):427] 엑셀 설정 팝업 닫힘으로 메인창 활성화
[2022-11-29 10:23:19.447][I][AutoBaseFunction.py(wrapper):16] SubWindow.Setup_ExcelSetting : ok_Button_clicked 실행 종료
[2022-11-29 10:23:19.447][I][AutoBaseFunction.py(wrapper):16] SubWindow.Setup_ExcelSetting : keyPressEvent 실행 종료
[2022-11-29 10:23:21.803][I][AutoBaseFunction.py(wrapper):11] __main__ : __ce_ui 실행 시작
[2022-11-29 10:23:21.803][I][AutoBaseFunction.py(wrapper):12] Parameter : False
[2022-11-29 10:23:21.804][I][AutoBaseFunction.py(wrapper):11] __main__ : setupUi 실행 시작
[2022-11-29 10:23:21.804][I][AutoBaseFunction.py(wrapper):12] Parameter : 
[2022-11-29 10:23:21.805][I][AutoBaseFunction.py(wrapper):11] __main__ : set_field_gridLayout 실행 시작
[2022-11-29 10:23:21.806][I][AutoBaseFunction.py(wrapper):12] Parameter : 
[2022-11-29 10:23:21.806][I][AutoBaseFunction.py(wrapper):16] __main__ : set_field_gridLayout 실행 종료
[2022-11-29 10:23:21.807][I][AutoBaseFunction.py(wrapper):11] __main__ : set_testList_hboxLayout 실행 시작
[2022-11-29 10:23:21.807][I][AutoBaseFunction.py(wrapper):12] Parameter : 
[2022-11-29 10:23:21.808][I][AutoBaseFunction.py(wrapper):16] __main__ : set_testList_hboxLayout 실행 종료
[2022-11-29 10:23:21.810][I][AutoBaseFunction.py(wrapper):16] __main__ : setupUi 실행 종료
[2022-11-29 10:23:21.810][I][AutoBaseFunction.py(wrapper):11] SubWindow.Menu_CreateExcel : setupUI_CreateExcel 실행 시작
[2022-11-29 10:23:21.810][I][AutoBaseFunction.py(wrapper):12] Parameter : 
[2022-11-29 10:23:21.811][I][AutoBaseFunction.py(wrapper):11] SubWindow.Menu_CreateExcel : new_excel_func 실행 시작
[2022-11-29 10:23:21.811][I][AutoBaseFunction.py(wrapper):12] Parameter : 
[2022-11-29 10:23:21.811][I][AutoBaseFunction.py(wrapper):16] SubWindow.Menu_CreateExcel : new_excel_func 실행 종료
[2022-11-29 10:23:21.811][I][AutoBaseFunction.py(wrapper):11] SubWindow.Menu_CreateExcel : set_excel_func 실행 시작
[2022-11-29 10:23:21.811][I][AutoBaseFunction.py(wrapper):12] Parameter : 
[2022-11-29 10:23:21.811][I][AutoBaseFunction.py(wrapper):16] SubWindow.Menu_CreateExcel : set_excel_func 실행 종료
[2022-11-29 10:23:21.812][I][AutoBaseFunction.py(wrapper):16] SubWindow.Menu_CreateExcel : setupUI_CreateExcel 실행 종료
[2022-11-29 10:23:21.825][I][AutoBaseFunction.py(wrapper):16] __main__ : __ce_ui 실행 종료
[2022-11-29 10:23:23.537][I][AutoBaseFunction.py(wrapper):11] SubWindow.Menu_CreateExcel : folder_toolButton_clicked 실행 시작
[2022-11-29 10:23:23.538][I][AutoBaseFunction.py(wrapper):12] Parameter : <PyQt5.QtWidgets.QLineEdit object at 0x000002790E2DBAF8>, False
[2022-11-29 10:23:24.494][I][AutoBaseFunction.py(wrapper):16] SubWindow.Menu_CreateExcel : folder_toolButton_clicked 실행 종료
[2022-11-29 10:23:25.216][I][AutoBaseFunction.py(wrapper):11] SubWindow.Menu_CreateExcel : func_check_run 실행 시작
[2022-11-29 10:23:25.216][I][AutoBaseFunction.py(wrapper):12] Parameter : False
[2022-11-29 10:23:38.234][I][AutoBaseFunction.py(wrapper):11] __main__ : show_setup_ExcelSetting 실행 시작
[2022-11-29 10:23:38.234][I][AutoBaseFunction.py(wrapper):12] Parameter : False
[2022-11-29 10:23:38.234][I][AutoBaseFunction.py(wrapper):11] SubWindow.Setup_ExcelSetting : setupUI_Excel_Setting 실행 시작
[2022-11-29 10:23:38.235][I][AutoBaseFunction.py(wrapper):12] Parameter : 
[2022-11-29 10:23:38.236][I][AutoBaseFunction.py(wrapper):11] SubWindow.Setup_ExcelSetting : tl_set_slot 실행 시작
[2022-11-29 10:23:38.236][I][AutoBaseFunction.py(wrapper):12] Parameter : 
[2022-11-29 10:23:38.236][I][AutoBaseFunction.py(wrapper):16] SubWindow.Setup_ExcelSetting : tl_set_slot 실행 종료
[2022-11-29 10:23:38.236][I][AutoBaseFunction.py(wrapper):11] SubWindow.Setup_ExcelSetting : tl_ini_set 실행 시작
[2022-11-29 10:23:38.236][I][AutoBaseFunction.py(wrapper):12] Parameter : 
[2022-11-29 10:23:38.237][I][AutoBaseFunction.py(wrapper):16] SubWindow.Setup_ExcelSetting : tl_ini_set 실행 종료
[2022-11-29 10:23:38.237][I][AutoBaseFunction.py(wrapper):16] SubWindow.Setup_ExcelSetting : setupUI_Excel_Setting 실행 종료
[2022-11-29 10:23:38.246][I][MainWindow.py(show_setup_ExcelSetting):325] 엑셀 설정 팝업 열림
[2022-11-29 10:23:38.246][I][AutoBaseFunction.py(wrapper):16] __main__ : show_setup_ExcelSetting 실행 종료
[2022-11-29 10:23:40.361][I][AutoBaseFunction.py(wrapper):11] SubWindow.Setup_ExcelSetting : keyPressEvent 실행 시작
[2022-11-29 10:23:40.361][I][AutoBaseFunction.py(wrapper):12] Parameter : <PyQt5.QtGui.QKeyEvent object at 0x000002791097D3A8>
[2022-11-29 10:23:40.362][I][AutoBaseFunction.py(wrapper):11] SubWindow.Setup_ExcelSetting : ok_Button_clicked 실행 시작
[2022-11-29 10:23:40.362][I][AutoBaseFunction.py(wrapper):12] Parameter : None
[2022-11-29 10:23:40.362][I][Setup_ExcelSetting.py(ok_Button_clicked):102] 엑셀 설정 팝업 확인 버튼 선택
[2022-11-29 10:23:42.957][I][AutoBaseFunction.py(wrapper):16] SubWindow.Setup_ExcelSetting : ok_Button_clicked 실행 종료
[2022-11-29 10:23:42.957][I][AutoBaseFunction.py(wrapper):16] SubWindow.Setup_ExcelSetting : keyPressEvent 실행 종료
[2022-11-29 10:23:44.721][I][AutoBaseFunction.py(wrapper):11] SubWindow.Setup_ExcelSetting : closeEvent 실행 시작
[2022-11-29 10:23:44.721][I][AutoBaseFunction.py(wrapper):12] Parameter : <PyQt5.QtGui.QCloseEvent object at 0x000002791097D3A8>
[2022-11-29 10:23:44.721][I][Setup_ExcelSetting.py(closeEvent):166] 엑셀 설정 팝업 취소 버튼 선택
[2022-11-29 10:23:48.575][I][Setup_ExcelSetting.py(closeEvent):177] 엑셀 설정 팝업 > 취소 > 변경사항 알림에서 취소 선택
[2022-11-29 10:23:48.575][I][AutoBaseFunction.py(wrapper):16] SubWindow.Setup_ExcelSetting : closeEvent 실행 종료
[2022-11-29 10:23:50.121][I][AutoBaseFunction.py(wrapper):11] SubWindow.Setup_ExcelSetting : keyPressEvent 실행 시작
[2022-11-29 10:23:50.121][I][AutoBaseFunction.py(wrapper):12] Parameter : <PyQt5.QtGui.QKeyEvent object at 0x000002791097D3A8>
[2022-11-29 10:23:50.121][I][AutoBaseFunction.py(wrapper):11] SubWindow.Setup_ExcelSetting : ok_Button_clicked 실행 시작
[2022-11-29 10:23:50.122][I][AutoBaseFunction.py(wrapper):12] Parameter : None
[2022-11-29 10:23:50.122][I][Setup_ExcelSetting.py(ok_Button_clicked):102] 엑셀 설정 팝업 확인 버튼 선택
[2022-11-29 10:23:50.123][I][Setup_ExcelSetting.py(ok_Button_clicked):146] 1:평가 목록 팝업에 400 추가
[2022-11-29 10:23:50.126][I][Setup_ExcelSetting.py(ok_Button_clicked):146] 2:평가 목록 팝업에 50 추가
[2022-11-29 10:23:50.128][I][Setup_ExcelSetting.py(ok_Button_clicked):146] 3:평가 목록 팝업에 0 추가
[2022-11-29 10:23:50.130][I][Setup_ExcelSetting.py(ok_Button_clicked):146] 4:평가 목록 팝업에 50 추가
[2022-11-29 10:23:50.133][I][Setup_ExcelSetting.py(ok_Button_clicked):146] 5:평가 목록 팝업에 15 추가
[2022-11-29 10:23:50.133][I][MainWindow.py(ts_emit):427] 엑셀 설정 팝업 닫힘으로 메인창 활성화
[2022-11-29 10:23:50.138][I][AutoBaseFunction.py(wrapper):16] SubWindow.Setup_ExcelSetting : ok_Button_clicked 실행 종료
[2022-11-29 10:23:50.138][I][AutoBaseFunction.py(wrapper):16] SubWindow.Setup_ExcelSetting : keyPressEvent 실행 종료
[2022-11-29 10:23:52.315][I][AutoBaseFunction.py(wrapper):11] __main__ : __ce_ui 실행 시작
[2022-11-29 10:23:52.315][I][AutoBaseFunction.py(wrapper):12] Parameter : False
[2022-11-29 10:23:52.316][I][AutoBaseFunction.py(wrapper):11] __main__ : setupUi 실행 시작
[2022-11-29 10:23:52.316][I][AutoBaseFunction.py(wrapper):12] Parameter : 
[2022-11-29 10:23:52.317][I][AutoBaseFunction.py(wrapper):11] __main__ : set_field_gridLayout 실행 시작
[2022-11-29 10:23:52.317][I][AutoBaseFunction.py(wrapper):12] Parameter : 
[2022-11-29 10:23:52.318][I][AutoBaseFunction.py(wrapper):16] __main__ : set_field_gridLayout 실행 종료
[2022-11-29 10:23:52.318][I][AutoBaseFunction.py(wrapper):11] __main__ : set_testList_hboxLayout 실행 시작
[2022-11-29 10:23:52.319][I][AutoBaseFunction.py(wrapper):12] Parameter : 
[2022-11-29 10:23:52.319][I][AutoBaseFunction.py(wrapper):16] __main__ : set_testList_hboxLayout 실행 종료
[2022-11-29 10:23:52.322][I][AutoBaseFunction.py(wrapper):16] __main__ : setupUi 실행 종료
[2022-11-29 10:23:52.322][I][AutoBaseFunction.py(wrapper):11] SubWindow.Menu_CreateExcel : setupUI_CreateExcel 실행 시작
[2022-11-29 10:23:52.322][I][AutoBaseFunction.py(wrapper):12] Parameter : 
[2022-11-29 10:23:52.322][I][AutoBaseFunction.py(wrapper):11] SubWindow.Menu_CreateExcel : new_excel_func 실행 시작
[2022-11-29 10:23:52.322][I][AutoBaseFunction.py(wrapper):12] Parameter : 
[2022-11-29 10:23:52.323][I][AutoBaseFunction.py(wrapper):16] SubWindow.Menu_CreateExcel : new_excel_func 실행 종료
[2022-11-29 10:23:52.323][I][AutoBaseFunction.py(wrapper):11] SubWindow.Menu_CreateExcel : set_excel_func 실행 시작
[2022-11-29 10:23:52.323][I][AutoBaseFunction.py(wrapper):12] Parameter : 
[2022-11-29 10:23:52.323][I][AutoBaseFunction.py(wrapper):16] SubWindow.Menu_CreateExcel : set_excel_func 실행 종료
[2022-11-29 10:23:52.323][I][AutoBaseFunction.py(wrapper):16] SubWindow.Menu_CreateExcel : setupUI_CreateExcel 실행 종료
[2022-11-29 10:23:52.336][I][AutoBaseFunction.py(wrapper):16] __main__ : __ce_ui 실행 종료
[2022-11-29 10:23:54.145][I][AutoBaseFunction.py(wrapper):11] SubWindow.Menu_CreateExcel : folder_toolButton_clicked 실행 시작
[2022-11-29 10:23:54.145][I][AutoBaseFunction.py(wrapper):12] Parameter : <PyQt5.QtWidgets.QLineEdit object at 0x0000027910986168>, False
[2022-11-29 10:23:55.158][I][AutoBaseFunction.py(wrapper):16] SubWindow.Menu_CreateExcel : folder_toolButton_clicked 실행 종료
[2022-11-29 10:23:56.224][I][AutoBaseFunction.py(wrapper):11] SubWindow.Menu_CreateExcel : func_check_run 실행 시작
[2022-11-29 10:23:56.225][I][AutoBaseFunction.py(wrapper):12] Parameter : False
[2022-11-29 10:24:10.634][I][AutoBaseFunction.py(wrapper):11] __main__ : show_setup_ExcelSetting 실행 시작
[2022-11-29 10:24:10.634][I][AutoBaseFunction.py(wrapper):12] Parameter : False
[2022-11-29 10:24:10.634][I][AutoBaseFunction.py(wrapper):11] SubWindow.Setup_ExcelSetting : setupUI_Excel_Setting 실행 시작
[2022-11-29 10:24:10.634][I][AutoBaseFunction.py(wrapper):12] Parameter : 
[2022-11-29 10:24:10.636][I][AutoBaseFunction.py(wrapper):11] SubWindow.Setup_ExcelSetting : tl_set_slot 실행 시작
[2022-11-29 10:24:10.636][I][AutoBaseFunction.py(wrapper):12] Parameter : 
[2022-11-29 10:24:10.636][I][AutoBaseFunction.py(wrapper):16] SubWindow.Setup_ExcelSetting : tl_set_slot 실행 종료
[2022-11-29 10:24:10.636][I][AutoBaseFunction.py(wrapper):11] SubWindow.Setup_ExcelSetting : tl_ini_set 실행 시작
[2022-11-29 10:24:10.636][I][AutoBaseFunction.py(wrapper):12] Parameter : 
[2022-11-29 10:24:10.636][I][AutoBaseFunction.py(wrapper):16] SubWindow.Setup_ExcelSetting : tl_ini_set 실행 종료
[2022-11-29 10:24:10.636][I][AutoBaseFunction.py(wrapper):16] SubWindow.Setup_ExcelSetting : setupUI_Excel_Setting 실행 종료
[2022-11-29 10:24:10.645][I][MainWindow.py(show_setup_ExcelSetting):325] 엑셀 설정 팝업 열림
[2022-11-29 10:24:10.646][I][AutoBaseFunction.py(wrapper):16] __main__ : show_setup_ExcelSetting 실행 종료
[2022-11-29 10:24:13.672][I][AutoBaseFunction.py(wrapper):11] SubWindow.Setup_ExcelSetting : keyPressEvent 실행 시작
[2022-11-29 10:24:13.673][I][AutoBaseFunction.py(wrapper):12] Parameter : <PyQt5.QtGui.QKeyEvent object at 0x0000027910D229D8>
[2022-11-29 10:24:13.673][I][AutoBaseFunction.py(wrapper):11] SubWindow.Setup_ExcelSetting : ok_Button_clicked 실행 시작
[2022-11-29 10:24:13.673][I][AutoBaseFunction.py(wrapper):12] Parameter : None
[2022-11-29 10:24:13.674][I][Setup_ExcelSetting.py(ok_Button_clicked):102] 엑셀 설정 팝업 확인 버튼 선택
[2022-11-29 10:24:13.675][I][Setup_ExcelSetting.py(ok_Button_clicked):146] 1:평가 목록 팝업에 400 추가
[2022-11-29 10:24:13.677][I][Setup_ExcelSetting.py(ok_Button_clicked):146] 2:평가 목록 팝업에 100 추가
[2022-11-29 10:24:13.680][I][Setup_ExcelSetting.py(ok_Button_clicked):146] 3:평가 목록 팝업에 0 추가
[2022-11-29 10:24:13.681][I][Setup_ExcelSetting.py(ok_Button_clicked):146] 4:평가 목록 팝업에 50 추가
[2022-11-29 10:24:13.684][I][Setup_ExcelSetting.py(ok_Button_clicked):146] 5:평가 목록 팝업에 15 추가
[2022-11-29 10:24:13.684][I][MainWindow.py(ts_emit):427] 엑셀 설정 팝업 닫힘으로 메인창 활성화
[2022-11-29 10:24:13.689][I][AutoBaseFunction.py(wrapper):16] SubWindow.Setup_ExcelSetting : ok_Button_clicked 실행 종료
[2022-11-29 10:24:13.689][I][AutoBaseFunction.py(wrapper):16] SubWindow.Setup_ExcelSetting : keyPressEvent 실행 종료
[2022-11-29 10:24:15.826][I][AutoBaseFunction.py(wrapper):11] __main__ : __ce_ui 실행 시작
[2022-11-29 10:24:15.826][I][AutoBaseFunction.py(wrapper):12] Parameter : False
[2022-11-29 10:24:15.827][I][AutoBaseFunction.py(wrapper):11] __main__ : setupUi 실행 시작
[2022-11-29 10:24:15.827][I][AutoBaseFunction.py(wrapper):12] Parameter : 
[2022-11-29 10:24:15.829][I][AutoBaseFunction.py(wrapper):11] __main__ : set_field_gridLayout 실행 시작
[2022-11-29 10:24:15.829][I][AutoBaseFunction.py(wrapper):12] Parameter : 
[2022-11-29 10:24:15.829][I][AutoBaseFunction.py(wrapper):16] __main__ : set_field_gridLayout 실행 종료
[2022-11-29 10:24:15.830][I][AutoBaseFunction.py(wrapper):11] __main__ : set_testList_hboxLayout 실행 시작
[2022-11-29 10:24:15.830][I][AutoBaseFunction.py(wrapper):12] Parameter : 
[2022-11-29 10:24:15.831][I][AutoBaseFunction.py(wrapper):16] __main__ : set_testList_hboxLayout 실행 종료
[2022-11-29 10:24:15.834][I][AutoBaseFunction.py(wrapper):16] __main__ : setupUi 실행 종료
[2022-11-29 10:24:15.834][I][AutoBaseFunction.py(wrapper):11] SubWindow.Menu_CreateExcel : setupUI_CreateExcel 실행 시작
[2022-11-29 10:24:15.834][I][AutoBaseFunction.py(wrapper):12] Parameter : 
[2022-11-29 10:24:15.835][I][AutoBaseFunction.py(wrapper):11] SubWindow.Menu_CreateExcel : new_excel_func 실행 시작
[2022-11-29 10:24:15.835][I][AutoBaseFunction.py(wrapper):12] Parameter : 
[2022-11-29 10:24:15.835][I][AutoBaseFunction.py(wrapper):16] SubWindow.Menu_CreateExcel : new_excel_func 실행 종료
[2022-11-29 10:24:15.835][I][AutoBaseFunction.py(wrapper):11] SubWindow.Menu_CreateExcel : set_excel_func 실행 시작
[2022-11-29 10:24:15.835][I][AutoBaseFunction.py(wrapper):12] Parameter : 
[2022-11-29 10:24:15.835][I][AutoBaseFunction.py(wrapper):16] SubWindow.Menu_CreateExcel : set_excel_func 실행 종료
[2022-11-29 10:24:15.836][I][AutoBaseFunction.py(wrapper):16] SubWindow.Menu_CreateExcel : setupUI_CreateExcel 실행 종료
[2022-11-29 10:24:15.850][I][AutoBaseFunction.py(wrapper):16] __main__ : __ce_ui 실행 종료
[2022-11-29 10:24:17.401][I][AutoBaseFunction.py(wrapper):11] SubWindow.Menu_CreateExcel : folder_toolButton_clicked 실행 시작
[2022-11-29 10:24:17.402][I][AutoBaseFunction.py(wrapper):12] Parameter : <PyQt5.QtWidgets.QLineEdit object at 0x0000027910D1E798>, False
[2022-11-29 10:24:18.318][I][AutoBaseFunction.py(wrapper):16] SubWindow.Menu_CreateExcel : folder_toolButton_clicked 실행 종료
[2022-11-29 10:24:18.976][I][AutoBaseFunction.py(wrapper):11] SubWindow.Menu_CreateExcel : func_check_run 실행 시작
[2022-11-29 10:24:18.976][I][AutoBaseFunction.py(wrapper):12] Parameter : False
