[2022-11-25 15:58:30.496][D][LogManager.py(Init):10] LogManager Init function called !!!
[2022-11-25 15:58:30.610][I][AutoBaseFunction.py(wrapper):11] __main__ : setupUi 실행 시작
[2022-11-25 15:58:30.610][I][AutoBaseFunction.py(wrapper):12] Parameter : 
[2022-11-25 15:58:30.613][I][AutoBaseFunction.py(wrapper):11] __main__ : set_field_gridLayout 실행 시작
[2022-11-25 15:58:30.613][I][AutoBaseFunction.py(wrapper):12] Parameter : 
[2022-11-25 15:58:30.659][I][AutoBaseFunction.py(wrapper):16] __main__ : set_field_gridLayout 실행 종료
[2022-11-25 15:58:30.660][I][AutoBaseFunction.py(wrapper):11] __main__ : set_testList_hboxLayout 실행 시작
[2022-11-25 15:58:30.660][I][AutoBaseFunction.py(wrapper):12] Parameter : 
[2022-11-25 15:58:30.888][I][AutoBaseFunction.py(wrapper):16] __main__ : set_testList_hboxLayout 실행 종료
[2022-11-25 15:58:30.891][I][AutoBaseFunction.py(wrapper):16] __main__ : setupUi 실행 종료
[2022-11-25 15:58:33.057][I][AutoBaseFunction.py(wrapper):11] __main__ : __ce_ui 실행 시작
[2022-11-25 15:58:33.057][I][AutoBaseFunction.py(wrapper):12] Parameter : False
[2022-11-25 15:58:33.058][I][AutoBaseFunction.py(wrapper):11] __main__ : setupUi 실행 시작
[2022-11-25 15:58:33.058][I][AutoBaseFunction.py(wrapper):12] Parameter : 
[2022-11-25 15:58:33.060][I][AutoBaseFunction.py(wrapper):11] __main__ : set_field_gridLayout 실행 시작
[2022-11-25 15:58:33.060][I][AutoBaseFunction.py(wrapper):12] Parameter : 
[2022-11-25 15:58:33.060][I][AutoBaseFunction.py(wrapper):16] __main__ : set_field_gridLayout 실행 종료
[2022-11-25 15:58:33.061][I][AutoBaseFunction.py(wrapper):11] __main__ : set_testList_hboxLayout 실행 시작
[2022-11-25 15:58:33.061][I][AutoBaseFunction.py(wrapper):12] Parameter : 
[2022-11-25 15:58:33.062][I][AutoBaseFunction.py(wrapper):16] __main__ : set_testList_hboxLayout 실행 종료
[2022-11-25 15:58:33.065][I][AutoBaseFunction.py(wrapper):16] __main__ : setupUi 실행 종료
[2022-11-25 15:58:33.065][I][AutoBaseFunction.py(wrapper):11] SubWindow.Menu_CreateExcel : setupUI_CreateExcel 실행 시작
[2022-11-25 15:58:33.065][I][AutoBaseFunction.py(wrapper):12] Parameter : 
[2022-11-25 15:58:33.065][I][AutoBaseFunction.py(wrapper):11] SubWindow.Menu_CreateExcel : new_excel_func 실행 시작
[2022-11-25 15:58:33.065][I][AutoBaseFunction.py(wrapper):12] Parameter : 
[2022-11-25 15:58:33.066][I][AutoBaseFunction.py(wrapper):16] SubWindow.Menu_CreateExcel : new_excel_func 실행 종료
[2022-11-25 15:58:33.066][I][AutoBaseFunction.py(wrapper):11] SubWindow.Menu_CreateExcel : set_excel_func 실행 시작
[2022-11-25 15:58:33.066][I][AutoBaseFunction.py(wrapper):12] Parameter : 
[2022-11-25 15:58:33.066][I][AutoBaseFunction.py(wrapper):16] SubWindow.Menu_CreateExcel : set_excel_func 실행 종료
[2022-11-25 15:58:33.067][I][AutoBaseFunction.py(wrapper):16] SubWindow.Menu_CreateExcel : setupUI_CreateExcel 실행 종료
[2022-11-25 15:58:33.085][I][AutoBaseFunction.py(wrapper):16] __main__ : __ce_ui 실행 종료
[2022-11-25 15:58:40.799][I][AutoBaseFunction.py(wrapper):11] SubWindow.Menu_CreateExcel : func_set_excel_groupBox 실행 시작
[2022-11-25 15:58:40.800][I][AutoBaseFunction.py(wrapper):12] Parameter : 
[2022-11-25 15:58:40.800][I][AutoBaseFunction.py(wrapper):16] SubWindow.Menu_CreateExcel : func_set_excel_groupBox 실행 종료
[2022-11-25 15:58:41.769][I][AutoBaseFunction.py(wrapper):11] SubWindow.Menu_CreateExcel : langList_toolButton_clicked 실행 시작
[2022-11-25 15:58:41.770][I][AutoBaseFunction.py(wrapper):12] Parameter : <PyQt5.QtWidgets.QLineEdit object at 0x00000296EA6CCA68>, False
[2022-11-25 15:58:44.125][I][AutoBaseFunction.py(wrapper):16] SubWindow.Menu_CreateExcel : langList_toolButton_clicked 실행 종료
[2022-11-25 15:58:44.705][I][AutoBaseFunction.py(wrapper):11] SubWindow.Menu_CreateExcel : func_check 실행 시작
[2022-11-25 15:58:44.705][I][AutoBaseFunction.py(wrapper):12] Parameter : False
[2022-11-25 16:00:35.112][I][AutoBaseFunction.py(wrapper):11] __main__ : __ce_ui 실행 시작
[2022-11-25 16:00:35.112][I][AutoBaseFunction.py(wrapper):12] Parameter : False
[2022-11-25 16:00:35.113][I][AutoBaseFunction.py(wrapper):11] __main__ : setupUi 실행 시작
[2022-11-25 16:00:35.113][I][AutoBaseFunction.py(wrapper):12] Parameter : 
[2022-11-25 16:00:35.115][I][AutoBaseFunction.py(wrapper):11] __main__ : set_field_gridLayout 실행 시작
[2022-11-25 16:00:35.115][I][AutoBaseFunction.py(wrapper):12] Parameter : 
[2022-11-25 16:00:35.115][I][AutoBaseFunction.py(wrapper):16] __main__ : set_field_gridLayout 실행 종료
[2022-11-25 16:00:35.116][I][AutoBaseFunction.py(wrapper):11] __main__ : set_testList_hboxLayout 실행 시작
[2022-11-25 16:00:35.116][I][AutoBaseFunction.py(wrapper):12] Parameter : 
[2022-11-25 16:00:35.116][I][AutoBaseFunction.py(wrapper):16] __main__ : set_testList_hboxLayout 실행 종료
[2022-11-25 16:00:35.119][I][AutoBaseFunction.py(wrapper):16] __main__ : setupUi 실행 종료
[2022-11-25 16:00:35.119][I][AutoBaseFunction.py(wrapper):11] SubWindow.Menu_CreateExcel : setupUI_CreateExcel 실행 시작
[2022-11-25 16:00:35.119][I][AutoBaseFunction.py(wrapper):12] Parameter : 
[2022-11-25 16:00:35.120][I][AutoBaseFunction.py(wrapper):11] SubWindow.Menu_CreateExcel : new_excel_func 실행 시작
[2022-11-25 16:00:35.120][I][AutoBaseFunction.py(wrapper):12] Parameter : 
[2022-11-25 16:00:35.120][I][AutoBaseFunction.py(wrapper):16] SubWindow.Menu_CreateExcel : new_excel_func 실행 종료
[2022-11-25 16:00:35.120][I][AutoBaseFunction.py(wrapper):11] SubWindow.Menu_CreateExcel : set_excel_func 실행 시작
[2022-11-25 16:00:35.121][I][AutoBaseFunction.py(wrapper):12] Parameter : 
[2022-11-25 16:00:35.121][I][AutoBaseFunction.py(wrapper):16] SubWindow.Menu_CreateExcel : set_excel_func 실행 종료
[2022-11-25 16:00:35.121][I][AutoBaseFunction.py(wrapper):16] SubWindow.Menu_CreateExcel : setupUI_CreateExcel 실행 종료
[2022-11-25 16:00:35.135][I][AutoBaseFunction.py(wrapper):16] __main__ : __ce_ui 실행 종료
