[2022-11-29 10:21:19.633][D][LogManager.py(Init):10] LogManager Init function called !!!
[2022-11-29 10:21:19.748][I][AutoBaseFunction.py(wrapper):11] __main__ : setupUi 실행 시작
[2022-11-29 10:21:19.748][I][AutoBaseFunction.py(wrapper):12] Parameter : 
[2022-11-29 10:21:19.750][I][AutoBaseFunction.py(wrapper):11] __main__ : set_field_gridLayout 실행 시작
[2022-11-29 10:21:19.751][I][AutoBaseFunction.py(wrapper):12] Parameter : 
[2022-11-29 10:21:19.777][I][AutoBaseFunction.py(wrapper):16] __main__ : set_field_gridLayout 실행 종료
[2022-11-29 10:21:19.778][I][AutoBaseFunction.py(wrapper):11] __main__ : set_testList_hboxLayout 실행 시작
[2022-11-29 10:21:19.778][I][AutoBaseFunction.py(wrapper):12] Parameter : 
[2022-11-29 10:21:20.014][I][AutoBaseFunction.py(wrapper):16] __main__ : set_testList_hboxLayout 실행 종료
[2022-11-29 10:21:20.017][I][AutoBaseFunction.py(wrapper):16] __main__ : setupUi 실행 종료
[2022-11-29 10:21:22.147][I][AutoBaseFunction.py(wrapper):11] __main__ : show_setup_ExcelSetting 실행 시작
[2022-11-29 10:21:22.147][I][AutoBaseFunction.py(wrapper):12] Parameter : False
[2022-11-29 10:21:22.147][I][AutoBaseFunction.py(wrapper):11] SubWindow.Setup_ExcelSetting : setupUI_Excel_Setting 실행 시작
[2022-11-29 10:21:22.148][I][AutoBaseFunction.py(wrapper):12] Parameter : 
[2022-11-29 10:21:22.149][I][AutoBaseFunction.py(wrapper):11] SubWindow.Setup_ExcelSetting : tl_set_slot 실행 시작
[2022-11-29 10:21:22.149][I][AutoBaseFunction.py(wrapper):12] Parameter : 
[2022-11-29 10:21:22.150][I][AutoBaseFunction.py(wrapper):16] SubWindow.Setup_ExcelSetting : tl_set_slot 실행 종료
[2022-11-29 10:21:22.150][I][AutoBaseFunction.py(wrapper):11] SubWindow.Setup_ExcelSetting : tl_ini_set 실행 시작
[2022-11-29 10:21:22.150][I][AutoBaseFunction.py(wrapper):12] Parameter : 
[2022-11-29 10:21:22.150][I][AutoBaseFunction.py(wrapper):16] SubWindow.Setup_ExcelSetting : tl_ini_set 실행 종료
[2022-11-29 10:21:22.150][I][AutoBaseFunction.py(wrapper):16] SubWindow.Setup_ExcelSetting : setupUI_Excel_Setting 실행 종료
[2022-11-29 10:21:22.158][I][MainWindow.py(show_setup_ExcelSetting):325] 엑셀 설정 팝업 열림
[2022-11-29 10:21:22.158][I][AutoBaseFunction.py(wrapper):16] __main__ : show_setup_ExcelSetting 실행 종료
[2022-11-29 10:21:26.281][I][AutoBaseFunction.py(wrapper):11] SubWindow.Setup_ExcelSetting : keyPressEvent 실행 시작
[2022-11-29 10:21:26.281][I][AutoBaseFunction.py(wrapper):12] Parameter : <PyQt5.QtGui.QKeyEvent object at 0x0000019C040081F8>
[2022-11-29 10:21:26.281][I][AutoBaseFunction.py(wrapper):11] SubWindow.Setup_ExcelSetting : ok_Button_clicked 실행 시작
[2022-11-29 10:21:26.282][I][AutoBaseFunction.py(wrapper):12] Parameter : None
[2022-11-29 10:21:26.282][I][Setup_ExcelSetting.py(ok_Button_clicked):102] 엑셀 설정 팝업 확인 버튼 선택
[2022-11-29 10:21:27.022][I][AutoBaseFunction.py(wrapper):16] SubWindow.Setup_ExcelSetting : ok_Button_clicked 실행 종료
[2022-11-29 10:21:27.022][I][AutoBaseFunction.py(wrapper):16] SubWindow.Setup_ExcelSetting : keyPressEvent 실행 종료
[2022-11-29 10:21:31.769][I][AutoBaseFunction.py(wrapper):11] SubWindow.Setup_ExcelSetting : keyPressEvent 실행 시작
[2022-11-29 10:21:31.769][I][AutoBaseFunction.py(wrapper):12] Parameter : <PyQt5.QtGui.QKeyEvent object at 0x0000019C040081F8>
[2022-11-29 10:21:31.769][I][AutoBaseFunction.py(wrapper):11] SubWindow.Setup_ExcelSetting : ok_Button_clicked 실행 시작
[2022-11-29 10:21:31.769][I][AutoBaseFunction.py(wrapper):12] Parameter : None
[2022-11-29 10:21:31.769][I][Setup_ExcelSetting.py(ok_Button_clicked):102] 엑셀 설정 팝업 확인 버튼 선택
[2022-11-29 10:21:31.771][I][Setup_ExcelSetting.py(ok_Button_clicked):146] 1:평가 목록 팝업에 400 추가
[2022-11-29 10:21:31.773][I][Setup_ExcelSetting.py(ok_Button_clicked):146] 2:평가 목록 팝업에 120 추가
[2022-11-29 10:21:31.775][I][Setup_ExcelSetting.py(ok_Button_clicked):146] 3:평가 목록 팝업에 0 추가
[2022-11-29 10:21:31.777][I][Setup_ExcelSetting.py(ok_Button_clicked):146] 4:평가 목록 팝업에 50 추가
[2022-11-29 10:21:31.779][I][Setup_ExcelSetting.py(ok_Button_clicked):146] 5:평가 목록 팝업에 15 추가
[2022-11-29 10:21:31.779][I][MainWindow.py(ts_emit):427] 엑셀 설정 팝업 닫힘으로 메인창 활성화
[2022-11-29 10:21:31.783][I][AutoBaseFunction.py(wrapper):16] SubWindow.Setup_ExcelSetting : ok_Button_clicked 실행 종료
[2022-11-29 10:21:31.784][I][AutoBaseFunction.py(wrapper):16] SubWindow.Setup_ExcelSetting : keyPressEvent 실행 종료
[2022-11-29 10:21:34.210][I][AutoBaseFunction.py(wrapper):11] __main__ : closeEvent 실행 시작
[2022-11-29 10:21:34.210][I][AutoBaseFunction.py(wrapper):12] Parameter : <PyQt5.QtGui.QCloseEvent object at 0x0000019C040081F8>
[2022-11-29 10:21:34.210][I][AutoBaseFunction.py(wrapper):16] __main__ : closeEvent 실행 종료
