[2022-11-25 16:44:42.743][D][LogManager.py(Init):10] LogManager Init function called !!!
[2022-11-25 16:44:42.858][I][AutoBaseFunction.py(wrapper):11] __main__ : setupUi 실행 시작
[2022-11-25 16:44:42.858][I][AutoBaseFunction.py(wrapper):12] Parameter : 
[2022-11-25 16:44:42.864][I][AutoBaseFunction.py(wrapper):11] __main__ : set_field_gridLayout 실행 시작
[2022-11-25 16:44:42.864][I][AutoBaseFunction.py(wrapper):12] Parameter : 
[2022-11-25 16:44:42.895][I][AutoBaseFunction.py(wrapper):16] __main__ : set_field_gridLayout 실행 종료
[2022-11-25 16:44:42.896][I][AutoBaseFunction.py(wrapper):11] __main__ : set_testList_hboxLayout 실행 시작
[2022-11-25 16:44:42.897][I][AutoBaseFunction.py(wrapper):12] Parameter : 
[2022-11-25 16:44:43.153][I][AutoBaseFunction.py(wrapper):16] __main__ : set_testList_hboxLayout 실행 종료
[2022-11-25 16:44:43.156][I][AutoBaseFunction.py(wrapper):16] __main__ : setupUi 실행 종료
[2022-11-25 16:44:47.076][I][AutoBaseFunction.py(wrapper):11] __main__ : __ce_ui 실행 시작
[2022-11-25 16:44:47.076][I][AutoBaseFunction.py(wrapper):12] Parameter : False
[2022-11-25 16:44:47.077][I][AutoBaseFunction.py(wrapper):11] __main__ : setupUi 실행 시작
[2022-11-25 16:44:47.077][I][AutoBaseFunction.py(wrapper):12] Parameter : 
[2022-11-25 16:44:47.080][I][AutoBaseFunction.py(wrapper):11] __main__ : set_field_gridLayout 실행 시작
[2022-11-25 16:44:47.081][I][AutoBaseFunction.py(wrapper):12] Parameter : 
[2022-11-25 16:44:47.081][I][AutoBaseFunction.py(wrapper):16] __main__ : set_field_gridLayout 실행 종료
[2022-11-25 16:44:47.083][I][AutoBaseFunction.py(wrapper):11] __main__ : set_testList_hboxLayout 실행 시작
[2022-11-25 16:44:47.083][I][AutoBaseFunction.py(wrapper):12] Parameter : 
[2022-11-25 16:44:47.084][I][AutoBaseFunction.py(wrapper):16] __main__ : set_testList_hboxLayout 실행 종료
[2022-11-25 16:44:47.087][I][AutoBaseFunction.py(wrapper):16] __main__ : setupUi 실행 종료
[2022-11-25 16:44:47.087][I][AutoBaseFunction.py(wrapper):11] SubWindow.Menu_CreateExcel : setupUI_CreateExcel 실행 시작
[2022-11-25 16:44:47.088][I][AutoBaseFunction.py(wrapper):12] Parameter : 
[2022-11-25 16:44:47.092][I][AutoBaseFunction.py(wrapper):11] SubWindow.Menu_CreateExcel : new_excel_func 실행 시작
[2022-11-25 16:44:47.092][I][AutoBaseFunction.py(wrapper):12] Parameter : 
[2022-11-25 16:44:47.092][I][AutoBaseFunction.py(wrapper):16] SubWindow.Menu_CreateExcel : new_excel_func 실행 종료
[2022-11-25 16:44:47.093][I][AutoBaseFunction.py(wrapper):11] SubWindow.Menu_CreateExcel : set_excel_func 실행 시작
[2022-11-25 16:44:47.093][I][AutoBaseFunction.py(wrapper):12] Parameter : 
[2022-11-25 16:44:47.093][I][AutoBaseFunction.py(wrapper):16] SubWindow.Menu_CreateExcel : set_excel_func 실행 종료
[2022-11-25 16:44:47.094][I][AutoBaseFunction.py(wrapper):16] SubWindow.Menu_CreateExcel : setupUI_CreateExcel 실행 종료
[2022-11-25 16:44:47.121][I][AutoBaseFunction.py(wrapper):16] __main__ : __ce_ui 실행 종료
[2022-11-25 16:45:12.954][I][AutoBaseFunction.py(wrapper):11] SubWindow.Menu_CreateExcel : func_set_excel_groupBox 실행 시작
[2022-11-25 16:45:12.955][I][AutoBaseFunction.py(wrapper):12] Parameter : 
[2022-11-25 16:45:12.955][I][AutoBaseFunction.py(wrapper):16] SubWindow.Menu_CreateExcel : func_set_excel_groupBox 실행 종료
[2022-11-25 16:45:14.442][I][AutoBaseFunction.py(wrapper):11] SubWindow.Menu_CreateExcel : func_new_excel_groupBox 실행 시작
[2022-11-25 16:45:14.443][I][AutoBaseFunction.py(wrapper):12] Parameter : 
[2022-11-25 16:45:14.444][I][AutoBaseFunction.py(wrapper):16] SubWindow.Menu_CreateExcel : func_new_excel_groupBox 실행 종료
[2022-11-25 16:45:14.866][I][AutoBaseFunction.py(wrapper):11] SubWindow.Menu_CreateExcel : func_new_excel_groupBox 실행 시작
[2022-11-25 16:45:14.867][I][AutoBaseFunction.py(wrapper):12] Parameter : 
[2022-11-25 16:45:14.868][I][AutoBaseFunction.py(wrapper):16] SubWindow.Menu_CreateExcel : func_new_excel_groupBox 실행 종료
[2022-11-25 16:45:15.906][I][AutoBaseFunction.py(wrapper):11] SubWindow.Menu_CreateExcel : func_new_excel_groupBox 실행 시작
[2022-11-25 16:45:15.907][I][AutoBaseFunction.py(wrapper):12] Parameter : 
[2022-11-25 16:45:15.907][I][AutoBaseFunction.py(wrapper):16] SubWindow.Menu_CreateExcel : func_new_excel_groupBox 실행 종료
[2022-11-25 16:45:16.667][I][AutoBaseFunction.py(wrapper):11] SubWindow.Menu_CreateExcel : func_new_excel_groupBox 실행 시작
[2022-11-25 16:45:16.667][I][AutoBaseFunction.py(wrapper):12] Parameter : 
[2022-11-25 16:45:16.668][I][AutoBaseFunction.py(wrapper):16] SubWindow.Menu_CreateExcel : func_new_excel_groupBox 실행 종료
[2022-11-25 16:45:17.555][I][AutoBaseFunction.py(wrapper):11] SubWindow.Menu_CreateExcel : func_new_excel_groupBox 실행 시작
[2022-11-25 16:45:17.556][I][AutoBaseFunction.py(wrapper):12] Parameter : 
[2022-11-25 16:45:17.556][I][AutoBaseFunction.py(wrapper):16] SubWindow.Menu_CreateExcel : func_new_excel_groupBox 실행 종료
[2022-11-25 16:45:18.331][I][AutoBaseFunction.py(wrapper):11] SubWindow.Menu_CreateExcel : func_new_excel_groupBox 실행 시작
[2022-11-25 16:45:18.331][I][AutoBaseFunction.py(wrapper):12] Parameter : 
[2022-11-25 16:45:18.332][I][AutoBaseFunction.py(wrapper):16] SubWindow.Menu_CreateExcel : func_new_excel_groupBox 실행 종료
[2022-11-25 16:45:20.459][I][AutoBaseFunction.py(wrapper):11] SubWindow.Menu_CreateExcel : func_cencel 실행 시작
[2022-11-25 16:45:20.459][I][AutoBaseFunction.py(wrapper):12] Parameter : False
[2022-11-25 16:45:20.464][I][AutoBaseFunction.py(wrapper):16] SubWindow.Menu_CreateExcel : func_cencel 실행 종료
[2022-11-25 16:45:22.429][I][AutoBaseFunction.py(wrapper):11] __main__ : __ce_ui 실행 시작
[2022-11-25 16:45:22.429][I][AutoBaseFunction.py(wrapper):12] Parameter : False
[2022-11-25 16:45:22.430][I][AutoBaseFunction.py(wrapper):11] __main__ : setupUi 실행 시작
[2022-11-25 16:45:22.431][I][AutoBaseFunction.py(wrapper):12] Parameter : 
[2022-11-25 16:45:22.436][I][AutoBaseFunction.py(wrapper):11] __main__ : set_field_gridLayout 실행 시작
[2022-11-25 16:45:22.436][I][AutoBaseFunction.py(wrapper):12] Parameter : 
[2022-11-25 16:45:22.437][I][AutoBaseFunction.py(wrapper):16] __main__ : set_field_gridLayout 실행 종료
[2022-11-25 16:45:22.438][I][AutoBaseFunction.py(wrapper):11] __main__ : set_testList_hboxLayout 실행 시작
[2022-11-25 16:45:22.439][I][AutoBaseFunction.py(wrapper):12] Parameter : 
[2022-11-25 16:45:22.440][I][AutoBaseFunction.py(wrapper):16] __main__ : set_testList_hboxLayout 실행 종료
[2022-11-25 16:45:22.442][I][AutoBaseFunction.py(wrapper):16] __main__ : setupUi 실행 종료
[2022-11-25 16:45:22.443][I][AutoBaseFunction.py(wrapper):11] SubWindow.Menu_CreateExcel : setupUI_CreateExcel 실행 시작
[2022-11-25 16:45:22.443][I][AutoBaseFunction.py(wrapper):12] Parameter : 
[2022-11-25 16:45:22.447][I][AutoBaseFunction.py(wrapper):11] SubWindow.Menu_CreateExcel : new_excel_func 실행 시작
[2022-11-25 16:45:22.448][I][AutoBaseFunction.py(wrapper):12] Parameter : 
[2022-11-25 16:45:22.448][I][AutoBaseFunction.py(wrapper):16] SubWindow.Menu_CreateExcel : new_excel_func 실행 종료
[2022-11-25 16:45:22.448][I][AutoBaseFunction.py(wrapper):11] SubWindow.Menu_CreateExcel : set_excel_func 실행 시작
[2022-11-25 16:45:22.448][I][AutoBaseFunction.py(wrapper):12] Parameter : 
[2022-11-25 16:45:22.449][I][AutoBaseFunction.py(wrapper):16] SubWindow.Menu_CreateExcel : set_excel_func 실행 종료
[2022-11-25 16:45:22.449][I][AutoBaseFunction.py(wrapper):16] SubWindow.Menu_CreateExcel : setupUI_CreateExcel 실행 종료
[2022-11-25 16:45:22.464][I][AutoBaseFunction.py(wrapper):16] __main__ : __ce_ui 실행 종료
[2022-11-25 16:45:29.690][I][AutoBaseFunction.py(wrapper):11] SubWindow.Menu_CreateExcel : func_new_excel_groupBox 실행 시작
[2022-11-25 16:45:29.691][I][AutoBaseFunction.py(wrapper):12] Parameter : 
[2022-11-25 16:45:29.691][I][AutoBaseFunction.py(wrapper):16] SubWindow.Menu_CreateExcel : func_new_excel_groupBox 실행 종료
[2022-11-25 16:45:30.219][I][AutoBaseFunction.py(wrapper):11] SubWindow.Menu_CreateExcel : func_new_excel_groupBox 실행 시작
[2022-11-25 16:45:30.220][I][AutoBaseFunction.py(wrapper):12] Parameter : 
[2022-11-25 16:45:30.221][I][AutoBaseFunction.py(wrapper):16] SubWindow.Menu_CreateExcel : func_new_excel_groupBox 실행 종료
[2022-11-25 16:45:30.715][I][AutoBaseFunction.py(wrapper):11] SubWindow.Menu_CreateExcel : func_new_excel_groupBox 실행 시작
[2022-11-25 16:45:30.715][I][AutoBaseFunction.py(wrapper):12] Parameter : 
[2022-11-25 16:45:30.716][I][AutoBaseFunction.py(wrapper):16] SubWindow.Menu_CreateExcel : func_new_excel_groupBox 실행 종료
[2022-11-25 16:45:33.155][I][AutoBaseFunction.py(wrapper):11] SubWindow.Menu_CreateExcel : func_new_excel_groupBox 실행 시작
[2022-11-25 16:45:33.155][I][AutoBaseFunction.py(wrapper):12] Parameter : 
[2022-11-25 16:45:33.156][I][AutoBaseFunction.py(wrapper):16] SubWindow.Menu_CreateExcel : func_new_excel_groupBox 실행 종료
[2022-11-25 16:45:34.818][I][AutoBaseFunction.py(wrapper):11] SubWindow.Menu_CreateExcel : func_new_excel_groupBox 실행 시작
[2022-11-25 16:45:34.819][I][AutoBaseFunction.py(wrapper):12] Parameter : 
[2022-11-25 16:45:34.819][I][AutoBaseFunction.py(wrapper):16] SubWindow.Menu_CreateExcel : func_new_excel_groupBox 실행 종료
[2022-11-25 16:45:36.970][I][AutoBaseFunction.py(wrapper):11] SubWindow.Menu_CreateExcel : func_new_excel_groupBox 실행 시작
[2022-11-25 16:45:36.971][I][AutoBaseFunction.py(wrapper):12] Parameter : 
[2022-11-25 16:45:36.971][I][AutoBaseFunction.py(wrapper):16] SubWindow.Menu_CreateExcel : func_new_excel_groupBox 실행 종료
[2022-11-25 16:45:39.627][I][AutoBaseFunction.py(wrapper):11] SubWindow.Menu_CreateExcel : func_new_excel_groupBox 실행 시작
[2022-11-25 16:45:39.627][I][AutoBaseFunction.py(wrapper):12] Parameter : 
[2022-11-25 16:45:39.628][I][AutoBaseFunction.py(wrapper):16] SubWindow.Menu_CreateExcel : func_new_excel_groupBox 실행 종료
[2022-11-25 16:45:52.475][I][AutoBaseFunction.py(wrapper):11] SubWindow.Menu_CreateExcel : func_new_excel_groupBox 실행 시작
[2022-11-25 16:45:52.475][I][AutoBaseFunction.py(wrapper):12] Parameter : 
[2022-11-25 16:45:52.476][I][AutoBaseFunction.py(wrapper):16] SubWindow.Menu_CreateExcel : func_new_excel_groupBox 실행 종료
[2022-11-25 16:45:53.468][I][AutoBaseFunction.py(wrapper):11] SubWindow.Menu_CreateExcel : folder_toolButton_clicked 실행 시작
[2022-11-25 16:45:53.469][I][AutoBaseFunction.py(wrapper):12] Parameter : <PyQt5.QtWidgets.QLineEdit object at 0x0000028C7CE9EF80>, False
[2022-11-25 16:45:57.708][I][AutoBaseFunction.py(wrapper):16] SubWindow.Menu_CreateExcel : folder_toolButton_clicked 실행 종료
[2022-11-25 16:46:00.083][I][AutoBaseFunction.py(wrapper):11] SubWindow.Menu_CreateExcel : func_check_run 실행 시작
[2022-11-25 16:46:00.083][I][AutoBaseFunction.py(wrapper):12] Parameter : False
[2022-11-25 16:47:57.165][I][AutoBaseFunction.py(wrapper):11] __main__ : show_setup_ExcelSetting 실행 시작
[2022-11-25 16:47:57.165][I][AutoBaseFunction.py(wrapper):12] Parameter : False
[2022-11-25 16:47:57.166][I][AutoBaseFunction.py(wrapper):11] SubWindow.Setup_ExcelSetting : setupUI_Excel_Setting 실행 시작
[2022-11-25 16:47:57.166][I][AutoBaseFunction.py(wrapper):12] Parameter : 
[2022-11-25 16:47:57.168][I][AutoBaseFunction.py(wrapper):11] SubWindow.Setup_ExcelSetting : tl_set_slot 실행 시작
[2022-11-25 16:47:57.168][I][AutoBaseFunction.py(wrapper):12] Parameter : 
[2022-11-25 16:47:57.169][I][AutoBaseFunction.py(wrapper):16] SubWindow.Setup_ExcelSetting : tl_set_slot 실행 종료
[2022-11-25 16:47:57.169][I][AutoBaseFunction.py(wrapper):11] SubWindow.Setup_ExcelSetting : tl_ini_set 실행 시작
[2022-11-25 16:47:57.169][I][AutoBaseFunction.py(wrapper):12] Parameter : 
[2022-11-25 16:47:57.169][I][AutoBaseFunction.py(wrapper):16] SubWindow.Setup_ExcelSetting : tl_ini_set 실행 종료
[2022-11-25 16:47:57.170][I][AutoBaseFunction.py(wrapper):16] SubWindow.Setup_ExcelSetting : setupUI_Excel_Setting 실행 종료
[2022-11-25 16:47:57.178][I][MainWindow.py(show_setup_ExcelSetting):325] 엑셀 설정 팝업 열림
[2022-11-25 16:47:57.179][I][AutoBaseFunction.py(wrapper):16] __main__ : show_setup_ExcelSetting 실행 종료
[2022-11-25 16:48:25.243][I][AutoBaseFunction.py(wrapper):11] SubWindow.Setup_ExcelSetting : reset_Button_clicked 실행 시작
[2022-11-25 16:48:25.243][I][AutoBaseFunction.py(wrapper):12] Parameter : False
[2022-11-25 16:48:25.244][I][Setup_ExcelSetting.py(reset_Button_clicked):112] 엑셀 설정 팝업 확인 버튼 선택
[2022-11-25 16:48:26.766][I][Setup_ExcelSetting.py(reset_Button_clicked):117] 엑셀 설정 초기화 선택
[2022-11-25 16:48:26.767][I][AutoBaseFunction.py(wrapper):16] SubWindow.Setup_ExcelSetting : reset_Button_clicked 실행 종료
[2022-11-25 16:48:51.299][I][AutoBaseFunction.py(wrapper):11] SubWindow.Setup_ExcelSetting : ok_Button_clicked 실행 시작
[2022-11-25 16:48:51.300][I][AutoBaseFunction.py(wrapper):12] Parameter : False
[2022-11-25 16:48:51.300][I][Setup_ExcelSetting.py(ok_Button_clicked):126] 엑셀 설정 팝업 확인 버튼 선택
[2022-11-25 16:48:51.301][I][MainWindow.py(ts_emit):438] 엑셀 설정 팝업 닫힘으로 메인창 활성화
[2022-11-25 16:48:51.306][I][Setup_ExcelSetting.py(ok_Button_clicked):168] 1:평가 목록 팝업에 400 추가
[2022-11-25 16:48:51.308][I][Setup_ExcelSetting.py(ok_Button_clicked):168] 2:평가 목록 팝업에 155fas 추가
[2022-11-25 16:48:51.310][I][Setup_ExcelSetting.py(ok_Button_clicked):168] 3:평가 목록 팝업에 115 추가
[2022-11-25 16:48:51.312][I][Setup_ExcelSetting.py(ok_Button_clicked):168] 4:평가 목록 팝업에 50 추가
[2022-11-25 16:48:51.314][I][Setup_ExcelSetting.py(ok_Button_clicked):168] 5:평가 목록 팝업에 15 추가
[2022-11-25 16:48:51.315][I][AutoBaseFunction.py(wrapper):16] SubWindow.Setup_ExcelSetting : ok_Button_clicked 실행 종료
[2022-11-25 16:48:53.877][I][AutoBaseFunction.py(wrapper):11] __main__ : show_setup_ExcelSetting 실행 시작
[2022-11-25 16:48:53.877][I][AutoBaseFunction.py(wrapper):12] Parameter : False
[2022-11-25 16:48:53.878][I][AutoBaseFunction.py(wrapper):11] SubWindow.Setup_ExcelSetting : setupUI_Excel_Setting 실행 시작
[2022-11-25 16:48:53.878][I][AutoBaseFunction.py(wrapper):12] Parameter : 
[2022-11-25 16:48:53.881][I][AutoBaseFunction.py(wrapper):11] SubWindow.Setup_ExcelSetting : tl_set_slot 실행 시작
[2022-11-25 16:48:53.881][I][AutoBaseFunction.py(wrapper):12] Parameter : 
[2022-11-25 16:48:53.881][I][AutoBaseFunction.py(wrapper):16] SubWindow.Setup_ExcelSetting : tl_set_slot 실행 종료
[2022-11-25 16:48:53.882][I][AutoBaseFunction.py(wrapper):11] SubWindow.Setup_ExcelSetting : tl_ini_set 실행 시작
[2022-11-25 16:48:53.882][I][AutoBaseFunction.py(wrapper):12] Parameter : 
[2022-11-25 16:48:53.882][I][AutoBaseFunction.py(wrapper):16] SubWindow.Setup_ExcelSetting : tl_ini_set 실행 종료
[2022-11-25 16:48:53.883][I][AutoBaseFunction.py(wrapper):16] SubWindow.Setup_ExcelSetting : setupUI_Excel_Setting 실행 종료
[2022-11-25 16:48:53.893][I][MainWindow.py(show_setup_ExcelSetting):325] 엑셀 설정 팝업 열림
[2022-11-25 16:48:53.893][I][AutoBaseFunction.py(wrapper):16] __main__ : show_setup_ExcelSetting 실행 종료
[2022-11-25 16:50:00.539][I][AutoBaseFunction.py(wrapper):11] SubWindow.Setup_ExcelSetting : closeEvent 실행 시작
[2022-11-25 16:50:00.540][I][AutoBaseFunction.py(wrapper):12] Parameter : <PyQt5.QtGui.QCloseEvent object at 0x0000028C7CE8E290>
[2022-11-25 16:50:00.540][I][Setup_ExcelSetting.py(closeEvent):190] 엑셀 설정 팝업 취소 버튼 선택
[2022-11-25 16:50:00.542][I][MainWindow.py(ts_emit):438] 엑셀 설정 팝업 닫힘으로 메인창 활성화
[2022-11-25 16:50:00.547][I][AutoBaseFunction.py(wrapper):16] SubWindow.Setup_ExcelSetting : closeEvent 실행 종료
[2022-11-25 16:50:02.437][I][AutoBaseFunction.py(wrapper):11] __main__ : __ce_ui 실행 시작
[2022-11-25 16:50:02.437][I][AutoBaseFunction.py(wrapper):12] Parameter : False
[2022-11-25 16:50:02.438][I][AutoBaseFunction.py(wrapper):11] __main__ : setupUi 실행 시작
[2022-11-25 16:50:02.439][I][AutoBaseFunction.py(wrapper):12] Parameter : 
[2022-11-25 16:50:02.443][I][AutoBaseFunction.py(wrapper):11] __main__ : set_field_gridLayout 실행 시작
[2022-11-25 16:50:02.444][I][AutoBaseFunction.py(wrapper):12] Parameter : 
[2022-11-25 16:50:02.444][I][AutoBaseFunction.py(wrapper):16] __main__ : set_field_gridLayout 실행 종료
[2022-11-25 16:50:02.445][I][AutoBaseFunction.py(wrapper):11] __main__ : set_testList_hboxLayout 실행 시작
[2022-11-25 16:50:02.446][I][AutoBaseFunction.py(wrapper):12] Parameter : 
[2022-11-25 16:50:02.447][I][AutoBaseFunction.py(wrapper):16] __main__ : set_testList_hboxLayout 실행 종료
[2022-11-25 16:50:02.450][I][AutoBaseFunction.py(wrapper):16] __main__ : setupUi 실행 종료
[2022-11-25 16:50:02.450][I][AutoBaseFunction.py(wrapper):11] SubWindow.Menu_CreateExcel : setupUI_CreateExcel 실행 시작
[2022-11-25 16:50:02.450][I][AutoBaseFunction.py(wrapper):12] Parameter : 
[2022-11-25 16:50:02.455][I][AutoBaseFunction.py(wrapper):11] SubWindow.Menu_CreateExcel : new_excel_func 실행 시작
[2022-11-25 16:50:02.455][I][AutoBaseFunction.py(wrapper):12] Parameter : 
[2022-11-25 16:50:02.456][I][AutoBaseFunction.py(wrapper):16] SubWindow.Menu_CreateExcel : new_excel_func 실행 종료
[2022-11-25 16:50:02.456][I][AutoBaseFunction.py(wrapper):11] SubWindow.Menu_CreateExcel : set_excel_func 실행 시작
[2022-11-25 16:50:02.456][I][AutoBaseFunction.py(wrapper):12] Parameter : 
[2022-11-25 16:50:02.457][I][AutoBaseFunction.py(wrapper):16] SubWindow.Menu_CreateExcel : set_excel_func 실행 종료
[2022-11-25 16:50:02.457][I][AutoBaseFunction.py(wrapper):16] SubWindow.Menu_CreateExcel : setupUI_CreateExcel 실행 종료
[2022-11-25 16:50:02.472][I][AutoBaseFunction.py(wrapper):16] __main__ : __ce_ui 실행 종료
[2022-11-25 16:53:50.389][I][AutoBaseFunction.py(wrapper):11] __main__ : show_setup_ExcelSetting 실행 시작
[2022-11-25 16:53:50.389][I][AutoBaseFunction.py(wrapper):12] Parameter : False
[2022-11-25 16:53:50.390][I][AutoBaseFunction.py(wrapper):11] SubWindow.Setup_ExcelSetting : setupUI_Excel_Setting 실행 시작
[2022-11-25 16:53:50.391][I][AutoBaseFunction.py(wrapper):12] Parameter : 
[2022-11-25 16:53:50.393][I][AutoBaseFunction.py(wrapper):11] SubWindow.Setup_ExcelSetting : tl_set_slot 실행 시작
[2022-11-25 16:53:50.393][I][AutoBaseFunction.py(wrapper):12] Parameter : 
[2022-11-25 16:53:50.394][I][AutoBaseFunction.py(wrapper):16] SubWindow.Setup_ExcelSetting : tl_set_slot 실행 종료
[2022-11-25 16:53:50.394][I][AutoBaseFunction.py(wrapper):11] SubWindow.Setup_ExcelSetting : tl_ini_set 실행 시작
[2022-11-25 16:53:50.395][I][AutoBaseFunction.py(wrapper):12] Parameter : 
[2022-11-25 16:53:50.395][I][AutoBaseFunction.py(wrapper):16] SubWindow.Setup_ExcelSetting : tl_ini_set 실행 종료
[2022-11-25 16:53:50.395][I][AutoBaseFunction.py(wrapper):16] SubWindow.Setup_ExcelSetting : setupUI_Excel_Setting 실행 종료
[2022-11-25 16:53:50.407][I][MainWindow.py(show_setup_ExcelSetting):325] 엑셀 설정 팝업 열림
[2022-11-25 16:53:50.407][I][AutoBaseFunction.py(wrapper):16] __main__ : show_setup_ExcelSetting 실행 종료
[2022-11-25 16:53:54.018][I][AutoBaseFunction.py(wrapper):11] SubWindow.Setup_ExcelSetting : reset_Button_clicked 실행 시작
[2022-11-25 16:53:54.019][I][AutoBaseFunction.py(wrapper):12] Parameter : False
[2022-11-25 16:53:54.019][I][Setup_ExcelSetting.py(reset_Button_clicked):112] 엑셀 설정 팝업 확인 버튼 선택
[2022-11-25 16:53:57.191][I][Setup_ExcelSetting.py(reset_Button_clicked):122] 엑셀 설정 초기화 취소 선택
[2022-11-25 16:53:57.192][I][AutoBaseFunction.py(wrapper):16] SubWindow.Setup_ExcelSetting : reset_Button_clicked 실행 종료
[2022-11-25 16:53:58.075][I][AutoBaseFunction.py(wrapper):11] SubWindow.Setup_ExcelSetting : reset_Button_clicked 실행 시작
[2022-11-25 16:53:58.076][I][AutoBaseFunction.py(wrapper):12] Parameter : False
[2022-11-25 16:53:58.076][I][Setup_ExcelSetting.py(reset_Button_clicked):112] 엑셀 설정 팝업 확인 버튼 선택
[2022-11-25 16:53:59.192][I][Setup_ExcelSetting.py(reset_Button_clicked):122] 엑셀 설정 초기화 취소 선택
[2022-11-25 16:53:59.192][I][AutoBaseFunction.py(wrapper):16] SubWindow.Setup_ExcelSetting : reset_Button_clicked 실행 종료
[2022-11-25 16:53:59.755][I][AutoBaseFunction.py(wrapper):11] SubWindow.Setup_ExcelSetting : reset_Button_clicked 실행 시작
[2022-11-25 16:53:59.756][I][AutoBaseFunction.py(wrapper):12] Parameter : False
[2022-11-25 16:53:59.756][I][Setup_ExcelSetting.py(reset_Button_clicked):112] 엑셀 설정 팝업 확인 버튼 선택
[2022-11-25 16:54:00.415][I][Setup_ExcelSetting.py(reset_Button_clicked):117] 엑셀 설정 초기화 선택
[2022-11-25 16:54:00.416][I][AutoBaseFunction.py(wrapper):16] SubWindow.Setup_ExcelSetting : reset_Button_clicked 실행 종료
[2022-11-25 17:07:35.427][I][AutoBaseFunction.py(wrapper):11] SubWindow.Setup_ExcelSetting : closeEvent 실행 시작
[2022-11-25 17:07:35.428][I][AutoBaseFunction.py(wrapper):12] Parameter : <PyQt5.QtGui.QCloseEvent object at 0x0000028C0022A440>
[2022-11-25 17:07:35.428][I][Setup_ExcelSetting.py(closeEvent):190] 엑셀 설정 팝업 취소 버튼 선택
[2022-11-25 17:07:37.080][I][Setup_ExcelSetting.py(closeEvent):197] 필드 설정 팝업 > 취소 > 변경사항 알림에서 예 선택
[2022-11-25 17:07:37.080][I][MainWindow.py(ts_emit):438] 엑셀 설정 팝업 닫힘으로 메인창 활성화
[2022-11-25 17:07:37.081][I][AutoBaseFunction.py(wrapper):16] SubWindow.Setup_ExcelSetting : closeEvent 실행 종료
[2022-11-25 17:07:38.331][I][AutoBaseFunction.py(wrapper):11] __main__ : closeEvent 실행 시작
[2022-11-25 17:07:38.332][I][AutoBaseFunction.py(wrapper):12] Parameter : <PyQt5.QtGui.QCloseEvent object at 0x0000028C0022A440>
[2022-11-25 17:07:38.332][I][AutoBaseFunction.py(wrapper):16] __main__ : closeEvent 실행 종료
