[2022-11-28 16:20:43.241][D][LogManager.py(Init):10] LogManager Init function called !!!
[2022-11-28 16:20:43.359][I][AutoBaseFunction.py(wrapper):11] __main__ : setupUi 실행 시작
[2022-11-28 16:20:43.359][I][AutoBaseFunction.py(wrapper):12] Parameter : 
[2022-11-28 16:20:43.363][I][AutoBaseFunction.py(wrapper):11] __main__ : set_field_gridLayout 실행 시작
[2022-11-28 16:20:43.363][I][AutoBaseFunction.py(wrapper):12] Parameter : 
[2022-11-28 16:20:43.389][I][AutoBaseFunction.py(wrapper):16] __main__ : set_field_gridLayout 실행 종료
[2022-11-28 16:20:43.390][I][AutoBaseFunction.py(wrapper):11] __main__ : set_testList_hboxLayout 실행 시작
[2022-11-28 16:20:43.390][I][AutoBaseFunction.py(wrapper):12] Parameter : 
[2022-11-28 16:20:43.615][I][AutoBaseFunction.py(wrapper):16] __main__ : set_testList_hboxLayout 실행 종료
[2022-11-28 16:20:43.617][I][AutoBaseFunction.py(wrapper):16] __main__ : setupUi 실행 종료
[2022-11-28 16:20:46.111][I][AutoBaseFunction.py(wrapper):11] __main__ : __ce_ui 실행 시작
[2022-11-28 16:20:46.111][I][AutoBaseFunction.py(wrapper):12] Parameter : False
[2022-11-28 16:20:46.113][I][AutoBaseFunction.py(wrapper):11] __main__ : setupUi 실행 시작
[2022-11-28 16:20:46.113][I][AutoBaseFunction.py(wrapper):12] Parameter : 
[2022-11-28 16:20:46.114][I][AutoBaseFunction.py(wrapper):11] __main__ : set_field_gridLayout 실행 시작
[2022-11-28 16:20:46.114][I][AutoBaseFunction.py(wrapper):12] Parameter : 
[2022-11-28 16:20:46.114][I][AutoBaseFunction.py(wrapper):16] __main__ : set_field_gridLayout 실행 종료
[2022-11-28 16:20:46.115][I][AutoBaseFunction.py(wrapper):11] __main__ : set_testList_hboxLayout 실행 시작
[2022-11-28 16:20:46.115][I][AutoBaseFunction.py(wrapper):12] Parameter : 
[2022-11-28 16:20:46.116][I][AutoBaseFunction.py(wrapper):16] __main__ : set_testList_hboxLayout 실행 종료
[2022-11-28 16:20:46.117][I][AutoBaseFunction.py(wrapper):16] __main__ : setupUi 실행 종료
[2022-11-28 16:20:46.117][I][AutoBaseFunction.py(wrapper):11] SubWindow.Menu_CreateExcel : setupUI_CreateExcel 실행 시작
[2022-11-28 16:20:46.118][I][AutoBaseFunction.py(wrapper):12] Parameter : 
[2022-11-28 16:20:46.118][I][AutoBaseFunction.py(wrapper):11] SubWindow.Menu_CreateExcel : new_excel_func 실행 시작
[2022-11-28 16:20:46.118][I][AutoBaseFunction.py(wrapper):12] Parameter : 
[2022-11-28 16:20:46.118][I][AutoBaseFunction.py(wrapper):16] SubWindow.Menu_CreateExcel : new_excel_func 실행 종료
[2022-11-28 16:20:46.119][I][AutoBaseFunction.py(wrapper):11] SubWindow.Menu_CreateExcel : set_excel_func 실행 시작
[2022-11-28 16:20:46.119][I][AutoBaseFunction.py(wrapper):12] Parameter : 
[2022-11-28 16:20:46.119][I][AutoBaseFunction.py(wrapper):16] SubWindow.Menu_CreateExcel : set_excel_func 실행 종료
[2022-11-28 16:20:46.119][I][AutoBaseFunction.py(wrapper):16] SubWindow.Menu_CreateExcel : setupUI_CreateExcel 실행 종료
[2022-11-28 16:20:46.138][I][AutoBaseFunction.py(wrapper):16] __main__ : __ce_ui 실행 종료
[2022-11-28 16:20:48.558][I][AutoBaseFunction.py(wrapper):11] SubWindow.Menu_CreateExcel : folder_toolButton_clicked 실행 시작
[2022-11-28 16:20:48.558][I][AutoBaseFunction.py(wrapper):12] Parameter : <PyQt5.QtWidgets.QLineEdit object at 0x000001327152EC20>, False
[2022-11-28 16:20:50.163][I][AutoBaseFunction.py(wrapper):16] SubWindow.Menu_CreateExcel : folder_toolButton_clicked 실행 종료
[2022-11-28 16:20:50.797][I][AutoBaseFunction.py(wrapper):11] SubWindow.Menu_CreateExcel : func_check_run 실행 시작
[2022-11-28 16:20:50.797][I][AutoBaseFunction.py(wrapper):12] Parameter : False
