[2022-10-05 12:10:44.007][D][LogManager.py(Init):12] LogManager Init function called !!!
[2022-10-05 12:10:44.035][I][AutoBaseFunction.py(wrapper):10] Screen.MainWindow : setupUi 실행 시작
[2022-10-05 12:10:44.035][I][AutoBaseFunction.py(wrapper):11] Parameter : 
[2022-10-05 12:10:44.040][I][AutoBaseFunction.py(wrapper):10] Screen.MainWindow : set_field 실행 시작
[2022-10-05 12:10:44.041][I][AutoBaseFunction.py(wrapper):11] Parameter : 
[2022-10-05 12:10:44.066][I][AutoBaseFunction.py(wrapper):17] Screen.MainWindow : set_field 실행 종료
[2022-10-05 12:10:44.067][I][AutoBaseFunction.py(wrapper):10] Screen.MainWindow : setWidget_func 실행 시작
[2022-10-05 12:10:44.067][I][AutoBaseFunction.py(wrapper):11] Parameter : 
[2022-10-05 12:10:44.069][I][AutoBaseFunction.py(wrapper):17] Screen.MainWindow : setWidget_func 실행 종료
[2022-10-05 12:10:44.071][I][AutoBaseFunction.py(wrapper):17] Screen.MainWindow : setupUi 실행 종료
[2022-10-05 12:10:44.078][I][AutoBaseFunction.py(wrapper):10] __main__ : __set_slot 실행 시작
[2022-10-05 12:10:44.079][I][AutoBaseFunction.py(wrapper):11] Parameter : 
[2022-10-05 12:10:44.079][I][AutoBaseFunction.py(wrapper):17] __main__ : __set_slot 실행 종료
[2022-10-05 12:10:44.080][I][AutoBaseFunction.py(wrapper):10] __main__ : __wigets_setupUi 실행 시작
[2022-10-05 12:10:44.080][I][AutoBaseFunction.py(wrapper):11] Parameter : 
[2022-10-05 12:10:44.080][I][AutoBaseFunction.py(wrapper):10] Screen.Setup_Language : setupUI_Language 실행 시작
[2022-10-05 12:10:44.081][I][AutoBaseFunction.py(wrapper):11] Parameter : 
[2022-10-05 12:10:44.082][I][AutoBaseFunction.py(wrapper):10] Screen.Setup_Language : sl_set_slot 실행 시작
[2022-10-05 12:10:44.082][I][AutoBaseFunction.py(wrapper):11] Parameter : 
[2022-10-05 12:10:44.082][I][AutoBaseFunction.py(wrapper):17] Screen.Setup_Language : sl_set_slot 실행 종료
[2022-10-05 12:10:44.083][I][AutoBaseFunction.py(wrapper):17] Screen.Setup_Language : setupUI_Language 실행 종료
[2022-10-05 12:10:44.083][I][AutoBaseFunction.py(wrapper):10] Screen.Menu_CreateExcel : setupUI_CreateExcel 실행 시작
[2022-10-05 12:10:44.083][I][AutoBaseFunction.py(wrapper):11] Parameter : 
[2022-10-05 12:10:44.088][I][AutoBaseFunction.py(wrapper):10] Screen.Menu_CreateExcel : new_excel_func 실행 시작
[2022-10-05 12:10:44.088][I][AutoBaseFunction.py(wrapper):11] Parameter : 
[2022-10-05 12:10:44.089][I][AutoBaseFunction.py(wrapper):17] Screen.Menu_CreateExcel : new_excel_func 실행 종료
[2022-10-05 12:10:44.089][I][AutoBaseFunction.py(wrapper):10] Screen.Menu_CreateExcel : set_excel_func 실행 시작
[2022-10-05 12:10:44.089][I][AutoBaseFunction.py(wrapper):11] Parameter : 
[2022-10-05 12:10:44.090][I][AutoBaseFunction.py(wrapper):17] Screen.Menu_CreateExcel : set_excel_func 실행 종료
[2022-10-05 12:10:44.090][I][AutoBaseFunction.py(wrapper):17] Screen.Menu_CreateExcel : setupUI_CreateExcel 실행 종료
[2022-10-05 12:10:44.091][I][AutoBaseFunction.py(wrapper):10] Screen.Setup_Field : setupUI_Field 실행 시작
[2022-10-05 12:10:44.091][I][AutoBaseFunction.py(wrapper):11] Parameter : 
[2022-10-05 12:10:44.093][I][AutoBaseFunction.py(wrapper):10] Screen.Setup_Field : set_data 실행 시작
[2022-10-05 12:10:44.093][I][AutoBaseFunction.py(wrapper):11] Parameter : 
[2022-10-05 12:10:44.094][I][AutoBaseFunction.py(wrapper):17] Screen.Setup_Field : set_data 실행 종료
[2022-10-05 12:10:44.318][I][AutoBaseFunction.py(wrapper):10] Screen.Setup_Field : set_data 실행 시작
[2022-10-05 12:10:44.318][I][AutoBaseFunction.py(wrapper):11] Parameter : 
[2022-10-05 12:10:44.319][I][AutoBaseFunction.py(wrapper):17] Screen.Setup_Field : set_data 실행 종료
[2022-10-05 12:10:44.320][I][AutoBaseFunction.py(wrapper):10] Screen.Setup_Field : set_data 실행 시작
[2022-10-05 12:10:44.321][I][AutoBaseFunction.py(wrapper):11] Parameter : 
[2022-10-05 12:10:44.321][I][AutoBaseFunction.py(wrapper):17] Screen.Setup_Field : set_data 실행 종료
[2022-10-05 12:10:44.322][I][AutoBaseFunction.py(wrapper):10] Screen.Setup_Field : set_data 실행 시작
[2022-10-05 12:10:44.322][I][AutoBaseFunction.py(wrapper):11] Parameter : 
[2022-10-05 12:10:44.323][I][AutoBaseFunction.py(wrapper):17] Screen.Setup_Field : set_data 실행 종료
[2022-10-05 12:10:44.324][I][AutoBaseFunction.py(wrapper):10] Screen.Setup_Field : set_data 실행 시작
[2022-10-05 12:10:44.324][I][AutoBaseFunction.py(wrapper):11] Parameter : 
[2022-10-05 12:10:44.325][I][AutoBaseFunction.py(wrapper):17] Screen.Setup_Field : set_data 실행 종료
[2022-10-05 12:10:44.325][I][AutoBaseFunction.py(wrapper):10] Screen.Setup_Field : set_data 실행 시작
[2022-10-05 12:10:44.325][I][AutoBaseFunction.py(wrapper):11] Parameter : 
[2022-10-05 12:10:44.326][I][AutoBaseFunction.py(wrapper):17] Screen.Setup_Field : set_data 실행 종료
[2022-10-05 12:10:44.326][I][AutoBaseFunction.py(wrapper):10] Screen.Setup_Field : sl_set_slot 실행 시작
[2022-10-05 12:10:44.326][I][AutoBaseFunction.py(wrapper):11] Parameter : 
[2022-10-05 12:10:44.327][I][AutoBaseFunction.py(wrapper):17] Screen.Setup_Field : sl_set_slot 실행 종료
[2022-10-05 12:10:44.327][I][AutoBaseFunction.py(wrapper):17] Screen.Setup_Field : setupUI_Field 실행 종료
[2022-10-05 12:10:44.327][I][AutoBaseFunction.py(wrapper):10] Screen.Setup_TestList : setupUI_TestList 실행 시작
[2022-10-05 12:10:44.327][I][AutoBaseFunction.py(wrapper):11] Parameter : 
[2022-10-05 12:10:44.332][I][AutoBaseFunction.py(wrapper):10] Screen.Setup_TestList : btn_set_slot 실행 시작
[2022-10-05 12:10:44.332][I][AutoBaseFunction.py(wrapper):11] Parameter : 
[2022-10-05 12:10:44.333][I][AutoBaseFunction.py(wrapper):17] Screen.Setup_TestList : btn_set_slot 실행 종료
[2022-10-05 12:10:44.333][I][AutoBaseFunction.py(wrapper):17] Screen.Setup_TestList : setupUI_TestList 실행 종료
[2022-10-05 12:10:44.333][I][AutoBaseFunction.py(wrapper):17] __main__ : __wigets_setupUi 실행 종료
[2022-10-05 12:10:53.216][I][AutoBaseFunction.py(wrapper):10] __main__ : __sl_ui 실행 시작
[2022-10-05 12:10:53.216][I][AutoBaseFunction.py(wrapper):11] Parameter : False
[2022-10-05 12:10:53.217][I][AutoBaseFunction.py(wrapper):10] Screen.Setup_Language : setLang_Button 실행 시작
[2022-10-05 12:10:53.217][I][AutoBaseFunction.py(wrapper):11] Parameter : 
[2022-10-05 12:10:53.222][I][AutoBaseFunction.py(wrapper):17] Screen.Setup_Language : setLang_Button 실행 종료
[2022-10-05 12:10:53.257][I][AutoBaseFunction.py(wrapper):17] __main__ : __sl_ui 실행 종료
[2022-10-05 12:10:59.063][I][AutoBaseFunction.py(wrapper):10] Screen.Setup_Language : closeEvent 실행 시작
[2022-10-05 12:10:59.063][I][AutoBaseFunction.py(wrapper):11] Parameter : <PyQt5.QtGui.QCloseEvent object at 0x000001AA83E299D8>
[2022-10-05 12:10:59.065][I][AutoBaseFunction.py(wrapper):17] Screen.Setup_Language : closeEvent 실행 종료
[2022-10-05 12:11:16.766][I][AutoBaseFunction.py(wrapper):10] Screen.MainWindow : closeEvent 실행 시작
[2022-10-05 12:11:16.767][I][AutoBaseFunction.py(wrapper):11] Parameter : <PyQt5.QtGui.QCloseEvent object at 0x000001AA83E299D8>
