[2022-09-23 17:27:49.405][D][LogManager.py(Init):12] LogManager Init function called !!!
[2022-09-23 17:27:49.419][I][AutoBaseFunction.py(wrapper):7] Screen.MainWindow : setupUi 실행 시작
[2022-09-23 17:27:49.420][I][AutoBaseFunction.py(wrapper):8] Parameter : 
[2022-09-23 17:27:49.434][I][AutoBaseFunction.py(wrapper):7] Screen.MainWindow : set_field 실행 시작
[2022-09-23 17:27:49.434][I][AutoBaseFunction.py(wrapper):8] Parameter : 
[2022-09-23 17:27:49.469][I][AutoBaseFunction.py(wrapper):14] Screen.MainWindow : set_field 실행 종료
[2022-09-23 17:27:49.469][I][AutoBaseFunction.py(wrapper):7] Screen.MainWindow : setWidget_func 실행 시작
[2022-09-23 17:27:49.470][I][AutoBaseFunction.py(wrapper):8] Parameter : 
[2022-09-23 17:27:49.472][I][AutoBaseFunction.py(wrapper):14] Screen.MainWindow : setWidget_func 실행 종료
[2022-09-23 17:27:49.475][I][AutoBaseFunction.py(wrapper):14] Screen.MainWindow : setupUi 실행 종료
[2022-09-23 17:27:49.481][I][AutoBaseFunction.py(wrapper):7] __main__ : __set_slot 실행 시작
[2022-09-23 17:27:49.481][I][AutoBaseFunction.py(wrapper):8] Parameter : 
[2022-09-23 17:27:49.482][I][AutoBaseFunction.py(wrapper):14] __main__ : __set_slot 실행 종료
[2022-09-23 17:27:49.482][I][AutoBaseFunction.py(wrapper):7] __main__ : __wigets_setupUi 실행 시작
[2022-09-23 17:27:49.482][I][AutoBaseFunction.py(wrapper):8] Parameter : 
[2022-09-23 17:27:49.483][I][AutoBaseFunction.py(wrapper):7] Screen.Setup_Language : setupUI_Language 실행 시작
[2022-09-23 17:27:49.483][I][AutoBaseFunction.py(wrapper):8] Parameter : 
[2022-09-23 17:27:49.484][I][AutoBaseFunction.py(wrapper):7] Screen.Setup_Language : sl_set_slot 실행 시작
[2022-09-23 17:27:49.484][I][AutoBaseFunction.py(wrapper):8] Parameter : 
[2022-09-23 17:27:49.484][I][AutoBaseFunction.py(wrapper):14] Screen.Setup_Language : sl_set_slot 실행 종료
[2022-09-23 17:27:49.485][I][AutoBaseFunction.py(wrapper):14] Screen.Setup_Language : setupUI_Language 실행 종료
[2022-09-23 17:27:49.485][I][AutoBaseFunction.py(wrapper):7] Screen.Menu_CreateExcel : setupUI_CreateExcel 실행 시작
[2022-09-23 17:27:49.485][I][AutoBaseFunction.py(wrapper):8] Parameter : 
[2022-09-23 17:27:49.486][I][AutoBaseFunction.py(wrapper):7] Screen.Menu_CreateExcel : new_excel_func 실행 시작
[2022-09-23 17:27:49.486][I][AutoBaseFunction.py(wrapper):8] Parameter : 
[2022-09-23 17:27:49.486][I][AutoBaseFunction.py(wrapper):14] Screen.Menu_CreateExcel : new_excel_func 실행 종료
[2022-09-23 17:27:49.487][I][AutoBaseFunction.py(wrapper):7] Screen.Menu_CreateExcel : set_excel_func 실행 시작
[2022-09-23 17:27:49.487][I][AutoBaseFunction.py(wrapper):8] Parameter : 
[2022-09-23 17:27:49.487][I][AutoBaseFunction.py(wrapper):14] Screen.Menu_CreateExcel : set_excel_func 실행 종료
[2022-09-23 17:27:49.487][I][AutoBaseFunction.py(wrapper):14] Screen.Menu_CreateExcel : setupUI_CreateExcel 실행 종료
[2022-09-23 17:27:49.488][I][AutoBaseFunction.py(wrapper):7] Screen.Setup_Field : setupUI_Field 실행 시작
[2022-09-23 17:27:49.488][I][AutoBaseFunction.py(wrapper):8] Parameter : 
[2022-09-23 17:27:49.488][I][AutoBaseFunction.py(wrapper):7] Screen.Setup_Field : set_data 실행 시작
[2022-09-23 17:27:49.488][I][AutoBaseFunction.py(wrapper):8] Parameter : 
[2022-09-23 17:27:49.489][I][AutoBaseFunction.py(wrapper):14] Screen.Setup_Field : set_data 실행 종료
[2022-09-23 17:27:49.715][I][AutoBaseFunction.py(wrapper):7] Screen.Setup_Field : set_data 실행 시작
[2022-09-23 17:27:49.715][I][AutoBaseFunction.py(wrapper):8] Parameter : 
[2022-09-23 17:27:49.716][I][AutoBaseFunction.py(wrapper):14] Screen.Setup_Field : set_data 실행 종료
[2022-09-23 17:27:49.716][I][AutoBaseFunction.py(wrapper):7] Screen.Setup_Field : set_data 실행 시작
[2022-09-23 17:27:49.717][I][AutoBaseFunction.py(wrapper):8] Parameter : 
[2022-09-23 17:27:49.717][I][AutoBaseFunction.py(wrapper):14] Screen.Setup_Field : set_data 실행 종료
[2022-09-23 17:27:49.717][I][AutoBaseFunction.py(wrapper):7] Screen.Setup_Field : set_data 실행 시작
[2022-09-23 17:27:49.718][I][AutoBaseFunction.py(wrapper):8] Parameter : 
[2022-09-23 17:27:49.718][I][AutoBaseFunction.py(wrapper):14] Screen.Setup_Field : set_data 실행 종료
[2022-09-23 17:27:49.718][I][AutoBaseFunction.py(wrapper):7] Screen.Setup_Field : set_data 실행 시작
[2022-09-23 17:27:49.719][I][AutoBaseFunction.py(wrapper):8] Parameter : 
[2022-09-23 17:27:49.719][I][AutoBaseFunction.py(wrapper):14] Screen.Setup_Field : set_data 실행 종료
[2022-09-23 17:27:49.719][I][AutoBaseFunction.py(wrapper):7] Screen.Setup_Field : set_data 실행 시작
[2022-09-23 17:27:49.719][I][AutoBaseFunction.py(wrapper):8] Parameter : 
[2022-09-23 17:27:49.720][I][AutoBaseFunction.py(wrapper):14] Screen.Setup_Field : set_data 실행 종료
[2022-09-23 17:27:49.720][I][AutoBaseFunction.py(wrapper):7] Screen.Setup_Field : sl_set_slot 실행 시작
[2022-09-23 17:27:49.720][I][AutoBaseFunction.py(wrapper):8] Parameter : 
[2022-09-23 17:27:49.720][I][AutoBaseFunction.py(wrapper):14] Screen.Setup_Field : sl_set_slot 실행 종료
[2022-09-23 17:27:49.721][I][AutoBaseFunction.py(wrapper):14] Screen.Setup_Field : setupUI_Field 실행 종료
[2022-09-23 17:27:49.721][I][AutoBaseFunction.py(wrapper):7] Screen.Setup_TestList : setupUI_TestList 실행 시작
[2022-09-23 17:27:49.721][I][AutoBaseFunction.py(wrapper):8] Parameter : 
[2022-09-23 17:27:49.722][I][AutoBaseFunction.py(wrapper):7] Screen.Setup_TestList : btn_set_slot 실행 시작
[2022-09-23 17:27:49.722][I][AutoBaseFunction.py(wrapper):8] Parameter : 
[2022-09-23 17:27:49.722][I][AutoBaseFunction.py(wrapper):14] Screen.Setup_TestList : btn_set_slot 실행 종료
[2022-09-23 17:27:49.723][I][AutoBaseFunction.py(wrapper):14] Screen.Setup_TestList : setupUI_TestList 실행 종료
[2022-09-23 17:27:49.723][I][AutoBaseFunction.py(wrapper):14] __main__ : __wigets_setupUi 실행 종료
[2022-09-23 17:27:51.775][I][AutoBaseFunction.py(wrapper):7] __main__ : __sl_ui 실행 시작
[2022-09-23 17:27:51.775][I][AutoBaseFunction.py(wrapper):8] Parameter : False
[2022-09-23 17:27:51.775][I][AutoBaseFunction.py(wrapper):7] Screen.Setup_Language : setLang_Button 실행 시작
[2022-09-23 17:27:51.776][I][AutoBaseFunction.py(wrapper):8] Parameter : 
[2022-09-23 17:27:51.777][I][AutoBaseFunction.py(wrapper):14] Screen.Setup_Language : setLang_Button 실행 종료
[2022-09-23 17:27:51.789][I][AutoBaseFunction.py(wrapper):14] __main__ : __sl_ui 실행 종료
[2022-09-23 17:27:53.101][I][AutoBaseFunction.py(wrapper):7] Screen.Setup_Language : ok_Button_clicked 실행 시작
[2022-09-23 17:27:53.102][I][AutoBaseFunction.py(wrapper):8] Parameter : False
[2022-09-23 17:27:53.193][I][AutoBaseFunction.py(wrapper):7] Screen.Setup_Language : closeEvent 실행 시작
[2022-09-23 17:27:53.193][I][AutoBaseFunction.py(wrapper):8] Parameter : <PyQt5.QtGui.QCloseEvent object at 0x000001F49DBEA828>
[2022-09-23 17:27:53.194][I][AutoBaseFunction.py(wrapper):14] Screen.Setup_Language : closeEvent 실행 종료
[2022-09-23 17:27:53.198][I][AutoBaseFunction.py(wrapper):14] Screen.Setup_Language : ok_Button_clicked 실행 종료
[2022-09-23 17:27:54.822][I][AutoBaseFunction.py(wrapper):7] __main__ : __sl_ui 실행 시작
[2022-09-23 17:27:54.823][I][AutoBaseFunction.py(wrapper):8] Parameter : False
[2022-09-23 17:27:54.823][I][AutoBaseFunction.py(wrapper):7] Screen.Setup_Language : setLang_Button 실행 시작
[2022-09-23 17:27:54.823][I][AutoBaseFunction.py(wrapper):8] Parameter : 
[2022-09-23 17:27:54.824][I][AutoBaseFunction.py(wrapper):14] Screen.Setup_Language : setLang_Button 실행 종료
[2022-09-23 17:27:54.830][I][AutoBaseFunction.py(wrapper):14] __main__ : __sl_ui 실행 종료
[2022-09-23 17:27:55.581][I][AutoBaseFunction.py(wrapper):7] Screen.Setup_Language : closeEvent 실행 시작
[2022-09-23 17:27:55.582][I][AutoBaseFunction.py(wrapper):8] Parameter : <PyQt5.QtGui.QCloseEvent object at 0x000001F49DBDFCA8>
[2022-09-23 17:27:55.582][I][AutoBaseFunction.py(wrapper):14] Screen.Setup_Language : closeEvent 실행 종료
[2022-09-23 17:27:59.317][I][AutoBaseFunction.py(wrapper):7] __main__ : __tl_ui 실행 시작
[2022-09-23 17:27:59.317][I][AutoBaseFunction.py(wrapper):8] Parameter : False
[2022-09-23 17:27:59.318][I][AutoBaseFunction.py(wrapper):7] Screen.Setup_TestList : setTest_Button 실행 시작
[2022-09-23 17:27:59.318][I][AutoBaseFunction.py(wrapper):8] Parameter : 
[2022-09-23 17:27:59.320][I][AutoBaseFunction.py(wrapper):14] Screen.Setup_TestList : setTest_Button 실행 종료
[2022-09-23 17:27:59.333][I][AutoBaseFunction.py(wrapper):14] __main__ : __tl_ui 실행 종료
[2022-09-23 17:28:00.380][I][AutoBaseFunction.py(wrapper):7] Screen.Setup_TestList : ok_Button_clicked 실행 시작
[2022-09-23 17:28:00.381][I][AutoBaseFunction.py(wrapper):8] Parameter : False
[2022-09-23 17:28:00.470][I][AutoBaseFunction.py(wrapper):7] Screen.MainWindow : setWidget_func 실행 시작
[2022-09-23 17:28:00.470][I][AutoBaseFunction.py(wrapper):8] Parameter : 
[2022-09-23 17:28:00.471][I][AutoBaseFunction.py(wrapper):14] Screen.MainWindow : setWidget_func 실행 종료
[2022-09-23 17:28:00.472][I][AutoBaseFunction.py(wrapper):7] Screen.Setup_TestList : closeEvent 실행 시작
[2022-09-23 17:28:00.472][I][AutoBaseFunction.py(wrapper):8] Parameter : <PyQt5.QtGui.QCloseEvent object at 0x000001F49DB0E0D8>
[2022-09-23 17:28:00.472][I][AutoBaseFunction.py(wrapper):14] Screen.Setup_TestList : closeEvent 실행 종료
[2022-09-23 17:28:00.476][I][AutoBaseFunction.py(wrapper):14] Screen.Setup_TestList : ok_Button_clicked 실행 종료
[2022-09-23 17:28:01.966][I][AutoBaseFunction.py(wrapper):7] __main__ : __tl_ui 실행 시작
[2022-09-23 17:28:01.967][I][AutoBaseFunction.py(wrapper):8] Parameter : False
[2022-09-23 17:28:01.967][I][AutoBaseFunction.py(wrapper):7] Screen.Setup_TestList : setTest_Button 실행 시작
[2022-09-23 17:28:01.967][I][AutoBaseFunction.py(wrapper):8] Parameter : 
[2022-09-23 17:28:01.970][I][AutoBaseFunction.py(wrapper):14] Screen.Setup_TestList : setTest_Button 실행 종료
[2022-09-23 17:28:01.975][I][AutoBaseFunction.py(wrapper):14] __main__ : __tl_ui 실행 종료
[2022-09-23 17:28:02.900][I][AutoBaseFunction.py(wrapper):7] Screen.Setup_TestList : cancel_Button_clicked 실행 시작
[2022-09-23 17:28:02.901][I][AutoBaseFunction.py(wrapper):8] Parameter : False
[2022-09-23 17:28:02.901][I][AutoBaseFunction.py(wrapper):7] Screen.Setup_TestList : closeEvent 실행 시작
[2022-09-23 17:28:02.902][I][AutoBaseFunction.py(wrapper):8] Parameter : <PyQt5.QtGui.QCloseEvent object at 0x000001F49DBDFCA8>
[2022-09-23 17:28:02.903][I][AutoBaseFunction.py(wrapper):14] Screen.Setup_TestList : closeEvent 실행 종료
[2022-09-23 17:28:02.908][I][AutoBaseFunction.py(wrapper):14] Screen.Setup_TestList : cancel_Button_clicked 실행 종료
[2022-09-23 17:28:04.526][I][AutoBaseFunction.py(wrapper):7] __main__ : __sf_ui 실행 시작
[2022-09-23 17:28:04.527][I][AutoBaseFunction.py(wrapper):8] Parameter : False
[2022-09-23 17:28:04.541][I][AutoBaseFunction.py(wrapper):14] __main__ : __sf_ui 실행 종료
[2022-09-23 17:28:05.396][I][AutoBaseFunction.py(wrapper):7] Screen.Setup_Field : ok_Button_clicked 실행 시작
[2022-09-23 17:28:05.397][I][AutoBaseFunction.py(wrapper):8] Parameter : False
