[2022-09-23 10:00:03.095][D][LogManager.py(Init):12] LogManager Init function called !!!
[2022-09-23 10:00:03.109][I][AutoBaseFunction.py(wrapper):7] Screen.MainWindow : setupUi 실행 시작
[2022-09-23 10:00:03.109][I][AutoBaseFunction.py(wrapper):8] Parameter : 
[2022-09-23 10:00:03.127][I][AutoBaseFunction.py(wrapper):7] Screen.MainWindow : set_field 실행 시작
[2022-09-23 10:00:03.127][I][AutoBaseFunction.py(wrapper):8] Parameter : 
[2022-09-23 10:00:03.154][I][AutoBaseFunction.py(wrapper):14] Screen.MainWindow : set_field 실행 종료
[2022-09-23 10:00:03.155][I][AutoBaseFunction.py(wrapper):7] Screen.MainWindow : setWidget_func 실행 시작
[2022-09-23 10:00:03.155][I][AutoBaseFunction.py(wrapper):8] Parameter : 
[2022-09-23 10:00:03.157][I][AutoBaseFunction.py(wrapper):14] Screen.MainWindow : setWidget_func 실행 종료
[2022-09-23 10:00:03.159][I][AutoBaseFunction.py(wrapper):14] Screen.MainWindow : setupUi 실행 종료
[2022-09-23 10:00:03.167][I][AutoBaseFunction.py(wrapper):7] __main__ : __set_slot 실행 시작
[2022-09-23 10:00:03.168][I][AutoBaseFunction.py(wrapper):8] Parameter : 
[2022-09-23 10:00:03.169][I][AutoBaseFunction.py(wrapper):14] __main__ : __set_slot 실행 종료
[2022-09-23 10:00:03.169][I][AutoBaseFunction.py(wrapper):7] __main__ : __wigets_setupUi 실행 시작
[2022-09-23 10:00:03.170][I][AutoBaseFunction.py(wrapper):8] Parameter : 
[2022-09-23 10:00:03.170][I][AutoBaseFunction.py(wrapper):7] Screen.Setup_Language : setupUI_Language 실행 시작
[2022-09-23 10:00:03.171][I][AutoBaseFunction.py(wrapper):8] Parameter : 
[2022-09-23 10:00:03.172][I][AutoBaseFunction.py(wrapper):7] Screen.Setup_Language : sl_set_slot 실행 시작
[2022-09-23 10:00:03.174][I][AutoBaseFunction.py(wrapper):8] Parameter : 
[2022-09-23 10:00:03.178][I][AutoBaseFunction.py(wrapper):14] Screen.Setup_Language : sl_set_slot 실행 종료
[2022-09-23 10:00:03.182][I][AutoBaseFunction.py(wrapper):14] Screen.Setup_Language : setupUI_Language 실행 종료
[2022-09-23 10:00:03.186][I][AutoBaseFunction.py(wrapper):7] Screen.Menu_CreateExcel : setupUI_CreateExcel 실행 시작
[2022-09-23 10:00:03.189][I][AutoBaseFunction.py(wrapper):8] Parameter : 
[2022-09-23 10:00:03.190][I][AutoBaseFunction.py(wrapper):7] Screen.Menu_CreateExcel : new_excel_func 실행 시작
[2022-09-23 10:00:03.190][I][AutoBaseFunction.py(wrapper):8] Parameter : 
[2022-09-23 10:00:03.190][I][AutoBaseFunction.py(wrapper):14] Screen.Menu_CreateExcel : new_excel_func 실행 종료
[2022-09-23 10:00:03.191][I][AutoBaseFunction.py(wrapper):7] Screen.Menu_CreateExcel : set_excel_func 실행 시작
[2022-09-23 10:00:03.191][I][AutoBaseFunction.py(wrapper):8] Parameter : 
[2022-09-23 10:00:03.191][I][AutoBaseFunction.py(wrapper):14] Screen.Menu_CreateExcel : set_excel_func 실행 종료
[2022-09-23 10:00:03.192][I][AutoBaseFunction.py(wrapper):14] Screen.Menu_CreateExcel : setupUI_CreateExcel 실행 종료
[2022-09-23 10:00:03.192][I][AutoBaseFunction.py(wrapper):7] Screen.Setup_Field : setupUI_Field 실행 시작
[2022-09-23 10:00:03.192][I][AutoBaseFunction.py(wrapper):8] Parameter : 
[2022-09-23 10:00:03.193][I][AutoBaseFunction.py(wrapper):7] Screen.Setup_Field : set_data 실행 시작
[2022-09-23 10:00:03.193][I][AutoBaseFunction.py(wrapper):8] Parameter : 
[2022-09-23 10:00:03.194][I][AutoBaseFunction.py(wrapper):14] Screen.Setup_Field : set_data 실행 종료
[2022-09-23 10:00:03.473][I][AutoBaseFunction.py(wrapper):7] Screen.Setup_Field : set_data 실행 시작
[2022-09-23 10:00:03.473][I][AutoBaseFunction.py(wrapper):8] Parameter : 
[2022-09-23 10:00:03.474][I][AutoBaseFunction.py(wrapper):14] Screen.Setup_Field : set_data 실행 종료
[2022-09-23 10:00:03.474][I][AutoBaseFunction.py(wrapper):7] Screen.Setup_Field : set_data 실행 시작
[2022-09-23 10:00:03.474][I][AutoBaseFunction.py(wrapper):8] Parameter : 
[2022-09-23 10:00:03.475][I][AutoBaseFunction.py(wrapper):14] Screen.Setup_Field : set_data 실행 종료
[2022-09-23 10:00:03.475][I][AutoBaseFunction.py(wrapper):7] Screen.Setup_Field : set_data 실행 시작
[2022-09-23 10:00:03.475][I][AutoBaseFunction.py(wrapper):8] Parameter : 
[2022-09-23 10:00:03.476][I][AutoBaseFunction.py(wrapper):14] Screen.Setup_Field : set_data 실행 종료
[2022-09-23 10:00:03.476][I][AutoBaseFunction.py(wrapper):7] Screen.Setup_Field : set_data 실행 시작
[2022-09-23 10:00:03.476][I][AutoBaseFunction.py(wrapper):8] Parameter : 
[2022-09-23 10:00:03.477][I][AutoBaseFunction.py(wrapper):14] Screen.Setup_Field : set_data 실행 종료
[2022-09-23 10:00:03.477][I][AutoBaseFunction.py(wrapper):7] Screen.Setup_Field : set_data 실행 시작
[2022-09-23 10:00:03.477][I][AutoBaseFunction.py(wrapper):8] Parameter : 
[2022-09-23 10:00:03.477][I][AutoBaseFunction.py(wrapper):14] Screen.Setup_Field : set_data 실행 종료
[2022-09-23 10:00:03.478][I][AutoBaseFunction.py(wrapper):7] Screen.Setup_Field : sl_set_slot 실행 시작
[2022-09-23 10:00:03.478][I][AutoBaseFunction.py(wrapper):8] Parameter : 
[2022-09-23 10:00:03.478][I][AutoBaseFunction.py(wrapper):14] Screen.Setup_Field : sl_set_slot 실행 종료
[2022-09-23 10:00:03.478][I][AutoBaseFunction.py(wrapper):14] Screen.Setup_Field : setupUI_Field 실행 종료
[2022-09-23 10:00:03.479][I][AutoBaseFunction.py(wrapper):7] Screen.Setup_TestList : setupUI_TestList 실행 시작
[2022-09-23 10:00:03.479][I][AutoBaseFunction.py(wrapper):8] Parameter : 
[2022-09-23 10:00:03.480][I][AutoBaseFunction.py(wrapper):7] Screen.Setup_TestList : btn_set_slot 실행 시작
[2022-09-23 10:00:03.480][I][AutoBaseFunction.py(wrapper):8] Parameter : 
[2022-09-23 10:00:03.480][I][AutoBaseFunction.py(wrapper):14] Screen.Setup_TestList : btn_set_slot 실행 종료
[2022-09-23 10:00:03.481][I][AutoBaseFunction.py(wrapper):14] Screen.Setup_TestList : setupUI_TestList 실행 종료
[2022-09-23 10:00:03.481][I][AutoBaseFunction.py(wrapper):14] __main__ : __wigets_setupUi 실행 종료
[2022-09-23 10:00:04.184][I][AutoBaseFunction.py(wrapper):7] Screen.MainWindow : update_open_menu 실행 시작
[2022-09-23 10:00:04.184][I][AutoBaseFunction.py(wrapper):8] Parameter : 
[2022-09-23 10:00:04.186][I][AutoBaseFunction.py(wrapper):14] Screen.MainWindow : update_open_menu 실행 종료
[2022-09-23 10:00:04.645][I][AutoBaseFunction.py(wrapper):7] Screen.MainWindow : update_open_menu 실행 시작
[2022-09-23 10:00:04.645][I][AutoBaseFunction.py(wrapper):8] Parameter : 
[2022-09-23 10:00:04.647][I][AutoBaseFunction.py(wrapper):14] Screen.MainWindow : update_open_menu 실행 종료
[2022-09-23 10:00:05.799][I][AutoBaseFunction.py(wrapper):7] Screen.MainWindow : show_imgList 실행 시작
[2022-09-23 10:00:05.799][I][AutoBaseFunction.py(wrapper):8] Parameter : ('한국어', 'D:/test/TestList_CSV/2022_skillup'), True, True
[2022-09-23 10:00:05.801][W][LogManager.py(set_warn):86] : Traceback (most recent call last):
  File "D:\test\TestList_CSV\2022_skillup\Helper\AutoBaseFunction.py", line 13, in wrapper
    func(self, *args)
TypeError: show_imgList() takes 3 positional arguments but 4 were given

