[2022-09-22 11:21:17.182][D][LogManager.py(Init):12] LogManager Init function called !!!
[2022-09-22 11:21:17.196][I][AutoBaseFunction.py(wrapper):7] Screen.MainWindow : setupUi 실행 시작
[2022-09-22 11:21:17.196][I][AutoBaseFunction.py(wrapper):8] Parameter : 
[2022-09-22 11:21:17.211][I][AutoBaseFunction.py(wrapper):7] Screen.MainWindow : set_field 실행 시작
[2022-09-22 11:21:17.211][I][AutoBaseFunction.py(wrapper):8] Parameter : 
[2022-09-22 11:21:17.239][I][AutoBaseFunction.py(wrapper):14] Screen.MainWindow : set_field 실행 종료
[2022-09-22 11:21:17.240][I][AutoBaseFunction.py(wrapper):7] Screen.MainWindow : setWidget_func 실행 시작
[2022-09-22 11:21:17.241][I][AutoBaseFunction.py(wrapper):8] Parameter : 
[2022-09-22 11:21:17.242][I][AutoBaseFunction.py(wrapper):14] Screen.MainWindow : setWidget_func 실행 종료
[2022-09-22 11:21:17.245][I][AutoBaseFunction.py(wrapper):14] Screen.MainWindow : setupUi 실행 종료
[2022-09-22 11:21:17.251][I][AutoBaseFunction.py(wrapper):7] __main__ : __set_slot 실행 시작
[2022-09-22 11:21:17.251][I][AutoBaseFunction.py(wrapper):8] Parameter : 
[2022-09-22 11:21:17.252][I][AutoBaseFunction.py(wrapper):14] __main__ : __set_slot 실행 종료
[2022-09-22 11:21:17.252][I][AutoBaseFunction.py(wrapper):7] __main__ : __wigets_setupUi 실행 시작
[2022-09-22 11:21:17.252][I][AutoBaseFunction.py(wrapper):8] Parameter : 
[2022-09-22 11:21:17.252][I][AutoBaseFunction.py(wrapper):7] Screen.Setup_Language : setupUI_Language 실행 시작
[2022-09-22 11:21:17.253][I][AutoBaseFunction.py(wrapper):8] Parameter : 
[2022-09-22 11:21:17.253][I][AutoBaseFunction.py(wrapper):7] Screen.Setup_Language : sl_set_slot 실행 시작
[2022-09-22 11:21:17.253][I][AutoBaseFunction.py(wrapper):8] Parameter : 
[2022-09-22 11:21:17.254][I][AutoBaseFunction.py(wrapper):14] Screen.Setup_Language : sl_set_slot 실행 종료
[2022-09-22 11:21:17.254][I][AutoBaseFunction.py(wrapper):14] Screen.Setup_Language : setupUI_Language 실행 종료
[2022-09-22 11:21:17.254][I][AutoBaseFunction.py(wrapper):7] Screen.Menu_CreateExcel : setupUI_CreateExcel 실행 시작
[2022-09-22 11:21:17.254][I][AutoBaseFunction.py(wrapper):8] Parameter : 
[2022-09-22 11:21:17.255][I][AutoBaseFunction.py(wrapper):7] Screen.Menu_CreateExcel : new_excel_func 실행 시작
[2022-09-22 11:21:17.255][I][AutoBaseFunction.py(wrapper):8] Parameter : 
[2022-09-22 11:21:17.256][I][AutoBaseFunction.py(wrapper):14] Screen.Menu_CreateExcel : new_excel_func 실행 종료
[2022-09-22 11:21:17.256][I][AutoBaseFunction.py(wrapper):7] Screen.Menu_CreateExcel : set_excel_func 실행 시작
[2022-09-22 11:21:17.256][I][AutoBaseFunction.py(wrapper):8] Parameter : 
[2022-09-22 11:21:17.256][I][AutoBaseFunction.py(wrapper):14] Screen.Menu_CreateExcel : set_excel_func 실행 종료
[2022-09-22 11:21:17.257][I][AutoBaseFunction.py(wrapper):14] Screen.Menu_CreateExcel : setupUI_CreateExcel 실행 종료
[2022-09-22 11:21:17.257][I][AutoBaseFunction.py(wrapper):7] Screen.Setup_Field : setupUI_Field 실행 시작
[2022-09-22 11:21:17.257][I][AutoBaseFunction.py(wrapper):8] Parameter : 
[2022-09-22 11:21:17.257][I][AutoBaseFunction.py(wrapper):7] Screen.Setup_Field : set_data 실행 시작
[2022-09-22 11:21:17.258][I][AutoBaseFunction.py(wrapper):8] Parameter : 
[2022-09-22 11:21:17.258][I][AutoBaseFunction.py(wrapper):14] Screen.Setup_Field : set_data 실행 종료
[2022-09-22 11:21:17.505][I][AutoBaseFunction.py(wrapper):7] Screen.Setup_Field : set_data 실행 시작
[2022-09-22 11:21:17.506][I][AutoBaseFunction.py(wrapper):8] Parameter : 
[2022-09-22 11:21:17.506][I][AutoBaseFunction.py(wrapper):14] Screen.Setup_Field : set_data 실행 종료
[2022-09-22 11:21:17.506][I][AutoBaseFunction.py(wrapper):7] Screen.Setup_Field : set_data 실행 시작
[2022-09-22 11:21:17.507][I][AutoBaseFunction.py(wrapper):8] Parameter : 
[2022-09-22 11:21:17.507][I][AutoBaseFunction.py(wrapper):14] Screen.Setup_Field : set_data 실행 종료
[2022-09-22 11:21:17.507][I][AutoBaseFunction.py(wrapper):7] Screen.Setup_Field : set_data 실행 시작
[2022-09-22 11:21:17.508][I][AutoBaseFunction.py(wrapper):8] Parameter : 
[2022-09-22 11:21:17.508][I][AutoBaseFunction.py(wrapper):14] Screen.Setup_Field : set_data 실행 종료
[2022-09-22 11:21:17.508][I][AutoBaseFunction.py(wrapper):7] Screen.Setup_Field : set_data 실행 시작
[2022-09-22 11:21:17.509][I][AutoBaseFunction.py(wrapper):8] Parameter : 
[2022-09-22 11:21:17.509][I][AutoBaseFunction.py(wrapper):14] Screen.Setup_Field : set_data 실행 종료
[2022-09-22 11:21:17.509][I][AutoBaseFunction.py(wrapper):7] Screen.Setup_Field : set_data 실행 시작
[2022-09-22 11:21:17.509][I][AutoBaseFunction.py(wrapper):8] Parameter : 
[2022-09-22 11:21:17.509][I][AutoBaseFunction.py(wrapper):14] Screen.Setup_Field : set_data 실행 종료
[2022-09-22 11:21:17.510][I][AutoBaseFunction.py(wrapper):7] Screen.Setup_Field : sl_set_slot 실행 시작
[2022-09-22 11:21:17.510][I][AutoBaseFunction.py(wrapper):8] Parameter : 
[2022-09-22 11:21:17.510][I][AutoBaseFunction.py(wrapper):14] Screen.Setup_Field : sl_set_slot 실행 종료
[2022-09-22 11:21:17.510][I][AutoBaseFunction.py(wrapper):14] Screen.Setup_Field : setupUI_Field 실행 종료
[2022-09-22 11:21:17.511][I][AutoBaseFunction.py(wrapper):7] Screen.Setup_TestList : setupUI_TestList 실행 시작
[2022-09-22 11:21:17.511][I][AutoBaseFunction.py(wrapper):8] Parameter : 
[2022-09-22 11:21:17.512][I][AutoBaseFunction.py(wrapper):7] Screen.Setup_TestList : btn_set_slot 실행 시작
[2022-09-22 11:21:17.512][I][AutoBaseFunction.py(wrapper):8] Parameter : 
[2022-09-22 11:21:17.512][I][AutoBaseFunction.py(wrapper):14] Screen.Setup_TestList : btn_set_slot 실행 종료
[2022-09-22 11:21:17.512][I][AutoBaseFunction.py(wrapper):14] Screen.Setup_TestList : setupUI_TestList 실행 종료
[2022-09-22 11:21:17.512][I][AutoBaseFunction.py(wrapper):14] __main__ : __wigets_setupUi 실행 종료
[2022-09-22 11:21:18.864][I][AutoBaseFunction.py(wrapper):7] Screen.MainWindow : update_open_menu 실행 시작
[2022-09-22 11:21:18.864][I][AutoBaseFunction.py(wrapper):8] Parameter : 
[2022-09-22 11:21:18.865][I][AutoBaseFunction.py(wrapper):14] Screen.MainWindow : update_open_menu 실행 종료
[2022-09-22 11:21:27.318][I][AutoBaseFunction.py(wrapper):7] Screen.MainWindow : update_open_menu 실행 시작
[2022-09-22 11:21:27.319][I][AutoBaseFunction.py(wrapper):8] Parameter : 
[2022-09-22 11:21:27.320][I][AutoBaseFunction.py(wrapper):14] Screen.MainWindow : update_open_menu 실행 종료
