[2022-09-22 09:13:50.720][D][LogManager.py(Init):12] LogManager Init function called !!!
[2022-09-22 09:13:50.732][I][AutoBaseFunction.py(wrapper):7] Screen.MainWindow : setupUi 실행 시작
[2022-09-22 09:13:50.733][I][AutoBaseFunction.py(wrapper):8] Parameter : 
[2022-09-22 09:13:50.747][I][AutoBaseFunction.py(wrapper):7] Screen.MainWindow : set_field 실행 시작
[2022-09-22 09:13:50.748][I][AutoBaseFunction.py(wrapper):8] Parameter : 
[2022-09-22 09:13:50.771][I][AutoBaseFunction.py(wrapper):14] Screen.MainWindow : set_field 실행 종료
[2022-09-22 09:13:50.772][I][AutoBaseFunction.py(wrapper):7] Screen.MainWindow : setWidget_func 실행 시작
[2022-09-22 09:13:50.772][I][AutoBaseFunction.py(wrapper):8] Parameter : 
[2022-09-22 09:13:50.774][I][AutoBaseFunction.py(wrapper):14] Screen.MainWindow : setWidget_func 실행 종료
[2022-09-22 09:13:50.776][I][AutoBaseFunction.py(wrapper):14] Screen.MainWindow : setupUi 실행 종료
[2022-09-22 09:13:50.783][I][AutoBaseFunction.py(wrapper):7] __main__ : __set_slot 실행 시작
[2022-09-22 09:13:50.784][I][AutoBaseFunction.py(wrapper):8] Parameter : 
[2022-09-22 09:13:50.784][I][AutoBaseFunction.py(wrapper):14] __main__ : __set_slot 실행 종료
[2022-09-22 09:13:50.785][I][AutoBaseFunction.py(wrapper):7] __main__ : __wigets_setupUi 실행 시작
[2022-09-22 09:13:50.785][I][AutoBaseFunction.py(wrapper):8] Parameter : 
[2022-09-22 09:13:50.785][I][AutoBaseFunction.py(wrapper):7] Screen.Setup_Language : setupUI_Language 실행 시작
[2022-09-22 09:13:50.786][I][AutoBaseFunction.py(wrapper):8] Parameter : 
[2022-09-22 09:13:50.786][I][AutoBaseFunction.py(wrapper):7] Screen.Setup_Language : sl_set_slot 실행 시작
[2022-09-22 09:13:50.787][I][AutoBaseFunction.py(wrapper):8] Parameter : 
[2022-09-22 09:13:50.787][I][AutoBaseFunction.py(wrapper):14] Screen.Setup_Language : sl_set_slot 실행 종료
[2022-09-22 09:13:50.787][I][AutoBaseFunction.py(wrapper):14] Screen.Setup_Language : setupUI_Language 실행 종료
[2022-09-22 09:13:50.788][I][AutoBaseFunction.py(wrapper):7] Screen.Menu_CreateExcel : setupUI_CreateExcel 실행 시작
[2022-09-22 09:13:50.788][I][AutoBaseFunction.py(wrapper):8] Parameter : 
[2022-09-22 09:13:50.789][I][AutoBaseFunction.py(wrapper):7] Screen.Menu_CreateExcel : new_excel_func 실행 시작
[2022-09-22 09:13:50.790][I][AutoBaseFunction.py(wrapper):8] Parameter : 
[2022-09-22 09:13:50.790][I][AutoBaseFunction.py(wrapper):14] Screen.Menu_CreateExcel : new_excel_func 실행 종료
[2022-09-22 09:13:50.791][I][AutoBaseFunction.py(wrapper):7] Screen.Menu_CreateExcel : set_excel_func 실행 시작
[2022-09-22 09:13:50.791][I][AutoBaseFunction.py(wrapper):8] Parameter : 
[2022-09-22 09:13:50.791][I][AutoBaseFunction.py(wrapper):14] Screen.Menu_CreateExcel : set_excel_func 실행 종료
[2022-09-22 09:13:50.792][I][AutoBaseFunction.py(wrapper):14] Screen.Menu_CreateExcel : setupUI_CreateExcel 실행 종료
[2022-09-22 09:13:50.793][I][AutoBaseFunction.py(wrapper):7] Screen.Setup_Field : setupUI_Field 실행 시작
[2022-09-22 09:13:50.793][I][AutoBaseFunction.py(wrapper):8] Parameter : 
[2022-09-22 09:13:50.793][I][AutoBaseFunction.py(wrapper):7] Screen.Setup_Field : set_data 실행 시작
[2022-09-22 09:13:50.794][I][AutoBaseFunction.py(wrapper):8] Parameter : 
[2022-09-22 09:13:50.794][I][AutoBaseFunction.py(wrapper):14] Screen.Setup_Field : set_data 실행 종료
[2022-09-22 09:13:51.027][I][AutoBaseFunction.py(wrapper):7] Screen.Setup_Field : set_data 실행 시작
[2022-09-22 09:13:51.027][I][AutoBaseFunction.py(wrapper):8] Parameter : 
[2022-09-22 09:13:51.028][I][AutoBaseFunction.py(wrapper):14] Screen.Setup_Field : set_data 실행 종료
[2022-09-22 09:13:51.028][I][AutoBaseFunction.py(wrapper):7] Screen.Setup_Field : set_data 실행 시작
[2022-09-22 09:13:51.029][I][AutoBaseFunction.py(wrapper):8] Parameter : 
[2022-09-22 09:13:51.029][I][AutoBaseFunction.py(wrapper):14] Screen.Setup_Field : set_data 실행 종료
[2022-09-22 09:13:51.030][I][AutoBaseFunction.py(wrapper):7] Screen.Setup_Field : set_data 실행 시작
[2022-09-22 09:13:51.030][I][AutoBaseFunction.py(wrapper):8] Parameter : 
[2022-09-22 09:13:51.031][I][AutoBaseFunction.py(wrapper):14] Screen.Setup_Field : set_data 실행 종료
[2022-09-22 09:13:51.031][I][AutoBaseFunction.py(wrapper):7] Screen.Setup_Field : set_data 실행 시작
[2022-09-22 09:13:51.032][I][AutoBaseFunction.py(wrapper):8] Parameter : 
[2022-09-22 09:13:51.032][I][AutoBaseFunction.py(wrapper):14] Screen.Setup_Field : set_data 실행 종료
[2022-09-22 09:13:51.032][I][AutoBaseFunction.py(wrapper):7] Screen.Setup_Field : set_data 실행 시작
[2022-09-22 09:13:51.033][I][AutoBaseFunction.py(wrapper):8] Parameter : 
[2022-09-22 09:13:51.033][I][AutoBaseFunction.py(wrapper):14] Screen.Setup_Field : set_data 실행 종료
[2022-09-22 09:13:51.034][I][AutoBaseFunction.py(wrapper):7] Screen.Setup_Field : sl_set_slot 실행 시작
[2022-09-22 09:13:51.034][I][AutoBaseFunction.py(wrapper):8] Parameter : 
[2022-09-22 09:13:51.034][I][AutoBaseFunction.py(wrapper):14] Screen.Setup_Field : sl_set_slot 실행 종료
[2022-09-22 09:13:51.034][I][AutoBaseFunction.py(wrapper):14] Screen.Setup_Field : setupUI_Field 실행 종료
[2022-09-22 09:13:51.035][I][AutoBaseFunction.py(wrapper):7] Screen.Setup_TestList : setupUI_TestList 실행 시작
[2022-09-22 09:13:51.035][I][AutoBaseFunction.py(wrapper):8] Parameter : 
[2022-09-22 09:13:51.036][I][AutoBaseFunction.py(wrapper):7] Screen.Setup_TestList : btn_set_slot 실행 시작
[2022-09-22 09:13:51.037][I][AutoBaseFunction.py(wrapper):8] Parameter : 
[2022-09-22 09:13:51.037][I][AutoBaseFunction.py(wrapper):14] Screen.Setup_TestList : btn_set_slot 실행 종료
[2022-09-22 09:13:51.037][I][AutoBaseFunction.py(wrapper):14] Screen.Setup_TestList : setupUI_TestList 실행 종료
[2022-09-22 09:13:51.038][I][AutoBaseFunction.py(wrapper):14] __main__ : __wigets_setupUi 실행 종료
[2022-09-22 09:14:14.692][I][AutoBaseFunction.py(wrapper):7] Screen.MainWindow : update_open_menu 실행 시작
[2022-09-22 09:14:14.692][I][AutoBaseFunction.py(wrapper):8] Parameter : 
[2022-09-22 09:14:14.694][I][AutoBaseFunction.py(wrapper):14] Screen.MainWindow : update_open_menu 실행 종료
[2022-09-22 09:15:58.790][I][AutoBaseFunction.py(wrapper):7] Screen.MainWindow : closeEvent 실행 시작
[2022-09-22 09:15:58.790][I][AutoBaseFunction.py(wrapper):8] Parameter : <PyQt5.QtGui.QCloseEvent object at 0x0000024422522A68>
