[2022-09-23 10:43:49.643][D][LogManager.py(Init):12] LogManager Init function called !!!
[2022-09-23 10:43:49.657][I][AutoBaseFunction.py(wrapper):7] Screen.MainWindow : setupUi 실행 시작
[2022-09-23 10:43:49.658][I][AutoBaseFunction.py(wrapper):8] Parameter : <Screen.MainWindow.MainWindow object at 0x000001FB711138B8>
[2022-09-23 10:43:49.676][I][AutoBaseFunction.py(wrapper):7] Screen.MainWindow : set_field 실행 시작
[2022-09-23 10:43:49.676][I][AutoBaseFunction.py(wrapper):8] Parameter : <Screen.MainWindow.MainWindow object at 0x000001FB711138B8>
[2022-09-23 10:43:49.716][I][AutoBaseFunction.py(wrapper):14] Screen.MainWindow : set_field 실행 종료
[2022-09-23 10:43:49.717][I][AutoBaseFunction.py(wrapper):7] Screen.MainWindow : setWidget_func 실행 시작
[2022-09-23 10:43:49.718][I][AutoBaseFunction.py(wrapper):8] Parameter : <Screen.MainWindow.MainWindow object at 0x000001FB711138B8>
[2022-09-23 10:43:49.720][I][AutoBaseFunction.py(wrapper):14] Screen.MainWindow : setWidget_func 실행 종료
[2022-09-23 10:43:49.724][I][AutoBaseFunction.py(wrapper):14] Screen.MainWindow : setupUi 실행 종료
[2022-09-23 10:43:49.733][I][AutoBaseFunction.py(wrapper):7] __main__ : __set_slot 실행 시작
[2022-09-23 10:43:49.734][I][AutoBaseFunction.py(wrapper):8] Parameter : <__main__.Main object at 0x000001FB71113708>
[2022-09-23 10:43:49.734][I][AutoBaseFunction.py(wrapper):14] __main__ : __set_slot 실행 종료
[2022-09-23 10:43:49.735][I][AutoBaseFunction.py(wrapper):7] __main__ : __wigets_setupUi 실행 시작
[2022-09-23 10:43:49.735][I][AutoBaseFunction.py(wrapper):8] Parameter : <__main__.Main object at 0x000001FB71113708>
[2022-09-23 10:43:49.736][I][AutoBaseFunction.py(wrapper):7] Screen.Setup_Language : setupUI_Language 실행 시작
[2022-09-23 10:43:49.736][I][AutoBaseFunction.py(wrapper):8] Parameter : <Screen.Setup_Language.UI_Setup_Language object at 0x000001FB711A1798>
[2022-09-23 10:43:49.737][I][AutoBaseFunction.py(wrapper):7] Screen.Setup_Language : sl_set_slot 실행 시작
[2022-09-23 10:43:49.737][I][AutoBaseFunction.py(wrapper):8] Parameter : <Screen.Setup_Language.UI_Setup_Language object at 0x000001FB711A1798>
[2022-09-23 10:43:49.738][I][AutoBaseFunction.py(wrapper):14] Screen.Setup_Language : sl_set_slot 실행 종료
[2022-09-23 10:43:49.738][I][AutoBaseFunction.py(wrapper):14] Screen.Setup_Language : setupUI_Language 실행 종료
[2022-09-23 10:43:49.738][I][AutoBaseFunction.py(wrapper):7] Screen.Menu_CreateExcel : setupUI_CreateExcel 실행 시작
[2022-09-23 10:43:49.739][I][AutoBaseFunction.py(wrapper):8] Parameter : <Screen.Menu_CreateExcel.UI_CreateExcel object at 0x000001FB711A55E8>
[2022-09-23 10:43:49.740][I][AutoBaseFunction.py(wrapper):7] Screen.Menu_CreateExcel : new_excel_func 실행 시작
[2022-09-23 10:43:49.740][I][AutoBaseFunction.py(wrapper):8] Parameter : <Screen.Menu_CreateExcel.UI_CreateExcel object at 0x000001FB711A55E8>
[2022-09-23 10:43:49.741][I][AutoBaseFunction.py(wrapper):14] Screen.Menu_CreateExcel : new_excel_func 실행 종료
[2022-09-23 10:43:49.741][I][AutoBaseFunction.py(wrapper):7] Screen.Menu_CreateExcel : set_excel_func 실행 시작
[2022-09-23 10:43:49.742][I][AutoBaseFunction.py(wrapper):8] Parameter : <Screen.Menu_CreateExcel.UI_CreateExcel object at 0x000001FB711A55E8>
[2022-09-23 10:43:49.742][I][AutoBaseFunction.py(wrapper):14] Screen.Menu_CreateExcel : set_excel_func 실행 종료
[2022-09-23 10:43:49.743][I][AutoBaseFunction.py(wrapper):14] Screen.Menu_CreateExcel : setupUI_CreateExcel 실행 종료
[2022-09-23 10:43:49.743][I][AutoBaseFunction.py(wrapper):7] Screen.Setup_Field : setupUI_Field 실행 시작
[2022-09-23 10:43:49.743][I][AutoBaseFunction.py(wrapper):8] Parameter : <Screen.Setup_Field.UI_Setup_Field object at 0x000001FB711A1DC8>
[2022-09-23 10:43:49.744][I][AutoBaseFunction.py(wrapper):7] Screen.Setup_Field : set_data 실행 시작
[2022-09-23 10:43:49.745][I][AutoBaseFunction.py(wrapper):8] Parameter : <Screen.Setup_Field.UI_Setup_Field object at 0x000001FB711A1DC8>
[2022-09-23 10:43:49.746][I][AutoBaseFunction.py(wrapper):14] Screen.Setup_Field : set_data 실행 종료
[2022-09-23 10:43:50.002][I][AutoBaseFunction.py(wrapper):7] Screen.Setup_Field : set_data 실행 시작
[2022-09-23 10:43:50.003][I][AutoBaseFunction.py(wrapper):8] Parameter : <Screen.Setup_Field.UI_Setup_Field object at 0x000001FB711A1DC8>
[2022-09-23 10:43:50.003][I][AutoBaseFunction.py(wrapper):14] Screen.Setup_Field : set_data 실행 종료
[2022-09-23 10:43:50.004][I][AutoBaseFunction.py(wrapper):7] Screen.Setup_Field : set_data 실행 시작
[2022-09-23 10:43:50.004][I][AutoBaseFunction.py(wrapper):8] Parameter : <Screen.Setup_Field.UI_Setup_Field object at 0x000001FB711A1DC8>
[2022-09-23 10:43:50.004][I][AutoBaseFunction.py(wrapper):14] Screen.Setup_Field : set_data 실행 종료
[2022-09-23 10:43:50.005][I][AutoBaseFunction.py(wrapper):7] Screen.Setup_Field : set_data 실행 시작
[2022-09-23 10:43:50.005][I][AutoBaseFunction.py(wrapper):8] Parameter : <Screen.Setup_Field.UI_Setup_Field object at 0x000001FB711A1DC8>
[2022-09-23 10:43:50.005][I][AutoBaseFunction.py(wrapper):14] Screen.Setup_Field : set_data 실행 종료
[2022-09-23 10:43:50.006][I][AutoBaseFunction.py(wrapper):7] Screen.Setup_Field : set_data 실행 시작
[2022-09-23 10:43:50.006][I][AutoBaseFunction.py(wrapper):8] Parameter : <Screen.Setup_Field.UI_Setup_Field object at 0x000001FB711A1DC8>
[2022-09-23 10:43:50.006][I][AutoBaseFunction.py(wrapper):14] Screen.Setup_Field : set_data 실행 종료
[2022-09-23 10:43:50.007][I][AutoBaseFunction.py(wrapper):7] Screen.Setup_Field : set_data 실행 시작
[2022-09-23 10:43:50.007][I][AutoBaseFunction.py(wrapper):8] Parameter : <Screen.Setup_Field.UI_Setup_Field object at 0x000001FB711A1DC8>
[2022-09-23 10:43:50.007][I][AutoBaseFunction.py(wrapper):14] Screen.Setup_Field : set_data 실행 종료
[2022-09-23 10:43:50.007][I][AutoBaseFunction.py(wrapper):7] Screen.Setup_Field : sl_set_slot 실행 시작
[2022-09-23 10:43:50.007][I][AutoBaseFunction.py(wrapper):8] Parameter : <Screen.Setup_Field.UI_Setup_Field object at 0x000001FB711A1DC8>
[2022-09-23 10:43:50.008][I][AutoBaseFunction.py(wrapper):14] Screen.Setup_Field : sl_set_slot 실행 종료
[2022-09-23 10:43:50.008][I][AutoBaseFunction.py(wrapper):14] Screen.Setup_Field : setupUI_Field 실행 종료
[2022-09-23 10:43:50.008][I][AutoBaseFunction.py(wrapper):7] Screen.Setup_TestList : setupUI_TestList 실행 시작
[2022-09-23 10:43:50.008][I][AutoBaseFunction.py(wrapper):8] Parameter : <Screen.Setup_TestList.UI_TestList object at 0x000001FB711A54C8>
[2022-09-23 10:43:50.009][I][AutoBaseFunction.py(wrapper):7] Screen.Setup_TestList : btn_set_slot 실행 시작
[2022-09-23 10:43:50.010][I][AutoBaseFunction.py(wrapper):8] Parameter : <Screen.Setup_TestList.UI_TestList object at 0x000001FB711A54C8>
[2022-09-23 10:43:50.010][I][AutoBaseFunction.py(wrapper):14] Screen.Setup_TestList : btn_set_slot 실행 종료
[2022-09-23 10:43:50.010][I][AutoBaseFunction.py(wrapper):14] Screen.Setup_TestList : setupUI_TestList 실행 종료
[2022-09-23 10:43:50.010][I][AutoBaseFunction.py(wrapper):14] __main__ : __wigets_setupUi 실행 종료
[2022-09-23 10:44:02.399][I][AutoBaseFunction.py(wrapper):7] Screen.MainWindow : update_open_menu 실행 시작
[2022-09-23 10:44:02.399][I][AutoBaseFunction.py(wrapper):8] Parameter : <Screen.MainWindow.MainWindow object at 0x000001FB711138B8>
[2022-09-23 10:44:02.401][I][AutoBaseFunction.py(wrapper):14] Screen.MainWindow : update_open_menu 실행 종료
[2022-09-23 10:44:03.332][I][AutoBaseFunction.py(wrapper):7] Screen.MainWindow : show_imgList 실행 시작
[2022-09-23 10:44:03.332][I][AutoBaseFunction.py(wrapper):8] Parameter : <Screen.MainWindow.MainWindow object at 0x000001FB711138B8>, ('한국어', 'D:/test/TestList_CSV/2022_skillup'), True, True
