[2022-10-04 20:28:49.174][D][LogManager.py(Init):12] LogManager Init function called !!!
[2022-10-04 20:28:49.202][I][AutoBaseFunction.py(wrapper):10] Screen.MainWindow : setupUi 실행 시작
[2022-10-04 20:28:49.202][I][AutoBaseFunction.py(wrapper):11] Parameter : 
[2022-10-04 20:28:49.205][I][AutoBaseFunction.py(wrapper):10] Screen.MainWindow : set_field 실행 시작
[2022-10-04 20:28:49.205][I][AutoBaseFunction.py(wrapper):11] Parameter : 
[2022-10-04 20:28:49.271][I][AutoBaseFunction.py(wrapper):17] Screen.MainWindow : set_field 실행 종료
[2022-10-04 20:28:49.271][I][AutoBaseFunction.py(wrapper):10] Screen.MainWindow : setWidget_func 실행 시작
[2022-10-04 20:28:49.272][I][AutoBaseFunction.py(wrapper):11] Parameter : 
[2022-10-04 20:28:49.274][I][AutoBaseFunction.py(wrapper):17] Screen.MainWindow : setWidget_func 실행 종료
[2022-10-04 20:28:49.276][I][AutoBaseFunction.py(wrapper):17] Screen.MainWindow : setupUi 실행 종료
[2022-10-04 20:28:49.282][I][AutoBaseFunction.py(wrapper):10] __main__ : __set_slot 실행 시작
[2022-10-04 20:28:49.283][I][AutoBaseFunction.py(wrapper):11] Parameter : 
[2022-10-04 20:28:49.283][I][AutoBaseFunction.py(wrapper):17] __main__ : __set_slot 실행 종료
[2022-10-04 20:28:49.284][I][AutoBaseFunction.py(wrapper):10] __main__ : __wigets_setupUi 실행 시작
[2022-10-04 20:28:49.284][I][AutoBaseFunction.py(wrapper):11] Parameter : 
[2022-10-04 20:28:49.284][I][AutoBaseFunction.py(wrapper):10] Screen.Setup_Language : setupUI_Language 실행 시작
[2022-10-04 20:28:49.285][I][AutoBaseFunction.py(wrapper):11] Parameter : 
[2022-10-04 20:28:49.285][I][AutoBaseFunction.py(wrapper):10] Screen.Setup_Language : sl_set_slot 실행 시작
[2022-10-04 20:28:49.286][I][AutoBaseFunction.py(wrapper):11] Parameter : 
[2022-10-04 20:28:49.286][I][AutoBaseFunction.py(wrapper):17] Screen.Setup_Language : sl_set_slot 실행 종료
[2022-10-04 20:28:49.286][I][AutoBaseFunction.py(wrapper):17] Screen.Setup_Language : setupUI_Language 실행 종료
[2022-10-04 20:28:49.286][I][AutoBaseFunction.py(wrapper):10] Screen.Menu_CreateExcel : setupUI_CreateExcel 실행 시작
[2022-10-04 20:28:49.287][I][AutoBaseFunction.py(wrapper):11] Parameter : 
[2022-10-04 20:28:49.287][I][AutoBaseFunction.py(wrapper):10] Screen.Menu_CreateExcel : new_excel_func 실행 시작
[2022-10-04 20:28:49.288][I][AutoBaseFunction.py(wrapper):11] Parameter : 
[2022-10-04 20:28:49.288][I][AutoBaseFunction.py(wrapper):17] Screen.Menu_CreateExcel : new_excel_func 실행 종료
[2022-10-04 20:28:49.288][I][AutoBaseFunction.py(wrapper):10] Screen.Menu_CreateExcel : set_excel_func 실행 시작
[2022-10-04 20:28:49.289][I][AutoBaseFunction.py(wrapper):11] Parameter : 
[2022-10-04 20:28:49.289][I][AutoBaseFunction.py(wrapper):17] Screen.Menu_CreateExcel : set_excel_func 실행 종료
[2022-10-04 20:28:49.289][I][AutoBaseFunction.py(wrapper):17] Screen.Menu_CreateExcel : setupUI_CreateExcel 실행 종료
[2022-10-04 20:28:49.290][I][AutoBaseFunction.py(wrapper):10] Screen.Setup_Field : setupUI_Field 실행 시작
[2022-10-04 20:28:49.290][I][AutoBaseFunction.py(wrapper):11] Parameter : 
[2022-10-04 20:28:49.291][I][AutoBaseFunction.py(wrapper):10] Screen.Setup_Field : set_data 실행 시작
[2022-10-04 20:28:49.292][I][AutoBaseFunction.py(wrapper):11] Parameter : 
[2022-10-04 20:28:49.292][I][AutoBaseFunction.py(wrapper):17] Screen.Setup_Field : set_data 실행 종료
[2022-10-04 20:28:49.529][I][AutoBaseFunction.py(wrapper):10] Screen.Setup_Field : set_data 실행 시작
[2022-10-04 20:28:49.529][I][AutoBaseFunction.py(wrapper):11] Parameter : 
[2022-10-04 20:28:49.530][I][AutoBaseFunction.py(wrapper):17] Screen.Setup_Field : set_data 실행 종료
[2022-10-04 20:28:49.531][I][AutoBaseFunction.py(wrapper):10] Screen.Setup_Field : set_data 실행 시작
[2022-10-04 20:28:49.531][I][AutoBaseFunction.py(wrapper):11] Parameter : 
[2022-10-04 20:28:49.531][I][AutoBaseFunction.py(wrapper):17] Screen.Setup_Field : set_data 실행 종료
[2022-10-04 20:28:49.532][I][AutoBaseFunction.py(wrapper):10] Screen.Setup_Field : set_data 실행 시작
[2022-10-04 20:28:49.532][I][AutoBaseFunction.py(wrapper):11] Parameter : 
[2022-10-04 20:28:49.532][I][AutoBaseFunction.py(wrapper):17] Screen.Setup_Field : set_data 실행 종료
[2022-10-04 20:28:49.533][I][AutoBaseFunction.py(wrapper):10] Screen.Setup_Field : set_data 실행 시작
[2022-10-04 20:28:49.533][I][AutoBaseFunction.py(wrapper):11] Parameter : 
[2022-10-04 20:28:49.533][I][AutoBaseFunction.py(wrapper):17] Screen.Setup_Field : set_data 실행 종료
[2022-10-04 20:28:49.534][I][AutoBaseFunction.py(wrapper):10] Screen.Setup_Field : set_data 실행 시작
[2022-10-04 20:28:49.534][I][AutoBaseFunction.py(wrapper):11] Parameter : 
[2022-10-04 20:28:49.534][I][AutoBaseFunction.py(wrapper):17] Screen.Setup_Field : set_data 실행 종료
[2022-10-04 20:28:49.534][I][AutoBaseFunction.py(wrapper):10] Screen.Setup_Field : sl_set_slot 실행 시작
[2022-10-04 20:28:49.535][I][AutoBaseFunction.py(wrapper):11] Parameter : 
[2022-10-04 20:28:49.535][I][AutoBaseFunction.py(wrapper):17] Screen.Setup_Field : sl_set_slot 실행 종료
[2022-10-04 20:28:49.535][I][AutoBaseFunction.py(wrapper):17] Screen.Setup_Field : setupUI_Field 실행 종료
[2022-10-04 20:28:49.535][I][AutoBaseFunction.py(wrapper):10] Screen.Setup_TestList : setupUI_TestList 실행 시작
[2022-10-04 20:28:49.535][I][AutoBaseFunction.py(wrapper):11] Parameter : 
[2022-10-04 20:28:49.536][I][AutoBaseFunction.py(wrapper):10] Screen.Setup_TestList : btn_set_slot 실행 시작
[2022-10-04 20:28:49.536][I][AutoBaseFunction.py(wrapper):11] Parameter : 
[2022-10-04 20:28:49.537][I][AutoBaseFunction.py(wrapper):17] Screen.Setup_TestList : btn_set_slot 실행 종료
[2022-10-04 20:28:49.537][I][AutoBaseFunction.py(wrapper):17] Screen.Setup_TestList : setupUI_TestList 실행 종료
[2022-10-04 20:28:49.537][I][AutoBaseFunction.py(wrapper):17] __main__ : __wigets_setupUi 실행 종료
[2022-10-04 20:28:51.818][I][AutoBaseFunction.py(wrapper):10] Screen.MainWindow : update_open_menu 실행 시작
[2022-10-04 20:28:51.818][I][AutoBaseFunction.py(wrapper):11] Parameter : 
[2022-10-04 20:28:51.820][I][AutoBaseFunction.py(wrapper):17] Screen.MainWindow : update_open_menu 실행 종료
[2022-10-04 20:28:52.464][I][AutoBaseFunction.py(wrapper):10] __main__ : __ce_ui 실행 시작
[2022-10-04 20:28:52.464][I][AutoBaseFunction.py(wrapper):11] Parameter : False
[2022-10-04 20:28:52.485][I][AutoBaseFunction.py(wrapper):17] __main__ : __ce_ui 실행 종료
[2022-10-04 20:28:54.758][I][AutoBaseFunction.py(wrapper):10] Screen.Menu_CreateExcel : folder_toolButton_clicked 실행 시작
[2022-10-04 20:28:54.759][I][AutoBaseFunction.py(wrapper):11] Parameter : <PyQt5.QtWidgets.QLineEdit object at 0x0000027883ED53A8>, False
[2022-10-04 20:28:55.911][I][AutoBaseFunction.py(wrapper):17] Screen.Menu_CreateExcel : folder_toolButton_clicked 실행 종료
[2022-10-04 20:28:56.557][I][AutoBaseFunction.py(wrapper):10] Screen.Menu_CreateExcel : func_check 실행 시작
[2022-10-04 20:28:56.558][I][AutoBaseFunction.py(wrapper):11] Parameter : False
[2022-10-04 20:28:56.567][W][LogManager.py(set_warn):86] : Traceback (most recent call last):
  File "D:\test\TestList_CSV\2022_skillup-master\Settings\Setup.py", line 30, in read_ini__test
    example = self.config[table]
  File "c:\python\3_7_9x64\lib\configparser.py", line 958, in __getitem__
    raise KeyError(key)
KeyError: 'Feild'

[2022-10-04 20:28:56.744][I][AutoBaseFunction.py(wrapper):17] Screen.Menu_CreateExcel : func_check 실행 종료
[2022-10-04 20:30:49.260][I][AutoBaseFunction.py(wrapper):10] Screen.MainWindow : closeEvent 실행 시작
[2022-10-04 20:30:49.261][I][AutoBaseFunction.py(wrapper):11] Parameter : <PyQt5.QtGui.QCloseEvent object at 0x000002788B03B9D8>
