[2022-09-26 16:40:14.286][D][LogManager.py(Init):12] LogManager Init function called !!!
[2022-09-26 16:40:14.300][I][AutoBaseFunction.py(wrapper):7] Screen.MainWindow : setupUi 실행 시작
[2022-09-26 16:40:14.300][I][AutoBaseFunction.py(wrapper):8] Parameter : 
[2022-09-26 16:40:14.317][I][AutoBaseFunction.py(wrapper):7] Screen.MainWindow : set_field 실행 시작
[2022-09-26 16:40:14.317][I][AutoBaseFunction.py(wrapper):8] Parameter : 
[2022-09-26 16:40:14.343][I][AutoBaseFunction.py(wrapper):14] Screen.MainWindow : set_field 실행 종료
[2022-09-26 16:40:14.344][I][AutoBaseFunction.py(wrapper):7] Screen.MainWindow : setWidget_func 실행 시작
[2022-09-26 16:40:14.344][I][AutoBaseFunction.py(wrapper):8] Parameter : 
[2022-09-26 16:40:14.346][I][AutoBaseFunction.py(wrapper):14] Screen.MainWindow : setWidget_func 실행 종료
[2022-09-26 16:40:14.348][I][AutoBaseFunction.py(wrapper):14] Screen.MainWindow : setupUi 실행 종료
[2022-09-26 16:40:14.362][I][AutoBaseFunction.py(wrapper):7] __main__ : __set_slot 실행 시작
[2022-09-26 16:40:14.362][I][AutoBaseFunction.py(wrapper):8] Parameter : 
[2022-09-26 16:40:14.363][I][AutoBaseFunction.py(wrapper):14] __main__ : __set_slot 실행 종료
[2022-09-26 16:40:14.363][I][AutoBaseFunction.py(wrapper):7] __main__ : __wigets_setupUi 실행 시작
[2022-09-26 16:40:14.363][I][AutoBaseFunction.py(wrapper):8] Parameter : 
[2022-09-26 16:40:14.364][I][AutoBaseFunction.py(wrapper):7] Screen.Setup_Language : setupUI_Language 실행 시작
[2022-09-26 16:40:14.364][I][AutoBaseFunction.py(wrapper):8] Parameter : 
[2022-09-26 16:40:14.365][I][AutoBaseFunction.py(wrapper):7] Screen.Setup_Language : sl_set_slot 실행 시작
[2022-09-26 16:40:14.365][I][AutoBaseFunction.py(wrapper):8] Parameter : 
[2022-09-26 16:40:14.365][I][AutoBaseFunction.py(wrapper):14] Screen.Setup_Language : sl_set_slot 실행 종료
[2022-09-26 16:40:14.366][I][AutoBaseFunction.py(wrapper):14] Screen.Setup_Language : setupUI_Language 실행 종료
[2022-09-26 16:40:14.366][I][AutoBaseFunction.py(wrapper):7] Screen.Menu_CreateExcel : setupUI_CreateExcel 실행 시작
[2022-09-26 16:40:14.366][I][AutoBaseFunction.py(wrapper):8] Parameter : 
[2022-09-26 16:40:14.367][I][AutoBaseFunction.py(wrapper):7] Screen.Menu_CreateExcel : new_excel_func 실행 시작
[2022-09-26 16:40:14.367][I][AutoBaseFunction.py(wrapper):8] Parameter : 
[2022-09-26 16:40:14.368][I][AutoBaseFunction.py(wrapper):14] Screen.Menu_CreateExcel : new_excel_func 실행 종료
[2022-09-26 16:40:14.368][I][AutoBaseFunction.py(wrapper):7] Screen.Menu_CreateExcel : set_excel_func 실행 시작
[2022-09-26 16:40:14.368][I][AutoBaseFunction.py(wrapper):8] Parameter : 
[2022-09-26 16:40:14.369][I][AutoBaseFunction.py(wrapper):14] Screen.Menu_CreateExcel : set_excel_func 실행 종료
[2022-09-26 16:40:14.369][I][AutoBaseFunction.py(wrapper):14] Screen.Menu_CreateExcel : setupUI_CreateExcel 실행 종료
[2022-09-26 16:40:14.369][I][AutoBaseFunction.py(wrapper):7] Screen.Setup_Field : setupUI_Field 실행 시작
[2022-09-26 16:40:14.369][I][AutoBaseFunction.py(wrapper):8] Parameter : 
[2022-09-26 16:40:14.371][I][AutoBaseFunction.py(wrapper):7] Screen.Setup_Field : set_data 실행 시작
[2022-09-26 16:40:14.371][I][AutoBaseFunction.py(wrapper):8] Parameter : 
[2022-09-26 16:40:14.371][I][AutoBaseFunction.py(wrapper):14] Screen.Setup_Field : set_data 실행 종료
[2022-09-26 16:40:14.633][I][AutoBaseFunction.py(wrapper):7] Screen.Setup_Field : set_data 실행 시작
[2022-09-26 16:40:14.634][I][AutoBaseFunction.py(wrapper):8] Parameter : 
[2022-09-26 16:40:14.634][I][AutoBaseFunction.py(wrapper):14] Screen.Setup_Field : set_data 실행 종료
[2022-09-26 16:40:14.635][I][AutoBaseFunction.py(wrapper):7] Screen.Setup_Field : set_data 실행 시작
[2022-09-26 16:40:14.635][I][AutoBaseFunction.py(wrapper):8] Parameter : 
[2022-09-26 16:40:14.635][I][AutoBaseFunction.py(wrapper):14] Screen.Setup_Field : set_data 실행 종료
[2022-09-26 16:40:14.636][I][AutoBaseFunction.py(wrapper):7] Screen.Setup_Field : set_data 실행 시작
[2022-09-26 16:40:14.636][I][AutoBaseFunction.py(wrapper):8] Parameter : 
[2022-09-26 16:40:14.637][I][AutoBaseFunction.py(wrapper):14] Screen.Setup_Field : set_data 실행 종료
[2022-09-26 16:40:14.637][I][AutoBaseFunction.py(wrapper):7] Screen.Setup_Field : set_data 실행 시작
[2022-09-26 16:40:14.638][I][AutoBaseFunction.py(wrapper):8] Parameter : 
[2022-09-26 16:40:14.638][I][AutoBaseFunction.py(wrapper):14] Screen.Setup_Field : set_data 실행 종료
[2022-09-26 16:40:14.638][I][AutoBaseFunction.py(wrapper):7] Screen.Setup_Field : set_data 실행 시작
[2022-09-26 16:40:14.639][I][AutoBaseFunction.py(wrapper):8] Parameter : 
[2022-09-26 16:40:14.639][I][AutoBaseFunction.py(wrapper):14] Screen.Setup_Field : set_data 실행 종료
[2022-09-26 16:40:14.639][I][AutoBaseFunction.py(wrapper):7] Screen.Setup_Field : sl_set_slot 실행 시작
[2022-09-26 16:40:14.640][I][AutoBaseFunction.py(wrapper):8] Parameter : 
[2022-09-26 16:40:14.640][I][AutoBaseFunction.py(wrapper):14] Screen.Setup_Field : sl_set_slot 실행 종료
[2022-09-26 16:40:14.640][I][AutoBaseFunction.py(wrapper):14] Screen.Setup_Field : setupUI_Field 실행 종료
[2022-09-26 16:40:14.641][I][AutoBaseFunction.py(wrapper):7] Screen.Setup_TestList : setupUI_TestList 실행 시작
[2022-09-26 16:40:14.641][I][AutoBaseFunction.py(wrapper):8] Parameter : 
[2022-09-26 16:40:14.642][I][AutoBaseFunction.py(wrapper):7] Screen.Setup_TestList : btn_set_slot 실행 시작
[2022-09-26 16:40:14.642][I][AutoBaseFunction.py(wrapper):8] Parameter : 
[2022-09-26 16:40:14.643][I][AutoBaseFunction.py(wrapper):14] Screen.Setup_TestList : btn_set_slot 실행 종료
[2022-09-26 16:40:14.643][I][AutoBaseFunction.py(wrapper):14] Screen.Setup_TestList : setupUI_TestList 실행 종료
[2022-09-26 16:40:14.643][I][AutoBaseFunction.py(wrapper):14] __main__ : __wigets_setupUi 실행 종료
[2022-09-26 16:40:16.281][I][AutoBaseFunction.py(wrapper):7] __main__ : __sl_ui 실행 시작
[2022-09-26 16:40:16.281][I][AutoBaseFunction.py(wrapper):8] Parameter : False
[2022-09-26 16:40:16.282][I][AutoBaseFunction.py(wrapper):7] Screen.Setup_Language : setLang_Button 실행 시작
[2022-09-26 16:40:16.282][I][AutoBaseFunction.py(wrapper):8] Parameter : 
[2022-09-26 16:40:16.283][I][AutoBaseFunction.py(wrapper):14] Screen.Setup_Language : setLang_Button 실행 종료
[2022-09-26 16:40:16.293][I][AutoBaseFunction.py(wrapper):14] __main__ : __sl_ui 실행 종료
[2022-09-26 16:40:24.590][I][AutoBaseFunction.py(wrapper):7] Screen.Setup_Language : ok_Button_clicked 실행 시작
[2022-09-26 16:40:24.591][I][AutoBaseFunction.py(wrapper):8] Parameter : False
