[2022-09-26 18:37:14.442][D][LogManager.py(Init):12] LogManager Init function called !!!
[2022-09-26 18:37:14.455][I][AutoBaseFunction.py(wrapper):7] Screen.MainWindow : setupUi 실행 시작
[2022-09-26 18:37:14.456][I][AutoBaseFunction.py(wrapper):8] Parameter : 
[2022-09-26 18:37:14.473][I][AutoBaseFunction.py(wrapper):7] Screen.MainWindow : set_field 실행 시작
[2022-09-26 18:37:14.473][I][AutoBaseFunction.py(wrapper):8] Parameter : 
[2022-09-26 18:37:14.508][I][AutoBaseFunction.py(wrapper):14] Screen.MainWindow : set_field 실행 종료
[2022-09-26 18:37:14.509][I][AutoBaseFunction.py(wrapper):7] Screen.MainWindow : setWidget_func 실행 시작
[2022-09-26 18:37:14.509][I][AutoBaseFunction.py(wrapper):8] Parameter : 
[2022-09-26 18:37:14.511][I][AutoBaseFunction.py(wrapper):14] Screen.MainWindow : setWidget_func 실행 종료
[2022-09-26 18:37:14.515][I][AutoBaseFunction.py(wrapper):14] Screen.MainWindow : setupUi 실행 종료
[2022-09-26 18:37:14.521][I][AutoBaseFunction.py(wrapper):7] __main__ : __set_slot 실행 시작
[2022-09-26 18:37:14.522][I][AutoBaseFunction.py(wrapper):8] Parameter : 
[2022-09-26 18:37:14.522][I][AutoBaseFunction.py(wrapper):14] __main__ : __set_slot 실행 종료
[2022-09-26 18:37:14.523][I][AutoBaseFunction.py(wrapper):7] __main__ : __wigets_setupUi 실행 시작
[2022-09-26 18:37:14.523][I][AutoBaseFunction.py(wrapper):8] Parameter : 
[2022-09-26 18:37:14.523][I][AutoBaseFunction.py(wrapper):7] Screen.Setup_Language : setupUI_Language 실행 시작
[2022-09-26 18:37:14.523][I][AutoBaseFunction.py(wrapper):8] Parameter : 
[2022-09-26 18:37:14.524][I][AutoBaseFunction.py(wrapper):7] Screen.Setup_Language : sl_set_slot 실행 시작
[2022-09-26 18:37:14.524][I][AutoBaseFunction.py(wrapper):8] Parameter : 
[2022-09-26 18:37:14.524][I][AutoBaseFunction.py(wrapper):14] Screen.Setup_Language : sl_set_slot 실행 종료
[2022-09-26 18:37:14.525][I][AutoBaseFunction.py(wrapper):14] Screen.Setup_Language : setupUI_Language 실행 종료
[2022-09-26 18:37:14.525][I][AutoBaseFunction.py(wrapper):7] Screen.Menu_CreateExcel : setupUI_CreateExcel 실행 시작
[2022-09-26 18:37:14.525][I][AutoBaseFunction.py(wrapper):8] Parameter : 
[2022-09-26 18:37:14.526][I][AutoBaseFunction.py(wrapper):7] Screen.Menu_CreateExcel : new_excel_func 실행 시작
[2022-09-26 18:37:14.526][I][AutoBaseFunction.py(wrapper):8] Parameter : 
[2022-09-26 18:37:14.526][I][AutoBaseFunction.py(wrapper):14] Screen.Menu_CreateExcel : new_excel_func 실행 종료
[2022-09-26 18:37:14.527][I][AutoBaseFunction.py(wrapper):7] Screen.Menu_CreateExcel : set_excel_func 실행 시작
[2022-09-26 18:37:14.527][I][AutoBaseFunction.py(wrapper):8] Parameter : 
[2022-09-26 18:37:14.527][I][AutoBaseFunction.py(wrapper):14] Screen.Menu_CreateExcel : set_excel_func 실행 종료
[2022-09-26 18:37:14.528][I][AutoBaseFunction.py(wrapper):14] Screen.Menu_CreateExcel : setupUI_CreateExcel 실행 종료
[2022-09-26 18:37:14.528][I][AutoBaseFunction.py(wrapper):7] Screen.Setup_Field : setupUI_Field 실행 시작
[2022-09-26 18:37:14.528][I][AutoBaseFunction.py(wrapper):8] Parameter : 
[2022-09-26 18:37:14.528][I][AutoBaseFunction.py(wrapper):7] Screen.Setup_Field : set_data 실행 시작
[2022-09-26 18:37:14.529][I][AutoBaseFunction.py(wrapper):8] Parameter : 
[2022-09-26 18:37:14.529][I][AutoBaseFunction.py(wrapper):14] Screen.Setup_Field : set_data 실행 종료
[2022-09-26 18:37:14.778][I][AutoBaseFunction.py(wrapper):7] Screen.Setup_Field : set_data 실행 시작
[2022-09-26 18:37:14.778][I][AutoBaseFunction.py(wrapper):8] Parameter : 
[2022-09-26 18:37:14.779][I][AutoBaseFunction.py(wrapper):14] Screen.Setup_Field : set_data 실행 종료
[2022-09-26 18:37:14.780][I][AutoBaseFunction.py(wrapper):7] Screen.Setup_Field : set_data 실행 시작
[2022-09-26 18:37:14.780][I][AutoBaseFunction.py(wrapper):8] Parameter : 
[2022-09-26 18:37:14.780][I][AutoBaseFunction.py(wrapper):14] Screen.Setup_Field : set_data 실행 종료
[2022-09-26 18:37:14.781][I][AutoBaseFunction.py(wrapper):7] Screen.Setup_Field : set_data 실행 시작
[2022-09-26 18:37:14.781][I][AutoBaseFunction.py(wrapper):8] Parameter : 
[2022-09-26 18:37:14.782][I][AutoBaseFunction.py(wrapper):14] Screen.Setup_Field : set_data 실행 종료
[2022-09-26 18:37:14.782][I][AutoBaseFunction.py(wrapper):7] Screen.Setup_Field : set_data 실행 시작
[2022-09-26 18:37:14.783][I][AutoBaseFunction.py(wrapper):8] Parameter : 
[2022-09-26 18:37:14.783][I][AutoBaseFunction.py(wrapper):14] Screen.Setup_Field : set_data 실행 종료
[2022-09-26 18:37:14.783][I][AutoBaseFunction.py(wrapper):7] Screen.Setup_Field : set_data 실행 시작
[2022-09-26 18:37:14.784][I][AutoBaseFunction.py(wrapper):8] Parameter : 
[2022-09-26 18:37:14.784][I][AutoBaseFunction.py(wrapper):14] Screen.Setup_Field : set_data 실행 종료
[2022-09-26 18:37:14.784][I][AutoBaseFunction.py(wrapper):7] Screen.Setup_Field : sl_set_slot 실행 시작
[2022-09-26 18:37:14.785][I][AutoBaseFunction.py(wrapper):8] Parameter : 
[2022-09-26 18:37:14.785][I][AutoBaseFunction.py(wrapper):14] Screen.Setup_Field : sl_set_slot 실행 종료
[2022-09-26 18:37:14.785][I][AutoBaseFunction.py(wrapper):14] Screen.Setup_Field : setupUI_Field 실행 종료
[2022-09-26 18:37:14.786][I][AutoBaseFunction.py(wrapper):7] Screen.Setup_TestList : setupUI_TestList 실행 시작
[2022-09-26 18:37:14.786][I][AutoBaseFunction.py(wrapper):8] Parameter : 
[2022-09-26 18:37:14.787][I][AutoBaseFunction.py(wrapper):7] Screen.Setup_TestList : btn_set_slot 실행 시작
[2022-09-26 18:37:14.788][I][AutoBaseFunction.py(wrapper):8] Parameter : 
[2022-09-26 18:37:14.788][I][AutoBaseFunction.py(wrapper):14] Screen.Setup_TestList : btn_set_slot 실행 종료
[2022-09-26 18:37:14.789][I][AutoBaseFunction.py(wrapper):14] Screen.Setup_TestList : setupUI_TestList 실행 종료
[2022-09-26 18:37:14.789][I][AutoBaseFunction.py(wrapper):14] __main__ : __wigets_setupUi 실행 종료
[2022-09-26 18:37:16.454][I][AutoBaseFunction.py(wrapper):7] __main__ : __sl_ui 실행 시작
[2022-09-26 18:37:16.455][I][AutoBaseFunction.py(wrapper):8] Parameter : False
[2022-09-26 18:37:16.455][I][AutoBaseFunction.py(wrapper):7] Screen.Setup_Language : setLang_Button 실행 시작
[2022-09-26 18:37:16.456][I][AutoBaseFunction.py(wrapper):8] Parameter : 
