[2022-09-22 09:28:24.893][D][LogManager.py(Init):12] LogManager Init function called !!!
[2022-09-22 09:28:24.905][I][AutoBaseFunction.py(wrapper):7] Screen.MainWindow : setupUi 실행 시작
[2022-09-22 09:28:24.906][I][AutoBaseFunction.py(wrapper):8] Parameter : 
[2022-09-22 09:28:24.921][I][AutoBaseFunction.py(wrapper):7] Screen.MainWindow : set_field 실행 시작
[2022-09-22 09:28:24.922][I][AutoBaseFunction.py(wrapper):8] Parameter : 
[2022-09-22 09:28:24.954][I][AutoBaseFunction.py(wrapper):14] Screen.MainWindow : set_field 실행 종료
[2022-09-22 09:28:24.955][I][AutoBaseFunction.py(wrapper):7] Screen.MainWindow : setWidget_func 실행 시작
[2022-09-22 09:28:24.955][I][AutoBaseFunction.py(wrapper):8] Parameter : 
[2022-09-22 09:28:24.957][I][AutoBaseFunction.py(wrapper):14] Screen.MainWindow : setWidget_func 실행 종료
[2022-09-22 09:28:24.959][I][AutoBaseFunction.py(wrapper):14] Screen.MainWindow : setupUi 실행 종료
[2022-09-22 09:28:24.966][I][AutoBaseFunction.py(wrapper):7] __main__ : __set_slot 실행 시작
[2022-09-22 09:28:24.966][I][AutoBaseFunction.py(wrapper):8] Parameter : 
[2022-09-22 09:28:24.967][I][AutoBaseFunction.py(wrapper):14] __main__ : __set_slot 실행 종료
[2022-09-22 09:28:24.967][I][AutoBaseFunction.py(wrapper):7] __main__ : __wigets_setupUi 실행 시작
[2022-09-22 09:28:24.967][I][AutoBaseFunction.py(wrapper):8] Parameter : 
[2022-09-22 09:28:24.967][I][AutoBaseFunction.py(wrapper):7] Screen.Setup_Language : setupUI_Language 실행 시작
[2022-09-22 09:28:24.968][I][AutoBaseFunction.py(wrapper):8] Parameter : 
[2022-09-22 09:28:24.968][I][AutoBaseFunction.py(wrapper):7] Screen.Setup_Language : sl_set_slot 실행 시작
[2022-09-22 09:28:24.969][I][AutoBaseFunction.py(wrapper):8] Parameter : 
[2022-09-22 09:28:24.969][I][AutoBaseFunction.py(wrapper):14] Screen.Setup_Language : sl_set_slot 실행 종료
[2022-09-22 09:28:24.969][I][AutoBaseFunction.py(wrapper):14] Screen.Setup_Language : setupUI_Language 실행 종료
[2022-09-22 09:28:24.970][I][AutoBaseFunction.py(wrapper):7] Screen.Menu_CreateExcel : setupUI_CreateExcel 실행 시작
[2022-09-22 09:28:24.970][I][AutoBaseFunction.py(wrapper):8] Parameter : 
[2022-09-22 09:28:24.971][I][AutoBaseFunction.py(wrapper):7] Screen.Menu_CreateExcel : new_excel_func 실행 시작
[2022-09-22 09:28:24.971][I][AutoBaseFunction.py(wrapper):8] Parameter : 
[2022-09-22 09:28:24.971][I][AutoBaseFunction.py(wrapper):14] Screen.Menu_CreateExcel : new_excel_func 실행 종료
[2022-09-22 09:28:24.972][I][AutoBaseFunction.py(wrapper):7] Screen.Menu_CreateExcel : set_excel_func 실행 시작
[2022-09-22 09:28:24.972][I][AutoBaseFunction.py(wrapper):8] Parameter : 
[2022-09-22 09:28:24.972][I][AutoBaseFunction.py(wrapper):14] Screen.Menu_CreateExcel : set_excel_func 실행 종료
[2022-09-22 09:28:24.972][I][AutoBaseFunction.py(wrapper):14] Screen.Menu_CreateExcel : setupUI_CreateExcel 실행 종료
[2022-09-22 09:28:24.973][I][AutoBaseFunction.py(wrapper):7] Screen.Setup_Field : setupUI_Field 실행 시작
[2022-09-22 09:28:24.973][I][AutoBaseFunction.py(wrapper):8] Parameter : 
[2022-09-22 09:28:24.973][I][AutoBaseFunction.py(wrapper):7] Screen.Setup_Field : set_data 실행 시작
[2022-09-22 09:28:24.973][I][AutoBaseFunction.py(wrapper):8] Parameter : 
[2022-09-22 09:28:24.974][I][AutoBaseFunction.py(wrapper):14] Screen.Setup_Field : set_data 실행 종료
[2022-09-22 09:28:25.224][I][AutoBaseFunction.py(wrapper):7] Screen.Setup_Field : set_data 실행 시작
[2022-09-22 09:28:25.224][I][AutoBaseFunction.py(wrapper):8] Parameter : 
[2022-09-22 09:28:25.225][I][AutoBaseFunction.py(wrapper):14] Screen.Setup_Field : set_data 실행 종료
[2022-09-22 09:28:25.225][I][AutoBaseFunction.py(wrapper):7] Screen.Setup_Field : set_data 실행 시작
[2022-09-22 09:28:25.226][I][AutoBaseFunction.py(wrapper):8] Parameter : 
[2022-09-22 09:28:25.226][I][AutoBaseFunction.py(wrapper):14] Screen.Setup_Field : set_data 실행 종료
[2022-09-22 09:28:25.226][I][AutoBaseFunction.py(wrapper):7] Screen.Setup_Field : set_data 실행 시작
[2022-09-22 09:28:25.227][I][AutoBaseFunction.py(wrapper):8] Parameter : 
[2022-09-22 09:28:25.227][I][AutoBaseFunction.py(wrapper):14] Screen.Setup_Field : set_data 실행 종료
[2022-09-22 09:28:25.228][I][AutoBaseFunction.py(wrapper):7] Screen.Setup_Field : set_data 실행 시작
[2022-09-22 09:28:25.228][I][AutoBaseFunction.py(wrapper):8] Parameter : 
[2022-09-22 09:28:25.228][I][AutoBaseFunction.py(wrapper):14] Screen.Setup_Field : set_data 실행 종료
[2022-09-22 09:28:25.229][I][AutoBaseFunction.py(wrapper):7] Screen.Setup_Field : set_data 실행 시작
[2022-09-22 09:28:25.229][I][AutoBaseFunction.py(wrapper):8] Parameter : 
[2022-09-22 09:28:25.229][I][AutoBaseFunction.py(wrapper):14] Screen.Setup_Field : set_data 실행 종료
[2022-09-22 09:28:25.230][I][AutoBaseFunction.py(wrapper):7] Screen.Setup_Field : sl_set_slot 실행 시작
[2022-09-22 09:28:25.230][I][AutoBaseFunction.py(wrapper):8] Parameter : 
[2022-09-22 09:28:25.230][I][AutoBaseFunction.py(wrapper):14] Screen.Setup_Field : sl_set_slot 실행 종료
[2022-09-22 09:28:25.230][I][AutoBaseFunction.py(wrapper):14] Screen.Setup_Field : setupUI_Field 실행 종료
[2022-09-22 09:28:25.231][I][AutoBaseFunction.py(wrapper):7] Screen.Setup_TestList : setupUI_TestList 실행 시작
[2022-09-22 09:28:25.231][I][AutoBaseFunction.py(wrapper):8] Parameter : 
[2022-09-22 09:28:25.233][I][AutoBaseFunction.py(wrapper):7] Screen.Setup_TestList : btn_set_slot 실행 시작
[2022-09-22 09:28:25.233][I][AutoBaseFunction.py(wrapper):8] Parameter : 
[2022-09-22 09:28:25.233][I][AutoBaseFunction.py(wrapper):14] Screen.Setup_TestList : btn_set_slot 실행 종료
[2022-09-22 09:28:25.234][I][AutoBaseFunction.py(wrapper):14] Screen.Setup_TestList : setupUI_TestList 실행 종료
[2022-09-22 09:28:25.234][I][AutoBaseFunction.py(wrapper):14] __main__ : __wigets_setupUi 실행 종료
[2022-09-22 09:28:27.839][I][AutoBaseFunction.py(wrapper):7] Screen.MainWindow : update_open_menu 실행 시작
[2022-09-22 09:28:27.839][I][AutoBaseFunction.py(wrapper):8] Parameter : 
[2022-09-22 09:28:27.841][I][AutoBaseFunction.py(wrapper):14] Screen.MainWindow : update_open_menu 실행 종료
[2022-09-22 09:28:51.770][I][AutoBaseFunction.py(wrapper):7] Screen.MainWindow : closeEvent 실행 시작
[2022-09-22 09:28:51.772][I][AutoBaseFunction.py(wrapper):8] Parameter : <PyQt5.QtGui.QCloseEvent object at 0x0000022F5AA82A68>
