[2022-10-04 20:05:36.126][D][LogManager.py(Init):12] LogManager Init function called !!!
[2022-10-04 20:05:36.153][I][AutoBaseFunction.py(wrapper):10] Screen.MainWindow : setupUi 실행 시작
[2022-10-04 20:05:36.153][I][AutoBaseFunction.py(wrapper):11] Parameter : 
[2022-10-04 20:05:36.156][I][AutoBaseFunction.py(wrapper):10] Screen.MainWindow : set_field 실행 시작
[2022-10-04 20:05:36.156][I][AutoBaseFunction.py(wrapper):11] Parameter : 
[2022-10-04 20:05:36.185][I][AutoBaseFunction.py(wrapper):17] Screen.MainWindow : set_field 실행 종료
[2022-10-04 20:05:36.185][I][AutoBaseFunction.py(wrapper):10] Screen.MainWindow : setWidget_func 실행 시작
[2022-10-04 20:05:36.185][I][AutoBaseFunction.py(wrapper):11] Parameter : 
[2022-10-04 20:05:36.187][I][AutoBaseFunction.py(wrapper):17] Screen.MainWindow : setWidget_func 실행 종료
[2022-10-04 20:05:36.190][I][AutoBaseFunction.py(wrapper):17] Screen.MainWindow : setupUi 실행 종료
[2022-10-04 20:05:36.209][I][AutoBaseFunction.py(wrapper):10] __main__ : __set_slot 실행 시작
[2022-10-04 20:05:36.210][I][AutoBaseFunction.py(wrapper):11] Parameter : 
[2022-10-04 20:05:36.211][I][AutoBaseFunction.py(wrapper):17] __main__ : __set_slot 실행 종료
[2022-10-04 20:05:36.211][I][AutoBaseFunction.py(wrapper):10] __main__ : __wigets_setupUi 실행 시작
[2022-10-04 20:05:36.211][I][AutoBaseFunction.py(wrapper):11] Parameter : 
[2022-10-04 20:05:36.212][I][AutoBaseFunction.py(wrapper):10] Screen.Setup_Language : setupUI_Language 실행 시작
[2022-10-04 20:05:36.212][I][AutoBaseFunction.py(wrapper):11] Parameter : 
[2022-10-04 20:05:36.213][I][AutoBaseFunction.py(wrapper):10] Screen.Setup_Language : sl_set_slot 실행 시작
[2022-10-04 20:05:36.213][I][AutoBaseFunction.py(wrapper):11] Parameter : 
[2022-10-04 20:05:36.214][I][AutoBaseFunction.py(wrapper):17] Screen.Setup_Language : sl_set_slot 실행 종료
[2022-10-04 20:05:36.215][I][AutoBaseFunction.py(wrapper):17] Screen.Setup_Language : setupUI_Language 실행 종료
[2022-10-04 20:05:36.215][I][AutoBaseFunction.py(wrapper):10] Screen.Menu_CreateExcel : setupUI_CreateExcel 실행 시작
[2022-10-04 20:05:36.215][I][AutoBaseFunction.py(wrapper):11] Parameter : 
[2022-10-04 20:05:36.217][I][AutoBaseFunction.py(wrapper):10] Screen.Menu_CreateExcel : new_excel_func 실행 시작
[2022-10-04 20:05:36.217][I][AutoBaseFunction.py(wrapper):11] Parameter : 
[2022-10-04 20:05:36.219][I][AutoBaseFunction.py(wrapper):17] Screen.Menu_CreateExcel : new_excel_func 실행 종료
[2022-10-04 20:05:36.219][I][AutoBaseFunction.py(wrapper):10] Screen.Menu_CreateExcel : set_excel_func 실행 시작
[2022-10-04 20:05:36.219][I][AutoBaseFunction.py(wrapper):11] Parameter : 
[2022-10-04 20:05:36.220][I][AutoBaseFunction.py(wrapper):17] Screen.Menu_CreateExcel : set_excel_func 실행 종료
[2022-10-04 20:05:36.221][I][AutoBaseFunction.py(wrapper):17] Screen.Menu_CreateExcel : setupUI_CreateExcel 실행 종료
[2022-10-04 20:05:36.221][I][AutoBaseFunction.py(wrapper):10] Screen.Setup_Field : setupUI_Field 실행 시작
[2022-10-04 20:05:36.221][I][AutoBaseFunction.py(wrapper):11] Parameter : 
[2022-10-04 20:05:36.223][I][AutoBaseFunction.py(wrapper):10] Screen.Setup_Field : set_data 실행 시작
[2022-10-04 20:05:36.223][I][AutoBaseFunction.py(wrapper):11] Parameter : 
[2022-10-04 20:05:36.223][I][AutoBaseFunction.py(wrapper):17] Screen.Setup_Field : set_data 실행 종료
[2022-10-04 20:05:36.466][I][AutoBaseFunction.py(wrapper):10] Screen.Setup_Field : set_data 실행 시작
[2022-10-04 20:05:36.467][I][AutoBaseFunction.py(wrapper):11] Parameter : 
[2022-10-04 20:05:36.467][I][AutoBaseFunction.py(wrapper):17] Screen.Setup_Field : set_data 실행 종료
[2022-10-04 20:05:36.468][I][AutoBaseFunction.py(wrapper):10] Screen.Setup_Field : set_data 실행 시작
[2022-10-04 20:05:36.468][I][AutoBaseFunction.py(wrapper):11] Parameter : 
[2022-10-04 20:05:36.468][I][AutoBaseFunction.py(wrapper):17] Screen.Setup_Field : set_data 실행 종료
[2022-10-04 20:05:36.469][I][AutoBaseFunction.py(wrapper):10] Screen.Setup_Field : set_data 실행 시작
[2022-10-04 20:05:36.469][I][AutoBaseFunction.py(wrapper):11] Parameter : 
[2022-10-04 20:05:36.470][I][AutoBaseFunction.py(wrapper):17] Screen.Setup_Field : set_data 실행 종료
[2022-10-04 20:05:36.470][I][AutoBaseFunction.py(wrapper):10] Screen.Setup_Field : set_data 실행 시작
[2022-10-04 20:05:36.470][I][AutoBaseFunction.py(wrapper):11] Parameter : 
[2022-10-04 20:05:36.471][I][AutoBaseFunction.py(wrapper):17] Screen.Setup_Field : set_data 실행 종료
[2022-10-04 20:05:36.471][I][AutoBaseFunction.py(wrapper):10] Screen.Setup_Field : set_data 실행 시작
[2022-10-04 20:05:36.471][I][AutoBaseFunction.py(wrapper):11] Parameter : 
[2022-10-04 20:05:36.472][I][AutoBaseFunction.py(wrapper):17] Screen.Setup_Field : set_data 실행 종료
[2022-10-04 20:05:36.472][I][AutoBaseFunction.py(wrapper):10] Screen.Setup_Field : sl_set_slot 실행 시작
[2022-10-04 20:05:36.472][I][AutoBaseFunction.py(wrapper):11] Parameter : 
[2022-10-04 20:05:36.473][I][AutoBaseFunction.py(wrapper):17] Screen.Setup_Field : sl_set_slot 실행 종료
[2022-10-04 20:05:36.473][I][AutoBaseFunction.py(wrapper):17] Screen.Setup_Field : setupUI_Field 실행 종료
[2022-10-04 20:05:36.474][I][AutoBaseFunction.py(wrapper):10] Screen.Setup_TestList : setupUI_TestList 실행 시작
[2022-10-04 20:05:36.474][I][AutoBaseFunction.py(wrapper):11] Parameter : 
[2022-10-04 20:05:36.475][I][AutoBaseFunction.py(wrapper):10] Screen.Setup_TestList : btn_set_slot 실행 시작
[2022-10-04 20:05:36.475][I][AutoBaseFunction.py(wrapper):11] Parameter : 
[2022-10-04 20:05:36.476][I][AutoBaseFunction.py(wrapper):17] Screen.Setup_TestList : btn_set_slot 실행 종료
[2022-10-04 20:05:36.476][I][AutoBaseFunction.py(wrapper):17] Screen.Setup_TestList : setupUI_TestList 실행 종료
[2022-10-04 20:05:36.477][I][AutoBaseFunction.py(wrapper):17] __main__ : __wigets_setupUi 실행 종료
[2022-10-04 20:05:37.529][I][AutoBaseFunction.py(wrapper):10] Screen.MainWindow : update_open_menu 실행 시작
[2022-10-04 20:05:37.529][I][AutoBaseFunction.py(wrapper):11] Parameter : 
[2022-10-04 20:05:37.532][I][AutoBaseFunction.py(wrapper):17] Screen.MainWindow : update_open_menu 실행 종료
[2022-10-04 20:05:38.095][I][AutoBaseFunction.py(wrapper):10] __main__ : __ce_ui 실행 시작
[2022-10-04 20:05:38.095][I][AutoBaseFunction.py(wrapper):11] Parameter : False
[2022-10-04 20:05:38.117][I][AutoBaseFunction.py(wrapper):17] __main__ : __ce_ui 실행 종료
[2022-10-04 20:05:46.046][I][AutoBaseFunction.py(wrapper):10] Screen.Menu_CreateExcel : folder_toolButton_clicked 실행 시작
[2022-10-04 20:05:46.046][I][AutoBaseFunction.py(wrapper):11] Parameter : <PyQt5.QtWidgets.QLineEdit object at 0x000001A5599363A8>, False
[2022-10-04 20:05:47.392][I][AutoBaseFunction.py(wrapper):17] Screen.Menu_CreateExcel : folder_toolButton_clicked 실행 종료
[2022-10-04 20:05:48.189][I][AutoBaseFunction.py(wrapper):10] Screen.Menu_CreateExcel : func_check 실행 시작
[2022-10-04 20:05:48.190][I][AutoBaseFunction.py(wrapper):11] Parameter : False
[2022-10-04 20:05:48.288][I][AutoBaseFunction.py(wrapper):17] Screen.Menu_CreateExcel : func_check 실행 종료
[2022-10-04 20:08:09.068][I][AutoBaseFunction.py(wrapper):10] Screen.MainWindow : closeEvent 실행 시작
[2022-10-04 20:08:09.069][I][AutoBaseFunction.py(wrapper):11] Parameter : <PyQt5.QtGui.QCloseEvent object at 0x000001A55C9483A8>
