[2022-09-27 17:23:17.266][D][LogManager.py(Init):12] LogManager Init function called !!!
[2022-09-27 17:23:17.278][I][AutoBaseFunction.py(wrapper):7] Screen.MainWindow : setupUi 실행 시작
[2022-09-27 17:23:17.278][I][AutoBaseFunction.py(wrapper):8] Parameter : 
[2022-09-27 17:23:17.295][I][AutoBaseFunction.py(wrapper):7] Screen.MainWindow : set_field 실행 시작
[2022-09-27 17:23:17.296][I][AutoBaseFunction.py(wrapper):8] Parameter : 
[2022-09-27 17:23:17.324][I][AutoBaseFunction.py(wrapper):14] Screen.MainWindow : set_field 실행 종료
[2022-09-27 17:23:17.325][I][AutoBaseFunction.py(wrapper):7] Screen.MainWindow : setWidget_func 실행 시작
[2022-09-27 17:23:17.325][I][AutoBaseFunction.py(wrapper):8] Parameter : 
[2022-09-27 17:23:17.327][I][AutoBaseFunction.py(wrapper):14] Screen.MainWindow : setWidget_func 실행 종료
[2022-09-27 17:23:17.329][I][AutoBaseFunction.py(wrapper):14] Screen.MainWindow : setupUi 실행 종료
[2022-09-27 17:23:17.335][I][AutoBaseFunction.py(wrapper):7] __main__ : __set_slot 실행 시작
[2022-09-27 17:23:17.335][I][AutoBaseFunction.py(wrapper):8] Parameter : 
[2022-09-27 17:23:17.335][I][AutoBaseFunction.py(wrapper):14] __main__ : __set_slot 실행 종료
[2022-09-27 17:23:17.336][I][AutoBaseFunction.py(wrapper):7] __main__ : __wigets_setupUi 실행 시작
[2022-09-27 17:23:17.336][I][AutoBaseFunction.py(wrapper):8] Parameter : 
[2022-09-27 17:23:17.336][I][AutoBaseFunction.py(wrapper):7] Screen.Setup_Language : setupUI_Language 실행 시작
[2022-09-27 17:23:17.337][I][AutoBaseFunction.py(wrapper):8] Parameter : 
[2022-09-27 17:23:17.337][I][AutoBaseFunction.py(wrapper):7] Screen.Setup_Language : sl_set_slot 실행 시작
[2022-09-27 17:23:17.337][I][AutoBaseFunction.py(wrapper):8] Parameter : 
[2022-09-27 17:23:17.338][I][AutoBaseFunction.py(wrapper):14] Screen.Setup_Language : sl_set_slot 실행 종료
[2022-09-27 17:23:17.338][I][AutoBaseFunction.py(wrapper):14] Screen.Setup_Language : setupUI_Language 실행 종료
[2022-09-27 17:23:17.338][I][AutoBaseFunction.py(wrapper):7] Screen.Menu_CreateExcel : setupUI_CreateExcel 실행 시작
[2022-09-27 17:23:17.338][I][AutoBaseFunction.py(wrapper):8] Parameter : 
[2022-09-27 17:23:17.339][I][AutoBaseFunction.py(wrapper):7] Screen.Menu_CreateExcel : new_excel_func 실행 시작
[2022-09-27 17:23:17.340][I][AutoBaseFunction.py(wrapper):8] Parameter : 
[2022-09-27 17:23:17.340][I][AutoBaseFunction.py(wrapper):14] Screen.Menu_CreateExcel : new_excel_func 실행 종료
[2022-09-27 17:23:17.340][I][AutoBaseFunction.py(wrapper):7] Screen.Menu_CreateExcel : set_excel_func 실행 시작
[2022-09-27 17:23:17.341][I][AutoBaseFunction.py(wrapper):8] Parameter : 
[2022-09-27 17:23:17.341][I][AutoBaseFunction.py(wrapper):14] Screen.Menu_CreateExcel : set_excel_func 실행 종료
[2022-09-27 17:23:17.341][I][AutoBaseFunction.py(wrapper):14] Screen.Menu_CreateExcel : setupUI_CreateExcel 실행 종료
[2022-09-27 17:23:17.342][I][AutoBaseFunction.py(wrapper):7] Screen.Setup_Field : setupUI_Field 실행 시작
[2022-09-27 17:23:17.342][I][AutoBaseFunction.py(wrapper):8] Parameter : 
[2022-09-27 17:23:17.343][I][AutoBaseFunction.py(wrapper):7] Screen.Setup_Field : set_data 실행 시작
[2022-09-27 17:23:17.344][I][AutoBaseFunction.py(wrapper):8] Parameter : 
[2022-09-27 17:23:17.344][I][AutoBaseFunction.py(wrapper):14] Screen.Setup_Field : set_data 실행 종료
