[2022-09-23 10:35:04.978][D][LogManager.py(Init):12] LogManager Init function called !!!
[2022-09-23 10:35:04.992][I][AutoBaseFunction.py(wrapper):7] Screen.MainWindow : setupUi 실행 시작
[2022-09-23 10:35:04.992][I][AutoBaseFunction.py(wrapper):8] Parameter : 
[2022-09-23 10:35:05.011][I][AutoBaseFunction.py(wrapper):7] Screen.MainWindow : set_field 실행 시작
[2022-09-23 10:35:05.011][I][AutoBaseFunction.py(wrapper):8] Parameter : 
[2022-09-23 10:35:05.041][I][AutoBaseFunction.py(wrapper):14] Screen.MainWindow : set_field 실행 종료
[2022-09-23 10:35:05.041][I][AutoBaseFunction.py(wrapper):7] Screen.MainWindow : setWidget_func 실행 시작
[2022-09-23 10:35:05.042][I][AutoBaseFunction.py(wrapper):8] Parameter : 
[2022-09-23 10:35:05.044][I][AutoBaseFunction.py(wrapper):14] Screen.MainWindow : setWidget_func 실행 종료
[2022-09-23 10:35:05.048][I][AutoBaseFunction.py(wrapper):14] Screen.MainWindow : setupUi 실행 종료
[2022-09-23 10:35:05.055][I][AutoBaseFunction.py(wrapper):7] __main__ : __set_slot 실행 시작
[2022-09-23 10:35:05.055][I][AutoBaseFunction.py(wrapper):8] Parameter : 
[2022-09-23 10:35:05.056][I][AutoBaseFunction.py(wrapper):14] __main__ : __set_slot 실행 종료
[2022-09-23 10:35:05.056][I][AutoBaseFunction.py(wrapper):7] __main__ : __wigets_setupUi 실행 시작
[2022-09-23 10:35:05.056][I][AutoBaseFunction.py(wrapper):8] Parameter : 
[2022-09-23 10:35:05.057][I][AutoBaseFunction.py(wrapper):7] Screen.Setup_Language : setupUI_Language 실행 시작
[2022-09-23 10:35:05.057][I][AutoBaseFunction.py(wrapper):8] Parameter : 
[2022-09-23 10:35:05.058][I][AutoBaseFunction.py(wrapper):7] Screen.Setup_Language : sl_set_slot 실행 시작
[2022-09-23 10:35:05.058][I][AutoBaseFunction.py(wrapper):8] Parameter : 
[2022-09-23 10:35:05.059][I][AutoBaseFunction.py(wrapper):14] Screen.Setup_Language : sl_set_slot 실행 종료
[2022-09-23 10:35:05.059][I][AutoBaseFunction.py(wrapper):14] Screen.Setup_Language : setupUI_Language 실행 종료
[2022-09-23 10:35:05.060][I][AutoBaseFunction.py(wrapper):7] Screen.Menu_CreateExcel : setupUI_CreateExcel 실행 시작
[2022-09-23 10:35:05.060][I][AutoBaseFunction.py(wrapper):8] Parameter : 
[2022-09-23 10:35:05.061][I][AutoBaseFunction.py(wrapper):7] Screen.Menu_CreateExcel : new_excel_func 실행 시작
[2022-09-23 10:35:05.062][I][AutoBaseFunction.py(wrapper):8] Parameter : 
[2022-09-23 10:35:05.062][I][AutoBaseFunction.py(wrapper):14] Screen.Menu_CreateExcel : new_excel_func 실행 종료
[2022-09-23 10:35:05.063][I][AutoBaseFunction.py(wrapper):7] Screen.Menu_CreateExcel : set_excel_func 실행 시작
[2022-09-23 10:35:05.063][I][AutoBaseFunction.py(wrapper):8] Parameter : 
[2022-09-23 10:35:05.063][I][AutoBaseFunction.py(wrapper):14] Screen.Menu_CreateExcel : set_excel_func 실행 종료
[2022-09-23 10:35:05.064][I][AutoBaseFunction.py(wrapper):14] Screen.Menu_CreateExcel : setupUI_CreateExcel 실행 종료
[2022-09-23 10:35:05.064][I][AutoBaseFunction.py(wrapper):7] Screen.Setup_Field : setupUI_Field 실행 시작
[2022-09-23 10:35:05.065][I][AutoBaseFunction.py(wrapper):8] Parameter : 
[2022-09-23 10:35:05.065][I][AutoBaseFunction.py(wrapper):7] Screen.Setup_Field : set_data 실행 시작
[2022-09-23 10:35:05.065][I][AutoBaseFunction.py(wrapper):8] Parameter : 
[2022-09-23 10:35:05.066][I][AutoBaseFunction.py(wrapper):14] Screen.Setup_Field : set_data 실행 종료
[2022-09-23 10:35:05.328][I][AutoBaseFunction.py(wrapper):7] Screen.Setup_Field : set_data 실행 시작
[2022-09-23 10:35:05.328][I][AutoBaseFunction.py(wrapper):8] Parameter : 
[2022-09-23 10:35:05.329][I][AutoBaseFunction.py(wrapper):14] Screen.Setup_Field : set_data 실행 종료
[2022-09-23 10:35:05.329][I][AutoBaseFunction.py(wrapper):7] Screen.Setup_Field : set_data 실행 시작
[2022-09-23 10:35:05.330][I][AutoBaseFunction.py(wrapper):8] Parameter : 
[2022-09-23 10:35:05.330][I][AutoBaseFunction.py(wrapper):14] Screen.Setup_Field : set_data 실행 종료
[2022-09-23 10:35:05.330][I][AutoBaseFunction.py(wrapper):7] Screen.Setup_Field : set_data 실행 시작
[2022-09-23 10:35:05.331][I][AutoBaseFunction.py(wrapper):8] Parameter : 
[2022-09-23 10:35:05.331][I][AutoBaseFunction.py(wrapper):14] Screen.Setup_Field : set_data 실행 종료
[2022-09-23 10:35:05.332][I][AutoBaseFunction.py(wrapper):7] Screen.Setup_Field : set_data 실행 시작
[2022-09-23 10:35:05.332][I][AutoBaseFunction.py(wrapper):8] Parameter : 
[2022-09-23 10:35:05.332][I][AutoBaseFunction.py(wrapper):14] Screen.Setup_Field : set_data 실행 종료
[2022-09-23 10:35:05.333][I][AutoBaseFunction.py(wrapper):7] Screen.Setup_Field : set_data 실행 시작
[2022-09-23 10:35:05.333][I][AutoBaseFunction.py(wrapper):8] Parameter : 
[2022-09-23 10:35:05.334][I][AutoBaseFunction.py(wrapper):14] Screen.Setup_Field : set_data 실행 종료
[2022-09-23 10:35:05.334][I][AutoBaseFunction.py(wrapper):7] Screen.Setup_Field : sl_set_slot 실행 시작
[2022-09-23 10:35:05.334][I][AutoBaseFunction.py(wrapper):8] Parameter : 
[2022-09-23 10:35:05.334][I][AutoBaseFunction.py(wrapper):14] Screen.Setup_Field : sl_set_slot 실행 종료
[2022-09-23 10:35:05.335][I][AutoBaseFunction.py(wrapper):14] Screen.Setup_Field : setupUI_Field 실행 종료
[2022-09-23 10:35:05.335][I][AutoBaseFunction.py(wrapper):7] Screen.Setup_TestList : setupUI_TestList 실행 시작
[2022-09-23 10:35:05.335][I][AutoBaseFunction.py(wrapper):8] Parameter : 
[2022-09-23 10:35:05.336][I][AutoBaseFunction.py(wrapper):7] Screen.Setup_TestList : btn_set_slot 실행 시작
[2022-09-23 10:35:05.336][I][AutoBaseFunction.py(wrapper):8] Parameter : 
[2022-09-23 10:35:05.337][I][AutoBaseFunction.py(wrapper):14] Screen.Setup_TestList : btn_set_slot 실행 종료
[2022-09-23 10:35:05.337][I][AutoBaseFunction.py(wrapper):14] Screen.Setup_TestList : setupUI_TestList 실행 종료
[2022-09-23 10:35:05.337][I][AutoBaseFunction.py(wrapper):14] __main__ : __wigets_setupUi 실행 종료
[2022-09-23 10:35:06.174][I][AutoBaseFunction.py(wrapper):7] Screen.MainWindow : update_open_menu 실행 시작
[2022-09-23 10:35:06.174][I][AutoBaseFunction.py(wrapper):8] Parameter : 
[2022-09-23 10:35:06.175][I][AutoBaseFunction.py(wrapper):14] Screen.MainWindow : update_open_menu 실행 종료
[2022-09-23 10:35:07.382][I][AutoBaseFunction.py(wrapper):7] Screen.MainWindow : show_imgList 실행 시작
[2022-09-23 10:35:07.382][I][AutoBaseFunction.py(wrapper):8] Parameter : 한국어, True, True
