[2022-10-05 08:57:18.057][D][LogManager.py(Init):12] LogManager Init function called !!!
[2022-10-05 08:57:18.081][I][AutoBaseFunction.py(wrapper):10] Screen.MainWindow : setupUi 실행 시작
[2022-10-05 08:57:18.082][I][AutoBaseFunction.py(wrapper):11] Parameter : 
[2022-10-05 08:57:18.086][I][AutoBaseFunction.py(wrapper):10] Screen.MainWindow : set_field 실행 시작
[2022-10-05 08:57:18.087][I][AutoBaseFunction.py(wrapper):11] Parameter : 
[2022-10-05 08:57:18.118][I][AutoBaseFunction.py(wrapper):17] Screen.MainWindow : set_field 실행 종료
[2022-10-05 08:57:18.118][I][AutoBaseFunction.py(wrapper):10] Screen.MainWindow : setWidget_func 실행 시작
[2022-10-05 08:57:18.119][I][AutoBaseFunction.py(wrapper):11] Parameter : 
[2022-10-05 08:57:18.121][I][AutoBaseFunction.py(wrapper):17] Screen.MainWindow : setWidget_func 실행 종료
[2022-10-05 08:57:18.124][I][AutoBaseFunction.py(wrapper):17] Screen.MainWindow : setupUi 실행 종료
[2022-10-05 08:57:18.133][I][AutoBaseFunction.py(wrapper):10] __main__ : __set_slot 실행 시작
[2022-10-05 08:57:18.133][I][AutoBaseFunction.py(wrapper):11] Parameter : 
[2022-10-05 08:57:18.134][I][AutoBaseFunction.py(wrapper):17] __main__ : __set_slot 실행 종료
[2022-10-05 08:57:18.134][I][AutoBaseFunction.py(wrapper):10] __main__ : __wigets_setupUi 실행 시작
[2022-10-05 08:57:18.134][I][AutoBaseFunction.py(wrapper):11] Parameter : 
[2022-10-05 08:57:18.135][I][AutoBaseFunction.py(wrapper):10] Screen.Setup_Language : setupUI_Language 실행 시작
[2022-10-05 08:57:18.135][I][AutoBaseFunction.py(wrapper):11] Parameter : 
[2022-10-05 08:57:18.136][I][AutoBaseFunction.py(wrapper):10] Screen.Setup_Language : sl_set_slot 실행 시작
[2022-10-05 08:57:18.136][I][AutoBaseFunction.py(wrapper):11] Parameter : 
[2022-10-05 08:57:18.136][I][AutoBaseFunction.py(wrapper):17] Screen.Setup_Language : sl_set_slot 실행 종료
[2022-10-05 08:57:18.137][I][AutoBaseFunction.py(wrapper):17] Screen.Setup_Language : setupUI_Language 실행 종료
[2022-10-05 08:57:18.137][I][AutoBaseFunction.py(wrapper):10] Screen.Menu_CreateExcel : setupUI_CreateExcel 실행 시작
[2022-10-05 08:57:18.137][I][AutoBaseFunction.py(wrapper):11] Parameter : 
[2022-10-05 08:57:18.138][I][AutoBaseFunction.py(wrapper):10] Screen.Menu_CreateExcel : new_excel_func 실행 시작
[2022-10-05 08:57:18.138][I][AutoBaseFunction.py(wrapper):11] Parameter : 
[2022-10-05 08:57:18.139][I][AutoBaseFunction.py(wrapper):17] Screen.Menu_CreateExcel : new_excel_func 실행 종료
[2022-10-05 08:57:18.139][I][AutoBaseFunction.py(wrapper):10] Screen.Menu_CreateExcel : set_excel_func 실행 시작
[2022-10-05 08:57:18.139][I][AutoBaseFunction.py(wrapper):11] Parameter : 
[2022-10-05 08:57:18.140][I][AutoBaseFunction.py(wrapper):17] Screen.Menu_CreateExcel : set_excel_func 실행 종료
[2022-10-05 08:57:18.140][I][AutoBaseFunction.py(wrapper):17] Screen.Menu_CreateExcel : setupUI_CreateExcel 실행 종료
[2022-10-05 08:57:18.140][I][AutoBaseFunction.py(wrapper):10] Screen.Setup_Field : setupUI_Field 실행 시작
[2022-10-05 08:57:18.140][I][AutoBaseFunction.py(wrapper):11] Parameter : 
[2022-10-05 08:57:18.142][I][AutoBaseFunction.py(wrapper):10] Screen.Setup_Field : set_data 실행 시작
[2022-10-05 08:57:18.143][I][AutoBaseFunction.py(wrapper):11] Parameter : 
[2022-10-05 08:57:18.143][I][AutoBaseFunction.py(wrapper):17] Screen.Setup_Field : set_data 실행 종료
[2022-10-05 08:57:18.371][I][AutoBaseFunction.py(wrapper):10] Screen.Setup_Field : set_data 실행 시작
[2022-10-05 08:57:18.371][I][AutoBaseFunction.py(wrapper):11] Parameter : 
[2022-10-05 08:57:18.372][I][AutoBaseFunction.py(wrapper):17] Screen.Setup_Field : set_data 실행 종료
[2022-10-05 08:57:18.372][I][AutoBaseFunction.py(wrapper):10] Screen.Setup_Field : set_data 실행 시작
[2022-10-05 08:57:18.373][I][AutoBaseFunction.py(wrapper):11] Parameter : 
[2022-10-05 08:57:18.373][I][AutoBaseFunction.py(wrapper):17] Screen.Setup_Field : set_data 실행 종료
[2022-10-05 08:57:18.373][I][AutoBaseFunction.py(wrapper):10] Screen.Setup_Field : set_data 실행 시작
[2022-10-05 08:57:18.374][I][AutoBaseFunction.py(wrapper):11] Parameter : 
[2022-10-05 08:57:18.374][I][AutoBaseFunction.py(wrapper):17] Screen.Setup_Field : set_data 실행 종료
[2022-10-05 08:57:18.375][I][AutoBaseFunction.py(wrapper):10] Screen.Setup_Field : set_data 실행 시작
[2022-10-05 08:57:18.375][I][AutoBaseFunction.py(wrapper):11] Parameter : 
[2022-10-05 08:57:18.375][I][AutoBaseFunction.py(wrapper):17] Screen.Setup_Field : set_data 실행 종료
[2022-10-05 08:57:18.375][I][AutoBaseFunction.py(wrapper):10] Screen.Setup_Field : set_data 실행 시작
[2022-10-05 08:57:18.376][I][AutoBaseFunction.py(wrapper):11] Parameter : 
[2022-10-05 08:57:18.376][I][AutoBaseFunction.py(wrapper):17] Screen.Setup_Field : set_data 실행 종료
[2022-10-05 08:57:18.376][I][AutoBaseFunction.py(wrapper):10] Screen.Setup_Field : sl_set_slot 실행 시작
[2022-10-05 08:57:18.377][I][AutoBaseFunction.py(wrapper):11] Parameter : 
[2022-10-05 08:57:18.377][I][AutoBaseFunction.py(wrapper):17] Screen.Setup_Field : sl_set_slot 실행 종료
[2022-10-05 08:57:18.377][I][AutoBaseFunction.py(wrapper):17] Screen.Setup_Field : setupUI_Field 실행 종료
[2022-10-05 08:57:18.377][I][AutoBaseFunction.py(wrapper):10] Screen.Setup_TestList : setupUI_TestList 실행 시작
[2022-10-05 08:57:18.377][I][AutoBaseFunction.py(wrapper):11] Parameter : 
[2022-10-05 08:57:18.378][I][AutoBaseFunction.py(wrapper):10] Screen.Setup_TestList : btn_set_slot 실행 시작
[2022-10-05 08:57:18.379][I][AutoBaseFunction.py(wrapper):11] Parameter : 
[2022-10-05 08:57:18.379][I][AutoBaseFunction.py(wrapper):17] Screen.Setup_TestList : btn_set_slot 실행 종료
[2022-10-05 08:57:18.379][I][AutoBaseFunction.py(wrapper):17] Screen.Setup_TestList : setupUI_TestList 실행 종료
[2022-10-05 08:57:18.379][I][AutoBaseFunction.py(wrapper):17] __main__ : __wigets_setupUi 실행 종료
[2022-10-05 08:57:20.495][I][AutoBaseFunction.py(wrapper):10] __main__ : __tl_ui 실행 시작
[2022-10-05 08:57:20.496][I][AutoBaseFunction.py(wrapper):11] Parameter : False
[2022-10-05 08:57:20.496][I][AutoBaseFunction.py(wrapper):10] Screen.Setup_TestList : setTest_Button 실행 시작
[2022-10-05 08:57:20.496][I][AutoBaseFunction.py(wrapper):11] Parameter : 
[2022-10-05 08:57:20.499][I][AutoBaseFunction.py(wrapper):17] Screen.Setup_TestList : setTest_Button 실행 종료
[2022-10-05 08:57:20.513][I][AutoBaseFunction.py(wrapper):17] __main__ : __tl_ui 실행 종료
