[2022-09-23 10:01:03.675][D][LogManager.py(Init):12] LogManager Init function called !!!
[2022-09-23 10:01:03.687][I][AutoBaseFunction.py(wrapper):7] Screen.MainWindow : setupUi 실행 시작
[2022-09-23 10:01:03.687][I][AutoBaseFunction.py(wrapper):8] Parameter : 
[2022-09-23 10:01:03.705][I][AutoBaseFunction.py(wrapper):7] Screen.MainWindow : set_field 실행 시작
[2022-09-23 10:01:03.706][I][AutoBaseFunction.py(wrapper):8] Parameter : 
[2022-09-23 10:01:03.740][I][AutoBaseFunction.py(wrapper):13] Screen.MainWindow : set_field 실행 종료
[2022-09-23 10:01:03.741][I][AutoBaseFunction.py(wrapper):7] Screen.MainWindow : setWidget_func 실행 시작
[2022-09-23 10:01:03.741][I][AutoBaseFunction.py(wrapper):8] Parameter : 
[2022-09-23 10:01:03.755][I][AutoBaseFunction.py(wrapper):13] Screen.MainWindow : setWidget_func 실행 종료
[2022-09-23 10:01:03.758][I][AutoBaseFunction.py(wrapper):13] Screen.MainWindow : setupUi 실행 종료
[2022-09-23 10:01:03.764][I][AutoBaseFunction.py(wrapper):7] __main__ : __set_slot 실행 시작
[2022-09-23 10:01:03.764][I][AutoBaseFunction.py(wrapper):8] Parameter : 
[2022-09-23 10:01:03.764][I][AutoBaseFunction.py(wrapper):13] __main__ : __set_slot 실행 종료
[2022-09-23 10:01:03.765][I][AutoBaseFunction.py(wrapper):7] __main__ : __wigets_setupUi 실행 시작
[2022-09-23 10:01:03.765][I][AutoBaseFunction.py(wrapper):8] Parameter : 
[2022-09-23 10:01:03.765][I][AutoBaseFunction.py(wrapper):7] Screen.Setup_Language : setupUI_Language 실행 시작
[2022-09-23 10:01:03.765][I][AutoBaseFunction.py(wrapper):8] Parameter : 
[2022-09-23 10:01:03.766][I][AutoBaseFunction.py(wrapper):7] Screen.Setup_Language : sl_set_slot 실행 시작
[2022-09-23 10:01:03.766][I][AutoBaseFunction.py(wrapper):8] Parameter : 
[2022-09-23 10:01:03.766][I][AutoBaseFunction.py(wrapper):13] Screen.Setup_Language : sl_set_slot 실행 종료
[2022-09-23 10:01:03.767][I][AutoBaseFunction.py(wrapper):13] Screen.Setup_Language : setupUI_Language 실행 종료
[2022-09-23 10:01:03.767][I][AutoBaseFunction.py(wrapper):7] Screen.Menu_CreateExcel : setupUI_CreateExcel 실행 시작
[2022-09-23 10:01:03.767][I][AutoBaseFunction.py(wrapper):8] Parameter : 
[2022-09-23 10:01:03.768][I][AutoBaseFunction.py(wrapper):7] Screen.Menu_CreateExcel : new_excel_func 실행 시작
[2022-09-23 10:01:03.768][I][AutoBaseFunction.py(wrapper):8] Parameter : 
[2022-09-23 10:01:03.768][I][AutoBaseFunction.py(wrapper):13] Screen.Menu_CreateExcel : new_excel_func 실행 종료
[2022-09-23 10:01:03.769][I][AutoBaseFunction.py(wrapper):7] Screen.Menu_CreateExcel : set_excel_func 실행 시작
[2022-09-23 10:01:03.769][I][AutoBaseFunction.py(wrapper):8] Parameter : 
[2022-09-23 10:01:03.769][I][AutoBaseFunction.py(wrapper):13] Screen.Menu_CreateExcel : set_excel_func 실행 종료
[2022-09-23 10:01:03.770][I][AutoBaseFunction.py(wrapper):13] Screen.Menu_CreateExcel : setupUI_CreateExcel 실행 종료
[2022-09-23 10:01:03.770][I][AutoBaseFunction.py(wrapper):7] Screen.Setup_Field : setupUI_Field 실행 시작
[2022-09-23 10:01:03.770][I][AutoBaseFunction.py(wrapper):8] Parameter : 
[2022-09-23 10:01:03.770][I][AutoBaseFunction.py(wrapper):7] Screen.Setup_Field : set_data 실행 시작
[2022-09-23 10:01:03.770][I][AutoBaseFunction.py(wrapper):8] Parameter : 
[2022-09-23 10:01:03.771][I][AutoBaseFunction.py(wrapper):13] Screen.Setup_Field : set_data 실행 종료
[2022-09-23 10:01:04.027][I][AutoBaseFunction.py(wrapper):7] Screen.Setup_Field : set_data 실행 시작
[2022-09-23 10:01:04.028][I][AutoBaseFunction.py(wrapper):8] Parameter : 
[2022-09-23 10:01:04.028][I][AutoBaseFunction.py(wrapper):13] Screen.Setup_Field : set_data 실행 종료
[2022-09-23 10:01:04.028][I][AutoBaseFunction.py(wrapper):7] Screen.Setup_Field : set_data 실행 시작
[2022-09-23 10:01:04.029][I][AutoBaseFunction.py(wrapper):8] Parameter : 
[2022-09-23 10:01:04.029][I][AutoBaseFunction.py(wrapper):13] Screen.Setup_Field : set_data 실행 종료
[2022-09-23 10:01:04.029][I][AutoBaseFunction.py(wrapper):7] Screen.Setup_Field : set_data 실행 시작
[2022-09-23 10:01:04.030][I][AutoBaseFunction.py(wrapper):8] Parameter : 
[2022-09-23 10:01:04.030][I][AutoBaseFunction.py(wrapper):13] Screen.Setup_Field : set_data 실행 종료
[2022-09-23 10:01:04.030][I][AutoBaseFunction.py(wrapper):7] Screen.Setup_Field : set_data 실행 시작
[2022-09-23 10:01:04.031][I][AutoBaseFunction.py(wrapper):8] Parameter : 
[2022-09-23 10:01:04.031][I][AutoBaseFunction.py(wrapper):13] Screen.Setup_Field : set_data 실행 종료
[2022-09-23 10:01:04.031][I][AutoBaseFunction.py(wrapper):7] Screen.Setup_Field : set_data 실행 시작
[2022-09-23 10:01:04.031][I][AutoBaseFunction.py(wrapper):8] Parameter : 
[2022-09-23 10:01:04.032][I][AutoBaseFunction.py(wrapper):13] Screen.Setup_Field : set_data 실행 종료
[2022-09-23 10:01:04.032][I][AutoBaseFunction.py(wrapper):7] Screen.Setup_Field : sl_set_slot 실행 시작
[2022-09-23 10:01:04.032][I][AutoBaseFunction.py(wrapper):8] Parameter : 
[2022-09-23 10:01:04.033][I][AutoBaseFunction.py(wrapper):13] Screen.Setup_Field : sl_set_slot 실행 종료
[2022-09-23 10:01:04.033][I][AutoBaseFunction.py(wrapper):13] Screen.Setup_Field : setupUI_Field 실행 종료
[2022-09-23 10:01:04.034][I][AutoBaseFunction.py(wrapper):7] Screen.Setup_TestList : setupUI_TestList 실행 시작
[2022-09-23 10:01:04.034][I][AutoBaseFunction.py(wrapper):8] Parameter : 
[2022-09-23 10:01:04.036][I][AutoBaseFunction.py(wrapper):7] Screen.Setup_TestList : btn_set_slot 실행 시작
[2022-09-23 10:01:04.037][I][AutoBaseFunction.py(wrapper):8] Parameter : 
[2022-09-23 10:01:04.037][I][AutoBaseFunction.py(wrapper):13] Screen.Setup_TestList : btn_set_slot 실행 종료
[2022-09-23 10:01:04.037][I][AutoBaseFunction.py(wrapper):13] Screen.Setup_TestList : setupUI_TestList 실행 종료
[2022-09-23 10:01:04.038][I][AutoBaseFunction.py(wrapper):13] __main__ : __wigets_setupUi 실행 종료
[2022-09-23 10:01:05.488][I][AutoBaseFunction.py(wrapper):7] Screen.MainWindow : update_open_menu 실행 시작
[2022-09-23 10:01:05.488][I][AutoBaseFunction.py(wrapper):8] Parameter : 
[2022-09-23 10:01:05.489][I][AutoBaseFunction.py(wrapper):13] Screen.MainWindow : update_open_menu 실행 종료
[2022-09-23 10:01:07.318][I][AutoBaseFunction.py(wrapper):7] Screen.MainWindow : show_imgList 실행 시작
[2022-09-23 10:01:07.319][I][AutoBaseFunction.py(wrapper):8] Parameter : ('한국어', 'D:/test/TestList_CSV/2022_skillup'), True, True
