[2022-09-26 16:04:18.961][D][LogManager.py(Init):12] LogManager Init function called !!!
[2022-09-26 16:04:18.979][I][AutoBaseFunction.py(wrapper):7] Screen.MainWindow : setupUi 실행 시작
[2022-09-26 16:04:18.979][I][AutoBaseFunction.py(wrapper):8] Parameter : 
[2022-09-26 16:04:18.999][I][AutoBaseFunction.py(wrapper):7] Screen.MainWindow : set_field 실행 시작
[2022-09-26 16:04:18.999][I][AutoBaseFunction.py(wrapper):8] Parameter : 
[2022-09-26 16:04:19.031][I][AutoBaseFunction.py(wrapper):14] Screen.MainWindow : set_field 실행 종료
[2022-09-26 16:04:19.031][I][AutoBaseFunction.py(wrapper):7] Screen.MainWindow : setWidget_func 실행 시작
[2022-09-26 16:04:19.032][I][AutoBaseFunction.py(wrapper):8] Parameter : 
[2022-09-26 16:04:19.034][I][AutoBaseFunction.py(wrapper):14] Screen.MainWindow : setWidget_func 실행 종료
[2022-09-26 16:04:19.036][I][AutoBaseFunction.py(wrapper):14] Screen.MainWindow : setupUi 실행 종료
[2022-09-26 16:04:19.049][I][AutoBaseFunction.py(wrapper):7] __main__ : __set_slot 실행 시작
[2022-09-26 16:04:19.050][I][AutoBaseFunction.py(wrapper):8] Parameter : 
[2022-09-26 16:04:19.050][I][AutoBaseFunction.py(wrapper):14] __main__ : __set_slot 실행 종료
[2022-09-26 16:04:19.051][I][AutoBaseFunction.py(wrapper):7] __main__ : __wigets_setupUi 실행 시작
[2022-09-26 16:04:19.051][I][AutoBaseFunction.py(wrapper):8] Parameter : 
[2022-09-26 16:04:19.051][I][AutoBaseFunction.py(wrapper):7] Screen.Setup_Language : setupUI_Language 실행 시작
[2022-09-26 16:04:19.052][I][AutoBaseFunction.py(wrapper):8] Parameter : 
[2022-09-26 16:04:19.052][I][AutoBaseFunction.py(wrapper):7] Screen.Setup_Language : sl_set_slot 실행 시작
[2022-09-26 16:04:19.052][I][AutoBaseFunction.py(wrapper):8] Parameter : 
[2022-09-26 16:04:19.053][I][AutoBaseFunction.py(wrapper):14] Screen.Setup_Language : sl_set_slot 실행 종료
[2022-09-26 16:04:19.053][I][AutoBaseFunction.py(wrapper):14] Screen.Setup_Language : setupUI_Language 실행 종료
[2022-09-26 16:04:19.053][I][AutoBaseFunction.py(wrapper):7] Screen.Menu_CreateExcel : setupUI_CreateExcel 실행 시작
[2022-09-26 16:04:19.054][I][AutoBaseFunction.py(wrapper):8] Parameter : 
[2022-09-26 16:04:19.054][I][AutoBaseFunction.py(wrapper):7] Screen.Menu_CreateExcel : new_excel_func 실행 시작
[2022-09-26 16:04:19.055][I][AutoBaseFunction.py(wrapper):8] Parameter : 
[2022-09-26 16:04:19.055][I][AutoBaseFunction.py(wrapper):14] Screen.Menu_CreateExcel : new_excel_func 실행 종료
[2022-09-26 16:04:19.055][I][AutoBaseFunction.py(wrapper):7] Screen.Menu_CreateExcel : set_excel_func 실행 시작
[2022-09-26 16:04:19.057][I][AutoBaseFunction.py(wrapper):8] Parameter : 
[2022-09-26 16:04:19.057][I][AutoBaseFunction.py(wrapper):14] Screen.Menu_CreateExcel : set_excel_func 실행 종료
[2022-09-26 16:04:19.058][I][AutoBaseFunction.py(wrapper):14] Screen.Menu_CreateExcel : setupUI_CreateExcel 실행 종료
[2022-09-26 16:04:19.058][I][AutoBaseFunction.py(wrapper):7] Screen.Setup_Field : setupUI_Field 실행 시작
[2022-09-26 16:04:19.058][I][AutoBaseFunction.py(wrapper):8] Parameter : 
[2022-09-26 16:04:19.060][I][AutoBaseFunction.py(wrapper):7] Screen.Setup_Field : set_data 실행 시작
[2022-09-26 16:04:19.060][I][AutoBaseFunction.py(wrapper):8] Parameter : 
[2022-09-26 16:04:19.061][I][AutoBaseFunction.py(wrapper):14] Screen.Setup_Field : set_data 실행 종료
[2022-09-26 16:04:19.297][I][AutoBaseFunction.py(wrapper):7] Screen.Setup_Field : set_data 실행 시작
[2022-09-26 16:04:19.297][I][AutoBaseFunction.py(wrapper):8] Parameter : 
[2022-09-26 16:04:19.298][I][AutoBaseFunction.py(wrapper):14] Screen.Setup_Field : set_data 실행 종료
[2022-09-26 16:04:19.298][I][AutoBaseFunction.py(wrapper):7] Screen.Setup_Field : set_data 실행 시작
[2022-09-26 16:04:19.299][I][AutoBaseFunction.py(wrapper):8] Parameter : 
[2022-09-26 16:04:19.299][I][AutoBaseFunction.py(wrapper):14] Screen.Setup_Field : set_data 실행 종료
[2022-09-26 16:04:19.300][I][AutoBaseFunction.py(wrapper):7] Screen.Setup_Field : set_data 실행 시작
[2022-09-26 16:04:19.300][I][AutoBaseFunction.py(wrapper):8] Parameter : 
[2022-09-26 16:04:19.300][I][AutoBaseFunction.py(wrapper):14] Screen.Setup_Field : set_data 실행 종료
[2022-09-26 16:04:19.301][I][AutoBaseFunction.py(wrapper):7] Screen.Setup_Field : set_data 실행 시작
[2022-09-26 16:04:19.301][I][AutoBaseFunction.py(wrapper):8] Parameter : 
[2022-09-26 16:04:19.301][I][AutoBaseFunction.py(wrapper):14] Screen.Setup_Field : set_data 실행 종료
[2022-09-26 16:04:19.301][I][AutoBaseFunction.py(wrapper):7] Screen.Setup_Field : set_data 실행 시작
[2022-09-26 16:04:19.302][I][AutoBaseFunction.py(wrapper):8] Parameter : 
[2022-09-26 16:04:19.302][I][AutoBaseFunction.py(wrapper):14] Screen.Setup_Field : set_data 실행 종료
[2022-09-26 16:04:19.303][I][AutoBaseFunction.py(wrapper):7] Screen.Setup_Field : sl_set_slot 실행 시작
[2022-09-26 16:04:19.303][I][AutoBaseFunction.py(wrapper):8] Parameter : 
[2022-09-26 16:04:19.303][I][AutoBaseFunction.py(wrapper):14] Screen.Setup_Field : sl_set_slot 실행 종료
[2022-09-26 16:04:19.303][I][AutoBaseFunction.py(wrapper):14] Screen.Setup_Field : setupUI_Field 실행 종료
[2022-09-26 16:04:19.304][I][AutoBaseFunction.py(wrapper):7] Screen.Setup_TestList : setupUI_TestList 실행 시작
[2022-09-26 16:04:19.304][I][AutoBaseFunction.py(wrapper):8] Parameter : 
[2022-09-26 16:04:19.305][I][AutoBaseFunction.py(wrapper):7] Screen.Setup_TestList : btn_set_slot 실행 시작
[2022-09-26 16:04:19.305][I][AutoBaseFunction.py(wrapper):8] Parameter : 
[2022-09-26 16:04:19.306][I][AutoBaseFunction.py(wrapper):14] Screen.Setup_TestList : btn_set_slot 실행 종료
[2022-09-26 16:04:19.306][I][AutoBaseFunction.py(wrapper):14] Screen.Setup_TestList : setupUI_TestList 실행 종료
[2022-09-26 16:04:19.306][I][AutoBaseFunction.py(wrapper):14] __main__ : __wigets_setupUi 실행 종료
[2022-09-26 16:04:20.752][I][AutoBaseFunction.py(wrapper):7] Screen.MainWindow : update_open_menu 실행 시작
[2022-09-26 16:04:20.752][I][AutoBaseFunction.py(wrapper):8] Parameter : 
[2022-09-26 16:04:20.754][I][AutoBaseFunction.py(wrapper):14] Screen.MainWindow : update_open_menu 실행 종료
[2022-09-26 16:04:22.133][I][AutoBaseFunction.py(wrapper):7] __main__ : __ce_ui 실행 시작
[2022-09-26 16:04:22.134][I][AutoBaseFunction.py(wrapper):8] Parameter : False
[2022-09-26 16:04:22.158][I][AutoBaseFunction.py(wrapper):14] __main__ : __ce_ui 실행 종료
[2022-09-26 16:04:23.964][I][AutoBaseFunction.py(wrapper):7] Screen.Menu_CreateExcel : func_set_excel_groupBox 실행 시작
[2022-09-26 16:04:23.964][I][AutoBaseFunction.py(wrapper):8] Parameter : 
[2022-09-26 16:04:23.964][I][AutoBaseFunction.py(wrapper):14] Screen.Menu_CreateExcel : func_set_excel_groupBox 실행 종료
[2022-09-26 16:04:27.260][I][AutoBaseFunction.py(wrapper):7] Screen.Menu_CreateExcel : func_new_excel_groupBox 실행 시작
[2022-09-26 16:04:27.261][I][AutoBaseFunction.py(wrapper):8] Parameter : 
[2022-09-26 16:04:27.261][I][AutoBaseFunction.py(wrapper):14] Screen.Menu_CreateExcel : func_new_excel_groupBox 실행 종료
[2022-09-26 16:04:29.133][I][AutoBaseFunction.py(wrapper):7] Screen.Menu_CreateExcel : func_set_excel_groupBox 실행 시작
[2022-09-26 16:04:29.134][I][AutoBaseFunction.py(wrapper):8] Parameter : 
[2022-09-26 16:04:29.134][I][AutoBaseFunction.py(wrapper):14] Screen.Menu_CreateExcel : func_set_excel_groupBox 실행 종료
