[2022-09-23 17:14:34.856][D][LogManager.py(Init):12] LogManager Init function called !!!
[2022-09-23 17:14:34.868][I][AutoBaseFunction.py(wrapper):7] Screen.MainWindow : setupUi 실행 시작
[2022-09-23 17:14:34.868][I][AutoBaseFunction.py(wrapper):8] Parameter : 
[2022-09-23 17:14:34.884][I][AutoBaseFunction.py(wrapper):7] Screen.MainWindow : set_field 실행 시작
[2022-09-23 17:14:34.884][I][AutoBaseFunction.py(wrapper):8] Parameter : 
[2022-09-23 17:14:34.908][I][AutoBaseFunction.py(wrapper):14] Screen.MainWindow : set_field 실행 종료
[2022-09-23 17:14:34.909][I][AutoBaseFunction.py(wrapper):7] Screen.MainWindow : setWidget_func 실행 시작
[2022-09-23 17:14:34.909][I][AutoBaseFunction.py(wrapper):8] Parameter : 
[2022-09-23 17:14:34.911][I][AutoBaseFunction.py(wrapper):14] Screen.MainWindow : setWidget_func 실행 종료
[2022-09-23 17:14:34.913][I][AutoBaseFunction.py(wrapper):14] Screen.MainWindow : setupUi 실행 종료
[2022-09-23 17:14:34.921][I][AutoBaseFunction.py(wrapper):7] __main__ : __set_slot 실행 시작
[2022-09-23 17:14:34.922][I][AutoBaseFunction.py(wrapper):8] Parameter : 
[2022-09-23 17:14:34.922][I][AutoBaseFunction.py(wrapper):14] __main__ : __set_slot 실행 종료
[2022-09-23 17:14:34.923][I][AutoBaseFunction.py(wrapper):7] __main__ : __wigets_setupUi 실행 시작
[2022-09-23 17:14:34.923][I][AutoBaseFunction.py(wrapper):8] Parameter : 
[2022-09-23 17:14:34.923][I][AutoBaseFunction.py(wrapper):7] Screen.Setup_Language : setupUI_Language 실행 시작
[2022-09-23 17:14:34.924][I][AutoBaseFunction.py(wrapper):8] Parameter : 
[2022-09-23 17:14:34.924][I][AutoBaseFunction.py(wrapper):7] Screen.Setup_Language : sl_set_slot 실행 시작
[2022-09-23 17:14:34.924][I][AutoBaseFunction.py(wrapper):8] Parameter : 
[2022-09-23 17:14:34.925][I][AutoBaseFunction.py(wrapper):14] Screen.Setup_Language : sl_set_slot 실행 종료
[2022-09-23 17:14:34.925][I][AutoBaseFunction.py(wrapper):14] Screen.Setup_Language : setupUI_Language 실행 종료
[2022-09-23 17:14:34.926][I][AutoBaseFunction.py(wrapper):7] Screen.Menu_CreateExcel : setupUI_CreateExcel 실행 시작
[2022-09-23 17:14:34.926][I][AutoBaseFunction.py(wrapper):8] Parameter : 
[2022-09-23 17:14:34.927][I][AutoBaseFunction.py(wrapper):7] Screen.Menu_CreateExcel : new_excel_func 실행 시작
[2022-09-23 17:14:34.928][I][AutoBaseFunction.py(wrapper):8] Parameter : 
[2022-09-23 17:14:34.928][I][AutoBaseFunction.py(wrapper):14] Screen.Menu_CreateExcel : new_excel_func 실행 종료
[2022-09-23 17:14:34.929][I][AutoBaseFunction.py(wrapper):7] Screen.Menu_CreateExcel : set_excel_func 실행 시작
[2022-09-23 17:14:34.929][I][AutoBaseFunction.py(wrapper):8] Parameter : 
[2022-09-23 17:14:34.930][I][AutoBaseFunction.py(wrapper):14] Screen.Menu_CreateExcel : set_excel_func 실행 종료
[2022-09-23 17:14:34.930][I][AutoBaseFunction.py(wrapper):14] Screen.Menu_CreateExcel : setupUI_CreateExcel 실행 종료
[2022-09-23 17:14:34.930][I][AutoBaseFunction.py(wrapper):7] Screen.Setup_Field : setupUI_Field 실행 시작
[2022-09-23 17:14:34.931][I][AutoBaseFunction.py(wrapper):8] Parameter : 
[2022-09-23 17:14:34.931][I][AutoBaseFunction.py(wrapper):7] Screen.Setup_Field : set_data 실행 시작
[2022-09-23 17:14:34.932][I][AutoBaseFunction.py(wrapper):8] Parameter : 
[2022-09-23 17:14:34.932][I][AutoBaseFunction.py(wrapper):14] Screen.Setup_Field : set_data 실행 종료
[2022-09-23 17:14:35.170][I][AutoBaseFunction.py(wrapper):7] Screen.Setup_Field : set_data 실행 시작
[2022-09-23 17:14:35.170][I][AutoBaseFunction.py(wrapper):8] Parameter : 
[2022-09-23 17:14:35.171][I][AutoBaseFunction.py(wrapper):14] Screen.Setup_Field : set_data 실행 종료
[2022-09-23 17:14:35.171][I][AutoBaseFunction.py(wrapper):7] Screen.Setup_Field : set_data 실행 시작
[2022-09-23 17:14:35.171][I][AutoBaseFunction.py(wrapper):8] Parameter : 
[2022-09-23 17:14:35.172][I][AutoBaseFunction.py(wrapper):14] Screen.Setup_Field : set_data 실행 종료
[2022-09-23 17:14:35.172][I][AutoBaseFunction.py(wrapper):7] Screen.Setup_Field : set_data 실행 시작
[2022-09-23 17:14:35.172][I][AutoBaseFunction.py(wrapper):8] Parameter : 
[2022-09-23 17:14:35.173][I][AutoBaseFunction.py(wrapper):14] Screen.Setup_Field : set_data 실행 종료
[2022-09-23 17:14:35.173][I][AutoBaseFunction.py(wrapper):7] Screen.Setup_Field : set_data 실행 시작
[2022-09-23 17:14:35.173][I][AutoBaseFunction.py(wrapper):8] Parameter : 
[2022-09-23 17:14:35.174][I][AutoBaseFunction.py(wrapper):14] Screen.Setup_Field : set_data 실행 종료
[2022-09-23 17:14:35.174][I][AutoBaseFunction.py(wrapper):7] Screen.Setup_Field : set_data 실행 시작
[2022-09-23 17:14:35.174][I][AutoBaseFunction.py(wrapper):8] Parameter : 
[2022-09-23 17:14:35.175][I][AutoBaseFunction.py(wrapper):14] Screen.Setup_Field : set_data 실행 종료
[2022-09-23 17:14:35.175][I][AutoBaseFunction.py(wrapper):7] Screen.Setup_Field : sl_set_slot 실행 시작
[2022-09-23 17:14:35.175][I][AutoBaseFunction.py(wrapper):8] Parameter : 
[2022-09-23 17:14:35.176][I][AutoBaseFunction.py(wrapper):14] Screen.Setup_Field : sl_set_slot 실행 종료
[2022-09-23 17:14:35.176][I][AutoBaseFunction.py(wrapper):14] Screen.Setup_Field : setupUI_Field 실행 종료
[2022-09-23 17:14:35.176][I][AutoBaseFunction.py(wrapper):7] Screen.Setup_TestList : setupUI_TestList 실행 시작
[2022-09-23 17:14:35.176][I][AutoBaseFunction.py(wrapper):8] Parameter : 
[2022-09-23 17:14:35.178][I][AutoBaseFunction.py(wrapper):7] Screen.Setup_TestList : btn_set_slot 실행 시작
[2022-09-23 17:14:35.178][I][AutoBaseFunction.py(wrapper):8] Parameter : 
[2022-09-23 17:14:35.179][I][AutoBaseFunction.py(wrapper):14] Screen.Setup_TestList : btn_set_slot 실행 종료
[2022-09-23 17:14:35.179][I][AutoBaseFunction.py(wrapper):14] Screen.Setup_TestList : setupUI_TestList 실행 종료
[2022-09-23 17:14:35.180][I][AutoBaseFunction.py(wrapper):14] __main__ : __wigets_setupUi 실행 종료
[2022-09-23 17:14:38.497][I][AutoBaseFunction.py(wrapper):7] Screen.MainWindow : update_open_menu 실행 시작
[2022-09-23 17:14:38.497][I][AutoBaseFunction.py(wrapper):8] Parameter : 
[2022-09-23 17:14:38.498][I][AutoBaseFunction.py(wrapper):14] Screen.MainWindow : update_open_menu 실행 종료
[2022-09-23 17:14:39.613][I][AutoBaseFunction.py(wrapper):7] Screen.MainWindow : show_imgList 실행 시작
[2022-09-23 17:14:39.613][I][AutoBaseFunction.py(wrapper):8] Parameter : ('한국어', 'D:/test/TestList_CSV/2022_skillup'), True, True
[2022-09-23 17:14:39.630][I][AutoBaseFunction.py(wrapper):7] Screen.MainWindow : qbutton_clicked 실행 시작
[2022-09-23 17:14:39.630][I][AutoBaseFunction.py(wrapper):8] Parameter : None, 0, <Screen.MainWindow.QPushButtonIcon object at 0x000001DEDC80FB88>, False
[2022-09-23 17:14:39.643][I][AutoBaseFunction.py(wrapper):14] Screen.MainWindow : qbutton_clicked 실행 종료
[2022-09-23 17:14:39.643][I][AutoBaseFunction.py(wrapper):14] Screen.MainWindow : show_imgList 실행 종료
[2022-09-23 17:14:40.937][I][AutoBaseFunction.py(wrapper):7] Screen.MainWindow : qbutton_clicked 실행 시작
[2022-09-23 17:14:40.938][I][AutoBaseFunction.py(wrapper):8] Parameter : None, 1, <Screen.MainWindow.QPushButtonIcon object at 0x000001DEDC80F798>, False
[2022-09-23 17:14:40.940][I][AutoBaseFunction.py(wrapper):14] Screen.MainWindow : qbutton_clicked 실행 종료
[2022-09-23 17:14:41.217][I][AutoBaseFunction.py(wrapper):7] Screen.MainWindow : qbutton_clicked 실행 시작
[2022-09-23 17:14:41.217][I][AutoBaseFunction.py(wrapper):8] Parameter : None, 2, <Screen.MainWindow.QPushButtonIcon object at 0x000001DEDC80FEE8>, False
[2022-09-23 17:14:41.220][I][AutoBaseFunction.py(wrapper):14] Screen.MainWindow : qbutton_clicked 실행 종료
[2022-09-23 17:14:41.537][I][AutoBaseFunction.py(wrapper):7] Screen.MainWindow : qbutton_clicked 실행 시작
[2022-09-23 17:14:41.538][I][AutoBaseFunction.py(wrapper):8] Parameter : None, 2, <Screen.MainWindow.QPushButtonIcon object at 0x000001DEDC80FEE8>, False
[2022-09-23 17:14:41.539][I][AutoBaseFunction.py(wrapper):14] Screen.MainWindow : qbutton_clicked 실행 종료
[2022-09-23 17:14:41.785][I][AutoBaseFunction.py(wrapper):7] Screen.MainWindow : qbutton_clicked 실행 시작
[2022-09-23 17:14:41.786][I][AutoBaseFunction.py(wrapper):8] Parameter : None, 3, <Screen.MainWindow.QPushButtonIcon object at 0x000001DEDC8161F8>, False
[2022-09-23 17:14:41.789][I][AutoBaseFunction.py(wrapper):14] Screen.MainWindow : qbutton_clicked 실행 종료
[2022-09-23 17:14:42.081][I][AutoBaseFunction.py(wrapper):7] Screen.MainWindow : qbutton_clicked 실행 시작
[2022-09-23 17:14:42.081][I][AutoBaseFunction.py(wrapper):8] Parameter : None, 4, <Screen.MainWindow.QPushButtonIcon object at 0x000001DEDC816828>, False
[2022-09-23 17:14:42.084][I][AutoBaseFunction.py(wrapper):14] Screen.MainWindow : qbutton_clicked 실행 종료
[2022-09-23 17:14:42.362][I][AutoBaseFunction.py(wrapper):7] Screen.MainWindow : qbutton_clicked 실행 시작
[2022-09-23 17:14:42.362][I][AutoBaseFunction.py(wrapper):8] Parameter : None, 4, <Screen.MainWindow.QPushButtonIcon object at 0x000001DEDC816828>, False
[2022-09-23 17:14:42.363][I][AutoBaseFunction.py(wrapper):14] Screen.MainWindow : qbutton_clicked 실행 종료
[2022-09-23 17:14:42.682][I][AutoBaseFunction.py(wrapper):7] Screen.MainWindow : qbutton_clicked 실행 시작
[2022-09-23 17:14:42.682][I][AutoBaseFunction.py(wrapper):8] Parameter : None, 5, <Screen.MainWindow.QPushButtonIcon object at 0x000001DEDC816DC8>, False
[2022-09-23 17:14:42.685][I][AutoBaseFunction.py(wrapper):14] Screen.MainWindow : qbutton_clicked 실행 종료
[2022-09-23 17:14:44.946][I][AutoBaseFunction.py(wrapper):7] Screen.MainWindow : allPass_clicked 실행 시작
[2022-09-23 17:14:44.946][I][AutoBaseFunction.py(wrapper):8] Parameter : False
