[2022-09-23 17:24:08.013][D][LogManager.py(Init):12] LogManager Init function called !!!
[2022-09-23 17:24:08.026][I][AutoBaseFunction.py(wrapper):7] Screen.MainWindow : setupUi 실행 시작
[2022-09-23 17:24:08.026][I][AutoBaseFunction.py(wrapper):8] Parameter : 
[2022-09-23 17:24:08.042][I][AutoBaseFunction.py(wrapper):7] Screen.MainWindow : set_field 실행 시작
[2022-09-23 17:24:08.042][I][AutoBaseFunction.py(wrapper):8] Parameter : 
[2022-09-23 17:24:08.075][I][AutoBaseFunction.py(wrapper):14] Screen.MainWindow : set_field 실행 종료
[2022-09-23 17:24:08.076][I][AutoBaseFunction.py(wrapper):7] Screen.MainWindow : setWidget_func 실행 시작
[2022-09-23 17:24:08.077][I][AutoBaseFunction.py(wrapper):8] Parameter : 
[2022-09-23 17:24:08.079][I][AutoBaseFunction.py(wrapper):14] Screen.MainWindow : setWidget_func 실행 종료
[2022-09-23 17:24:08.082][I][AutoBaseFunction.py(wrapper):14] Screen.MainWindow : setupUi 실행 종료
[2022-09-23 17:24:08.088][I][AutoBaseFunction.py(wrapper):7] __main__ : __set_slot 실행 시작
[2022-09-23 17:24:08.088][I][AutoBaseFunction.py(wrapper):8] Parameter : 
[2022-09-23 17:24:08.089][I][AutoBaseFunction.py(wrapper):14] __main__ : __set_slot 실행 종료
[2022-09-23 17:24:08.089][I][AutoBaseFunction.py(wrapper):7] __main__ : __wigets_setupUi 실행 시작
[2022-09-23 17:24:08.089][I][AutoBaseFunction.py(wrapper):8] Parameter : 
[2022-09-23 17:24:08.089][I][AutoBaseFunction.py(wrapper):7] Screen.Setup_Language : setupUI_Language 실행 시작
[2022-09-23 17:24:08.090][I][AutoBaseFunction.py(wrapper):8] Parameter : 
[2022-09-23 17:24:08.090][I][AutoBaseFunction.py(wrapper):7] Screen.Setup_Language : sl_set_slot 실행 시작
[2022-09-23 17:24:08.091][I][AutoBaseFunction.py(wrapper):8] Parameter : 
[2022-09-23 17:24:08.091][I][AutoBaseFunction.py(wrapper):14] Screen.Setup_Language : sl_set_slot 실행 종료
[2022-09-23 17:24:08.091][I][AutoBaseFunction.py(wrapper):14] Screen.Setup_Language : setupUI_Language 실행 종료
[2022-09-23 17:24:08.092][I][AutoBaseFunction.py(wrapper):7] Screen.Menu_CreateExcel : setupUI_CreateExcel 실행 시작
[2022-09-23 17:24:08.092][I][AutoBaseFunction.py(wrapper):8] Parameter : 
[2022-09-23 17:24:08.093][I][AutoBaseFunction.py(wrapper):7] Screen.Menu_CreateExcel : new_excel_func 실행 시작
[2022-09-23 17:24:08.093][I][AutoBaseFunction.py(wrapper):8] Parameter : 
[2022-09-23 17:24:08.094][I][AutoBaseFunction.py(wrapper):14] Screen.Menu_CreateExcel : new_excel_func 실행 종료
[2022-09-23 17:24:08.094][I][AutoBaseFunction.py(wrapper):7] Screen.Menu_CreateExcel : set_excel_func 실행 시작
[2022-09-23 17:24:08.094][I][AutoBaseFunction.py(wrapper):8] Parameter : 
[2022-09-23 17:24:08.096][I][AutoBaseFunction.py(wrapper):14] Screen.Menu_CreateExcel : set_excel_func 실행 종료
[2022-09-23 17:24:08.096][I][AutoBaseFunction.py(wrapper):14] Screen.Menu_CreateExcel : setupUI_CreateExcel 실행 종료
[2022-09-23 17:24:08.096][I][AutoBaseFunction.py(wrapper):7] Screen.Setup_Field : setupUI_Field 실행 시작
[2022-09-23 17:24:08.096][I][AutoBaseFunction.py(wrapper):8] Parameter : 
[2022-09-23 17:24:08.097][I][AutoBaseFunction.py(wrapper):7] Screen.Setup_Field : set_data 실행 시작
[2022-09-23 17:24:08.097][I][AutoBaseFunction.py(wrapper):8] Parameter : 
[2022-09-23 17:24:08.098][I][AutoBaseFunction.py(wrapper):14] Screen.Setup_Field : set_data 실행 종료
[2022-09-23 17:24:08.343][I][AutoBaseFunction.py(wrapper):7] Screen.Setup_Field : set_data 실행 시작
[2022-09-23 17:24:08.344][I][AutoBaseFunction.py(wrapper):8] Parameter : 
[2022-09-23 17:24:08.345][I][AutoBaseFunction.py(wrapper):14] Screen.Setup_Field : set_data 실행 종료
[2022-09-23 17:24:08.345][I][AutoBaseFunction.py(wrapper):7] Screen.Setup_Field : set_data 실행 시작
[2022-09-23 17:24:08.345][I][AutoBaseFunction.py(wrapper):8] Parameter : 
[2022-09-23 17:24:08.346][I][AutoBaseFunction.py(wrapper):14] Screen.Setup_Field : set_data 실행 종료
[2022-09-23 17:24:08.347][I][AutoBaseFunction.py(wrapper):7] Screen.Setup_Field : set_data 실행 시작
[2022-09-23 17:24:08.347][I][AutoBaseFunction.py(wrapper):8] Parameter : 
[2022-09-23 17:24:08.348][I][AutoBaseFunction.py(wrapper):14] Screen.Setup_Field : set_data 실행 종료
[2022-09-23 17:24:08.348][I][AutoBaseFunction.py(wrapper):7] Screen.Setup_Field : set_data 실행 시작
[2022-09-23 17:24:08.349][I][AutoBaseFunction.py(wrapper):8] Parameter : 
[2022-09-23 17:24:08.349][I][AutoBaseFunction.py(wrapper):14] Screen.Setup_Field : set_data 실행 종료
[2022-09-23 17:24:08.350][I][AutoBaseFunction.py(wrapper):7] Screen.Setup_Field : set_data 실행 시작
[2022-09-23 17:24:08.350][I][AutoBaseFunction.py(wrapper):8] Parameter : 
[2022-09-23 17:24:08.351][I][AutoBaseFunction.py(wrapper):14] Screen.Setup_Field : set_data 실행 종료
[2022-09-23 17:24:08.352][I][AutoBaseFunction.py(wrapper):7] Screen.Setup_Field : sl_set_slot 실행 시작
[2022-09-23 17:24:08.353][I][AutoBaseFunction.py(wrapper):8] Parameter : 
[2022-09-23 17:24:08.353][I][AutoBaseFunction.py(wrapper):14] Screen.Setup_Field : sl_set_slot 실행 종료
[2022-09-23 17:24:08.354][I][AutoBaseFunction.py(wrapper):14] Screen.Setup_Field : setupUI_Field 실행 종료
[2022-09-23 17:24:08.354][I][AutoBaseFunction.py(wrapper):7] Screen.Setup_TestList : setupUI_TestList 실행 시작
[2022-09-23 17:24:08.354][I][AutoBaseFunction.py(wrapper):8] Parameter : 
[2022-09-23 17:24:08.356][I][AutoBaseFunction.py(wrapper):7] Screen.Setup_TestList : btn_set_slot 실행 시작
[2022-09-23 17:24:08.356][I][AutoBaseFunction.py(wrapper):8] Parameter : 
[2022-09-23 17:24:08.357][I][AutoBaseFunction.py(wrapper):14] Screen.Setup_TestList : btn_set_slot 실행 종료
[2022-09-23 17:24:08.358][I][AutoBaseFunction.py(wrapper):14] Screen.Setup_TestList : setupUI_TestList 실행 종료
[2022-09-23 17:24:08.358][I][AutoBaseFunction.py(wrapper):14] __main__ : __wigets_setupUi 실행 종료
[2022-09-23 17:24:09.687][I][AutoBaseFunction.py(wrapper):7] __main__ : __sf_ui 실행 시작
[2022-09-23 17:24:09.688][I][AutoBaseFunction.py(wrapper):8] Parameter : False
[2022-09-23 17:24:09.704][I][AutoBaseFunction.py(wrapper):14] __main__ : __sf_ui 실행 종료
[2022-09-23 17:24:11.013][I][AutoBaseFunction.py(wrapper):7] Screen.Setup_Field : closeEvent 실행 시작
[2022-09-23 17:24:11.013][I][AutoBaseFunction.py(wrapper):8] Parameter : <PyQt5.QtGui.QCloseEvent object at 0x000001F8AFEE0CA8>
[2022-09-23 17:24:11.014][I][AutoBaseFunction.py(wrapper):14] Screen.Setup_Field : closeEvent 실행 종료
[2022-09-23 17:24:12.518][I][AutoBaseFunction.py(wrapper):7] Screen.MainWindow : closeEvent 실행 시작
[2022-09-23 17:24:12.518][I][AutoBaseFunction.py(wrapper):8] Parameter : <PyQt5.QtGui.QCloseEvent object at 0x000001F8AFEE0CA8>
