[2022-09-26 16:27:36.167][D][LogManager.py(Init):12] LogManager Init function called !!!
[2022-09-26 16:27:36.181][I][AutoBaseFunction.py(wrapper):7] Screen.MainWindow : setupUi 실행 시작
[2022-09-26 16:27:36.182][I][AutoBaseFunction.py(wrapper):8] Parameter : 
[2022-09-26 16:27:36.197][I][AutoBaseFunction.py(wrapper):7] Screen.MainWindow : set_field 실행 시작
[2022-09-26 16:27:36.198][I][AutoBaseFunction.py(wrapper):8] Parameter : 
[2022-09-26 16:27:36.226][I][AutoBaseFunction.py(wrapper):14] Screen.MainWindow : set_field 실행 종료
[2022-09-26 16:27:36.227][I][AutoBaseFunction.py(wrapper):7] Screen.MainWindow : setWidget_func 실행 시작
[2022-09-26 16:27:36.227][I][AutoBaseFunction.py(wrapper):8] Parameter : 
[2022-09-26 16:27:36.229][I][AutoBaseFunction.py(wrapper):14] Screen.MainWindow : setWidget_func 실행 종료
[2022-09-26 16:27:36.231][I][AutoBaseFunction.py(wrapper):14] Screen.MainWindow : setupUi 실행 종료
[2022-09-26 16:27:36.244][I][AutoBaseFunction.py(wrapper):7] __main__ : __set_slot 실행 시작
[2022-09-26 16:27:36.245][I][AutoBaseFunction.py(wrapper):8] Parameter : 
[2022-09-26 16:27:36.245][I][AutoBaseFunction.py(wrapper):14] __main__ : __set_slot 실행 종료
[2022-09-26 16:27:36.245][I][AutoBaseFunction.py(wrapper):7] __main__ : __wigets_setupUi 실행 시작
[2022-09-26 16:27:36.246][I][AutoBaseFunction.py(wrapper):8] Parameter : 
[2022-09-26 16:27:36.246][I][AutoBaseFunction.py(wrapper):7] Screen.Setup_Language : setupUI_Language 실행 시작
[2022-09-26 16:27:36.246][I][AutoBaseFunction.py(wrapper):8] Parameter : 
[2022-09-26 16:27:36.247][I][AutoBaseFunction.py(wrapper):7] Screen.Setup_Language : sl_set_slot 실행 시작
[2022-09-26 16:27:36.247][I][AutoBaseFunction.py(wrapper):8] Parameter : 
[2022-09-26 16:27:36.248][I][AutoBaseFunction.py(wrapper):14] Screen.Setup_Language : sl_set_slot 실행 종료
[2022-09-26 16:27:36.248][I][AutoBaseFunction.py(wrapper):14] Screen.Setup_Language : setupUI_Language 실행 종료
[2022-09-26 16:27:36.248][I][AutoBaseFunction.py(wrapper):7] Screen.Menu_CreateExcel : setupUI_CreateExcel 실행 시작
[2022-09-26 16:27:36.249][I][AutoBaseFunction.py(wrapper):8] Parameter : 
[2022-09-26 16:27:36.250][I][AutoBaseFunction.py(wrapper):7] Screen.Menu_CreateExcel : new_excel_func 실행 시작
[2022-09-26 16:27:36.250][I][AutoBaseFunction.py(wrapper):8] Parameter : 
[2022-09-26 16:27:36.250][I][AutoBaseFunction.py(wrapper):14] Screen.Menu_CreateExcel : new_excel_func 실행 종료
[2022-09-26 16:27:36.251][I][AutoBaseFunction.py(wrapper):7] Screen.Menu_CreateExcel : set_excel_func 실행 시작
[2022-09-26 16:27:36.251][I][AutoBaseFunction.py(wrapper):8] Parameter : 
[2022-09-26 16:27:36.251][I][AutoBaseFunction.py(wrapper):14] Screen.Menu_CreateExcel : set_excel_func 실행 종료
[2022-09-26 16:27:36.251][I][AutoBaseFunction.py(wrapper):14] Screen.Menu_CreateExcel : setupUI_CreateExcel 실행 종료
[2022-09-26 16:27:36.252][I][AutoBaseFunction.py(wrapper):7] Screen.Setup_Field : setupUI_Field 실행 시작
[2022-09-26 16:27:36.252][I][AutoBaseFunction.py(wrapper):8] Parameter : 
[2022-09-26 16:27:36.253][I][AutoBaseFunction.py(wrapper):7] Screen.Setup_Field : set_data 실행 시작
[2022-09-26 16:27:36.253][I][AutoBaseFunction.py(wrapper):8] Parameter : 
[2022-09-26 16:27:36.254][I][AutoBaseFunction.py(wrapper):14] Screen.Setup_Field : set_data 실행 종료
[2022-09-26 16:27:36.510][I][AutoBaseFunction.py(wrapper):7] Screen.Setup_Field : set_data 실행 시작
[2022-09-26 16:27:36.511][I][AutoBaseFunction.py(wrapper):8] Parameter : 
[2022-09-26 16:27:36.512][I][AutoBaseFunction.py(wrapper):14] Screen.Setup_Field : set_data 실행 종료
[2022-09-26 16:27:36.512][I][AutoBaseFunction.py(wrapper):7] Screen.Setup_Field : set_data 실행 시작
[2022-09-26 16:27:36.513][I][AutoBaseFunction.py(wrapper):8] Parameter : 
[2022-09-26 16:27:36.513][I][AutoBaseFunction.py(wrapper):14] Screen.Setup_Field : set_data 실행 종료
[2022-09-26 16:27:36.514][I][AutoBaseFunction.py(wrapper):7] Screen.Setup_Field : set_data 실행 시작
[2022-09-26 16:27:36.514][I][AutoBaseFunction.py(wrapper):8] Parameter : 
[2022-09-26 16:27:36.514][I][AutoBaseFunction.py(wrapper):14] Screen.Setup_Field : set_data 실행 종료
[2022-09-26 16:27:36.515][I][AutoBaseFunction.py(wrapper):7] Screen.Setup_Field : set_data 실행 시작
[2022-09-26 16:27:36.515][I][AutoBaseFunction.py(wrapper):8] Parameter : 
[2022-09-26 16:27:36.515][I][AutoBaseFunction.py(wrapper):14] Screen.Setup_Field : set_data 실행 종료
[2022-09-26 16:27:36.515][I][AutoBaseFunction.py(wrapper):7] Screen.Setup_Field : set_data 실행 시작
[2022-09-26 16:27:36.516][I][AutoBaseFunction.py(wrapper):8] Parameter : 
[2022-09-26 16:27:36.516][I][AutoBaseFunction.py(wrapper):14] Screen.Setup_Field : set_data 실행 종료
[2022-09-26 16:27:36.516][I][AutoBaseFunction.py(wrapper):7] Screen.Setup_Field : sl_set_slot 실행 시작
[2022-09-26 16:27:36.516][I][AutoBaseFunction.py(wrapper):8] Parameter : 
[2022-09-26 16:27:36.517][I][AutoBaseFunction.py(wrapper):14] Screen.Setup_Field : sl_set_slot 실행 종료
[2022-09-26 16:27:36.517][I][AutoBaseFunction.py(wrapper):14] Screen.Setup_Field : setupUI_Field 실행 종료
[2022-09-26 16:27:36.517][I][AutoBaseFunction.py(wrapper):7] Screen.Setup_TestList : setupUI_TestList 실행 시작
[2022-09-26 16:27:36.517][I][AutoBaseFunction.py(wrapper):8] Parameter : 
[2022-09-26 16:27:36.518][I][AutoBaseFunction.py(wrapper):7] Screen.Setup_TestList : btn_set_slot 실행 시작
[2022-09-26 16:27:36.518][I][AutoBaseFunction.py(wrapper):8] Parameter : 
[2022-09-26 16:27:36.519][I][AutoBaseFunction.py(wrapper):14] Screen.Setup_TestList : btn_set_slot 실행 종료
[2022-09-26 16:27:36.519][I][AutoBaseFunction.py(wrapper):14] Screen.Setup_TestList : setupUI_TestList 실행 종료
[2022-09-26 16:27:36.519][I][AutoBaseFunction.py(wrapper):14] __main__ : __wigets_setupUi 실행 종료
[2022-09-26 16:27:37.800][I][AutoBaseFunction.py(wrapper):7] __main__ : __sl_ui 실행 시작
[2022-09-26 16:27:37.800][I][AutoBaseFunction.py(wrapper):8] Parameter : False
[2022-09-26 16:27:37.801][I][AutoBaseFunction.py(wrapper):7] Screen.Setup_Language : setLang_Button 실행 시작
[2022-09-26 16:27:37.801][I][AutoBaseFunction.py(wrapper):8] Parameter : 
