[2022-09-26 15:49:00.382][D][LogManager.py(Init):12] LogManager Init function called !!!
[2022-09-26 15:49:00.400][I][AutoBaseFunction.py(wrapper):7] Screen.MainWindow : setupUi 실행 시작
[2022-09-26 15:49:00.400][I][AutoBaseFunction.py(wrapper):8] Parameter : 
[2022-09-26 15:49:00.420][I][AutoBaseFunction.py(wrapper):7] Screen.MainWindow : set_field 실행 시작
[2022-09-26 15:49:00.420][I][AutoBaseFunction.py(wrapper):8] Parameter : 
[2022-09-26 15:49:00.447][I][AutoBaseFunction.py(wrapper):14] Screen.MainWindow : set_field 실행 종료
[2022-09-26 15:49:00.448][I][AutoBaseFunction.py(wrapper):7] Screen.MainWindow : setWidget_func 실행 시작
[2022-09-26 15:49:00.448][I][AutoBaseFunction.py(wrapper):8] Parameter : 
[2022-09-26 15:49:00.450][I][AutoBaseFunction.py(wrapper):14] Screen.MainWindow : setWidget_func 실행 종료
[2022-09-26 15:49:00.453][I][AutoBaseFunction.py(wrapper):14] Screen.MainWindow : setupUi 실행 종료
[2022-09-26 15:49:00.465][I][AutoBaseFunction.py(wrapper):7] __main__ : __set_slot 실행 시작
[2022-09-26 15:49:00.466][I][AutoBaseFunction.py(wrapper):8] Parameter : 
[2022-09-26 15:49:00.466][I][AutoBaseFunction.py(wrapper):14] __main__ : __set_slot 실행 종료
[2022-09-26 15:49:00.467][I][AutoBaseFunction.py(wrapper):7] __main__ : __wigets_setupUi 실행 시작
[2022-09-26 15:49:00.467][I][AutoBaseFunction.py(wrapper):8] Parameter : 
[2022-09-26 15:49:00.468][I][AutoBaseFunction.py(wrapper):7] Screen.Setup_Language : setupUI_Language 실행 시작
[2022-09-26 15:49:00.468][I][AutoBaseFunction.py(wrapper):8] Parameter : 
[2022-09-26 15:49:00.469][I][AutoBaseFunction.py(wrapper):7] Screen.Setup_Language : sl_set_slot 실행 시작
[2022-09-26 15:49:00.470][I][AutoBaseFunction.py(wrapper):8] Parameter : 
[2022-09-26 15:49:00.470][I][AutoBaseFunction.py(wrapper):14] Screen.Setup_Language : sl_set_slot 실행 종료
[2022-09-26 15:49:00.470][I][AutoBaseFunction.py(wrapper):14] Screen.Setup_Language : setupUI_Language 실행 종료
[2022-09-26 15:49:00.471][I][AutoBaseFunction.py(wrapper):7] Screen.Menu_CreateExcel : setupUI_CreateExcel 실행 시작
[2022-09-26 15:49:00.471][I][AutoBaseFunction.py(wrapper):8] Parameter : 
[2022-09-26 15:49:00.472][I][AutoBaseFunction.py(wrapper):7] Screen.Menu_CreateExcel : new_excel_func 실행 시작
[2022-09-26 15:49:00.473][I][AutoBaseFunction.py(wrapper):8] Parameter : 
[2022-09-26 15:49:00.474][I][AutoBaseFunction.py(wrapper):14] Screen.Menu_CreateExcel : new_excel_func 실행 종료
[2022-09-26 15:49:00.474][I][AutoBaseFunction.py(wrapper):7] Screen.Menu_CreateExcel : set_excel_func 실행 시작
[2022-09-26 15:49:00.474][I][AutoBaseFunction.py(wrapper):8] Parameter : 
[2022-09-26 15:49:00.475][I][AutoBaseFunction.py(wrapper):14] Screen.Menu_CreateExcel : set_excel_func 실행 종료
[2022-09-26 15:49:00.476][I][AutoBaseFunction.py(wrapper):14] Screen.Menu_CreateExcel : setupUI_CreateExcel 실행 종료
[2022-09-26 15:49:00.476][I][AutoBaseFunction.py(wrapper):7] Screen.Setup_Field : setupUI_Field 실행 시작
[2022-09-26 15:49:00.476][I][AutoBaseFunction.py(wrapper):8] Parameter : 
[2022-09-26 15:49:00.477][I][AutoBaseFunction.py(wrapper):7] Screen.Setup_Field : set_data 실행 시작
[2022-09-26 15:49:00.478][I][AutoBaseFunction.py(wrapper):8] Parameter : 
[2022-09-26 15:49:00.479][I][AutoBaseFunction.py(wrapper):14] Screen.Setup_Field : set_data 실행 종료
[2022-09-26 15:49:00.715][I][AutoBaseFunction.py(wrapper):7] Screen.Setup_Field : set_data 실행 시작
[2022-09-26 15:49:00.716][I][AutoBaseFunction.py(wrapper):8] Parameter : 
[2022-09-26 15:49:00.716][I][AutoBaseFunction.py(wrapper):14] Screen.Setup_Field : set_data 실행 종료
[2022-09-26 15:49:00.717][I][AutoBaseFunction.py(wrapper):7] Screen.Setup_Field : set_data 실행 시작
[2022-09-26 15:49:00.717][I][AutoBaseFunction.py(wrapper):8] Parameter : 
[2022-09-26 15:49:00.718][I][AutoBaseFunction.py(wrapper):14] Screen.Setup_Field : set_data 실행 종료
[2022-09-26 15:49:00.718][I][AutoBaseFunction.py(wrapper):7] Screen.Setup_Field : set_data 실행 시작
[2022-09-26 15:49:00.718][I][AutoBaseFunction.py(wrapper):8] Parameter : 
[2022-09-26 15:49:00.719][I][AutoBaseFunction.py(wrapper):14] Screen.Setup_Field : set_data 실행 종료
[2022-09-26 15:49:00.719][I][AutoBaseFunction.py(wrapper):7] Screen.Setup_Field : set_data 실행 시작
[2022-09-26 15:49:00.719][I][AutoBaseFunction.py(wrapper):8] Parameter : 
[2022-09-26 15:49:00.720][I][AutoBaseFunction.py(wrapper):14] Screen.Setup_Field : set_data 실행 종료
[2022-09-26 15:49:00.720][I][AutoBaseFunction.py(wrapper):7] Screen.Setup_Field : set_data 실행 시작
[2022-09-26 15:49:00.720][I][AutoBaseFunction.py(wrapper):8] Parameter : 
[2022-09-26 15:49:00.720][I][AutoBaseFunction.py(wrapper):14] Screen.Setup_Field : set_data 실행 종료
[2022-09-26 15:49:00.720][I][AutoBaseFunction.py(wrapper):7] Screen.Setup_Field : sl_set_slot 실행 시작
[2022-09-26 15:49:00.721][I][AutoBaseFunction.py(wrapper):8] Parameter : 
[2022-09-26 15:49:00.721][I][AutoBaseFunction.py(wrapper):14] Screen.Setup_Field : sl_set_slot 실행 종료
[2022-09-26 15:49:00.721][I][AutoBaseFunction.py(wrapper):14] Screen.Setup_Field : setupUI_Field 실행 종료
[2022-09-26 15:49:00.721][I][AutoBaseFunction.py(wrapper):7] Screen.Setup_TestList : setupUI_TestList 실행 시작
[2022-09-26 15:49:00.721][I][AutoBaseFunction.py(wrapper):8] Parameter : 
[2022-09-26 15:49:00.723][I][AutoBaseFunction.py(wrapper):7] Screen.Setup_TestList : btn_set_slot 실행 시작
[2022-09-26 15:49:00.723][I][AutoBaseFunction.py(wrapper):8] Parameter : 
[2022-09-26 15:49:00.723][I][AutoBaseFunction.py(wrapper):14] Screen.Setup_TestList : btn_set_slot 실행 종료
[2022-09-26 15:49:00.723][I][AutoBaseFunction.py(wrapper):14] Screen.Setup_TestList : setupUI_TestList 실행 종료
[2022-09-26 15:49:00.723][I][AutoBaseFunction.py(wrapper):14] __main__ : __wigets_setupUi 실행 종료
[2022-09-26 15:49:02.939][I][AutoBaseFunction.py(wrapper):7] Screen.MainWindow : update_open_menu 실행 시작
[2022-09-26 15:49:02.939][I][AutoBaseFunction.py(wrapper):8] Parameter : 
[2022-09-26 15:49:02.942][I][AutoBaseFunction.py(wrapper):14] Screen.MainWindow : update_open_menu 실행 종료
[2022-09-26 15:49:05.782][I][AutoBaseFunction.py(wrapper):7] __main__ : __ce_ui 실행 시작
[2022-09-26 15:49:05.783][I][AutoBaseFunction.py(wrapper):8] Parameter : False
[2022-09-26 15:49:05.809][I][AutoBaseFunction.py(wrapper):14] __main__ : __ce_ui 실행 종료
