[2022-09-22 10:07:50.804][D][LogManager.py(Init):12] LogManager Init function called !!!
[2022-09-22 10:07:50.817][I][AutoBaseFunction.py(wrapper):7] Screen.MainWindow : setupUi 실행 시작
[2022-09-22 10:07:50.818][I][AutoBaseFunction.py(wrapper):8] Parameter : 
[2022-09-22 10:07:50.832][I][AutoBaseFunction.py(wrapper):7] Screen.MainWindow : set_field 실행 시작
[2022-09-22 10:07:50.832][I][AutoBaseFunction.py(wrapper):8] Parameter : 
[2022-09-22 10:07:50.858][I][AutoBaseFunction.py(wrapper):14] Screen.MainWindow : set_field 실행 종료
[2022-09-22 10:07:50.859][I][AutoBaseFunction.py(wrapper):7] Screen.MainWindow : setWidget_func 실행 시작
[2022-09-22 10:07:50.859][I][AutoBaseFunction.py(wrapper):8] Parameter : 
[2022-09-22 10:07:50.860][I][AutoBaseFunction.py(wrapper):14] Screen.MainWindow : setWidget_func 실행 종료
[2022-09-22 10:07:50.863][I][AutoBaseFunction.py(wrapper):14] Screen.MainWindow : setupUi 실행 종료
[2022-09-22 10:07:50.869][I][AutoBaseFunction.py(wrapper):7] __main__ : __set_slot 실행 시작
[2022-09-22 10:07:50.870][I][AutoBaseFunction.py(wrapper):8] Parameter : 
[2022-09-22 10:07:50.870][I][AutoBaseFunction.py(wrapper):14] __main__ : __set_slot 실행 종료
[2022-09-22 10:07:50.870][I][AutoBaseFunction.py(wrapper):7] __main__ : __wigets_setupUi 실행 시작
[2022-09-22 10:07:50.870][I][AutoBaseFunction.py(wrapper):8] Parameter : 
[2022-09-22 10:07:50.871][I][AutoBaseFunction.py(wrapper):7] Screen.Setup_Language : setupUI_Language 실행 시작
[2022-09-22 10:07:50.871][I][AutoBaseFunction.py(wrapper):8] Parameter : 
[2022-09-22 10:07:50.872][I][AutoBaseFunction.py(wrapper):7] Screen.Setup_Language : sl_set_slot 실행 시작
[2022-09-22 10:07:50.872][I][AutoBaseFunction.py(wrapper):8] Parameter : 
[2022-09-22 10:07:50.872][I][AutoBaseFunction.py(wrapper):14] Screen.Setup_Language : sl_set_slot 실행 종료
[2022-09-22 10:07:50.872][I][AutoBaseFunction.py(wrapper):14] Screen.Setup_Language : setupUI_Language 실행 종료
[2022-09-22 10:07:50.873][I][AutoBaseFunction.py(wrapper):7] Screen.Menu_CreateExcel : setupUI_CreateExcel 실행 시작
[2022-09-22 10:07:50.873][I][AutoBaseFunction.py(wrapper):8] Parameter : 
[2022-09-22 10:07:50.874][I][AutoBaseFunction.py(wrapper):7] Screen.Menu_CreateExcel : new_excel_func 실행 시작
[2022-09-22 10:07:50.874][I][AutoBaseFunction.py(wrapper):8] Parameter : 
[2022-09-22 10:07:50.874][I][AutoBaseFunction.py(wrapper):14] Screen.Menu_CreateExcel : new_excel_func 실행 종료
[2022-09-22 10:07:50.874][I][AutoBaseFunction.py(wrapper):7] Screen.Menu_CreateExcel : set_excel_func 실행 시작
[2022-09-22 10:07:50.875][I][AutoBaseFunction.py(wrapper):8] Parameter : 
[2022-09-22 10:07:50.875][I][AutoBaseFunction.py(wrapper):14] Screen.Menu_CreateExcel : set_excel_func 실행 종료
[2022-09-22 10:07:50.875][I][AutoBaseFunction.py(wrapper):14] Screen.Menu_CreateExcel : setupUI_CreateExcel 실행 종료
[2022-09-22 10:07:50.876][I][AutoBaseFunction.py(wrapper):7] Screen.Setup_Field : setupUI_Field 실행 시작
[2022-09-22 10:07:50.876][I][AutoBaseFunction.py(wrapper):8] Parameter : 
[2022-09-22 10:07:50.876][I][AutoBaseFunction.py(wrapper):7] Screen.Setup_Field : set_data 실행 시작
[2022-09-22 10:07:50.877][I][AutoBaseFunction.py(wrapper):8] Parameter : 
[2022-09-22 10:07:50.877][I][AutoBaseFunction.py(wrapper):14] Screen.Setup_Field : set_data 실행 종료
[2022-09-22 10:07:51.109][I][AutoBaseFunction.py(wrapper):7] Screen.Setup_Field : set_data 실행 시작
[2022-09-22 10:07:51.109][I][AutoBaseFunction.py(wrapper):8] Parameter : 
[2022-09-22 10:07:51.109][I][AutoBaseFunction.py(wrapper):14] Screen.Setup_Field : set_data 실행 종료
[2022-09-22 10:07:51.110][I][AutoBaseFunction.py(wrapper):7] Screen.Setup_Field : set_data 실행 시작
[2022-09-22 10:07:51.110][I][AutoBaseFunction.py(wrapper):8] Parameter : 
[2022-09-22 10:07:51.110][I][AutoBaseFunction.py(wrapper):14] Screen.Setup_Field : set_data 실행 종료
[2022-09-22 10:07:51.111][I][AutoBaseFunction.py(wrapper):7] Screen.Setup_Field : set_data 실행 시작
[2022-09-22 10:07:51.111][I][AutoBaseFunction.py(wrapper):8] Parameter : 
[2022-09-22 10:07:51.111][I][AutoBaseFunction.py(wrapper):14] Screen.Setup_Field : set_data 실행 종료
[2022-09-22 10:07:51.112][I][AutoBaseFunction.py(wrapper):7] Screen.Setup_Field : set_data 실행 시작
[2022-09-22 10:07:51.112][I][AutoBaseFunction.py(wrapper):8] Parameter : 
[2022-09-22 10:07:51.112][I][AutoBaseFunction.py(wrapper):14] Screen.Setup_Field : set_data 실행 종료
[2022-09-22 10:07:51.112][I][AutoBaseFunction.py(wrapper):7] Screen.Setup_Field : set_data 실행 시작
[2022-09-22 10:07:51.112][I][AutoBaseFunction.py(wrapper):8] Parameter : 
[2022-09-22 10:07:51.113][I][AutoBaseFunction.py(wrapper):14] Screen.Setup_Field : set_data 실행 종료
[2022-09-22 10:07:51.113][I][AutoBaseFunction.py(wrapper):7] Screen.Setup_Field : sl_set_slot 실행 시작
[2022-09-22 10:07:51.113][I][AutoBaseFunction.py(wrapper):8] Parameter : 
[2022-09-22 10:07:51.113][I][AutoBaseFunction.py(wrapper):14] Screen.Setup_Field : sl_set_slot 실행 종료
[2022-09-22 10:07:51.114][I][AutoBaseFunction.py(wrapper):14] Screen.Setup_Field : setupUI_Field 실행 종료
[2022-09-22 10:07:51.114][I][AutoBaseFunction.py(wrapper):7] Screen.Setup_TestList : setupUI_TestList 실행 시작
[2022-09-22 10:07:51.114][I][AutoBaseFunction.py(wrapper):8] Parameter : 
[2022-09-22 10:07:51.115][I][AutoBaseFunction.py(wrapper):7] Screen.Setup_TestList : btn_set_slot 실행 시작
[2022-09-22 10:07:51.115][I][AutoBaseFunction.py(wrapper):8] Parameter : 
[2022-09-22 10:07:51.116][I][AutoBaseFunction.py(wrapper):14] Screen.Setup_TestList : btn_set_slot 실행 종료
[2022-09-22 10:07:51.116][I][AutoBaseFunction.py(wrapper):14] Screen.Setup_TestList : setupUI_TestList 실행 종료
[2022-09-22 10:07:51.116][I][AutoBaseFunction.py(wrapper):14] __main__ : __wigets_setupUi 실행 종료
[2022-09-22 10:07:53.599][I][AutoBaseFunction.py(wrapper):7] __main__ : __sl_ui 실행 시작
[2022-09-22 10:07:53.599][I][AutoBaseFunction.py(wrapper):8] Parameter : False
[2022-09-22 10:07:53.600][I][AutoBaseFunction.py(wrapper):7] Screen.Setup_Language : setLang_Button 실행 시작
[2022-09-22 10:07:53.600][I][AutoBaseFunction.py(wrapper):8] Parameter : 
[2022-09-22 10:07:53.602][I][AutoBaseFunction.py(wrapper):14] Screen.Setup_Language : setLang_Button 실행 종료
[2022-09-22 10:07:53.615][I][AutoBaseFunction.py(wrapper):14] __main__ : __sl_ui 실행 종료
[2022-09-22 10:07:54.750][I][AutoBaseFunction.py(wrapper):7] Screen.Setup_Language : closeEvent 실행 시작
[2022-09-22 10:07:54.750][I][AutoBaseFunction.py(wrapper):8] Parameter : <PyQt5.QtGui.QCloseEvent object at 0x0000021502276DC8>
[2022-09-22 10:07:54.751][I][AutoBaseFunction.py(wrapper):14] Screen.Setup_Language : closeEvent 실행 종료
[2022-09-22 10:07:55.439][I][AutoBaseFunction.py(wrapper):7] Screen.MainWindow : update_open_menu 실행 시작
[2022-09-22 10:07:55.440][I][AutoBaseFunction.py(wrapper):8] Parameter : 
[2022-09-22 10:07:55.441][I][AutoBaseFunction.py(wrapper):14] Screen.MainWindow : update_open_menu 실행 종료
[2022-09-22 10:15:48.990][I][AutoBaseFunction.py(wrapper):7] __main__ : __tl_ui 실행 시작
[2022-09-22 10:15:48.990][I][AutoBaseFunction.py(wrapper):8] Parameter : False
[2022-09-22 10:15:48.990][I][AutoBaseFunction.py(wrapper):7] Screen.Setup_TestList : setTest_Button 실행 시작
[2022-09-22 10:15:48.991][I][AutoBaseFunction.py(wrapper):8] Parameter : 
[2022-09-22 10:15:48.992][I][AutoBaseFunction.py(wrapper):14] Screen.Setup_TestList : setTest_Button 실행 종료
[2022-09-22 10:15:49.004][I][AutoBaseFunction.py(wrapper):14] __main__ : __tl_ui 실행 종료
[2022-09-22 10:15:50.773][I][AutoBaseFunction.py(wrapper):7] Screen.Setup_TestList : closeEvent 실행 시작
[2022-09-22 10:15:50.773][I][AutoBaseFunction.py(wrapper):8] Parameter : <PyQt5.QtGui.QCloseEvent object at 0x0000021505E06678>
[2022-09-22 10:15:50.774][I][AutoBaseFunction.py(wrapper):14] Screen.Setup_TestList : closeEvent 실행 종료
[2022-09-22 10:15:53.141][I][AutoBaseFunction.py(wrapper):7] __main__ : __sl_ui 실행 시작
[2022-09-22 10:15:53.142][I][AutoBaseFunction.py(wrapper):8] Parameter : False
[2022-09-22 10:15:53.142][I][AutoBaseFunction.py(wrapper):7] Screen.Setup_Language : setLang_Button 실행 시작
[2022-09-22 10:15:53.143][I][AutoBaseFunction.py(wrapper):8] Parameter : 
[2022-09-22 10:15:53.144][I][AutoBaseFunction.py(wrapper):14] Screen.Setup_Language : setLang_Button 실행 종료
[2022-09-22 10:15:53.150][I][AutoBaseFunction.py(wrapper):14] __main__ : __sl_ui 실행 종료
[2022-09-22 10:16:13.628][I][AutoBaseFunction.py(wrapper):7] Screen.Setup_Language : ok_Button_clicked 실행 시작
[2022-09-22 10:16:13.629][I][AutoBaseFunction.py(wrapper):8] Parameter : False
[2022-09-22 10:16:13.846][I][AutoBaseFunction.py(wrapper):7] Screen.Setup_Language : closeEvent 실행 시작
[2022-09-22 10:16:13.846][I][AutoBaseFunction.py(wrapper):8] Parameter : <PyQt5.QtGui.QCloseEvent object at 0x0000021502262CA8>
[2022-09-22 10:16:13.847][I][AutoBaseFunction.py(wrapper):14] Screen.Setup_Language : closeEvent 실행 종료
[2022-09-22 10:16:13.852][I][AutoBaseFunction.py(wrapper):14] Screen.Setup_Language : ok_Button_clicked 실행 종료
[2022-09-22 10:16:15.037][I][AutoBaseFunction.py(wrapper):7] Screen.MainWindow : update_open_menu 실행 시작
[2022-09-22 10:16:15.037][I][AutoBaseFunction.py(wrapper):8] Parameter : 
[2022-09-22 10:16:15.038][I][AutoBaseFunction.py(wrapper):14] Screen.MainWindow : update_open_menu 실행 종료
[2022-09-22 10:18:06.563][I][AutoBaseFunction.py(wrapper):7] Screen.MainWindow : update_open_menu 실행 시작
[2022-09-22 10:18:06.563][I][AutoBaseFunction.py(wrapper):8] Parameter : 
[2022-09-22 10:18:06.565][I][AutoBaseFunction.py(wrapper):14] Screen.MainWindow : update_open_menu 실행 종료
[2022-09-22 10:18:08.043][I][AutoBaseFunction.py(wrapper):7] __main__ : __sl_ui 실행 시작
[2022-09-22 10:18:08.043][I][AutoBaseFunction.py(wrapper):8] Parameter : False
[2022-09-22 10:18:08.044][I][AutoBaseFunction.py(wrapper):7] Screen.Setup_Language : setLang_Button 실행 시작
[2022-09-22 10:18:08.044][I][AutoBaseFunction.py(wrapper):8] Parameter : 
[2022-09-22 10:18:08.045][I][AutoBaseFunction.py(wrapper):14] Screen.Setup_Language : setLang_Button 실행 종료
[2022-09-22 10:18:08.052][I][AutoBaseFunction.py(wrapper):14] __main__ : __sl_ui 실행 종료
[2022-09-22 10:18:16.289][I][AutoBaseFunction.py(wrapper):7] Screen.Setup_Language : ok_Button_clicked 실행 시작
[2022-09-22 10:18:16.290][I][AutoBaseFunction.py(wrapper):8] Parameter : False
[2022-09-22 10:18:16.518][I][AutoBaseFunction.py(wrapper):7] Screen.Setup_Language : closeEvent 실행 시작
[2022-09-22 10:18:16.519][I][AutoBaseFunction.py(wrapper):8] Parameter : <PyQt5.QtGui.QCloseEvent object at 0x0000021502269828>
[2022-09-22 10:18:16.519][I][AutoBaseFunction.py(wrapper):14] Screen.Setup_Language : closeEvent 실행 종료
[2022-09-22 10:18:16.525][I][AutoBaseFunction.py(wrapper):14] Screen.Setup_Language : ok_Button_clicked 실행 종료
[2022-09-22 10:18:17.239][I][AutoBaseFunction.py(wrapper):7] Screen.MainWindow : update_open_menu 실행 시작
[2022-09-22 10:18:17.239][I][AutoBaseFunction.py(wrapper):8] Parameter : 
[2022-09-22 10:18:17.241][I][AutoBaseFunction.py(wrapper):14] Screen.MainWindow : update_open_menu 실행 종료
[2022-09-22 10:18:20.230][I][AutoBaseFunction.py(wrapper):7] Screen.MainWindow : update_open_menu 실행 시작
[2022-09-22 10:18:20.231][I][AutoBaseFunction.py(wrapper):8] Parameter : 
[2022-09-22 10:18:20.232][I][AutoBaseFunction.py(wrapper):14] Screen.MainWindow : update_open_menu 실행 종료
