[2022-09-27 17:05:18.001][D][LogManager.py(Init):12] LogManager Init function called !!!
[2022-09-27 17:05:18.015][I][AutoBaseFunction.py(wrapper):7] Screen.MainWindow : setupUi 실행 시작
[2022-09-27 17:05:18.016][I][AutoBaseFunction.py(wrapper):8] Parameter : 
[2022-09-27 17:05:18.033][I][AutoBaseFunction.py(wrapper):7] Screen.MainWindow : set_field 실행 시작
[2022-09-27 17:05:18.033][I][AutoBaseFunction.py(wrapper):8] Parameter : 
[2022-09-27 17:05:18.062][I][AutoBaseFunction.py(wrapper):14] Screen.MainWindow : set_field 실행 종료
[2022-09-27 17:05:18.063][I][AutoBaseFunction.py(wrapper):7] Screen.MainWindow : setWidget_func 실행 시작
[2022-09-27 17:05:18.063][I][AutoBaseFunction.py(wrapper):8] Parameter : 
[2022-09-27 17:05:18.065][I][AutoBaseFunction.py(wrapper):14] Screen.MainWindow : setWidget_func 실행 종료
[2022-09-27 17:05:18.067][I][AutoBaseFunction.py(wrapper):14] Screen.MainWindow : setupUi 실행 종료
[2022-09-27 17:05:18.080][I][AutoBaseFunction.py(wrapper):7] __main__ : __set_slot 실행 시작
[2022-09-27 17:05:18.081][I][AutoBaseFunction.py(wrapper):8] Parameter : 
[2022-09-27 17:05:18.082][I][AutoBaseFunction.py(wrapper):14] __main__ : __set_slot 실행 종료
[2022-09-27 17:05:18.082][I][AutoBaseFunction.py(wrapper):7] __main__ : __wigets_setupUi 실행 시작
[2022-09-27 17:05:18.082][I][AutoBaseFunction.py(wrapper):8] Parameter : 
[2022-09-27 17:05:18.083][I][AutoBaseFunction.py(wrapper):7] Screen.Setup_Language : setupUI_Language 실행 시작
[2022-09-27 17:05:18.083][I][AutoBaseFunction.py(wrapper):8] Parameter : 
[2022-09-27 17:05:18.084][I][AutoBaseFunction.py(wrapper):7] Screen.Setup_Language : sl_set_slot 실행 시작
[2022-09-27 17:05:18.085][I][AutoBaseFunction.py(wrapper):8] Parameter : 
[2022-09-27 17:05:18.085][I][AutoBaseFunction.py(wrapper):14] Screen.Setup_Language : sl_set_slot 실행 종료
[2022-09-27 17:05:18.085][I][AutoBaseFunction.py(wrapper):14] Screen.Setup_Language : setupUI_Language 실행 종료
[2022-09-27 17:05:18.086][I][AutoBaseFunction.py(wrapper):7] Screen.Menu_CreateExcel : setupUI_CreateExcel 실행 시작
[2022-09-27 17:05:18.086][I][AutoBaseFunction.py(wrapper):8] Parameter : 
[2022-09-27 17:05:18.087][I][AutoBaseFunction.py(wrapper):7] Screen.Menu_CreateExcel : new_excel_func 실행 시작
[2022-09-27 17:05:18.088][I][AutoBaseFunction.py(wrapper):8] Parameter : 
[2022-09-27 17:05:18.089][I][AutoBaseFunction.py(wrapper):14] Screen.Menu_CreateExcel : new_excel_func 실행 종료
[2022-09-27 17:05:18.090][I][AutoBaseFunction.py(wrapper):7] Screen.Menu_CreateExcel : set_excel_func 실행 시작
[2022-09-27 17:05:18.090][I][AutoBaseFunction.py(wrapper):8] Parameter : 
[2022-09-27 17:05:18.090][I][AutoBaseFunction.py(wrapper):14] Screen.Menu_CreateExcel : set_excel_func 실행 종료
[2022-09-27 17:05:18.091][I][AutoBaseFunction.py(wrapper):14] Screen.Menu_CreateExcel : setupUI_CreateExcel 실행 종료
[2022-09-27 17:05:18.092][I][AutoBaseFunction.py(wrapper):7] Screen.Setup_Field : setupUI_Field 실행 시작
[2022-09-27 17:05:18.092][I][AutoBaseFunction.py(wrapper):8] Parameter : 
[2022-09-27 17:05:18.097][W][LogManager.py(set_warn):86] : Traceback (most recent call last):
  File "D:\test\TestList_CSV\2022_skillup\Settings\Setup.py", line 25, in read_ini__test
    example = self.config[table]
  File "c:\python\3_7_9x64\lib\configparser.py", line 958, in __getitem__
    raise KeyError(key)
KeyError: 'Field'

[2022-09-27 17:05:18.098][I][AutoBaseFunction.py(wrapper):7] Screen.Setup_Field : set_data 실행 시작
[2022-09-27 17:05:18.098][I][AutoBaseFunction.py(wrapper):8] Parameter : 
[2022-09-27 17:05:18.099][I][AutoBaseFunction.py(wrapper):14] Screen.Setup_Field : set_data 실행 종료
[2022-09-27 17:05:18.099][I][AutoBaseFunction.py(wrapper):7] Screen.Setup_Field : set_data 실행 시작
[2022-09-27 17:05:18.099][I][AutoBaseFunction.py(wrapper):8] Parameter : 
[2022-09-27 17:05:18.100][I][AutoBaseFunction.py(wrapper):14] Screen.Setup_Field : set_data 실행 종료
[2022-09-27 17:05:18.100][I][AutoBaseFunction.py(wrapper):7] Screen.Setup_Field : set_data 실행 시작
[2022-09-27 17:05:18.101][I][AutoBaseFunction.py(wrapper):8] Parameter : 
[2022-09-27 17:05:18.101][I][AutoBaseFunction.py(wrapper):14] Screen.Setup_Field : set_data 실행 종료
[2022-09-27 17:05:18.102][I][AutoBaseFunction.py(wrapper):7] Screen.Setup_Field : set_data 실행 시작
[2022-09-27 17:05:18.102][I][AutoBaseFunction.py(wrapper):8] Parameter : 
[2022-09-27 17:05:18.103][I][AutoBaseFunction.py(wrapper):14] Screen.Setup_Field : set_data 실행 종료
[2022-09-27 17:05:18.103][I][AutoBaseFunction.py(wrapper):7] Screen.Setup_Field : set_data 실행 시작
[2022-09-27 17:05:18.103][I][AutoBaseFunction.py(wrapper):8] Parameter : 
[2022-09-27 17:05:18.105][I][AutoBaseFunction.py(wrapper):14] Screen.Setup_Field : set_data 실행 종료
[2022-09-27 17:05:18.105][I][AutoBaseFunction.py(wrapper):7] Screen.Setup_Field : set_data 실행 시작
[2022-09-27 17:05:18.106][I][AutoBaseFunction.py(wrapper):8] Parameter : 
[2022-09-27 17:05:18.107][I][AutoBaseFunction.py(wrapper):14] Screen.Setup_Field : set_data 실행 종료
[2022-09-27 17:05:18.107][I][AutoBaseFunction.py(wrapper):7] Screen.Setup_Field : sl_set_slot 실행 시작
[2022-09-27 17:05:18.107][I][AutoBaseFunction.py(wrapper):8] Parameter : 
[2022-09-27 17:05:18.108][I][AutoBaseFunction.py(wrapper):14] Screen.Setup_Field : sl_set_slot 실행 종료
[2022-09-27 17:05:18.108][I][AutoBaseFunction.py(wrapper):14] Screen.Setup_Field : setupUI_Field 실행 종료
[2022-09-27 17:05:18.108][I][AutoBaseFunction.py(wrapper):7] Screen.Setup_TestList : setupUI_TestList 실행 시작
[2022-09-27 17:05:18.108][I][AutoBaseFunction.py(wrapper):8] Parameter : 
[2022-09-27 17:05:18.109][I][AutoBaseFunction.py(wrapper):7] Screen.Setup_TestList : btn_set_slot 실행 시작
[2022-09-27 17:05:18.110][I][AutoBaseFunction.py(wrapper):8] Parameter : 
[2022-09-27 17:05:18.110][I][AutoBaseFunction.py(wrapper):14] Screen.Setup_TestList : btn_set_slot 실행 종료
[2022-09-27 17:05:18.110][I][AutoBaseFunction.py(wrapper):14] Screen.Setup_TestList : setupUI_TestList 실행 종료
[2022-09-27 17:05:18.111][I][AutoBaseFunction.py(wrapper):14] __main__ : __wigets_setupUi 실행 종료
[2022-09-27 17:05:21.007][I][AutoBaseFunction.py(wrapper):7] __main__ : __sf_ui 실행 시작
[2022-09-27 17:05:21.007][I][AutoBaseFunction.py(wrapper):8] Parameter : False
[2022-09-27 17:05:21.022][I][AutoBaseFunction.py(wrapper):14] __main__ : __sf_ui 실행 종료
[2022-09-27 17:05:21.918][I][AutoBaseFunction.py(wrapper):7] Screen.Setup_Field : keyPressEvent 실행 시작
[2022-09-27 17:05:21.918][I][AutoBaseFunction.py(wrapper):8] Parameter : <PyQt5.QtGui.QKeyEvent object at 0x000001C82889D168>
[2022-09-27 17:05:21.919][I][AutoBaseFunction.py(wrapper):14] Screen.Setup_Field : keyPressEvent 실행 종료
[2022-09-27 17:05:22.477][I][AutoBaseFunction.py(wrapper):7] Screen.Setup_Field : keyPressEvent 실행 시작
[2022-09-27 17:05:22.477][I][AutoBaseFunction.py(wrapper):8] Parameter : <PyQt5.QtGui.QKeyEvent object at 0x000001C82889D168>
[2022-09-27 17:05:22.478][I][AutoBaseFunction.py(wrapper):14] Screen.Setup_Field : keyPressEvent 실행 종료
[2022-09-27 17:05:23.021][I][AutoBaseFunction.py(wrapper):7] Screen.Setup_Field : keyPressEvent 실행 시작
[2022-09-27 17:05:23.022][I][AutoBaseFunction.py(wrapper):8] Parameter : <PyQt5.QtGui.QKeyEvent object at 0x000001C82889D168>
[2022-09-27 17:05:23.022][I][AutoBaseFunction.py(wrapper):14] Screen.Setup_Field : keyPressEvent 실행 종료
[2022-09-27 17:05:23.566][I][AutoBaseFunction.py(wrapper):7] Screen.Setup_Field : keyPressEvent 실행 시작
[2022-09-27 17:05:23.567][I][AutoBaseFunction.py(wrapper):8] Parameter : <PyQt5.QtGui.QKeyEvent object at 0x000001C82889D168>
[2022-09-27 17:05:23.567][I][AutoBaseFunction.py(wrapper):14] Screen.Setup_Field : keyPressEvent 실행 종료
[2022-09-27 17:05:24.869][I][AutoBaseFunction.py(wrapper):7] Screen.Setup_Field : ok_Button_clicked 실행 시작
[2022-09-27 17:05:24.870][I][AutoBaseFunction.py(wrapper):8] Parameter : False
