[2022-09-23 17:24:37.152][D][LogManager.py(Init):12] LogManager Init function called !!!
[2022-09-23 17:24:37.167][I][AutoBaseFunction.py(wrapper):7] Screen.MainWindow : setupUi 실행 시작
[2022-09-23 17:24:37.168][I][AutoBaseFunction.py(wrapper):8] Parameter : 
[2022-09-23 17:24:37.185][I][AutoBaseFunction.py(wrapper):7] Screen.MainWindow : set_field 실행 시작
[2022-09-23 17:24:37.185][I][AutoBaseFunction.py(wrapper):8] Parameter : 
[2022-09-23 17:24:37.223][I][AutoBaseFunction.py(wrapper):14] Screen.MainWindow : set_field 실행 종료
[2022-09-23 17:24:37.223][I][AutoBaseFunction.py(wrapper):7] Screen.MainWindow : setWidget_func 실행 시작
[2022-09-23 17:24:37.224][I][AutoBaseFunction.py(wrapper):8] Parameter : 
[2022-09-23 17:24:37.225][I][AutoBaseFunction.py(wrapper):14] Screen.MainWindow : setWidget_func 실행 종료
[2022-09-23 17:24:37.228][I][AutoBaseFunction.py(wrapper):14] Screen.MainWindow : setupUi 실행 종료
[2022-09-23 17:24:37.235][I][AutoBaseFunction.py(wrapper):7] __main__ : __set_slot 실행 시작
[2022-09-23 17:24:37.235][I][AutoBaseFunction.py(wrapper):8] Parameter : 
[2022-09-23 17:24:37.236][I][AutoBaseFunction.py(wrapper):14] __main__ : __set_slot 실행 종료
[2022-09-23 17:24:37.236][I][AutoBaseFunction.py(wrapper):7] __main__ : __wigets_setupUi 실행 시작
[2022-09-23 17:24:37.236][I][AutoBaseFunction.py(wrapper):8] Parameter : 
[2022-09-23 17:24:37.236][I][AutoBaseFunction.py(wrapper):7] Screen.Setup_Language : setupUI_Language 실행 시작
[2022-09-23 17:24:37.237][I][AutoBaseFunction.py(wrapper):8] Parameter : 
[2022-09-23 17:24:37.238][I][AutoBaseFunction.py(wrapper):7] Screen.Setup_Language : sl_set_slot 실행 시작
[2022-09-23 17:24:37.238][I][AutoBaseFunction.py(wrapper):8] Parameter : 
[2022-09-23 17:24:37.238][I][AutoBaseFunction.py(wrapper):14] Screen.Setup_Language : sl_set_slot 실행 종료
[2022-09-23 17:24:37.238][I][AutoBaseFunction.py(wrapper):14] Screen.Setup_Language : setupUI_Language 실행 종료
[2022-09-23 17:24:37.239][I][AutoBaseFunction.py(wrapper):7] Screen.Menu_CreateExcel : setupUI_CreateExcel 실행 시작
[2022-09-23 17:24:37.239][I][AutoBaseFunction.py(wrapper):8] Parameter : 
[2022-09-23 17:24:37.240][I][AutoBaseFunction.py(wrapper):7] Screen.Menu_CreateExcel : new_excel_func 실행 시작
[2022-09-23 17:24:37.241][I][AutoBaseFunction.py(wrapper):8] Parameter : 
[2022-09-23 17:24:37.241][I][AutoBaseFunction.py(wrapper):14] Screen.Menu_CreateExcel : new_excel_func 실행 종료
[2022-09-23 17:24:37.242][I][AutoBaseFunction.py(wrapper):7] Screen.Menu_CreateExcel : set_excel_func 실행 시작
[2022-09-23 17:24:37.242][I][AutoBaseFunction.py(wrapper):8] Parameter : 
[2022-09-23 17:24:37.243][I][AutoBaseFunction.py(wrapper):14] Screen.Menu_CreateExcel : set_excel_func 실행 종료
[2022-09-23 17:24:37.244][I][AutoBaseFunction.py(wrapper):14] Screen.Menu_CreateExcel : setupUI_CreateExcel 실행 종료
[2022-09-23 17:24:37.244][I][AutoBaseFunction.py(wrapper):7] Screen.Setup_Field : setupUI_Field 실행 시작
[2022-09-23 17:24:37.244][I][AutoBaseFunction.py(wrapper):8] Parameter : 
[2022-09-23 17:24:37.245][I][AutoBaseFunction.py(wrapper):7] Screen.Setup_Field : set_data 실행 시작
[2022-09-23 17:24:37.245][I][AutoBaseFunction.py(wrapper):8] Parameter : 
[2022-09-23 17:24:37.246][I][AutoBaseFunction.py(wrapper):14] Screen.Setup_Field : set_data 실행 종료
[2022-09-23 17:24:37.488][I][AutoBaseFunction.py(wrapper):7] Screen.Setup_Field : set_data 실행 시작
[2022-09-23 17:24:37.488][I][AutoBaseFunction.py(wrapper):8] Parameter : 
[2022-09-23 17:24:37.488][I][AutoBaseFunction.py(wrapper):14] Screen.Setup_Field : set_data 실행 종료
[2022-09-23 17:24:37.489][I][AutoBaseFunction.py(wrapper):7] Screen.Setup_Field : set_data 실행 시작
[2022-09-23 17:24:37.489][I][AutoBaseFunction.py(wrapper):8] Parameter : 
[2022-09-23 17:24:37.489][I][AutoBaseFunction.py(wrapper):14] Screen.Setup_Field : set_data 실행 종료
[2022-09-23 17:24:37.490][I][AutoBaseFunction.py(wrapper):7] Screen.Setup_Field : set_data 실행 시작
[2022-09-23 17:24:37.490][I][AutoBaseFunction.py(wrapper):8] Parameter : 
[2022-09-23 17:24:37.491][I][AutoBaseFunction.py(wrapper):14] Screen.Setup_Field : set_data 실행 종료
[2022-09-23 17:24:37.491][I][AutoBaseFunction.py(wrapper):7] Screen.Setup_Field : set_data 실행 시작
[2022-09-23 17:24:37.491][I][AutoBaseFunction.py(wrapper):8] Parameter : 
[2022-09-23 17:24:37.491][I][AutoBaseFunction.py(wrapper):14] Screen.Setup_Field : set_data 실행 종료
[2022-09-23 17:24:37.492][I][AutoBaseFunction.py(wrapper):7] Screen.Setup_Field : set_data 실행 시작
[2022-09-23 17:24:37.492][I][AutoBaseFunction.py(wrapper):8] Parameter : 
[2022-09-23 17:24:37.492][I][AutoBaseFunction.py(wrapper):14] Screen.Setup_Field : set_data 실행 종료
[2022-09-23 17:24:37.493][I][AutoBaseFunction.py(wrapper):7] Screen.Setup_Field : sl_set_slot 실행 시작
[2022-09-23 17:24:37.493][I][AutoBaseFunction.py(wrapper):8] Parameter : 
[2022-09-23 17:24:37.493][I][AutoBaseFunction.py(wrapper):14] Screen.Setup_Field : sl_set_slot 실행 종료
[2022-09-23 17:24:37.494][I][AutoBaseFunction.py(wrapper):14] Screen.Setup_Field : setupUI_Field 실행 종료
[2022-09-23 17:24:37.494][I][AutoBaseFunction.py(wrapper):7] Screen.Setup_TestList : setupUI_TestList 실행 시작
[2022-09-23 17:24:37.494][I][AutoBaseFunction.py(wrapper):8] Parameter : 
[2022-09-23 17:24:37.495][I][AutoBaseFunction.py(wrapper):7] Screen.Setup_TestList : btn_set_slot 실행 시작
[2022-09-23 17:24:37.495][I][AutoBaseFunction.py(wrapper):8] Parameter : 
[2022-09-23 17:24:37.495][I][AutoBaseFunction.py(wrapper):14] Screen.Setup_TestList : btn_set_slot 실행 종료
[2022-09-23 17:24:37.496][I][AutoBaseFunction.py(wrapper):14] Screen.Setup_TestList : setupUI_TestList 실행 종료
[2022-09-23 17:24:37.496][I][AutoBaseFunction.py(wrapper):14] __main__ : __wigets_setupUi 실행 종료
[2022-09-23 17:24:38.583][I][AutoBaseFunction.py(wrapper):7] __main__ : __tl_ui 실행 시작
[2022-09-23 17:24:38.583][I][AutoBaseFunction.py(wrapper):8] Parameter : False
[2022-09-23 17:24:38.584][I][AutoBaseFunction.py(wrapper):7] Screen.Setup_TestList : setTest_Button 실행 시작
[2022-09-23 17:24:38.584][I][AutoBaseFunction.py(wrapper):8] Parameter : 
[2022-09-23 17:24:38.586][I][AutoBaseFunction.py(wrapper):14] Screen.Setup_TestList : setTest_Button 실행 종료
[2022-09-23 17:24:38.600][I][AutoBaseFunction.py(wrapper):14] __main__ : __tl_ui 실행 종료
[2022-09-23 17:24:39.550][I][AutoBaseFunction.py(wrapper):7] Screen.Setup_TestList : cancel_Button_clicked 실행 시작
[2022-09-23 17:24:39.550][I][AutoBaseFunction.py(wrapper):8] Parameter : False
