[2022-09-26 19:05:32.749][D][LogManager.py(Init):12] LogManager Init function called !!!
[2022-09-26 19:05:32.762][I][AutoBaseFunction.py(wrapper):7] Screen.MainWindow : setupUi 실행 시작
[2022-09-26 19:05:32.762][I][AutoBaseFunction.py(wrapper):8] Parameter : 
[2022-09-26 19:05:32.779][I][AutoBaseFunction.py(wrapper):7] Screen.MainWindow : set_field 실행 시작
[2022-09-26 19:05:32.779][I][AutoBaseFunction.py(wrapper):8] Parameter : 
[2022-09-26 19:05:32.813][I][AutoBaseFunction.py(wrapper):14] Screen.MainWindow : set_field 실행 종료
[2022-09-26 19:05:32.814][I][AutoBaseFunction.py(wrapper):7] Screen.MainWindow : setWidget_func 실행 시작
[2022-09-26 19:05:32.814][I][AutoBaseFunction.py(wrapper):8] Parameter : 
[2022-09-26 19:05:32.816][I][AutoBaseFunction.py(wrapper):14] Screen.MainWindow : setWidget_func 실행 종료
[2022-09-26 19:05:32.819][I][AutoBaseFunction.py(wrapper):14] Screen.MainWindow : setupUi 실행 종료
[2022-09-26 19:05:32.826][I][AutoBaseFunction.py(wrapper):7] __main__ : __set_slot 실행 시작
[2022-09-26 19:05:32.827][I][AutoBaseFunction.py(wrapper):8] Parameter : 
[2022-09-26 19:05:32.827][I][AutoBaseFunction.py(wrapper):14] __main__ : __set_slot 실행 종료
[2022-09-26 19:05:32.828][I][AutoBaseFunction.py(wrapper):7] __main__ : __wigets_setupUi 실행 시작
[2022-09-26 19:05:32.828][I][AutoBaseFunction.py(wrapper):8] Parameter : 
[2022-09-26 19:05:32.828][I][AutoBaseFunction.py(wrapper):7] Screen.Setup_Language : setupUI_Language 실행 시작
[2022-09-26 19:05:32.828][I][AutoBaseFunction.py(wrapper):8] Parameter : 
[2022-09-26 19:05:32.829][I][AutoBaseFunction.py(wrapper):7] Screen.Setup_Language : sl_set_slot 실행 시작
[2022-09-26 19:05:32.830][I][AutoBaseFunction.py(wrapper):8] Parameter : 
[2022-09-26 19:05:32.830][I][AutoBaseFunction.py(wrapper):14] Screen.Setup_Language : sl_set_slot 실행 종료
[2022-09-26 19:05:32.830][I][AutoBaseFunction.py(wrapper):14] Screen.Setup_Language : setupUI_Language 실행 종료
[2022-09-26 19:05:32.831][I][AutoBaseFunction.py(wrapper):7] Screen.Menu_CreateExcel : setupUI_CreateExcel 실행 시작
[2022-09-26 19:05:32.831][I][AutoBaseFunction.py(wrapper):8] Parameter : 
[2022-09-26 19:05:32.832][I][AutoBaseFunction.py(wrapper):7] Screen.Menu_CreateExcel : new_excel_func 실행 시작
[2022-09-26 19:05:32.833][I][AutoBaseFunction.py(wrapper):8] Parameter : 
[2022-09-26 19:05:32.834][I][AutoBaseFunction.py(wrapper):14] Screen.Menu_CreateExcel : new_excel_func 실행 종료
[2022-09-26 19:05:32.834][I][AutoBaseFunction.py(wrapper):7] Screen.Menu_CreateExcel : set_excel_func 실행 시작
[2022-09-26 19:05:32.835][I][AutoBaseFunction.py(wrapper):8] Parameter : 
[2022-09-26 19:05:32.835][I][AutoBaseFunction.py(wrapper):14] Screen.Menu_CreateExcel : set_excel_func 실행 종료
[2022-09-26 19:05:32.836][I][AutoBaseFunction.py(wrapper):14] Screen.Menu_CreateExcel : setupUI_CreateExcel 실행 종료
[2022-09-26 19:05:32.836][I][AutoBaseFunction.py(wrapper):7] Screen.Setup_Field : setupUI_Field 실행 시작
[2022-09-26 19:05:32.836][I][AutoBaseFunction.py(wrapper):8] Parameter : 
[2022-09-26 19:05:32.842][I][AutoBaseFunction.py(wrapper):7] Screen.Setup_Field : set_data 실행 시작
[2022-09-26 19:05:32.845][I][AutoBaseFunction.py(wrapper):8] Parameter : 
[2022-09-26 19:05:32.845][I][AutoBaseFunction.py(wrapper):14] Screen.Setup_Field : set_data 실행 종료
[2022-09-26 19:05:33.100][I][AutoBaseFunction.py(wrapper):7] Screen.Setup_Field : set_data 실행 시작
[2022-09-26 19:05:33.100][I][AutoBaseFunction.py(wrapper):8] Parameter : 
[2022-09-26 19:05:33.101][I][AutoBaseFunction.py(wrapper):14] Screen.Setup_Field : set_data 실행 종료
[2022-09-26 19:05:33.101][I][AutoBaseFunction.py(wrapper):7] Screen.Setup_Field : set_data 실행 시작
[2022-09-26 19:05:33.102][I][AutoBaseFunction.py(wrapper):8] Parameter : 
[2022-09-26 19:05:33.102][I][AutoBaseFunction.py(wrapper):14] Screen.Setup_Field : set_data 실행 종료
[2022-09-26 19:05:33.102][I][AutoBaseFunction.py(wrapper):7] Screen.Setup_Field : set_data 실행 시작
[2022-09-26 19:05:33.103][I][AutoBaseFunction.py(wrapper):8] Parameter : 
[2022-09-26 19:05:33.103][I][AutoBaseFunction.py(wrapper):14] Screen.Setup_Field : set_data 실행 종료
[2022-09-26 19:05:33.103][I][AutoBaseFunction.py(wrapper):7] Screen.Setup_Field : set_data 실행 시작
[2022-09-26 19:05:33.104][I][AutoBaseFunction.py(wrapper):8] Parameter : 
[2022-09-26 19:05:33.104][I][AutoBaseFunction.py(wrapper):14] Screen.Setup_Field : set_data 실행 종료
[2022-09-26 19:05:33.105][I][AutoBaseFunction.py(wrapper):7] Screen.Setup_Field : set_data 실행 시작
[2022-09-26 19:05:33.105][I][AutoBaseFunction.py(wrapper):8] Parameter : 
[2022-09-26 19:05:33.106][I][AutoBaseFunction.py(wrapper):14] Screen.Setup_Field : set_data 실행 종료
[2022-09-26 19:05:33.106][I][AutoBaseFunction.py(wrapper):7] Screen.Setup_Field : sl_set_slot 실행 시작
[2022-09-26 19:05:33.106][I][AutoBaseFunction.py(wrapper):8] Parameter : 
[2022-09-26 19:05:33.107][I][AutoBaseFunction.py(wrapper):14] Screen.Setup_Field : sl_set_slot 실행 종료
[2022-09-26 19:05:33.107][I][AutoBaseFunction.py(wrapper):14] Screen.Setup_Field : setupUI_Field 실행 종료
[2022-09-26 19:05:33.107][I][AutoBaseFunction.py(wrapper):7] Screen.Setup_TestList : setupUI_TestList 실행 시작
[2022-09-26 19:05:33.107][I][AutoBaseFunction.py(wrapper):8] Parameter : 
[2022-09-26 19:05:33.108][I][AutoBaseFunction.py(wrapper):7] Screen.Setup_TestList : btn_set_slot 실행 시작
[2022-09-26 19:05:33.109][I][AutoBaseFunction.py(wrapper):8] Parameter : 
[2022-09-26 19:05:33.109][I][AutoBaseFunction.py(wrapper):14] Screen.Setup_TestList : btn_set_slot 실행 종료
[2022-09-26 19:05:33.110][I][AutoBaseFunction.py(wrapper):14] Screen.Setup_TestList : setupUI_TestList 실행 종료
[2022-09-26 19:05:33.110][I][AutoBaseFunction.py(wrapper):14] __main__ : __wigets_setupUi 실행 종료
[2022-09-26 19:05:34.164][I][AutoBaseFunction.py(wrapper):7] __main__ : __sl_ui 실행 시작
[2022-09-26 19:05:34.164][I][AutoBaseFunction.py(wrapper):8] Parameter : False
[2022-09-26 19:05:34.165][I][AutoBaseFunction.py(wrapper):7] Screen.Setup_Language : setLang_Button 실행 시작
[2022-09-26 19:05:34.165][I][AutoBaseFunction.py(wrapper):8] Parameter : 
[2022-09-26 19:05:34.166][I][AutoBaseFunction.py(wrapper):14] Screen.Setup_Language : setLang_Button 실행 종료
[2022-09-26 19:05:34.177][I][AutoBaseFunction.py(wrapper):14] __main__ : __sl_ui 실행 종료
[2022-09-26 19:05:40.122][I][AutoBaseFunction.py(wrapper):7] Screen.Setup_Language : closeEvent 실행 시작
[2022-09-26 19:05:40.122][I][AutoBaseFunction.py(wrapper):8] Parameter : <PyQt5.QtGui.QCloseEvent object at 0x000001577C412CA8>
[2022-09-26 19:05:40.789][I][AutoBaseFunction.py(wrapper):14] Screen.Setup_Language : closeEvent 실행 종료
[2022-09-26 19:05:41.971][I][AutoBaseFunction.py(wrapper):7] Screen.Setup_Language : closeEvent 실행 시작
[2022-09-26 19:05:41.971][I][AutoBaseFunction.py(wrapper):8] Parameter : <PyQt5.QtGui.QCloseEvent object at 0x000001577C412CA8>
[2022-09-26 19:05:42.671][I][AutoBaseFunction.py(wrapper):14] Screen.Setup_Language : closeEvent 실행 종료
[2022-09-26 19:06:49.843][I][AutoBaseFunction.py(wrapper):7] Screen.MainWindow : closeEvent 실행 시작
[2022-09-26 19:06:49.843][I][AutoBaseFunction.py(wrapper):8] Parameter : <PyQt5.QtGui.QCloseEvent object at 0x000001577C412CA8>
