[2022-09-22 11:08:48.947][D][LogManager.py(Init):12] LogManager Init function called !!!
[2022-09-22 11:08:48.960][I][AutoBaseFunction.py(wrapper):7] Screen.MainWindow : setupUi 실행 시작
[2022-09-22 11:08:48.960][I][AutoBaseFunction.py(wrapper):8] Parameter : 
[2022-09-22 11:08:48.975][I][AutoBaseFunction.py(wrapper):7] Screen.MainWindow : set_field 실행 시작
[2022-09-22 11:08:48.975][I][AutoBaseFunction.py(wrapper):8] Parameter : 
[2022-09-22 11:08:49.005][I][AutoBaseFunction.py(wrapper):14] Screen.MainWindow : set_field 실행 종료
[2022-09-22 11:08:49.006][I][AutoBaseFunction.py(wrapper):7] Screen.MainWindow : setWidget_func 실행 시작
[2022-09-22 11:08:49.006][I][AutoBaseFunction.py(wrapper):8] Parameter : 
[2022-09-22 11:08:49.008][I][AutoBaseFunction.py(wrapper):14] Screen.MainWindow : setWidget_func 실행 종료
[2022-09-22 11:08:49.010][I][AutoBaseFunction.py(wrapper):14] Screen.MainWindow : setupUi 실행 종료
[2022-09-22 11:08:49.017][I][AutoBaseFunction.py(wrapper):7] __main__ : __set_slot 실행 시작
[2022-09-22 11:08:49.018][I][AutoBaseFunction.py(wrapper):8] Parameter : 
[2022-09-22 11:08:49.018][I][AutoBaseFunction.py(wrapper):14] __main__ : __set_slot 실행 종료
[2022-09-22 11:08:49.018][I][AutoBaseFunction.py(wrapper):7] __main__ : __wigets_setupUi 실행 시작
[2022-09-22 11:08:49.018][I][AutoBaseFunction.py(wrapper):8] Parameter : 
[2022-09-22 11:08:49.019][I][AutoBaseFunction.py(wrapper):7] Screen.Setup_Language : setupUI_Language 실행 시작
[2022-09-22 11:08:49.019][I][AutoBaseFunction.py(wrapper):8] Parameter : 
[2022-09-22 11:08:49.019][I][AutoBaseFunction.py(wrapper):7] Screen.Setup_Language : sl_set_slot 실행 시작
[2022-09-22 11:08:49.020][I][AutoBaseFunction.py(wrapper):8] Parameter : 
[2022-09-22 11:08:49.020][I][AutoBaseFunction.py(wrapper):14] Screen.Setup_Language : sl_set_slot 실행 종료
[2022-09-22 11:08:49.020][I][AutoBaseFunction.py(wrapper):14] Screen.Setup_Language : setupUI_Language 실행 종료
[2022-09-22 11:08:49.021][I][AutoBaseFunction.py(wrapper):7] Screen.Menu_CreateExcel : setupUI_CreateExcel 실행 시작
[2022-09-22 11:08:49.021][I][AutoBaseFunction.py(wrapper):8] Parameter : 
[2022-09-22 11:08:49.022][I][AutoBaseFunction.py(wrapper):7] Screen.Menu_CreateExcel : new_excel_func 실행 시작
[2022-09-22 11:08:49.022][I][AutoBaseFunction.py(wrapper):8] Parameter : 
[2022-09-22 11:08:49.023][I][AutoBaseFunction.py(wrapper):14] Screen.Menu_CreateExcel : new_excel_func 실행 종료
[2022-09-22 11:08:49.023][I][AutoBaseFunction.py(wrapper):7] Screen.Menu_CreateExcel : set_excel_func 실행 시작
[2022-09-22 11:08:49.023][I][AutoBaseFunction.py(wrapper):8] Parameter : 
[2022-09-22 11:08:49.024][I][AutoBaseFunction.py(wrapper):14] Screen.Menu_CreateExcel : set_excel_func 실행 종료
[2022-09-22 11:08:49.024][I][AutoBaseFunction.py(wrapper):14] Screen.Menu_CreateExcel : setupUI_CreateExcel 실행 종료
[2022-09-22 11:08:49.025][I][AutoBaseFunction.py(wrapper):7] Screen.Setup_Field : setupUI_Field 실행 시작
[2022-09-22 11:08:49.025][I][AutoBaseFunction.py(wrapper):8] Parameter : 
[2022-09-22 11:08:49.026][I][AutoBaseFunction.py(wrapper):7] Screen.Setup_Field : set_data 실행 시작
[2022-09-22 11:08:49.026][I][AutoBaseFunction.py(wrapper):8] Parameter : 
[2022-09-22 11:08:49.026][I][AutoBaseFunction.py(wrapper):14] Screen.Setup_Field : set_data 실행 종료
[2022-09-22 11:08:49.258][I][AutoBaseFunction.py(wrapper):7] Screen.Setup_Field : set_data 실행 시작
[2022-09-22 11:08:49.259][I][AutoBaseFunction.py(wrapper):8] Parameter : 
[2022-09-22 11:08:49.259][I][AutoBaseFunction.py(wrapper):14] Screen.Setup_Field : set_data 실행 종료
[2022-09-22 11:08:49.260][I][AutoBaseFunction.py(wrapper):7] Screen.Setup_Field : set_data 실행 시작
[2022-09-22 11:08:49.260][I][AutoBaseFunction.py(wrapper):8] Parameter : 
[2022-09-22 11:08:49.260][I][AutoBaseFunction.py(wrapper):14] Screen.Setup_Field : set_data 실행 종료
[2022-09-22 11:08:49.261][I][AutoBaseFunction.py(wrapper):7] Screen.Setup_Field : set_data 실행 시작
[2022-09-22 11:08:49.261][I][AutoBaseFunction.py(wrapper):8] Parameter : 
[2022-09-22 11:08:49.261][I][AutoBaseFunction.py(wrapper):14] Screen.Setup_Field : set_data 실행 종료
[2022-09-22 11:08:49.262][I][AutoBaseFunction.py(wrapper):7] Screen.Setup_Field : set_data 실행 시작
[2022-09-22 11:08:49.262][I][AutoBaseFunction.py(wrapper):8] Parameter : 
[2022-09-22 11:08:49.262][I][AutoBaseFunction.py(wrapper):14] Screen.Setup_Field : set_data 실행 종료
[2022-09-22 11:08:49.263][I][AutoBaseFunction.py(wrapper):7] Screen.Setup_Field : set_data 실행 시작
[2022-09-22 11:08:49.263][I][AutoBaseFunction.py(wrapper):8] Parameter : 
[2022-09-22 11:08:49.263][I][AutoBaseFunction.py(wrapper):14] Screen.Setup_Field : set_data 실행 종료
[2022-09-22 11:08:49.263][I][AutoBaseFunction.py(wrapper):7] Screen.Setup_Field : sl_set_slot 실행 시작
[2022-09-22 11:08:49.263][I][AutoBaseFunction.py(wrapper):8] Parameter : 
[2022-09-22 11:08:49.263][I][AutoBaseFunction.py(wrapper):14] Screen.Setup_Field : sl_set_slot 실행 종료
[2022-09-22 11:08:49.264][I][AutoBaseFunction.py(wrapper):14] Screen.Setup_Field : setupUI_Field 실행 종료
[2022-09-22 11:08:49.264][I][AutoBaseFunction.py(wrapper):7] Screen.Setup_TestList : setupUI_TestList 실행 시작
[2022-09-22 11:08:49.264][I][AutoBaseFunction.py(wrapper):8] Parameter : 
[2022-09-22 11:08:49.265][I][AutoBaseFunction.py(wrapper):7] Screen.Setup_TestList : btn_set_slot 실행 시작
[2022-09-22 11:08:49.265][I][AutoBaseFunction.py(wrapper):8] Parameter : 
[2022-09-22 11:08:49.265][I][AutoBaseFunction.py(wrapper):14] Screen.Setup_TestList : btn_set_slot 실행 종료
[2022-09-22 11:08:49.266][I][AutoBaseFunction.py(wrapper):14] Screen.Setup_TestList : setupUI_TestList 실행 종료
[2022-09-22 11:08:49.266][I][AutoBaseFunction.py(wrapper):14] __main__ : __wigets_setupUi 실행 종료
[2022-09-22 11:09:02.045][I][AutoBaseFunction.py(wrapper):7] Screen.MainWindow : update_open_menu 실행 시작
[2022-09-22 11:09:02.046][I][AutoBaseFunction.py(wrapper):8] Parameter : 
[2022-09-22 11:09:02.047][I][AutoBaseFunction.py(wrapper):14] Screen.MainWindow : update_open_menu 실행 종료
[2022-09-22 11:09:06.899][I][AutoBaseFunction.py(wrapper):7] Screen.MainWindow : update_open_menu 실행 시작
[2022-09-22 11:09:06.900][I][AutoBaseFunction.py(wrapper):8] Parameter : 
[2022-09-22 11:09:06.901][I][AutoBaseFunction.py(wrapper):14] Screen.MainWindow : update_open_menu 실행 종료
[2022-09-22 11:09:30.355][I][AutoBaseFunction.py(wrapper):7] Screen.MainWindow : update_open_menu 실행 시작
[2022-09-22 11:09:30.355][I][AutoBaseFunction.py(wrapper):8] Parameter : 
[2022-09-22 11:09:30.357][I][AutoBaseFunction.py(wrapper):14] Screen.MainWindow : update_open_menu 실행 종료
[2022-09-22 11:10:05.338][I][AutoBaseFunction.py(wrapper):7] Screen.MainWindow : closeEvent 실행 시작
[2022-09-22 11:10:05.338][I][AutoBaseFunction.py(wrapper):8] Parameter : <PyQt5.QtGui.QCloseEvent object at 0x000001D2FCEAA438>
