[2022-09-23 11:13:20.494][D][LogManager.py(Init):12] LogManager Init function called !!!
[2022-09-23 11:13:20.506][I][AutoBaseFunction.py(wrapper):7] Screen.MainWindow : setupUi 실행 시작
[2022-09-23 11:13:20.506][I][AutoBaseFunction.py(wrapper):8] Parameter : 
[2022-09-23 11:13:20.522][I][AutoBaseFunction.py(wrapper):7] Screen.MainWindow : set_field 실행 시작
[2022-09-23 11:13:20.523][I][AutoBaseFunction.py(wrapper):8] Parameter : 
[2022-09-23 11:13:20.548][I][AutoBaseFunction.py(wrapper):14] Screen.MainWindow : set_field 실행 종료
[2022-09-23 11:13:20.548][I][AutoBaseFunction.py(wrapper):7] Screen.MainWindow : setWidget_func 실행 시작
[2022-09-23 11:13:20.548][I][AutoBaseFunction.py(wrapper):8] Parameter : 
[2022-09-23 11:13:20.550][I][AutoBaseFunction.py(wrapper):14] Screen.MainWindow : setWidget_func 실행 종료
[2022-09-23 11:13:20.553][I][AutoBaseFunction.py(wrapper):14] Screen.MainWindow : setupUi 실행 종료
[2022-09-23 11:13:20.560][I][AutoBaseFunction.py(wrapper):7] __main__ : __set_slot 실행 시작
[2022-09-23 11:13:20.560][I][AutoBaseFunction.py(wrapper):8] Parameter : 
[2022-09-23 11:13:20.561][I][AutoBaseFunction.py(wrapper):14] __main__ : __set_slot 실행 종료
[2022-09-23 11:13:20.561][I][AutoBaseFunction.py(wrapper):7] __main__ : __wigets_setupUi 실행 시작
[2022-09-23 11:13:20.561][I][AutoBaseFunction.py(wrapper):8] Parameter : 
[2022-09-23 11:13:20.562][I][AutoBaseFunction.py(wrapper):7] Screen.Setup_Language : setupUI_Language 실행 시작
[2022-09-23 11:13:20.562][I][AutoBaseFunction.py(wrapper):8] Parameter : 
[2022-09-23 11:13:20.563][I][AutoBaseFunction.py(wrapper):7] Screen.Setup_Language : sl_set_slot 실행 시작
[2022-09-23 11:13:20.563][I][AutoBaseFunction.py(wrapper):8] Parameter : 
[2022-09-23 11:13:20.564][I][AutoBaseFunction.py(wrapper):14] Screen.Setup_Language : sl_set_slot 실행 종료
[2022-09-23 11:13:20.564][I][AutoBaseFunction.py(wrapper):14] Screen.Setup_Language : setupUI_Language 실행 종료
[2022-09-23 11:13:20.564][I][AutoBaseFunction.py(wrapper):7] Screen.Menu_CreateExcel : setupUI_CreateExcel 실행 시작
[2022-09-23 11:13:20.564][I][AutoBaseFunction.py(wrapper):8] Parameter : 
[2022-09-23 11:13:20.565][I][AutoBaseFunction.py(wrapper):7] Screen.Menu_CreateExcel : new_excel_func 실행 시작
[2022-09-23 11:13:20.566][I][AutoBaseFunction.py(wrapper):8] Parameter : 
[2022-09-23 11:13:20.566][I][AutoBaseFunction.py(wrapper):14] Screen.Menu_CreateExcel : new_excel_func 실행 종료
[2022-09-23 11:13:20.567][I][AutoBaseFunction.py(wrapper):7] Screen.Menu_CreateExcel : set_excel_func 실행 시작
[2022-09-23 11:13:20.568][I][AutoBaseFunction.py(wrapper):8] Parameter : 
[2022-09-23 11:13:20.568][I][AutoBaseFunction.py(wrapper):14] Screen.Menu_CreateExcel : set_excel_func 실행 종료
[2022-09-23 11:13:20.569][I][AutoBaseFunction.py(wrapper):14] Screen.Menu_CreateExcel : setupUI_CreateExcel 실행 종료
[2022-09-23 11:13:20.569][I][AutoBaseFunction.py(wrapper):7] Screen.Setup_Field : setupUI_Field 실행 시작
[2022-09-23 11:13:20.569][I][AutoBaseFunction.py(wrapper):8] Parameter : 
[2022-09-23 11:13:20.570][I][AutoBaseFunction.py(wrapper):7] Screen.Setup_Field : set_data 실행 시작
[2022-09-23 11:13:20.571][I][AutoBaseFunction.py(wrapper):8] Parameter : 
[2022-09-23 11:13:20.571][I][AutoBaseFunction.py(wrapper):14] Screen.Setup_Field : set_data 실행 종료
[2022-09-23 11:13:20.824][I][AutoBaseFunction.py(wrapper):7] Screen.Setup_Field : set_data 실행 시작
[2022-09-23 11:13:20.824][I][AutoBaseFunction.py(wrapper):8] Parameter : 
[2022-09-23 11:13:20.825][I][AutoBaseFunction.py(wrapper):14] Screen.Setup_Field : set_data 실행 종료
[2022-09-23 11:13:20.825][I][AutoBaseFunction.py(wrapper):7] Screen.Setup_Field : set_data 실행 시작
[2022-09-23 11:13:20.825][I][AutoBaseFunction.py(wrapper):8] Parameter : 
[2022-09-23 11:13:20.826][I][AutoBaseFunction.py(wrapper):14] Screen.Setup_Field : set_data 실행 종료
[2022-09-23 11:13:20.826][I][AutoBaseFunction.py(wrapper):7] Screen.Setup_Field : set_data 실행 시작
[2022-09-23 11:13:20.826][I][AutoBaseFunction.py(wrapper):8] Parameter : 
[2022-09-23 11:13:20.827][I][AutoBaseFunction.py(wrapper):14] Screen.Setup_Field : set_data 실행 종료
[2022-09-23 11:13:20.827][I][AutoBaseFunction.py(wrapper):7] Screen.Setup_Field : set_data 실행 시작
[2022-09-23 11:13:20.827][I][AutoBaseFunction.py(wrapper):8] Parameter : 
[2022-09-23 11:13:20.828][I][AutoBaseFunction.py(wrapper):14] Screen.Setup_Field : set_data 실행 종료
[2022-09-23 11:13:20.828][I][AutoBaseFunction.py(wrapper):7] Screen.Setup_Field : set_data 실행 시작
[2022-09-23 11:13:20.828][I][AutoBaseFunction.py(wrapper):8] Parameter : 
[2022-09-23 11:13:20.829][I][AutoBaseFunction.py(wrapper):14] Screen.Setup_Field : set_data 실행 종료
[2022-09-23 11:13:20.829][I][AutoBaseFunction.py(wrapper):7] Screen.Setup_Field : sl_set_slot 실행 시작
[2022-09-23 11:13:20.829][I][AutoBaseFunction.py(wrapper):8] Parameter : 
[2022-09-23 11:13:20.830][I][AutoBaseFunction.py(wrapper):14] Screen.Setup_Field : sl_set_slot 실행 종료
[2022-09-23 11:13:20.830][I][AutoBaseFunction.py(wrapper):14] Screen.Setup_Field : setupUI_Field 실행 종료
[2022-09-23 11:13:20.830][I][AutoBaseFunction.py(wrapper):7] Screen.Setup_TestList : setupUI_TestList 실행 시작
[2022-09-23 11:13:20.830][I][AutoBaseFunction.py(wrapper):8] Parameter : 
[2022-09-23 11:13:20.831][I][AutoBaseFunction.py(wrapper):7] Screen.Setup_TestList : btn_set_slot 실행 시작
[2022-09-23 11:13:20.831][I][AutoBaseFunction.py(wrapper):8] Parameter : 
[2022-09-23 11:13:20.831][I][AutoBaseFunction.py(wrapper):14] Screen.Setup_TestList : btn_set_slot 실행 종료
[2022-09-23 11:13:20.832][I][AutoBaseFunction.py(wrapper):14] Screen.Setup_TestList : setupUI_TestList 실행 종료
[2022-09-23 11:13:20.832][I][AutoBaseFunction.py(wrapper):14] __main__ : __wigets_setupUi 실행 종료
[2022-09-23 11:13:22.932][I][AutoBaseFunction.py(wrapper):7] Screen.MainWindow : update_open_menu 실행 시작
[2022-09-23 11:13:22.932][I][AutoBaseFunction.py(wrapper):8] Parameter : 
[2022-09-23 11:13:22.934][I][AutoBaseFunction.py(wrapper):14] Screen.MainWindow : update_open_menu 실행 종료
[2022-09-23 11:13:24.325][I][AutoBaseFunction.py(wrapper):7] Screen.MainWindow : show_imgList 실행 시작
[2022-09-23 11:13:24.326][I][AutoBaseFunction.py(wrapper):8] Parameter : ('한국어', 'D:/test/TestList_CSV/2022_skillup'), True
[2022-09-23 11:13:24.344][I][AutoBaseFunction.py(wrapper):7] Screen.MainWindow : qbutton_clicked 실행 시작
[2022-09-23 11:13:24.344][I][AutoBaseFunction.py(wrapper):8] Parameter : 0, <Screen.MainWindow.QPushButtonIcon object at 0x0000018D9DBADD38>, False
