[2022-09-23 11:52:15.585][D][LogManager.py(Init):12] LogManager Init function called !!!
[2022-09-23 11:52:15.598][I][AutoBaseFunction.py(wrapper):7] Screen.MainWindow : setupUi 실행 시작
[2022-09-23 11:52:15.599][I][AutoBaseFunction.py(wrapper):8] Parameter : 
[2022-09-23 11:52:15.615][I][AutoBaseFunction.py(wrapper):7] Screen.MainWindow : set_field 실행 시작
[2022-09-23 11:52:15.615][I][AutoBaseFunction.py(wrapper):8] Parameter : 
[2022-09-23 11:52:15.641][I][AutoBaseFunction.py(wrapper):14] Screen.MainWindow : set_field 실행 종료
[2022-09-23 11:52:15.642][I][AutoBaseFunction.py(wrapper):7] Screen.MainWindow : setWidget_func 실행 시작
[2022-09-23 11:52:15.642][I][AutoBaseFunction.py(wrapper):8] Parameter : 
[2022-09-23 11:52:15.644][I][AutoBaseFunction.py(wrapper):14] Screen.MainWindow : setWidget_func 실행 종료
[2022-09-23 11:52:15.647][I][AutoBaseFunction.py(wrapper):14] Screen.MainWindow : setupUi 실행 종료
[2022-09-23 11:52:15.655][I][AutoBaseFunction.py(wrapper):7] __main__ : __set_slot 실행 시작
[2022-09-23 11:52:15.655][I][AutoBaseFunction.py(wrapper):8] Parameter : 
[2022-09-23 11:52:15.656][I][AutoBaseFunction.py(wrapper):14] __main__ : __set_slot 실행 종료
[2022-09-23 11:52:15.656][I][AutoBaseFunction.py(wrapper):7] __main__ : __wigets_setupUi 실행 시작
[2022-09-23 11:52:15.656][I][AutoBaseFunction.py(wrapper):8] Parameter : 
[2022-09-23 11:52:15.657][I][AutoBaseFunction.py(wrapper):7] Screen.Setup_Language : setupUI_Language 실행 시작
[2022-09-23 11:52:15.657][I][AutoBaseFunction.py(wrapper):8] Parameter : 
[2022-09-23 11:52:15.658][I][AutoBaseFunction.py(wrapper):7] Screen.Setup_Language : sl_set_slot 실행 시작
[2022-09-23 11:52:15.658][I][AutoBaseFunction.py(wrapper):8] Parameter : 
[2022-09-23 11:52:15.658][I][AutoBaseFunction.py(wrapper):14] Screen.Setup_Language : sl_set_slot 실행 종료
[2022-09-23 11:52:15.658][I][AutoBaseFunction.py(wrapper):14] Screen.Setup_Language : setupUI_Language 실행 종료
[2022-09-23 11:52:15.659][I][AutoBaseFunction.py(wrapper):7] Screen.Menu_CreateExcel : setupUI_CreateExcel 실행 시작
[2022-09-23 11:52:15.659][I][AutoBaseFunction.py(wrapper):8] Parameter : 
[2022-09-23 11:52:15.660][I][AutoBaseFunction.py(wrapper):7] Screen.Menu_CreateExcel : new_excel_func 실행 시작
[2022-09-23 11:52:15.660][I][AutoBaseFunction.py(wrapper):8] Parameter : 
[2022-09-23 11:52:15.660][I][AutoBaseFunction.py(wrapper):14] Screen.Menu_CreateExcel : new_excel_func 실행 종료
[2022-09-23 11:52:15.660][I][AutoBaseFunction.py(wrapper):7] Screen.Menu_CreateExcel : set_excel_func 실행 시작
[2022-09-23 11:52:15.661][I][AutoBaseFunction.py(wrapper):8] Parameter : 
[2022-09-23 11:52:15.661][I][AutoBaseFunction.py(wrapper):14] Screen.Menu_CreateExcel : set_excel_func 실행 종료
[2022-09-23 11:52:15.661][I][AutoBaseFunction.py(wrapper):14] Screen.Menu_CreateExcel : setupUI_CreateExcel 실행 종료
[2022-09-23 11:52:15.661][I][AutoBaseFunction.py(wrapper):7] Screen.Setup_Field : setupUI_Field 실행 시작
[2022-09-23 11:52:15.662][I][AutoBaseFunction.py(wrapper):8] Parameter : 
[2022-09-23 11:52:15.663][I][AutoBaseFunction.py(wrapper):7] Screen.Setup_Field : set_data 실행 시작
[2022-09-23 11:52:15.663][I][AutoBaseFunction.py(wrapper):8] Parameter : 
[2022-09-23 11:52:15.663][I][AutoBaseFunction.py(wrapper):14] Screen.Setup_Field : set_data 실행 종료
[2022-09-23 11:52:15.916][I][AutoBaseFunction.py(wrapper):7] Screen.Setup_Field : set_data 실행 시작
[2022-09-23 11:52:15.917][I][AutoBaseFunction.py(wrapper):8] Parameter : 
[2022-09-23 11:52:15.917][I][AutoBaseFunction.py(wrapper):14] Screen.Setup_Field : set_data 실행 종료
[2022-09-23 11:52:15.918][I][AutoBaseFunction.py(wrapper):7] Screen.Setup_Field : set_data 실행 시작
[2022-09-23 11:52:15.918][I][AutoBaseFunction.py(wrapper):8] Parameter : 
[2022-09-23 11:52:15.918][I][AutoBaseFunction.py(wrapper):14] Screen.Setup_Field : set_data 실행 종료
[2022-09-23 11:52:15.919][I][AutoBaseFunction.py(wrapper):7] Screen.Setup_Field : set_data 실행 시작
[2022-09-23 11:52:15.919][I][AutoBaseFunction.py(wrapper):8] Parameter : 
[2022-09-23 11:52:15.919][I][AutoBaseFunction.py(wrapper):14] Screen.Setup_Field : set_data 실행 종료
[2022-09-23 11:52:15.920][I][AutoBaseFunction.py(wrapper):7] Screen.Setup_Field : set_data 실행 시작
[2022-09-23 11:52:15.920][I][AutoBaseFunction.py(wrapper):8] Parameter : 
[2022-09-23 11:52:15.920][I][AutoBaseFunction.py(wrapper):14] Screen.Setup_Field : set_data 실행 종료
[2022-09-23 11:52:15.921][I][AutoBaseFunction.py(wrapper):7] Screen.Setup_Field : set_data 실행 시작
[2022-09-23 11:52:15.921][I][AutoBaseFunction.py(wrapper):8] Parameter : 
[2022-09-23 11:52:15.921][I][AutoBaseFunction.py(wrapper):14] Screen.Setup_Field : set_data 실행 종료
[2022-09-23 11:52:15.922][I][AutoBaseFunction.py(wrapper):7] Screen.Setup_Field : sl_set_slot 실행 시작
[2022-09-23 11:52:15.922][I][AutoBaseFunction.py(wrapper):8] Parameter : 
[2022-09-23 11:52:15.922][I][AutoBaseFunction.py(wrapper):14] Screen.Setup_Field : sl_set_slot 실행 종료
[2022-09-23 11:52:15.922][I][AutoBaseFunction.py(wrapper):14] Screen.Setup_Field : setupUI_Field 실행 종료
[2022-09-23 11:52:15.923][I][AutoBaseFunction.py(wrapper):7] Screen.Setup_TestList : setupUI_TestList 실행 시작
[2022-09-23 11:52:15.923][I][AutoBaseFunction.py(wrapper):8] Parameter : 
[2022-09-23 11:52:15.924][I][AutoBaseFunction.py(wrapper):7] Screen.Setup_TestList : btn_set_slot 실행 시작
[2022-09-23 11:52:15.924][I][AutoBaseFunction.py(wrapper):8] Parameter : 
[2022-09-23 11:52:15.925][I][AutoBaseFunction.py(wrapper):14] Screen.Setup_TestList : btn_set_slot 실행 종료
[2022-09-23 11:52:15.925][I][AutoBaseFunction.py(wrapper):14] Screen.Setup_TestList : setupUI_TestList 실행 종료
[2022-09-23 11:52:15.925][I][AutoBaseFunction.py(wrapper):14] __main__ : __wigets_setupUi 실행 종료
[2022-09-23 11:52:17.093][I][AutoBaseFunction.py(wrapper):7] Screen.MainWindow : update_open_menu 실행 시작
[2022-09-23 11:52:17.093][I][AutoBaseFunction.py(wrapper):8] Parameter : 
[2022-09-23 11:52:17.095][I][AutoBaseFunction.py(wrapper):14] Screen.MainWindow : update_open_menu 실행 종료
[2022-09-23 11:52:17.607][I][AutoBaseFunction.py(wrapper):7] Screen.MainWindow : update_open_menu 실행 시작
[2022-09-23 11:52:17.607][I][AutoBaseFunction.py(wrapper):8] Parameter : 
[2022-09-23 11:52:17.609][I][AutoBaseFunction.py(wrapper):14] Screen.MainWindow : update_open_menu 실행 종료
[2022-09-23 11:52:18.476][I][AutoBaseFunction.py(wrapper):7] Screen.MainWindow : show_imgList 실행 시작
[2022-09-23 11:52:18.476][I][AutoBaseFunction.py(wrapper):8] Parameter : ('한국어', 'D:/test/TestList_CSV/2022_skillup'), True
[2022-09-23 11:52:18.498][I][AutoBaseFunction.py(wrapper):7] Screen.MainWindow : qbutton_clicked 실행 시작
[2022-09-23 11:52:18.499][I][AutoBaseFunction.py(wrapper):8] Parameter : None, 0, <Screen.MainWindow.QPushButtonIcon object at 0x0000022A52111EE8>, False
