[2022-09-23 11:11:57.249][D][LogManager.py(Init):12] LogManager Init function called !!!
[2022-09-23 11:11:57.261][I][AutoBaseFunction.py(wrapper):7] Screen.MainWindow : setupUi 실행 시작
[2022-09-23 11:11:57.262][I][AutoBaseFunction.py(wrapper):8] Parameter : 
[2022-09-23 11:11:57.277][I][AutoBaseFunction.py(wrapper):7] Screen.MainWindow : set_field 실행 시작
[2022-09-23 11:11:57.278][I][AutoBaseFunction.py(wrapper):8] Parameter : 
[2022-09-23 11:11:57.307][I][AutoBaseFunction.py(wrapper):14] Screen.MainWindow : set_field 실행 종료
[2022-09-23 11:11:57.308][I][AutoBaseFunction.py(wrapper):7] Screen.MainWindow : setWidget_func 실행 시작
[2022-09-23 11:11:57.309][I][AutoBaseFunction.py(wrapper):8] Parameter : 
[2022-09-23 11:11:57.311][I][AutoBaseFunction.py(wrapper):14] Screen.MainWindow : setWidget_func 실행 종료
[2022-09-23 11:11:57.313][I][AutoBaseFunction.py(wrapper):14] Screen.MainWindow : setupUi 실행 종료
[2022-09-23 11:11:57.319][I][AutoBaseFunction.py(wrapper):7] __main__ : __set_slot 실행 시작
[2022-09-23 11:11:57.319][I][AutoBaseFunction.py(wrapper):8] Parameter : 
[2022-09-23 11:11:57.320][I][AutoBaseFunction.py(wrapper):14] __main__ : __set_slot 실행 종료
[2022-09-23 11:11:57.320][I][AutoBaseFunction.py(wrapper):7] __main__ : __wigets_setupUi 실행 시작
[2022-09-23 11:11:57.320][I][AutoBaseFunction.py(wrapper):8] Parameter : 
[2022-09-23 11:11:57.321][I][AutoBaseFunction.py(wrapper):7] Screen.Setup_Language : setupUI_Language 실행 시작
[2022-09-23 11:11:57.321][I][AutoBaseFunction.py(wrapper):8] Parameter : 
[2022-09-23 11:11:57.322][I][AutoBaseFunction.py(wrapper):7] Screen.Setup_Language : sl_set_slot 실행 시작
[2022-09-23 11:11:57.322][I][AutoBaseFunction.py(wrapper):8] Parameter : 
[2022-09-23 11:11:57.323][I][AutoBaseFunction.py(wrapper):14] Screen.Setup_Language : sl_set_slot 실행 종료
[2022-09-23 11:11:57.323][I][AutoBaseFunction.py(wrapper):14] Screen.Setup_Language : setupUI_Language 실행 종료
[2022-09-23 11:11:57.323][I][AutoBaseFunction.py(wrapper):7] Screen.Menu_CreateExcel : setupUI_CreateExcel 실행 시작
[2022-09-23 11:11:57.323][I][AutoBaseFunction.py(wrapper):8] Parameter : 
[2022-09-23 11:11:57.324][I][AutoBaseFunction.py(wrapper):7] Screen.Menu_CreateExcel : new_excel_func 실행 시작
[2022-09-23 11:11:57.324][I][AutoBaseFunction.py(wrapper):8] Parameter : 
[2022-09-23 11:11:57.325][I][AutoBaseFunction.py(wrapper):14] Screen.Menu_CreateExcel : new_excel_func 실행 종료
[2022-09-23 11:11:57.325][I][AutoBaseFunction.py(wrapper):7] Screen.Menu_CreateExcel : set_excel_func 실행 시작
[2022-09-23 11:11:57.325][I][AutoBaseFunction.py(wrapper):8] Parameter : 
[2022-09-23 11:11:57.326][I][AutoBaseFunction.py(wrapper):14] Screen.Menu_CreateExcel : set_excel_func 실행 종료
[2022-09-23 11:11:57.326][I][AutoBaseFunction.py(wrapper):14] Screen.Menu_CreateExcel : setupUI_CreateExcel 실행 종료
[2022-09-23 11:11:57.326][I][AutoBaseFunction.py(wrapper):7] Screen.Setup_Field : setupUI_Field 실행 시작
[2022-09-23 11:11:57.327][I][AutoBaseFunction.py(wrapper):8] Parameter : 
[2022-09-23 11:11:57.328][I][AutoBaseFunction.py(wrapper):7] Screen.Setup_Field : set_data 실행 시작
[2022-09-23 11:11:57.329][I][AutoBaseFunction.py(wrapper):8] Parameter : 
[2022-09-23 11:11:57.329][I][AutoBaseFunction.py(wrapper):14] Screen.Setup_Field : set_data 실행 종료
[2022-09-23 11:11:57.591][I][AutoBaseFunction.py(wrapper):7] Screen.Setup_Field : set_data 실행 시작
[2022-09-23 11:11:57.591][I][AutoBaseFunction.py(wrapper):8] Parameter : 
[2022-09-23 11:11:57.591][I][AutoBaseFunction.py(wrapper):14] Screen.Setup_Field : set_data 실행 종료
[2022-09-23 11:11:57.592][I][AutoBaseFunction.py(wrapper):7] Screen.Setup_Field : set_data 실행 시작
[2022-09-23 11:11:57.592][I][AutoBaseFunction.py(wrapper):8] Parameter : 
[2022-09-23 11:11:57.593][I][AutoBaseFunction.py(wrapper):14] Screen.Setup_Field : set_data 실행 종료
[2022-09-23 11:11:57.593][I][AutoBaseFunction.py(wrapper):7] Screen.Setup_Field : set_data 실행 시작
[2022-09-23 11:11:57.593][I][AutoBaseFunction.py(wrapper):8] Parameter : 
[2022-09-23 11:11:57.594][I][AutoBaseFunction.py(wrapper):14] Screen.Setup_Field : set_data 실행 종료
[2022-09-23 11:11:57.595][I][AutoBaseFunction.py(wrapper):7] Screen.Setup_Field : set_data 실행 시작
[2022-09-23 11:11:57.595][I][AutoBaseFunction.py(wrapper):8] Parameter : 
[2022-09-23 11:11:57.595][I][AutoBaseFunction.py(wrapper):14] Screen.Setup_Field : set_data 실행 종료
[2022-09-23 11:11:57.596][I][AutoBaseFunction.py(wrapper):7] Screen.Setup_Field : set_data 실행 시작
[2022-09-23 11:11:57.596][I][AutoBaseFunction.py(wrapper):8] Parameter : 
[2022-09-23 11:11:57.596][I][AutoBaseFunction.py(wrapper):14] Screen.Setup_Field : set_data 실행 종료
[2022-09-23 11:11:57.597][I][AutoBaseFunction.py(wrapper):7] Screen.Setup_Field : sl_set_slot 실행 시작
[2022-09-23 11:11:57.597][I][AutoBaseFunction.py(wrapper):8] Parameter : 
[2022-09-23 11:11:57.597][I][AutoBaseFunction.py(wrapper):14] Screen.Setup_Field : sl_set_slot 실행 종료
[2022-09-23 11:11:57.598][I][AutoBaseFunction.py(wrapper):14] Screen.Setup_Field : setupUI_Field 실행 종료
[2022-09-23 11:11:57.598][I][AutoBaseFunction.py(wrapper):7] Screen.Setup_TestList : setupUI_TestList 실행 시작
[2022-09-23 11:11:57.598][I][AutoBaseFunction.py(wrapper):8] Parameter : 
[2022-09-23 11:11:57.599][I][AutoBaseFunction.py(wrapper):7] Screen.Setup_TestList : btn_set_slot 실행 시작
[2022-09-23 11:11:57.600][I][AutoBaseFunction.py(wrapper):8] Parameter : 
[2022-09-23 11:11:57.600][I][AutoBaseFunction.py(wrapper):14] Screen.Setup_TestList : btn_set_slot 실행 종료
[2022-09-23 11:11:57.600][I][AutoBaseFunction.py(wrapper):14] Screen.Setup_TestList : setupUI_TestList 실행 종료
[2022-09-23 11:11:57.601][I][AutoBaseFunction.py(wrapper):14] __main__ : __wigets_setupUi 실행 종료
[2022-09-23 11:12:14.200][I][AutoBaseFunction.py(wrapper):7] Screen.MainWindow : update_open_menu 실행 시작
[2022-09-23 11:12:14.201][I][AutoBaseFunction.py(wrapper):8] Parameter : 
[2022-09-23 11:12:14.202][I][AutoBaseFunction.py(wrapper):14] Screen.MainWindow : update_open_menu 실행 종료
[2022-09-23 11:12:15.108][I][AutoBaseFunction.py(wrapper):7] Screen.MainWindow : show_imgList 실행 시작
[2022-09-23 11:12:15.108][I][AutoBaseFunction.py(wrapper):8] Parameter : ('한국어', 'D:/test/TestList_CSV/2022_skillup'), True
[2022-09-23 11:12:15.131][I][AutoBaseFunction.py(wrapper):7] Screen.MainWindow : qbutton_clicked 실행 시작
[2022-09-23 11:12:15.132][I][AutoBaseFunction.py(wrapper):8] Parameter : 0, <Screen.MainWindow.QPushButtonIcon object at 0x0000021761FEFC18>, False
