[2022-09-23 10:16:28.038][D][LogManager.py(Init):12] LogManager Init function called !!!
[2022-09-23 10:16:28.050][I][AutoBaseFunction.py(wrapper):28] Screen.MainWindow : setupUi 실행 시작
[2022-09-23 10:16:28.051][I][AutoBaseFunction.py(wrapper):29] Parameter : 
[2022-09-23 10:16:28.066][I][AutoBaseFunction.py(wrapper):28] Screen.MainWindow : set_field 실행 시작
[2022-09-23 10:16:28.067][I][AutoBaseFunction.py(wrapper):29] Parameter : 
[2022-09-23 10:16:28.096][I][AutoBaseFunction.py(wrapper):36] Screen.MainWindow : set_field 실행 종료
[2022-09-23 10:16:28.096][I][AutoBaseFunction.py(wrapper):28] Screen.MainWindow : setWidget_func 실행 시작
[2022-09-23 10:16:28.097][I][AutoBaseFunction.py(wrapper):29] Parameter : 
[2022-09-23 10:16:28.098][I][AutoBaseFunction.py(wrapper):36] Screen.MainWindow : setWidget_func 실행 종료
[2022-09-23 10:16:28.101][I][AutoBaseFunction.py(wrapper):36] Screen.MainWindow : setupUi 실행 종료
[2022-09-23 10:16:28.109][I][AutoBaseFunction.py(wrapper):28] __main__ : __set_slot 실행 시작
[2022-09-23 10:16:28.110][I][AutoBaseFunction.py(wrapper):29] Parameter : 
[2022-09-23 10:16:28.110][I][AutoBaseFunction.py(wrapper):36] __main__ : __set_slot 실행 종료
[2022-09-23 10:16:28.111][I][AutoBaseFunction.py(wrapper):28] __main__ : __wigets_setupUi 실행 시작
[2022-09-23 10:16:28.111][I][AutoBaseFunction.py(wrapper):29] Parameter : 
[2022-09-23 10:16:28.111][I][AutoBaseFunction.py(wrapper):28] Screen.Setup_Language : setupUI_Language 실행 시작
[2022-09-23 10:16:28.112][I][AutoBaseFunction.py(wrapper):29] Parameter : 
[2022-09-23 10:16:28.112][I][AutoBaseFunction.py(wrapper):28] Screen.Setup_Language : sl_set_slot 실행 시작
[2022-09-23 10:16:28.113][I][AutoBaseFunction.py(wrapper):29] Parameter : 
[2022-09-23 10:16:28.113][I][AutoBaseFunction.py(wrapper):36] Screen.Setup_Language : sl_set_slot 실행 종료
[2022-09-23 10:16:28.114][I][AutoBaseFunction.py(wrapper):36] Screen.Setup_Language : setupUI_Language 실행 종료
[2022-09-23 10:16:28.114][I][AutoBaseFunction.py(wrapper):28] Screen.Menu_CreateExcel : setupUI_CreateExcel 실행 시작
[2022-09-23 10:16:28.114][I][AutoBaseFunction.py(wrapper):29] Parameter : 
[2022-09-23 10:16:28.115][I][AutoBaseFunction.py(wrapper):28] Screen.Menu_CreateExcel : new_excel_func 실행 시작
[2022-09-23 10:16:28.116][I][AutoBaseFunction.py(wrapper):29] Parameter : 
[2022-09-23 10:16:28.116][I][AutoBaseFunction.py(wrapper):36] Screen.Menu_CreateExcel : new_excel_func 실행 종료
[2022-09-23 10:16:28.117][I][AutoBaseFunction.py(wrapper):28] Screen.Menu_CreateExcel : set_excel_func 실행 시작
[2022-09-23 10:16:28.117][I][AutoBaseFunction.py(wrapper):29] Parameter : 
[2022-09-23 10:16:28.118][I][AutoBaseFunction.py(wrapper):36] Screen.Menu_CreateExcel : set_excel_func 실행 종료
[2022-09-23 10:16:28.118][I][AutoBaseFunction.py(wrapper):36] Screen.Menu_CreateExcel : setupUI_CreateExcel 실행 종료
[2022-09-23 10:16:28.118][I][AutoBaseFunction.py(wrapper):28] Screen.Setup_Field : setupUI_Field 실행 시작
[2022-09-23 10:16:28.119][I][AutoBaseFunction.py(wrapper):29] Parameter : 
[2022-09-23 10:16:28.121][I][AutoBaseFunction.py(wrapper):28] Screen.Setup_Field : set_data 실행 시작
[2022-09-23 10:16:28.121][I][AutoBaseFunction.py(wrapper):29] Parameter : 
[2022-09-23 10:16:28.122][I][AutoBaseFunction.py(wrapper):36] Screen.Setup_Field : set_data 실행 종료
[2022-09-23 10:16:28.374][I][AutoBaseFunction.py(wrapper):28] Screen.Setup_Field : set_data 실행 시작
[2022-09-23 10:16:28.374][I][AutoBaseFunction.py(wrapper):29] Parameter : 
[2022-09-23 10:16:28.375][I][AutoBaseFunction.py(wrapper):36] Screen.Setup_Field : set_data 실행 종료
[2022-09-23 10:16:28.376][I][AutoBaseFunction.py(wrapper):28] Screen.Setup_Field : set_data 실행 시작
[2022-09-23 10:16:28.376][I][AutoBaseFunction.py(wrapper):29] Parameter : 
[2022-09-23 10:16:28.377][I][AutoBaseFunction.py(wrapper):36] Screen.Setup_Field : set_data 실행 종료
[2022-09-23 10:16:28.377][I][AutoBaseFunction.py(wrapper):28] Screen.Setup_Field : set_data 실행 시작
[2022-09-23 10:16:28.377][I][AutoBaseFunction.py(wrapper):29] Parameter : 
[2022-09-23 10:16:28.378][I][AutoBaseFunction.py(wrapper):36] Screen.Setup_Field : set_data 실행 종료
[2022-09-23 10:16:28.378][I][AutoBaseFunction.py(wrapper):28] Screen.Setup_Field : set_data 실행 시작
[2022-09-23 10:16:28.378][I][AutoBaseFunction.py(wrapper):29] Parameter : 
[2022-09-23 10:16:28.379][I][AutoBaseFunction.py(wrapper):36] Screen.Setup_Field : set_data 실행 종료
[2022-09-23 10:16:28.379][I][AutoBaseFunction.py(wrapper):28] Screen.Setup_Field : set_data 실행 시작
[2022-09-23 10:16:28.379][I][AutoBaseFunction.py(wrapper):29] Parameter : 
[2022-09-23 10:16:28.380][I][AutoBaseFunction.py(wrapper):36] Screen.Setup_Field : set_data 실행 종료
[2022-09-23 10:16:28.380][I][AutoBaseFunction.py(wrapper):28] Screen.Setup_Field : sl_set_slot 실행 시작
[2022-09-23 10:16:28.380][I][AutoBaseFunction.py(wrapper):29] Parameter : 
[2022-09-23 10:16:28.380][I][AutoBaseFunction.py(wrapper):36] Screen.Setup_Field : sl_set_slot 실행 종료
[2022-09-23 10:16:28.380][I][AutoBaseFunction.py(wrapper):36] Screen.Setup_Field : setupUI_Field 실행 종료
[2022-09-23 10:16:28.381][I][AutoBaseFunction.py(wrapper):28] Screen.Setup_TestList : setupUI_TestList 실행 시작
[2022-09-23 10:16:28.381][I][AutoBaseFunction.py(wrapper):29] Parameter : 
[2022-09-23 10:16:28.382][I][AutoBaseFunction.py(wrapper):28] Screen.Setup_TestList : btn_set_slot 실행 시작
[2022-09-23 10:16:28.382][I][AutoBaseFunction.py(wrapper):29] Parameter : 
[2022-09-23 10:16:28.382][I][AutoBaseFunction.py(wrapper):36] Screen.Setup_TestList : btn_set_slot 실행 종료
[2022-09-23 10:16:28.382][I][AutoBaseFunction.py(wrapper):36] Screen.Setup_TestList : setupUI_TestList 실행 종료
[2022-09-23 10:16:28.383][I][AutoBaseFunction.py(wrapper):36] __main__ : __wigets_setupUi 실행 종료
[2022-09-23 10:16:29.308][I][AutoBaseFunction.py(wrapper):28] Screen.MainWindow : update_open_menu 실행 시작
[2022-09-23 10:16:29.308][I][AutoBaseFunction.py(wrapper):29] Parameter : 
[2022-09-23 10:16:29.310][I][AutoBaseFunction.py(wrapper):36] Screen.MainWindow : update_open_menu 실행 종료
[2022-09-23 10:16:30.434][I][AutoBaseFunction.py(wrapper):28] Screen.MainWindow : show_imgList 실행 시작
[2022-09-23 10:16:30.435][I][AutoBaseFunction.py(wrapper):29] Parameter : ('한국어', 'D:/test/TestList_CSV/2022_skillup'), True, True
