[2022-09-27 17:20:17.075][D][LogManager.py(Init):12] LogManager Init function called !!!
[2022-09-27 17:20:17.090][I][AutoBaseFunction.py(wrapper):7] Screen.MainWindow : setupUi 실행 시작
[2022-09-27 17:20:17.090][I][AutoBaseFunction.py(wrapper):8] Parameter : 
[2022-09-27 17:20:17.112][I][AutoBaseFunction.py(wrapper):7] Screen.MainWindow : set_field 실행 시작
[2022-09-27 17:20:17.112][I][AutoBaseFunction.py(wrapper):8] Parameter : 
[2022-09-27 17:20:17.124][I][AutoBaseFunction.py(wrapper):14] Screen.MainWindow : set_field 실행 종료
[2022-09-27 17:20:17.124][I][AutoBaseFunction.py(wrapper):7] Screen.MainWindow : setWidget_func 실행 시작
[2022-09-27 17:20:17.124][I][AutoBaseFunction.py(wrapper):8] Parameter : 
[2022-09-27 17:20:17.126][I][AutoBaseFunction.py(wrapper):14] Screen.MainWindow : setWidget_func 실행 종료
[2022-09-27 17:20:17.128][I][AutoBaseFunction.py(wrapper):14] Screen.MainWindow : setupUi 실행 종료
[2022-09-27 17:20:17.134][I][AutoBaseFunction.py(wrapper):7] __main__ : __set_slot 실행 시작
[2022-09-27 17:20:17.134][I][AutoBaseFunction.py(wrapper):8] Parameter : 
[2022-09-27 17:20:17.135][I][AutoBaseFunction.py(wrapper):14] __main__ : __set_slot 실행 종료
[2022-09-27 17:20:17.135][I][AutoBaseFunction.py(wrapper):7] __main__ : __wigets_setupUi 실행 시작
[2022-09-27 17:20:17.135][I][AutoBaseFunction.py(wrapper):8] Parameter : 
[2022-09-27 17:20:17.136][I][AutoBaseFunction.py(wrapper):7] Screen.Setup_Language : setupUI_Language 실행 시작
[2022-09-27 17:20:17.136][I][AutoBaseFunction.py(wrapper):8] Parameter : 
[2022-09-27 17:20:17.136][I][AutoBaseFunction.py(wrapper):7] Screen.Setup_Language : sl_set_slot 실행 시작
[2022-09-27 17:20:17.137][I][AutoBaseFunction.py(wrapper):8] Parameter : 
[2022-09-27 17:20:17.137][I][AutoBaseFunction.py(wrapper):14] Screen.Setup_Language : sl_set_slot 실행 종료
[2022-09-27 17:20:17.138][I][AutoBaseFunction.py(wrapper):14] Screen.Setup_Language : setupUI_Language 실행 종료
[2022-09-27 17:20:17.138][I][AutoBaseFunction.py(wrapper):7] Screen.Menu_CreateExcel : setupUI_CreateExcel 실행 시작
[2022-09-27 17:20:17.138][I][AutoBaseFunction.py(wrapper):8] Parameter : 
[2022-09-27 17:20:17.139][I][AutoBaseFunction.py(wrapper):7] Screen.Menu_CreateExcel : new_excel_func 실행 시작
[2022-09-27 17:20:17.140][I][AutoBaseFunction.py(wrapper):8] Parameter : 
[2022-09-27 17:20:17.140][I][AutoBaseFunction.py(wrapper):14] Screen.Menu_CreateExcel : new_excel_func 실행 종료
[2022-09-27 17:20:17.140][I][AutoBaseFunction.py(wrapper):7] Screen.Menu_CreateExcel : set_excel_func 실행 시작
[2022-09-27 17:20:17.141][I][AutoBaseFunction.py(wrapper):8] Parameter : 
[2022-09-27 17:20:17.141][I][AutoBaseFunction.py(wrapper):14] Screen.Menu_CreateExcel : set_excel_func 실행 종료
[2022-09-27 17:20:17.142][I][AutoBaseFunction.py(wrapper):14] Screen.Menu_CreateExcel : setupUI_CreateExcel 실행 종료
[2022-09-27 17:20:17.142][I][AutoBaseFunction.py(wrapper):7] Screen.Setup_Field : setupUI_Field 실행 시작
[2022-09-27 17:20:17.142][I][AutoBaseFunction.py(wrapper):8] Parameter : 
