[2022-09-23 17:19:45.173][D][LogManager.py(Init):12] LogManager Init function called !!!
[2022-09-23 17:19:45.189][I][AutoBaseFunction.py(wrapper):7] Screen.MainWindow : setupUi 실행 시작
[2022-09-23 17:19:45.189][I][AutoBaseFunction.py(wrapper):8] Parameter : 
[2022-09-23 17:19:45.211][I][AutoBaseFunction.py(wrapper):7] Screen.MainWindow : set_field 실행 시작
[2022-09-23 17:19:45.211][I][AutoBaseFunction.py(wrapper):8] Parameter : 
[2022-09-23 17:19:45.241][I][AutoBaseFunction.py(wrapper):14] Screen.MainWindow : set_field 실행 종료
[2022-09-23 17:19:45.241][I][AutoBaseFunction.py(wrapper):7] Screen.MainWindow : setWidget_func 실행 시작
[2022-09-23 17:19:45.242][I][AutoBaseFunction.py(wrapper):8] Parameter : 
[2022-09-23 17:19:45.243][I][AutoBaseFunction.py(wrapper):14] Screen.MainWindow : setWidget_func 실행 종료
[2022-09-23 17:19:45.247][I][AutoBaseFunction.py(wrapper):14] Screen.MainWindow : setupUi 실행 종료
[2022-09-23 17:19:45.252][I][AutoBaseFunction.py(wrapper):7] __main__ : __set_slot 실행 시작
[2022-09-23 17:19:45.253][I][AutoBaseFunction.py(wrapper):8] Parameter : 
[2022-09-23 17:19:45.253][I][AutoBaseFunction.py(wrapper):14] __main__ : __set_slot 실행 종료
[2022-09-23 17:19:45.253][I][AutoBaseFunction.py(wrapper):7] __main__ : __wigets_setupUi 실행 시작
[2022-09-23 17:19:45.253][I][AutoBaseFunction.py(wrapper):8] Parameter : 
[2022-09-23 17:19:45.254][I][AutoBaseFunction.py(wrapper):7] Screen.Setup_Language : setupUI_Language 실행 시작
[2022-09-23 17:19:45.254][I][AutoBaseFunction.py(wrapper):8] Parameter : 
[2022-09-23 17:19:45.255][I][AutoBaseFunction.py(wrapper):7] Screen.Setup_Language : sl_set_slot 실행 시작
[2022-09-23 17:19:45.255][I][AutoBaseFunction.py(wrapper):8] Parameter : 
[2022-09-23 17:19:45.255][I][AutoBaseFunction.py(wrapper):14] Screen.Setup_Language : sl_set_slot 실행 종료
[2022-09-23 17:19:45.255][I][AutoBaseFunction.py(wrapper):14] Screen.Setup_Language : setupUI_Language 실행 종료
[2022-09-23 17:19:45.256][I][AutoBaseFunction.py(wrapper):7] Screen.Menu_CreateExcel : setupUI_CreateExcel 실행 시작
[2022-09-23 17:19:45.256][I][AutoBaseFunction.py(wrapper):8] Parameter : 
[2022-09-23 17:19:45.257][I][AutoBaseFunction.py(wrapper):7] Screen.Menu_CreateExcel : new_excel_func 실행 시작
[2022-09-23 17:19:45.257][I][AutoBaseFunction.py(wrapper):8] Parameter : 
[2022-09-23 17:19:45.257][I][AutoBaseFunction.py(wrapper):14] Screen.Menu_CreateExcel : new_excel_func 실행 종료
[2022-09-23 17:19:45.257][I][AutoBaseFunction.py(wrapper):7] Screen.Menu_CreateExcel : set_excel_func 실행 시작
[2022-09-23 17:19:45.258][I][AutoBaseFunction.py(wrapper):8] Parameter : 
[2022-09-23 17:19:45.258][I][AutoBaseFunction.py(wrapper):14] Screen.Menu_CreateExcel : set_excel_func 실행 종료
[2022-09-23 17:19:45.258][I][AutoBaseFunction.py(wrapper):14] Screen.Menu_CreateExcel : setupUI_CreateExcel 실행 종료
[2022-09-23 17:19:45.258][I][AutoBaseFunction.py(wrapper):7] Screen.Setup_Field : setupUI_Field 실행 시작
[2022-09-23 17:19:45.259][I][AutoBaseFunction.py(wrapper):8] Parameter : 
[2022-09-23 17:19:45.259][I][AutoBaseFunction.py(wrapper):7] Screen.Setup_Field : set_data 실행 시작
[2022-09-23 17:19:45.259][I][AutoBaseFunction.py(wrapper):8] Parameter : 
[2022-09-23 17:19:45.260][I][AutoBaseFunction.py(wrapper):14] Screen.Setup_Field : set_data 실행 종료
[2022-09-23 17:19:45.498][I][AutoBaseFunction.py(wrapper):7] Screen.Setup_Field : set_data 실행 시작
[2022-09-23 17:19:45.498][I][AutoBaseFunction.py(wrapper):8] Parameter : 
[2022-09-23 17:19:45.499][I][AutoBaseFunction.py(wrapper):14] Screen.Setup_Field : set_data 실행 종료
[2022-09-23 17:19:45.499][I][AutoBaseFunction.py(wrapper):7] Screen.Setup_Field : set_data 실행 시작
[2022-09-23 17:19:45.499][I][AutoBaseFunction.py(wrapper):8] Parameter : 
[2022-09-23 17:19:45.500][I][AutoBaseFunction.py(wrapper):14] Screen.Setup_Field : set_data 실행 종료
[2022-09-23 17:19:45.500][I][AutoBaseFunction.py(wrapper):7] Screen.Setup_Field : set_data 실행 시작
[2022-09-23 17:19:45.501][I][AutoBaseFunction.py(wrapper):8] Parameter : 
[2022-09-23 17:19:45.501][I][AutoBaseFunction.py(wrapper):14] Screen.Setup_Field : set_data 실행 종료
[2022-09-23 17:19:45.502][I][AutoBaseFunction.py(wrapper):7] Screen.Setup_Field : set_data 실행 시작
[2022-09-23 17:19:45.502][I][AutoBaseFunction.py(wrapper):8] Parameter : 
[2022-09-23 17:19:45.503][I][AutoBaseFunction.py(wrapper):14] Screen.Setup_Field : set_data 실행 종료
[2022-09-23 17:19:45.503][I][AutoBaseFunction.py(wrapper):7] Screen.Setup_Field : set_data 실행 시작
[2022-09-23 17:19:45.504][I][AutoBaseFunction.py(wrapper):8] Parameter : 
[2022-09-23 17:19:45.504][I][AutoBaseFunction.py(wrapper):14] Screen.Setup_Field : set_data 실행 종료
[2022-09-23 17:19:45.504][I][AutoBaseFunction.py(wrapper):7] Screen.Setup_Field : sl_set_slot 실행 시작
[2022-09-23 17:19:45.505][I][AutoBaseFunction.py(wrapper):8] Parameter : 
[2022-09-23 17:19:45.505][I][AutoBaseFunction.py(wrapper):14] Screen.Setup_Field : sl_set_slot 실행 종료
[2022-09-23 17:19:45.505][I][AutoBaseFunction.py(wrapper):14] Screen.Setup_Field : setupUI_Field 실행 종료
[2022-09-23 17:19:45.506][I][AutoBaseFunction.py(wrapper):7] Screen.Setup_TestList : setupUI_TestList 실행 시작
[2022-09-23 17:19:45.506][I][AutoBaseFunction.py(wrapper):8] Parameter : 
[2022-09-23 17:19:45.507][I][AutoBaseFunction.py(wrapper):7] Screen.Setup_TestList : btn_set_slot 실행 시작
[2022-09-23 17:19:45.507][I][AutoBaseFunction.py(wrapper):8] Parameter : 
[2022-09-23 17:19:45.508][I][AutoBaseFunction.py(wrapper):14] Screen.Setup_TestList : btn_set_slot 실행 종료
[2022-09-23 17:19:45.508][I][AutoBaseFunction.py(wrapper):14] Screen.Setup_TestList : setupUI_TestList 실행 종료
[2022-09-23 17:19:45.509][I][AutoBaseFunction.py(wrapper):14] __main__ : __wigets_setupUi 실행 종료
[2022-09-23 17:19:47.378][I][AutoBaseFunction.py(wrapper):7] __main__ : __sl_ui 실행 시작
[2022-09-23 17:19:47.378][I][AutoBaseFunction.py(wrapper):8] Parameter : False
[2022-09-23 17:19:47.379][I][AutoBaseFunction.py(wrapper):7] Screen.Setup_Language : setLang_Button 실행 시작
[2022-09-23 17:19:47.379][I][AutoBaseFunction.py(wrapper):8] Parameter : 
[2022-09-23 17:19:47.381][I][AutoBaseFunction.py(wrapper):14] Screen.Setup_Language : setLang_Button 실행 종료
[2022-09-23 17:19:47.394][I][AutoBaseFunction.py(wrapper):14] __main__ : __sl_ui 실행 종료
[2022-09-23 17:19:48.378][I][AutoBaseFunction.py(wrapper):7] Screen.Setup_Language : closeEvent 실행 시작
[2022-09-23 17:19:48.378][I][AutoBaseFunction.py(wrapper):8] Parameter : <PyQt5.QtGui.QCloseEvent object at 0x00000292FEA3A798>
[2022-09-23 17:19:48.379][I][AutoBaseFunction.py(wrapper):14] Screen.Setup_Language : closeEvent 실행 종료
[2022-09-23 17:19:49.657][I][AutoBaseFunction.py(wrapper):7] __main__ : __sf_ui 실행 시작
[2022-09-23 17:19:49.657][I][AutoBaseFunction.py(wrapper):8] Parameter : False
