[2022-09-27 17:15:16.056][D][LogManager.py(Init):12] LogManager Init function called !!!
[2022-09-27 17:15:16.071][I][AutoBaseFunction.py(wrapper):7] Screen.MainWindow : setupUi 실행 시작
[2022-09-27 17:15:16.071][I][AutoBaseFunction.py(wrapper):8] Parameter : 
[2022-09-27 17:15:16.094][I][AutoBaseFunction.py(wrapper):7] Screen.MainWindow : set_field 실행 시작
[2022-09-27 17:15:16.095][I][AutoBaseFunction.py(wrapper):8] Parameter : 
[2022-09-27 17:15:16.128][I][AutoBaseFunction.py(wrapper):14] Screen.MainWindow : set_field 실행 종료
[2022-09-27 17:15:16.128][I][AutoBaseFunction.py(wrapper):7] Screen.MainWindow : setWidget_func 실행 시작
[2022-09-27 17:15:16.128][I][AutoBaseFunction.py(wrapper):8] Parameter : 
[2022-09-27 17:15:16.130][I][AutoBaseFunction.py(wrapper):14] Screen.MainWindow : setWidget_func 실행 종료
[2022-09-27 17:15:16.133][I][AutoBaseFunction.py(wrapper):14] Screen.MainWindow : setupUi 실행 종료
[2022-09-27 17:15:16.148][I][AutoBaseFunction.py(wrapper):7] __main__ : __set_slot 실행 시작
[2022-09-27 17:15:16.148][I][AutoBaseFunction.py(wrapper):8] Parameter : 
[2022-09-27 17:15:16.149][I][AutoBaseFunction.py(wrapper):14] __main__ : __set_slot 실행 종료
[2022-09-27 17:15:16.149][I][AutoBaseFunction.py(wrapper):7] __main__ : __wigets_setupUi 실행 시작
[2022-09-27 17:15:16.149][I][AutoBaseFunction.py(wrapper):8] Parameter : 
[2022-09-27 17:15:16.149][I][AutoBaseFunction.py(wrapper):7] Screen.Setup_Language : setupUI_Language 실행 시작
[2022-09-27 17:15:16.150][I][AutoBaseFunction.py(wrapper):8] Parameter : 
[2022-09-27 17:15:16.150][I][AutoBaseFunction.py(wrapper):7] Screen.Setup_Language : sl_set_slot 실행 시작
[2022-09-27 17:15:16.150][I][AutoBaseFunction.py(wrapper):8] Parameter : 
[2022-09-27 17:15:16.151][I][AutoBaseFunction.py(wrapper):14] Screen.Setup_Language : sl_set_slot 실행 종료
[2022-09-27 17:15:16.151][I][AutoBaseFunction.py(wrapper):14] Screen.Setup_Language : setupUI_Language 실행 종료
[2022-09-27 17:15:16.151][I][AutoBaseFunction.py(wrapper):7] Screen.Menu_CreateExcel : setupUI_CreateExcel 실행 시작
[2022-09-27 17:15:16.151][I][AutoBaseFunction.py(wrapper):8] Parameter : 
[2022-09-27 17:15:16.152][I][AutoBaseFunction.py(wrapper):7] Screen.Menu_CreateExcel : new_excel_func 실행 시작
[2022-09-27 17:15:16.152][I][AutoBaseFunction.py(wrapper):8] Parameter : 
[2022-09-27 17:15:16.153][I][AutoBaseFunction.py(wrapper):14] Screen.Menu_CreateExcel : new_excel_func 실행 종료
[2022-09-27 17:15:16.153][I][AutoBaseFunction.py(wrapper):7] Screen.Menu_CreateExcel : set_excel_func 실행 시작
[2022-09-27 17:15:16.153][I][AutoBaseFunction.py(wrapper):8] Parameter : 
[2022-09-27 17:15:16.153][I][AutoBaseFunction.py(wrapper):14] Screen.Menu_CreateExcel : set_excel_func 실행 종료
[2022-09-27 17:15:16.154][I][AutoBaseFunction.py(wrapper):14] Screen.Menu_CreateExcel : setupUI_CreateExcel 실행 종료
[2022-09-27 17:15:16.154][I][AutoBaseFunction.py(wrapper):7] Screen.Setup_Field : setupUI_Field 실행 시작
[2022-09-27 17:15:16.154][I][AutoBaseFunction.py(wrapper):8] Parameter : 
[2022-09-27 17:15:16.157][W][LogManager.py(set_warn):86] : Traceback (most recent call last):
  File "D:\test\TestList_CSV\2022_skillup\Settings\Setup.py", line 25, in read_ini__test
    example = self.config[table]
  File "c:\python\3_7_9x64\lib\configparser.py", line 958, in __getitem__
    raise KeyError(key)
KeyError: 'Field'

[2022-09-27 17:15:16.158][I][AutoBaseFunction.py(wrapper):7] Screen.Setup_Field : set_data 실행 시작
[2022-09-27 17:15:16.158][I][AutoBaseFunction.py(wrapper):8] Parameter : 
[2022-09-27 17:15:16.159][I][AutoBaseFunction.py(wrapper):14] Screen.Setup_Field : set_data 실행 종료
[2022-09-27 17:15:16.159][I][AutoBaseFunction.py(wrapper):7] Screen.Setup_Field : set_data 실행 시작
[2022-09-27 17:15:16.159][I][AutoBaseFunction.py(wrapper):8] Parameter : 
[2022-09-27 17:15:16.159][I][AutoBaseFunction.py(wrapper):14] Screen.Setup_Field : set_data 실행 종료
[2022-09-27 17:15:16.160][I][AutoBaseFunction.py(wrapper):7] Screen.Setup_Field : set_data 실행 시작
[2022-09-27 17:15:16.160][I][AutoBaseFunction.py(wrapper):8] Parameter : 
[2022-09-27 17:15:16.160][I][AutoBaseFunction.py(wrapper):14] Screen.Setup_Field : set_data 실행 종료
[2022-09-27 17:15:16.161][I][AutoBaseFunction.py(wrapper):7] Screen.Setup_Field : set_data 실행 시작
[2022-09-27 17:15:16.161][I][AutoBaseFunction.py(wrapper):8] Parameter : 
[2022-09-27 17:15:16.161][I][AutoBaseFunction.py(wrapper):14] Screen.Setup_Field : set_data 실행 종료
[2022-09-27 17:15:16.162][I][AutoBaseFunction.py(wrapper):7] Screen.Setup_Field : set_data 실행 시작
[2022-09-27 17:15:16.162][I][AutoBaseFunction.py(wrapper):8] Parameter : 
[2022-09-27 17:15:16.162][I][AutoBaseFunction.py(wrapper):14] Screen.Setup_Field : set_data 실행 종료
[2022-09-27 17:15:16.162][I][AutoBaseFunction.py(wrapper):7] Screen.Setup_Field : set_data 실행 시작
[2022-09-27 17:15:16.162][I][AutoBaseFunction.py(wrapper):8] Parameter : 
[2022-09-27 17:15:16.163][I][AutoBaseFunction.py(wrapper):14] Screen.Setup_Field : set_data 실행 종료
[2022-09-27 17:15:16.163][I][AutoBaseFunction.py(wrapper):7] Screen.Setup_Field : sl_set_slot 실행 시작
[2022-09-27 17:15:16.163][I][AutoBaseFunction.py(wrapper):8] Parameter : 
[2022-09-27 17:15:16.164][I][AutoBaseFunction.py(wrapper):14] Screen.Setup_Field : sl_set_slot 실행 종료
[2022-09-27 17:15:16.164][I][AutoBaseFunction.py(wrapper):14] Screen.Setup_Field : setupUI_Field 실행 종료
[2022-09-27 17:15:16.164][I][AutoBaseFunction.py(wrapper):7] Screen.Setup_TestList : setupUI_TestList 실행 시작
[2022-09-27 17:15:16.164][I][AutoBaseFunction.py(wrapper):8] Parameter : 
[2022-09-27 17:15:16.165][I][AutoBaseFunction.py(wrapper):7] Screen.Setup_TestList : btn_set_slot 실행 시작
[2022-09-27 17:15:16.165][I][AutoBaseFunction.py(wrapper):8] Parameter : 
[2022-09-27 17:15:16.165][I][AutoBaseFunction.py(wrapper):14] Screen.Setup_TestList : btn_set_slot 실행 종료
[2022-09-27 17:15:16.166][I][AutoBaseFunction.py(wrapper):14] Screen.Setup_TestList : setupUI_TestList 실행 종료
[2022-09-27 17:15:16.166][I][AutoBaseFunction.py(wrapper):14] __main__ : __wigets_setupUi 실행 종료
[2022-09-27 17:15:18.252][I][AutoBaseFunction.py(wrapper):7] __main__ : __sf_ui 실행 시작
[2022-09-27 17:15:18.252][I][AutoBaseFunction.py(wrapper):8] Parameter : False
[2022-09-27 17:15:18.266][I][AutoBaseFunction.py(wrapper):14] __main__ : __sf_ui 실행 종료
[2022-09-27 17:15:22.226][I][AutoBaseFunction.py(wrapper):7] Screen.Setup_Field : ok_Button_clicked 실행 시작
[2022-09-27 17:15:22.227][I][AutoBaseFunction.py(wrapper):8] Parameter : False
[2022-09-27 17:15:22.481][I][AutoBaseFunction.py(wrapper):7] Screen.MainWindow : set_field 실행 시작
[2022-09-27 17:15:22.481][I][AutoBaseFunction.py(wrapper):8] Parameter : 
[2022-09-27 17:15:22.482][I][AutoBaseFunction.py(wrapper):14] Screen.MainWindow : set_field 실행 종료
[2022-09-27 17:15:22.482][I][AutoBaseFunction.py(wrapper):7] Screen.Setup_Field : closeEvent 실행 시작
[2022-09-27 17:15:22.482][I][AutoBaseFunction.py(wrapper):8] Parameter : <PyQt5.QtGui.QCloseEvent object at 0x000001B04D623558>
[2022-09-27 17:15:22.483][I][AutoBaseFunction.py(wrapper):14] Screen.Setup_Field : closeEvent 실행 종료
[2022-09-27 17:15:22.489][I][AutoBaseFunction.py(wrapper):14] Screen.Setup_Field : ok_Button_clicked 실행 종료
[2022-09-27 17:15:25.340][I][AutoBaseFunction.py(wrapper):7] __main__ : __sf_ui 실행 시작
[2022-09-27 17:15:25.341][I][AutoBaseFunction.py(wrapper):8] Parameter : False
[2022-09-27 17:15:25.344][I][AutoBaseFunction.py(wrapper):14] __main__ : __sf_ui 실행 종료
[2022-09-27 17:15:26.635][I][AutoBaseFunction.py(wrapper):7] Screen.Setup_Field : closeEvent 실행 시작
[2022-09-27 17:15:26.635][I][AutoBaseFunction.py(wrapper):8] Parameter : <PyQt5.QtGui.QCloseEvent object at 0x000001B04D623558>
[2022-09-27 17:15:26.636][I][AutoBaseFunction.py(wrapper):14] Screen.Setup_Field : closeEvent 실행 종료
[2022-09-27 17:15:30.218][I][AutoBaseFunction.py(wrapper):7] Screen.MainWindow : closeEvent 실행 시작
[2022-09-27 17:15:30.219][I][AutoBaseFunction.py(wrapper):8] Parameter : <PyQt5.QtGui.QCloseEvent object at 0x000001B04D623558>
