[2022-09-26 17:13:50.664][D][LogManager.py(Init):12] LogManager Init function called !!!
[2022-09-26 17:13:50.677][I][AutoBaseFunction.py(wrapper):7] Screen.MainWindow : setupUi 실행 시작
[2022-09-26 17:13:50.678][I][AutoBaseFunction.py(wrapper):8] Parameter : 
[2022-09-26 17:13:50.695][I][AutoBaseFunction.py(wrapper):7] Screen.MainWindow : set_field 실행 시작
[2022-09-26 17:13:50.695][I][AutoBaseFunction.py(wrapper):8] Parameter : 
[2022-09-26 17:13:50.726][I][AutoBaseFunction.py(wrapper):14] Screen.MainWindow : set_field 실행 종료
[2022-09-26 17:13:50.727][I][AutoBaseFunction.py(wrapper):7] Screen.MainWindow : setWidget_func 실행 시작
[2022-09-26 17:13:50.728][I][AutoBaseFunction.py(wrapper):8] Parameter : 
[2022-09-26 17:13:50.730][I][AutoBaseFunction.py(wrapper):14] Screen.MainWindow : setWidget_func 실행 종료
[2022-09-26 17:13:50.734][I][AutoBaseFunction.py(wrapper):14] Screen.MainWindow : setupUi 실행 종료
[2022-09-26 17:13:50.750][I][AutoBaseFunction.py(wrapper):7] __main__ : __set_slot 실행 시작
[2022-09-26 17:13:50.750][I][AutoBaseFunction.py(wrapper):8] Parameter : 
[2022-09-26 17:13:50.751][I][AutoBaseFunction.py(wrapper):14] __main__ : __set_slot 실행 종료
[2022-09-26 17:13:50.751][I][AutoBaseFunction.py(wrapper):7] __main__ : __wigets_setupUi 실행 시작
[2022-09-26 17:13:50.751][I][AutoBaseFunction.py(wrapper):8] Parameter : 
[2022-09-26 17:13:50.752][I][AutoBaseFunction.py(wrapper):7] Screen.Setup_Language : setupUI_Language 실행 시작
[2022-09-26 17:13:50.752][I][AutoBaseFunction.py(wrapper):8] Parameter : 
[2022-09-26 17:13:50.753][I][AutoBaseFunction.py(wrapper):7] Screen.Setup_Language : sl_set_slot 실행 시작
[2022-09-26 17:13:50.753][I][AutoBaseFunction.py(wrapper):8] Parameter : 
[2022-09-26 17:13:50.753][I][AutoBaseFunction.py(wrapper):14] Screen.Setup_Language : sl_set_slot 실행 종료
[2022-09-26 17:13:50.753][I][AutoBaseFunction.py(wrapper):14] Screen.Setup_Language : setupUI_Language 실행 종료
[2022-09-26 17:13:50.754][I][AutoBaseFunction.py(wrapper):7] Screen.Menu_CreateExcel : setupUI_CreateExcel 실행 시작
[2022-09-26 17:13:50.754][I][AutoBaseFunction.py(wrapper):8] Parameter : 
[2022-09-26 17:13:50.754][I][AutoBaseFunction.py(wrapper):7] Screen.Menu_CreateExcel : new_excel_func 실행 시작
[2022-09-26 17:13:50.755][I][AutoBaseFunction.py(wrapper):8] Parameter : 
[2022-09-26 17:13:50.755][I][AutoBaseFunction.py(wrapper):14] Screen.Menu_CreateExcel : new_excel_func 실행 종료
[2022-09-26 17:13:50.756][I][AutoBaseFunction.py(wrapper):7] Screen.Menu_CreateExcel : set_excel_func 실행 시작
[2022-09-26 17:13:50.756][I][AutoBaseFunction.py(wrapper):8] Parameter : 
[2022-09-26 17:13:50.756][I][AutoBaseFunction.py(wrapper):14] Screen.Menu_CreateExcel : set_excel_func 실행 종료
[2022-09-26 17:13:50.757][I][AutoBaseFunction.py(wrapper):14] Screen.Menu_CreateExcel : setupUI_CreateExcel 실행 종료
[2022-09-26 17:13:50.757][I][AutoBaseFunction.py(wrapper):7] Screen.Setup_Field : setupUI_Field 실행 시작
[2022-09-26 17:13:50.757][I][AutoBaseFunction.py(wrapper):8] Parameter : 
[2022-09-26 17:13:50.759][I][AutoBaseFunction.py(wrapper):7] Screen.Setup_Field : set_data 실행 시작
[2022-09-26 17:13:50.759][I][AutoBaseFunction.py(wrapper):8] Parameter : 
[2022-09-26 17:13:50.759][I][AutoBaseFunction.py(wrapper):14] Screen.Setup_Field : set_data 실행 종료
[2022-09-26 17:13:50.999][I][AutoBaseFunction.py(wrapper):7] Screen.Setup_Field : set_data 실행 시작
[2022-09-26 17:13:51.000][I][AutoBaseFunction.py(wrapper):8] Parameter : 
[2022-09-26 17:13:51.000][I][AutoBaseFunction.py(wrapper):14] Screen.Setup_Field : set_data 실행 종료
[2022-09-26 17:13:51.001][I][AutoBaseFunction.py(wrapper):7] Screen.Setup_Field : set_data 실행 시작
[2022-09-26 17:13:51.001][I][AutoBaseFunction.py(wrapper):8] Parameter : 
[2022-09-26 17:13:51.001][I][AutoBaseFunction.py(wrapper):14] Screen.Setup_Field : set_data 실행 종료
[2022-09-26 17:13:51.002][I][AutoBaseFunction.py(wrapper):7] Screen.Setup_Field : set_data 실행 시작
[2022-09-26 17:13:51.002][I][AutoBaseFunction.py(wrapper):8] Parameter : 
[2022-09-26 17:13:51.002][I][AutoBaseFunction.py(wrapper):14] Screen.Setup_Field : set_data 실행 종료
[2022-09-26 17:13:51.003][I][AutoBaseFunction.py(wrapper):7] Screen.Setup_Field : set_data 실행 시작
[2022-09-26 17:13:51.003][I][AutoBaseFunction.py(wrapper):8] Parameter : 
[2022-09-26 17:13:51.003][I][AutoBaseFunction.py(wrapper):14] Screen.Setup_Field : set_data 실행 종료
[2022-09-26 17:13:51.004][I][AutoBaseFunction.py(wrapper):7] Screen.Setup_Field : set_data 실행 시작
[2022-09-26 17:13:51.004][I][AutoBaseFunction.py(wrapper):8] Parameter : 
[2022-09-26 17:13:51.004][I][AutoBaseFunction.py(wrapper):14] Screen.Setup_Field : set_data 실행 종료
[2022-09-26 17:13:51.005][I][AutoBaseFunction.py(wrapper):7] Screen.Setup_Field : sl_set_slot 실행 시작
[2022-09-26 17:13:51.005][I][AutoBaseFunction.py(wrapper):8] Parameter : 
[2022-09-26 17:13:51.005][I][AutoBaseFunction.py(wrapper):14] Screen.Setup_Field : sl_set_slot 실행 종료
[2022-09-26 17:13:51.005][I][AutoBaseFunction.py(wrapper):14] Screen.Setup_Field : setupUI_Field 실행 종료
[2022-09-26 17:13:51.005][I][AutoBaseFunction.py(wrapper):7] Screen.Setup_TestList : setupUI_TestList 실행 시작
[2022-09-26 17:13:51.005][I][AutoBaseFunction.py(wrapper):8] Parameter : 
[2022-09-26 17:13:51.006][I][AutoBaseFunction.py(wrapper):7] Screen.Setup_TestList : btn_set_slot 실행 시작
[2022-09-26 17:13:51.006][I][AutoBaseFunction.py(wrapper):8] Parameter : 
[2022-09-26 17:13:51.007][I][AutoBaseFunction.py(wrapper):14] Screen.Setup_TestList : btn_set_slot 실행 종료
[2022-09-26 17:13:51.007][I][AutoBaseFunction.py(wrapper):14] Screen.Setup_TestList : setupUI_TestList 실행 종료
[2022-09-26 17:13:51.007][I][AutoBaseFunction.py(wrapper):14] __main__ : __wigets_setupUi 실행 종료
[2022-09-26 17:13:53.152][I][AutoBaseFunction.py(wrapper):7] __main__ : __sl_ui 실행 시작
[2022-09-26 17:13:53.153][I][AutoBaseFunction.py(wrapper):8] Parameter : False
[2022-09-26 17:13:53.153][I][AutoBaseFunction.py(wrapper):7] Screen.Setup_Language : setLang_Button 실행 시작
[2022-09-26 17:13:53.154][I][AutoBaseFunction.py(wrapper):8] Parameter : 
[2022-09-26 17:13:53.154][I][AutoBaseFunction.py(wrapper):14] Screen.Setup_Language : setLang_Button 실행 종료
[2022-09-26 17:13:53.165][I][AutoBaseFunction.py(wrapper):14] __main__ : __sl_ui 실행 종료
[2022-09-26 17:14:02.847][I][AutoBaseFunction.py(wrapper):7] Screen.Setup_Language : ok_Button_clicked 실행 시작
[2022-09-26 17:14:02.848][I][AutoBaseFunction.py(wrapper):8] Parameter : False
