[2022-09-27 17:04:41.527][D][LogManager.py(Init):12] LogManager Init function called !!!
[2022-09-27 17:04:41.554][I][AutoBaseFunction.py(wrapper):7] Screen.MainWindow : setupUi 실행 시작
[2022-09-27 17:04:41.554][I][AutoBaseFunction.py(wrapper):8] Parameter : 
[2022-09-27 17:04:41.577][I][AutoBaseFunction.py(wrapper):7] Screen.MainWindow : set_field 실행 시작
[2022-09-27 17:04:41.578][I][AutoBaseFunction.py(wrapper):8] Parameter : 
[2022-09-27 17:04:41.617][I][AutoBaseFunction.py(wrapper):14] Screen.MainWindow : set_field 실행 종료
[2022-09-27 17:04:41.619][I][AutoBaseFunction.py(wrapper):7] Screen.MainWindow : setWidget_func 실행 시작
[2022-09-27 17:04:41.619][I][AutoBaseFunction.py(wrapper):8] Parameter : 
[2022-09-27 17:04:41.620][I][AutoBaseFunction.py(wrapper):14] Screen.MainWindow : setWidget_func 실행 종료
[2022-09-27 17:04:41.623][I][AutoBaseFunction.py(wrapper):14] Screen.MainWindow : setupUi 실행 종료
[2022-09-27 17:04:41.632][I][AutoBaseFunction.py(wrapper):7] __main__ : __set_slot 실행 시작
[2022-09-27 17:04:41.633][I][AutoBaseFunction.py(wrapper):8] Parameter : 
[2022-09-27 17:04:41.633][I][AutoBaseFunction.py(wrapper):14] __main__ : __set_slot 실행 종료
[2022-09-27 17:04:41.633][I][AutoBaseFunction.py(wrapper):7] __main__ : __wigets_setupUi 실행 시작
[2022-09-27 17:04:41.634][I][AutoBaseFunction.py(wrapper):8] Parameter : 
[2022-09-27 17:04:41.634][I][AutoBaseFunction.py(wrapper):7] Screen.Setup_Language : setupUI_Language 실행 시작
[2022-09-27 17:04:41.634][I][AutoBaseFunction.py(wrapper):8] Parameter : 
[2022-09-27 17:04:41.635][I][AutoBaseFunction.py(wrapper):7] Screen.Setup_Language : sl_set_slot 실행 시작
[2022-09-27 17:04:41.635][I][AutoBaseFunction.py(wrapper):8] Parameter : 
[2022-09-27 17:04:41.636][I][AutoBaseFunction.py(wrapper):14] Screen.Setup_Language : sl_set_slot 실행 종료
[2022-09-27 17:04:41.636][I][AutoBaseFunction.py(wrapper):14] Screen.Setup_Language : setupUI_Language 실행 종료
[2022-09-27 17:04:41.636][I][AutoBaseFunction.py(wrapper):7] Screen.Menu_CreateExcel : setupUI_CreateExcel 실행 시작
[2022-09-27 17:04:41.636][I][AutoBaseFunction.py(wrapper):8] Parameter : 
[2022-09-27 17:04:41.637][I][AutoBaseFunction.py(wrapper):7] Screen.Menu_CreateExcel : new_excel_func 실행 시작
[2022-09-27 17:04:41.638][I][AutoBaseFunction.py(wrapper):8] Parameter : 
[2022-09-27 17:04:41.638][I][AutoBaseFunction.py(wrapper):14] Screen.Menu_CreateExcel : new_excel_func 실행 종료
[2022-09-27 17:04:41.638][I][AutoBaseFunction.py(wrapper):7] Screen.Menu_CreateExcel : set_excel_func 실행 시작
[2022-09-27 17:04:41.638][I][AutoBaseFunction.py(wrapper):8] Parameter : 
[2022-09-27 17:04:41.639][I][AutoBaseFunction.py(wrapper):14] Screen.Menu_CreateExcel : set_excel_func 실행 종료
[2022-09-27 17:04:41.639][I][AutoBaseFunction.py(wrapper):14] Screen.Menu_CreateExcel : setupUI_CreateExcel 실행 종료
[2022-09-27 17:04:41.639][I][AutoBaseFunction.py(wrapper):7] Screen.Setup_Field : setupUI_Field 실행 시작
[2022-09-27 17:04:41.640][I][AutoBaseFunction.py(wrapper):8] Parameter : 
[2022-09-27 17:04:41.643][W][LogManager.py(set_warn):86] : Traceback (most recent call last):
  File "D:\test\TestList_CSV\2022_skillup\Settings\Setup.py", line 25, in read_ini__test
    example = self.config[table]
  File "c:\python\3_7_9x64\lib\configparser.py", line 958, in __getitem__
    raise KeyError(key)
KeyError: 'Field'

[2022-09-27 17:04:41.644][I][AutoBaseFunction.py(wrapper):7] Screen.Setup_Field : set_data 실행 시작
[2022-09-27 17:04:41.644][I][AutoBaseFunction.py(wrapper):8] Parameter : 
[2022-09-27 17:04:41.645][I][AutoBaseFunction.py(wrapper):14] Screen.Setup_Field : set_data 실행 종료
[2022-09-27 17:04:41.645][I][AutoBaseFunction.py(wrapper):7] Screen.Setup_Field : set_data 실행 시작
[2022-09-27 17:04:41.645][I][AutoBaseFunction.py(wrapper):8] Parameter : 
[2022-09-27 17:04:41.646][I][AutoBaseFunction.py(wrapper):14] Screen.Setup_Field : set_data 실행 종료
[2022-09-27 17:04:41.646][I][AutoBaseFunction.py(wrapper):7] Screen.Setup_Field : set_data 실행 시작
[2022-09-27 17:04:41.646][I][AutoBaseFunction.py(wrapper):8] Parameter : 
[2022-09-27 17:04:41.647][I][AutoBaseFunction.py(wrapper):14] Screen.Setup_Field : set_data 실행 종료
[2022-09-27 17:04:41.647][I][AutoBaseFunction.py(wrapper):7] Screen.Setup_Field : set_data 실행 시작
[2022-09-27 17:04:41.647][I][AutoBaseFunction.py(wrapper):8] Parameter : 
[2022-09-27 17:04:41.647][I][AutoBaseFunction.py(wrapper):14] Screen.Setup_Field : set_data 실행 종료
[2022-09-27 17:04:41.648][I][AutoBaseFunction.py(wrapper):7] Screen.Setup_Field : set_data 실행 시작
[2022-09-27 17:04:41.648][I][AutoBaseFunction.py(wrapper):8] Parameter : 
[2022-09-27 17:04:41.648][I][AutoBaseFunction.py(wrapper):14] Screen.Setup_Field : set_data 실행 종료
[2022-09-27 17:04:41.649][I][AutoBaseFunction.py(wrapper):7] Screen.Setup_Field : set_data 실행 시작
[2022-09-27 17:04:41.649][I][AutoBaseFunction.py(wrapper):8] Parameter : 
[2022-09-27 17:04:41.650][I][AutoBaseFunction.py(wrapper):14] Screen.Setup_Field : set_data 실행 종료
[2022-09-27 17:04:41.650][I][AutoBaseFunction.py(wrapper):7] Screen.Setup_Field : sl_set_slot 실행 시작
[2022-09-27 17:04:41.650][I][AutoBaseFunction.py(wrapper):8] Parameter : 
[2022-09-27 17:04:41.651][I][AutoBaseFunction.py(wrapper):14] Screen.Setup_Field : sl_set_slot 실행 종료
[2022-09-27 17:04:41.651][I][AutoBaseFunction.py(wrapper):14] Screen.Setup_Field : setupUI_Field 실행 종료
[2022-09-27 17:04:41.651][I][AutoBaseFunction.py(wrapper):7] Screen.Setup_TestList : setupUI_TestList 실행 시작
[2022-09-27 17:04:41.651][I][AutoBaseFunction.py(wrapper):8] Parameter : 
[2022-09-27 17:04:41.652][I][AutoBaseFunction.py(wrapper):7] Screen.Setup_TestList : btn_set_slot 실행 시작
[2022-09-27 17:04:41.653][I][AutoBaseFunction.py(wrapper):8] Parameter : 
[2022-09-27 17:04:41.653][I][AutoBaseFunction.py(wrapper):14] Screen.Setup_TestList : btn_set_slot 실행 종료
[2022-09-27 17:04:41.653][I][AutoBaseFunction.py(wrapper):14] Screen.Setup_TestList : setupUI_TestList 실행 종료
[2022-09-27 17:04:41.653][I][AutoBaseFunction.py(wrapper):14] __main__ : __wigets_setupUi 실행 종료
[2022-09-27 17:04:43.823][I][AutoBaseFunction.py(wrapper):7] __main__ : __sf_ui 실행 시작
[2022-09-27 17:04:43.824][I][AutoBaseFunction.py(wrapper):8] Parameter : False
[2022-09-27 17:04:43.835][I][AutoBaseFunction.py(wrapper):14] __main__ : __sf_ui 실행 종료
[2022-09-27 17:04:45.502][I][AutoBaseFunction.py(wrapper):7] Screen.Setup_Field : keyPressEvent 실행 시작
[2022-09-27 17:04:45.502][I][AutoBaseFunction.py(wrapper):8] Parameter : <PyQt5.QtGui.QKeyEvent object at 0x0000024495BCD168>
[2022-09-27 17:04:45.503][I][AutoBaseFunction.py(wrapper):14] Screen.Setup_Field : keyPressEvent 실행 종료
[2022-09-27 17:04:46.413][I][AutoBaseFunction.py(wrapper):7] Screen.Setup_Field : keyPressEvent 실행 시작
[2022-09-27 17:04:46.414][I][AutoBaseFunction.py(wrapper):8] Parameter : <PyQt5.QtGui.QKeyEvent object at 0x0000024495BCD168>
[2022-09-27 17:04:46.414][I][AutoBaseFunction.py(wrapper):14] Screen.Setup_Field : keyPressEvent 실행 종료
[2022-09-27 17:04:47.021][I][AutoBaseFunction.py(wrapper):7] Screen.Setup_Field : keyPressEvent 실행 시작
[2022-09-27 17:04:47.021][I][AutoBaseFunction.py(wrapper):8] Parameter : <PyQt5.QtGui.QKeyEvent object at 0x0000024495BCD168>
[2022-09-27 17:04:47.022][I][AutoBaseFunction.py(wrapper):14] Screen.Setup_Field : keyPressEvent 실행 종료
[2022-09-27 17:04:47.645][I][AutoBaseFunction.py(wrapper):7] Screen.Setup_Field : keyPressEvent 실행 시작
[2022-09-27 17:04:47.645][I][AutoBaseFunction.py(wrapper):8] Parameter : <PyQt5.QtGui.QKeyEvent object at 0x0000024495BCD168>
[2022-09-27 17:04:47.646][I][AutoBaseFunction.py(wrapper):14] Screen.Setup_Field : keyPressEvent 실행 종료
[2022-09-27 17:04:49.149][I][AutoBaseFunction.py(wrapper):7] Screen.Setup_Field : ok_Button_clicked 실행 시작
[2022-09-27 17:04:49.149][I][AutoBaseFunction.py(wrapper):8] Parameter : False
