[2022-09-22 11:56:43.487][D][LogManager.py(Init):12] LogManager Init function called !!!
[2022-09-22 11:56:43.556][I][AutoBaseFunction.py(wrapper):7] Screen.MainWindow : setupUi 실행 시작
[2022-09-22 11:56:43.557][I][AutoBaseFunction.py(wrapper):8] Parameter : 
[2022-09-22 11:56:43.582][I][AutoBaseFunction.py(wrapper):7] Screen.MainWindow : set_field 실행 시작
[2022-09-22 11:56:43.582][I][AutoBaseFunction.py(wrapper):8] Parameter : 
[2022-09-22 11:56:43.608][I][AutoBaseFunction.py(wrapper):14] Screen.MainWindow : set_field 실행 종료
[2022-09-22 11:56:43.609][I][AutoBaseFunction.py(wrapper):7] Screen.MainWindow : setWidget_func 실행 시작
[2022-09-22 11:56:43.609][I][AutoBaseFunction.py(wrapper):8] Parameter : 
[2022-09-22 11:56:43.610][I][AutoBaseFunction.py(wrapper):14] Screen.MainWindow : setWidget_func 실행 종료
[2022-09-22 11:56:43.613][I][AutoBaseFunction.py(wrapper):14] Screen.MainWindow : setupUi 실행 종료
[2022-09-22 11:56:43.620][I][AutoBaseFunction.py(wrapper):7] __main__ : __set_slot 실행 시작
[2022-09-22 11:56:43.620][I][AutoBaseFunction.py(wrapper):8] Parameter : 
[2022-09-22 11:56:43.621][I][AutoBaseFunction.py(wrapper):14] __main__ : __set_slot 실행 종료
[2022-09-22 11:56:43.621][I][AutoBaseFunction.py(wrapper):7] __main__ : __wigets_setupUi 실행 시작
[2022-09-22 11:56:43.621][I][AutoBaseFunction.py(wrapper):8] Parameter : 
[2022-09-22 11:56:43.622][I][AutoBaseFunction.py(wrapper):7] Screen.Setup_Language : setupUI_Language 실행 시작
[2022-09-22 11:56:43.622][I][AutoBaseFunction.py(wrapper):8] Parameter : 
[2022-09-22 11:56:43.623][I][AutoBaseFunction.py(wrapper):7] Screen.Setup_Language : sl_set_slot 실행 시작
[2022-09-22 11:56:43.623][I][AutoBaseFunction.py(wrapper):8] Parameter : 
[2022-09-22 11:56:43.623][I][AutoBaseFunction.py(wrapper):14] Screen.Setup_Language : sl_set_slot 실행 종료
[2022-09-22 11:56:43.623][I][AutoBaseFunction.py(wrapper):14] Screen.Setup_Language : setupUI_Language 실행 종료
[2022-09-22 11:56:43.624][I][AutoBaseFunction.py(wrapper):7] Screen.Menu_CreateExcel : setupUI_CreateExcel 실행 시작
[2022-09-22 11:56:43.624][I][AutoBaseFunction.py(wrapper):8] Parameter : 
[2022-09-22 11:56:43.625][I][AutoBaseFunction.py(wrapper):7] Screen.Menu_CreateExcel : new_excel_func 실행 시작
[2022-09-22 11:56:43.625][I][AutoBaseFunction.py(wrapper):8] Parameter : 
[2022-09-22 11:56:43.625][I][AutoBaseFunction.py(wrapper):14] Screen.Menu_CreateExcel : new_excel_func 실행 종료
[2022-09-22 11:56:43.626][I][AutoBaseFunction.py(wrapper):7] Screen.Menu_CreateExcel : set_excel_func 실행 시작
[2022-09-22 11:56:43.626][I][AutoBaseFunction.py(wrapper):8] Parameter : 
[2022-09-22 11:56:43.626][I][AutoBaseFunction.py(wrapper):14] Screen.Menu_CreateExcel : set_excel_func 실행 종료
[2022-09-22 11:56:43.627][I][AutoBaseFunction.py(wrapper):14] Screen.Menu_CreateExcel : setupUI_CreateExcel 실행 종료
[2022-09-22 11:56:43.627][I][AutoBaseFunction.py(wrapper):7] Screen.Setup_Field : setupUI_Field 실행 시작
[2022-09-22 11:56:43.627][I][AutoBaseFunction.py(wrapper):8] Parameter : 
[2022-09-22 11:56:43.628][I][AutoBaseFunction.py(wrapper):7] Screen.Setup_Field : set_data 실행 시작
[2022-09-22 11:56:43.628][I][AutoBaseFunction.py(wrapper):8] Parameter : 
[2022-09-22 11:56:43.629][I][AutoBaseFunction.py(wrapper):14] Screen.Setup_Field : set_data 실행 종료
[2022-09-22 11:56:43.873][I][AutoBaseFunction.py(wrapper):7] Screen.Setup_Field : set_data 실행 시작
[2022-09-22 11:56:43.874][I][AutoBaseFunction.py(wrapper):8] Parameter : 
[2022-09-22 11:56:43.874][I][AutoBaseFunction.py(wrapper):14] Screen.Setup_Field : set_data 실행 종료
[2022-09-22 11:56:43.874][I][AutoBaseFunction.py(wrapper):7] Screen.Setup_Field : set_data 실행 시작
[2022-09-22 11:56:43.875][I][AutoBaseFunction.py(wrapper):8] Parameter : 
[2022-09-22 11:56:43.875][I][AutoBaseFunction.py(wrapper):14] Screen.Setup_Field : set_data 실행 종료
[2022-09-22 11:56:43.875][I][AutoBaseFunction.py(wrapper):7] Screen.Setup_Field : set_data 실행 시작
[2022-09-22 11:56:43.876][I][AutoBaseFunction.py(wrapper):8] Parameter : 
[2022-09-22 11:56:43.876][I][AutoBaseFunction.py(wrapper):14] Screen.Setup_Field : set_data 실행 종료
[2022-09-22 11:56:43.877][I][AutoBaseFunction.py(wrapper):7] Screen.Setup_Field : set_data 실행 시작
[2022-09-22 11:56:43.877][I][AutoBaseFunction.py(wrapper):8] Parameter : 
[2022-09-22 11:56:43.877][I][AutoBaseFunction.py(wrapper):14] Screen.Setup_Field : set_data 실행 종료
[2022-09-22 11:56:43.877][I][AutoBaseFunction.py(wrapper):7] Screen.Setup_Field : set_data 실행 시작
[2022-09-22 11:56:43.877][I][AutoBaseFunction.py(wrapper):8] Parameter : 
[2022-09-22 11:56:43.878][I][AutoBaseFunction.py(wrapper):14] Screen.Setup_Field : set_data 실행 종료
[2022-09-22 11:56:43.878][I][AutoBaseFunction.py(wrapper):7] Screen.Setup_Field : sl_set_slot 실행 시작
[2022-09-22 11:56:43.878][I][AutoBaseFunction.py(wrapper):8] Parameter : 
[2022-09-22 11:56:43.879][I][AutoBaseFunction.py(wrapper):14] Screen.Setup_Field : sl_set_slot 실행 종료
[2022-09-22 11:56:43.879][I][AutoBaseFunction.py(wrapper):14] Screen.Setup_Field : setupUI_Field 실행 종료
[2022-09-22 11:56:43.879][I][AutoBaseFunction.py(wrapper):7] Screen.Setup_TestList : setupUI_TestList 실행 시작
[2022-09-22 11:56:43.879][I][AutoBaseFunction.py(wrapper):8] Parameter : 
[2022-09-22 11:56:43.880][I][AutoBaseFunction.py(wrapper):7] Screen.Setup_TestList : btn_set_slot 실행 시작
[2022-09-22 11:56:43.880][I][AutoBaseFunction.py(wrapper):8] Parameter : 
[2022-09-22 11:56:43.881][I][AutoBaseFunction.py(wrapper):14] Screen.Setup_TestList : btn_set_slot 실행 종료
[2022-09-22 11:56:43.881][I][AutoBaseFunction.py(wrapper):14] Screen.Setup_TestList : setupUI_TestList 실행 종료
[2022-09-22 11:56:43.881][I][AutoBaseFunction.py(wrapper):14] __main__ : __wigets_setupUi 실행 종료
[2022-09-22 11:58:48.833][I][AutoBaseFunction.py(wrapper):7] Screen.MainWindow : update_open_menu 실행 시작
[2022-09-22 11:58:48.833][I][AutoBaseFunction.py(wrapper):8] Parameter : 
[2022-09-22 11:58:48.835][I][AutoBaseFunction.py(wrapper):14] Screen.MainWindow : update_open_menu 실행 종료
[2022-09-22 11:58:57.720][I][AutoBaseFunction.py(wrapper):7] Screen.MainWindow : allPass_clicked 실행 시작
[2022-09-22 11:58:57.721][I][AutoBaseFunction.py(wrapper):8] Parameter : False
[2022-09-22 11:58:57.721][I][AutoBaseFunction.py(wrapper):14] Screen.MainWindow : allPass_clicked 실행 종료
[2022-09-22 11:58:58.400][I][AutoBaseFunction.py(wrapper):7] Screen.MainWindow : allFail_clicked 실행 시작
[2022-09-22 11:58:58.400][I][AutoBaseFunction.py(wrapper):8] Parameter : False
[2022-09-22 11:58:58.401][I][AutoBaseFunction.py(wrapper):14] Screen.MainWindow : allFail_clicked 실행 종료
[2022-09-22 11:58:59.888][I][AutoBaseFunction.py(wrapper):7] Screen.MainWindow : update_open_menu 실행 시작
[2022-09-22 11:58:59.888][I][AutoBaseFunction.py(wrapper):8] Parameter : 
[2022-09-22 11:58:59.889][I][AutoBaseFunction.py(wrapper):14] Screen.MainWindow : update_open_menu 실행 종료
[2022-09-22 11:59:02.616][I][AutoBaseFunction.py(wrapper):7] __main__ : __sl_ui 실행 시작
[2022-09-22 11:59:02.616][I][AutoBaseFunction.py(wrapper):8] Parameter : False
[2022-09-22 11:59:02.617][I][AutoBaseFunction.py(wrapper):7] Screen.Setup_Language : setLang_Button 실행 시작
[2022-09-22 11:59:02.617][I][AutoBaseFunction.py(wrapper):8] Parameter : 
[2022-09-22 11:59:02.619][I][AutoBaseFunction.py(wrapper):14] Screen.Setup_Language : setLang_Button 실행 종료
[2022-09-22 11:59:02.632][I][AutoBaseFunction.py(wrapper):14] __main__ : __sl_ui 실행 종료
[2022-09-22 11:59:07.648][I][AutoBaseFunction.py(wrapper):7] Screen.Setup_Language : closeEvent 실행 시작
[2022-09-22 11:59:07.648][I][AutoBaseFunction.py(wrapper):8] Parameter : <PyQt5.QtGui.QCloseEvent object at 0x0000021DE2499A68>
[2022-09-22 11:59:09.131][I][AutoBaseFunction.py(wrapper):14] Screen.Setup_Language : closeEvent 실행 종료
[2022-09-22 11:59:10.271][I][AutoBaseFunction.py(wrapper):7] Screen.MainWindow : update_open_menu 실행 시작
[2022-09-22 11:59:10.272][I][AutoBaseFunction.py(wrapper):8] Parameter : 
[2022-09-22 11:59:10.273][I][AutoBaseFunction.py(wrapper):14] Screen.MainWindow : update_open_menu 실행 종료
[2022-09-22 12:00:20.942][I][AutoBaseFunction.py(wrapper):7] Screen.MainWindow : closeEvent 실행 시작
[2022-09-22 12:00:20.942][I][AutoBaseFunction.py(wrapper):8] Parameter : <PyQt5.QtGui.QCloseEvent object at 0x0000021DE2499D38>
