[2022-09-23 09:52:45.436][D][LogManager.py(Init):12] LogManager Init function called !!!
[2022-09-23 09:52:45.450][I][AutoBaseFunction.py(wrapper):7] Screen.MainWindow : setupUi 실행 시작
[2022-09-23 09:52:45.450][I][AutoBaseFunction.py(wrapper):8] Parameter : 
[2022-09-23 09:52:45.468][I][AutoBaseFunction.py(wrapper):7] Screen.MainWindow : set_field 실행 시작
[2022-09-23 09:52:45.469][I][AutoBaseFunction.py(wrapper):8] Parameter : 
[2022-09-23 09:52:45.501][I][AutoBaseFunction.py(wrapper):14] Screen.MainWindow : set_field 실행 종료
[2022-09-23 09:52:45.502][I][AutoBaseFunction.py(wrapper):7] Screen.MainWindow : setWidget_func 실행 시작
[2022-09-23 09:52:45.502][I][AutoBaseFunction.py(wrapper):8] Parameter : 
[2022-09-23 09:52:45.504][I][AutoBaseFunction.py(wrapper):14] Screen.MainWindow : setWidget_func 실행 종료
[2022-09-23 09:52:45.507][I][AutoBaseFunction.py(wrapper):14] Screen.MainWindow : setupUi 실행 종료
[2022-09-23 09:52:45.513][I][AutoBaseFunction.py(wrapper):7] __main__ : __set_slot 실행 시작
[2022-09-23 09:52:45.513][I][AutoBaseFunction.py(wrapper):8] Parameter : 
[2022-09-23 09:52:45.514][I][AutoBaseFunction.py(wrapper):14] __main__ : __set_slot 실행 종료
[2022-09-23 09:52:45.514][I][AutoBaseFunction.py(wrapper):7] __main__ : __wigets_setupUi 실행 시작
[2022-09-23 09:52:45.514][I][AutoBaseFunction.py(wrapper):8] Parameter : 
[2022-09-23 09:52:45.514][I][AutoBaseFunction.py(wrapper):7] Screen.Setup_Language : setupUI_Language 실행 시작
[2022-09-23 09:52:45.515][I][AutoBaseFunction.py(wrapper):8] Parameter : 
[2022-09-23 09:52:45.515][I][AutoBaseFunction.py(wrapper):7] Screen.Setup_Language : sl_set_slot 실행 시작
[2022-09-23 09:52:45.515][I][AutoBaseFunction.py(wrapper):8] Parameter : 
[2022-09-23 09:52:45.516][I][AutoBaseFunction.py(wrapper):14] Screen.Setup_Language : sl_set_slot 실행 종료
[2022-09-23 09:52:45.516][I][AutoBaseFunction.py(wrapper):14] Screen.Setup_Language : setupUI_Language 실행 종료
[2022-09-23 09:52:45.516][I][AutoBaseFunction.py(wrapper):7] Screen.Menu_CreateExcel : setupUI_CreateExcel 실행 시작
[2022-09-23 09:52:45.516][I][AutoBaseFunction.py(wrapper):8] Parameter : 
[2022-09-23 09:52:45.517][I][AutoBaseFunction.py(wrapper):7] Screen.Menu_CreateExcel : new_excel_func 실행 시작
[2022-09-23 09:52:45.517][I][AutoBaseFunction.py(wrapper):8] Parameter : 
[2022-09-23 09:52:45.517][I][AutoBaseFunction.py(wrapper):14] Screen.Menu_CreateExcel : new_excel_func 실행 종료
[2022-09-23 09:52:45.518][I][AutoBaseFunction.py(wrapper):7] Screen.Menu_CreateExcel : set_excel_func 실행 시작
[2022-09-23 09:52:45.518][I][AutoBaseFunction.py(wrapper):8] Parameter : 
[2022-09-23 09:52:45.518][I][AutoBaseFunction.py(wrapper):14] Screen.Menu_CreateExcel : set_excel_func 실행 종료
[2022-09-23 09:52:45.518][I][AutoBaseFunction.py(wrapper):14] Screen.Menu_CreateExcel : setupUI_CreateExcel 실행 종료
[2022-09-23 09:52:45.519][I][AutoBaseFunction.py(wrapper):7] Screen.Setup_Field : setupUI_Field 실행 시작
[2022-09-23 09:52:45.519][I][AutoBaseFunction.py(wrapper):8] Parameter : 
[2022-09-23 09:52:45.519][I][AutoBaseFunction.py(wrapper):7] Screen.Setup_Field : set_data 실행 시작
[2022-09-23 09:52:45.519][I][AutoBaseFunction.py(wrapper):8] Parameter : 
[2022-09-23 09:52:45.520][I][AutoBaseFunction.py(wrapper):14] Screen.Setup_Field : set_data 실행 종료
[2022-09-23 09:52:45.749][I][AutoBaseFunction.py(wrapper):7] Screen.Setup_Field : set_data 실행 시작
[2022-09-23 09:52:45.750][I][AutoBaseFunction.py(wrapper):8] Parameter : 
[2022-09-23 09:52:45.750][I][AutoBaseFunction.py(wrapper):14] Screen.Setup_Field : set_data 실행 종료
[2022-09-23 09:52:45.751][I][AutoBaseFunction.py(wrapper):7] Screen.Setup_Field : set_data 실행 시작
[2022-09-23 09:52:45.751][I][AutoBaseFunction.py(wrapper):8] Parameter : 
[2022-09-23 09:52:45.752][I][AutoBaseFunction.py(wrapper):14] Screen.Setup_Field : set_data 실행 종료
[2022-09-23 09:52:45.752][I][AutoBaseFunction.py(wrapper):7] Screen.Setup_Field : set_data 실행 시작
[2022-09-23 09:52:45.752][I][AutoBaseFunction.py(wrapper):8] Parameter : 
[2022-09-23 09:52:45.752][I][AutoBaseFunction.py(wrapper):14] Screen.Setup_Field : set_data 실행 종료
[2022-09-23 09:52:45.753][I][AutoBaseFunction.py(wrapper):7] Screen.Setup_Field : set_data 실행 시작
[2022-09-23 09:52:45.753][I][AutoBaseFunction.py(wrapper):8] Parameter : 
[2022-09-23 09:52:45.753][I][AutoBaseFunction.py(wrapper):14] Screen.Setup_Field : set_data 실행 종료
[2022-09-23 09:52:45.753][I][AutoBaseFunction.py(wrapper):7] Screen.Setup_Field : set_data 실행 시작
[2022-09-23 09:52:45.753][I][AutoBaseFunction.py(wrapper):8] Parameter : 
[2022-09-23 09:52:45.754][I][AutoBaseFunction.py(wrapper):14] Screen.Setup_Field : set_data 실행 종료
[2022-09-23 09:52:45.754][I][AutoBaseFunction.py(wrapper):7] Screen.Setup_Field : sl_set_slot 실행 시작
[2022-09-23 09:52:45.754][I][AutoBaseFunction.py(wrapper):8] Parameter : 
[2022-09-23 09:52:45.754][I][AutoBaseFunction.py(wrapper):14] Screen.Setup_Field : sl_set_slot 실행 종료
[2022-09-23 09:52:45.754][I][AutoBaseFunction.py(wrapper):14] Screen.Setup_Field : setupUI_Field 실행 종료
[2022-09-23 09:52:45.754][I][AutoBaseFunction.py(wrapper):7] Screen.Setup_TestList : setupUI_TestList 실행 시작
[2022-09-23 09:52:45.754][I][AutoBaseFunction.py(wrapper):8] Parameter : 
[2022-09-23 09:52:45.755][I][AutoBaseFunction.py(wrapper):7] Screen.Setup_TestList : btn_set_slot 실행 시작
[2022-09-23 09:52:45.755][I][AutoBaseFunction.py(wrapper):8] Parameter : 
[2022-09-23 09:52:45.756][I][AutoBaseFunction.py(wrapper):14] Screen.Setup_TestList : btn_set_slot 실행 종료
[2022-09-23 09:52:45.756][I][AutoBaseFunction.py(wrapper):14] Screen.Setup_TestList : setupUI_TestList 실행 종료
[2022-09-23 09:52:45.756][I][AutoBaseFunction.py(wrapper):14] __main__ : __wigets_setupUi 실행 종료
[2022-09-23 09:52:47.649][I][AutoBaseFunction.py(wrapper):7] __main__ : __sl_ui 실행 시작
[2022-09-23 09:52:47.649][I][AutoBaseFunction.py(wrapper):8] Parameter : False
[2022-09-23 09:52:47.650][I][AutoBaseFunction.py(wrapper):7] Screen.Setup_Language : setLang_Button 실행 시작
[2022-09-23 09:52:47.650][I][AutoBaseFunction.py(wrapper):8] Parameter : 
[2022-09-23 09:52:47.651][I][AutoBaseFunction.py(wrapper):14] Screen.Setup_Language : setLang_Button 실행 종료
[2022-09-23 09:52:47.664][I][AutoBaseFunction.py(wrapper):14] __main__ : __sl_ui 실행 종료
[2022-09-23 09:52:48.967][I][AutoBaseFunction.py(wrapper):7] Screen.Setup_Language : ok_Button_clicked 실행 시작
[2022-09-23 09:52:48.968][I][AutoBaseFunction.py(wrapper):8] Parameter : False
[2022-09-23 09:52:49.052][I][AutoBaseFunction.py(wrapper):7] Screen.Setup_Language : closeEvent 실행 시작
[2022-09-23 09:52:49.052][I][AutoBaseFunction.py(wrapper):8] Parameter : <PyQt5.QtGui.QCloseEvent object at 0x000002462AD78798>
[2022-09-23 09:52:49.053][I][AutoBaseFunction.py(wrapper):14] Screen.Setup_Language : closeEvent 실행 종료
[2022-09-23 09:52:49.057][I][AutoBaseFunction.py(wrapper):14] Screen.Setup_Language : ok_Button_clicked 실행 종료
[2022-09-23 09:52:49.977][I][AutoBaseFunction.py(wrapper):7] Screen.MainWindow : update_open_menu 실행 시작
[2022-09-23 09:52:49.977][I][AutoBaseFunction.py(wrapper):8] Parameter : 
[2022-09-23 09:52:49.979][I][AutoBaseFunction.py(wrapper):14] Screen.MainWindow : update_open_menu 실행 종료
[2022-09-23 09:52:51.458][I][AutoBaseFunction.py(wrapper):7] Screen.MainWindow : show_imgList 실행 시작
[2022-09-23 09:52:51.458][I][AutoBaseFunction.py(wrapper):8] Parameter : ('한국어', 'D:/test/TestList_CSV/2022_skillup'), True, True
[2022-09-23 09:52:51.460][W][LogManager.py(set_warn):86] : Traceback (most recent call last):
  File "D:\test\TestList_CSV\2022_skillup\Helper\AutoBaseFunction.py", line 13, in wrapper
    func(self, *args)
TypeError: show_imgList() takes 3 positional arguments but 4 were given

[2022-09-23 09:53:24.528][I][AutoBaseFunction.py(wrapper):7] Screen.MainWindow : closeEvent 실행 시작
[2022-09-23 09:53:24.528][I][AutoBaseFunction.py(wrapper):8] Parameter : <PyQt5.QtGui.QCloseEvent object at 0x000002462AD92048>
