[2022-09-22 11:04:54.596][D][LogManager.py(Init):12] LogManager Init function called !!!
[2022-09-22 11:04:54.609][I][AutoBaseFunction.py(wrapper):7] Screen.MainWindow : setupUi 실행 시작
[2022-09-22 11:04:54.609][I][AutoBaseFunction.py(wrapper):8] Parameter : 
[2022-09-22 11:04:54.624][I][AutoBaseFunction.py(wrapper):7] Screen.MainWindow : set_field 실행 시작
[2022-09-22 11:04:54.624][I][AutoBaseFunction.py(wrapper):8] Parameter : 
[2022-09-22 11:04:54.651][I][AutoBaseFunction.py(wrapper):14] Screen.MainWindow : set_field 실행 종료
[2022-09-22 11:04:54.652][I][AutoBaseFunction.py(wrapper):7] Screen.MainWindow : setWidget_func 실행 시작
[2022-09-22 11:04:54.652][I][AutoBaseFunction.py(wrapper):8] Parameter : 
[2022-09-22 11:04:54.653][I][AutoBaseFunction.py(wrapper):14] Screen.MainWindow : setWidget_func 실행 종료
[2022-09-22 11:04:54.656][I][AutoBaseFunction.py(wrapper):14] Screen.MainWindow : setupUi 실행 종료
[2022-09-22 11:04:54.662][I][AutoBaseFunction.py(wrapper):7] __main__ : __set_slot 실행 시작
[2022-09-22 11:04:54.662][I][AutoBaseFunction.py(wrapper):8] Parameter : 
[2022-09-22 11:04:54.662][I][AutoBaseFunction.py(wrapper):14] __main__ : __set_slot 실행 종료
[2022-09-22 11:04:54.663][I][AutoBaseFunction.py(wrapper):7] __main__ : __wigets_setupUi 실행 시작
[2022-09-22 11:04:54.663][I][AutoBaseFunction.py(wrapper):8] Parameter : 
[2022-09-22 11:04:54.663][I][AutoBaseFunction.py(wrapper):7] Screen.Setup_Language : setupUI_Language 실행 시작
[2022-09-22 11:04:54.664][I][AutoBaseFunction.py(wrapper):8] Parameter : 
[2022-09-22 11:04:54.664][I][AutoBaseFunction.py(wrapper):7] Screen.Setup_Language : sl_set_slot 실행 시작
[2022-09-22 11:04:54.665][I][AutoBaseFunction.py(wrapper):8] Parameter : 
[2022-09-22 11:04:54.665][I][AutoBaseFunction.py(wrapper):14] Screen.Setup_Language : sl_set_slot 실행 종료
[2022-09-22 11:04:54.665][I][AutoBaseFunction.py(wrapper):14] Screen.Setup_Language : setupUI_Language 실행 종료
[2022-09-22 11:04:54.666][I][AutoBaseFunction.py(wrapper):7] Screen.Menu_CreateExcel : setupUI_CreateExcel 실행 시작
[2022-09-22 11:04:54.666][I][AutoBaseFunction.py(wrapper):8] Parameter : 
[2022-09-22 11:04:54.667][I][AutoBaseFunction.py(wrapper):7] Screen.Menu_CreateExcel : new_excel_func 실행 시작
[2022-09-22 11:04:54.667][I][AutoBaseFunction.py(wrapper):8] Parameter : 
[2022-09-22 11:04:54.667][I][AutoBaseFunction.py(wrapper):14] Screen.Menu_CreateExcel : new_excel_func 실행 종료
[2022-09-22 11:04:54.668][I][AutoBaseFunction.py(wrapper):7] Screen.Menu_CreateExcel : set_excel_func 실행 시작
[2022-09-22 11:04:54.668][I][AutoBaseFunction.py(wrapper):8] Parameter : 
[2022-09-22 11:04:54.668][I][AutoBaseFunction.py(wrapper):14] Screen.Menu_CreateExcel : set_excel_func 실행 종료
[2022-09-22 11:04:54.669][I][AutoBaseFunction.py(wrapper):14] Screen.Menu_CreateExcel : setupUI_CreateExcel 실행 종료
[2022-09-22 11:04:54.669][I][AutoBaseFunction.py(wrapper):7] Screen.Setup_Field : setupUI_Field 실행 시작
[2022-09-22 11:04:54.669][I][AutoBaseFunction.py(wrapper):8] Parameter : 
[2022-09-22 11:04:54.669][I][AutoBaseFunction.py(wrapper):7] Screen.Setup_Field : set_data 실행 시작
[2022-09-22 11:04:54.670][I][AutoBaseFunction.py(wrapper):8] Parameter : 
[2022-09-22 11:04:54.670][I][AutoBaseFunction.py(wrapper):14] Screen.Setup_Field : set_data 실행 종료
[2022-09-22 11:04:54.904][I][AutoBaseFunction.py(wrapper):7] Screen.Setup_Field : set_data 실행 시작
[2022-09-22 11:04:54.904][I][AutoBaseFunction.py(wrapper):8] Parameter : 
[2022-09-22 11:04:54.905][I][AutoBaseFunction.py(wrapper):14] Screen.Setup_Field : set_data 실행 종료
[2022-09-22 11:04:54.905][I][AutoBaseFunction.py(wrapper):7] Screen.Setup_Field : set_data 실행 시작
[2022-09-22 11:04:54.905][I][AutoBaseFunction.py(wrapper):8] Parameter : 
[2022-09-22 11:04:54.906][I][AutoBaseFunction.py(wrapper):14] Screen.Setup_Field : set_data 실행 종료
[2022-09-22 11:04:54.906][I][AutoBaseFunction.py(wrapper):7] Screen.Setup_Field : set_data 실행 시작
[2022-09-22 11:04:54.906][I][AutoBaseFunction.py(wrapper):8] Parameter : 
[2022-09-22 11:04:54.906][I][AutoBaseFunction.py(wrapper):14] Screen.Setup_Field : set_data 실행 종료
[2022-09-22 11:04:54.907][I][AutoBaseFunction.py(wrapper):7] Screen.Setup_Field : set_data 실행 시작
[2022-09-22 11:04:54.907][I][AutoBaseFunction.py(wrapper):8] Parameter : 
[2022-09-22 11:04:54.907][I][AutoBaseFunction.py(wrapper):14] Screen.Setup_Field : set_data 실행 종료
[2022-09-22 11:04:54.907][I][AutoBaseFunction.py(wrapper):7] Screen.Setup_Field : set_data 실행 시작
[2022-09-22 11:04:54.908][I][AutoBaseFunction.py(wrapper):8] Parameter : 
[2022-09-22 11:04:54.908][I][AutoBaseFunction.py(wrapper):14] Screen.Setup_Field : set_data 실행 종료
[2022-09-22 11:04:54.908][I][AutoBaseFunction.py(wrapper):7] Screen.Setup_Field : sl_set_slot 실행 시작
[2022-09-22 11:04:54.908][I][AutoBaseFunction.py(wrapper):8] Parameter : 
[2022-09-22 11:04:54.909][I][AutoBaseFunction.py(wrapper):14] Screen.Setup_Field : sl_set_slot 실행 종료
[2022-09-22 11:04:54.909][I][AutoBaseFunction.py(wrapper):14] Screen.Setup_Field : setupUI_Field 실행 종료
[2022-09-22 11:04:54.909][I][AutoBaseFunction.py(wrapper):7] Screen.Setup_TestList : setupUI_TestList 실행 시작
[2022-09-22 11:04:54.909][I][AutoBaseFunction.py(wrapper):8] Parameter : 
[2022-09-22 11:04:54.910][I][AutoBaseFunction.py(wrapper):7] Screen.Setup_TestList : btn_set_slot 실행 시작
[2022-09-22 11:04:54.910][I][AutoBaseFunction.py(wrapper):8] Parameter : 
[2022-09-22 11:04:54.910][I][AutoBaseFunction.py(wrapper):14] Screen.Setup_TestList : btn_set_slot 실행 종료
[2022-09-22 11:04:54.911][I][AutoBaseFunction.py(wrapper):14] Screen.Setup_TestList : setupUI_TestList 실행 종료
[2022-09-22 11:04:54.911][I][AutoBaseFunction.py(wrapper):14] __main__ : __wigets_setupUi 실행 종료
[2022-09-22 11:04:57.164][I][AutoBaseFunction.py(wrapper):7] Screen.MainWindow : update_open_menu 실행 시작
[2022-09-22 11:04:57.165][I][AutoBaseFunction.py(wrapper):8] Parameter : 
[2022-09-22 11:04:57.166][I][AutoBaseFunction.py(wrapper):14] Screen.MainWindow : update_open_menu 실행 종료
[2022-09-22 11:05:06.487][I][AutoBaseFunction.py(wrapper):7] Screen.MainWindow : update_open_menu 실행 시작
[2022-09-22 11:05:06.487][I][AutoBaseFunction.py(wrapper):8] Parameter : 
[2022-09-22 11:05:06.488][I][AutoBaseFunction.py(wrapper):14] Screen.MainWindow : update_open_menu 실행 종료
