[2022-09-27 17:10:54.167][D][LogManager.py(Init):12] LogManager Init function called !!!
[2022-09-27 17:10:54.180][I][AutoBaseFunction.py(wrapper):7] Screen.MainWindow : setupUi 실행 시작
[2022-09-27 17:10:54.181][I][AutoBaseFunction.py(wrapper):8] Parameter : 
[2022-09-27 17:10:54.197][I][AutoBaseFunction.py(wrapper):7] Screen.MainWindow : set_field 실행 시작
[2022-09-27 17:10:54.197][I][AutoBaseFunction.py(wrapper):8] Parameter : 
[2022-09-27 17:10:54.224][I][AutoBaseFunction.py(wrapper):14] Screen.MainWindow : set_field 실행 종료
[2022-09-27 17:10:54.224][I][AutoBaseFunction.py(wrapper):7] Screen.MainWindow : setWidget_func 실행 시작
[2022-09-27 17:10:54.225][I][AutoBaseFunction.py(wrapper):8] Parameter : 
[2022-09-27 17:10:54.227][I][AutoBaseFunction.py(wrapper):14] Screen.MainWindow : setWidget_func 실행 종료
[2022-09-27 17:10:54.231][I][AutoBaseFunction.py(wrapper):14] Screen.MainWindow : setupUi 실행 종료
[2022-09-27 17:10:54.247][I][AutoBaseFunction.py(wrapper):7] __main__ : __set_slot 실행 시작
[2022-09-27 17:10:54.247][I][AutoBaseFunction.py(wrapper):8] Parameter : 
[2022-09-27 17:10:54.248][I][AutoBaseFunction.py(wrapper):14] __main__ : __set_slot 실행 종료
[2022-09-27 17:10:54.248][I][AutoBaseFunction.py(wrapper):7] __main__ : __wigets_setupUi 실행 시작
[2022-09-27 17:10:54.248][I][AutoBaseFunction.py(wrapper):8] Parameter : 
[2022-09-27 17:10:54.248][I][AutoBaseFunction.py(wrapper):7] Screen.Setup_Language : setupUI_Language 실행 시작
[2022-09-27 17:10:54.249][I][AutoBaseFunction.py(wrapper):8] Parameter : 
[2022-09-27 17:10:54.249][I][AutoBaseFunction.py(wrapper):7] Screen.Setup_Language : sl_set_slot 실행 시작
[2022-09-27 17:10:54.249][I][AutoBaseFunction.py(wrapper):8] Parameter : 
[2022-09-27 17:10:54.250][I][AutoBaseFunction.py(wrapper):14] Screen.Setup_Language : sl_set_slot 실행 종료
[2022-09-27 17:10:54.250][I][AutoBaseFunction.py(wrapper):14] Screen.Setup_Language : setupUI_Language 실행 종료
[2022-09-27 17:10:54.250][I][AutoBaseFunction.py(wrapper):7] Screen.Menu_CreateExcel : setupUI_CreateExcel 실행 시작
[2022-09-27 17:10:54.250][I][AutoBaseFunction.py(wrapper):8] Parameter : 
[2022-09-27 17:10:54.251][I][AutoBaseFunction.py(wrapper):7] Screen.Menu_CreateExcel : new_excel_func 실행 시작
[2022-09-27 17:10:54.251][I][AutoBaseFunction.py(wrapper):8] Parameter : 
[2022-09-27 17:10:54.252][I][AutoBaseFunction.py(wrapper):14] Screen.Menu_CreateExcel : new_excel_func 실행 종료
[2022-09-27 17:10:54.252][I][AutoBaseFunction.py(wrapper):7] Screen.Menu_CreateExcel : set_excel_func 실행 시작
[2022-09-27 17:10:54.252][I][AutoBaseFunction.py(wrapper):8] Parameter : 
[2022-09-27 17:10:54.252][I][AutoBaseFunction.py(wrapper):14] Screen.Menu_CreateExcel : set_excel_func 실행 종료
[2022-09-27 17:10:54.253][I][AutoBaseFunction.py(wrapper):14] Screen.Menu_CreateExcel : setupUI_CreateExcel 실행 종료
[2022-09-27 17:10:54.253][I][AutoBaseFunction.py(wrapper):7] Screen.Setup_Field : setupUI_Field 실행 시작
[2022-09-27 17:10:54.253][I][AutoBaseFunction.py(wrapper):8] Parameter : 
[2022-09-27 17:10:54.256][W][LogManager.py(set_warn):86] : Traceback (most recent call last):
  File "D:\test\TestList_CSV\2022_skillup\Settings\Setup.py", line 25, in read_ini__test
    example = self.config[table]
  File "c:\python\3_7_9x64\lib\configparser.py", line 958, in __getitem__
    raise KeyError(key)
KeyError: 'Field'

[2022-09-27 17:10:54.257][I][AutoBaseFunction.py(wrapper):7] Screen.Setup_Field : set_data 실행 시작
[2022-09-27 17:10:54.257][I][AutoBaseFunction.py(wrapper):8] Parameter : 
[2022-09-27 17:10:54.257][I][AutoBaseFunction.py(wrapper):14] Screen.Setup_Field : set_data 실행 종료
[2022-09-27 17:10:54.258][I][AutoBaseFunction.py(wrapper):7] Screen.Setup_Field : set_data 실행 시작
[2022-09-27 17:10:54.258][I][AutoBaseFunction.py(wrapper):8] Parameter : 
[2022-09-27 17:10:54.258][I][AutoBaseFunction.py(wrapper):14] Screen.Setup_Field : set_data 실행 종료
[2022-09-27 17:10:54.259][I][AutoBaseFunction.py(wrapper):7] Screen.Setup_Field : set_data 실행 시작
[2022-09-27 17:10:54.259][I][AutoBaseFunction.py(wrapper):8] Parameter : 
[2022-09-27 17:10:54.260][I][AutoBaseFunction.py(wrapper):14] Screen.Setup_Field : set_data 실행 종료
[2022-09-27 17:10:54.260][I][AutoBaseFunction.py(wrapper):7] Screen.Setup_Field : set_data 실행 시작
[2022-09-27 17:10:54.260][I][AutoBaseFunction.py(wrapper):8] Parameter : 
[2022-09-27 17:10:54.261][I][AutoBaseFunction.py(wrapper):14] Screen.Setup_Field : set_data 실행 종료
[2022-09-27 17:10:54.261][I][AutoBaseFunction.py(wrapper):7] Screen.Setup_Field : set_data 실행 시작
[2022-09-27 17:10:54.261][I][AutoBaseFunction.py(wrapper):8] Parameter : 
[2022-09-27 17:10:54.262][I][AutoBaseFunction.py(wrapper):14] Screen.Setup_Field : set_data 실행 종료
[2022-09-27 17:10:54.262][I][AutoBaseFunction.py(wrapper):7] Screen.Setup_Field : set_data 실행 시작
[2022-09-27 17:10:54.262][I][AutoBaseFunction.py(wrapper):8] Parameter : 
[2022-09-27 17:10:54.262][I][AutoBaseFunction.py(wrapper):14] Screen.Setup_Field : set_data 실행 종료
[2022-09-27 17:10:54.263][I][AutoBaseFunction.py(wrapper):7] Screen.Setup_Field : sl_set_slot 실행 시작
[2022-09-27 17:10:54.263][I][AutoBaseFunction.py(wrapper):8] Parameter : 
[2022-09-27 17:10:54.263][I][AutoBaseFunction.py(wrapper):14] Screen.Setup_Field : sl_set_slot 실행 종료
[2022-09-27 17:10:54.263][I][AutoBaseFunction.py(wrapper):14] Screen.Setup_Field : setupUI_Field 실행 종료
[2022-09-27 17:10:54.264][I][AutoBaseFunction.py(wrapper):7] Screen.Setup_TestList : setupUI_TestList 실행 시작
[2022-09-27 17:10:54.264][I][AutoBaseFunction.py(wrapper):8] Parameter : 
[2022-09-27 17:10:54.265][I][AutoBaseFunction.py(wrapper):7] Screen.Setup_TestList : btn_set_slot 실행 시작
[2022-09-27 17:10:54.266][I][AutoBaseFunction.py(wrapper):8] Parameter : 
[2022-09-27 17:10:54.266][I][AutoBaseFunction.py(wrapper):14] Screen.Setup_TestList : btn_set_slot 실행 종료
[2022-09-27 17:10:54.267][I][AutoBaseFunction.py(wrapper):14] Screen.Setup_TestList : setupUI_TestList 실행 종료
[2022-09-27 17:10:54.267][I][AutoBaseFunction.py(wrapper):14] __main__ : __wigets_setupUi 실행 종료
[2022-09-27 17:10:56.381][I][AutoBaseFunction.py(wrapper):7] __main__ : __sf_ui 실행 시작
[2022-09-27 17:10:56.381][I][AutoBaseFunction.py(wrapper):8] Parameter : False
[2022-09-27 17:10:56.395][I][AutoBaseFunction.py(wrapper):14] __main__ : __sf_ui 실행 종료
[2022-09-27 17:11:01.820][I][AutoBaseFunction.py(wrapper):7] Screen.Setup_Field : keyPressEvent 실행 시작
[2022-09-27 17:11:01.820][I][AutoBaseFunction.py(wrapper):8] Parameter : <PyQt5.QtGui.QKeyEvent object at 0x0000022DED6BE168>
[2022-09-27 17:11:01.821][I][AutoBaseFunction.py(wrapper):14] Screen.Setup_Field : keyPressEvent 실행 종료
[2022-09-27 17:11:03.275][I][AutoBaseFunction.py(wrapper):7] Screen.Setup_Field : ok_Button_clicked 실행 시작
[2022-09-27 17:11:03.276][I][AutoBaseFunction.py(wrapper):8] Parameter : False
