[2022-09-26 18:04:00.004][D][LogManager.py(Init):12] LogManager Init function called !!!
[2022-09-26 18:04:00.021][I][AutoBaseFunction.py(wrapper):7] Screen.MainWindow : setupUi 실행 시작
[2022-09-26 18:04:00.022][I][AutoBaseFunction.py(wrapper):8] Parameter : 
[2022-09-26 18:04:00.039][I][AutoBaseFunction.py(wrapper):7] Screen.MainWindow : set_field 실행 시작
[2022-09-26 18:04:00.040][I][AutoBaseFunction.py(wrapper):8] Parameter : 
[2022-09-26 18:04:00.068][I][AutoBaseFunction.py(wrapper):14] Screen.MainWindow : set_field 실행 종료
[2022-09-26 18:04:00.069][I][AutoBaseFunction.py(wrapper):7] Screen.MainWindow : setWidget_func 실행 시작
[2022-09-26 18:04:00.069][I][AutoBaseFunction.py(wrapper):8] Parameter : 
[2022-09-26 18:04:00.071][I][AutoBaseFunction.py(wrapper):14] Screen.MainWindow : setWidget_func 실행 종료
[2022-09-26 18:04:00.073][I][AutoBaseFunction.py(wrapper):14] Screen.MainWindow : setupUi 실행 종료
[2022-09-26 18:04:00.080][I][AutoBaseFunction.py(wrapper):7] __main__ : __set_slot 실행 시작
[2022-09-26 18:04:00.081][I][AutoBaseFunction.py(wrapper):8] Parameter : 
[2022-09-26 18:04:00.081][I][AutoBaseFunction.py(wrapper):14] __main__ : __set_slot 실행 종료
[2022-09-26 18:04:00.081][I][AutoBaseFunction.py(wrapper):7] __main__ : __wigets_setupUi 실행 시작
[2022-09-26 18:04:00.082][I][AutoBaseFunction.py(wrapper):8] Parameter : 
[2022-09-26 18:04:00.082][I][AutoBaseFunction.py(wrapper):7] Screen.Setup_Language : setupUI_Language 실행 시작
[2022-09-26 18:04:00.082][I][AutoBaseFunction.py(wrapper):8] Parameter : 
[2022-09-26 18:04:00.083][I][AutoBaseFunction.py(wrapper):7] Screen.Setup_Language : sl_set_slot 실행 시작
[2022-09-26 18:04:00.083][I][AutoBaseFunction.py(wrapper):8] Parameter : 
[2022-09-26 18:04:00.084][I][AutoBaseFunction.py(wrapper):14] Screen.Setup_Language : sl_set_slot 실행 종료
[2022-09-26 18:04:00.084][I][AutoBaseFunction.py(wrapper):14] Screen.Setup_Language : setupUI_Language 실행 종료
[2022-09-26 18:04:00.084][I][AutoBaseFunction.py(wrapper):7] Screen.Menu_CreateExcel : setupUI_CreateExcel 실행 시작
[2022-09-26 18:04:00.084][I][AutoBaseFunction.py(wrapper):8] Parameter : 
[2022-09-26 18:04:00.085][I][AutoBaseFunction.py(wrapper):7] Screen.Menu_CreateExcel : new_excel_func 실행 시작
[2022-09-26 18:04:00.086][I][AutoBaseFunction.py(wrapper):8] Parameter : 
[2022-09-26 18:04:00.086][I][AutoBaseFunction.py(wrapper):14] Screen.Menu_CreateExcel : new_excel_func 실행 종료
[2022-09-26 18:04:00.086][I][AutoBaseFunction.py(wrapper):7] Screen.Menu_CreateExcel : set_excel_func 실행 시작
[2022-09-26 18:04:00.086][I][AutoBaseFunction.py(wrapper):8] Parameter : 
[2022-09-26 18:04:00.087][I][AutoBaseFunction.py(wrapper):14] Screen.Menu_CreateExcel : set_excel_func 실행 종료
[2022-09-26 18:04:00.087][I][AutoBaseFunction.py(wrapper):14] Screen.Menu_CreateExcel : setupUI_CreateExcel 실행 종료
[2022-09-26 18:04:00.087][I][AutoBaseFunction.py(wrapper):7] Screen.Setup_Field : setupUI_Field 실행 시작
[2022-09-26 18:04:00.088][I][AutoBaseFunction.py(wrapper):8] Parameter : 
[2022-09-26 18:04:00.088][I][AutoBaseFunction.py(wrapper):7] Screen.Setup_Field : set_data 실행 시작
[2022-09-26 18:04:00.088][I][AutoBaseFunction.py(wrapper):8] Parameter : 
[2022-09-26 18:04:00.089][I][AutoBaseFunction.py(wrapper):14] Screen.Setup_Field : set_data 실행 종료
[2022-09-26 18:04:00.359][I][AutoBaseFunction.py(wrapper):7] Screen.Setup_Field : set_data 실행 시작
[2022-09-26 18:04:00.360][I][AutoBaseFunction.py(wrapper):8] Parameter : 
[2022-09-26 18:04:00.360][I][AutoBaseFunction.py(wrapper):14] Screen.Setup_Field : set_data 실행 종료
[2022-09-26 18:04:00.361][I][AutoBaseFunction.py(wrapper):7] Screen.Setup_Field : set_data 실행 시작
[2022-09-26 18:04:00.361][I][AutoBaseFunction.py(wrapper):8] Parameter : 
[2022-09-26 18:04:00.362][I][AutoBaseFunction.py(wrapper):14] Screen.Setup_Field : set_data 실행 종료
[2022-09-26 18:04:00.362][I][AutoBaseFunction.py(wrapper):7] Screen.Setup_Field : set_data 실행 시작
[2022-09-26 18:04:00.363][I][AutoBaseFunction.py(wrapper):8] Parameter : 
[2022-09-26 18:04:00.363][I][AutoBaseFunction.py(wrapper):14] Screen.Setup_Field : set_data 실행 종료
[2022-09-26 18:04:00.364][I][AutoBaseFunction.py(wrapper):7] Screen.Setup_Field : set_data 실행 시작
[2022-09-26 18:04:00.364][I][AutoBaseFunction.py(wrapper):8] Parameter : 
[2022-09-26 18:04:00.365][I][AutoBaseFunction.py(wrapper):14] Screen.Setup_Field : set_data 실행 종료
[2022-09-26 18:04:00.365][I][AutoBaseFunction.py(wrapper):7] Screen.Setup_Field : set_data 실행 시작
[2022-09-26 18:04:00.365][I][AutoBaseFunction.py(wrapper):8] Parameter : 
[2022-09-26 18:04:00.366][I][AutoBaseFunction.py(wrapper):14] Screen.Setup_Field : set_data 실행 종료
[2022-09-26 18:04:00.366][I][AutoBaseFunction.py(wrapper):7] Screen.Setup_Field : sl_set_slot 실행 시작
[2022-09-26 18:04:00.366][I][AutoBaseFunction.py(wrapper):8] Parameter : 
[2022-09-26 18:04:00.367][I][AutoBaseFunction.py(wrapper):14] Screen.Setup_Field : sl_set_slot 실행 종료
[2022-09-26 18:04:00.367][I][AutoBaseFunction.py(wrapper):14] Screen.Setup_Field : setupUI_Field 실행 종료
[2022-09-26 18:04:00.367][I][AutoBaseFunction.py(wrapper):7] Screen.Setup_TestList : setupUI_TestList 실행 시작
[2022-09-26 18:04:00.368][I][AutoBaseFunction.py(wrapper):8] Parameter : 
[2022-09-26 18:04:00.369][I][AutoBaseFunction.py(wrapper):7] Screen.Setup_TestList : btn_set_slot 실행 시작
[2022-09-26 18:04:00.369][I][AutoBaseFunction.py(wrapper):8] Parameter : 
[2022-09-26 18:04:00.369][I][AutoBaseFunction.py(wrapper):14] Screen.Setup_TestList : btn_set_slot 실행 종료
[2022-09-26 18:04:00.370][I][AutoBaseFunction.py(wrapper):14] Screen.Setup_TestList : setupUI_TestList 실행 종료
[2022-09-26 18:04:00.370][I][AutoBaseFunction.py(wrapper):14] __main__ : __wigets_setupUi 실행 종료
[2022-09-26 18:04:01.682][I][AutoBaseFunction.py(wrapper):7] __main__ : __sl_ui 실행 시작
[2022-09-26 18:04:01.682][I][AutoBaseFunction.py(wrapper):8] Parameter : False
[2022-09-26 18:04:01.683][I][AutoBaseFunction.py(wrapper):7] Screen.Setup_Language : setLang_Button 실행 시작
[2022-09-26 18:04:01.683][I][AutoBaseFunction.py(wrapper):8] Parameter : 
[2022-09-26 18:04:01.683][I][AutoBaseFunction.py(wrapper):14] Screen.Setup_Language : setLang_Button 실행 종료
[2022-09-26 18:04:01.698][I][AutoBaseFunction.py(wrapper):14] __main__ : __sl_ui 실행 종료
[2022-09-26 18:04:12.049][I][AutoBaseFunction.py(wrapper):7] Screen.Setup_Language : keyPressEvent 실행 시작
[2022-09-26 18:04:12.049][I][AutoBaseFunction.py(wrapper):8] Parameter : <PyQt5.QtGui.QKeyEvent object at 0x000001EAF8D43288>
[2022-09-26 18:04:12.050][I][AutoBaseFunction.py(wrapper):14] Screen.Setup_Language : keyPressEvent 실행 종료
[2022-09-26 18:04:12.050][I][AutoBaseFunction.py(wrapper):7] Screen.Setup_Language : keyPressEvent 실행 시작
[2022-09-26 18:04:12.050][I][AutoBaseFunction.py(wrapper):8] Parameter : <PyQt5.QtGui.QKeyEvent object at 0x000001EAF8D43288>
[2022-09-26 18:04:12.051][I][AutoBaseFunction.py(wrapper):14] Screen.Setup_Language : keyPressEvent 실행 종료
[2022-09-26 18:04:13.481][I][AutoBaseFunction.py(wrapper):7] Screen.Setup_Language : ok_Button_clicked 실행 시작
[2022-09-26 18:04:13.481][I][AutoBaseFunction.py(wrapper):8] Parameter : False
[2022-09-26 18:04:13.570][I][AutoBaseFunction.py(wrapper):7] Screen.Setup_Language : closeEvent 실행 시작
[2022-09-26 18:04:13.571][I][AutoBaseFunction.py(wrapper):8] Parameter : <PyQt5.QtGui.QCloseEvent object at 0x000001EAF8D435E8>
[2022-09-26 18:04:13.571][I][AutoBaseFunction.py(wrapper):14] Screen.Setup_Language : closeEvent 실행 종료
[2022-09-26 18:04:13.577][I][AutoBaseFunction.py(wrapper):14] Screen.Setup_Language : ok_Button_clicked 실행 종료
[2022-09-26 18:11:25.965][I][AutoBaseFunction.py(wrapper):7] Screen.MainWindow : closeEvent 실행 시작
[2022-09-26 18:11:25.966][I][AutoBaseFunction.py(wrapper):8] Parameter : <PyQt5.QtGui.QCloseEvent object at 0x000001EAF8D435E8>
