[2022-09-22 09:17:15.536][D][LogManager.py(Init):12] LogManager Init function called !!!
[2022-09-22 09:17:15.549][I][AutoBaseFunction.py(wrapper):7] Screen.MainWindow : setupUi 실행 시작
[2022-09-22 09:17:15.549][I][AutoBaseFunction.py(wrapper):8] Parameter : 
[2022-09-22 09:17:15.564][I][AutoBaseFunction.py(wrapper):7] Screen.MainWindow : set_field 실행 시작
[2022-09-22 09:17:15.565][I][AutoBaseFunction.py(wrapper):8] Parameter : 
[2022-09-22 09:17:15.592][I][AutoBaseFunction.py(wrapper):14] Screen.MainWindow : set_field 실행 종료
[2022-09-22 09:17:15.593][I][AutoBaseFunction.py(wrapper):7] Screen.MainWindow : setWidget_func 실행 시작
[2022-09-22 09:17:15.593][I][AutoBaseFunction.py(wrapper):8] Parameter : 
[2022-09-22 09:17:15.595][I][AutoBaseFunction.py(wrapper):14] Screen.MainWindow : setWidget_func 실행 종료
[2022-09-22 09:17:15.598][I][AutoBaseFunction.py(wrapper):14] Screen.MainWindow : setupUi 실행 종료
[2022-09-22 09:17:15.605][I][AutoBaseFunction.py(wrapper):7] __main__ : __set_slot 실행 시작
[2022-09-22 09:17:15.605][I][AutoBaseFunction.py(wrapper):8] Parameter : 
[2022-09-22 09:17:15.606][I][AutoBaseFunction.py(wrapper):14] __main__ : __set_slot 실행 종료
[2022-09-22 09:17:15.606][I][AutoBaseFunction.py(wrapper):7] __main__ : __wigets_setupUi 실행 시작
[2022-09-22 09:17:15.606][I][AutoBaseFunction.py(wrapper):8] Parameter : 
[2022-09-22 09:17:15.606][I][AutoBaseFunction.py(wrapper):7] Screen.Setup_Language : setupUI_Language 실행 시작
[2022-09-22 09:17:15.606][I][AutoBaseFunction.py(wrapper):8] Parameter : 
[2022-09-22 09:17:15.607][I][AutoBaseFunction.py(wrapper):7] Screen.Setup_Language : sl_set_slot 실행 시작
[2022-09-22 09:17:15.608][I][AutoBaseFunction.py(wrapper):8] Parameter : 
[2022-09-22 09:17:15.608][I][AutoBaseFunction.py(wrapper):14] Screen.Setup_Language : sl_set_slot 실행 종료
[2022-09-22 09:17:15.608][I][AutoBaseFunction.py(wrapper):14] Screen.Setup_Language : setupUI_Language 실행 종료
[2022-09-22 09:17:15.609][I][AutoBaseFunction.py(wrapper):7] Screen.Menu_CreateExcel : setupUI_CreateExcel 실행 시작
[2022-09-22 09:17:15.609][I][AutoBaseFunction.py(wrapper):8] Parameter : 
[2022-09-22 09:17:15.610][I][AutoBaseFunction.py(wrapper):7] Screen.Menu_CreateExcel : new_excel_func 실행 시작
[2022-09-22 09:17:15.610][I][AutoBaseFunction.py(wrapper):8] Parameter : 
[2022-09-22 09:17:15.610][I][AutoBaseFunction.py(wrapper):14] Screen.Menu_CreateExcel : new_excel_func 실행 종료
[2022-09-22 09:17:15.611][I][AutoBaseFunction.py(wrapper):7] Screen.Menu_CreateExcel : set_excel_func 실행 시작
[2022-09-22 09:17:15.611][I][AutoBaseFunction.py(wrapper):8] Parameter : 
[2022-09-22 09:17:15.611][I][AutoBaseFunction.py(wrapper):14] Screen.Menu_CreateExcel : set_excel_func 실행 종료
[2022-09-22 09:17:15.612][I][AutoBaseFunction.py(wrapper):14] Screen.Menu_CreateExcel : setupUI_CreateExcel 실행 종료
[2022-09-22 09:17:15.612][I][AutoBaseFunction.py(wrapper):7] Screen.Setup_Field : setupUI_Field 실행 시작
[2022-09-22 09:17:15.613][I][AutoBaseFunction.py(wrapper):8] Parameter : 
[2022-09-22 09:17:15.613][I][AutoBaseFunction.py(wrapper):7] Screen.Setup_Field : set_data 실행 시작
[2022-09-22 09:17:15.614][I][AutoBaseFunction.py(wrapper):8] Parameter : 
[2022-09-22 09:17:15.614][I][AutoBaseFunction.py(wrapper):14] Screen.Setup_Field : set_data 실행 종료
[2022-09-22 09:17:15.867][I][AutoBaseFunction.py(wrapper):7] Screen.Setup_Field : set_data 실행 시작
[2022-09-22 09:17:15.867][I][AutoBaseFunction.py(wrapper):8] Parameter : 
[2022-09-22 09:17:15.868][I][AutoBaseFunction.py(wrapper):14] Screen.Setup_Field : set_data 실행 종료
[2022-09-22 09:17:15.868][I][AutoBaseFunction.py(wrapper):7] Screen.Setup_Field : set_data 실행 시작
[2022-09-22 09:17:15.868][I][AutoBaseFunction.py(wrapper):8] Parameter : 
[2022-09-22 09:17:15.869][I][AutoBaseFunction.py(wrapper):14] Screen.Setup_Field : set_data 실행 종료
[2022-09-22 09:17:15.869][I][AutoBaseFunction.py(wrapper):7] Screen.Setup_Field : set_data 실행 시작
[2022-09-22 09:17:15.870][I][AutoBaseFunction.py(wrapper):8] Parameter : 
[2022-09-22 09:17:15.870][I][AutoBaseFunction.py(wrapper):14] Screen.Setup_Field : set_data 실행 종료
[2022-09-22 09:17:15.870][I][AutoBaseFunction.py(wrapper):7] Screen.Setup_Field : set_data 실행 시작
[2022-09-22 09:17:15.871][I][AutoBaseFunction.py(wrapper):8] Parameter : 
[2022-09-22 09:17:15.871][I][AutoBaseFunction.py(wrapper):14] Screen.Setup_Field : set_data 실행 종료
[2022-09-22 09:17:15.871][I][AutoBaseFunction.py(wrapper):7] Screen.Setup_Field : set_data 실행 시작
[2022-09-22 09:17:15.872][I][AutoBaseFunction.py(wrapper):8] Parameter : 
[2022-09-22 09:17:15.872][I][AutoBaseFunction.py(wrapper):14] Screen.Setup_Field : set_data 실행 종료
[2022-09-22 09:17:15.872][I][AutoBaseFunction.py(wrapper):7] Screen.Setup_Field : sl_set_slot 실행 시작
[2022-09-22 09:17:15.873][I][AutoBaseFunction.py(wrapper):8] Parameter : 
[2022-09-22 09:17:15.873][I][AutoBaseFunction.py(wrapper):14] Screen.Setup_Field : sl_set_slot 실행 종료
[2022-09-22 09:17:15.873][I][AutoBaseFunction.py(wrapper):14] Screen.Setup_Field : setupUI_Field 실행 종료
[2022-09-22 09:17:15.873][I][AutoBaseFunction.py(wrapper):7] Screen.Setup_TestList : setupUI_TestList 실행 시작
[2022-09-22 09:17:15.874][I][AutoBaseFunction.py(wrapper):8] Parameter : 
[2022-09-22 09:17:15.875][I][AutoBaseFunction.py(wrapper):7] Screen.Setup_TestList : btn_set_slot 실행 시작
[2022-09-22 09:17:15.875][I][AutoBaseFunction.py(wrapper):8] Parameter : 
[2022-09-22 09:17:15.876][I][AutoBaseFunction.py(wrapper):14] Screen.Setup_TestList : btn_set_slot 실행 종료
[2022-09-22 09:17:15.876][I][AutoBaseFunction.py(wrapper):14] Screen.Setup_TestList : setupUI_TestList 실행 종료
[2022-09-22 09:17:15.876][I][AutoBaseFunction.py(wrapper):14] __main__ : __wigets_setupUi 실행 종료
[2022-09-22 09:17:27.606][I][AutoBaseFunction.py(wrapper):7] Screen.MainWindow : closeEvent 실행 시작
[2022-09-22 09:17:27.606][I][AutoBaseFunction.py(wrapper):8] Parameter : <PyQt5.QtGui.QCloseEvent object at 0x00000190DF1ECA68>
