[2022-10-04 18:51:54.243][D][LogManager.py(Init):12] LogManager Init function called !!!
[2022-10-04 18:51:54.269][I][AutoBaseFunction.py(wrapper):10] Screen.MainWindow : setupUi 실행 시작
[2022-10-04 18:51:54.269][I][AutoBaseFunction.py(wrapper):11] Parameter : 
[2022-10-04 18:51:54.272][I][AutoBaseFunction.py(wrapper):10] Screen.MainWindow : set_field 실행 시작
[2022-10-04 18:51:54.273][I][AutoBaseFunction.py(wrapper):11] Parameter : 
[2022-10-04 18:51:54.299][I][AutoBaseFunction.py(wrapper):17] Screen.MainWindow : set_field 실행 종료
[2022-10-04 18:51:54.300][I][AutoBaseFunction.py(wrapper):10] Screen.MainWindow : setWidget_func 실행 시작
[2022-10-04 18:51:54.300][I][AutoBaseFunction.py(wrapper):11] Parameter : 
[2022-10-04 18:51:54.302][I][AutoBaseFunction.py(wrapper):17] Screen.MainWindow : setWidget_func 실행 종료
[2022-10-04 18:51:54.305][I][AutoBaseFunction.py(wrapper):17] Screen.MainWindow : setupUi 실행 종료
[2022-10-04 18:51:54.319][I][AutoBaseFunction.py(wrapper):10] __main__ : __set_slot 실행 시작
[2022-10-04 18:51:54.319][I][AutoBaseFunction.py(wrapper):11] Parameter : 
[2022-10-04 18:51:54.320][I][AutoBaseFunction.py(wrapper):17] __main__ : __set_slot 실행 종료
[2022-10-04 18:51:54.320][I][AutoBaseFunction.py(wrapper):10] __main__ : __wigets_setupUi 실행 시작
[2022-10-04 18:51:54.320][I][AutoBaseFunction.py(wrapper):11] Parameter : 
[2022-10-04 18:51:54.321][I][AutoBaseFunction.py(wrapper):10] Screen.Setup_Language : setupUI_Language 실행 시작
[2022-10-04 18:51:54.321][I][AutoBaseFunction.py(wrapper):11] Parameter : 
[2022-10-04 18:51:54.322][I][AutoBaseFunction.py(wrapper):10] Screen.Setup_Language : sl_set_slot 실행 시작
[2022-10-04 18:51:54.322][I][AutoBaseFunction.py(wrapper):11] Parameter : 
[2022-10-04 18:51:54.323][I][AutoBaseFunction.py(wrapper):17] Screen.Setup_Language : sl_set_slot 실행 종료
[2022-10-04 18:51:54.323][I][AutoBaseFunction.py(wrapper):17] Screen.Setup_Language : setupUI_Language 실행 종료
[2022-10-04 18:51:54.323][I][AutoBaseFunction.py(wrapper):10] Screen.Menu_CreateExcel : setupUI_CreateExcel 실행 시작
[2022-10-04 18:51:54.323][I][AutoBaseFunction.py(wrapper):11] Parameter : 
[2022-10-04 18:51:54.324][I][AutoBaseFunction.py(wrapper):10] Screen.Menu_CreateExcel : new_excel_func 실행 시작
[2022-10-04 18:51:54.324][I][AutoBaseFunction.py(wrapper):11] Parameter : 
[2022-10-04 18:51:54.325][I][AutoBaseFunction.py(wrapper):17] Screen.Menu_CreateExcel : new_excel_func 실행 종료
[2022-10-04 18:51:54.325][I][AutoBaseFunction.py(wrapper):10] Screen.Menu_CreateExcel : set_excel_func 실행 시작
[2022-10-04 18:51:54.325][I][AutoBaseFunction.py(wrapper):11] Parameter : 
[2022-10-04 18:51:54.325][I][AutoBaseFunction.py(wrapper):17] Screen.Menu_CreateExcel : set_excel_func 실행 종료
[2022-10-04 18:51:54.326][I][AutoBaseFunction.py(wrapper):17] Screen.Menu_CreateExcel : setupUI_CreateExcel 실행 종료
[2022-10-04 18:51:54.326][I][AutoBaseFunction.py(wrapper):10] Screen.Setup_Field : setupUI_Field 실행 시작
[2022-10-04 18:51:54.326][I][AutoBaseFunction.py(wrapper):11] Parameter : 
[2022-10-04 18:51:54.327][I][AutoBaseFunction.py(wrapper):10] Screen.Setup_Field : set_data 실행 시작
[2022-10-04 18:51:54.328][I][AutoBaseFunction.py(wrapper):11] Parameter : 
[2022-10-04 18:51:54.328][I][AutoBaseFunction.py(wrapper):17] Screen.Setup_Field : set_data 실행 종료
[2022-10-04 18:51:54.566][I][AutoBaseFunction.py(wrapper):10] Screen.Setup_Field : set_data 실행 시작
[2022-10-04 18:51:54.566][I][AutoBaseFunction.py(wrapper):11] Parameter : 
[2022-10-04 18:51:54.567][I][AutoBaseFunction.py(wrapper):17] Screen.Setup_Field : set_data 실행 종료
[2022-10-04 18:51:54.567][I][AutoBaseFunction.py(wrapper):10] Screen.Setup_Field : set_data 실행 시작
[2022-10-04 18:51:54.568][I][AutoBaseFunction.py(wrapper):11] Parameter : 
[2022-10-04 18:51:54.568][I][AutoBaseFunction.py(wrapper):17] Screen.Setup_Field : set_data 실행 종료
[2022-10-04 18:51:54.569][I][AutoBaseFunction.py(wrapper):10] Screen.Setup_Field : set_data 실행 시작
[2022-10-04 18:51:54.569][I][AutoBaseFunction.py(wrapper):11] Parameter : 
[2022-10-04 18:51:54.569][I][AutoBaseFunction.py(wrapper):17] Screen.Setup_Field : set_data 실행 종료
[2022-10-04 18:51:54.569][I][AutoBaseFunction.py(wrapper):10] Screen.Setup_Field : set_data 실행 시작
[2022-10-04 18:51:54.570][I][AutoBaseFunction.py(wrapper):11] Parameter : 
[2022-10-04 18:51:54.570][I][AutoBaseFunction.py(wrapper):17] Screen.Setup_Field : set_data 실행 종료
[2022-10-04 18:51:54.570][I][AutoBaseFunction.py(wrapper):10] Screen.Setup_Field : set_data 실행 시작
[2022-10-04 18:51:54.570][I][AutoBaseFunction.py(wrapper):11] Parameter : 
[2022-10-04 18:51:54.571][I][AutoBaseFunction.py(wrapper):17] Screen.Setup_Field : set_data 실행 종료
[2022-10-04 18:51:54.571][I][AutoBaseFunction.py(wrapper):10] Screen.Setup_Field : sl_set_slot 실행 시작
[2022-10-04 18:51:54.571][I][AutoBaseFunction.py(wrapper):11] Parameter : 
[2022-10-04 18:51:54.571][I][AutoBaseFunction.py(wrapper):17] Screen.Setup_Field : sl_set_slot 실행 종료
[2022-10-04 18:51:54.572][I][AutoBaseFunction.py(wrapper):17] Screen.Setup_Field : setupUI_Field 실행 종료
[2022-10-04 18:51:54.572][I][AutoBaseFunction.py(wrapper):10] Screen.Setup_TestList : setupUI_TestList 실행 시작
[2022-10-04 18:51:54.572][I][AutoBaseFunction.py(wrapper):11] Parameter : 
[2022-10-04 18:51:54.573][I][AutoBaseFunction.py(wrapper):10] Screen.Setup_TestList : btn_set_slot 실행 시작
[2022-10-04 18:51:54.573][I][AutoBaseFunction.py(wrapper):11] Parameter : 
[2022-10-04 18:51:54.573][I][AutoBaseFunction.py(wrapper):17] Screen.Setup_TestList : btn_set_slot 실행 종료
[2022-10-04 18:51:54.574][I][AutoBaseFunction.py(wrapper):17] Screen.Setup_TestList : setupUI_TestList 실행 종료
[2022-10-04 18:51:54.574][I][AutoBaseFunction.py(wrapper):17] __main__ : __wigets_setupUi 실행 종료
[2022-10-04 18:51:55.803][I][AutoBaseFunction.py(wrapper):10] Screen.MainWindow : update_open_menu 실행 시작
[2022-10-04 18:51:55.803][I][AutoBaseFunction.py(wrapper):11] Parameter : 
[2022-10-04 18:51:55.808][I][AutoBaseFunction.py(wrapper):17] Screen.MainWindow : update_open_menu 실행 종료
[2022-10-04 18:51:56.375][I][AutoBaseFunction.py(wrapper):10] __main__ : __ce_ui 실행 시작
[2022-10-04 18:51:56.375][I][AutoBaseFunction.py(wrapper):11] Parameter : False
[2022-10-04 18:51:56.397][I][AutoBaseFunction.py(wrapper):17] __main__ : __ce_ui 실행 종료
[2022-10-04 18:51:58.829][I][AutoBaseFunction.py(wrapper):10] Screen.Menu_CreateExcel : folder_toolButton_clicked 실행 시작
[2022-10-04 18:51:58.830][I][AutoBaseFunction.py(wrapper):11] Parameter : <PyQt5.QtWidgets.QLineEdit object at 0x000001E6C39C3168>, False
[2022-10-04 18:52:00.159][I][AutoBaseFunction.py(wrapper):17] Screen.Menu_CreateExcel : folder_toolButton_clicked 실행 종료
[2022-10-04 18:52:00.940][I][AutoBaseFunction.py(wrapper):10] Screen.Menu_CreateExcel : func_check 실행 시작
[2022-10-04 18:52:00.941][I][AutoBaseFunction.py(wrapper):11] Parameter : False
