[2022-09-23 11:34:35.281][D][LogManager.py(Init):12] LogManager Init function called !!!
[2022-09-23 11:34:35.294][I][AutoBaseFunction.py(wrapper):7] Screen.MainWindow : setupUi 실행 시작
[2022-09-23 11:34:35.295][I][AutoBaseFunction.py(wrapper):8] Parameter : 
[2022-09-23 11:34:35.313][I][AutoBaseFunction.py(wrapper):7] Screen.MainWindow : set_field 실행 시작
[2022-09-23 11:34:35.313][I][AutoBaseFunction.py(wrapper):8] Parameter : 
[2022-09-23 11:34:35.342][I][AutoBaseFunction.py(wrapper):14] Screen.MainWindow : set_field 실행 종료
[2022-09-23 11:34:35.342][I][AutoBaseFunction.py(wrapper):7] Screen.MainWindow : setWidget_func 실행 시작
[2022-09-23 11:34:35.343][I][AutoBaseFunction.py(wrapper):8] Parameter : 
[2022-09-23 11:34:35.344][I][AutoBaseFunction.py(wrapper):14] Screen.MainWindow : setWidget_func 실행 종료
[2022-09-23 11:34:35.347][I][AutoBaseFunction.py(wrapper):14] Screen.MainWindow : setupUi 실행 종료
[2022-09-23 11:34:35.353][I][AutoBaseFunction.py(wrapper):7] __main__ : __set_slot 실행 시작
[2022-09-23 11:34:35.353][I][AutoBaseFunction.py(wrapper):8] Parameter : 
[2022-09-23 11:34:35.353][I][AutoBaseFunction.py(wrapper):14] __main__ : __set_slot 실행 종료
[2022-09-23 11:34:35.354][I][AutoBaseFunction.py(wrapper):7] __main__ : __wigets_setupUi 실행 시작
[2022-09-23 11:34:35.354][I][AutoBaseFunction.py(wrapper):8] Parameter : 
[2022-09-23 11:34:35.354][I][AutoBaseFunction.py(wrapper):7] Screen.Setup_Language : setupUI_Language 실행 시작
[2022-09-23 11:34:35.355][I][AutoBaseFunction.py(wrapper):8] Parameter : 
[2022-09-23 11:34:35.355][I][AutoBaseFunction.py(wrapper):7] Screen.Setup_Language : sl_set_slot 실행 시작
[2022-09-23 11:34:35.356][I][AutoBaseFunction.py(wrapper):8] Parameter : 
[2022-09-23 11:34:35.356][I][AutoBaseFunction.py(wrapper):14] Screen.Setup_Language : sl_set_slot 실행 종료
[2022-09-23 11:34:35.356][I][AutoBaseFunction.py(wrapper):14] Screen.Setup_Language : setupUI_Language 실행 종료
[2022-09-23 11:34:35.357][I][AutoBaseFunction.py(wrapper):7] Screen.Menu_CreateExcel : setupUI_CreateExcel 실행 시작
[2022-09-23 11:34:35.357][I][AutoBaseFunction.py(wrapper):8] Parameter : 
[2022-09-23 11:34:35.359][I][AutoBaseFunction.py(wrapper):7] Screen.Menu_CreateExcel : new_excel_func 실행 시작
[2022-09-23 11:34:35.359][I][AutoBaseFunction.py(wrapper):8] Parameter : 
[2022-09-23 11:34:35.360][I][AutoBaseFunction.py(wrapper):14] Screen.Menu_CreateExcel : new_excel_func 실행 종료
[2022-09-23 11:34:35.360][I][AutoBaseFunction.py(wrapper):7] Screen.Menu_CreateExcel : set_excel_func 실행 시작
[2022-09-23 11:34:35.360][I][AutoBaseFunction.py(wrapper):8] Parameter : 
[2022-09-23 11:34:35.361][I][AutoBaseFunction.py(wrapper):14] Screen.Menu_CreateExcel : set_excel_func 실행 종료
[2022-09-23 11:34:35.361][I][AutoBaseFunction.py(wrapper):14] Screen.Menu_CreateExcel : setupUI_CreateExcel 실행 종료
[2022-09-23 11:34:35.362][I][AutoBaseFunction.py(wrapper):7] Screen.Setup_Field : setupUI_Field 실행 시작
[2022-09-23 11:34:35.362][I][AutoBaseFunction.py(wrapper):8] Parameter : 
[2022-09-23 11:34:35.362][I][AutoBaseFunction.py(wrapper):7] Screen.Setup_Field : set_data 실행 시작
[2022-09-23 11:34:35.363][I][AutoBaseFunction.py(wrapper):8] Parameter : 
[2022-09-23 11:34:35.363][I][AutoBaseFunction.py(wrapper):14] Screen.Setup_Field : set_data 실행 종료
[2022-09-23 11:34:35.620][I][AutoBaseFunction.py(wrapper):7] Screen.Setup_Field : set_data 실행 시작
[2022-09-23 11:34:35.620][I][AutoBaseFunction.py(wrapper):8] Parameter : 
[2022-09-23 11:34:35.621][I][AutoBaseFunction.py(wrapper):14] Screen.Setup_Field : set_data 실행 종료
[2022-09-23 11:34:35.621][I][AutoBaseFunction.py(wrapper):7] Screen.Setup_Field : set_data 실행 시작
[2022-09-23 11:34:35.622][I][AutoBaseFunction.py(wrapper):8] Parameter : 
[2022-09-23 11:34:35.622][I][AutoBaseFunction.py(wrapper):14] Screen.Setup_Field : set_data 실행 종료
[2022-09-23 11:34:35.623][I][AutoBaseFunction.py(wrapper):7] Screen.Setup_Field : set_data 실행 시작
[2022-09-23 11:34:35.623][I][AutoBaseFunction.py(wrapper):8] Parameter : 
[2022-09-23 11:34:35.623][I][AutoBaseFunction.py(wrapper):14] Screen.Setup_Field : set_data 실행 종료
[2022-09-23 11:34:35.624][I][AutoBaseFunction.py(wrapper):7] Screen.Setup_Field : set_data 실행 시작
[2022-09-23 11:34:35.624][I][AutoBaseFunction.py(wrapper):8] Parameter : 
[2022-09-23 11:34:35.624][I][AutoBaseFunction.py(wrapper):14] Screen.Setup_Field : set_data 실행 종료
[2022-09-23 11:34:35.625][I][AutoBaseFunction.py(wrapper):7] Screen.Setup_Field : set_data 실행 시작
[2022-09-23 11:34:35.625][I][AutoBaseFunction.py(wrapper):8] Parameter : 
[2022-09-23 11:34:35.626][I][AutoBaseFunction.py(wrapper):14] Screen.Setup_Field : set_data 실행 종료
[2022-09-23 11:34:35.626][I][AutoBaseFunction.py(wrapper):7] Screen.Setup_Field : sl_set_slot 실행 시작
[2022-09-23 11:34:35.626][I][AutoBaseFunction.py(wrapper):8] Parameter : 
[2022-09-23 11:34:35.627][I][AutoBaseFunction.py(wrapper):14] Screen.Setup_Field : sl_set_slot 실행 종료
[2022-09-23 11:34:35.627][I][AutoBaseFunction.py(wrapper):14] Screen.Setup_Field : setupUI_Field 실행 종료
[2022-09-23 11:34:35.627][I][AutoBaseFunction.py(wrapper):7] Screen.Setup_TestList : setupUI_TestList 실행 시작
[2022-09-23 11:34:35.627][I][AutoBaseFunction.py(wrapper):8] Parameter : 
[2022-09-23 11:34:35.629][I][AutoBaseFunction.py(wrapper):7] Screen.Setup_TestList : btn_set_slot 실행 시작
[2022-09-23 11:34:35.629][I][AutoBaseFunction.py(wrapper):8] Parameter : 
[2022-09-23 11:34:35.629][I][AutoBaseFunction.py(wrapper):14] Screen.Setup_TestList : btn_set_slot 실행 종료
[2022-09-23 11:34:35.629][I][AutoBaseFunction.py(wrapper):14] Screen.Setup_TestList : setupUI_TestList 실행 종료
[2022-09-23 11:34:35.629][I][AutoBaseFunction.py(wrapper):14] __main__ : __wigets_setupUi 실행 종료
[2022-09-23 11:34:36.691][I][AutoBaseFunction.py(wrapper):7] Screen.MainWindow : update_open_menu 실행 시작
[2022-09-23 11:34:36.691][I][AutoBaseFunction.py(wrapper):8] Parameter : 
[2022-09-23 11:34:36.693][I][AutoBaseFunction.py(wrapper):14] Screen.MainWindow : update_open_menu 실행 종료
[2022-09-23 11:34:38.048][I][AutoBaseFunction.py(wrapper):7] Screen.MainWindow : show_imgList 실행 시작
[2022-09-23 11:34:38.049][I][AutoBaseFunction.py(wrapper):8] Parameter : ('한국어', 'D:/test/TestList_CSV/2022_skillup'), True
[2022-09-23 11:34:38.066][I][AutoBaseFunction.py(wrapper):7] Screen.MainWindow : qbutton_clicked 실행 시작
[2022-09-23 11:34:38.066][I][AutoBaseFunction.py(wrapper):8] Parameter : False, 0, <Screen.MainWindow.QPushButtonIcon object at 0x000001E1A4E0ECA8>
