[2022-09-23 11:14:18.241][D][LogManager.py(Init):12] LogManager Init function called !!!
[2022-09-23 11:14:18.254][I][AutoBaseFunction.py(wrapper):7] Screen.MainWindow : setupUi 실행 시작
[2022-09-23 11:14:18.254][I][AutoBaseFunction.py(wrapper):8] Parameter : 
[2022-09-23 11:14:18.271][I][AutoBaseFunction.py(wrapper):7] Screen.MainWindow : set_field 실행 시작
[2022-09-23 11:14:18.271][I][AutoBaseFunction.py(wrapper):8] Parameter : 
[2022-09-23 11:14:18.298][I][AutoBaseFunction.py(wrapper):14] Screen.MainWindow : set_field 실행 종료
[2022-09-23 11:14:18.299][I][AutoBaseFunction.py(wrapper):7] Screen.MainWindow : setWidget_func 실행 시작
[2022-09-23 11:14:18.299][I][AutoBaseFunction.py(wrapper):8] Parameter : 
[2022-09-23 11:14:18.301][I][AutoBaseFunction.py(wrapper):14] Screen.MainWindow : setWidget_func 실행 종료
[2022-09-23 11:14:18.303][I][AutoBaseFunction.py(wrapper):14] Screen.MainWindow : setupUi 실행 종료
[2022-09-23 11:14:18.310][I][AutoBaseFunction.py(wrapper):7] __main__ : __set_slot 실행 시작
[2022-09-23 11:14:18.310][I][AutoBaseFunction.py(wrapper):8] Parameter : 
[2022-09-23 11:14:18.311][I][AutoBaseFunction.py(wrapper):14] __main__ : __set_slot 실행 종료
[2022-09-23 11:14:18.312][I][AutoBaseFunction.py(wrapper):7] __main__ : __wigets_setupUi 실행 시작
[2022-09-23 11:14:18.313][I][AutoBaseFunction.py(wrapper):8] Parameter : 
[2022-09-23 11:14:18.313][I][AutoBaseFunction.py(wrapper):7] Screen.Setup_Language : setupUI_Language 실행 시작
[2022-09-23 11:14:18.313][I][AutoBaseFunction.py(wrapper):8] Parameter : 
[2022-09-23 11:14:18.314][I][AutoBaseFunction.py(wrapper):7] Screen.Setup_Language : sl_set_slot 실행 시작
[2022-09-23 11:14:18.314][I][AutoBaseFunction.py(wrapper):8] Parameter : 
[2022-09-23 11:14:18.315][I][AutoBaseFunction.py(wrapper):14] Screen.Setup_Language : sl_set_slot 실행 종료
[2022-09-23 11:14:18.315][I][AutoBaseFunction.py(wrapper):14] Screen.Setup_Language : setupUI_Language 실행 종료
[2022-09-23 11:14:18.316][I][AutoBaseFunction.py(wrapper):7] Screen.Menu_CreateExcel : setupUI_CreateExcel 실행 시작
[2022-09-23 11:14:18.316][I][AutoBaseFunction.py(wrapper):8] Parameter : 
[2022-09-23 11:14:18.318][I][AutoBaseFunction.py(wrapper):7] Screen.Menu_CreateExcel : new_excel_func 실행 시작
[2022-09-23 11:14:18.319][I][AutoBaseFunction.py(wrapper):8] Parameter : 
[2022-09-23 11:14:18.320][I][AutoBaseFunction.py(wrapper):14] Screen.Menu_CreateExcel : new_excel_func 실행 종료
[2022-09-23 11:14:18.326][I][AutoBaseFunction.py(wrapper):7] Screen.Menu_CreateExcel : set_excel_func 실행 시작
[2022-09-23 11:14:18.327][I][AutoBaseFunction.py(wrapper):8] Parameter : 
[2022-09-23 11:14:18.328][I][AutoBaseFunction.py(wrapper):14] Screen.Menu_CreateExcel : set_excel_func 실행 종료
[2022-09-23 11:14:18.329][I][AutoBaseFunction.py(wrapper):14] Screen.Menu_CreateExcel : setupUI_CreateExcel 실행 종료
[2022-09-23 11:14:18.330][I][AutoBaseFunction.py(wrapper):7] Screen.Setup_Field : setupUI_Field 실행 시작
[2022-09-23 11:14:18.330][I][AutoBaseFunction.py(wrapper):8] Parameter : 
[2022-09-23 11:14:18.331][I][AutoBaseFunction.py(wrapper):7] Screen.Setup_Field : set_data 실행 시작
[2022-09-23 11:14:18.331][I][AutoBaseFunction.py(wrapper):8] Parameter : 
[2022-09-23 11:14:18.332][I][AutoBaseFunction.py(wrapper):14] Screen.Setup_Field : set_data 실행 종료
[2022-09-23 11:14:18.580][I][AutoBaseFunction.py(wrapper):7] Screen.Setup_Field : set_data 실행 시작
[2022-09-23 11:14:18.580][I][AutoBaseFunction.py(wrapper):8] Parameter : 
[2022-09-23 11:14:18.580][I][AutoBaseFunction.py(wrapper):14] Screen.Setup_Field : set_data 실행 종료
[2022-09-23 11:14:18.581][I][AutoBaseFunction.py(wrapper):7] Screen.Setup_Field : set_data 실행 시작
[2022-09-23 11:14:18.581][I][AutoBaseFunction.py(wrapper):8] Parameter : 
[2022-09-23 11:14:18.582][I][AutoBaseFunction.py(wrapper):14] Screen.Setup_Field : set_data 실행 종료
[2022-09-23 11:14:18.582][I][AutoBaseFunction.py(wrapper):7] Screen.Setup_Field : set_data 실행 시작
[2022-09-23 11:14:18.582][I][AutoBaseFunction.py(wrapper):8] Parameter : 
[2022-09-23 11:14:18.583][I][AutoBaseFunction.py(wrapper):14] Screen.Setup_Field : set_data 실행 종료
[2022-09-23 11:14:18.583][I][AutoBaseFunction.py(wrapper):7] Screen.Setup_Field : set_data 실행 시작
[2022-09-23 11:14:18.583][I][AutoBaseFunction.py(wrapper):8] Parameter : 
[2022-09-23 11:14:18.584][I][AutoBaseFunction.py(wrapper):14] Screen.Setup_Field : set_data 실행 종료
[2022-09-23 11:14:18.584][I][AutoBaseFunction.py(wrapper):7] Screen.Setup_Field : set_data 실행 시작
[2022-09-23 11:14:18.584][I][AutoBaseFunction.py(wrapper):8] Parameter : 
[2022-09-23 11:14:18.585][I][AutoBaseFunction.py(wrapper):14] Screen.Setup_Field : set_data 실행 종료
[2022-09-23 11:14:18.585][I][AutoBaseFunction.py(wrapper):7] Screen.Setup_Field : sl_set_slot 실행 시작
[2022-09-23 11:14:18.585][I][AutoBaseFunction.py(wrapper):8] Parameter : 
[2022-09-23 11:14:18.586][I][AutoBaseFunction.py(wrapper):14] Screen.Setup_Field : sl_set_slot 실행 종료
[2022-09-23 11:14:18.586][I][AutoBaseFunction.py(wrapper):14] Screen.Setup_Field : setupUI_Field 실행 종료
[2022-09-23 11:14:18.586][I][AutoBaseFunction.py(wrapper):7] Screen.Setup_TestList : setupUI_TestList 실행 시작
[2022-09-23 11:14:18.586][I][AutoBaseFunction.py(wrapper):8] Parameter : 
[2022-09-23 11:14:18.587][I][AutoBaseFunction.py(wrapper):7] Screen.Setup_TestList : btn_set_slot 실행 시작
[2022-09-23 11:14:18.587][I][AutoBaseFunction.py(wrapper):8] Parameter : 
[2022-09-23 11:14:18.588][I][AutoBaseFunction.py(wrapper):14] Screen.Setup_TestList : btn_set_slot 실행 종료
[2022-09-23 11:14:18.588][I][AutoBaseFunction.py(wrapper):14] Screen.Setup_TestList : setupUI_TestList 실행 종료
[2022-09-23 11:14:18.588][I][AutoBaseFunction.py(wrapper):14] __main__ : __wigets_setupUi 실행 종료
[2022-09-23 11:14:20.617][I][AutoBaseFunction.py(wrapper):7] Screen.MainWindow : update_open_menu 실행 시작
[2022-09-23 11:14:20.617][I][AutoBaseFunction.py(wrapper):8] Parameter : 
[2022-09-23 11:14:20.619][I][AutoBaseFunction.py(wrapper):14] Screen.MainWindow : update_open_menu 실행 종료
[2022-09-23 11:14:22.556][I][AutoBaseFunction.py(wrapper):7] Screen.MainWindow : show_imgList 실행 시작
[2022-09-23 11:14:22.557][I][AutoBaseFunction.py(wrapper):8] Parameter : ('한국어', 'D:/test/TestList_CSV/2022_skillup'), True
[2022-09-23 11:14:22.575][I][AutoBaseFunction.py(wrapper):7] Screen.MainWindow : qbutton_clicked 실행 시작
[2022-09-23 11:14:22.576][I][AutoBaseFunction.py(wrapper):8] Parameter : False, 0, <Screen.MainWindow.QPushButtonIcon object at 0x00000230D8A8ECA8>
