[2022-09-26 16:01:13.693][D][LogManager.py(Init):12] LogManager Init function called !!!
[2022-09-26 16:01:13.708][I][AutoBaseFunction.py(wrapper):7] Screen.MainWindow : setupUi 실행 시작
[2022-09-26 16:01:13.709][I][AutoBaseFunction.py(wrapper):8] Parameter : 
[2022-09-26 16:01:13.727][I][AutoBaseFunction.py(wrapper):7] Screen.MainWindow : set_field 실행 시작
[2022-09-26 16:01:13.727][I][AutoBaseFunction.py(wrapper):8] Parameter : 
[2022-09-26 16:01:13.765][I][AutoBaseFunction.py(wrapper):14] Screen.MainWindow : set_field 실행 종료
[2022-09-26 16:01:13.765][I][AutoBaseFunction.py(wrapper):7] Screen.MainWindow : setWidget_func 실행 시작
[2022-09-26 16:01:13.766][I][AutoBaseFunction.py(wrapper):8] Parameter : 
[2022-09-26 16:01:13.768][I][AutoBaseFunction.py(wrapper):14] Screen.MainWindow : setWidget_func 실행 종료
[2022-09-26 16:01:13.770][I][AutoBaseFunction.py(wrapper):14] Screen.MainWindow : setupUi 실행 종료
[2022-09-26 16:01:13.783][I][AutoBaseFunction.py(wrapper):7] __main__ : __set_slot 실행 시작
[2022-09-26 16:01:13.783][I][AutoBaseFunction.py(wrapper):8] Parameter : 
[2022-09-26 16:01:13.784][I][AutoBaseFunction.py(wrapper):14] __main__ : __set_slot 실행 종료
[2022-09-26 16:01:13.784][I][AutoBaseFunction.py(wrapper):7] __main__ : __wigets_setupUi 실행 시작
[2022-09-26 16:01:13.785][I][AutoBaseFunction.py(wrapper):8] Parameter : 
[2022-09-26 16:01:13.785][I][AutoBaseFunction.py(wrapper):7] Screen.Setup_Language : setupUI_Language 실행 시작
[2022-09-26 16:01:13.785][I][AutoBaseFunction.py(wrapper):8] Parameter : 
[2022-09-26 16:01:13.786][I][AutoBaseFunction.py(wrapper):7] Screen.Setup_Language : sl_set_slot 실행 시작
[2022-09-26 16:01:13.786][I][AutoBaseFunction.py(wrapper):8] Parameter : 
[2022-09-26 16:01:13.787][I][AutoBaseFunction.py(wrapper):14] Screen.Setup_Language : sl_set_slot 실행 종료
[2022-09-26 16:01:13.787][I][AutoBaseFunction.py(wrapper):14] Screen.Setup_Language : setupUI_Language 실행 종료
[2022-09-26 16:01:13.787][I][AutoBaseFunction.py(wrapper):7] Screen.Menu_CreateExcel : setupUI_CreateExcel 실행 시작
[2022-09-26 16:01:13.788][I][AutoBaseFunction.py(wrapper):8] Parameter : 
[2022-09-26 16:01:13.788][I][AutoBaseFunction.py(wrapper):7] Screen.Menu_CreateExcel : new_excel_func 실행 시작
[2022-09-26 16:01:13.789][I][AutoBaseFunction.py(wrapper):8] Parameter : 
[2022-09-26 16:01:13.789][I][AutoBaseFunction.py(wrapper):14] Screen.Menu_CreateExcel : new_excel_func 실행 종료
[2022-09-26 16:01:13.790][I][AutoBaseFunction.py(wrapper):7] Screen.Menu_CreateExcel : set_excel_func 실행 시작
[2022-09-26 16:01:13.790][I][AutoBaseFunction.py(wrapper):8] Parameter : 
[2022-09-26 16:01:13.790][I][AutoBaseFunction.py(wrapper):14] Screen.Menu_CreateExcel : set_excel_func 실행 종료
[2022-09-26 16:01:13.791][I][AutoBaseFunction.py(wrapper):14] Screen.Menu_CreateExcel : setupUI_CreateExcel 실행 종료
[2022-09-26 16:01:13.791][I][AutoBaseFunction.py(wrapper):7] Screen.Setup_Field : setupUI_Field 실행 시작
[2022-09-26 16:01:13.791][I][AutoBaseFunction.py(wrapper):8] Parameter : 
[2022-09-26 16:01:13.792][I][AutoBaseFunction.py(wrapper):7] Screen.Setup_Field : set_data 실행 시작
[2022-09-26 16:01:13.793][I][AutoBaseFunction.py(wrapper):8] Parameter : 
[2022-09-26 16:01:13.793][I][AutoBaseFunction.py(wrapper):14] Screen.Setup_Field : set_data 실행 종료
[2022-09-26 16:01:14.048][I][AutoBaseFunction.py(wrapper):7] Screen.Setup_Field : set_data 실행 시작
[2022-09-26 16:01:14.048][I][AutoBaseFunction.py(wrapper):8] Parameter : 
[2022-09-26 16:01:14.049][I][AutoBaseFunction.py(wrapper):14] Screen.Setup_Field : set_data 실행 종료
[2022-09-26 16:01:14.049][I][AutoBaseFunction.py(wrapper):7] Screen.Setup_Field : set_data 실행 시작
[2022-09-26 16:01:14.049][I][AutoBaseFunction.py(wrapper):8] Parameter : 
[2022-09-26 16:01:14.050][I][AutoBaseFunction.py(wrapper):14] Screen.Setup_Field : set_data 실행 종료
[2022-09-26 16:01:14.050][I][AutoBaseFunction.py(wrapper):7] Screen.Setup_Field : set_data 실행 시작
[2022-09-26 16:01:14.051][I][AutoBaseFunction.py(wrapper):8] Parameter : 
[2022-09-26 16:01:14.051][I][AutoBaseFunction.py(wrapper):14] Screen.Setup_Field : set_data 실행 종료
[2022-09-26 16:01:14.051][I][AutoBaseFunction.py(wrapper):7] Screen.Setup_Field : set_data 실행 시작
[2022-09-26 16:01:14.052][I][AutoBaseFunction.py(wrapper):8] Parameter : 
[2022-09-26 16:01:14.052][I][AutoBaseFunction.py(wrapper):14] Screen.Setup_Field : set_data 실행 종료
[2022-09-26 16:01:14.052][I][AutoBaseFunction.py(wrapper):7] Screen.Setup_Field : set_data 실행 시작
[2022-09-26 16:01:14.052][I][AutoBaseFunction.py(wrapper):8] Parameter : 
[2022-09-26 16:01:14.053][I][AutoBaseFunction.py(wrapper):14] Screen.Setup_Field : set_data 실행 종료
[2022-09-26 16:01:14.053][I][AutoBaseFunction.py(wrapper):7] Screen.Setup_Field : sl_set_slot 실행 시작
[2022-09-26 16:01:14.053][I][AutoBaseFunction.py(wrapper):8] Parameter : 
[2022-09-26 16:01:14.053][I][AutoBaseFunction.py(wrapper):14] Screen.Setup_Field : sl_set_slot 실행 종료
[2022-09-26 16:01:14.053][I][AutoBaseFunction.py(wrapper):14] Screen.Setup_Field : setupUI_Field 실행 종료
[2022-09-26 16:01:14.054][I][AutoBaseFunction.py(wrapper):7] Screen.Setup_TestList : setupUI_TestList 실행 시작
[2022-09-26 16:01:14.054][I][AutoBaseFunction.py(wrapper):8] Parameter : 
[2022-09-26 16:01:14.055][I][AutoBaseFunction.py(wrapper):7] Screen.Setup_TestList : btn_set_slot 실행 시작
[2022-09-26 16:01:14.055][I][AutoBaseFunction.py(wrapper):8] Parameter : 
[2022-09-26 16:01:14.055][I][AutoBaseFunction.py(wrapper):14] Screen.Setup_TestList : btn_set_slot 실행 종료
[2022-09-26 16:01:14.056][I][AutoBaseFunction.py(wrapper):14] Screen.Setup_TestList : setupUI_TestList 실행 종료
[2022-09-26 16:01:14.056][I][AutoBaseFunction.py(wrapper):14] __main__ : __wigets_setupUi 실행 종료
[2022-09-26 16:01:14.854][I][AutoBaseFunction.py(wrapper):7] Screen.MainWindow : update_open_menu 실행 시작
[2022-09-26 16:01:14.854][I][AutoBaseFunction.py(wrapper):8] Parameter : 
[2022-09-26 16:01:14.857][I][AutoBaseFunction.py(wrapper):14] Screen.MainWindow : update_open_menu 실행 종료
[2022-09-26 16:01:15.655][I][AutoBaseFunction.py(wrapper):7] __main__ : __ce_ui 실행 시작
[2022-09-26 16:01:15.656][I][AutoBaseFunction.py(wrapper):8] Parameter : False
[2022-09-26 16:01:15.677][I][AutoBaseFunction.py(wrapper):14] __main__ : __ce_ui 실행 종료
[2022-09-26 16:01:18.590][I][AutoBaseFunction.py(wrapper):7] Screen.MainWindow : closeEvent 실행 시작
[2022-09-26 16:01:18.590][I][AutoBaseFunction.py(wrapper):8] Parameter : <PyQt5.QtGui.QCloseEvent object at 0x00000166A832FD38>
