[2022-10-05 08:58:48.738][D][LogManager.py(Init):12] LogManager Init function called !!!
[2022-10-05 08:58:48.768][I][AutoBaseFunction.py(wrapper):10] Screen.MainWindow : setupUi 실행 시작
[2022-10-05 08:58:48.769][I][AutoBaseFunction.py(wrapper):11] Parameter : 
[2022-10-05 08:58:48.773][I][AutoBaseFunction.py(wrapper):10] Screen.MainWindow : set_field 실행 시작
[2022-10-05 08:58:48.774][I][AutoBaseFunction.py(wrapper):11] Parameter : 
[2022-10-05 08:58:48.804][I][AutoBaseFunction.py(wrapper):17] Screen.MainWindow : set_field 실행 종료
[2022-10-05 08:58:48.804][I][AutoBaseFunction.py(wrapper):10] Screen.MainWindow : setWidget_func 실행 시작
[2022-10-05 08:58:48.805][I][AutoBaseFunction.py(wrapper):11] Parameter : 
[2022-10-05 08:58:48.807][I][AutoBaseFunction.py(wrapper):17] Screen.MainWindow : setWidget_func 실행 종료
[2022-10-05 08:58:48.810][I][AutoBaseFunction.py(wrapper):17] Screen.MainWindow : setupUi 실행 종료
[2022-10-05 08:58:48.818][I][AutoBaseFunction.py(wrapper):10] __main__ : __set_slot 실행 시작
[2022-10-05 08:58:48.818][I][AutoBaseFunction.py(wrapper):11] Parameter : 
[2022-10-05 08:58:48.819][I][AutoBaseFunction.py(wrapper):17] __main__ : __set_slot 실행 종료
[2022-10-05 08:58:48.819][I][AutoBaseFunction.py(wrapper):10] __main__ : __wigets_setupUi 실행 시작
[2022-10-05 08:58:48.819][I][AutoBaseFunction.py(wrapper):11] Parameter : 
[2022-10-05 08:58:48.820][I][AutoBaseFunction.py(wrapper):10] Screen.Setup_Language : setupUI_Language 실행 시작
[2022-10-05 08:58:48.820][I][AutoBaseFunction.py(wrapper):11] Parameter : 
[2022-10-05 08:58:48.821][I][AutoBaseFunction.py(wrapper):10] Screen.Setup_Language : sl_set_slot 실행 시작
[2022-10-05 08:58:48.821][I][AutoBaseFunction.py(wrapper):11] Parameter : 
[2022-10-05 08:58:48.822][I][AutoBaseFunction.py(wrapper):17] Screen.Setup_Language : sl_set_slot 실행 종료
[2022-10-05 08:58:48.822][I][AutoBaseFunction.py(wrapper):17] Screen.Setup_Language : setupUI_Language 실행 종료
[2022-10-05 08:58:48.822][I][AutoBaseFunction.py(wrapper):10] Screen.Menu_CreateExcel : setupUI_CreateExcel 실행 시작
[2022-10-05 08:58:48.822][I][AutoBaseFunction.py(wrapper):11] Parameter : 
[2022-10-05 08:58:48.823][I][AutoBaseFunction.py(wrapper):10] Screen.Menu_CreateExcel : new_excel_func 실행 시작
[2022-10-05 08:58:48.824][I][AutoBaseFunction.py(wrapper):11] Parameter : 
[2022-10-05 08:58:48.824][I][AutoBaseFunction.py(wrapper):17] Screen.Menu_CreateExcel : new_excel_func 실행 종료
[2022-10-05 08:58:48.824][I][AutoBaseFunction.py(wrapper):10] Screen.Menu_CreateExcel : set_excel_func 실행 시작
[2022-10-05 08:58:48.824][I][AutoBaseFunction.py(wrapper):11] Parameter : 
[2022-10-05 08:58:48.825][I][AutoBaseFunction.py(wrapper):17] Screen.Menu_CreateExcel : set_excel_func 실행 종료
[2022-10-05 08:58:48.825][I][AutoBaseFunction.py(wrapper):17] Screen.Menu_CreateExcel : setupUI_CreateExcel 실행 종료
[2022-10-05 08:58:48.826][I][AutoBaseFunction.py(wrapper):10] Screen.Setup_Field : setupUI_Field 실행 시작
[2022-10-05 08:58:48.826][I][AutoBaseFunction.py(wrapper):11] Parameter : 
[2022-10-05 08:58:48.828][I][AutoBaseFunction.py(wrapper):10] Screen.Setup_Field : set_data 실행 시작
[2022-10-05 08:58:48.828][I][AutoBaseFunction.py(wrapper):11] Parameter : 
[2022-10-05 08:58:48.829][I][AutoBaseFunction.py(wrapper):17] Screen.Setup_Field : set_data 실행 종료
[2022-10-05 08:58:49.070][I][AutoBaseFunction.py(wrapper):10] Screen.Setup_Field : set_data 실행 시작
[2022-10-05 08:58:49.070][I][AutoBaseFunction.py(wrapper):11] Parameter : 
[2022-10-05 08:58:49.071][I][AutoBaseFunction.py(wrapper):17] Screen.Setup_Field : set_data 실행 종료
[2022-10-05 08:58:49.072][I][AutoBaseFunction.py(wrapper):10] Screen.Setup_Field : set_data 실행 시작
[2022-10-05 08:58:49.072][I][AutoBaseFunction.py(wrapper):11] Parameter : 
[2022-10-05 08:58:49.072][I][AutoBaseFunction.py(wrapper):17] Screen.Setup_Field : set_data 실행 종료
[2022-10-05 08:58:49.073][I][AutoBaseFunction.py(wrapper):10] Screen.Setup_Field : set_data 실행 시작
[2022-10-05 08:58:49.073][I][AutoBaseFunction.py(wrapper):11] Parameter : 
[2022-10-05 08:58:49.073][I][AutoBaseFunction.py(wrapper):17] Screen.Setup_Field : set_data 실행 종료
[2022-10-05 08:58:49.074][I][AutoBaseFunction.py(wrapper):10] Screen.Setup_Field : set_data 실행 시작
[2022-10-05 08:58:49.074][I][AutoBaseFunction.py(wrapper):11] Parameter : 
[2022-10-05 08:58:49.074][I][AutoBaseFunction.py(wrapper):17] Screen.Setup_Field : set_data 실행 종료
[2022-10-05 08:58:49.074][I][AutoBaseFunction.py(wrapper):10] Screen.Setup_Field : set_data 실행 시작
[2022-10-05 08:58:49.075][I][AutoBaseFunction.py(wrapper):11] Parameter : 
[2022-10-05 08:58:49.075][I][AutoBaseFunction.py(wrapper):17] Screen.Setup_Field : set_data 실행 종료
[2022-10-05 08:58:49.075][I][AutoBaseFunction.py(wrapper):10] Screen.Setup_Field : sl_set_slot 실행 시작
[2022-10-05 08:58:49.075][I][AutoBaseFunction.py(wrapper):11] Parameter : 
[2022-10-05 08:58:49.076][I][AutoBaseFunction.py(wrapper):17] Screen.Setup_Field : sl_set_slot 실행 종료
[2022-10-05 08:58:49.076][I][AutoBaseFunction.py(wrapper):17] Screen.Setup_Field : setupUI_Field 실행 종료
[2022-10-05 08:58:49.076][I][AutoBaseFunction.py(wrapper):10] Screen.Setup_TestList : setupUI_TestList 실행 시작
[2022-10-05 08:58:49.077][I][AutoBaseFunction.py(wrapper):11] Parameter : 
[2022-10-05 08:58:49.078][I][AutoBaseFunction.py(wrapper):10] Screen.Setup_TestList : btn_set_slot 실행 시작
[2022-10-05 08:58:49.078][I][AutoBaseFunction.py(wrapper):11] Parameter : 
[2022-10-05 08:58:49.078][I][AutoBaseFunction.py(wrapper):17] Screen.Setup_TestList : btn_set_slot 실행 종료
[2022-10-05 08:58:49.078][I][AutoBaseFunction.py(wrapper):17] Screen.Setup_TestList : setupUI_TestList 실행 종료
[2022-10-05 08:58:49.079][I][AutoBaseFunction.py(wrapper):17] __main__ : __wigets_setupUi 실행 종료
[2022-10-05 08:58:50.991][I][AutoBaseFunction.py(wrapper):10] __main__ : __tl_ui 실행 시작
[2022-10-05 08:58:50.991][I][AutoBaseFunction.py(wrapper):11] Parameter : False
[2022-10-05 08:58:50.992][I][AutoBaseFunction.py(wrapper):10] Screen.Setup_TestList : setTest_Button 실행 시작
[2022-10-05 08:58:50.992][I][AutoBaseFunction.py(wrapper):11] Parameter : 
[2022-10-05 08:58:50.995][I][AutoBaseFunction.py(wrapper):17] Screen.Setup_TestList : setTest_Button 실행 종료
[2022-10-05 08:58:51.008][I][AutoBaseFunction.py(wrapper):17] __main__ : __tl_ui 실행 종료
[2022-10-05 08:59:03.701][I][AutoBaseFunction.py(wrapper):10] Screen.Setup_TestList : keyPressEvent 실행 시작
[2022-10-05 08:59:03.702][I][AutoBaseFunction.py(wrapper):11] Parameter : <PyQt5.QtGui.QKeyEvent object at 0x000001F7BAAB5558>
[2022-10-05 08:59:03.702][I][AutoBaseFunction.py(wrapper):17] Screen.Setup_TestList : keyPressEvent 실행 종료
[2022-10-05 08:59:41.301][I][AutoBaseFunction.py(wrapper):10] Screen.Setup_TestList : cancel_Button_clicked 실행 시작
[2022-10-05 08:59:41.301][I][AutoBaseFunction.py(wrapper):11] Parameter : False
[2022-10-05 08:59:41.301][I][AutoBaseFunction.py(wrapper):10] Screen.Setup_TestList : closeEvent 실행 시작
[2022-10-05 08:59:41.302][I][AutoBaseFunction.py(wrapper):11] Parameter : <PyQt5.QtGui.QCloseEvent object at 0x000001F7BAAB5558>
