[2022-09-23 11:50:27.451][D][LogManager.py(Init):12] LogManager Init function called !!!
[2022-09-23 11:50:27.544][I][AutoBaseFunction.py(wrapper):7] Screen.MainWindow : setupUi 실행 시작
[2022-09-23 11:50:27.545][I][AutoBaseFunction.py(wrapper):8] Parameter : 
[2022-09-23 11:50:27.667][I][AutoBaseFunction.py(wrapper):7] Screen.MainWindow : set_field 실행 시작
[2022-09-23 11:50:27.668][I][AutoBaseFunction.py(wrapper):8] Parameter : 
[2022-09-23 11:50:27.698][I][AutoBaseFunction.py(wrapper):14] Screen.MainWindow : set_field 실행 종료
[2022-09-23 11:50:27.698][I][AutoBaseFunction.py(wrapper):7] Screen.MainWindow : setWidget_func 실행 시작
[2022-09-23 11:50:27.699][I][AutoBaseFunction.py(wrapper):8] Parameter : 
[2022-09-23 11:50:27.701][I][AutoBaseFunction.py(wrapper):14] Screen.MainWindow : setWidget_func 실행 종료
[2022-09-23 11:50:27.704][I][AutoBaseFunction.py(wrapper):14] Screen.MainWindow : setupUi 실행 종료
[2022-09-23 11:50:27.712][I][AutoBaseFunction.py(wrapper):7] __main__ : __set_slot 실행 시작
[2022-09-23 11:50:27.712][I][AutoBaseFunction.py(wrapper):8] Parameter : 
[2022-09-23 11:50:27.712][I][AutoBaseFunction.py(wrapper):14] __main__ : __set_slot 실행 종료
[2022-09-23 11:50:27.713][I][AutoBaseFunction.py(wrapper):7] __main__ : __wigets_setupUi 실행 시작
[2022-09-23 11:50:27.713][I][AutoBaseFunction.py(wrapper):8] Parameter : 
[2022-09-23 11:50:27.713][I][AutoBaseFunction.py(wrapper):7] Screen.Setup_Language : setupUI_Language 실행 시작
[2022-09-23 11:50:27.714][I][AutoBaseFunction.py(wrapper):8] Parameter : 
[2022-09-23 11:50:27.714][I][AutoBaseFunction.py(wrapper):7] Screen.Setup_Language : sl_set_slot 실행 시작
[2022-09-23 11:50:27.714][I][AutoBaseFunction.py(wrapper):8] Parameter : 
[2022-09-23 11:50:27.715][I][AutoBaseFunction.py(wrapper):14] Screen.Setup_Language : sl_set_slot 실행 종료
[2022-09-23 11:50:27.715][I][AutoBaseFunction.py(wrapper):14] Screen.Setup_Language : setupUI_Language 실행 종료
[2022-09-23 11:50:27.715][I][AutoBaseFunction.py(wrapper):7] Screen.Menu_CreateExcel : setupUI_CreateExcel 실행 시작
[2022-09-23 11:50:27.716][I][AutoBaseFunction.py(wrapper):8] Parameter : 
[2022-09-23 11:50:27.716][I][AutoBaseFunction.py(wrapper):7] Screen.Menu_CreateExcel : new_excel_func 실행 시작
[2022-09-23 11:50:27.717][I][AutoBaseFunction.py(wrapper):8] Parameter : 
[2022-09-23 11:50:27.717][I][AutoBaseFunction.py(wrapper):14] Screen.Menu_CreateExcel : new_excel_func 실행 종료
[2022-09-23 11:50:27.717][I][AutoBaseFunction.py(wrapper):7] Screen.Menu_CreateExcel : set_excel_func 실행 시작
[2022-09-23 11:50:27.717][I][AutoBaseFunction.py(wrapper):8] Parameter : 
[2022-09-23 11:50:27.718][I][AutoBaseFunction.py(wrapper):14] Screen.Menu_CreateExcel : set_excel_func 실행 종료
[2022-09-23 11:50:27.718][I][AutoBaseFunction.py(wrapper):14] Screen.Menu_CreateExcel : setupUI_CreateExcel 실행 종료
[2022-09-23 11:50:27.718][I][AutoBaseFunction.py(wrapper):7] Screen.Setup_Field : setupUI_Field 실행 시작
[2022-09-23 11:50:27.719][I][AutoBaseFunction.py(wrapper):8] Parameter : 
[2022-09-23 11:50:27.719][I][AutoBaseFunction.py(wrapper):7] Screen.Setup_Field : set_data 실행 시작
[2022-09-23 11:50:27.719][I][AutoBaseFunction.py(wrapper):8] Parameter : 
[2022-09-23 11:50:27.720][I][AutoBaseFunction.py(wrapper):14] Screen.Setup_Field : set_data 실행 종료
[2022-09-23 11:50:27.982][I][AutoBaseFunction.py(wrapper):7] Screen.Setup_Field : set_data 실행 시작
[2022-09-23 11:50:27.982][I][AutoBaseFunction.py(wrapper):8] Parameter : 
[2022-09-23 11:50:27.982][I][AutoBaseFunction.py(wrapper):14] Screen.Setup_Field : set_data 실행 종료
[2022-09-23 11:50:27.983][I][AutoBaseFunction.py(wrapper):7] Screen.Setup_Field : set_data 실행 시작
[2022-09-23 11:50:27.983][I][AutoBaseFunction.py(wrapper):8] Parameter : 
[2022-09-23 11:50:27.984][I][AutoBaseFunction.py(wrapper):14] Screen.Setup_Field : set_data 실행 종료
[2022-09-23 11:50:27.984][I][AutoBaseFunction.py(wrapper):7] Screen.Setup_Field : set_data 실행 시작
[2022-09-23 11:50:27.984][I][AutoBaseFunction.py(wrapper):8] Parameter : 
[2022-09-23 11:50:27.985][I][AutoBaseFunction.py(wrapper):14] Screen.Setup_Field : set_data 실행 종료
[2022-09-23 11:50:27.985][I][AutoBaseFunction.py(wrapper):7] Screen.Setup_Field : set_data 실행 시작
[2022-09-23 11:50:27.986][I][AutoBaseFunction.py(wrapper):8] Parameter : 
[2022-09-23 11:50:27.986][I][AutoBaseFunction.py(wrapper):14] Screen.Setup_Field : set_data 실행 종료
[2022-09-23 11:50:27.986][I][AutoBaseFunction.py(wrapper):7] Screen.Setup_Field : set_data 실행 시작
[2022-09-23 11:50:27.987][I][AutoBaseFunction.py(wrapper):8] Parameter : 
[2022-09-23 11:50:27.987][I][AutoBaseFunction.py(wrapper):14] Screen.Setup_Field : set_data 실행 종료
[2022-09-23 11:50:27.987][I][AutoBaseFunction.py(wrapper):7] Screen.Setup_Field : sl_set_slot 실행 시작
[2022-09-23 11:50:27.987][I][AutoBaseFunction.py(wrapper):8] Parameter : 
[2022-09-23 11:50:27.988][I][AutoBaseFunction.py(wrapper):14] Screen.Setup_Field : sl_set_slot 실행 종료
[2022-09-23 11:50:27.988][I][AutoBaseFunction.py(wrapper):14] Screen.Setup_Field : setupUI_Field 실행 종료
[2022-09-23 11:50:27.988][I][AutoBaseFunction.py(wrapper):7] Screen.Setup_TestList : setupUI_TestList 실행 시작
[2022-09-23 11:50:27.988][I][AutoBaseFunction.py(wrapper):8] Parameter : 
[2022-09-23 11:50:27.990][I][AutoBaseFunction.py(wrapper):7] Screen.Setup_TestList : btn_set_slot 실행 시작
[2022-09-23 11:50:27.990][I][AutoBaseFunction.py(wrapper):8] Parameter : 
[2022-09-23 11:50:27.990][I][AutoBaseFunction.py(wrapper):14] Screen.Setup_TestList : btn_set_slot 실행 종료
[2022-09-23 11:50:27.991][I][AutoBaseFunction.py(wrapper):14] Screen.Setup_TestList : setupUI_TestList 실행 종료
[2022-09-23 11:50:27.991][I][AutoBaseFunction.py(wrapper):14] __main__ : __wigets_setupUi 실행 종료
[2022-09-23 11:50:29.366][I][AutoBaseFunction.py(wrapper):7] Screen.MainWindow : update_open_menu 실행 시작
[2022-09-23 11:50:29.366][I][AutoBaseFunction.py(wrapper):8] Parameter : 
[2022-09-23 11:50:29.368][I][AutoBaseFunction.py(wrapper):14] Screen.MainWindow : update_open_menu 실행 종료
[2022-09-23 11:50:30.380][I][AutoBaseFunction.py(wrapper):7] Screen.MainWindow : show_imgList 실행 시작
[2022-09-23 11:50:30.380][I][AutoBaseFunction.py(wrapper):8] Parameter : ('한국어', 'D:/test/TestList_CSV/2022_skillup'), True
[2022-09-23 11:50:30.402][I][AutoBaseFunction.py(wrapper):7] Screen.MainWindow : qbutton_clicked 실행 시작
[2022-09-23 11:50:30.402][I][AutoBaseFunction.py(wrapper):8] Parameter : None, 0, <Screen.MainWindow.QPushButtonIcon object at 0x000001BC2F6BEC18>, False
