[2022-09-27 16:57:50.263][D][LogManager.py(Init):12] LogManager Init function called !!!
[2022-09-27 16:57:50.280][I][AutoBaseFunction.py(wrapper):7] Screen.MainWindow : setupUi 실행 시작
[2022-09-27 16:57:50.281][I][AutoBaseFunction.py(wrapper):8] Parameter : 
[2022-09-27 16:57:50.299][I][AutoBaseFunction.py(wrapper):7] Screen.MainWindow : set_field 실행 시작
[2022-09-27 16:57:50.300][I][AutoBaseFunction.py(wrapper):8] Parameter : 
[2022-09-27 16:57:50.326][I][AutoBaseFunction.py(wrapper):14] Screen.MainWindow : set_field 실행 종료
[2022-09-27 16:57:50.326][I][AutoBaseFunction.py(wrapper):7] Screen.MainWindow : setWidget_func 실행 시작
[2022-09-27 16:57:50.327][I][AutoBaseFunction.py(wrapper):8] Parameter : 
[2022-09-27 16:57:50.329][I][AutoBaseFunction.py(wrapper):14] Screen.MainWindow : setWidget_func 실행 종료
[2022-09-27 16:57:50.333][I][AutoBaseFunction.py(wrapper):14] Screen.MainWindow : setupUi 실행 종료
[2022-09-27 16:57:50.346][I][AutoBaseFunction.py(wrapper):7] __main__ : __set_slot 실행 시작
[2022-09-27 16:57:50.346][I][AutoBaseFunction.py(wrapper):8] Parameter : 
[2022-09-27 16:57:50.346][I][AutoBaseFunction.py(wrapper):14] __main__ : __set_slot 실행 종료
[2022-09-27 16:57:50.348][I][AutoBaseFunction.py(wrapper):7] __main__ : __wigets_setupUi 실행 시작
[2022-09-27 16:57:50.348][I][AutoBaseFunction.py(wrapper):8] Parameter : 
[2022-09-27 16:57:50.348][I][AutoBaseFunction.py(wrapper):7] Screen.Setup_Language : setupUI_Language 실행 시작
[2022-09-27 16:57:50.348][I][AutoBaseFunction.py(wrapper):8] Parameter : 
[2022-09-27 16:57:50.349][I][AutoBaseFunction.py(wrapper):7] Screen.Setup_Language : sl_set_slot 실행 시작
[2022-09-27 16:57:50.349][I][AutoBaseFunction.py(wrapper):8] Parameter : 
[2022-09-27 16:57:50.350][I][AutoBaseFunction.py(wrapper):14] Screen.Setup_Language : sl_set_slot 실행 종료
[2022-09-27 16:57:50.351][I][AutoBaseFunction.py(wrapper):14] Screen.Setup_Language : setupUI_Language 실행 종료
[2022-09-27 16:57:50.351][I][AutoBaseFunction.py(wrapper):7] Screen.Menu_CreateExcel : setupUI_CreateExcel 실행 시작
[2022-09-27 16:57:50.351][I][AutoBaseFunction.py(wrapper):8] Parameter : 
[2022-09-27 16:57:50.352][I][AutoBaseFunction.py(wrapper):7] Screen.Menu_CreateExcel : new_excel_func 실행 시작
[2022-09-27 16:57:50.352][I][AutoBaseFunction.py(wrapper):8] Parameter : 
[2022-09-27 16:57:50.353][I][AutoBaseFunction.py(wrapper):14] Screen.Menu_CreateExcel : new_excel_func 실행 종료
[2022-09-27 16:57:50.353][I][AutoBaseFunction.py(wrapper):7] Screen.Menu_CreateExcel : set_excel_func 실행 시작
[2022-09-27 16:57:50.353][I][AutoBaseFunction.py(wrapper):8] Parameter : 
[2022-09-27 16:57:50.354][I][AutoBaseFunction.py(wrapper):14] Screen.Menu_CreateExcel : set_excel_func 실행 종료
[2022-09-27 16:57:50.354][I][AutoBaseFunction.py(wrapper):14] Screen.Menu_CreateExcel : setupUI_CreateExcel 실행 종료
[2022-09-27 16:57:50.355][I][AutoBaseFunction.py(wrapper):7] Screen.Setup_Field : setupUI_Field 실행 시작
[2022-09-27 16:57:50.355][I][AutoBaseFunction.py(wrapper):8] Parameter : 
