[2022-10-04 17:25:08.904][D][LogManager.py(Init):12] LogManager Init function called !!!
[2022-10-04 17:25:08.929][I][AutoBaseFunction.py(wrapper):7] Screen.MainWindow : setupUi 실행 시작
[2022-10-04 17:25:08.929][I][AutoBaseFunction.py(wrapper):8] Parameter : 
[2022-10-04 17:25:08.934][I][AutoBaseFunction.py(wrapper):7] Screen.MainWindow : set_field 실행 시작
[2022-10-04 17:25:08.935][I][AutoBaseFunction.py(wrapper):8] Parameter : 
[2022-10-04 17:25:08.968][I][AutoBaseFunction.py(wrapper):14] Screen.MainWindow : set_field 실행 종료
[2022-10-04 17:25:08.968][I][AutoBaseFunction.py(wrapper):7] Screen.MainWindow : setWidget_func 실행 시작
[2022-10-04 17:25:08.969][I][AutoBaseFunction.py(wrapper):8] Parameter : 
[2022-10-04 17:25:08.971][I][AutoBaseFunction.py(wrapper):14] Screen.MainWindow : setWidget_func 실행 종료
[2022-10-04 17:25:08.973][I][AutoBaseFunction.py(wrapper):14] Screen.MainWindow : setupUi 실행 종료
[2022-10-04 17:25:08.980][I][AutoBaseFunction.py(wrapper):7] __main__ : __set_slot 실행 시작
[2022-10-04 17:25:08.980][I][AutoBaseFunction.py(wrapper):8] Parameter : 
[2022-10-04 17:25:08.980][I][AutoBaseFunction.py(wrapper):14] __main__ : __set_slot 실행 종료
[2022-10-04 17:25:08.981][I][AutoBaseFunction.py(wrapper):7] __main__ : __wigets_setupUi 실행 시작
[2022-10-04 17:25:08.981][I][AutoBaseFunction.py(wrapper):8] Parameter : 
[2022-10-04 17:25:08.982][I][AutoBaseFunction.py(wrapper):7] Screen.Setup_Language : setupUI_Language 실행 시작
[2022-10-04 17:25:08.982][I][AutoBaseFunction.py(wrapper):8] Parameter : 
[2022-10-04 17:25:08.983][I][AutoBaseFunction.py(wrapper):7] Screen.Setup_Language : sl_set_slot 실행 시작
[2022-10-04 17:25:08.983][I][AutoBaseFunction.py(wrapper):8] Parameter : 
[2022-10-04 17:25:08.983][I][AutoBaseFunction.py(wrapper):14] Screen.Setup_Language : sl_set_slot 실행 종료
[2022-10-04 17:25:08.984][I][AutoBaseFunction.py(wrapper):14] Screen.Setup_Language : setupUI_Language 실행 종료
[2022-10-04 17:25:08.984][I][AutoBaseFunction.py(wrapper):7] Screen.Menu_CreateExcel : setupUI_CreateExcel 실행 시작
[2022-10-04 17:25:08.984][I][AutoBaseFunction.py(wrapper):8] Parameter : 
[2022-10-04 17:25:08.985][I][AutoBaseFunction.py(wrapper):7] Screen.Menu_CreateExcel : new_excel_func 실행 시작
[2022-10-04 17:25:08.985][I][AutoBaseFunction.py(wrapper):8] Parameter : 
[2022-10-04 17:25:08.986][I][AutoBaseFunction.py(wrapper):14] Screen.Menu_CreateExcel : new_excel_func 실행 종료
[2022-10-04 17:25:08.986][I][AutoBaseFunction.py(wrapper):7] Screen.Menu_CreateExcel : set_excel_func 실행 시작
[2022-10-04 17:25:08.986][I][AutoBaseFunction.py(wrapper):8] Parameter : 
[2022-10-04 17:25:08.987][I][AutoBaseFunction.py(wrapper):14] Screen.Menu_CreateExcel : set_excel_func 실행 종료
[2022-10-04 17:25:08.987][I][AutoBaseFunction.py(wrapper):14] Screen.Menu_CreateExcel : setupUI_CreateExcel 실행 종료
[2022-10-04 17:25:08.987][I][AutoBaseFunction.py(wrapper):7] Screen.Setup_Field : setupUI_Field 실행 시작
[2022-10-04 17:25:08.988][I][AutoBaseFunction.py(wrapper):8] Parameter : 
[2022-10-04 17:25:08.989][I][AutoBaseFunction.py(wrapper):7] Screen.Setup_Field : set_data 실행 시작
[2022-10-04 17:25:08.990][I][AutoBaseFunction.py(wrapper):8] Parameter : 
[2022-10-04 17:25:08.990][I][AutoBaseFunction.py(wrapper):14] Screen.Setup_Field : set_data 실행 종료
[2022-10-04 17:25:09.255][I][AutoBaseFunction.py(wrapper):7] Screen.Setup_Field : set_data 실행 시작
[2022-10-04 17:25:09.255][I][AutoBaseFunction.py(wrapper):8] Parameter : 
[2022-10-04 17:25:09.256][I][AutoBaseFunction.py(wrapper):14] Screen.Setup_Field : set_data 실행 종료
[2022-10-04 17:25:09.256][I][AutoBaseFunction.py(wrapper):7] Screen.Setup_Field : set_data 실행 시작
[2022-10-04 17:25:09.257][I][AutoBaseFunction.py(wrapper):8] Parameter : 
[2022-10-04 17:25:09.257][I][AutoBaseFunction.py(wrapper):14] Screen.Setup_Field : set_data 실행 종료
[2022-10-04 17:25:09.258][I][AutoBaseFunction.py(wrapper):7] Screen.Setup_Field : set_data 실행 시작
[2022-10-04 17:25:09.258][I][AutoBaseFunction.py(wrapper):8] Parameter : 
[2022-10-04 17:25:09.259][I][AutoBaseFunction.py(wrapper):14] Screen.Setup_Field : set_data 실행 종료
[2022-10-04 17:25:09.259][I][AutoBaseFunction.py(wrapper):7] Screen.Setup_Field : set_data 실행 시작
[2022-10-04 17:25:09.259][I][AutoBaseFunction.py(wrapper):8] Parameter : 
[2022-10-04 17:25:09.260][I][AutoBaseFunction.py(wrapper):14] Screen.Setup_Field : set_data 실행 종료
[2022-10-04 17:25:09.261][I][AutoBaseFunction.py(wrapper):7] Screen.Setup_Field : set_data 실행 시작
[2022-10-04 17:25:09.261][I][AutoBaseFunction.py(wrapper):8] Parameter : 
[2022-10-04 17:25:09.262][I][AutoBaseFunction.py(wrapper):14] Screen.Setup_Field : set_data 실행 종료
[2022-10-04 17:25:09.262][I][AutoBaseFunction.py(wrapper):7] Screen.Setup_Field : sl_set_slot 실행 시작
[2022-10-04 17:25:09.262][I][AutoBaseFunction.py(wrapper):8] Parameter : 
[2022-10-04 17:25:09.263][I][AutoBaseFunction.py(wrapper):14] Screen.Setup_Field : sl_set_slot 실행 종료
[2022-10-04 17:25:09.263][I][AutoBaseFunction.py(wrapper):14] Screen.Setup_Field : setupUI_Field 실행 종료
[2022-10-04 17:25:09.263][I][AutoBaseFunction.py(wrapper):7] Screen.Setup_TestList : setupUI_TestList 실행 시작
[2022-10-04 17:25:09.264][I][AutoBaseFunction.py(wrapper):8] Parameter : 
[2022-10-04 17:25:09.266][I][AutoBaseFunction.py(wrapper):7] Screen.Setup_TestList : btn_set_slot 실행 시작
[2022-10-04 17:25:09.267][I][AutoBaseFunction.py(wrapper):8] Parameter : 
[2022-10-04 17:25:09.268][I][AutoBaseFunction.py(wrapper):14] Screen.Setup_TestList : btn_set_slot 실행 종료
[2022-10-04 17:25:09.269][I][AutoBaseFunction.py(wrapper):14] Screen.Setup_TestList : setupUI_TestList 실행 종료
[2022-10-04 17:25:09.269][I][AutoBaseFunction.py(wrapper):14] __main__ : __wigets_setupUi 실행 종료
[2022-10-04 17:25:10.414][I][AutoBaseFunction.py(wrapper):7] __main__ : __sl_ui 실행 시작
[2022-10-04 17:25:10.414][I][AutoBaseFunction.py(wrapper):8] Parameter : False
[2022-10-04 17:25:10.415][I][AutoBaseFunction.py(wrapper):7] Screen.Setup_Language : setLang_Button 실행 시작
[2022-10-04 17:25:10.415][I][AutoBaseFunction.py(wrapper):8] Parameter : 
[2022-10-04 17:25:10.419][I][AutoBaseFunction.py(wrapper):14] Screen.Setup_Language : setLang_Button 실행 종료
[2022-10-04 17:25:10.432][I][AutoBaseFunction.py(wrapper):14] __main__ : __sl_ui 실행 종료
[2022-10-04 17:25:11.237][I][AutoBaseFunction.py(wrapper):7] Screen.Setup_Language : keyPressEvent 실행 시작
[2022-10-04 17:25:11.237][I][AutoBaseFunction.py(wrapper):8] Parameter : <PyQt5.QtGui.QKeyEvent object at 0x000001FEFD4ED438>
[2022-10-04 17:25:11.238][I][AutoBaseFunction.py(wrapper):7] Screen.Setup_Language : ok_Button_clicked 실행 시작
[2022-10-04 17:25:11.238][I][AutoBaseFunction.py(wrapper):8] Parameter : None
[2022-10-04 17:25:11.319][I][AutoBaseFunction.py(wrapper):7] Screen.Setup_Language : closeEvent 실행 시작
[2022-10-04 17:25:11.320][I][AutoBaseFunction.py(wrapper):8] Parameter : <PyQt5.QtGui.QCloseEvent object at 0x000001FEFD4EDB88>
[2022-10-04 17:25:11.321][I][AutoBaseFunction.py(wrapper):14] Screen.Setup_Language : closeEvent 실행 종료
[2022-10-04 17:25:11.326][I][AutoBaseFunction.py(wrapper):14] Screen.Setup_Language : ok_Button_clicked 실행 종료
[2022-10-04 17:25:11.326][I][AutoBaseFunction.py(wrapper):14] Screen.Setup_Language : keyPressEvent 실행 종료
[2022-10-04 17:25:21.478][I][AutoBaseFunction.py(wrapper):7] __main__ : __sl_ui 실행 시작
[2022-10-04 17:25:21.478][I][AutoBaseFunction.py(wrapper):8] Parameter : False
[2022-10-04 17:25:21.479][I][AutoBaseFunction.py(wrapper):7] Screen.Setup_Language : setLang_Button 실행 시작
[2022-10-04 17:25:21.479][I][AutoBaseFunction.py(wrapper):8] Parameter : 
[2022-10-04 17:25:21.482][I][AutoBaseFunction.py(wrapper):14] Screen.Setup_Language : setLang_Button 실행 종료
[2022-10-04 17:25:21.486][I][AutoBaseFunction.py(wrapper):14] __main__ : __sl_ui 실행 종료
[2022-10-04 17:25:26.692][I][AutoBaseFunction.py(wrapper):7] Screen.Setup_Language : keyPressEvent 실행 시작
[2022-10-04 17:25:26.693][I][AutoBaseFunction.py(wrapper):8] Parameter : <PyQt5.QtGui.QKeyEvent object at 0x000001FEFD4D1678>
[2022-10-04 17:25:26.694][I][AutoBaseFunction.py(wrapper):7] Screen.Setup_Language : ok_Button_clicked 실행 시작
[2022-10-04 17:25:26.694][I][AutoBaseFunction.py(wrapper):8] Parameter : None
[2022-10-04 17:25:26.783][I][AutoBaseFunction.py(wrapper):7] Screen.Setup_Language : closeEvent 실행 시작
[2022-10-04 17:25:26.784][I][AutoBaseFunction.py(wrapper):8] Parameter : <PyQt5.QtGui.QCloseEvent object at 0x000001FEFD4ED3A8>
[2022-10-04 17:25:26.785][I][AutoBaseFunction.py(wrapper):14] Screen.Setup_Language : closeEvent 실행 종료
[2022-10-04 17:25:26.790][I][AutoBaseFunction.py(wrapper):14] Screen.Setup_Language : ok_Button_clicked 실행 종료
[2022-10-04 17:25:26.791][I][AutoBaseFunction.py(wrapper):14] Screen.Setup_Language : keyPressEvent 실행 종료
[2022-10-04 17:25:28.096][I][AutoBaseFunction.py(wrapper):7] Screen.MainWindow : update_open_menu 실행 시작
[2022-10-04 17:25:28.096][I][AutoBaseFunction.py(wrapper):8] Parameter : 
[2022-10-04 17:25:28.098][I][AutoBaseFunction.py(wrapper):14] Screen.MainWindow : update_open_menu 실행 종료
[2022-10-04 17:25:29.270][I][AutoBaseFunction.py(wrapper):7] Screen.MainWindow : show_imgList 실행 시작
[2022-10-04 17:25:29.271][I][AutoBaseFunction.py(wrapper):8] Parameter : ('한국어', 'D:/test/TestList_CSV/2022_skillup-master'), True, True
[2022-10-04 17:25:29.318][I][AutoBaseFunction.py(wrapper):7] Screen.MainWindow : qbutton_clicked 실행 시작
[2022-10-04 17:25:29.319][I][AutoBaseFunction.py(wrapper):8] Parameter : None, 0, <Screen.MainWindow.QPushButtonIcon object at 0x000001FEFD530048>, False
[2022-10-04 17:25:29.367][I][AutoBaseFunction.py(wrapper):14] Screen.MainWindow : qbutton_clicked 실행 종료
[2022-10-04 17:25:29.368][I][AutoBaseFunction.py(wrapper):14] Screen.MainWindow : show_imgList 실행 종료
[2022-10-04 17:25:31.748][I][AutoBaseFunction.py(wrapper):7] Screen.MainWindow : allFail_clicked 실행 시작
[2022-10-04 17:25:31.749][I][AutoBaseFunction.py(wrapper):8] Parameter : False
[2022-10-04 17:25:31.749][I][AutoBaseFunction.py(wrapper):14] Screen.MainWindow : allFail_clicked 실행 종료
