[2022-10-04 20:32:31.872][D][LogManager.py(Init):12] LogManager Init function called !!!
[2022-10-04 20:32:31.899][I][AutoBaseFunction.py(wrapper):10] Screen.MainWindow : setupUi 실행 시작
[2022-10-04 20:32:31.899][I][AutoBaseFunction.py(wrapper):11] Parameter : 
[2022-10-04 20:32:31.902][I][AutoBaseFunction.py(wrapper):10] Screen.MainWindow : set_field 실행 시작
[2022-10-04 20:32:31.903][I][AutoBaseFunction.py(wrapper):11] Parameter : 
[2022-10-04 20:32:31.955][I][AutoBaseFunction.py(wrapper):17] Screen.MainWindow : set_field 실행 종료
[2022-10-04 20:32:31.955][I][AutoBaseFunction.py(wrapper):10] Screen.MainWindow : setWidget_func 실행 시작
[2022-10-04 20:32:31.956][I][AutoBaseFunction.py(wrapper):11] Parameter : 
[2022-10-04 20:32:31.958][I][AutoBaseFunction.py(wrapper):17] Screen.MainWindow : setWidget_func 실행 종료
[2022-10-04 20:32:31.960][I][AutoBaseFunction.py(wrapper):17] Screen.MainWindow : setupUi 실행 종료
[2022-10-04 20:32:31.966][I][AutoBaseFunction.py(wrapper):10] __main__ : __set_slot 실행 시작
[2022-10-04 20:32:31.967][I][AutoBaseFunction.py(wrapper):11] Parameter : 
[2022-10-04 20:32:31.967][I][AutoBaseFunction.py(wrapper):17] __main__ : __set_slot 실행 종료
[2022-10-04 20:32:31.967][I][AutoBaseFunction.py(wrapper):10] __main__ : __wigets_setupUi 실행 시작
[2022-10-04 20:32:31.968][I][AutoBaseFunction.py(wrapper):11] Parameter : 
[2022-10-04 20:32:31.968][I][AutoBaseFunction.py(wrapper):10] Screen.Setup_Language : setupUI_Language 실행 시작
[2022-10-04 20:32:31.968][I][AutoBaseFunction.py(wrapper):11] Parameter : 
[2022-10-04 20:32:31.969][I][AutoBaseFunction.py(wrapper):10] Screen.Setup_Language : sl_set_slot 실행 시작
[2022-10-04 20:32:31.969][I][AutoBaseFunction.py(wrapper):11] Parameter : 
[2022-10-04 20:32:31.970][I][AutoBaseFunction.py(wrapper):17] Screen.Setup_Language : sl_set_slot 실행 종료
[2022-10-04 20:32:31.970][I][AutoBaseFunction.py(wrapper):17] Screen.Setup_Language : setupUI_Language 실행 종료
[2022-10-04 20:32:31.970][I][AutoBaseFunction.py(wrapper):10] Screen.Menu_CreateExcel : setupUI_CreateExcel 실행 시작
[2022-10-04 20:32:31.971][I][AutoBaseFunction.py(wrapper):11] Parameter : 
[2022-10-04 20:32:31.972][I][AutoBaseFunction.py(wrapper):10] Screen.Menu_CreateExcel : new_excel_func 실행 시작
[2022-10-04 20:32:31.972][I][AutoBaseFunction.py(wrapper):11] Parameter : 
[2022-10-04 20:32:31.973][I][AutoBaseFunction.py(wrapper):17] Screen.Menu_CreateExcel : new_excel_func 실행 종료
[2022-10-04 20:32:31.973][I][AutoBaseFunction.py(wrapper):10] Screen.Menu_CreateExcel : set_excel_func 실행 시작
[2022-10-04 20:32:31.973][I][AutoBaseFunction.py(wrapper):11] Parameter : 
[2022-10-04 20:32:31.974][I][AutoBaseFunction.py(wrapper):17] Screen.Menu_CreateExcel : set_excel_func 실행 종료
[2022-10-04 20:32:31.974][I][AutoBaseFunction.py(wrapper):17] Screen.Menu_CreateExcel : setupUI_CreateExcel 실행 종료
[2022-10-04 20:32:31.974][I][AutoBaseFunction.py(wrapper):10] Screen.Setup_Field : setupUI_Field 실행 시작
[2022-10-04 20:32:31.975][I][AutoBaseFunction.py(wrapper):11] Parameter : 
[2022-10-04 20:32:31.976][I][AutoBaseFunction.py(wrapper):10] Screen.Setup_Field : set_data 실행 시작
[2022-10-04 20:32:31.976][I][AutoBaseFunction.py(wrapper):11] Parameter : 
[2022-10-04 20:32:31.976][I][AutoBaseFunction.py(wrapper):17] Screen.Setup_Field : set_data 실행 종료
[2022-10-04 20:32:32.229][I][AutoBaseFunction.py(wrapper):10] Screen.Setup_Field : set_data 실행 시작
[2022-10-04 20:32:32.230][I][AutoBaseFunction.py(wrapper):11] Parameter : 
[2022-10-04 20:32:32.230][I][AutoBaseFunction.py(wrapper):17] Screen.Setup_Field : set_data 실행 종료
[2022-10-04 20:32:32.231][I][AutoBaseFunction.py(wrapper):10] Screen.Setup_Field : set_data 실행 시작
[2022-10-04 20:32:32.231][I][AutoBaseFunction.py(wrapper):11] Parameter : 
[2022-10-04 20:32:32.232][I][AutoBaseFunction.py(wrapper):17] Screen.Setup_Field : set_data 실행 종료
[2022-10-04 20:32:32.232][I][AutoBaseFunction.py(wrapper):10] Screen.Setup_Field : set_data 실행 시작
[2022-10-04 20:32:32.232][I][AutoBaseFunction.py(wrapper):11] Parameter : 
[2022-10-04 20:32:32.233][I][AutoBaseFunction.py(wrapper):17] Screen.Setup_Field : set_data 실행 종료
[2022-10-04 20:32:32.233][I][AutoBaseFunction.py(wrapper):10] Screen.Setup_Field : set_data 실행 시작
[2022-10-04 20:32:32.233][I][AutoBaseFunction.py(wrapper):11] Parameter : 
[2022-10-04 20:32:32.233][I][AutoBaseFunction.py(wrapper):17] Screen.Setup_Field : set_data 실행 종료
[2022-10-04 20:32:32.234][I][AutoBaseFunction.py(wrapper):10] Screen.Setup_Field : set_data 실행 시작
[2022-10-04 20:32:32.234][I][AutoBaseFunction.py(wrapper):11] Parameter : 
[2022-10-04 20:32:32.235][I][AutoBaseFunction.py(wrapper):17] Screen.Setup_Field : set_data 실행 종료
[2022-10-04 20:32:32.235][I][AutoBaseFunction.py(wrapper):10] Screen.Setup_Field : sl_set_slot 실행 시작
[2022-10-04 20:32:32.235][I][AutoBaseFunction.py(wrapper):11] Parameter : 
[2022-10-04 20:32:32.236][I][AutoBaseFunction.py(wrapper):17] Screen.Setup_Field : sl_set_slot 실행 종료
[2022-10-04 20:32:32.236][I][AutoBaseFunction.py(wrapper):17] Screen.Setup_Field : setupUI_Field 실행 종료
[2022-10-04 20:32:32.236][I][AutoBaseFunction.py(wrapper):10] Screen.Setup_TestList : setupUI_TestList 실행 시작
[2022-10-04 20:32:32.236][I][AutoBaseFunction.py(wrapper):11] Parameter : 
[2022-10-04 20:32:32.237][I][AutoBaseFunction.py(wrapper):10] Screen.Setup_TestList : btn_set_slot 실행 시작
[2022-10-04 20:32:32.237][I][AutoBaseFunction.py(wrapper):11] Parameter : 
[2022-10-04 20:32:32.238][I][AutoBaseFunction.py(wrapper):17] Screen.Setup_TestList : btn_set_slot 실행 종료
[2022-10-04 20:32:32.238][I][AutoBaseFunction.py(wrapper):17] Screen.Setup_TestList : setupUI_TestList 실행 종료
[2022-10-04 20:32:32.238][I][AutoBaseFunction.py(wrapper):17] __main__ : __wigets_setupUi 실행 종료
[2022-10-04 20:32:33.256][I][AutoBaseFunction.py(wrapper):10] Screen.MainWindow : update_open_menu 실행 시작
[2022-10-04 20:32:33.257][I][AutoBaseFunction.py(wrapper):11] Parameter : 
[2022-10-04 20:32:33.258][I][AutoBaseFunction.py(wrapper):17] Screen.MainWindow : update_open_menu 실행 종료
[2022-10-04 20:32:33.829][I][AutoBaseFunction.py(wrapper):10] __main__ : __ce_ui 실행 시작
[2022-10-04 20:32:33.829][I][AutoBaseFunction.py(wrapper):11] Parameter : False
[2022-10-04 20:32:33.849][I][AutoBaseFunction.py(wrapper):17] __main__ : __ce_ui 실행 종료
[2022-10-04 20:32:35.141][I][AutoBaseFunction.py(wrapper):10] Screen.Menu_CreateExcel : folder_toolButton_clicked 실행 시작
[2022-10-04 20:32:35.141][I][AutoBaseFunction.py(wrapper):11] Parameter : <PyQt5.QtWidgets.QLineEdit object at 0x00000143C9C953A8>, False
[2022-10-04 20:32:36.451][I][AutoBaseFunction.py(wrapper):17] Screen.Menu_CreateExcel : folder_toolButton_clicked 실행 종료
[2022-10-04 20:32:37.044][I][AutoBaseFunction.py(wrapper):10] Screen.Menu_CreateExcel : func_check 실행 시작
[2022-10-04 20:32:37.045][I][AutoBaseFunction.py(wrapper):11] Parameter : False
[2022-10-04 20:32:37.056][W][LogManager.py(set_warn):86] : Traceback (most recent call last):
  File "D:\test\TestList_CSV\2022_skillup-master\Settings\Setup.py", line 30, in read_ini__test
    example = self.config[table]
  File "c:\python\3_7_9x64\lib\configparser.py", line 958, in __getitem__
    raise KeyError(key)
KeyError: 'Feild'

[2022-10-04 20:32:37.059][W][LogManager.py(set_warn):86] : Traceback (most recent call last):
  File "D:\test\TestList_CSV\2022_skillup-master\Settings\Setup.py", line 30, in read_ini__test
    example = self.config[table]
  File "c:\python\3_7_9x64\lib\configparser.py", line 958, in __getitem__
    raise KeyError(key)
KeyError: 'Feild'

[2022-10-04 20:32:37.230][I][AutoBaseFunction.py(wrapper):17] Screen.Menu_CreateExcel : func_check 실행 종료
[2022-10-04 20:34:22.428][I][AutoBaseFunction.py(wrapper):10] Screen.MainWindow : closeEvent 실행 시작
[2022-10-04 20:34:22.429][I][AutoBaseFunction.py(wrapper):11] Parameter : <PyQt5.QtGui.QCloseEvent object at 0x00000143D0E5C9D8>
