[2022-09-26 18:18:53.118][D][LogManager.py(Init):12] LogManager Init function called !!!
[2022-09-26 18:18:53.133][I][AutoBaseFunction.py(wrapper):7] Screen.MainWindow : setupUi 실행 시작
[2022-09-26 18:18:53.133][I][AutoBaseFunction.py(wrapper):8] Parameter : 
[2022-09-26 18:18:53.155][I][AutoBaseFunction.py(wrapper):7] Screen.MainWindow : set_field 실행 시작
[2022-09-26 18:18:53.156][I][AutoBaseFunction.py(wrapper):8] Parameter : 
[2022-09-26 18:18:53.185][I][AutoBaseFunction.py(wrapper):14] Screen.MainWindow : set_field 실행 종료
[2022-09-26 18:18:53.186][I][AutoBaseFunction.py(wrapper):7] Screen.MainWindow : setWidget_func 실행 시작
[2022-09-26 18:18:53.186][I][AutoBaseFunction.py(wrapper):8] Parameter : 
[2022-09-26 18:18:53.188][I][AutoBaseFunction.py(wrapper):14] Screen.MainWindow : setWidget_func 실행 종료
[2022-09-26 18:18:53.190][I][AutoBaseFunction.py(wrapper):14] Screen.MainWindow : setupUi 실행 종료
[2022-09-26 18:18:53.195][I][AutoBaseFunction.py(wrapper):7] __main__ : __set_slot 실행 시작
[2022-09-26 18:18:53.196][I][AutoBaseFunction.py(wrapper):8] Parameter : 
[2022-09-26 18:18:53.196][I][AutoBaseFunction.py(wrapper):14] __main__ : __set_slot 실행 종료
[2022-09-26 18:18:53.197][I][AutoBaseFunction.py(wrapper):7] __main__ : __wigets_setupUi 실행 시작
[2022-09-26 18:18:53.197][I][AutoBaseFunction.py(wrapper):8] Parameter : 
[2022-09-26 18:18:53.198][I][AutoBaseFunction.py(wrapper):7] Screen.Setup_Language : setupUI_Language 실행 시작
[2022-09-26 18:18:53.198][I][AutoBaseFunction.py(wrapper):8] Parameter : 
[2022-09-26 18:18:53.199][I][AutoBaseFunction.py(wrapper):7] Screen.Setup_Language : sl_set_slot 실행 시작
[2022-09-26 18:18:53.199][I][AutoBaseFunction.py(wrapper):8] Parameter : 
[2022-09-26 18:18:53.200][I][AutoBaseFunction.py(wrapper):14] Screen.Setup_Language : sl_set_slot 실행 종료
[2022-09-26 18:18:53.200][I][AutoBaseFunction.py(wrapper):14] Screen.Setup_Language : setupUI_Language 실행 종료
[2022-09-26 18:18:53.200][I][AutoBaseFunction.py(wrapper):7] Screen.Menu_CreateExcel : setupUI_CreateExcel 실행 시작
[2022-09-26 18:18:53.200][I][AutoBaseFunction.py(wrapper):8] Parameter : 
[2022-09-26 18:18:53.202][I][AutoBaseFunction.py(wrapper):7] Screen.Menu_CreateExcel : new_excel_func 실행 시작
[2022-09-26 18:18:53.202][I][AutoBaseFunction.py(wrapper):8] Parameter : 
[2022-09-26 18:18:53.202][I][AutoBaseFunction.py(wrapper):14] Screen.Menu_CreateExcel : new_excel_func 실행 종료
[2022-09-26 18:18:53.203][I][AutoBaseFunction.py(wrapper):7] Screen.Menu_CreateExcel : set_excel_func 실행 시작
[2022-09-26 18:18:53.203][I][AutoBaseFunction.py(wrapper):8] Parameter : 
[2022-09-26 18:18:53.203][I][AutoBaseFunction.py(wrapper):14] Screen.Menu_CreateExcel : set_excel_func 실행 종료
[2022-09-26 18:18:53.204][I][AutoBaseFunction.py(wrapper):14] Screen.Menu_CreateExcel : setupUI_CreateExcel 실행 종료
[2022-09-26 18:18:53.204][I][AutoBaseFunction.py(wrapper):7] Screen.Setup_Field : setupUI_Field 실행 시작
[2022-09-26 18:18:53.204][I][AutoBaseFunction.py(wrapper):8] Parameter : 
[2022-09-26 18:18:53.204][I][AutoBaseFunction.py(wrapper):7] Screen.Setup_Field : set_data 실행 시작
[2022-09-26 18:18:53.205][I][AutoBaseFunction.py(wrapper):8] Parameter : 
[2022-09-26 18:18:53.205][I][AutoBaseFunction.py(wrapper):14] Screen.Setup_Field : set_data 실행 종료
[2022-09-26 18:18:53.433][I][AutoBaseFunction.py(wrapper):7] Screen.Setup_Field : set_data 실행 시작
[2022-09-26 18:18:53.433][I][AutoBaseFunction.py(wrapper):8] Parameter : 
[2022-09-26 18:18:53.434][I][AutoBaseFunction.py(wrapper):14] Screen.Setup_Field : set_data 실행 종료
[2022-09-26 18:18:53.434][I][AutoBaseFunction.py(wrapper):7] Screen.Setup_Field : set_data 실행 시작
[2022-09-26 18:18:53.434][I][AutoBaseFunction.py(wrapper):8] Parameter : 
[2022-09-26 18:18:53.435][I][AutoBaseFunction.py(wrapper):14] Screen.Setup_Field : set_data 실행 종료
[2022-09-26 18:18:53.435][I][AutoBaseFunction.py(wrapper):7] Screen.Setup_Field : set_data 실행 시작
[2022-09-26 18:18:53.435][I][AutoBaseFunction.py(wrapper):8] Parameter : 
[2022-09-26 18:18:53.436][I][AutoBaseFunction.py(wrapper):14] Screen.Setup_Field : set_data 실행 종료
[2022-09-26 18:18:53.436][I][AutoBaseFunction.py(wrapper):7] Screen.Setup_Field : set_data 실행 시작
[2022-09-26 18:18:53.436][I][AutoBaseFunction.py(wrapper):8] Parameter : 
[2022-09-26 18:18:53.437][I][AutoBaseFunction.py(wrapper):14] Screen.Setup_Field : set_data 실행 종료
[2022-09-26 18:18:53.437][I][AutoBaseFunction.py(wrapper):7] Screen.Setup_Field : set_data 실행 시작
[2022-09-26 18:18:53.437][I][AutoBaseFunction.py(wrapper):8] Parameter : 
[2022-09-26 18:18:53.437][I][AutoBaseFunction.py(wrapper):14] Screen.Setup_Field : set_data 실행 종료
[2022-09-26 18:18:53.438][I][AutoBaseFunction.py(wrapper):7] Screen.Setup_Field : sl_set_slot 실행 시작
[2022-09-26 18:18:53.438][I][AutoBaseFunction.py(wrapper):8] Parameter : 
[2022-09-26 18:18:53.438][I][AutoBaseFunction.py(wrapper):14] Screen.Setup_Field : sl_set_slot 실행 종료
[2022-09-26 18:18:53.438][I][AutoBaseFunction.py(wrapper):14] Screen.Setup_Field : setupUI_Field 실행 종료
[2022-09-26 18:18:53.438][I][AutoBaseFunction.py(wrapper):7] Screen.Setup_TestList : setupUI_TestList 실행 시작
[2022-09-26 18:18:53.439][I][AutoBaseFunction.py(wrapper):8] Parameter : 
[2022-09-26 18:18:53.439][I][AutoBaseFunction.py(wrapper):7] Screen.Setup_TestList : btn_set_slot 실행 시작
[2022-09-26 18:18:53.440][I][AutoBaseFunction.py(wrapper):8] Parameter : 
[2022-09-26 18:18:53.440][I][AutoBaseFunction.py(wrapper):14] Screen.Setup_TestList : btn_set_slot 실행 종료
[2022-09-26 18:18:53.440][I][AutoBaseFunction.py(wrapper):14] Screen.Setup_TestList : setupUI_TestList 실행 종료
[2022-09-26 18:18:53.440][I][AutoBaseFunction.py(wrapper):14] __main__ : __wigets_setupUi 실행 종료
[2022-09-26 18:19:02.597][I][AutoBaseFunction.py(wrapper):7] __main__ : __sl_ui 실행 시작
[2022-09-26 18:19:02.597][I][AutoBaseFunction.py(wrapper):8] Parameter : False
[2022-09-26 18:19:02.598][I][AutoBaseFunction.py(wrapper):7] Screen.Setup_Language : setLang_Button 실행 시작
[2022-09-26 18:19:02.598][I][AutoBaseFunction.py(wrapper):8] Parameter : 
[2022-09-26 18:19:02.599][I][AutoBaseFunction.py(wrapper):14] Screen.Setup_Language : setLang_Button 실행 종료
[2022-09-26 18:19:02.610][I][AutoBaseFunction.py(wrapper):14] __main__ : __sl_ui 실행 종료
[2022-09-26 18:31:25.927][I][AutoBaseFunction.py(wrapper):7] Screen.Setup_Language : closeEvent 실행 시작
[2022-09-26 18:31:25.928][I][AutoBaseFunction.py(wrapper):8] Parameter : <PyQt5.QtGui.QCloseEvent object at 0x0000018761A63AF8>
[2022-09-26 18:31:28.833][I][AutoBaseFunction.py(wrapper):14] Screen.Setup_Language : closeEvent 실행 종료
[2022-09-26 18:31:30.816][I][AutoBaseFunction.py(wrapper):7] Screen.MainWindow : closeEvent 실행 시작
[2022-09-26 18:31:30.816][I][AutoBaseFunction.py(wrapper):8] Parameter : <PyQt5.QtGui.QCloseEvent object at 0x0000018761A63AF8>
