[2022-09-22 09:23:30.754][D][LogManager.py(Init):12] LogManager Init function called !!!
[2022-09-22 09:23:30.768][I][AutoBaseFunction.py(wrapper):7] Screen.MainWindow : setupUi 실행 시작
[2022-09-22 09:23:30.768][I][AutoBaseFunction.py(wrapper):8] Parameter : 
[2022-09-22 09:23:30.784][I][AutoBaseFunction.py(wrapper):7] Screen.MainWindow : set_field 실행 시작
[2022-09-22 09:23:30.784][I][AutoBaseFunction.py(wrapper):8] Parameter : 
[2022-09-22 09:23:30.807][I][AutoBaseFunction.py(wrapper):14] Screen.MainWindow : set_field 실행 종료
[2022-09-22 09:23:30.808][I][AutoBaseFunction.py(wrapper):7] Screen.MainWindow : setWidget_func 실행 시작
[2022-09-22 09:23:30.808][I][AutoBaseFunction.py(wrapper):8] Parameter : 
[2022-09-22 09:23:30.810][I][AutoBaseFunction.py(wrapper):14] Screen.MainWindow : setWidget_func 실행 종료
[2022-09-22 09:23:30.812][I][AutoBaseFunction.py(wrapper):14] Screen.MainWindow : setupUi 실행 종료
[2022-09-22 09:23:30.819][I][AutoBaseFunction.py(wrapper):7] __main__ : __set_slot 실행 시작
[2022-09-22 09:23:30.820][I][AutoBaseFunction.py(wrapper):8] Parameter : 
[2022-09-22 09:23:30.820][I][AutoBaseFunction.py(wrapper):14] __main__ : __set_slot 실행 종료
[2022-09-22 09:23:30.820][I][AutoBaseFunction.py(wrapper):7] __main__ : __wigets_setupUi 실행 시작
[2022-09-22 09:23:30.821][I][AutoBaseFunction.py(wrapper):8] Parameter : 
[2022-09-22 09:23:30.821][I][AutoBaseFunction.py(wrapper):7] Screen.Setup_Language : setupUI_Language 실행 시작
[2022-09-22 09:23:30.821][I][AutoBaseFunction.py(wrapper):8] Parameter : 
[2022-09-22 09:23:30.822][I][AutoBaseFunction.py(wrapper):7] Screen.Setup_Language : sl_set_slot 실행 시작
[2022-09-22 09:23:30.822][I][AutoBaseFunction.py(wrapper):8] Parameter : 
[2022-09-22 09:23:30.823][I][AutoBaseFunction.py(wrapper):14] Screen.Setup_Language : sl_set_slot 실행 종료
[2022-09-22 09:23:30.823][I][AutoBaseFunction.py(wrapper):14] Screen.Setup_Language : setupUI_Language 실행 종료
[2022-09-22 09:23:30.823][I][AutoBaseFunction.py(wrapper):7] Screen.Menu_CreateExcel : setupUI_CreateExcel 실행 시작
[2022-09-22 09:23:30.823][I][AutoBaseFunction.py(wrapper):8] Parameter : 
[2022-09-22 09:23:30.824][I][AutoBaseFunction.py(wrapper):7] Screen.Menu_CreateExcel : new_excel_func 실행 시작
[2022-09-22 09:23:30.824][I][AutoBaseFunction.py(wrapper):8] Parameter : 
[2022-09-22 09:23:30.825][I][AutoBaseFunction.py(wrapper):14] Screen.Menu_CreateExcel : new_excel_func 실행 종료
[2022-09-22 09:23:30.825][I][AutoBaseFunction.py(wrapper):7] Screen.Menu_CreateExcel : set_excel_func 실행 시작
[2022-09-22 09:23:30.825][I][AutoBaseFunction.py(wrapper):8] Parameter : 
[2022-09-22 09:23:30.825][I][AutoBaseFunction.py(wrapper):14] Screen.Menu_CreateExcel : set_excel_func 실행 종료
[2022-09-22 09:23:30.826][I][AutoBaseFunction.py(wrapper):14] Screen.Menu_CreateExcel : setupUI_CreateExcel 실행 종료
[2022-09-22 09:23:30.826][I][AutoBaseFunction.py(wrapper):7] Screen.Setup_Field : setupUI_Field 실행 시작
[2022-09-22 09:23:30.826][I][AutoBaseFunction.py(wrapper):8] Parameter : 
[2022-09-22 09:23:30.827][I][AutoBaseFunction.py(wrapper):7] Screen.Setup_Field : set_data 실행 시작
[2022-09-22 09:23:30.827][I][AutoBaseFunction.py(wrapper):8] Parameter : 
[2022-09-22 09:23:30.827][I][AutoBaseFunction.py(wrapper):14] Screen.Setup_Field : set_data 실행 종료
[2022-09-22 09:23:31.061][I][AutoBaseFunction.py(wrapper):7] Screen.Setup_Field : set_data 실행 시작
[2022-09-22 09:23:31.061][I][AutoBaseFunction.py(wrapper):8] Parameter : 
[2022-09-22 09:23:31.062][I][AutoBaseFunction.py(wrapper):14] Screen.Setup_Field : set_data 실행 종료
[2022-09-22 09:23:31.062][I][AutoBaseFunction.py(wrapper):7] Screen.Setup_Field : set_data 실행 시작
[2022-09-22 09:23:31.062][I][AutoBaseFunction.py(wrapper):8] Parameter : 
[2022-09-22 09:23:31.063][I][AutoBaseFunction.py(wrapper):14] Screen.Setup_Field : set_data 실행 종료
[2022-09-22 09:23:31.063][I][AutoBaseFunction.py(wrapper):7] Screen.Setup_Field : set_data 실행 시작
[2022-09-22 09:23:31.063][I][AutoBaseFunction.py(wrapper):8] Parameter : 
[2022-09-22 09:23:31.063][I][AutoBaseFunction.py(wrapper):14] Screen.Setup_Field : set_data 실행 종료
[2022-09-22 09:23:31.064][I][AutoBaseFunction.py(wrapper):7] Screen.Setup_Field : set_data 실행 시작
[2022-09-22 09:23:31.064][I][AutoBaseFunction.py(wrapper):8] Parameter : 
[2022-09-22 09:23:31.064][I][AutoBaseFunction.py(wrapper):14] Screen.Setup_Field : set_data 실행 종료
[2022-09-22 09:23:31.065][I][AutoBaseFunction.py(wrapper):7] Screen.Setup_Field : set_data 실행 시작
[2022-09-22 09:23:31.065][I][AutoBaseFunction.py(wrapper):8] Parameter : 
[2022-09-22 09:23:31.065][I][AutoBaseFunction.py(wrapper):14] Screen.Setup_Field : set_data 실행 종료
[2022-09-22 09:23:31.066][I][AutoBaseFunction.py(wrapper):7] Screen.Setup_Field : sl_set_slot 실행 시작
[2022-09-22 09:23:31.066][I][AutoBaseFunction.py(wrapper):8] Parameter : 
[2022-09-22 09:23:31.066][I][AutoBaseFunction.py(wrapper):14] Screen.Setup_Field : sl_set_slot 실행 종료
[2022-09-22 09:23:31.067][I][AutoBaseFunction.py(wrapper):14] Screen.Setup_Field : setupUI_Field 실행 종료
[2022-09-22 09:23:31.067][I][AutoBaseFunction.py(wrapper):7] Screen.Setup_TestList : setupUI_TestList 실행 시작
[2022-09-22 09:23:31.067][I][AutoBaseFunction.py(wrapper):8] Parameter : 
[2022-09-22 09:23:31.069][I][AutoBaseFunction.py(wrapper):7] Screen.Setup_TestList : btn_set_slot 실행 시작
[2022-09-22 09:23:31.069][I][AutoBaseFunction.py(wrapper):8] Parameter : 
[2022-09-22 09:23:31.070][I][AutoBaseFunction.py(wrapper):14] Screen.Setup_TestList : btn_set_slot 실행 종료
[2022-09-22 09:23:31.070][I][AutoBaseFunction.py(wrapper):14] Screen.Setup_TestList : setupUI_TestList 실행 종료
[2022-09-22 09:23:31.070][I][AutoBaseFunction.py(wrapper):14] __main__ : __wigets_setupUi 실행 종료
[2022-09-22 09:23:35.196][I][AutoBaseFunction.py(wrapper):7] Screen.MainWindow : closeEvent 실행 시작
[2022-09-22 09:23:35.197][I][AutoBaseFunction.py(wrapper):8] Parameter : <PyQt5.QtGui.QCloseEvent object at 0x000002C4414DCA68>
