[2022-09-22 09:53:10.683][D][LogManager.py(Init):12] LogManager Init function called !!!
[2022-09-22 09:53:10.695][I][AutoBaseFunction.py(wrapper):7] Screen.MainWindow : setupUi 실행 시작
[2022-09-22 09:53:10.695][I][AutoBaseFunction.py(wrapper):8] Parameter : 
[2022-09-22 09:53:10.709][I][AutoBaseFunction.py(wrapper):7] Screen.MainWindow : set_field 실행 시작
[2022-09-22 09:53:10.709][I][AutoBaseFunction.py(wrapper):8] Parameter : 
[2022-09-22 09:53:10.734][I][AutoBaseFunction.py(wrapper):14] Screen.MainWindow : set_field 실행 종료
[2022-09-22 09:53:10.735][I][AutoBaseFunction.py(wrapper):7] Screen.MainWindow : setWidget_func 실행 시작
[2022-09-22 09:53:10.735][I][AutoBaseFunction.py(wrapper):8] Parameter : 
[2022-09-22 09:53:10.737][I][AutoBaseFunction.py(wrapper):14] Screen.MainWindow : setWidget_func 실행 종료
[2022-09-22 09:53:10.739][I][AutoBaseFunction.py(wrapper):14] Screen.MainWindow : setupUi 실행 종료
[2022-09-22 09:53:10.745][I][AutoBaseFunction.py(wrapper):7] __main__ : __set_slot 실행 시작
[2022-09-22 09:53:10.746][I][AutoBaseFunction.py(wrapper):8] Parameter : 
[2022-09-22 09:53:10.746][I][AutoBaseFunction.py(wrapper):14] __main__ : __set_slot 실행 종료
[2022-09-22 09:53:10.746][I][AutoBaseFunction.py(wrapper):7] __main__ : __wigets_setupUi 실행 시작
[2022-09-22 09:53:10.747][I][AutoBaseFunction.py(wrapper):8] Parameter : 
[2022-09-22 09:53:10.747][I][AutoBaseFunction.py(wrapper):7] Screen.Setup_Language : setupUI_Language 실행 시작
[2022-09-22 09:53:10.747][I][AutoBaseFunction.py(wrapper):8] Parameter : 
[2022-09-22 09:53:10.748][I][AutoBaseFunction.py(wrapper):7] Screen.Setup_Language : sl_set_slot 실행 시작
[2022-09-22 09:53:10.748][I][AutoBaseFunction.py(wrapper):8] Parameter : 
[2022-09-22 09:53:10.748][I][AutoBaseFunction.py(wrapper):14] Screen.Setup_Language : sl_set_slot 실행 종료
[2022-09-22 09:53:10.748][I][AutoBaseFunction.py(wrapper):14] Screen.Setup_Language : setupUI_Language 실행 종료
[2022-09-22 09:53:10.749][I][AutoBaseFunction.py(wrapper):7] Screen.Menu_CreateExcel : setupUI_CreateExcel 실행 시작
[2022-09-22 09:53:10.749][I][AutoBaseFunction.py(wrapper):8] Parameter : 
[2022-09-22 09:53:10.750][I][AutoBaseFunction.py(wrapper):7] Screen.Menu_CreateExcel : new_excel_func 실행 시작
[2022-09-22 09:53:10.750][I][AutoBaseFunction.py(wrapper):8] Parameter : 
[2022-09-22 09:53:10.750][I][AutoBaseFunction.py(wrapper):14] Screen.Menu_CreateExcel : new_excel_func 실행 종료
[2022-09-22 09:53:10.751][I][AutoBaseFunction.py(wrapper):7] Screen.Menu_CreateExcel : set_excel_func 실행 시작
[2022-09-22 09:53:10.751][I][AutoBaseFunction.py(wrapper):8] Parameter : 
[2022-09-22 09:53:10.751][I][AutoBaseFunction.py(wrapper):14] Screen.Menu_CreateExcel : set_excel_func 실행 종료
[2022-09-22 09:53:10.752][I][AutoBaseFunction.py(wrapper):14] Screen.Menu_CreateExcel : setupUI_CreateExcel 실행 종료
[2022-09-22 09:53:10.752][I][AutoBaseFunction.py(wrapper):7] Screen.Setup_Field : setupUI_Field 실행 시작
[2022-09-22 09:53:10.752][I][AutoBaseFunction.py(wrapper):8] Parameter : 
[2022-09-22 09:53:10.752][I][AutoBaseFunction.py(wrapper):7] Screen.Setup_Field : set_data 실행 시작
[2022-09-22 09:53:10.753][I][AutoBaseFunction.py(wrapper):8] Parameter : 
[2022-09-22 09:53:10.753][I][AutoBaseFunction.py(wrapper):14] Screen.Setup_Field : set_data 실행 종료
[2022-09-22 09:53:11.001][I][AutoBaseFunction.py(wrapper):7] Screen.Setup_Field : set_data 실행 시작
[2022-09-22 09:53:11.002][I][AutoBaseFunction.py(wrapper):8] Parameter : 
[2022-09-22 09:53:11.002][I][AutoBaseFunction.py(wrapper):14] Screen.Setup_Field : set_data 실행 종료
[2022-09-22 09:53:11.002][I][AutoBaseFunction.py(wrapper):7] Screen.Setup_Field : set_data 실행 시작
[2022-09-22 09:53:11.003][I][AutoBaseFunction.py(wrapper):8] Parameter : 
[2022-09-22 09:53:11.003][I][AutoBaseFunction.py(wrapper):14] Screen.Setup_Field : set_data 실행 종료
[2022-09-22 09:53:11.003][I][AutoBaseFunction.py(wrapper):7] Screen.Setup_Field : set_data 실행 시작
[2022-09-22 09:53:11.004][I][AutoBaseFunction.py(wrapper):8] Parameter : 
[2022-09-22 09:53:11.004][I][AutoBaseFunction.py(wrapper):14] Screen.Setup_Field : set_data 실행 종료
[2022-09-22 09:53:11.004][I][AutoBaseFunction.py(wrapper):7] Screen.Setup_Field : set_data 실행 시작
[2022-09-22 09:53:11.005][I][AutoBaseFunction.py(wrapper):8] Parameter : 
[2022-09-22 09:53:11.005][I][AutoBaseFunction.py(wrapper):14] Screen.Setup_Field : set_data 실행 종료
[2022-09-22 09:53:11.005][I][AutoBaseFunction.py(wrapper):7] Screen.Setup_Field : set_data 실행 시작
[2022-09-22 09:53:11.006][I][AutoBaseFunction.py(wrapper):8] Parameter : 
[2022-09-22 09:53:11.006][I][AutoBaseFunction.py(wrapper):14] Screen.Setup_Field : set_data 실행 종료
[2022-09-22 09:53:11.006][I][AutoBaseFunction.py(wrapper):7] Screen.Setup_Field : sl_set_slot 실행 시작
[2022-09-22 09:53:11.006][I][AutoBaseFunction.py(wrapper):8] Parameter : 
[2022-09-22 09:53:11.007][I][AutoBaseFunction.py(wrapper):14] Screen.Setup_Field : sl_set_slot 실행 종료
[2022-09-22 09:53:11.007][I][AutoBaseFunction.py(wrapper):14] Screen.Setup_Field : setupUI_Field 실행 종료
[2022-09-22 09:53:11.007][I][AutoBaseFunction.py(wrapper):7] Screen.Setup_TestList : setupUI_TestList 실행 시작
[2022-09-22 09:53:11.008][I][AutoBaseFunction.py(wrapper):8] Parameter : 
[2022-09-22 09:53:11.009][I][AutoBaseFunction.py(wrapper):7] Screen.Setup_TestList : btn_set_slot 실행 시작
[2022-09-22 09:53:11.009][I][AutoBaseFunction.py(wrapper):8] Parameter : 
[2022-09-22 09:53:11.009][I][AutoBaseFunction.py(wrapper):14] Screen.Setup_TestList : btn_set_slot 실행 종료
[2022-09-22 09:53:11.009][I][AutoBaseFunction.py(wrapper):14] Screen.Setup_TestList : setupUI_TestList 실행 종료
[2022-09-22 09:53:11.010][I][AutoBaseFunction.py(wrapper):14] __main__ : __wigets_setupUi 실행 종료
[2022-09-22 09:53:22.354][I][AutoBaseFunction.py(wrapper):7] Screen.MainWindow : update_open_menu 실행 시작
[2022-09-22 09:53:22.355][I][AutoBaseFunction.py(wrapper):8] Parameter : 
[2022-09-22 09:53:22.356][I][AutoBaseFunction.py(wrapper):14] Screen.MainWindow : update_open_menu 실행 종료
[2022-09-22 09:53:23.423][I][AutoBaseFunction.py(wrapper):7] Screen.MainWindow : update_open_menu 실행 시작
[2022-09-22 09:53:23.423][I][AutoBaseFunction.py(wrapper):8] Parameter : 
[2022-09-22 09:53:23.425][I][AutoBaseFunction.py(wrapper):14] Screen.MainWindow : update_open_menu 실행 종료
[2022-09-22 09:55:17.772][I][AutoBaseFunction.py(wrapper):7] Screen.MainWindow : closeEvent 실행 시작
[2022-09-22 09:55:17.773][I][AutoBaseFunction.py(wrapper):8] Parameter : <PyQt5.QtGui.QCloseEvent object at 0x000001C6EC124558>
