[2022-09-22 09:45:45.049][D][LogManager.py(Init):12] LogManager Init function called !!!
[2022-09-22 09:45:45.062][I][AutoBaseFunction.py(wrapper):7] Screen.MainWindow : setupUi 실행 시작
[2022-09-22 09:45:45.062][I][AutoBaseFunction.py(wrapper):8] Parameter : 
[2022-09-22 09:45:45.077][I][AutoBaseFunction.py(wrapper):7] Screen.MainWindow : set_field 실행 시작
[2022-09-22 09:45:45.078][I][AutoBaseFunction.py(wrapper):8] Parameter : 
[2022-09-22 09:45:45.105][I][AutoBaseFunction.py(wrapper):14] Screen.MainWindow : set_field 실행 종료
[2022-09-22 09:45:45.106][I][AutoBaseFunction.py(wrapper):7] Screen.MainWindow : setWidget_func 실행 시작
[2022-09-22 09:45:45.106][I][AutoBaseFunction.py(wrapper):8] Parameter : 
[2022-09-22 09:45:45.108][I][AutoBaseFunction.py(wrapper):14] Screen.MainWindow : setWidget_func 실행 종료
[2022-09-22 09:45:45.110][I][AutoBaseFunction.py(wrapper):14] Screen.MainWindow : setupUi 실행 종료
[2022-09-22 09:45:45.117][I][AutoBaseFunction.py(wrapper):7] __main__ : __set_slot 실행 시작
[2022-09-22 09:45:45.117][I][AutoBaseFunction.py(wrapper):8] Parameter : 
[2022-09-22 09:45:45.117][I][AutoBaseFunction.py(wrapper):14] __main__ : __set_slot 실행 종료
[2022-09-22 09:45:45.117][I][AutoBaseFunction.py(wrapper):7] __main__ : __wigets_setupUi 실행 시작
[2022-09-22 09:45:45.118][I][AutoBaseFunction.py(wrapper):8] Parameter : 
[2022-09-22 09:45:45.118][I][AutoBaseFunction.py(wrapper):7] Screen.Setup_Language : setupUI_Language 실행 시작
[2022-09-22 09:45:45.118][I][AutoBaseFunction.py(wrapper):8] Parameter : 
[2022-09-22 09:45:45.119][I][AutoBaseFunction.py(wrapper):7] Screen.Setup_Language : sl_set_slot 실행 시작
[2022-09-22 09:45:45.119][I][AutoBaseFunction.py(wrapper):8] Parameter : 
[2022-09-22 09:45:45.119][I][AutoBaseFunction.py(wrapper):14] Screen.Setup_Language : sl_set_slot 실행 종료
[2022-09-22 09:45:45.120][I][AutoBaseFunction.py(wrapper):14] Screen.Setup_Language : setupUI_Language 실행 종료
[2022-09-22 09:45:45.120][I][AutoBaseFunction.py(wrapper):7] Screen.Menu_CreateExcel : setupUI_CreateExcel 실행 시작
[2022-09-22 09:45:45.120][I][AutoBaseFunction.py(wrapper):8] Parameter : 
[2022-09-22 09:45:45.121][I][AutoBaseFunction.py(wrapper):7] Screen.Menu_CreateExcel : new_excel_func 실행 시작
[2022-09-22 09:45:45.121][I][AutoBaseFunction.py(wrapper):8] Parameter : 
[2022-09-22 09:45:45.122][I][AutoBaseFunction.py(wrapper):14] Screen.Menu_CreateExcel : new_excel_func 실행 종료
[2022-09-22 09:45:45.122][I][AutoBaseFunction.py(wrapper):7] Screen.Menu_CreateExcel : set_excel_func 실행 시작
[2022-09-22 09:45:45.122][I][AutoBaseFunction.py(wrapper):8] Parameter : 
[2022-09-22 09:45:45.122][I][AutoBaseFunction.py(wrapper):14] Screen.Menu_CreateExcel : set_excel_func 실행 종료
[2022-09-22 09:45:45.123][I][AutoBaseFunction.py(wrapper):14] Screen.Menu_CreateExcel : setupUI_CreateExcel 실행 종료
[2022-09-22 09:45:45.123][I][AutoBaseFunction.py(wrapper):7] Screen.Setup_Field : setupUI_Field 실행 시작
[2022-09-22 09:45:45.123][I][AutoBaseFunction.py(wrapper):8] Parameter : 
[2022-09-22 09:45:45.124][I][AutoBaseFunction.py(wrapper):7] Screen.Setup_Field : set_data 실행 시작
[2022-09-22 09:45:45.124][I][AutoBaseFunction.py(wrapper):8] Parameter : 
[2022-09-22 09:45:45.124][I][AutoBaseFunction.py(wrapper):14] Screen.Setup_Field : set_data 실행 종료
[2022-09-22 09:45:45.381][I][AutoBaseFunction.py(wrapper):7] Screen.Setup_Field : set_data 실행 시작
[2022-09-22 09:45:45.382][I][AutoBaseFunction.py(wrapper):8] Parameter : 
[2022-09-22 09:45:45.382][I][AutoBaseFunction.py(wrapper):14] Screen.Setup_Field : set_data 실행 종료
[2022-09-22 09:45:45.383][I][AutoBaseFunction.py(wrapper):7] Screen.Setup_Field : set_data 실행 시작
[2022-09-22 09:45:45.383][I][AutoBaseFunction.py(wrapper):8] Parameter : 
[2022-09-22 09:45:45.383][I][AutoBaseFunction.py(wrapper):14] Screen.Setup_Field : set_data 실행 종료
[2022-09-22 09:45:45.384][I][AutoBaseFunction.py(wrapper):7] Screen.Setup_Field : set_data 실행 시작
[2022-09-22 09:45:45.384][I][AutoBaseFunction.py(wrapper):8] Parameter : 
[2022-09-22 09:45:45.384][I][AutoBaseFunction.py(wrapper):14] Screen.Setup_Field : set_data 실행 종료
[2022-09-22 09:45:45.385][I][AutoBaseFunction.py(wrapper):7] Screen.Setup_Field : set_data 실행 시작
[2022-09-22 09:45:45.385][I][AutoBaseFunction.py(wrapper):8] Parameter : 
[2022-09-22 09:45:45.385][I][AutoBaseFunction.py(wrapper):14] Screen.Setup_Field : set_data 실행 종료
[2022-09-22 09:45:45.385][I][AutoBaseFunction.py(wrapper):7] Screen.Setup_Field : set_data 실행 시작
[2022-09-22 09:45:45.386][I][AutoBaseFunction.py(wrapper):8] Parameter : 
[2022-09-22 09:45:45.386][I][AutoBaseFunction.py(wrapper):14] Screen.Setup_Field : set_data 실행 종료
[2022-09-22 09:45:45.386][I][AutoBaseFunction.py(wrapper):7] Screen.Setup_Field : sl_set_slot 실행 시작
[2022-09-22 09:45:45.386][I][AutoBaseFunction.py(wrapper):8] Parameter : 
[2022-09-22 09:45:45.386][I][AutoBaseFunction.py(wrapper):14] Screen.Setup_Field : sl_set_slot 실행 종료
[2022-09-22 09:45:45.387][I][AutoBaseFunction.py(wrapper):14] Screen.Setup_Field : setupUI_Field 실행 종료
[2022-09-22 09:45:45.387][I][AutoBaseFunction.py(wrapper):7] Screen.Setup_TestList : setupUI_TestList 실행 시작
[2022-09-22 09:45:45.387][I][AutoBaseFunction.py(wrapper):8] Parameter : 
[2022-09-22 09:45:45.388][I][AutoBaseFunction.py(wrapper):7] Screen.Setup_TestList : btn_set_slot 실행 시작
[2022-09-22 09:45:45.388][I][AutoBaseFunction.py(wrapper):8] Parameter : 
[2022-09-22 09:45:45.389][I][AutoBaseFunction.py(wrapper):14] Screen.Setup_TestList : btn_set_slot 실행 종료
[2022-09-22 09:45:45.389][I][AutoBaseFunction.py(wrapper):14] Screen.Setup_TestList : setupUI_TestList 실행 종료
[2022-09-22 09:45:45.389][I][AutoBaseFunction.py(wrapper):14] __main__ : __wigets_setupUi 실행 종료
