[2022-10-05 08:47:18.772][D][LogManager.py(Init):12] LogManager Init function called !!!
[2022-10-05 08:47:18.980][I][AutoBaseFunction.py(wrapper):10] Screen.MainWindow : setupUi 실행 시작
[2022-10-05 08:47:18.981][I][AutoBaseFunction.py(wrapper):11] Parameter : 
[2022-10-05 08:47:18.984][I][AutoBaseFunction.py(wrapper):10] Screen.MainWindow : set_field 실행 시작
[2022-10-05 08:47:18.985][I][AutoBaseFunction.py(wrapper):11] Parameter : 
[2022-10-05 08:47:19.054][I][AutoBaseFunction.py(wrapper):17] Screen.MainWindow : set_field 실행 종료
[2022-10-05 08:47:19.054][I][AutoBaseFunction.py(wrapper):10] Screen.MainWindow : setWidget_func 실행 시작
[2022-10-05 08:47:19.055][I][AutoBaseFunction.py(wrapper):11] Parameter : 
[2022-10-05 08:47:19.056][I][AutoBaseFunction.py(wrapper):17] Screen.MainWindow : setWidget_func 실행 종료
[2022-10-05 08:47:19.059][I][AutoBaseFunction.py(wrapper):17] Screen.MainWindow : setupUi 실행 종료
[2022-10-05 08:47:19.065][I][AutoBaseFunction.py(wrapper):10] __main__ : __set_slot 실행 시작
[2022-10-05 08:47:19.065][I][AutoBaseFunction.py(wrapper):11] Parameter : 
[2022-10-05 08:47:19.066][I][AutoBaseFunction.py(wrapper):17] __main__ : __set_slot 실행 종료
[2022-10-05 08:47:19.066][I][AutoBaseFunction.py(wrapper):10] __main__ : __wigets_setupUi 실행 시작
[2022-10-05 08:47:19.066][I][AutoBaseFunction.py(wrapper):11] Parameter : 
[2022-10-05 08:47:19.067][I][AutoBaseFunction.py(wrapper):10] Screen.Setup_Language : setupUI_Language 실행 시작
[2022-10-05 08:47:19.067][I][AutoBaseFunction.py(wrapper):11] Parameter : 
[2022-10-05 08:47:19.068][I][AutoBaseFunction.py(wrapper):10] Screen.Setup_Language : sl_set_slot 실행 시작
[2022-10-05 08:47:19.068][I][AutoBaseFunction.py(wrapper):11] Parameter : 
[2022-10-05 08:47:19.069][I][AutoBaseFunction.py(wrapper):17] Screen.Setup_Language : sl_set_slot 실행 종료
[2022-10-05 08:47:19.069][I][AutoBaseFunction.py(wrapper):17] Screen.Setup_Language : setupUI_Language 실행 종료
[2022-10-05 08:47:19.069][I][AutoBaseFunction.py(wrapper):10] Screen.Menu_CreateExcel : setupUI_CreateExcel 실행 시작
[2022-10-05 08:47:19.070][I][AutoBaseFunction.py(wrapper):11] Parameter : 
[2022-10-05 08:47:19.071][I][AutoBaseFunction.py(wrapper):10] Screen.Menu_CreateExcel : new_excel_func 실행 시작
[2022-10-05 08:47:19.071][I][AutoBaseFunction.py(wrapper):11] Parameter : 
[2022-10-05 08:47:19.072][I][AutoBaseFunction.py(wrapper):17] Screen.Menu_CreateExcel : new_excel_func 실행 종료
[2022-10-05 08:47:19.072][I][AutoBaseFunction.py(wrapper):10] Screen.Menu_CreateExcel : set_excel_func 실행 시작
[2022-10-05 08:47:19.072][I][AutoBaseFunction.py(wrapper):11] Parameter : 
[2022-10-05 08:47:19.073][I][AutoBaseFunction.py(wrapper):17] Screen.Menu_CreateExcel : set_excel_func 실행 종료
[2022-10-05 08:47:19.073][I][AutoBaseFunction.py(wrapper):17] Screen.Menu_CreateExcel : setupUI_CreateExcel 실행 종료
[2022-10-05 08:47:19.073][I][AutoBaseFunction.py(wrapper):10] Screen.Setup_Field : setupUI_Field 실행 시작
[2022-10-05 08:47:19.074][I][AutoBaseFunction.py(wrapper):11] Parameter : 
[2022-10-05 08:47:19.076][I][AutoBaseFunction.py(wrapper):10] Screen.Setup_Field : set_data 실행 시작
[2022-10-05 08:47:19.076][I][AutoBaseFunction.py(wrapper):11] Parameter : 
[2022-10-05 08:47:19.077][I][AutoBaseFunction.py(wrapper):17] Screen.Setup_Field : set_data 실행 종료
[2022-10-05 08:47:19.339][I][AutoBaseFunction.py(wrapper):10] Screen.Setup_Field : set_data 실행 시작
[2022-10-05 08:47:19.339][I][AutoBaseFunction.py(wrapper):11] Parameter : 
[2022-10-05 08:47:19.340][I][AutoBaseFunction.py(wrapper):17] Screen.Setup_Field : set_data 실행 종료
[2022-10-05 08:47:19.340][I][AutoBaseFunction.py(wrapper):10] Screen.Setup_Field : set_data 실행 시작
[2022-10-05 08:47:19.340][I][AutoBaseFunction.py(wrapper):11] Parameter : 
[2022-10-05 08:47:19.341][I][AutoBaseFunction.py(wrapper):17] Screen.Setup_Field : set_data 실행 종료
[2022-10-05 08:47:19.341][I][AutoBaseFunction.py(wrapper):10] Screen.Setup_Field : set_data 실행 시작
[2022-10-05 08:47:19.342][I][AutoBaseFunction.py(wrapper):11] Parameter : 
[2022-10-05 08:47:19.342][I][AutoBaseFunction.py(wrapper):17] Screen.Setup_Field : set_data 실행 종료
[2022-10-05 08:47:19.342][I][AutoBaseFunction.py(wrapper):10] Screen.Setup_Field : set_data 실행 시작
[2022-10-05 08:47:19.342][I][AutoBaseFunction.py(wrapper):11] Parameter : 
[2022-10-05 08:47:19.343][I][AutoBaseFunction.py(wrapper):17] Screen.Setup_Field : set_data 실행 종료
[2022-10-05 08:47:19.343][I][AutoBaseFunction.py(wrapper):10] Screen.Setup_Field : set_data 실행 시작
[2022-10-05 08:47:19.343][I][AutoBaseFunction.py(wrapper):11] Parameter : 
[2022-10-05 08:47:19.344][I][AutoBaseFunction.py(wrapper):17] Screen.Setup_Field : set_data 실행 종료
[2022-10-05 08:47:19.344][I][AutoBaseFunction.py(wrapper):10] Screen.Setup_Field : sl_set_slot 실행 시작
[2022-10-05 08:47:19.344][I][AutoBaseFunction.py(wrapper):11] Parameter : 
[2022-10-05 08:47:19.344][I][AutoBaseFunction.py(wrapper):17] Screen.Setup_Field : sl_set_slot 실행 종료
[2022-10-05 08:47:19.345][I][AutoBaseFunction.py(wrapper):17] Screen.Setup_Field : setupUI_Field 실행 종료
[2022-10-05 08:47:19.345][I][AutoBaseFunction.py(wrapper):10] Screen.Setup_TestList : setupUI_TestList 실행 시작
[2022-10-05 08:47:19.345][I][AutoBaseFunction.py(wrapper):11] Parameter : 
[2022-10-05 08:47:19.347][I][AutoBaseFunction.py(wrapper):10] Screen.Setup_TestList : btn_set_slot 실행 시작
[2022-10-05 08:47:19.347][I][AutoBaseFunction.py(wrapper):11] Parameter : 
[2022-10-05 08:47:19.347][I][AutoBaseFunction.py(wrapper):17] Screen.Setup_TestList : btn_set_slot 실행 종료
[2022-10-05 08:47:19.348][I][AutoBaseFunction.py(wrapper):17] Screen.Setup_TestList : setupUI_TestList 실행 종료
[2022-10-05 08:47:19.348][I][AutoBaseFunction.py(wrapper):17] __main__ : __wigets_setupUi 실행 종료
[2022-10-05 08:47:20.897][I][AutoBaseFunction.py(wrapper):10] Screen.MainWindow : update_open_menu 실행 시작
[2022-10-05 08:47:20.897][I][AutoBaseFunction.py(wrapper):11] Parameter : 
[2022-10-05 08:47:20.899][I][AutoBaseFunction.py(wrapper):17] Screen.MainWindow : update_open_menu 실행 종료
[2022-10-05 08:47:22.230][I][AutoBaseFunction.py(wrapper):10] Screen.MainWindow : show_imgList 실행 시작
[2022-10-05 08:47:22.230][I][AutoBaseFunction.py(wrapper):11] Parameter : ('한국어', 'D:/test/TestList_CSV/2022_skillup-master'), True, True
[2022-10-05 08:47:22.350][I][AutoBaseFunction.py(wrapper):17] Screen.MainWindow : show_imgList 실행 종료
[2022-10-05 08:47:23.867][I][AutoBaseFunction.py(wrapper):10] Screen.MainWindow : keyReleaseEvent 실행 시작
[2022-10-05 08:47:23.867][I][AutoBaseFunction.py(wrapper):11] Parameter : <PyQt5.QtGui.QKeyEvent object at 0x000001BE8D4A45E8>
[2022-10-05 08:47:23.868][I][AutoBaseFunction.py(wrapper):17] Screen.MainWindow : keyReleaseEvent 실행 종료
[2022-10-05 08:47:24.043][I][AutoBaseFunction.py(wrapper):10] Screen.MainWindow : keyReleaseEvent 실행 시작
[2022-10-05 08:47:24.044][I][AutoBaseFunction.py(wrapper):11] Parameter : <PyQt5.QtGui.QKeyEvent object at 0x000001BE8D4A45E8>
[2022-10-05 08:47:24.044][I][AutoBaseFunction.py(wrapper):17] Screen.MainWindow : keyReleaseEvent 실행 종료
[2022-10-05 08:47:24.203][I][AutoBaseFunction.py(wrapper):10] Screen.MainWindow : keyReleaseEvent 실행 시작
[2022-10-05 08:47:24.204][I][AutoBaseFunction.py(wrapper):11] Parameter : <PyQt5.QtGui.QKeyEvent object at 0x000001BE8D4A45E8>
[2022-10-05 08:47:24.207][I][AutoBaseFunction.py(wrapper):17] Screen.MainWindow : keyReleaseEvent 실행 종료
[2022-10-05 08:47:24.331][I][AutoBaseFunction.py(wrapper):10] Screen.MainWindow : keyReleaseEvent 실행 시작
[2022-10-05 08:47:24.332][I][AutoBaseFunction.py(wrapper):11] Parameter : <PyQt5.QtGui.QKeyEvent object at 0x000001BE8D4A45E8>
[2022-10-05 08:47:24.334][I][AutoBaseFunction.py(wrapper):17] Screen.MainWindow : keyReleaseEvent 실행 종료
[2022-10-05 08:47:24.523][I][AutoBaseFunction.py(wrapper):10] Screen.MainWindow : keyReleaseEvent 실행 시작
[2022-10-05 08:47:24.523][I][AutoBaseFunction.py(wrapper):11] Parameter : <PyQt5.QtGui.QKeyEvent object at 0x000001BE8D4A45E8>
[2022-10-05 08:47:24.526][I][AutoBaseFunction.py(wrapper):17] Screen.MainWindow : keyReleaseEvent 실행 종료
[2022-10-05 08:47:24.683][I][AutoBaseFunction.py(wrapper):10] Screen.MainWindow : keyReleaseEvent 실행 시작
[2022-10-05 08:47:24.684][I][AutoBaseFunction.py(wrapper):11] Parameter : <PyQt5.QtGui.QKeyEvent object at 0x000001BE8D4A45E8>
[2022-10-05 08:47:24.718][I][AutoBaseFunction.py(wrapper):17] Screen.MainWindow : keyReleaseEvent 실행 종료
[2022-10-05 08:47:24.827][I][AutoBaseFunction.py(wrapper):10] Screen.MainWindow : keyReleaseEvent 실행 시작
[2022-10-05 08:47:24.827][I][AutoBaseFunction.py(wrapper):11] Parameter : <PyQt5.QtGui.QKeyEvent object at 0x000001BE8D4A45E8>
[2022-10-05 08:47:24.828][I][AutoBaseFunction.py(wrapper):17] Screen.MainWindow : keyReleaseEvent 실행 종료
[2022-10-05 08:47:24.971][I][AutoBaseFunction.py(wrapper):10] Screen.MainWindow : keyReleaseEvent 실행 시작
[2022-10-05 08:47:24.971][I][AutoBaseFunction.py(wrapper):11] Parameter : <PyQt5.QtGui.QKeyEvent object at 0x000001BE8D4A45E8>
[2022-10-05 08:47:24.972][I][AutoBaseFunction.py(wrapper):17] Screen.MainWindow : keyReleaseEvent 실행 종료
[2022-10-05 08:47:25.099][I][AutoBaseFunction.py(wrapper):10] Screen.MainWindow : keyReleaseEvent 실행 시작
[2022-10-05 08:47:25.099][I][AutoBaseFunction.py(wrapper):11] Parameter : <PyQt5.QtGui.QKeyEvent object at 0x000001BE8D4A45E8>
[2022-10-05 08:47:25.100][I][AutoBaseFunction.py(wrapper):17] Screen.MainWindow : keyReleaseEvent 실행 종료
[2022-10-05 08:47:25.211][I][AutoBaseFunction.py(wrapper):10] Screen.MainWindow : keyReleaseEvent 실행 시작
[2022-10-05 08:47:25.211][I][AutoBaseFunction.py(wrapper):11] Parameter : <PyQt5.QtGui.QKeyEvent object at 0x000001BE8D4A45E8>
[2022-10-05 08:47:25.212][I][AutoBaseFunction.py(wrapper):17] Screen.MainWindow : keyReleaseEvent 실행 종료
[2022-10-05 08:47:25.339][I][AutoBaseFunction.py(wrapper):10] Screen.MainWindow : keyReleaseEvent 실행 시작
[2022-10-05 08:47:25.339][I][AutoBaseFunction.py(wrapper):11] Parameter : <PyQt5.QtGui.QKeyEvent object at 0x000001BE8D4A45E8>
[2022-10-05 08:47:25.340][I][AutoBaseFunction.py(wrapper):17] Screen.MainWindow : keyReleaseEvent 실행 종료
[2022-10-05 08:47:25.467][I][AutoBaseFunction.py(wrapper):10] Screen.MainWindow : keyReleaseEvent 실행 시작
[2022-10-05 08:47:25.468][I][AutoBaseFunction.py(wrapper):11] Parameter : <PyQt5.QtGui.QKeyEvent object at 0x000001BE8D4A45E8>
[2022-10-05 08:47:25.468][I][AutoBaseFunction.py(wrapper):17] Screen.MainWindow : keyReleaseEvent 실행 종료
[2022-10-05 08:47:25.595][I][AutoBaseFunction.py(wrapper):10] Screen.MainWindow : keyReleaseEvent 실행 시작
[2022-10-05 08:47:25.595][I][AutoBaseFunction.py(wrapper):11] Parameter : <PyQt5.QtGui.QKeyEvent object at 0x000001BE8D4A45E8>
[2022-10-05 08:47:25.596][I][AutoBaseFunction.py(wrapper):17] Screen.MainWindow : keyReleaseEvent 실행 종료
[2022-10-05 08:47:25.722][I][AutoBaseFunction.py(wrapper):10] Screen.MainWindow : keyReleaseEvent 실행 시작
[2022-10-05 08:47:25.723][I][AutoBaseFunction.py(wrapper):11] Parameter : <PyQt5.QtGui.QKeyEvent object at 0x000001BE8D4A45E8>
[2022-10-05 08:47:25.723][I][AutoBaseFunction.py(wrapper):17] Screen.MainWindow : keyReleaseEvent 실행 종료
[2022-10-05 08:47:25.851][I][AutoBaseFunction.py(wrapper):10] Screen.MainWindow : keyReleaseEvent 실행 시작
[2022-10-05 08:47:25.851][I][AutoBaseFunction.py(wrapper):11] Parameter : <PyQt5.QtGui.QKeyEvent object at 0x000001BE8D4A45E8>
[2022-10-05 08:47:25.851][I][AutoBaseFunction.py(wrapper):17] Screen.MainWindow : keyReleaseEvent 실행 종료
[2022-10-05 08:47:25.979][I][AutoBaseFunction.py(wrapper):10] Screen.MainWindow : keyReleaseEvent 실행 시작
[2022-10-05 08:47:25.979][I][AutoBaseFunction.py(wrapper):11] Parameter : <PyQt5.QtGui.QKeyEvent object at 0x000001BE8D4A45E8>
[2022-10-05 08:47:25.980][I][AutoBaseFunction.py(wrapper):17] Screen.MainWindow : keyReleaseEvent 실행 종료
[2022-10-05 08:47:26.123][I][AutoBaseFunction.py(wrapper):10] Screen.MainWindow : keyReleaseEvent 실행 시작
[2022-10-05 08:47:26.124][I][AutoBaseFunction.py(wrapper):11] Parameter : <PyQt5.QtGui.QKeyEvent object at 0x000001BE8D4A45E8>
[2022-10-05 08:47:26.124][I][AutoBaseFunction.py(wrapper):17] Screen.MainWindow : keyReleaseEvent 실행 종료
[2022-10-05 08:47:26.267][I][AutoBaseFunction.py(wrapper):10] Screen.MainWindow : keyReleaseEvent 실행 시작
[2022-10-05 08:47:26.267][I][AutoBaseFunction.py(wrapper):11] Parameter : <PyQt5.QtGui.QKeyEvent object at 0x000001BE8D4A45E8>
[2022-10-05 08:47:26.268][I][AutoBaseFunction.py(wrapper):17] Screen.MainWindow : keyReleaseEvent 실행 종료
[2022-10-05 08:47:26.395][I][AutoBaseFunction.py(wrapper):10] Screen.MainWindow : keyReleaseEvent 실행 시작
[2022-10-05 08:47:26.395][I][AutoBaseFunction.py(wrapper):11] Parameter : <PyQt5.QtGui.QKeyEvent object at 0x000001BE8D4A45E8>
[2022-10-05 08:47:26.396][I][AutoBaseFunction.py(wrapper):17] Screen.MainWindow : keyReleaseEvent 실행 종료
[2022-10-05 08:47:26.523][I][AutoBaseFunction.py(wrapper):10] Screen.MainWindow : keyReleaseEvent 실행 시작
[2022-10-05 08:47:26.523][I][AutoBaseFunction.py(wrapper):11] Parameter : <PyQt5.QtGui.QKeyEvent object at 0x000001BE8D4A45E8>
[2022-10-05 08:47:26.524][I][AutoBaseFunction.py(wrapper):17] Screen.MainWindow : keyReleaseEvent 실행 종료
[2022-10-05 08:47:26.651][I][AutoBaseFunction.py(wrapper):10] Screen.MainWindow : keyReleaseEvent 실행 시작
[2022-10-05 08:47:26.652][I][AutoBaseFunction.py(wrapper):11] Parameter : <PyQt5.QtGui.QKeyEvent object at 0x000001BE8D4A45E8>
[2022-10-05 08:47:26.652][I][AutoBaseFunction.py(wrapper):17] Screen.MainWindow : keyReleaseEvent 실행 종료
[2022-10-05 08:47:26.794][I][AutoBaseFunction.py(wrapper):10] Screen.MainWindow : keyReleaseEvent 실행 시작
[2022-10-05 08:47:26.795][I][AutoBaseFunction.py(wrapper):11] Parameter : <PyQt5.QtGui.QKeyEvent object at 0x000001BE8D4A45E8>
[2022-10-05 08:47:26.795][I][AutoBaseFunction.py(wrapper):17] Screen.MainWindow : keyReleaseEvent 실행 종료
[2022-10-05 08:47:26.922][I][AutoBaseFunction.py(wrapper):10] Screen.MainWindow : keyReleaseEvent 실행 시작
[2022-10-05 08:47:26.923][I][AutoBaseFunction.py(wrapper):11] Parameter : <PyQt5.QtGui.QKeyEvent object at 0x000001BE8D4A45E8>
[2022-10-05 08:47:26.923][I][AutoBaseFunction.py(wrapper):17] Screen.MainWindow : keyReleaseEvent 실행 종료
[2022-10-05 08:47:27.116][I][AutoBaseFunction.py(wrapper):10] Screen.MainWindow : keyReleaseEvent 실행 시작
[2022-10-05 08:47:27.116][I][AutoBaseFunction.py(wrapper):11] Parameter : <PyQt5.QtGui.QKeyEvent object at 0x000001BE8D4A45E8>
[2022-10-05 08:47:27.118][I][AutoBaseFunction.py(wrapper):17] Screen.MainWindow : keyReleaseEvent 실행 종료
[2022-10-05 08:47:27.259][I][AutoBaseFunction.py(wrapper):10] Screen.MainWindow : keyReleaseEvent 실행 시작
[2022-10-05 08:47:27.259][I][AutoBaseFunction.py(wrapper):11] Parameter : <PyQt5.QtGui.QKeyEvent object at 0x000001BE8D4A45E8>
[2022-10-05 08:47:27.262][I][AutoBaseFunction.py(wrapper):17] Screen.MainWindow : keyReleaseEvent 실행 종료
[2022-10-05 08:47:27.403][I][AutoBaseFunction.py(wrapper):10] Screen.MainWindow : keyReleaseEvent 실행 시작
[2022-10-05 08:47:27.403][I][AutoBaseFunction.py(wrapper):11] Parameter : <PyQt5.QtGui.QKeyEvent object at 0x000001BE8D4A45E8>
[2022-10-05 08:47:27.406][I][AutoBaseFunction.py(wrapper):17] Screen.MainWindow : keyReleaseEvent 실행 종료
[2022-10-05 08:47:27.563][I][AutoBaseFunction.py(wrapper):10] Screen.MainWindow : keyReleaseEvent 실행 시작
[2022-10-05 08:47:27.563][I][AutoBaseFunction.py(wrapper):11] Parameter : <PyQt5.QtGui.QKeyEvent object at 0x000001BE8D4A45E8>
[2022-10-05 08:47:27.566][I][AutoBaseFunction.py(wrapper):17] Screen.MainWindow : keyReleaseEvent 실행 종료
[2022-10-05 08:47:27.707][I][AutoBaseFunction.py(wrapper):10] Screen.MainWindow : keyReleaseEvent 실행 시작
[2022-10-05 08:47:27.707][I][AutoBaseFunction.py(wrapper):11] Parameter : <PyQt5.QtGui.QKeyEvent object at 0x000001BE8D4A45E8>
[2022-10-05 08:47:27.709][I][AutoBaseFunction.py(wrapper):17] Screen.MainWindow : keyReleaseEvent 실행 종료
[2022-10-05 08:47:27.851][I][AutoBaseFunction.py(wrapper):10] Screen.MainWindow : keyReleaseEvent 실행 시작
[2022-10-05 08:47:27.852][I][AutoBaseFunction.py(wrapper):11] Parameter : <PyQt5.QtGui.QKeyEvent object at 0x000001BE8D4A45E8>
[2022-10-05 08:47:27.854][I][AutoBaseFunction.py(wrapper):17] Screen.MainWindow : keyReleaseEvent 실행 종료
[2022-10-05 08:47:27.996][I][AutoBaseFunction.py(wrapper):10] Screen.MainWindow : keyReleaseEvent 실행 시작
[2022-10-05 08:47:27.997][I][AutoBaseFunction.py(wrapper):11] Parameter : <PyQt5.QtGui.QKeyEvent object at 0x000001BE8D4A45E8>
[2022-10-05 08:47:27.999][I][AutoBaseFunction.py(wrapper):17] Screen.MainWindow : keyReleaseEvent 실행 종료
[2022-10-05 08:47:28.139][I][AutoBaseFunction.py(wrapper):10] Screen.MainWindow : keyReleaseEvent 실행 시작
[2022-10-05 08:47:28.139][I][AutoBaseFunction.py(wrapper):11] Parameter : <PyQt5.QtGui.QKeyEvent object at 0x000001BE8D4A45E8>
[2022-10-05 08:47:28.139][I][AutoBaseFunction.py(wrapper):17] Screen.MainWindow : keyReleaseEvent 실행 종료
[2022-10-05 08:47:28.267][I][AutoBaseFunction.py(wrapper):10] Screen.MainWindow : keyReleaseEvent 실행 시작
[2022-10-05 08:47:28.267][I][AutoBaseFunction.py(wrapper):11] Parameter : <PyQt5.QtGui.QKeyEvent object at 0x000001BE8D4A45E8>
[2022-10-05 08:47:28.267][I][AutoBaseFunction.py(wrapper):17] Screen.MainWindow : keyReleaseEvent 실행 종료
[2022-10-05 08:47:28.410][I][AutoBaseFunction.py(wrapper):10] Screen.MainWindow : keyReleaseEvent 실행 시작
[2022-10-05 08:47:28.411][I][AutoBaseFunction.py(wrapper):11] Parameter : <PyQt5.QtGui.QKeyEvent object at 0x000001BE8D4A45E8>
[2022-10-05 08:47:28.411][I][AutoBaseFunction.py(wrapper):17] Screen.MainWindow : keyReleaseEvent 실행 종료
[2022-10-05 08:47:28.555][I][AutoBaseFunction.py(wrapper):10] Screen.MainWindow : keyReleaseEvent 실행 시작
[2022-10-05 08:47:28.555][I][AutoBaseFunction.py(wrapper):11] Parameter : <PyQt5.QtGui.QKeyEvent object at 0x000001BE8D4A45E8>
[2022-10-05 08:47:28.556][I][AutoBaseFunction.py(wrapper):17] Screen.MainWindow : keyReleaseEvent 실행 종료
[2022-10-05 08:47:28.698][I][AutoBaseFunction.py(wrapper):10] Screen.MainWindow : keyReleaseEvent 실행 시작
[2022-10-05 08:47:28.699][I][AutoBaseFunction.py(wrapper):11] Parameter : <PyQt5.QtGui.QKeyEvent object at 0x000001BE8D4A45E8>
[2022-10-05 08:47:28.699][I][AutoBaseFunction.py(wrapper):17] Screen.MainWindow : keyReleaseEvent 실행 종료
[2022-10-05 08:47:28.858][I][AutoBaseFunction.py(wrapper):10] Screen.MainWindow : keyReleaseEvent 실행 시작
[2022-10-05 08:47:28.859][I][AutoBaseFunction.py(wrapper):11] Parameter : <PyQt5.QtGui.QKeyEvent object at 0x000001BE8D4A45E8>
[2022-10-05 08:47:28.859][I][AutoBaseFunction.py(wrapper):17] Screen.MainWindow : keyReleaseEvent 실행 종료
[2022-10-05 08:47:29.019][I][AutoBaseFunction.py(wrapper):10] Screen.MainWindow : keyReleaseEvent 실행 시작
[2022-10-05 08:47:29.019][I][AutoBaseFunction.py(wrapper):11] Parameter : <PyQt5.QtGui.QKeyEvent object at 0x000001BE8D4A45E8>
[2022-10-05 08:47:29.020][I][AutoBaseFunction.py(wrapper):17] Screen.MainWindow : keyReleaseEvent 실행 종료
[2022-10-05 08:47:29.163][I][AutoBaseFunction.py(wrapper):10] Screen.MainWindow : keyReleaseEvent 실행 시작
[2022-10-05 08:47:29.163][I][AutoBaseFunction.py(wrapper):11] Parameter : <PyQt5.QtGui.QKeyEvent object at 0x000001BE8D4A45E8>
[2022-10-05 08:47:29.164][I][AutoBaseFunction.py(wrapper):17] Screen.MainWindow : keyReleaseEvent 실행 종료
[2022-10-05 08:47:29.322][I][AutoBaseFunction.py(wrapper):10] Screen.MainWindow : keyReleaseEvent 실행 시작
[2022-10-05 08:47:29.323][I][AutoBaseFunction.py(wrapper):11] Parameter : <PyQt5.QtGui.QKeyEvent object at 0x000001BE8D4A45E8>
[2022-10-05 08:47:29.323][I][AutoBaseFunction.py(wrapper):17] Screen.MainWindow : keyReleaseEvent 실행 종료
[2022-10-05 08:47:29.467][I][AutoBaseFunction.py(wrapper):10] Screen.MainWindow : keyReleaseEvent 실행 시작
[2022-10-05 08:47:29.468][I][AutoBaseFunction.py(wrapper):11] Parameter : <PyQt5.QtGui.QKeyEvent object at 0x000001BE8D4A45E8>
[2022-10-05 08:47:29.468][I][AutoBaseFunction.py(wrapper):17] Screen.MainWindow : keyReleaseEvent 실행 종료
[2022-10-05 08:47:29.626][I][AutoBaseFunction.py(wrapper):10] Screen.MainWindow : keyReleaseEvent 실행 시작
[2022-10-05 08:47:29.627][I][AutoBaseFunction.py(wrapper):11] Parameter : <PyQt5.QtGui.QKeyEvent object at 0x000001BE8D4A45E8>
[2022-10-05 08:47:29.627][I][AutoBaseFunction.py(wrapper):17] Screen.MainWindow : keyReleaseEvent 실행 종료
[2022-10-05 08:47:29.771][I][AutoBaseFunction.py(wrapper):10] Screen.MainWindow : keyReleaseEvent 실행 시작
[2022-10-05 08:47:29.771][I][AutoBaseFunction.py(wrapper):11] Parameter : <PyQt5.QtGui.QKeyEvent object at 0x000001BE8D4A45E8>
[2022-10-05 08:47:29.772][I][AutoBaseFunction.py(wrapper):17] Screen.MainWindow : keyReleaseEvent 실행 종료
[2022-10-05 08:47:29.931][I][AutoBaseFunction.py(wrapper):10] Screen.MainWindow : keyReleaseEvent 실행 시작
[2022-10-05 08:47:29.932][I][AutoBaseFunction.py(wrapper):11] Parameter : <PyQt5.QtGui.QKeyEvent object at 0x000001BE8D4A45E8>
[2022-10-05 08:47:29.932][I][AutoBaseFunction.py(wrapper):17] Screen.MainWindow : keyReleaseEvent 실행 종료
[2022-10-05 08:47:30.074][I][AutoBaseFunction.py(wrapper):10] Screen.MainWindow : keyReleaseEvent 실행 시작
[2022-10-05 08:47:30.075][I][AutoBaseFunction.py(wrapper):11] Parameter : <PyQt5.QtGui.QKeyEvent object at 0x000001BE8D4A45E8>
[2022-10-05 08:47:30.075][I][AutoBaseFunction.py(wrapper):17] Screen.MainWindow : keyReleaseEvent 실행 종료
[2022-10-05 08:47:30.235][I][AutoBaseFunction.py(wrapper):10] Screen.MainWindow : keyReleaseEvent 실행 시작
[2022-10-05 08:47:30.236][I][AutoBaseFunction.py(wrapper):11] Parameter : <PyQt5.QtGui.QKeyEvent object at 0x000001BE8D4A45E8>
[2022-10-05 08:47:30.236][I][AutoBaseFunction.py(wrapper):17] Screen.MainWindow : keyReleaseEvent 실행 종료
[2022-10-05 08:47:30.394][I][AutoBaseFunction.py(wrapper):10] Screen.MainWindow : keyReleaseEvent 실행 시작
[2022-10-05 08:47:30.395][I][AutoBaseFunction.py(wrapper):11] Parameter : <PyQt5.QtGui.QKeyEvent object at 0x000001BE8D4A45E8>
[2022-10-05 08:47:30.395][I][AutoBaseFunction.py(wrapper):17] Screen.MainWindow : keyReleaseEvent 실행 종료
[2022-10-05 08:47:30.555][I][AutoBaseFunction.py(wrapper):10] Screen.MainWindow : keyReleaseEvent 실행 시작
[2022-10-05 08:47:30.555][I][AutoBaseFunction.py(wrapper):11] Parameter : <PyQt5.QtGui.QKeyEvent object at 0x000001BE8D4A45E8>
[2022-10-05 08:47:30.555][I][AutoBaseFunction.py(wrapper):17] Screen.MainWindow : keyReleaseEvent 실행 종료
[2022-10-05 08:47:30.732][I][AutoBaseFunction.py(wrapper):10] Screen.MainWindow : keyReleaseEvent 실행 시작
[2022-10-05 08:47:30.732][I][AutoBaseFunction.py(wrapper):11] Parameter : <PyQt5.QtGui.QKeyEvent object at 0x000001BE8D4A45E8>
[2022-10-05 08:47:30.732][I][AutoBaseFunction.py(wrapper):17] Screen.MainWindow : keyReleaseEvent 실행 종료
[2022-10-05 08:47:30.891][I][AutoBaseFunction.py(wrapper):10] Screen.MainWindow : keyReleaseEvent 실행 시작
[2022-10-05 08:47:30.891][I][AutoBaseFunction.py(wrapper):11] Parameter : <PyQt5.QtGui.QKeyEvent object at 0x000001BE8D4A45E8>
[2022-10-05 08:47:30.894][I][AutoBaseFunction.py(wrapper):17] Screen.MainWindow : keyReleaseEvent 실행 종료
[2022-10-05 08:47:31.052][I][AutoBaseFunction.py(wrapper):10] Screen.MainWindow : keyReleaseEvent 실행 시작
[2022-10-05 08:47:31.052][I][AutoBaseFunction.py(wrapper):11] Parameter : <PyQt5.QtGui.QKeyEvent object at 0x000001BE8D4A45E8>
[2022-10-05 08:47:31.055][I][AutoBaseFunction.py(wrapper):17] Screen.MainWindow : keyReleaseEvent 실행 종료
[2022-10-05 08:47:31.211][I][AutoBaseFunction.py(wrapper):10] Screen.MainWindow : keyReleaseEvent 실행 시작
[2022-10-05 08:47:31.211][I][AutoBaseFunction.py(wrapper):11] Parameter : <PyQt5.QtGui.QKeyEvent object at 0x000001BE8D4A45E8>
[2022-10-05 08:47:31.214][I][AutoBaseFunction.py(wrapper):17] Screen.MainWindow : keyReleaseEvent 실행 종료
[2022-10-05 08:47:31.355][I][AutoBaseFunction.py(wrapper):10] Screen.MainWindow : keyReleaseEvent 실행 시작
[2022-10-05 08:47:31.356][I][AutoBaseFunction.py(wrapper):11] Parameter : <PyQt5.QtGui.QKeyEvent object at 0x000001BE8D4A45E8>
[2022-10-05 08:47:31.358][I][AutoBaseFunction.py(wrapper):17] Screen.MainWindow : keyReleaseEvent 실행 종료
[2022-10-05 08:47:31.515][I][AutoBaseFunction.py(wrapper):10] Screen.MainWindow : keyReleaseEvent 실행 시작
[2022-10-05 08:47:31.515][I][AutoBaseFunction.py(wrapper):11] Parameter : <PyQt5.QtGui.QKeyEvent object at 0x000001BE8D4A45E8>
[2022-10-05 08:47:31.517][I][AutoBaseFunction.py(wrapper):17] Screen.MainWindow : keyReleaseEvent 실행 종료
[2022-10-05 08:47:31.691][I][AutoBaseFunction.py(wrapper):10] Screen.MainWindow : keyReleaseEvent 실행 시작
[2022-10-05 08:47:31.691][I][AutoBaseFunction.py(wrapper):11] Parameter : <PyQt5.QtGui.QKeyEvent object at 0x000001BE8D4A45E8>
[2022-10-05 08:47:31.694][I][AutoBaseFunction.py(wrapper):17] Screen.MainWindow : keyReleaseEvent 실행 종료
[2022-10-05 08:47:31.834][I][AutoBaseFunction.py(wrapper):10] Screen.MainWindow : keyReleaseEvent 실행 시작
[2022-10-05 08:47:31.835][I][AutoBaseFunction.py(wrapper):11] Parameter : <PyQt5.QtGui.QKeyEvent object at 0x000001BE8D4A45E8>
[2022-10-05 08:47:31.869][I][AutoBaseFunction.py(wrapper):17] Screen.MainWindow : keyReleaseEvent 실행 종료
[2022-10-05 08:47:31.995][I][AutoBaseFunction.py(wrapper):10] Screen.MainWindow : keyReleaseEvent 실행 시작
[2022-10-05 08:47:31.995][I][AutoBaseFunction.py(wrapper):11] Parameter : <PyQt5.QtGui.QKeyEvent object at 0x000001BE8D4A45E8>
[2022-10-05 08:47:31.996][I][AutoBaseFunction.py(wrapper):17] Screen.MainWindow : keyReleaseEvent 실행 종료
[2022-10-05 08:47:32.139][I][AutoBaseFunction.py(wrapper):10] Screen.MainWindow : keyReleaseEvent 실행 시작
[2022-10-05 08:47:32.139][I][AutoBaseFunction.py(wrapper):11] Parameter : <PyQt5.QtGui.QKeyEvent object at 0x000001BE8D4A45E8>
[2022-10-05 08:47:32.140][I][AutoBaseFunction.py(wrapper):17] Screen.MainWindow : keyReleaseEvent 실행 종료
[2022-10-05 08:47:32.283][I][AutoBaseFunction.py(wrapper):10] Screen.MainWindow : keyReleaseEvent 실행 시작
[2022-10-05 08:47:32.283][I][AutoBaseFunction.py(wrapper):11] Parameter : <PyQt5.QtGui.QKeyEvent object at 0x000001BE8D4A45E8>
[2022-10-05 08:47:32.284][I][AutoBaseFunction.py(wrapper):17] Screen.MainWindow : keyReleaseEvent 실행 종료
[2022-10-05 08:47:32.443][I][AutoBaseFunction.py(wrapper):10] Screen.MainWindow : keyReleaseEvent 실행 시작
[2022-10-05 08:47:32.445][I][AutoBaseFunction.py(wrapper):11] Parameter : <PyQt5.QtGui.QKeyEvent object at 0x000001BE8D4A45E8>
[2022-10-05 08:47:32.445][I][AutoBaseFunction.py(wrapper):17] Screen.MainWindow : keyReleaseEvent 실행 종료
[2022-10-05 08:47:32.619][I][AutoBaseFunction.py(wrapper):10] Screen.MainWindow : keyReleaseEvent 실행 시작
[2022-10-05 08:47:32.619][I][AutoBaseFunction.py(wrapper):11] Parameter : <PyQt5.QtGui.QKeyEvent object at 0x000001BE8D4A45E8>
[2022-10-05 08:47:32.619][I][AutoBaseFunction.py(wrapper):17] Screen.MainWindow : keyReleaseEvent 실행 종료
[2022-10-05 08:47:32.778][I][AutoBaseFunction.py(wrapper):10] Screen.MainWindow : keyReleaseEvent 실행 시작
[2022-10-05 08:47:32.779][I][AutoBaseFunction.py(wrapper):11] Parameter : <PyQt5.QtGui.QKeyEvent object at 0x000001BE8D4A45E8>
[2022-10-05 08:47:32.779][I][AutoBaseFunction.py(wrapper):17] Screen.MainWindow : keyReleaseEvent 실행 종료
[2022-10-05 08:47:32.938][I][AutoBaseFunction.py(wrapper):10] Screen.MainWindow : keyReleaseEvent 실행 시작
[2022-10-05 08:47:32.939][I][AutoBaseFunction.py(wrapper):11] Parameter : <PyQt5.QtGui.QKeyEvent object at 0x000001BE8D4A45E8>
[2022-10-05 08:47:32.939][I][AutoBaseFunction.py(wrapper):17] Screen.MainWindow : keyReleaseEvent 실행 종료
[2022-10-05 08:47:33.098][I][AutoBaseFunction.py(wrapper):10] Screen.MainWindow : keyReleaseEvent 실행 시작
[2022-10-05 08:47:33.099][I][AutoBaseFunction.py(wrapper):11] Parameter : <PyQt5.QtGui.QKeyEvent object at 0x000001BE8D4A45E8>
[2022-10-05 08:47:33.099][I][AutoBaseFunction.py(wrapper):17] Screen.MainWindow : keyReleaseEvent 실행 종료
[2022-10-05 08:47:33.243][I][AutoBaseFunction.py(wrapper):10] Screen.MainWindow : keyReleaseEvent 실행 시작
[2022-10-05 08:47:33.243][I][AutoBaseFunction.py(wrapper):11] Parameter : <PyQt5.QtGui.QKeyEvent object at 0x000001BE8D4A45E8>
[2022-10-05 08:47:33.244][I][AutoBaseFunction.py(wrapper):17] Screen.MainWindow : keyReleaseEvent 실행 종료
[2022-10-05 08:47:33.403][I][AutoBaseFunction.py(wrapper):10] Screen.MainWindow : keyReleaseEvent 실행 시작
[2022-10-05 08:47:33.403][I][AutoBaseFunction.py(wrapper):11] Parameter : <PyQt5.QtGui.QKeyEvent object at 0x000001BE8D4A45E8>
[2022-10-05 08:47:33.404][I][AutoBaseFunction.py(wrapper):17] Screen.MainWindow : keyReleaseEvent 실행 종료
[2022-10-05 08:47:33.627][I][AutoBaseFunction.py(wrapper):10] Screen.MainWindow : keyReleaseEvent 실행 시작
[2022-10-05 08:47:33.628][I][AutoBaseFunction.py(wrapper):11] Parameter : <PyQt5.QtGui.QKeyEvent object at 0x000001BE8D4A45E8>
[2022-10-05 08:47:33.630][I][AutoBaseFunction.py(wrapper):17] Screen.MainWindow : keyReleaseEvent 실행 종료
[2022-10-05 08:47:33.803][I][AutoBaseFunction.py(wrapper):10] Screen.MainWindow : keyReleaseEvent 실행 시작
[2022-10-05 08:47:33.803][I][AutoBaseFunction.py(wrapper):11] Parameter : <PyQt5.QtGui.QKeyEvent object at 0x000001BE8D4A45E8>
[2022-10-05 08:47:33.806][I][AutoBaseFunction.py(wrapper):17] Screen.MainWindow : keyReleaseEvent 실행 종료
[2022-10-05 08:47:33.963][I][AutoBaseFunction.py(wrapper):10] Screen.MainWindow : keyReleaseEvent 실행 시작
[2022-10-05 08:47:33.963][I][AutoBaseFunction.py(wrapper):11] Parameter : <PyQt5.QtGui.QKeyEvent object at 0x000001BE8D4A45E8>
[2022-10-05 08:47:33.966][I][AutoBaseFunction.py(wrapper):17] Screen.MainWindow : keyReleaseEvent 실행 종료
[2022-10-05 08:47:34.122][I][AutoBaseFunction.py(wrapper):10] Screen.MainWindow : keyReleaseEvent 실행 시작
[2022-10-05 08:47:34.122][I][AutoBaseFunction.py(wrapper):11] Parameter : <PyQt5.QtGui.QKeyEvent object at 0x000001BE8D4A45E8>
[2022-10-05 08:47:34.125][I][AutoBaseFunction.py(wrapper):17] Screen.MainWindow : keyReleaseEvent 실행 종료
[2022-10-05 08:47:34.283][I][AutoBaseFunction.py(wrapper):10] Screen.MainWindow : keyReleaseEvent 실행 시작
[2022-10-05 08:47:34.283][I][AutoBaseFunction.py(wrapper):11] Parameter : <PyQt5.QtGui.QKeyEvent object at 0x000001BE8D4A45E8>
[2022-10-05 08:47:34.286][I][AutoBaseFunction.py(wrapper):17] Screen.MainWindow : keyReleaseEvent 실행 종료
[2022-10-05 08:47:34.444][I][AutoBaseFunction.py(wrapper):10] Screen.MainWindow : keyReleaseEvent 실행 시작
[2022-10-05 08:47:34.444][I][AutoBaseFunction.py(wrapper):11] Parameter : <PyQt5.QtGui.QKeyEvent object at 0x000001BE8D4A45E8>
[2022-10-05 08:47:34.446][I][AutoBaseFunction.py(wrapper):17] Screen.MainWindow : keyReleaseEvent 실행 종료
[2022-10-05 08:47:34.603][I][AutoBaseFunction.py(wrapper):10] Screen.MainWindow : keyReleaseEvent 실행 시작
[2022-10-05 08:47:34.603][I][AutoBaseFunction.py(wrapper):11] Parameter : <PyQt5.QtGui.QKeyEvent object at 0x000001BE8D4A45E8>
[2022-10-05 08:47:34.606][I][AutoBaseFunction.py(wrapper):17] Screen.MainWindow : keyReleaseEvent 실행 종료
[2022-10-05 08:47:34.747][I][AutoBaseFunction.py(wrapper):10] Screen.MainWindow : keyReleaseEvent 실행 시작
[2022-10-05 08:47:34.748][I][AutoBaseFunction.py(wrapper):11] Parameter : <PyQt5.QtGui.QKeyEvent object at 0x000001BE8D4A45E8>
[2022-10-05 08:47:34.748][I][AutoBaseFunction.py(wrapper):17] Screen.MainWindow : keyReleaseEvent 실행 종료
[2022-10-05 08:47:34.906][I][AutoBaseFunction.py(wrapper):10] Screen.MainWindow : keyReleaseEvent 실행 시작
[2022-10-05 08:47:34.906][I][AutoBaseFunction.py(wrapper):11] Parameter : <PyQt5.QtGui.QKeyEvent object at 0x000001BE8D4A45E8>
[2022-10-05 08:47:34.907][I][AutoBaseFunction.py(wrapper):17] Screen.MainWindow : keyReleaseEvent 실행 종료
[2022-10-05 08:47:35.163][I][AutoBaseFunction.py(wrapper):10] Screen.MainWindow : keyReleaseEvent 실행 시작
[2022-10-05 08:47:35.164][I][AutoBaseFunction.py(wrapper):11] Parameter : <PyQt5.QtGui.QKeyEvent object at 0x000001BE8D4A45E8>
[2022-10-05 08:47:35.164][I][AutoBaseFunction.py(wrapper):17] Screen.MainWindow : keyReleaseEvent 실행 종료
[2022-10-05 08:47:35.435][I][AutoBaseFunction.py(wrapper):10] Screen.MainWindow : keyReleaseEvent 실행 시작
[2022-10-05 08:47:35.435][I][AutoBaseFunction.py(wrapper):11] Parameter : <PyQt5.QtGui.QKeyEvent object at 0x000001BE8D4A45E8>
[2022-10-05 08:47:35.436][I][AutoBaseFunction.py(wrapper):17] Screen.MainWindow : keyReleaseEvent 실행 종료
[2022-10-05 08:47:35.595][I][AutoBaseFunction.py(wrapper):10] Screen.MainWindow : keyReleaseEvent 실행 시작
[2022-10-05 08:47:35.595][I][AutoBaseFunction.py(wrapper):11] Parameter : <PyQt5.QtGui.QKeyEvent object at 0x000001BE8D4A45E8>
[2022-10-05 08:47:35.596][I][AutoBaseFunction.py(wrapper):17] Screen.MainWindow : keyReleaseEvent 실행 종료
[2022-10-05 08:47:35.770][I][AutoBaseFunction.py(wrapper):10] Screen.MainWindow : keyReleaseEvent 실행 시작
[2022-10-05 08:47:35.771][I][AutoBaseFunction.py(wrapper):11] Parameter : <PyQt5.QtGui.QKeyEvent object at 0x000001BE8D4A45E8>
[2022-10-05 08:47:35.771][I][AutoBaseFunction.py(wrapper):17] Screen.MainWindow : keyReleaseEvent 실행 종료
[2022-10-05 08:47:35.947][I][AutoBaseFunction.py(wrapper):10] Screen.MainWindow : keyReleaseEvent 실행 시작
[2022-10-05 08:47:35.947][I][AutoBaseFunction.py(wrapper):11] Parameter : <PyQt5.QtGui.QKeyEvent object at 0x000001BE8D4A45E8>
[2022-10-05 08:47:35.948][I][AutoBaseFunction.py(wrapper):17] Screen.MainWindow : keyReleaseEvent 실행 종료
[2022-10-05 08:47:36.123][I][AutoBaseFunction.py(wrapper):10] Screen.MainWindow : keyReleaseEvent 실행 시작
[2022-10-05 08:47:36.123][I][AutoBaseFunction.py(wrapper):11] Parameter : <PyQt5.QtGui.QKeyEvent object at 0x000001BE8D4A45E8>
[2022-10-05 08:47:36.124][I][AutoBaseFunction.py(wrapper):17] Screen.MainWindow : keyReleaseEvent 실행 종료
[2022-10-05 08:47:36.283][I][AutoBaseFunction.py(wrapper):10] Screen.MainWindow : keyReleaseEvent 실행 시작
[2022-10-05 08:47:36.283][I][AutoBaseFunction.py(wrapper):11] Parameter : <PyQt5.QtGui.QKeyEvent object at 0x000001BE8D4A45E8>
[2022-10-05 08:47:36.284][I][AutoBaseFunction.py(wrapper):17] Screen.MainWindow : keyReleaseEvent 실행 종료
[2022-10-05 08:47:36.458][I][AutoBaseFunction.py(wrapper):10] Screen.MainWindow : keyReleaseEvent 실행 시작
[2022-10-05 08:47:36.459][I][AutoBaseFunction.py(wrapper):11] Parameter : <PyQt5.QtGui.QKeyEvent object at 0x000001BE8D4A45E8>
[2022-10-05 08:47:36.459][I][AutoBaseFunction.py(wrapper):17] Screen.MainWindow : keyReleaseEvent 실행 종료
[2022-10-05 08:47:36.604][I][AutoBaseFunction.py(wrapper):10] Screen.MainWindow : keyReleaseEvent 실행 시작
[2022-10-05 08:47:36.604][I][AutoBaseFunction.py(wrapper):11] Parameter : <PyQt5.QtGui.QKeyEvent object at 0x000001BE8D4A45E8>
[2022-10-05 08:47:36.604][I][AutoBaseFunction.py(wrapper):17] Screen.MainWindow : keyReleaseEvent 실행 종료
[2022-10-05 08:47:36.778][I][AutoBaseFunction.py(wrapper):10] Screen.MainWindow : keyReleaseEvent 실행 시작
[2022-10-05 08:47:36.779][I][AutoBaseFunction.py(wrapper):11] Parameter : <PyQt5.QtGui.QKeyEvent object at 0x000001BE8D4A45E8>
[2022-10-05 08:47:36.779][I][AutoBaseFunction.py(wrapper):17] Screen.MainWindow : keyReleaseEvent 실행 종료
[2022-10-05 08:47:36.955][I][AutoBaseFunction.py(wrapper):10] Screen.MainWindow : keyReleaseEvent 실행 시작
[2022-10-05 08:47:36.956][I][AutoBaseFunction.py(wrapper):11] Parameter : <PyQt5.QtGui.QKeyEvent object at 0x000001BE8D4A45E8>
[2022-10-05 08:47:36.956][I][AutoBaseFunction.py(wrapper):17] Screen.MainWindow : keyReleaseEvent 실행 종료
[2022-10-05 08:47:37.179][I][AutoBaseFunction.py(wrapper):10] Screen.MainWindow : keyReleaseEvent 실행 시작
[2022-10-05 08:47:37.180][I][AutoBaseFunction.py(wrapper):11] Parameter : <PyQt5.QtGui.QKeyEvent object at 0x000001BE8D4A45E8>
[2022-10-05 08:47:37.180][I][AutoBaseFunction.py(wrapper):17] Screen.MainWindow : keyReleaseEvent 실행 종료
[2022-10-05 08:47:40.428][I][AutoBaseFunction.py(wrapper):10] Screen.MainWindow : closeEvent 실행 시작
[2022-10-05 08:47:40.428][I][AutoBaseFunction.py(wrapper):11] Parameter : <PyQt5.QtGui.QCloseEvent object at 0x000001BE8D4A45E8>
