[2022-09-27 17:15:34.710][D][LogManager.py(Init):12] LogManager Init function called !!!
[2022-09-27 17:15:34.721][I][AutoBaseFunction.py(wrapper):7] Screen.MainWindow : setupUi 실행 시작
[2022-09-27 17:15:34.722][I][AutoBaseFunction.py(wrapper):8] Parameter : 
[2022-09-27 17:15:34.737][I][AutoBaseFunction.py(wrapper):7] Screen.MainWindow : set_field 실행 시작
[2022-09-27 17:15:34.738][I][AutoBaseFunction.py(wrapper):8] Parameter : 
[2022-09-27 17:15:34.766][I][AutoBaseFunction.py(wrapper):14] Screen.MainWindow : set_field 실행 종료
[2022-09-27 17:15:34.766][I][AutoBaseFunction.py(wrapper):7] Screen.MainWindow : setWidget_func 실행 시작
[2022-09-27 17:15:34.767][I][AutoBaseFunction.py(wrapper):8] Parameter : 
[2022-09-27 17:15:34.768][I][AutoBaseFunction.py(wrapper):14] Screen.MainWindow : setWidget_func 실행 종료
[2022-09-27 17:15:34.770][I][AutoBaseFunction.py(wrapper):14] Screen.MainWindow : setupUi 실행 종료
[2022-09-27 17:15:34.776][I][AutoBaseFunction.py(wrapper):7] __main__ : __set_slot 실행 시작
[2022-09-27 17:15:34.776][I][AutoBaseFunction.py(wrapper):8] Parameter : 
[2022-09-27 17:15:34.777][I][AutoBaseFunction.py(wrapper):14] __main__ : __set_slot 실행 종료
[2022-09-27 17:15:34.777][I][AutoBaseFunction.py(wrapper):7] __main__ : __wigets_setupUi 실행 시작
[2022-09-27 17:15:34.777][I][AutoBaseFunction.py(wrapper):8] Parameter : 
[2022-09-27 17:15:34.777][I][AutoBaseFunction.py(wrapper):7] Screen.Setup_Language : setupUI_Language 실행 시작
[2022-09-27 17:15:34.778][I][AutoBaseFunction.py(wrapper):8] Parameter : 
[2022-09-27 17:15:34.779][I][AutoBaseFunction.py(wrapper):7] Screen.Setup_Language : sl_set_slot 실행 시작
[2022-09-27 17:15:34.779][I][AutoBaseFunction.py(wrapper):8] Parameter : 
[2022-09-27 17:15:34.779][I][AutoBaseFunction.py(wrapper):14] Screen.Setup_Language : sl_set_slot 실행 종료
[2022-09-27 17:15:34.780][I][AutoBaseFunction.py(wrapper):14] Screen.Setup_Language : setupUI_Language 실행 종료
[2022-09-27 17:15:34.780][I][AutoBaseFunction.py(wrapper):7] Screen.Menu_CreateExcel : setupUI_CreateExcel 실행 시작
[2022-09-27 17:15:34.780][I][AutoBaseFunction.py(wrapper):8] Parameter : 
[2022-09-27 17:15:34.781][I][AutoBaseFunction.py(wrapper):7] Screen.Menu_CreateExcel : new_excel_func 실행 시작
[2022-09-27 17:15:34.781][I][AutoBaseFunction.py(wrapper):8] Parameter : 
[2022-09-27 17:15:34.782][I][AutoBaseFunction.py(wrapper):14] Screen.Menu_CreateExcel : new_excel_func 실행 종료
[2022-09-27 17:15:34.782][I][AutoBaseFunction.py(wrapper):7] Screen.Menu_CreateExcel : set_excel_func 실행 시작
[2022-09-27 17:15:34.782][I][AutoBaseFunction.py(wrapper):8] Parameter : 
[2022-09-27 17:15:34.783][I][AutoBaseFunction.py(wrapper):14] Screen.Menu_CreateExcel : set_excel_func 실행 종료
[2022-09-27 17:15:34.783][I][AutoBaseFunction.py(wrapper):14] Screen.Menu_CreateExcel : setupUI_CreateExcel 실행 종료
[2022-09-27 17:15:34.783][I][AutoBaseFunction.py(wrapper):7] Screen.Setup_Field : setupUI_Field 실행 시작
[2022-09-27 17:15:34.783][I][AutoBaseFunction.py(wrapper):8] Parameter : 
