[2022-10-05 08:50:57.029][D][LogManager.py(Init):12] LogManager Init function called !!!
[2022-10-05 08:50:57.061][I][AutoBaseFunction.py(wrapper):10] Screen.MainWindow : setupUi 실행 시작
[2022-10-05 08:50:57.061][I][AutoBaseFunction.py(wrapper):11] Parameter : 
[2022-10-05 08:50:57.065][I][AutoBaseFunction.py(wrapper):10] Screen.MainWindow : set_field 실행 시작
[2022-10-05 08:50:57.065][I][AutoBaseFunction.py(wrapper):11] Parameter : 
[2022-10-05 08:50:57.093][I][AutoBaseFunction.py(wrapper):17] Screen.MainWindow : set_field 실행 종료
[2022-10-05 08:50:57.094][I][AutoBaseFunction.py(wrapper):10] Screen.MainWindow : setWidget_func 실행 시작
[2022-10-05 08:50:57.094][I][AutoBaseFunction.py(wrapper):11] Parameter : 
[2022-10-05 08:50:57.095][I][AutoBaseFunction.py(wrapper):17] Screen.MainWindow : setWidget_func 실행 종료
[2022-10-05 08:50:57.098][I][AutoBaseFunction.py(wrapper):17] Screen.MainWindow : setupUi 실행 종료
[2022-10-05 08:50:57.104][I][AutoBaseFunction.py(wrapper):10] __main__ : __set_slot 실행 시작
[2022-10-05 08:50:57.104][I][AutoBaseFunction.py(wrapper):11] Parameter : 
[2022-10-05 08:50:57.105][I][AutoBaseFunction.py(wrapper):17] __main__ : __set_slot 실행 종료
[2022-10-05 08:50:57.105][I][AutoBaseFunction.py(wrapper):10] __main__ : __wigets_setupUi 실행 시작
[2022-10-05 08:50:57.105][I][AutoBaseFunction.py(wrapper):11] Parameter : 
[2022-10-05 08:50:57.106][I][AutoBaseFunction.py(wrapper):10] Screen.Setup_Language : setupUI_Language 실행 시작
[2022-10-05 08:50:57.106][I][AutoBaseFunction.py(wrapper):11] Parameter : 
[2022-10-05 08:50:57.106][I][AutoBaseFunction.py(wrapper):10] Screen.Setup_Language : sl_set_slot 실행 시작
[2022-10-05 08:50:57.107][I][AutoBaseFunction.py(wrapper):11] Parameter : 
[2022-10-05 08:50:57.107][I][AutoBaseFunction.py(wrapper):17] Screen.Setup_Language : sl_set_slot 실행 종료
[2022-10-05 08:50:57.107][I][AutoBaseFunction.py(wrapper):17] Screen.Setup_Language : setupUI_Language 실행 종료
[2022-10-05 08:50:57.107][I][AutoBaseFunction.py(wrapper):10] Screen.Menu_CreateExcel : setupUI_CreateExcel 실행 시작
[2022-10-05 08:50:57.108][I][AutoBaseFunction.py(wrapper):11] Parameter : 
[2022-10-05 08:50:57.109][I][AutoBaseFunction.py(wrapper):10] Screen.Menu_CreateExcel : new_excel_func 실행 시작
[2022-10-05 08:50:57.109][I][AutoBaseFunction.py(wrapper):11] Parameter : 
[2022-10-05 08:50:57.109][I][AutoBaseFunction.py(wrapper):17] Screen.Menu_CreateExcel : new_excel_func 실행 종료
[2022-10-05 08:50:57.109][I][AutoBaseFunction.py(wrapper):10] Screen.Menu_CreateExcel : set_excel_func 실행 시작
[2022-10-05 08:50:57.110][I][AutoBaseFunction.py(wrapper):11] Parameter : 
[2022-10-05 08:50:57.110][I][AutoBaseFunction.py(wrapper):17] Screen.Menu_CreateExcel : set_excel_func 실행 종료
[2022-10-05 08:50:57.111][I][AutoBaseFunction.py(wrapper):17] Screen.Menu_CreateExcel : setupUI_CreateExcel 실행 종료
[2022-10-05 08:50:57.111][I][AutoBaseFunction.py(wrapper):10] Screen.Setup_Field : setupUI_Field 실행 시작
[2022-10-05 08:50:57.111][I][AutoBaseFunction.py(wrapper):11] Parameter : 
[2022-10-05 08:50:57.113][I][AutoBaseFunction.py(wrapper):10] Screen.Setup_Field : set_data 실행 시작
[2022-10-05 08:50:57.114][I][AutoBaseFunction.py(wrapper):11] Parameter : 
[2022-10-05 08:50:57.114][I][AutoBaseFunction.py(wrapper):17] Screen.Setup_Field : set_data 실행 종료
[2022-10-05 08:50:57.369][I][AutoBaseFunction.py(wrapper):10] Screen.Setup_Field : set_data 실행 시작
[2022-10-05 08:50:57.370][I][AutoBaseFunction.py(wrapper):11] Parameter : 
[2022-10-05 08:50:57.370][I][AutoBaseFunction.py(wrapper):17] Screen.Setup_Field : set_data 실행 종료
[2022-10-05 08:50:57.371][I][AutoBaseFunction.py(wrapper):10] Screen.Setup_Field : set_data 실행 시작
[2022-10-05 08:50:57.371][I][AutoBaseFunction.py(wrapper):11] Parameter : 
[2022-10-05 08:50:57.371][I][AutoBaseFunction.py(wrapper):17] Screen.Setup_Field : set_data 실행 종료
[2022-10-05 08:50:57.372][I][AutoBaseFunction.py(wrapper):10] Screen.Setup_Field : set_data 실행 시작
[2022-10-05 08:50:57.372][I][AutoBaseFunction.py(wrapper):11] Parameter : 
[2022-10-05 08:50:57.373][I][AutoBaseFunction.py(wrapper):17] Screen.Setup_Field : set_data 실행 종료
[2022-10-05 08:50:57.373][I][AutoBaseFunction.py(wrapper):10] Screen.Setup_Field : set_data 실행 시작
[2022-10-05 08:50:57.373][I][AutoBaseFunction.py(wrapper):11] Parameter : 
[2022-10-05 08:50:57.374][I][AutoBaseFunction.py(wrapper):17] Screen.Setup_Field : set_data 실행 종료
[2022-10-05 08:50:57.374][I][AutoBaseFunction.py(wrapper):10] Screen.Setup_Field : set_data 실행 시작
[2022-10-05 08:50:57.374][I][AutoBaseFunction.py(wrapper):11] Parameter : 
[2022-10-05 08:50:57.374][I][AutoBaseFunction.py(wrapper):17] Screen.Setup_Field : set_data 실행 종료
[2022-10-05 08:50:57.375][I][AutoBaseFunction.py(wrapper):10] Screen.Setup_Field : sl_set_slot 실행 시작
[2022-10-05 08:50:57.375][I][AutoBaseFunction.py(wrapper):11] Parameter : 
[2022-10-05 08:50:57.375][I][AutoBaseFunction.py(wrapper):17] Screen.Setup_Field : sl_set_slot 실행 종료
[2022-10-05 08:50:57.375][I][AutoBaseFunction.py(wrapper):17] Screen.Setup_Field : setupUI_Field 실행 종료
[2022-10-05 08:50:57.376][I][AutoBaseFunction.py(wrapper):10] Screen.Setup_TestList : setupUI_TestList 실행 시작
[2022-10-05 08:50:57.376][I][AutoBaseFunction.py(wrapper):11] Parameter : 
[2022-10-05 08:50:57.377][I][AutoBaseFunction.py(wrapper):10] Screen.Setup_TestList : btn_set_slot 실행 시작
[2022-10-05 08:50:57.378][I][AutoBaseFunction.py(wrapper):11] Parameter : 
[2022-10-05 08:50:57.378][I][AutoBaseFunction.py(wrapper):17] Screen.Setup_TestList : btn_set_slot 실행 종료
[2022-10-05 08:50:57.378][I][AutoBaseFunction.py(wrapper):17] Screen.Setup_TestList : setupUI_TestList 실행 종료
[2022-10-05 08:50:57.379][I][AutoBaseFunction.py(wrapper):17] __main__ : __wigets_setupUi 실행 종료
[2022-10-05 08:50:59.590][I][AutoBaseFunction.py(wrapper):10] Screen.MainWindow : update_open_menu 실행 시작
[2022-10-05 08:50:59.591][I][AutoBaseFunction.py(wrapper):11] Parameter : 
[2022-10-05 08:50:59.593][I][AutoBaseFunction.py(wrapper):17] Screen.MainWindow : update_open_menu 실행 종료
[2022-10-05 08:51:00.612][I][AutoBaseFunction.py(wrapper):10] Screen.MainWindow : show_imgList 실행 시작
[2022-10-05 08:51:00.613][I][AutoBaseFunction.py(wrapper):11] Parameter : ('한국어', 'D:/test/TestList_CSV/2022_skillup-master'), True, True
[2022-10-05 08:51:00.705][I][AutoBaseFunction.py(wrapper):17] Screen.MainWindow : show_imgList 실행 종료
[2022-10-05 08:51:01.657][I][AutoBaseFunction.py(wrapper):10] Screen.MainWindow : keyReleaseEvent 실행 시작
[2022-10-05 08:51:01.658][I][AutoBaseFunction.py(wrapper):11] Parameter : <PyQt5.QtGui.QKeyEvent object at 0x00000136007444C8>
[2022-10-05 08:51:01.662][I][AutoBaseFunction.py(wrapper):17] Screen.MainWindow : keyReleaseEvent 실행 종료
[2022-10-05 08:51:01.769][I][AutoBaseFunction.py(wrapper):10] Screen.MainWindow : keyReleaseEvent 실행 시작
[2022-10-05 08:51:01.770][I][AutoBaseFunction.py(wrapper):11] Parameter : <PyQt5.QtGui.QKeyEvent object at 0x00000136007444C8>
[2022-10-05 08:51:01.772][I][AutoBaseFunction.py(wrapper):17] Screen.MainWindow : keyReleaseEvent 실행 종료
[2022-10-05 08:51:01.880][I][AutoBaseFunction.py(wrapper):10] Screen.MainWindow : keyReleaseEvent 실행 시작
[2022-10-05 08:51:01.880][I][AutoBaseFunction.py(wrapper):11] Parameter : <PyQt5.QtGui.QKeyEvent object at 0x00000136007444C8>
[2022-10-05 08:51:01.883][I][AutoBaseFunction.py(wrapper):17] Screen.MainWindow : keyReleaseEvent 실행 종료
[2022-10-05 08:51:02.024][I][AutoBaseFunction.py(wrapper):10] Screen.MainWindow : keyReleaseEvent 실행 시작
[2022-10-05 08:51:02.024][I][AutoBaseFunction.py(wrapper):11] Parameter : <PyQt5.QtGui.QKeyEvent object at 0x00000136007444C8>
[2022-10-05 08:51:02.027][I][AutoBaseFunction.py(wrapper):17] Screen.MainWindow : keyReleaseEvent 실행 종료
[2022-10-05 08:51:02.185][I][AutoBaseFunction.py(wrapper):10] Screen.MainWindow : keyReleaseEvent 실행 시작
[2022-10-05 08:51:02.185][I][AutoBaseFunction.py(wrapper):11] Parameter : <PyQt5.QtGui.QKeyEvent object at 0x00000136007444C8>
[2022-10-05 08:51:02.187][I][AutoBaseFunction.py(wrapper):17] Screen.MainWindow : keyReleaseEvent 실행 종료
[2022-10-05 08:51:02.297][I][AutoBaseFunction.py(wrapper):10] Screen.MainWindow : keyReleaseEvent 실행 시작
[2022-10-05 08:51:02.297][I][AutoBaseFunction.py(wrapper):11] Parameter : <PyQt5.QtGui.QKeyEvent object at 0x00000136007444C8>
[2022-10-05 08:51:02.300][I][AutoBaseFunction.py(wrapper):17] Screen.MainWindow : keyReleaseEvent 실행 종료
[2022-10-05 08:51:02.409][I][AutoBaseFunction.py(wrapper):10] Screen.MainWindow : keyReleaseEvent 실행 시작
[2022-10-05 08:51:02.409][I][AutoBaseFunction.py(wrapper):11] Parameter : <PyQt5.QtGui.QKeyEvent object at 0x00000136007444C8>
[2022-10-05 08:51:02.411][I][AutoBaseFunction.py(wrapper):17] Screen.MainWindow : keyReleaseEvent 실행 종료
[2022-10-05 08:51:02.521][I][AutoBaseFunction.py(wrapper):10] Screen.MainWindow : keyReleaseEvent 실행 시작
[2022-10-05 08:51:02.521][I][AutoBaseFunction.py(wrapper):11] Parameter : <PyQt5.QtGui.QKeyEvent object at 0x00000136007444C8>
[2022-10-05 08:51:02.523][I][AutoBaseFunction.py(wrapper):17] Screen.MainWindow : keyReleaseEvent 실행 종료
[2022-10-05 08:51:02.633][I][AutoBaseFunction.py(wrapper):10] Screen.MainWindow : keyReleaseEvent 실행 시작
[2022-10-05 08:51:02.633][I][AutoBaseFunction.py(wrapper):11] Parameter : <PyQt5.QtGui.QKeyEvent object at 0x00000136007444C8>
[2022-10-05 08:51:02.633][I][AutoBaseFunction.py(wrapper):17] Screen.MainWindow : keyReleaseEvent 실행 종료
[2022-10-05 08:51:02.761][I][AutoBaseFunction.py(wrapper):10] Screen.MainWindow : keyReleaseEvent 실행 시작
[2022-10-05 08:51:02.762][I][AutoBaseFunction.py(wrapper):11] Parameter : <PyQt5.QtGui.QKeyEvent object at 0x00000136007444C8>
[2022-10-05 08:51:02.762][I][AutoBaseFunction.py(wrapper):17] Screen.MainWindow : keyReleaseEvent 실행 종료
[2022-10-05 08:51:02.873][I][AutoBaseFunction.py(wrapper):10] Screen.MainWindow : keyReleaseEvent 실행 시작
[2022-10-05 08:51:02.874][I][AutoBaseFunction.py(wrapper):11] Parameter : <PyQt5.QtGui.QKeyEvent object at 0x00000136007444C8>
[2022-10-05 08:51:02.874][I][AutoBaseFunction.py(wrapper):17] Screen.MainWindow : keyReleaseEvent 실행 종료
[2022-10-05 08:51:03.001][I][AutoBaseFunction.py(wrapper):10] Screen.MainWindow : keyReleaseEvent 실행 시작
[2022-10-05 08:51:03.002][I][AutoBaseFunction.py(wrapper):11] Parameter : <PyQt5.QtGui.QKeyEvent object at 0x00000136007444C8>
[2022-10-05 08:51:03.002][I][AutoBaseFunction.py(wrapper):17] Screen.MainWindow : keyReleaseEvent 실행 종료
[2022-10-05 08:51:03.160][I][AutoBaseFunction.py(wrapper):10] Screen.MainWindow : keyReleaseEvent 실행 시작
[2022-10-05 08:51:03.161][I][AutoBaseFunction.py(wrapper):11] Parameter : <PyQt5.QtGui.QKeyEvent object at 0x00000136007444C8>
[2022-10-05 08:51:03.161][I][AutoBaseFunction.py(wrapper):17] Screen.MainWindow : keyReleaseEvent 실행 종료
[2022-10-05 08:51:03.257][I][AutoBaseFunction.py(wrapper):10] Screen.MainWindow : keyReleaseEvent 실행 시작
[2022-10-05 08:51:03.257][I][AutoBaseFunction.py(wrapper):11] Parameter : <PyQt5.QtGui.QKeyEvent object at 0x00000136007444C8>
[2022-10-05 08:51:03.258][I][AutoBaseFunction.py(wrapper):17] Screen.MainWindow : keyReleaseEvent 실행 종료
[2022-10-05 08:51:03.401][I][AutoBaseFunction.py(wrapper):10] Screen.MainWindow : keyReleaseEvent 실행 시작
[2022-10-05 08:51:03.401][I][AutoBaseFunction.py(wrapper):11] Parameter : <PyQt5.QtGui.QKeyEvent object at 0x00000136007444C8>
[2022-10-05 08:51:03.402][I][AutoBaseFunction.py(wrapper):17] Screen.MainWindow : keyReleaseEvent 실행 종료
[2022-10-05 08:51:03.496][I][AutoBaseFunction.py(wrapper):10] Screen.MainWindow : keyReleaseEvent 실행 시작
[2022-10-05 08:51:03.497][I][AutoBaseFunction.py(wrapper):11] Parameter : <PyQt5.QtGui.QKeyEvent object at 0x00000136007444C8>
[2022-10-05 08:51:03.497][I][AutoBaseFunction.py(wrapper):17] Screen.MainWindow : keyReleaseEvent 실행 종료
[2022-10-05 08:51:03.624][I][AutoBaseFunction.py(wrapper):10] Screen.MainWindow : keyReleaseEvent 실행 시작
[2022-10-05 08:51:03.625][I][AutoBaseFunction.py(wrapper):11] Parameter : <PyQt5.QtGui.QKeyEvent object at 0x00000136007444C8>
[2022-10-05 08:51:03.625][I][AutoBaseFunction.py(wrapper):17] Screen.MainWindow : keyReleaseEvent 실행 종료
[2022-10-05 08:51:03.769][I][AutoBaseFunction.py(wrapper):10] Screen.MainWindow : keyReleaseEvent 실행 시작
[2022-10-05 08:51:03.770][I][AutoBaseFunction.py(wrapper):11] Parameter : <PyQt5.QtGui.QKeyEvent object at 0x00000136007444C8>
[2022-10-05 08:51:03.770][I][AutoBaseFunction.py(wrapper):17] Screen.MainWindow : keyReleaseEvent 실행 종료
[2022-10-05 08:51:03.976][I][AutoBaseFunction.py(wrapper):10] Screen.MainWindow : keyReleaseEvent 실행 시작
[2022-10-05 08:51:03.977][I][AutoBaseFunction.py(wrapper):11] Parameter : <PyQt5.QtGui.QKeyEvent object at 0x00000136007444C8>
[2022-10-05 08:51:03.977][I][AutoBaseFunction.py(wrapper):17] Screen.MainWindow : keyReleaseEvent 실행 종료
[2022-10-05 08:51:04.217][I][AutoBaseFunction.py(wrapper):10] Screen.MainWindow : keyReleaseEvent 실행 시작
[2022-10-05 08:51:04.218][I][AutoBaseFunction.py(wrapper):11] Parameter : <PyQt5.QtGui.QKeyEvent object at 0x00000136007444C8>
[2022-10-05 08:51:04.218][I][AutoBaseFunction.py(wrapper):17] Screen.MainWindow : keyReleaseEvent 실행 종료
[2022-10-05 08:51:04.909][I][AutoBaseFunction.py(wrapper):10] Screen.MainWindow : keyReleaseEvent 실행 시작
[2022-10-05 08:51:04.910][I][AutoBaseFunction.py(wrapper):11] Parameter : <PyQt5.QtGui.QKeyEvent object at 0x00000136007444C8>
[2022-10-05 08:51:04.912][I][AutoBaseFunction.py(wrapper):17] Screen.MainWindow : keyReleaseEvent 실행 종료
[2022-10-05 08:51:04.942][I][AutoBaseFunction.py(wrapper):10] Screen.MainWindow : keyReleaseEvent 실행 시작
[2022-10-05 08:51:04.942][I][AutoBaseFunction.py(wrapper):11] Parameter : <PyQt5.QtGui.QKeyEvent object at 0x00000136007444C8>
[2022-10-05 08:51:04.944][I][AutoBaseFunction.py(wrapper):17] Screen.MainWindow : keyReleaseEvent 실행 종료
[2022-10-05 08:51:04.972][I][AutoBaseFunction.py(wrapper):10] Screen.MainWindow : keyReleaseEvent 실행 시작
[2022-10-05 08:51:04.973][I][AutoBaseFunction.py(wrapper):11] Parameter : <PyQt5.QtGui.QKeyEvent object at 0x00000136007444C8>
[2022-10-05 08:51:04.975][I][AutoBaseFunction.py(wrapper):17] Screen.MainWindow : keyReleaseEvent 실행 종료
[2022-10-05 08:51:05.004][I][AutoBaseFunction.py(wrapper):10] Screen.MainWindow : keyReleaseEvent 실행 시작
[2022-10-05 08:51:05.004][I][AutoBaseFunction.py(wrapper):11] Parameter : <PyQt5.QtGui.QKeyEvent object at 0x00000136007444C8>
[2022-10-05 08:51:05.007][I][AutoBaseFunction.py(wrapper):17] Screen.MainWindow : keyReleaseEvent 실행 종료
[2022-10-05 08:51:05.036][I][AutoBaseFunction.py(wrapper):10] Screen.MainWindow : keyReleaseEvent 실행 시작
[2022-10-05 08:51:05.037][I][AutoBaseFunction.py(wrapper):11] Parameter : <PyQt5.QtGui.QKeyEvent object at 0x00000136007444C8>
[2022-10-05 08:51:05.039][I][AutoBaseFunction.py(wrapper):17] Screen.MainWindow : keyReleaseEvent 실행 종료
[2022-10-05 08:51:05.067][I][AutoBaseFunction.py(wrapper):10] Screen.MainWindow : keyReleaseEvent 실행 시작
[2022-10-05 08:51:05.068][I][AutoBaseFunction.py(wrapper):11] Parameter : <PyQt5.QtGui.QKeyEvent object at 0x00000136007444C8>
[2022-10-05 08:51:05.071][I][AutoBaseFunction.py(wrapper):17] Screen.MainWindow : keyReleaseEvent 실행 종료
[2022-10-05 08:51:05.098][I][AutoBaseFunction.py(wrapper):10] Screen.MainWindow : keyReleaseEvent 실행 시작
[2022-10-05 08:51:05.099][I][AutoBaseFunction.py(wrapper):11] Parameter : <PyQt5.QtGui.QKeyEvent object at 0x00000136007444C8>
[2022-10-05 08:51:05.101][I][AutoBaseFunction.py(wrapper):17] Screen.MainWindow : keyReleaseEvent 실행 종료
[2022-10-05 08:51:05.131][I][AutoBaseFunction.py(wrapper):10] Screen.MainWindow : keyReleaseEvent 실행 시작
[2022-10-05 08:51:05.131][I][AutoBaseFunction.py(wrapper):11] Parameter : <PyQt5.QtGui.QKeyEvent object at 0x00000136007444C8>
[2022-10-05 08:51:05.164][I][AutoBaseFunction.py(wrapper):17] Screen.MainWindow : keyReleaseEvent 실행 종료
[2022-10-05 08:51:05.166][I][AutoBaseFunction.py(wrapper):10] Screen.MainWindow : keyReleaseEvent 실행 시작
[2022-10-05 08:51:05.166][I][AutoBaseFunction.py(wrapper):11] Parameter : <PyQt5.QtGui.QKeyEvent object at 0x00000136007444C8>
[2022-10-05 08:51:05.167][I][AutoBaseFunction.py(wrapper):17] Screen.MainWindow : keyReleaseEvent 실행 종료
[2022-10-05 08:51:05.194][I][AutoBaseFunction.py(wrapper):10] Screen.MainWindow : keyReleaseEvent 실행 시작
[2022-10-05 08:51:05.195][I][AutoBaseFunction.py(wrapper):11] Parameter : <PyQt5.QtGui.QKeyEvent object at 0x00000136007444C8>
[2022-10-05 08:51:05.195][I][AutoBaseFunction.py(wrapper):17] Screen.MainWindow : keyReleaseEvent 실행 종료
[2022-10-05 08:51:05.227][I][AutoBaseFunction.py(wrapper):10] Screen.MainWindow : keyReleaseEvent 실행 시작
[2022-10-05 08:51:05.228][I][AutoBaseFunction.py(wrapper):11] Parameter : <PyQt5.QtGui.QKeyEvent object at 0x00000136007444C8>
[2022-10-05 08:51:05.228][I][AutoBaseFunction.py(wrapper):17] Screen.MainWindow : keyReleaseEvent 실행 종료
[2022-10-05 08:51:05.258][I][AutoBaseFunction.py(wrapper):10] Screen.MainWindow : keyReleaseEvent 실행 시작
[2022-10-05 08:51:05.259][I][AutoBaseFunction.py(wrapper):11] Parameter : <PyQt5.QtGui.QKeyEvent object at 0x00000136007444C8>
[2022-10-05 08:51:05.259][I][AutoBaseFunction.py(wrapper):17] Screen.MainWindow : keyReleaseEvent 실행 종료
[2022-10-05 08:51:05.290][I][AutoBaseFunction.py(wrapper):10] Screen.MainWindow : keyReleaseEvent 실행 시작
[2022-10-05 08:51:05.290][I][AutoBaseFunction.py(wrapper):11] Parameter : <PyQt5.QtGui.QKeyEvent object at 0x00000136007444C8>
[2022-10-05 08:51:05.290][I][AutoBaseFunction.py(wrapper):17] Screen.MainWindow : keyReleaseEvent 실행 종료
[2022-10-05 08:51:05.335][I][AutoBaseFunction.py(wrapper):10] Screen.MainWindow : keyReleaseEvent 실행 시작
[2022-10-05 08:51:05.336][I][AutoBaseFunction.py(wrapper):11] Parameter : <PyQt5.QtGui.QKeyEvent object at 0x00000136007444C8>
[2022-10-05 08:51:05.336][I][AutoBaseFunction.py(wrapper):17] Screen.MainWindow : keyReleaseEvent 실행 종료
[2022-10-05 08:51:05.367][I][AutoBaseFunction.py(wrapper):10] Screen.MainWindow : keyReleaseEvent 실행 시작
[2022-10-05 08:51:05.367][I][AutoBaseFunction.py(wrapper):11] Parameter : <PyQt5.QtGui.QKeyEvent object at 0x00000136007444C8>
[2022-10-05 08:51:05.368][I][AutoBaseFunction.py(wrapper):17] Screen.MainWindow : keyReleaseEvent 실행 종료
[2022-10-05 08:51:05.400][I][AutoBaseFunction.py(wrapper):10] Screen.MainWindow : keyReleaseEvent 실행 시작
[2022-10-05 08:51:05.400][I][AutoBaseFunction.py(wrapper):11] Parameter : <PyQt5.QtGui.QKeyEvent object at 0x00000136007444C8>
[2022-10-05 08:51:05.401][I][AutoBaseFunction.py(wrapper):17] Screen.MainWindow : keyReleaseEvent 실행 종료
[2022-10-05 08:51:05.430][I][AutoBaseFunction.py(wrapper):10] Screen.MainWindow : keyReleaseEvent 실행 시작
[2022-10-05 08:51:05.431][I][AutoBaseFunction.py(wrapper):11] Parameter : <PyQt5.QtGui.QKeyEvent object at 0x00000136007444C8>
[2022-10-05 08:51:05.431][I][AutoBaseFunction.py(wrapper):17] Screen.MainWindow : keyReleaseEvent 실행 종료
[2022-10-05 08:51:05.462][I][AutoBaseFunction.py(wrapper):10] Screen.MainWindow : keyReleaseEvent 실행 시작
[2022-10-05 08:51:05.463][I][AutoBaseFunction.py(wrapper):11] Parameter : <PyQt5.QtGui.QKeyEvent object at 0x00000136007444C8>
[2022-10-05 08:51:05.463][I][AutoBaseFunction.py(wrapper):17] Screen.MainWindow : keyReleaseEvent 실행 종료
[2022-10-05 08:51:05.494][I][AutoBaseFunction.py(wrapper):10] Screen.MainWindow : keyReleaseEvent 실행 시작
[2022-10-05 08:51:05.495][I][AutoBaseFunction.py(wrapper):11] Parameter : <PyQt5.QtGui.QKeyEvent object at 0x00000136007444C8>
[2022-10-05 08:51:05.495][I][AutoBaseFunction.py(wrapper):17] Screen.MainWindow : keyReleaseEvent 실행 종료
[2022-10-05 08:51:05.525][I][AutoBaseFunction.py(wrapper):10] Screen.MainWindow : keyReleaseEvent 실행 시작
[2022-10-05 08:51:05.526][I][AutoBaseFunction.py(wrapper):11] Parameter : <PyQt5.QtGui.QKeyEvent object at 0x00000136007444C8>
[2022-10-05 08:51:05.526][I][AutoBaseFunction.py(wrapper):17] Screen.MainWindow : keyReleaseEvent 실행 종료
[2022-10-05 08:51:05.555][I][AutoBaseFunction.py(wrapper):10] Screen.MainWindow : keyReleaseEvent 실행 시작
[2022-10-05 08:51:05.556][I][AutoBaseFunction.py(wrapper):11] Parameter : <PyQt5.QtGui.QKeyEvent object at 0x00000136007444C8>
[2022-10-05 08:51:05.556][I][AutoBaseFunction.py(wrapper):17] Screen.MainWindow : keyReleaseEvent 실행 종료
[2022-10-05 08:51:05.601][I][AutoBaseFunction.py(wrapper):10] Screen.MainWindow : keyReleaseEvent 실행 시작
[2022-10-05 08:51:05.601][I][AutoBaseFunction.py(wrapper):11] Parameter : <PyQt5.QtGui.QKeyEvent object at 0x00000136007444C8>
[2022-10-05 08:51:05.602][I][AutoBaseFunction.py(wrapper):17] Screen.MainWindow : keyReleaseEvent 실행 종료
[2022-10-05 08:51:05.634][I][AutoBaseFunction.py(wrapper):10] Screen.MainWindow : keyReleaseEvent 실행 시작
[2022-10-05 08:51:05.634][I][AutoBaseFunction.py(wrapper):11] Parameter : <PyQt5.QtGui.QKeyEvent object at 0x00000136007444C8>
[2022-10-05 08:51:05.635][I][AutoBaseFunction.py(wrapper):17] Screen.MainWindow : keyReleaseEvent 실행 종료
[2022-10-05 08:51:05.665][I][AutoBaseFunction.py(wrapper):10] Screen.MainWindow : keyReleaseEvent 실행 시작
[2022-10-05 08:51:05.666][I][AutoBaseFunction.py(wrapper):11] Parameter : <PyQt5.QtGui.QKeyEvent object at 0x00000136007444C8>
[2022-10-05 08:51:05.666][I][AutoBaseFunction.py(wrapper):17] Screen.MainWindow : keyReleaseEvent 실행 종료
[2022-10-05 08:51:05.696][I][AutoBaseFunction.py(wrapper):10] Screen.MainWindow : keyReleaseEvent 실행 시작
[2022-10-05 08:51:05.696][I][AutoBaseFunction.py(wrapper):11] Parameter : <PyQt5.QtGui.QKeyEvent object at 0x00000136007444C8>
[2022-10-05 08:51:05.697][I][AutoBaseFunction.py(wrapper):17] Screen.MainWindow : keyReleaseEvent 실행 종료
[2022-10-05 08:51:05.728][I][AutoBaseFunction.py(wrapper):10] Screen.MainWindow : keyReleaseEvent 실행 시작
[2022-10-05 08:51:05.729][I][AutoBaseFunction.py(wrapper):11] Parameter : <PyQt5.QtGui.QKeyEvent object at 0x00000136007444C8>
[2022-10-05 08:51:05.729][I][AutoBaseFunction.py(wrapper):17] Screen.MainWindow : keyReleaseEvent 실행 종료
[2022-10-05 08:51:05.758][I][AutoBaseFunction.py(wrapper):10] Screen.MainWindow : keyReleaseEvent 실행 시작
[2022-10-05 08:51:05.759][I][AutoBaseFunction.py(wrapper):11] Parameter : <PyQt5.QtGui.QKeyEvent object at 0x00000136007444C8>
[2022-10-05 08:51:05.759][I][AutoBaseFunction.py(wrapper):17] Screen.MainWindow : keyReleaseEvent 실행 종료
[2022-10-05 08:51:05.789][I][AutoBaseFunction.py(wrapper):10] Screen.MainWindow : keyReleaseEvent 실행 시작
[2022-10-05 08:51:05.789][I][AutoBaseFunction.py(wrapper):11] Parameter : <PyQt5.QtGui.QKeyEvent object at 0x00000136007444C8>
[2022-10-05 08:51:05.790][I][AutoBaseFunction.py(wrapper):17] Screen.MainWindow : keyReleaseEvent 실행 종료
[2022-10-05 08:51:05.820][I][AutoBaseFunction.py(wrapper):10] Screen.MainWindow : keyReleaseEvent 실행 시작
[2022-10-05 08:51:05.821][I][AutoBaseFunction.py(wrapper):11] Parameter : <PyQt5.QtGui.QKeyEvent object at 0x00000136007444C8>
[2022-10-05 08:51:05.821][I][AutoBaseFunction.py(wrapper):17] Screen.MainWindow : keyReleaseEvent 실행 종료
[2022-10-05 08:51:05.852][I][AutoBaseFunction.py(wrapper):10] Screen.MainWindow : keyReleaseEvent 실행 시작
[2022-10-05 08:51:05.852][I][AutoBaseFunction.py(wrapper):11] Parameter : <PyQt5.QtGui.QKeyEvent object at 0x00000136007444C8>
[2022-10-05 08:51:05.853][I][AutoBaseFunction.py(wrapper):17] Screen.MainWindow : keyReleaseEvent 실행 종료
[2022-10-05 08:51:05.885][I][AutoBaseFunction.py(wrapper):10] Screen.MainWindow : keyReleaseEvent 실행 시작
[2022-10-05 08:51:05.885][I][AutoBaseFunction.py(wrapper):11] Parameter : <PyQt5.QtGui.QKeyEvent object at 0x00000136007444C8>
[2022-10-05 08:51:05.885][I][AutoBaseFunction.py(wrapper):17] Screen.MainWindow : keyReleaseEvent 실행 종료
[2022-10-05 08:51:05.931][I][AutoBaseFunction.py(wrapper):10] Screen.MainWindow : keyReleaseEvent 실행 시작
[2022-10-05 08:51:05.932][I][AutoBaseFunction.py(wrapper):11] Parameter : <PyQt5.QtGui.QKeyEvent object at 0x00000136007444C8>
[2022-10-05 08:51:05.932][I][AutoBaseFunction.py(wrapper):17] Screen.MainWindow : keyReleaseEvent 실행 종료
[2022-10-05 08:51:05.962][I][AutoBaseFunction.py(wrapper):10] Screen.MainWindow : keyReleaseEvent 실행 시작
[2022-10-05 08:51:05.962][I][AutoBaseFunction.py(wrapper):11] Parameter : <PyQt5.QtGui.QKeyEvent object at 0x00000136007444C8>
[2022-10-05 08:51:05.963][I][AutoBaseFunction.py(wrapper):17] Screen.MainWindow : keyReleaseEvent 실행 종료
[2022-10-05 08:51:05.994][I][AutoBaseFunction.py(wrapper):10] Screen.MainWindow : keyReleaseEvent 실행 시작
[2022-10-05 08:51:05.995][I][AutoBaseFunction.py(wrapper):11] Parameter : <PyQt5.QtGui.QKeyEvent object at 0x00000136007444C8>
[2022-10-05 08:51:05.995][I][AutoBaseFunction.py(wrapper):17] Screen.MainWindow : keyReleaseEvent 실행 종료
[2022-10-05 08:51:06.026][I][AutoBaseFunction.py(wrapper):10] Screen.MainWindow : keyReleaseEvent 실행 시작
[2022-10-05 08:51:06.026][I][AutoBaseFunction.py(wrapper):11] Parameter : <PyQt5.QtGui.QKeyEvent object at 0x00000136007444C8>
[2022-10-05 08:51:06.026][I][AutoBaseFunction.py(wrapper):17] Screen.MainWindow : keyReleaseEvent 실행 종료
[2022-10-05 08:51:06.057][I][AutoBaseFunction.py(wrapper):10] Screen.MainWindow : keyReleaseEvent 실행 시작
[2022-10-05 08:51:06.057][I][AutoBaseFunction.py(wrapper):11] Parameter : <PyQt5.QtGui.QKeyEvent object at 0x00000136007444C8>
[2022-10-05 08:51:06.058][I][AutoBaseFunction.py(wrapper):17] Screen.MainWindow : keyReleaseEvent 실행 종료
[2022-10-05 08:51:06.086][I][AutoBaseFunction.py(wrapper):10] Screen.MainWindow : keyReleaseEvent 실행 시작
[2022-10-05 08:51:06.087][I][AutoBaseFunction.py(wrapper):11] Parameter : <PyQt5.QtGui.QKeyEvent object at 0x00000136007444C8>
[2022-10-05 08:51:06.087][I][AutoBaseFunction.py(wrapper):17] Screen.MainWindow : keyReleaseEvent 실행 종료
[2022-10-05 08:51:06.120][I][AutoBaseFunction.py(wrapper):10] Screen.MainWindow : keyReleaseEvent 실행 시작
[2022-10-05 08:51:06.120][I][AutoBaseFunction.py(wrapper):11] Parameter : <PyQt5.QtGui.QKeyEvent object at 0x00000136007444C8>
[2022-10-05 08:51:06.121][I][AutoBaseFunction.py(wrapper):17] Screen.MainWindow : keyReleaseEvent 실행 종료
[2022-10-05 08:51:06.151][I][AutoBaseFunction.py(wrapper):10] Screen.MainWindow : keyReleaseEvent 실행 시작
[2022-10-05 08:51:06.152][I][AutoBaseFunction.py(wrapper):11] Parameter : <PyQt5.QtGui.QKeyEvent object at 0x00000136007444C8>
[2022-10-05 08:51:06.152][I][AutoBaseFunction.py(wrapper):17] Screen.MainWindow : keyReleaseEvent 실행 종료
[2022-10-05 08:51:06.182][I][AutoBaseFunction.py(wrapper):10] Screen.MainWindow : keyReleaseEvent 실행 시작
[2022-10-05 08:51:06.183][I][AutoBaseFunction.py(wrapper):11] Parameter : <PyQt5.QtGui.QKeyEvent object at 0x00000136007444C8>
[2022-10-05 08:51:06.183][I][AutoBaseFunction.py(wrapper):17] Screen.MainWindow : keyReleaseEvent 실행 종료
[2022-10-05 08:51:06.215][I][AutoBaseFunction.py(wrapper):10] Screen.MainWindow : keyReleaseEvent 실행 시작
[2022-10-05 08:51:06.215][I][AutoBaseFunction.py(wrapper):11] Parameter : <PyQt5.QtGui.QKeyEvent object at 0x00000136007444C8>
[2022-10-05 08:51:06.215][I][AutoBaseFunction.py(wrapper):17] Screen.MainWindow : keyReleaseEvent 실행 종료
[2022-10-05 08:51:06.249][I][AutoBaseFunction.py(wrapper):10] Screen.MainWindow : keyReleaseEvent 실행 시작
[2022-10-05 08:51:06.249][I][AutoBaseFunction.py(wrapper):11] Parameter : <PyQt5.QtGui.QKeyEvent object at 0x00000136007444C8>
[2022-10-05 08:51:06.250][I][AutoBaseFunction.py(wrapper):17] Screen.MainWindow : keyReleaseEvent 실행 종료
[2022-10-05 08:51:07.609][I][AutoBaseFunction.py(wrapper):10] Screen.MainWindow : closeEvent 실행 시작
[2022-10-05 08:51:07.610][I][AutoBaseFunction.py(wrapper):11] Parameter : <PyQt5.QtGui.QCloseEvent object at 0x00000136007444C8>
