[2022-09-23 09:58:40.538][D][LogManager.py(Init):12] LogManager Init function called !!!
[2022-09-23 09:58:40.551][I][AutoBaseFunction.py(wrapper):7] Screen.MainWindow : setupUi 실행 시작
[2022-09-23 09:58:40.551][I][AutoBaseFunction.py(wrapper):8] Parameter : 
[2022-09-23 09:58:40.567][I][AutoBaseFunction.py(wrapper):7] Screen.MainWindow : set_field 실행 시작
[2022-09-23 09:58:40.567][I][AutoBaseFunction.py(wrapper):8] Parameter : 
[2022-09-23 09:58:40.594][I][AutoBaseFunction.py(wrapper):14] Screen.MainWindow : set_field 실행 종료
[2022-09-23 09:58:40.594][I][AutoBaseFunction.py(wrapper):7] Screen.MainWindow : setWidget_func 실행 시작
[2022-09-23 09:58:40.594][I][AutoBaseFunction.py(wrapper):8] Parameter : 
[2022-09-23 09:58:40.596][I][AutoBaseFunction.py(wrapper):14] Screen.MainWindow : setWidget_func 실행 종료
[2022-09-23 09:58:40.598][I][AutoBaseFunction.py(wrapper):14] Screen.MainWindow : setupUi 실행 종료
[2022-09-23 09:58:40.603][I][AutoBaseFunction.py(wrapper):7] __main__ : __set_slot 실행 시작
[2022-09-23 09:58:40.604][I][AutoBaseFunction.py(wrapper):8] Parameter : 
[2022-09-23 09:58:40.604][I][AutoBaseFunction.py(wrapper):14] __main__ : __set_slot 실행 종료
[2022-09-23 09:58:40.604][I][AutoBaseFunction.py(wrapper):7] __main__ : __wigets_setupUi 실행 시작
[2022-09-23 09:58:40.605][I][AutoBaseFunction.py(wrapper):8] Parameter : 
[2022-09-23 09:58:40.605][I][AutoBaseFunction.py(wrapper):7] Screen.Setup_Language : setupUI_Language 실행 시작
[2022-09-23 09:58:40.605][I][AutoBaseFunction.py(wrapper):8] Parameter : 
[2022-09-23 09:58:40.606][I][AutoBaseFunction.py(wrapper):7] Screen.Setup_Language : sl_set_slot 실행 시작
[2022-09-23 09:58:40.607][I][AutoBaseFunction.py(wrapper):8] Parameter : 
[2022-09-23 09:58:40.607][I][AutoBaseFunction.py(wrapper):14] Screen.Setup_Language : sl_set_slot 실행 종료
[2022-09-23 09:58:40.607][I][AutoBaseFunction.py(wrapper):14] Screen.Setup_Language : setupUI_Language 실행 종료
[2022-09-23 09:58:40.607][I][AutoBaseFunction.py(wrapper):7] Screen.Menu_CreateExcel : setupUI_CreateExcel 실행 시작
[2022-09-23 09:58:40.608][I][AutoBaseFunction.py(wrapper):8] Parameter : 
[2022-09-23 09:58:40.608][I][AutoBaseFunction.py(wrapper):7] Screen.Menu_CreateExcel : new_excel_func 실행 시작
[2022-09-23 09:58:40.609][I][AutoBaseFunction.py(wrapper):8] Parameter : 
[2022-09-23 09:58:40.609][I][AutoBaseFunction.py(wrapper):14] Screen.Menu_CreateExcel : new_excel_func 실행 종료
[2022-09-23 09:58:40.609][I][AutoBaseFunction.py(wrapper):7] Screen.Menu_CreateExcel : set_excel_func 실행 시작
[2022-09-23 09:58:40.609][I][AutoBaseFunction.py(wrapper):8] Parameter : 
[2022-09-23 09:58:40.610][I][AutoBaseFunction.py(wrapper):14] Screen.Menu_CreateExcel : set_excel_func 실행 종료
[2022-09-23 09:58:40.610][I][AutoBaseFunction.py(wrapper):14] Screen.Menu_CreateExcel : setupUI_CreateExcel 실행 종료
[2022-09-23 09:58:40.610][I][AutoBaseFunction.py(wrapper):7] Screen.Setup_Field : setupUI_Field 실행 시작
[2022-09-23 09:58:40.610][I][AutoBaseFunction.py(wrapper):8] Parameter : 
[2022-09-23 09:58:40.611][I][AutoBaseFunction.py(wrapper):7] Screen.Setup_Field : set_data 실행 시작
[2022-09-23 09:58:40.611][I][AutoBaseFunction.py(wrapper):8] Parameter : 
[2022-09-23 09:58:40.611][I][AutoBaseFunction.py(wrapper):14] Screen.Setup_Field : set_data 실행 종료
[2022-09-23 09:58:40.867][I][AutoBaseFunction.py(wrapper):7] Screen.Setup_Field : set_data 실행 시작
[2022-09-23 09:58:40.868][I][AutoBaseFunction.py(wrapper):8] Parameter : 
[2022-09-23 09:58:40.868][I][AutoBaseFunction.py(wrapper):14] Screen.Setup_Field : set_data 실행 종료
[2022-09-23 09:58:40.869][I][AutoBaseFunction.py(wrapper):7] Screen.Setup_Field : set_data 실행 시작
[2022-09-23 09:58:40.869][I][AutoBaseFunction.py(wrapper):8] Parameter : 
[2022-09-23 09:58:40.869][I][AutoBaseFunction.py(wrapper):14] Screen.Setup_Field : set_data 실행 종료
[2022-09-23 09:58:40.870][I][AutoBaseFunction.py(wrapper):7] Screen.Setup_Field : set_data 실행 시작
[2022-09-23 09:58:40.870][I][AutoBaseFunction.py(wrapper):8] Parameter : 
[2022-09-23 09:58:40.870][I][AutoBaseFunction.py(wrapper):14] Screen.Setup_Field : set_data 실행 종료
[2022-09-23 09:58:40.871][I][AutoBaseFunction.py(wrapper):7] Screen.Setup_Field : set_data 실행 시작
[2022-09-23 09:58:40.871][I][AutoBaseFunction.py(wrapper):8] Parameter : 
[2022-09-23 09:58:40.871][I][AutoBaseFunction.py(wrapper):14] Screen.Setup_Field : set_data 실행 종료
[2022-09-23 09:58:40.871][I][AutoBaseFunction.py(wrapper):7] Screen.Setup_Field : set_data 실행 시작
[2022-09-23 09:58:40.872][I][AutoBaseFunction.py(wrapper):8] Parameter : 
[2022-09-23 09:58:40.872][I][AutoBaseFunction.py(wrapper):14] Screen.Setup_Field : set_data 실행 종료
[2022-09-23 09:58:40.872][I][AutoBaseFunction.py(wrapper):7] Screen.Setup_Field : sl_set_slot 실행 시작
[2022-09-23 09:58:40.872][I][AutoBaseFunction.py(wrapper):8] Parameter : 
[2022-09-23 09:58:40.873][I][AutoBaseFunction.py(wrapper):14] Screen.Setup_Field : sl_set_slot 실행 종료
[2022-09-23 09:58:40.873][I][AutoBaseFunction.py(wrapper):14] Screen.Setup_Field : setupUI_Field 실행 종료
[2022-09-23 09:58:40.873][I][AutoBaseFunction.py(wrapper):7] Screen.Setup_TestList : setupUI_TestList 실행 시작
[2022-09-23 09:58:40.873][I][AutoBaseFunction.py(wrapper):8] Parameter : 
[2022-09-23 09:58:40.874][I][AutoBaseFunction.py(wrapper):7] Screen.Setup_TestList : btn_set_slot 실행 시작
[2022-09-23 09:58:40.874][I][AutoBaseFunction.py(wrapper):8] Parameter : 
[2022-09-23 09:58:40.875][I][AutoBaseFunction.py(wrapper):14] Screen.Setup_TestList : btn_set_slot 실행 종료
[2022-09-23 09:58:40.875][I][AutoBaseFunction.py(wrapper):14] Screen.Setup_TestList : setupUI_TestList 실행 종료
[2022-09-23 09:58:40.875][I][AutoBaseFunction.py(wrapper):14] __main__ : __wigets_setupUi 실행 종료
[2022-09-23 09:58:42.338][I][AutoBaseFunction.py(wrapper):7] Screen.MainWindow : update_open_menu 실행 시작
[2022-09-23 09:58:42.338][I][AutoBaseFunction.py(wrapper):8] Parameter : 
[2022-09-23 09:58:42.339][I][AutoBaseFunction.py(wrapper):14] Screen.MainWindow : update_open_menu 실행 종료
