[2022-09-22 09:37:13.445][D][LogManager.py(Init):12] LogManager Init function called !!!
[2022-09-22 09:37:13.458][I][AutoBaseFunction.py(wrapper):7] Screen.MainWindow : setupUi 실행 시작
[2022-09-22 09:37:13.459][I][AutoBaseFunction.py(wrapper):8] Parameter : 
[2022-09-22 09:37:13.477][I][AutoBaseFunction.py(wrapper):7] Screen.MainWindow : set_field 실행 시작
[2022-09-22 09:37:13.478][I][AutoBaseFunction.py(wrapper):8] Parameter : 
[2022-09-22 09:37:13.506][I][AutoBaseFunction.py(wrapper):14] Screen.MainWindow : set_field 실행 종료
[2022-09-22 09:37:13.507][I][AutoBaseFunction.py(wrapper):7] Screen.MainWindow : setWidget_func 실행 시작
[2022-09-22 09:37:13.507][I][AutoBaseFunction.py(wrapper):8] Parameter : 
[2022-09-22 09:37:13.508][I][AutoBaseFunction.py(wrapper):14] Screen.MainWindow : setWidget_func 실행 종료
[2022-09-22 09:37:13.511][I][AutoBaseFunction.py(wrapper):14] Screen.MainWindow : setupUi 실행 종료
[2022-09-22 09:37:13.517][I][AutoBaseFunction.py(wrapper):7] __main__ : __set_slot 실행 시작
[2022-09-22 09:37:13.518][I][AutoBaseFunction.py(wrapper):8] Parameter : 
[2022-09-22 09:37:13.518][I][AutoBaseFunction.py(wrapper):14] __main__ : __set_slot 실행 종료
[2022-09-22 09:37:13.519][I][AutoBaseFunction.py(wrapper):7] __main__ : __wigets_setupUi 실행 시작
[2022-09-22 09:37:13.519][I][AutoBaseFunction.py(wrapper):8] Parameter : 
[2022-09-22 09:37:13.519][I][AutoBaseFunction.py(wrapper):7] Screen.Setup_Language : setupUI_Language 실행 시작
[2022-09-22 09:37:13.519][I][AutoBaseFunction.py(wrapper):8] Parameter : 
[2022-09-22 09:37:13.520][I][AutoBaseFunction.py(wrapper):7] Screen.Setup_Language : sl_set_slot 실행 시작
[2022-09-22 09:37:13.520][I][AutoBaseFunction.py(wrapper):8] Parameter : 
[2022-09-22 09:37:13.521][I][AutoBaseFunction.py(wrapper):14] Screen.Setup_Language : sl_set_slot 실행 종료
[2022-09-22 09:37:13.521][I][AutoBaseFunction.py(wrapper):14] Screen.Setup_Language : setupUI_Language 실행 종료
[2022-09-22 09:37:13.521][I][AutoBaseFunction.py(wrapper):7] Screen.Menu_CreateExcel : setupUI_CreateExcel 실행 시작
[2022-09-22 09:37:13.521][I][AutoBaseFunction.py(wrapper):8] Parameter : 
[2022-09-22 09:37:13.523][I][AutoBaseFunction.py(wrapper):7] Screen.Menu_CreateExcel : new_excel_func 실행 시작
[2022-09-22 09:37:13.523][I][AutoBaseFunction.py(wrapper):8] Parameter : 
[2022-09-22 09:37:13.524][I][AutoBaseFunction.py(wrapper):14] Screen.Menu_CreateExcel : new_excel_func 실행 종료
[2022-09-22 09:37:13.524][I][AutoBaseFunction.py(wrapper):7] Screen.Menu_CreateExcel : set_excel_func 실행 시작
[2022-09-22 09:37:13.524][I][AutoBaseFunction.py(wrapper):8] Parameter : 
[2022-09-22 09:37:13.524][I][AutoBaseFunction.py(wrapper):14] Screen.Menu_CreateExcel : set_excel_func 실행 종료
[2022-09-22 09:37:13.525][I][AutoBaseFunction.py(wrapper):14] Screen.Menu_CreateExcel : setupUI_CreateExcel 실행 종료
[2022-09-22 09:37:13.525][I][AutoBaseFunction.py(wrapper):7] Screen.Setup_Field : setupUI_Field 실행 시작
[2022-09-22 09:37:13.525][I][AutoBaseFunction.py(wrapper):8] Parameter : 
[2022-09-22 09:37:13.526][I][AutoBaseFunction.py(wrapper):7] Screen.Setup_Field : set_data 실행 시작
[2022-09-22 09:37:13.526][I][AutoBaseFunction.py(wrapper):8] Parameter : 
[2022-09-22 09:37:13.526][I][AutoBaseFunction.py(wrapper):14] Screen.Setup_Field : set_data 실행 종료
[2022-09-22 09:37:13.768][I][AutoBaseFunction.py(wrapper):7] Screen.Setup_Field : set_data 실행 시작
[2022-09-22 09:37:13.769][I][AutoBaseFunction.py(wrapper):8] Parameter : 
[2022-09-22 09:37:13.769][I][AutoBaseFunction.py(wrapper):14] Screen.Setup_Field : set_data 실행 종료
[2022-09-22 09:37:13.770][I][AutoBaseFunction.py(wrapper):7] Screen.Setup_Field : set_data 실행 시작
[2022-09-22 09:37:13.770][I][AutoBaseFunction.py(wrapper):8] Parameter : 
[2022-09-22 09:37:13.770][I][AutoBaseFunction.py(wrapper):14] Screen.Setup_Field : set_data 실행 종료
[2022-09-22 09:37:13.771][I][AutoBaseFunction.py(wrapper):7] Screen.Setup_Field : set_data 실행 시작
[2022-09-22 09:37:13.771][I][AutoBaseFunction.py(wrapper):8] Parameter : 
[2022-09-22 09:37:13.771][I][AutoBaseFunction.py(wrapper):14] Screen.Setup_Field : set_data 실행 종료
[2022-09-22 09:37:13.772][I][AutoBaseFunction.py(wrapper):7] Screen.Setup_Field : set_data 실행 시작
[2022-09-22 09:37:13.772][I][AutoBaseFunction.py(wrapper):8] Parameter : 
[2022-09-22 09:37:13.772][I][AutoBaseFunction.py(wrapper):14] Screen.Setup_Field : set_data 실행 종료
[2022-09-22 09:37:13.773][I][AutoBaseFunction.py(wrapper):7] Screen.Setup_Field : set_data 실행 시작
[2022-09-22 09:37:13.773][I][AutoBaseFunction.py(wrapper):8] Parameter : 
[2022-09-22 09:37:13.773][I][AutoBaseFunction.py(wrapper):14] Screen.Setup_Field : set_data 실행 종료
[2022-09-22 09:37:13.773][I][AutoBaseFunction.py(wrapper):7] Screen.Setup_Field : sl_set_slot 실행 시작
[2022-09-22 09:37:13.773][I][AutoBaseFunction.py(wrapper):8] Parameter : 
[2022-09-22 09:37:13.774][I][AutoBaseFunction.py(wrapper):14] Screen.Setup_Field : sl_set_slot 실행 종료
[2022-09-22 09:37:13.774][I][AutoBaseFunction.py(wrapper):14] Screen.Setup_Field : setupUI_Field 실행 종료
[2022-09-22 09:37:13.774][I][AutoBaseFunction.py(wrapper):7] Screen.Setup_TestList : setupUI_TestList 실행 시작
[2022-09-22 09:37:13.774][I][AutoBaseFunction.py(wrapper):8] Parameter : 
[2022-09-22 09:37:13.775][I][AutoBaseFunction.py(wrapper):7] Screen.Setup_TestList : btn_set_slot 실행 시작
[2022-09-22 09:37:13.776][I][AutoBaseFunction.py(wrapper):8] Parameter : 
[2022-09-22 09:37:13.776][I][AutoBaseFunction.py(wrapper):14] Screen.Setup_TestList : btn_set_slot 실행 종료
[2022-09-22 09:37:13.776][I][AutoBaseFunction.py(wrapper):14] Screen.Setup_TestList : setupUI_TestList 실행 종료
[2022-09-22 09:37:13.776][I][AutoBaseFunction.py(wrapper):14] __main__ : __wigets_setupUi 실행 종료
[2022-09-22 09:37:18.985][I][AutoBaseFunction.py(wrapper):7] Screen.MainWindow : closeEvent 실행 시작
[2022-09-22 09:37:18.985][I][AutoBaseFunction.py(wrapper):8] Parameter : <PyQt5.QtGui.QCloseEvent object at 0x0000020D5A14DA68>
