[2022-09-22 10:20:27.499][D][LogManager.py(Init):12] LogManager Init function called !!!
[2022-09-22 10:20:27.512][I][AutoBaseFunction.py(wrapper):7] Screen.MainWindow : setupUi 실행 시작
[2022-09-22 10:20:27.512][I][AutoBaseFunction.py(wrapper):8] Parameter : 
[2022-09-22 10:20:27.529][I][AutoBaseFunction.py(wrapper):7] Screen.MainWindow : set_field 실행 시작
[2022-09-22 10:20:27.530][I][AutoBaseFunction.py(wrapper):8] Parameter : 
[2022-09-22 10:20:27.556][I][AutoBaseFunction.py(wrapper):14] Screen.MainWindow : set_field 실행 종료
[2022-09-22 10:20:27.556][I][AutoBaseFunction.py(wrapper):7] Screen.MainWindow : setWidget_func 실행 시작
[2022-09-22 10:20:27.557][I][AutoBaseFunction.py(wrapper):8] Parameter : 
[2022-09-22 10:20:27.558][I][AutoBaseFunction.py(wrapper):14] Screen.MainWindow : setWidget_func 실행 종료
[2022-09-22 10:20:27.560][I][AutoBaseFunction.py(wrapper):14] Screen.MainWindow : setupUi 실행 종료
[2022-09-22 10:20:27.566][I][AutoBaseFunction.py(wrapper):7] __main__ : __set_slot 실행 시작
[2022-09-22 10:20:27.567][I][AutoBaseFunction.py(wrapper):8] Parameter : 
[2022-09-22 10:20:27.567][I][AutoBaseFunction.py(wrapper):14] __main__ : __set_slot 실행 종료
[2022-09-22 10:20:27.568][I][AutoBaseFunction.py(wrapper):7] __main__ : __wigets_setupUi 실행 시작
[2022-09-22 10:20:27.568][I][AutoBaseFunction.py(wrapper):8] Parameter : 
[2022-09-22 10:20:27.568][I][AutoBaseFunction.py(wrapper):7] Screen.Setup_Language : setupUI_Language 실행 시작
[2022-09-22 10:20:27.568][I][AutoBaseFunction.py(wrapper):8] Parameter : 
[2022-09-22 10:20:27.569][I][AutoBaseFunction.py(wrapper):7] Screen.Setup_Language : sl_set_slot 실행 시작
[2022-09-22 10:20:27.569][I][AutoBaseFunction.py(wrapper):8] Parameter : 
[2022-09-22 10:20:27.569][I][AutoBaseFunction.py(wrapper):14] Screen.Setup_Language : sl_set_slot 실행 종료
[2022-09-22 10:20:27.570][I][AutoBaseFunction.py(wrapper):14] Screen.Setup_Language : setupUI_Language 실행 종료
[2022-09-22 10:20:27.570][I][AutoBaseFunction.py(wrapper):7] Screen.Menu_CreateExcel : setupUI_CreateExcel 실행 시작
[2022-09-22 10:20:27.570][I][AutoBaseFunction.py(wrapper):8] Parameter : 
[2022-09-22 10:20:27.571][I][AutoBaseFunction.py(wrapper):7] Screen.Menu_CreateExcel : new_excel_func 실행 시작
[2022-09-22 10:20:27.572][I][AutoBaseFunction.py(wrapper):8] Parameter : 
[2022-09-22 10:20:27.572][I][AutoBaseFunction.py(wrapper):14] Screen.Menu_CreateExcel : new_excel_func 실행 종료
[2022-09-22 10:20:27.572][I][AutoBaseFunction.py(wrapper):7] Screen.Menu_CreateExcel : set_excel_func 실행 시작
[2022-09-22 10:20:27.572][I][AutoBaseFunction.py(wrapper):8] Parameter : 
[2022-09-22 10:20:27.573][I][AutoBaseFunction.py(wrapper):14] Screen.Menu_CreateExcel : set_excel_func 실행 종료
[2022-09-22 10:20:27.573][I][AutoBaseFunction.py(wrapper):14] Screen.Menu_CreateExcel : setupUI_CreateExcel 실행 종료
[2022-09-22 10:20:27.573][I][AutoBaseFunction.py(wrapper):7] Screen.Setup_Field : setupUI_Field 실행 시작
[2022-09-22 10:20:27.574][I][AutoBaseFunction.py(wrapper):8] Parameter : 
[2022-09-22 10:20:27.574][I][AutoBaseFunction.py(wrapper):7] Screen.Setup_Field : set_data 실행 시작
[2022-09-22 10:20:27.575][I][AutoBaseFunction.py(wrapper):8] Parameter : 
[2022-09-22 10:20:27.575][I][AutoBaseFunction.py(wrapper):14] Screen.Setup_Field : set_data 실행 종료
[2022-09-22 10:20:27.799][I][AutoBaseFunction.py(wrapper):7] Screen.Setup_Field : set_data 실행 시작
[2022-09-22 10:20:27.799][I][AutoBaseFunction.py(wrapper):8] Parameter : 
[2022-09-22 10:20:27.800][I][AutoBaseFunction.py(wrapper):14] Screen.Setup_Field : set_data 실행 종료
[2022-09-22 10:20:27.800][I][AutoBaseFunction.py(wrapper):7] Screen.Setup_Field : set_data 실행 시작
[2022-09-22 10:20:27.800][I][AutoBaseFunction.py(wrapper):8] Parameter : 
[2022-09-22 10:20:27.801][I][AutoBaseFunction.py(wrapper):14] Screen.Setup_Field : set_data 실행 종료
[2022-09-22 10:20:27.801][I][AutoBaseFunction.py(wrapper):7] Screen.Setup_Field : set_data 실행 시작
[2022-09-22 10:20:27.801][I][AutoBaseFunction.py(wrapper):8] Parameter : 
[2022-09-22 10:20:27.801][I][AutoBaseFunction.py(wrapper):14] Screen.Setup_Field : set_data 실행 종료
[2022-09-22 10:20:27.802][I][AutoBaseFunction.py(wrapper):7] Screen.Setup_Field : set_data 실행 시작
[2022-09-22 10:20:27.802][I][AutoBaseFunction.py(wrapper):8] Parameter : 
[2022-09-22 10:20:27.802][I][AutoBaseFunction.py(wrapper):14] Screen.Setup_Field : set_data 실행 종료
[2022-09-22 10:20:27.802][I][AutoBaseFunction.py(wrapper):7] Screen.Setup_Field : set_data 실행 시작
[2022-09-22 10:20:27.803][I][AutoBaseFunction.py(wrapper):8] Parameter : 
[2022-09-22 10:20:27.803][I][AutoBaseFunction.py(wrapper):14] Screen.Setup_Field : set_data 실행 종료
[2022-09-22 10:20:27.803][I][AutoBaseFunction.py(wrapper):7] Screen.Setup_Field : sl_set_slot 실행 시작
[2022-09-22 10:20:27.803][I][AutoBaseFunction.py(wrapper):8] Parameter : 
[2022-09-22 10:20:27.804][I][AutoBaseFunction.py(wrapper):14] Screen.Setup_Field : sl_set_slot 실행 종료
[2022-09-22 10:20:27.804][I][AutoBaseFunction.py(wrapper):14] Screen.Setup_Field : setupUI_Field 실행 종료
[2022-09-22 10:20:27.804][I][AutoBaseFunction.py(wrapper):7] Screen.Setup_TestList : setupUI_TestList 실행 시작
[2022-09-22 10:20:27.804][I][AutoBaseFunction.py(wrapper):8] Parameter : 
[2022-09-22 10:20:27.806][I][AutoBaseFunction.py(wrapper):7] Screen.Setup_TestList : btn_set_slot 실행 시작
[2022-09-22 10:20:27.806][I][AutoBaseFunction.py(wrapper):8] Parameter : 
[2022-09-22 10:20:27.806][I][AutoBaseFunction.py(wrapper):14] Screen.Setup_TestList : btn_set_slot 실행 종료
[2022-09-22 10:20:27.812][I][AutoBaseFunction.py(wrapper):14] Screen.Setup_TestList : setupUI_TestList 실행 종료
[2022-09-22 10:20:27.813][I][AutoBaseFunction.py(wrapper):14] __main__ : __wigets_setupUi 실행 종료
[2022-09-22 10:20:28.698][I][AutoBaseFunction.py(wrapper):7] Screen.MainWindow : update_open_menu 실행 시작
[2022-09-22 10:20:28.698][I][AutoBaseFunction.py(wrapper):8] Parameter : 
[2022-09-22 10:20:28.700][I][AutoBaseFunction.py(wrapper):14] Screen.MainWindow : update_open_menu 실행 종료
