[2022-09-22 09:50:15.604][D][LogManager.py(Init):12] LogManager Init function called !!!
[2022-09-22 09:50:15.615][I][AutoBaseFunction.py(wrapper):7] Screen.MainWindow : setupUi 실행 시작
[2022-09-22 09:50:15.616][I][AutoBaseFunction.py(wrapper):8] Parameter : 
[2022-09-22 09:50:15.631][I][AutoBaseFunction.py(wrapper):7] Screen.MainWindow : set_field 실행 시작
[2022-09-22 09:50:15.632][I][AutoBaseFunction.py(wrapper):8] Parameter : 
[2022-09-22 09:50:15.659][I][AutoBaseFunction.py(wrapper):14] Screen.MainWindow : set_field 실행 종료
[2022-09-22 09:50:15.659][I][AutoBaseFunction.py(wrapper):7] Screen.MainWindow : setWidget_func 실행 시작
[2022-09-22 09:50:15.659][I][AutoBaseFunction.py(wrapper):8] Parameter : 
[2022-09-22 09:50:15.661][I][AutoBaseFunction.py(wrapper):14] Screen.MainWindow : setWidget_func 실행 종료
[2022-09-22 09:50:15.665][I][AutoBaseFunction.py(wrapper):14] Screen.MainWindow : setupUi 실행 종료
[2022-09-22 09:50:15.675][I][AutoBaseFunction.py(wrapper):7] __main__ : __set_slot 실행 시작
[2022-09-22 09:50:15.676][I][AutoBaseFunction.py(wrapper):8] Parameter : 
[2022-09-22 09:50:15.676][I][AutoBaseFunction.py(wrapper):14] __main__ : __set_slot 실행 종료
[2022-09-22 09:50:15.677][I][AutoBaseFunction.py(wrapper):7] __main__ : __wigets_setupUi 실행 시작
[2022-09-22 09:50:15.677][I][AutoBaseFunction.py(wrapper):8] Parameter : 
[2022-09-22 09:50:15.677][I][AutoBaseFunction.py(wrapper):7] Screen.Setup_Language : setupUI_Language 실행 시작
[2022-09-22 09:50:15.678][I][AutoBaseFunction.py(wrapper):8] Parameter : 
[2022-09-22 09:50:15.678][I][AutoBaseFunction.py(wrapper):7] Screen.Setup_Language : sl_set_slot 실행 시작
[2022-09-22 09:50:15.678][I][AutoBaseFunction.py(wrapper):8] Parameter : 
[2022-09-22 09:50:15.679][I][AutoBaseFunction.py(wrapper):14] Screen.Setup_Language : sl_set_slot 실행 종료
[2022-09-22 09:50:15.679][I][AutoBaseFunction.py(wrapper):14] Screen.Setup_Language : setupUI_Language 실행 종료
[2022-09-22 09:50:15.679][I][AutoBaseFunction.py(wrapper):7] Screen.Menu_CreateExcel : setupUI_CreateExcel 실행 시작
[2022-09-22 09:50:15.680][I][AutoBaseFunction.py(wrapper):8] Parameter : 
[2022-09-22 09:50:15.681][I][AutoBaseFunction.py(wrapper):7] Screen.Menu_CreateExcel : new_excel_func 실행 시작
[2022-09-22 09:50:15.681][I][AutoBaseFunction.py(wrapper):8] Parameter : 
[2022-09-22 09:50:15.682][I][AutoBaseFunction.py(wrapper):14] Screen.Menu_CreateExcel : new_excel_func 실행 종료
[2022-09-22 09:50:15.682][I][AutoBaseFunction.py(wrapper):7] Screen.Menu_CreateExcel : set_excel_func 실행 시작
[2022-09-22 09:50:15.682][I][AutoBaseFunction.py(wrapper):8] Parameter : 
[2022-09-22 09:50:15.683][I][AutoBaseFunction.py(wrapper):14] Screen.Menu_CreateExcel : set_excel_func 실행 종료
[2022-09-22 09:50:15.683][I][AutoBaseFunction.py(wrapper):14] Screen.Menu_CreateExcel : setupUI_CreateExcel 실행 종료
[2022-09-22 09:50:15.683][I][AutoBaseFunction.py(wrapper):7] Screen.Setup_Field : setupUI_Field 실행 시작
[2022-09-22 09:50:15.684][I][AutoBaseFunction.py(wrapper):8] Parameter : 
[2022-09-22 09:50:15.684][I][AutoBaseFunction.py(wrapper):7] Screen.Setup_Field : set_data 실행 시작
[2022-09-22 09:50:15.684][I][AutoBaseFunction.py(wrapper):8] Parameter : 
[2022-09-22 09:50:15.685][I][AutoBaseFunction.py(wrapper):14] Screen.Setup_Field : set_data 실행 종료
[2022-09-22 09:50:15.927][I][AutoBaseFunction.py(wrapper):7] Screen.Setup_Field : set_data 실행 시작
[2022-09-22 09:50:15.927][I][AutoBaseFunction.py(wrapper):8] Parameter : 
[2022-09-22 09:50:15.927][I][AutoBaseFunction.py(wrapper):14] Screen.Setup_Field : set_data 실행 종료
[2022-09-22 09:50:15.928][I][AutoBaseFunction.py(wrapper):7] Screen.Setup_Field : set_data 실행 시작
[2022-09-22 09:50:15.928][I][AutoBaseFunction.py(wrapper):8] Parameter : 
[2022-09-22 09:50:15.929][I][AutoBaseFunction.py(wrapper):14] Screen.Setup_Field : set_data 실행 종료
[2022-09-22 09:50:15.929][I][AutoBaseFunction.py(wrapper):7] Screen.Setup_Field : set_data 실행 시작
[2022-09-22 09:50:15.929][I][AutoBaseFunction.py(wrapper):8] Parameter : 
[2022-09-22 09:50:15.929][I][AutoBaseFunction.py(wrapper):14] Screen.Setup_Field : set_data 실행 종료
[2022-09-22 09:50:15.930][I][AutoBaseFunction.py(wrapper):7] Screen.Setup_Field : set_data 실행 시작
[2022-09-22 09:50:15.930][I][AutoBaseFunction.py(wrapper):8] Parameter : 
[2022-09-22 09:50:15.930][I][AutoBaseFunction.py(wrapper):14] Screen.Setup_Field : set_data 실행 종료
[2022-09-22 09:50:15.931][I][AutoBaseFunction.py(wrapper):7] Screen.Setup_Field : set_data 실행 시작
[2022-09-22 09:50:15.931][I][AutoBaseFunction.py(wrapper):8] Parameter : 
[2022-09-22 09:50:15.932][I][AutoBaseFunction.py(wrapper):14] Screen.Setup_Field : set_data 실행 종료
[2022-09-22 09:50:15.932][I][AutoBaseFunction.py(wrapper):7] Screen.Setup_Field : sl_set_slot 실행 시작
[2022-09-22 09:50:15.932][I][AutoBaseFunction.py(wrapper):8] Parameter : 
[2022-09-22 09:50:15.933][I][AutoBaseFunction.py(wrapper):14] Screen.Setup_Field : sl_set_slot 실행 종료
[2022-09-22 09:50:15.933][I][AutoBaseFunction.py(wrapper):14] Screen.Setup_Field : setupUI_Field 실행 종료
[2022-09-22 09:50:15.933][I][AutoBaseFunction.py(wrapper):7] Screen.Setup_TestList : setupUI_TestList 실행 시작
[2022-09-22 09:50:15.933][I][AutoBaseFunction.py(wrapper):8] Parameter : 
[2022-09-22 09:50:15.934][I][AutoBaseFunction.py(wrapper):7] Screen.Setup_TestList : btn_set_slot 실행 시작
[2022-09-22 09:50:15.935][I][AutoBaseFunction.py(wrapper):8] Parameter : 
[2022-09-22 09:50:15.935][I][AutoBaseFunction.py(wrapper):14] Screen.Setup_TestList : btn_set_slot 실행 종료
[2022-09-22 09:50:15.935][I][AutoBaseFunction.py(wrapper):14] Screen.Setup_TestList : setupUI_TestList 실행 종료
[2022-09-22 09:50:15.935][I][AutoBaseFunction.py(wrapper):14] __main__ : __wigets_setupUi 실행 종료
[2022-09-22 09:50:21.591][I][AutoBaseFunction.py(wrapper):7] Screen.MainWindow : closeEvent 실행 시작
[2022-09-22 09:50:21.591][I][AutoBaseFunction.py(wrapper):8] Parameter : <PyQt5.QtGui.QCloseEvent object at 0x0000024F331EDA68>
