[2022-09-22 08:54:27.268][D][LogManager.py(Init):12] LogManager Init function called !!!
[2022-09-22 08:54:27.281][I][AutoBaseFunction.py(wrapper):7] Screen.MainWindow : setupUi 실행 시작
[2022-09-22 08:54:27.281][I][AutoBaseFunction.py(wrapper):8] Parameter : 
[2022-09-22 08:54:27.301][I][AutoBaseFunction.py(wrapper):7] Screen.MainWindow : set_field 실행 시작
[2022-09-22 08:54:27.301][I][AutoBaseFunction.py(wrapper):8] Parameter : 
[2022-09-22 08:54:27.339][I][AutoBaseFunction.py(wrapper):14] Screen.MainWindow : set_field 실행 종료
[2022-09-22 08:54:27.339][I][AutoBaseFunction.py(wrapper):7] Screen.MainWindow : setWidget_func 실행 시작
[2022-09-22 08:54:27.339][I][AutoBaseFunction.py(wrapper):8] Parameter : 
[2022-09-22 08:54:27.342][I][AutoBaseFunction.py(wrapper):14] Screen.MainWindow : setWidget_func 실행 종료
[2022-09-22 08:54:27.344][I][AutoBaseFunction.py(wrapper):14] Screen.MainWindow : setupUi 실행 종료
[2022-09-22 08:54:27.351][I][AutoBaseFunction.py(wrapper):7] __main__ : __set_slot 실행 시작
[2022-09-22 08:54:27.351][I][AutoBaseFunction.py(wrapper):8] Parameter : 
[2022-09-22 08:54:27.351][I][AutoBaseFunction.py(wrapper):14] __main__ : __set_slot 실행 종료
[2022-09-22 08:54:27.351][I][AutoBaseFunction.py(wrapper):7] __main__ : __wigets_setupUi 실행 시작
[2022-09-22 08:54:27.352][I][AutoBaseFunction.py(wrapper):8] Parameter : 
[2022-09-22 08:54:27.352][I][AutoBaseFunction.py(wrapper):7] Screen.Setup_Language : setupUI_Language 실행 시작
[2022-09-22 08:54:27.352][I][AutoBaseFunction.py(wrapper):8] Parameter : 
[2022-09-22 08:54:27.353][I][AutoBaseFunction.py(wrapper):7] Screen.Setup_Language : sl_set_slot 실행 시작
[2022-09-22 08:54:27.353][I][AutoBaseFunction.py(wrapper):8] Parameter : 
[2022-09-22 08:54:27.354][I][AutoBaseFunction.py(wrapper):14] Screen.Setup_Language : sl_set_slot 실행 종료
[2022-09-22 08:54:27.354][I][AutoBaseFunction.py(wrapper):14] Screen.Setup_Language : setupUI_Language 실행 종료
[2022-09-22 08:54:27.354][I][AutoBaseFunction.py(wrapper):7] Screen.Menu_CreateExcel : setupUI_CreateExcel 실행 시작
[2022-09-22 08:54:27.354][I][AutoBaseFunction.py(wrapper):8] Parameter : 
[2022-09-22 08:54:27.355][I][AutoBaseFunction.py(wrapper):7] Screen.Menu_CreateExcel : new_excel_func 실행 시작
[2022-09-22 08:54:27.355][I][AutoBaseFunction.py(wrapper):8] Parameter : 
[2022-09-22 08:54:27.356][I][AutoBaseFunction.py(wrapper):14] Screen.Menu_CreateExcel : new_excel_func 실행 종료
[2022-09-22 08:54:27.356][I][AutoBaseFunction.py(wrapper):7] Screen.Menu_CreateExcel : set_excel_func 실행 시작
[2022-09-22 08:54:27.356][I][AutoBaseFunction.py(wrapper):8] Parameter : 
[2022-09-22 08:54:27.356][I][AutoBaseFunction.py(wrapper):14] Screen.Menu_CreateExcel : set_excel_func 실행 종료
[2022-09-22 08:54:27.357][I][AutoBaseFunction.py(wrapper):14] Screen.Menu_CreateExcel : setupUI_CreateExcel 실행 종료
[2022-09-22 08:54:27.357][I][AutoBaseFunction.py(wrapper):7] Screen.Setup_Field : setupUI_Field 실행 시작
[2022-09-22 08:54:27.357][I][AutoBaseFunction.py(wrapper):8] Parameter : 
[2022-09-22 08:54:27.358][I][AutoBaseFunction.py(wrapper):7] Screen.Setup_Field : set_data 실행 시작
[2022-09-22 08:54:27.358][I][AutoBaseFunction.py(wrapper):8] Parameter : 
[2022-09-22 08:54:27.358][I][AutoBaseFunction.py(wrapper):14] Screen.Setup_Field : set_data 실행 종료
[2022-09-22 08:54:27.600][I][AutoBaseFunction.py(wrapper):7] Screen.Setup_Field : set_data 실행 시작
[2022-09-22 08:54:27.600][I][AutoBaseFunction.py(wrapper):8] Parameter : 
[2022-09-22 08:54:27.601][I][AutoBaseFunction.py(wrapper):14] Screen.Setup_Field : set_data 실행 종료
[2022-09-22 08:54:27.601][I][AutoBaseFunction.py(wrapper):7] Screen.Setup_Field : set_data 실행 시작
[2022-09-22 08:54:27.602][I][AutoBaseFunction.py(wrapper):8] Parameter : 
[2022-09-22 08:54:27.602][I][AutoBaseFunction.py(wrapper):14] Screen.Setup_Field : set_data 실행 종료
[2022-09-22 08:54:27.602][I][AutoBaseFunction.py(wrapper):7] Screen.Setup_Field : set_data 실행 시작
[2022-09-22 08:54:27.603][I][AutoBaseFunction.py(wrapper):8] Parameter : 
[2022-09-22 08:54:27.603][I][AutoBaseFunction.py(wrapper):14] Screen.Setup_Field : set_data 실행 종료
[2022-09-22 08:54:27.603][I][AutoBaseFunction.py(wrapper):7] Screen.Setup_Field : set_data 실행 시작
[2022-09-22 08:54:27.603][I][AutoBaseFunction.py(wrapper):8] Parameter : 
[2022-09-22 08:54:27.604][I][AutoBaseFunction.py(wrapper):14] Screen.Setup_Field : set_data 실행 종료
[2022-09-22 08:54:27.604][I][AutoBaseFunction.py(wrapper):7] Screen.Setup_Field : set_data 실행 시작
[2022-09-22 08:54:27.604][I][AutoBaseFunction.py(wrapper):8] Parameter : 
[2022-09-22 08:54:27.604][I][AutoBaseFunction.py(wrapper):14] Screen.Setup_Field : set_data 실행 종료
[2022-09-22 08:54:27.605][I][AutoBaseFunction.py(wrapper):7] Screen.Setup_Field : sl_set_slot 실행 시작
[2022-09-22 08:54:27.605][I][AutoBaseFunction.py(wrapper):8] Parameter : 
[2022-09-22 08:54:27.605][I][AutoBaseFunction.py(wrapper):14] Screen.Setup_Field : sl_set_slot 실행 종료
[2022-09-22 08:54:27.605][I][AutoBaseFunction.py(wrapper):14] Screen.Setup_Field : setupUI_Field 실행 종료
[2022-09-22 08:54:27.605][I][AutoBaseFunction.py(wrapper):7] Screen.Setup_TestList : setupUI_TestList 실행 시작
[2022-09-22 08:54:27.606][I][AutoBaseFunction.py(wrapper):8] Parameter : 
[2022-09-22 08:54:27.606][I][AutoBaseFunction.py(wrapper):7] Screen.Setup_TestList : btn_set_slot 실행 시작
[2022-09-22 08:54:27.607][I][AutoBaseFunction.py(wrapper):8] Parameter : 
[2022-09-22 08:54:27.607][I][AutoBaseFunction.py(wrapper):14] Screen.Setup_TestList : btn_set_slot 실행 종료
[2022-09-22 08:54:27.607][I][AutoBaseFunction.py(wrapper):14] Screen.Setup_TestList : setupUI_TestList 실행 종료
[2022-09-22 08:54:27.607][I][AutoBaseFunction.py(wrapper):14] __main__ : __wigets_setupUi 실행 종료
[2022-09-22 08:55:43.203][I][AutoBaseFunction.py(wrapper):7] Screen.MainWindow : closeEvent 실행 시작
[2022-09-22 08:55:43.203][I][AutoBaseFunction.py(wrapper):8] Parameter : <PyQt5.QtGui.QCloseEvent object at 0x000001E9992DDA68>
