[2022-09-23 10:25:24.084][D][LogManager.py(Init):12] LogManager Init function called !!!
[2022-09-23 10:25:24.097][I][AutoBaseFunction.py(wrapper):7] Screen.MainWindow : setupUi 실행 시작
[2022-09-23 10:25:24.097][I][AutoBaseFunction.py(wrapper):8] Parameter : 
[2022-09-23 10:25:24.114][I][AutoBaseFunction.py(wrapper):7] Screen.MainWindow : set_field 실행 시작
[2022-09-23 10:25:24.114][I][AutoBaseFunction.py(wrapper):8] Parameter : 
[2022-09-23 10:25:24.139][I][AutoBaseFunction.py(wrapper):14] Screen.MainWindow : set_field 실행 종료
[2022-09-23 10:25:24.140][I][AutoBaseFunction.py(wrapper):7] Screen.MainWindow : setWidget_func 실행 시작
[2022-09-23 10:25:24.140][I][AutoBaseFunction.py(wrapper):8] Parameter : 
[2022-09-23 10:25:24.142][I][AutoBaseFunction.py(wrapper):14] Screen.MainWindow : setWidget_func 실행 종료
[2022-09-23 10:25:24.145][I][AutoBaseFunction.py(wrapper):14] Screen.MainWindow : setupUi 실행 종료
[2022-09-23 10:25:24.152][I][AutoBaseFunction.py(wrapper):7] __main__ : __set_slot 실행 시작
[2022-09-23 10:25:24.152][I][AutoBaseFunction.py(wrapper):8] Parameter : 
[2022-09-23 10:25:24.152][I][AutoBaseFunction.py(wrapper):14] __main__ : __set_slot 실행 종료
[2022-09-23 10:25:24.153][I][AutoBaseFunction.py(wrapper):7] __main__ : __wigets_setupUi 실행 시작
[2022-09-23 10:25:24.153][I][AutoBaseFunction.py(wrapper):8] Parameter : 
[2022-09-23 10:25:24.153][I][AutoBaseFunction.py(wrapper):7] Screen.Setup_Language : setupUI_Language 실행 시작
[2022-09-23 10:25:24.154][I][AutoBaseFunction.py(wrapper):8] Parameter : 
[2022-09-23 10:25:24.154][I][AutoBaseFunction.py(wrapper):7] Screen.Setup_Language : sl_set_slot 실행 시작
[2022-09-23 10:25:24.155][I][AutoBaseFunction.py(wrapper):8] Parameter : 
[2022-09-23 10:25:24.155][I][AutoBaseFunction.py(wrapper):14] Screen.Setup_Language : sl_set_slot 실행 종료
[2022-09-23 10:25:24.155][I][AutoBaseFunction.py(wrapper):14] Screen.Setup_Language : setupUI_Language 실행 종료
[2022-09-23 10:25:24.156][I][AutoBaseFunction.py(wrapper):7] Screen.Menu_CreateExcel : setupUI_CreateExcel 실행 시작
[2022-09-23 10:25:24.156][I][AutoBaseFunction.py(wrapper):8] Parameter : 
[2022-09-23 10:25:24.157][I][AutoBaseFunction.py(wrapper):7] Screen.Menu_CreateExcel : new_excel_func 실행 시작
[2022-09-23 10:25:24.157][I][AutoBaseFunction.py(wrapper):8] Parameter : 
[2022-09-23 10:25:24.158][I][AutoBaseFunction.py(wrapper):14] Screen.Menu_CreateExcel : new_excel_func 실행 종료
[2022-09-23 10:25:24.159][I][AutoBaseFunction.py(wrapper):7] Screen.Menu_CreateExcel : set_excel_func 실행 시작
[2022-09-23 10:25:24.159][I][AutoBaseFunction.py(wrapper):8] Parameter : 
[2022-09-23 10:25:24.160][I][AutoBaseFunction.py(wrapper):14] Screen.Menu_CreateExcel : set_excel_func 실행 종료
[2022-09-23 10:25:24.160][I][AutoBaseFunction.py(wrapper):14] Screen.Menu_CreateExcel : setupUI_CreateExcel 실행 종료
[2022-09-23 10:25:24.161][I][AutoBaseFunction.py(wrapper):7] Screen.Setup_Field : setupUI_Field 실행 시작
[2022-09-23 10:25:24.161][I][AutoBaseFunction.py(wrapper):8] Parameter : 
[2022-09-23 10:25:24.162][I][AutoBaseFunction.py(wrapper):7] Screen.Setup_Field : set_data 실행 시작
[2022-09-23 10:25:24.162][I][AutoBaseFunction.py(wrapper):8] Parameter : 
[2022-09-23 10:25:24.163][I][AutoBaseFunction.py(wrapper):14] Screen.Setup_Field : set_data 실행 종료
[2022-09-23 10:25:24.406][I][AutoBaseFunction.py(wrapper):7] Screen.Setup_Field : set_data 실행 시작
[2022-09-23 10:25:24.406][I][AutoBaseFunction.py(wrapper):8] Parameter : 
[2022-09-23 10:25:24.406][I][AutoBaseFunction.py(wrapper):14] Screen.Setup_Field : set_data 실행 종료
[2022-09-23 10:25:24.407][I][AutoBaseFunction.py(wrapper):7] Screen.Setup_Field : set_data 실행 시작
[2022-09-23 10:25:24.407][I][AutoBaseFunction.py(wrapper):8] Parameter : 
[2022-09-23 10:25:24.408][I][AutoBaseFunction.py(wrapper):14] Screen.Setup_Field : set_data 실행 종료
[2022-09-23 10:25:24.408][I][AutoBaseFunction.py(wrapper):7] Screen.Setup_Field : set_data 실행 시작
[2022-09-23 10:25:24.408][I][AutoBaseFunction.py(wrapper):8] Parameter : 
[2022-09-23 10:25:24.409][I][AutoBaseFunction.py(wrapper):14] Screen.Setup_Field : set_data 실행 종료
[2022-09-23 10:25:24.409][I][AutoBaseFunction.py(wrapper):7] Screen.Setup_Field : set_data 실행 시작
[2022-09-23 10:25:24.409][I][AutoBaseFunction.py(wrapper):8] Parameter : 
[2022-09-23 10:25:24.410][I][AutoBaseFunction.py(wrapper):14] Screen.Setup_Field : set_data 실행 종료
[2022-09-23 10:25:24.410][I][AutoBaseFunction.py(wrapper):7] Screen.Setup_Field : set_data 실행 시작
[2022-09-23 10:25:24.410][I][AutoBaseFunction.py(wrapper):8] Parameter : 
[2022-09-23 10:25:24.411][I][AutoBaseFunction.py(wrapper):14] Screen.Setup_Field : set_data 실행 종료
[2022-09-23 10:25:24.411][I][AutoBaseFunction.py(wrapper):7] Screen.Setup_Field : sl_set_slot 실행 시작
[2022-09-23 10:25:24.411][I][AutoBaseFunction.py(wrapper):8] Parameter : 
[2022-09-23 10:25:24.411][I][AutoBaseFunction.py(wrapper):14] Screen.Setup_Field : sl_set_slot 실행 종료
[2022-09-23 10:25:24.412][I][AutoBaseFunction.py(wrapper):14] Screen.Setup_Field : setupUI_Field 실행 종료
[2022-09-23 10:25:24.412][I][AutoBaseFunction.py(wrapper):7] Screen.Setup_TestList : setupUI_TestList 실행 시작
[2022-09-23 10:25:24.412][I][AutoBaseFunction.py(wrapper):8] Parameter : 
[2022-09-23 10:25:24.413][I][AutoBaseFunction.py(wrapper):7] Screen.Setup_TestList : btn_set_slot 실행 시작
[2022-09-23 10:25:24.413][I][AutoBaseFunction.py(wrapper):8] Parameter : 
[2022-09-23 10:25:24.413][I][AutoBaseFunction.py(wrapper):14] Screen.Setup_TestList : btn_set_slot 실행 종료
[2022-09-23 10:25:24.414][I][AutoBaseFunction.py(wrapper):14] Screen.Setup_TestList : setupUI_TestList 실행 종료
[2022-09-23 10:25:24.414][I][AutoBaseFunction.py(wrapper):14] __main__ : __wigets_setupUi 실행 종료
[2022-09-23 10:25:25.934][I][AutoBaseFunction.py(wrapper):7] Screen.MainWindow : update_open_menu 실행 시작
[2022-09-23 10:25:25.935][I][AutoBaseFunction.py(wrapper):8] Parameter : 
[2022-09-23 10:25:25.936][I][AutoBaseFunction.py(wrapper):14] Screen.MainWindow : update_open_menu 실행 종료
[2022-09-23 10:25:27.025][I][AutoBaseFunction.py(wrapper):7] Screen.MainWindow : show_imgList 실행 시작
[2022-09-23 10:25:27.025][I][AutoBaseFunction.py(wrapper):8] Parameter : ('한국어', 'D:/test/TestList_CSV/2022_skillup'), True, True
