[2022-09-22 10:22:11.646][D][LogManager.py(Init):12] LogManager Init function called !!!
[2022-09-22 10:22:11.661][I][AutoBaseFunction.py(wrapper):7] Screen.MainWindow : setupUi 실행 시작
[2022-09-22 10:22:11.662][I][AutoBaseFunction.py(wrapper):8] Parameter : 
[2022-09-22 10:22:11.677][I][AutoBaseFunction.py(wrapper):7] Screen.MainWindow : set_field 실행 시작
[2022-09-22 10:22:11.677][I][AutoBaseFunction.py(wrapper):8] Parameter : 
[2022-09-22 10:22:11.704][I][AutoBaseFunction.py(wrapper):14] Screen.MainWindow : set_field 실행 종료
[2022-09-22 10:22:11.705][I][AutoBaseFunction.py(wrapper):7] Screen.MainWindow : setWidget_func 실행 시작
[2022-09-22 10:22:11.705][I][AutoBaseFunction.py(wrapper):8] Parameter : 
[2022-09-22 10:22:11.706][I][AutoBaseFunction.py(wrapper):14] Screen.MainWindow : setWidget_func 실행 종료
[2022-09-22 10:22:11.709][I][AutoBaseFunction.py(wrapper):14] Screen.MainWindow : setupUi 실행 종료
[2022-09-22 10:22:11.715][I][AutoBaseFunction.py(wrapper):7] __main__ : __set_slot 실행 시작
[2022-09-22 10:22:11.715][I][AutoBaseFunction.py(wrapper):8] Parameter : 
[2022-09-22 10:22:11.716][I][AutoBaseFunction.py(wrapper):14] __main__ : __set_slot 실행 종료
[2022-09-22 10:22:11.716][I][AutoBaseFunction.py(wrapper):7] __main__ : __wigets_setupUi 실행 시작
[2022-09-22 10:22:11.716][I][AutoBaseFunction.py(wrapper):8] Parameter : 
[2022-09-22 10:22:11.716][I][AutoBaseFunction.py(wrapper):7] Screen.Setup_Language : setupUI_Language 실행 시작
[2022-09-22 10:22:11.717][I][AutoBaseFunction.py(wrapper):8] Parameter : 
[2022-09-22 10:22:11.717][I][AutoBaseFunction.py(wrapper):7] Screen.Setup_Language : sl_set_slot 실행 시작
[2022-09-22 10:22:11.718][I][AutoBaseFunction.py(wrapper):8] Parameter : 
[2022-09-22 10:22:11.718][I][AutoBaseFunction.py(wrapper):14] Screen.Setup_Language : sl_set_slot 실행 종료
[2022-09-22 10:22:11.718][I][AutoBaseFunction.py(wrapper):14] Screen.Setup_Language : setupUI_Language 실행 종료
[2022-09-22 10:22:11.718][I][AutoBaseFunction.py(wrapper):7] Screen.Menu_CreateExcel : setupUI_CreateExcel 실행 시작
[2022-09-22 10:22:11.718][I][AutoBaseFunction.py(wrapper):8] Parameter : 
[2022-09-22 10:22:11.719][I][AutoBaseFunction.py(wrapper):7] Screen.Menu_CreateExcel : new_excel_func 실행 시작
[2022-09-22 10:22:11.720][I][AutoBaseFunction.py(wrapper):8] Parameter : 
[2022-09-22 10:22:11.720][I][AutoBaseFunction.py(wrapper):14] Screen.Menu_CreateExcel : new_excel_func 실행 종료
[2022-09-22 10:22:11.720][I][AutoBaseFunction.py(wrapper):7] Screen.Menu_CreateExcel : set_excel_func 실행 시작
[2022-09-22 10:22:11.721][I][AutoBaseFunction.py(wrapper):8] Parameter : 
[2022-09-22 10:22:11.721][I][AutoBaseFunction.py(wrapper):14] Screen.Menu_CreateExcel : set_excel_func 실행 종료
[2022-09-22 10:22:11.721][I][AutoBaseFunction.py(wrapper):14] Screen.Menu_CreateExcel : setupUI_CreateExcel 실행 종료
[2022-09-22 10:22:11.722][I][AutoBaseFunction.py(wrapper):7] Screen.Setup_Field : setupUI_Field 실행 시작
[2022-09-22 10:22:11.722][I][AutoBaseFunction.py(wrapper):8] Parameter : 
[2022-09-22 10:22:11.722][I][AutoBaseFunction.py(wrapper):7] Screen.Setup_Field : set_data 실행 시작
[2022-09-22 10:22:11.722][I][AutoBaseFunction.py(wrapper):8] Parameter : 
[2022-09-22 10:22:11.723][I][AutoBaseFunction.py(wrapper):14] Screen.Setup_Field : set_data 실행 종료
[2022-09-22 10:22:11.965][I][AutoBaseFunction.py(wrapper):7] Screen.Setup_Field : set_data 실행 시작
[2022-09-22 10:22:11.965][I][AutoBaseFunction.py(wrapper):8] Parameter : 
[2022-09-22 10:22:11.966][I][AutoBaseFunction.py(wrapper):14] Screen.Setup_Field : set_data 실행 종료
[2022-09-22 10:22:11.966][I][AutoBaseFunction.py(wrapper):7] Screen.Setup_Field : set_data 실행 시작
[2022-09-22 10:22:11.966][I][AutoBaseFunction.py(wrapper):8] Parameter : 
[2022-09-22 10:22:11.967][I][AutoBaseFunction.py(wrapper):14] Screen.Setup_Field : set_data 실행 종료
[2022-09-22 10:22:11.967][I][AutoBaseFunction.py(wrapper):7] Screen.Setup_Field : set_data 실행 시작
[2022-09-22 10:22:11.967][I][AutoBaseFunction.py(wrapper):8] Parameter : 
[2022-09-22 10:22:11.968][I][AutoBaseFunction.py(wrapper):14] Screen.Setup_Field : set_data 실행 종료
[2022-09-22 10:22:11.968][I][AutoBaseFunction.py(wrapper):7] Screen.Setup_Field : set_data 실행 시작
[2022-09-22 10:22:11.968][I][AutoBaseFunction.py(wrapper):8] Parameter : 
[2022-09-22 10:22:11.969][I][AutoBaseFunction.py(wrapper):14] Screen.Setup_Field : set_data 실행 종료
[2022-09-22 10:22:11.969][I][AutoBaseFunction.py(wrapper):7] Screen.Setup_Field : set_data 실행 시작
[2022-09-22 10:22:11.969][I][AutoBaseFunction.py(wrapper):8] Parameter : 
[2022-09-22 10:22:11.969][I][AutoBaseFunction.py(wrapper):14] Screen.Setup_Field : set_data 실행 종료
[2022-09-22 10:22:11.969][I][AutoBaseFunction.py(wrapper):7] Screen.Setup_Field : sl_set_slot 실행 시작
[2022-09-22 10:22:11.970][I][AutoBaseFunction.py(wrapper):8] Parameter : 
[2022-09-22 10:22:11.970][I][AutoBaseFunction.py(wrapper):14] Screen.Setup_Field : sl_set_slot 실행 종료
[2022-09-22 10:22:11.970][I][AutoBaseFunction.py(wrapper):14] Screen.Setup_Field : setupUI_Field 실행 종료
[2022-09-22 10:22:11.970][I][AutoBaseFunction.py(wrapper):7] Screen.Setup_TestList : setupUI_TestList 실행 시작
[2022-09-22 10:22:11.970][I][AutoBaseFunction.py(wrapper):8] Parameter : 
[2022-09-22 10:22:11.971][I][AutoBaseFunction.py(wrapper):7] Screen.Setup_TestList : btn_set_slot 실행 시작
[2022-09-22 10:22:11.972][I][AutoBaseFunction.py(wrapper):8] Parameter : 
[2022-09-22 10:22:11.972][I][AutoBaseFunction.py(wrapper):14] Screen.Setup_TestList : btn_set_slot 실행 종료
[2022-09-22 10:22:11.972][I][AutoBaseFunction.py(wrapper):14] Screen.Setup_TestList : setupUI_TestList 실행 종료
[2022-09-22 10:22:11.972][I][AutoBaseFunction.py(wrapper):14] __main__ : __wigets_setupUi 실행 종료
[2022-09-22 10:22:13.265][I][AutoBaseFunction.py(wrapper):7] Screen.MainWindow : update_open_menu 실행 시작
[2022-09-22 10:22:13.266][I][AutoBaseFunction.py(wrapper):8] Parameter : 
[2022-09-22 10:22:13.267][I][AutoBaseFunction.py(wrapper):14] Screen.MainWindow : update_open_menu 실행 종료
[2022-09-22 10:22:14.143][I][AutoBaseFunction.py(wrapper):7] Screen.MainWindow : update_open_menu 실행 시작
[2022-09-22 10:22:14.143][I][AutoBaseFunction.py(wrapper):8] Parameter : 
[2022-09-22 10:22:14.145][I][AutoBaseFunction.py(wrapper):14] Screen.MainWindow : update_open_menu 실행 종료
[2022-09-22 10:23:01.397][I][AutoBaseFunction.py(wrapper):7] Screen.MainWindow : closeEvent 실행 시작
[2022-09-22 10:23:01.397][I][AutoBaseFunction.py(wrapper):8] Parameter : <PyQt5.QtGui.QCloseEvent object at 0x0000019B5DE821F8>
