[2022-09-20 16:17:52.127][D][LogManager.py(Init):12] LogManager Init function called !!!
[2022-09-20 16:17:52.141][I][AutoBaseFunction.py(wrapper):7] Screen.MainWindow : setupUi 실행 시작
[2022-09-20 16:17:52.141][I][AutoBaseFunction.py(wrapper):8] Parameter : 
[2022-09-20 16:17:52.156][I][AutoBaseFunction.py(wrapper):7] Screen.MainWindow : set_field 실행 시작
[2022-09-20 16:17:52.156][I][AutoBaseFunction.py(wrapper):8] Parameter : 
[2022-09-20 16:17:52.204][I][AutoBaseFunction.py(wrapper):14] Screen.MainWindow : set_field 실행 종료
[2022-09-20 16:17:52.204][I][AutoBaseFunction.py(wrapper):7] Screen.MainWindow : setWidget_func 실행 시작
[2022-09-20 16:17:52.205][I][AutoBaseFunction.py(wrapper):8] Parameter : 
[2022-09-20 16:17:52.206][I][AutoBaseFunction.py(wrapper):14] Screen.MainWindow : setWidget_func 실행 종료
[2022-09-20 16:17:52.209][I][AutoBaseFunction.py(wrapper):14] Screen.MainWindow : setupUi 실행 종료
[2022-09-20 16:17:52.215][I][AutoBaseFunction.py(wrapper):7] __main__ : __set_slot 실행 시작
[2022-09-20 16:17:52.215][I][AutoBaseFunction.py(wrapper):8] Parameter : 
[2022-09-20 16:17:52.215][I][AutoBaseFunction.py(wrapper):14] __main__ : __set_slot 실행 종료
[2022-09-20 16:17:52.217][I][AutoBaseFunction.py(wrapper):7] __main__ : __wigets_setupUi 실행 시작
[2022-09-20 16:17:52.217][I][AutoBaseFunction.py(wrapper):8] Parameter : 
[2022-09-20 16:17:52.217][I][AutoBaseFunction.py(wrapper):7] Screen.Setup_Language : setupUI_Language 실행 시작
[2022-09-20 16:17:52.217][I][AutoBaseFunction.py(wrapper):8] Parameter : 
[2022-09-20 16:17:52.218][I][AutoBaseFunction.py(wrapper):7] Screen.Setup_Language : sl_set_slot 실행 시작
[2022-09-20 16:17:52.218][I][AutoBaseFunction.py(wrapper):8] Parameter : 
[2022-09-20 16:17:52.219][I][AutoBaseFunction.py(wrapper):14] Screen.Setup_Language : sl_set_slot 실행 종료
[2022-09-20 16:17:52.219][I][AutoBaseFunction.py(wrapper):14] Screen.Setup_Language : setupUI_Language 실행 종료
[2022-09-20 16:17:52.219][I][AutoBaseFunction.py(wrapper):7] Screen.Menu_CreateExcel : setupUI_CreateExcel 실행 시작
[2022-09-20 16:17:52.219][I][AutoBaseFunction.py(wrapper):8] Parameter : 
[2022-09-20 16:17:52.221][I][AutoBaseFunction.py(wrapper):7] Screen.Menu_CreateExcel : new_excel_func 실행 시작
[2022-09-20 16:17:52.221][I][AutoBaseFunction.py(wrapper):8] Parameter : 
[2022-09-20 16:17:52.221][I][AutoBaseFunction.py(wrapper):14] Screen.Menu_CreateExcel : new_excel_func 실행 종료
[2022-09-20 16:17:52.222][I][AutoBaseFunction.py(wrapper):7] Screen.Menu_CreateExcel : set_excel_func 실행 시작
[2022-09-20 16:17:52.222][I][AutoBaseFunction.py(wrapper):8] Parameter : 
[2022-09-20 16:17:52.222][I][AutoBaseFunction.py(wrapper):14] Screen.Menu_CreateExcel : set_excel_func 실행 종료
[2022-09-20 16:17:52.223][I][AutoBaseFunction.py(wrapper):14] Screen.Menu_CreateExcel : setupUI_CreateExcel 실행 종료
[2022-09-20 16:17:52.223][I][AutoBaseFunction.py(wrapper):7] Screen.Setup_Field : setupUI_Field 실행 시작
[2022-09-20 16:17:52.223][I][AutoBaseFunction.py(wrapper):8] Parameter : 
[2022-09-20 16:17:52.224][I][AutoBaseFunction.py(wrapper):7] Screen.Setup_Field : set_data 실행 시작
[2022-09-20 16:17:52.224][I][AutoBaseFunction.py(wrapper):8] Parameter : 
[2022-09-20 16:17:52.224][I][AutoBaseFunction.py(wrapper):14] Screen.Setup_Field : set_data 실행 종료
[2022-09-20 16:17:52.460][I][AutoBaseFunction.py(wrapper):7] Screen.Setup_Field : set_data 실행 시작
[2022-09-20 16:17:52.461][I][AutoBaseFunction.py(wrapper):8] Parameter : 
[2022-09-20 16:17:52.461][I][AutoBaseFunction.py(wrapper):14] Screen.Setup_Field : set_data 실행 종료
[2022-09-20 16:17:52.462][I][AutoBaseFunction.py(wrapper):7] Screen.Setup_Field : set_data 실행 시작
[2022-09-20 16:17:52.462][I][AutoBaseFunction.py(wrapper):8] Parameter : 
[2022-09-20 16:17:52.463][I][AutoBaseFunction.py(wrapper):14] Screen.Setup_Field : set_data 실행 종료
[2022-09-20 16:17:52.463][I][AutoBaseFunction.py(wrapper):7] Screen.Setup_Field : set_data 실행 시작
[2022-09-20 16:17:52.463][I][AutoBaseFunction.py(wrapper):8] Parameter : 
[2022-09-20 16:17:52.464][I][AutoBaseFunction.py(wrapper):14] Screen.Setup_Field : set_data 실행 종료
[2022-09-20 16:17:52.464][I][AutoBaseFunction.py(wrapper):7] Screen.Setup_Field : set_data 실행 시작
[2022-09-20 16:17:52.464][I][AutoBaseFunction.py(wrapper):8] Parameter : 
[2022-09-20 16:17:52.465][I][AutoBaseFunction.py(wrapper):14] Screen.Setup_Field : set_data 실행 종료
[2022-09-20 16:17:52.465][I][AutoBaseFunction.py(wrapper):7] Screen.Setup_Field : set_data 실행 시작
[2022-09-20 16:17:52.465][I][AutoBaseFunction.py(wrapper):8] Parameter : 
[2022-09-20 16:17:52.465][I][AutoBaseFunction.py(wrapper):14] Screen.Setup_Field : set_data 실행 종료
[2022-09-20 16:17:52.466][I][AutoBaseFunction.py(wrapper):7] Screen.Setup_Field : sl_set_slot 실행 시작
[2022-09-20 16:17:52.466][I][AutoBaseFunction.py(wrapper):8] Parameter : 
[2022-09-20 16:17:52.466][I][AutoBaseFunction.py(wrapper):14] Screen.Setup_Field : sl_set_slot 실행 종료
[2022-09-20 16:17:52.466][I][AutoBaseFunction.py(wrapper):14] Screen.Setup_Field : setupUI_Field 실행 종료
[2022-09-20 16:17:52.467][I][AutoBaseFunction.py(wrapper):7] Screen.Setup_TestList : setupUI_TestList 실행 시작
[2022-09-20 16:17:52.467][I][AutoBaseFunction.py(wrapper):8] Parameter : 
[2022-09-20 16:17:52.468][I][AutoBaseFunction.py(wrapper):7] Screen.Setup_TestList : btn_set_slot 실행 시작
[2022-09-20 16:17:52.468][I][AutoBaseFunction.py(wrapper):8] Parameter : 
[2022-09-20 16:17:52.468][I][AutoBaseFunction.py(wrapper):14] Screen.Setup_TestList : btn_set_slot 실행 종료
[2022-09-20 16:17:52.469][I][AutoBaseFunction.py(wrapper):14] Screen.Setup_TestList : setupUI_TestList 실행 종료
[2022-09-20 16:17:52.469][I][AutoBaseFunction.py(wrapper):14] __main__ : __wigets_setupUi 실행 종료
[2022-09-20 16:19:57.938][I][AutoBaseFunction.py(wrapper):7] __main__ : __sl_ui 실행 시작
[2022-09-20 16:19:57.938][I][AutoBaseFunction.py(wrapper):8] Parameter : False
[2022-09-20 16:19:57.939][I][AutoBaseFunction.py(wrapper):7] Screen.Setup_Language : setLang_Button 실행 시작
[2022-09-20 16:19:57.939][I][AutoBaseFunction.py(wrapper):8] Parameter : 
[2022-09-20 16:19:57.940][I][AutoBaseFunction.py(wrapper):14] Screen.Setup_Language : setLang_Button 실행 종료
[2022-09-20 16:19:57.982][I][AutoBaseFunction.py(wrapper):14] __main__ : __sl_ui 실행 종료
