[2022-09-26 17:40:23.277][D][LogManager.py(Init):12] LogManager Init function called !!!
[2022-09-26 17:40:23.292][I][AutoBaseFunction.py(wrapper):7] Screen.MainWindow : setupUi 실행 시작
[2022-09-26 17:40:23.293][I][AutoBaseFunction.py(wrapper):8] Parameter : 
[2022-09-26 17:40:23.310][I][AutoBaseFunction.py(wrapper):7] Screen.MainWindow : set_field 실행 시작
[2022-09-26 17:40:23.311][I][AutoBaseFunction.py(wrapper):8] Parameter : 
[2022-09-26 17:40:23.339][I][AutoBaseFunction.py(wrapper):14] Screen.MainWindow : set_field 실행 종료
[2022-09-26 17:40:23.339][I][AutoBaseFunction.py(wrapper):7] Screen.MainWindow : setWidget_func 실행 시작
[2022-09-26 17:40:23.340][I][AutoBaseFunction.py(wrapper):8] Parameter : 
[2022-09-26 17:40:23.341][I][AutoBaseFunction.py(wrapper):14] Screen.MainWindow : setWidget_func 실행 종료
[2022-09-26 17:40:23.343][I][AutoBaseFunction.py(wrapper):14] Screen.MainWindow : setupUi 실행 종료
[2022-09-26 17:40:23.349][I][AutoBaseFunction.py(wrapper):7] __main__ : __set_slot 실행 시작
[2022-09-26 17:40:23.350][I][AutoBaseFunction.py(wrapper):8] Parameter : 
[2022-09-26 17:40:23.350][I][AutoBaseFunction.py(wrapper):14] __main__ : __set_slot 실행 종료
[2022-09-26 17:40:23.351][I][AutoBaseFunction.py(wrapper):7] __main__ : __wigets_setupUi 실행 시작
[2022-09-26 17:40:23.351][I][AutoBaseFunction.py(wrapper):8] Parameter : 
[2022-09-26 17:40:23.351][I][AutoBaseFunction.py(wrapper):7] Screen.Setup_Language : setupUI_Language 실행 시작
[2022-09-26 17:40:23.351][I][AutoBaseFunction.py(wrapper):8] Parameter : 
[2022-09-26 17:40:23.352][I][AutoBaseFunction.py(wrapper):7] Screen.Setup_Language : sl_set_slot 실행 시작
[2022-09-26 17:40:23.352][I][AutoBaseFunction.py(wrapper):8] Parameter : 
[2022-09-26 17:40:23.352][I][AutoBaseFunction.py(wrapper):14] Screen.Setup_Language : sl_set_slot 실행 종료
[2022-09-26 17:40:23.353][I][AutoBaseFunction.py(wrapper):14] Screen.Setup_Language : setupUI_Language 실행 종료
[2022-09-26 17:40:23.353][I][AutoBaseFunction.py(wrapper):7] Screen.Menu_CreateExcel : setupUI_CreateExcel 실행 시작
[2022-09-26 17:40:23.353][I][AutoBaseFunction.py(wrapper):8] Parameter : 
[2022-09-26 17:40:23.354][I][AutoBaseFunction.py(wrapper):7] Screen.Menu_CreateExcel : new_excel_func 실행 시작
[2022-09-26 17:40:23.354][I][AutoBaseFunction.py(wrapper):8] Parameter : 
[2022-09-26 17:40:23.354][I][AutoBaseFunction.py(wrapper):14] Screen.Menu_CreateExcel : new_excel_func 실행 종료
[2022-09-26 17:40:23.355][I][AutoBaseFunction.py(wrapper):7] Screen.Menu_CreateExcel : set_excel_func 실행 시작
[2022-09-26 17:40:23.355][I][AutoBaseFunction.py(wrapper):8] Parameter : 
[2022-09-26 17:40:23.355][I][AutoBaseFunction.py(wrapper):14] Screen.Menu_CreateExcel : set_excel_func 실행 종료
[2022-09-26 17:40:23.355][I][AutoBaseFunction.py(wrapper):14] Screen.Menu_CreateExcel : setupUI_CreateExcel 실행 종료
[2022-09-26 17:40:23.356][I][AutoBaseFunction.py(wrapper):7] Screen.Setup_Field : setupUI_Field 실행 시작
[2022-09-26 17:40:23.356][I][AutoBaseFunction.py(wrapper):8] Parameter : 
[2022-09-26 17:40:23.356][I][AutoBaseFunction.py(wrapper):7] Screen.Setup_Field : set_data 실행 시작
[2022-09-26 17:40:23.356][I][AutoBaseFunction.py(wrapper):8] Parameter : 
[2022-09-26 17:40:23.357][I][AutoBaseFunction.py(wrapper):14] Screen.Setup_Field : set_data 실행 종료
[2022-09-26 17:40:23.576][I][AutoBaseFunction.py(wrapper):7] Screen.Setup_Field : set_data 실행 시작
[2022-09-26 17:40:23.576][I][AutoBaseFunction.py(wrapper):8] Parameter : 
[2022-09-26 17:40:23.577][I][AutoBaseFunction.py(wrapper):14] Screen.Setup_Field : set_data 실행 종료
[2022-09-26 17:40:23.577][I][AutoBaseFunction.py(wrapper):7] Screen.Setup_Field : set_data 실행 시작
[2022-09-26 17:40:23.577][I][AutoBaseFunction.py(wrapper):8] Parameter : 
[2022-09-26 17:40:23.578][I][AutoBaseFunction.py(wrapper):14] Screen.Setup_Field : set_data 실행 종료
[2022-09-26 17:40:23.578][I][AutoBaseFunction.py(wrapper):7] Screen.Setup_Field : set_data 실행 시작
[2022-09-26 17:40:23.578][I][AutoBaseFunction.py(wrapper):8] Parameter : 
[2022-09-26 17:40:23.579][I][AutoBaseFunction.py(wrapper):14] Screen.Setup_Field : set_data 실행 종료
[2022-09-26 17:40:23.579][I][AutoBaseFunction.py(wrapper):7] Screen.Setup_Field : set_data 실행 시작
[2022-09-26 17:40:23.579][I][AutoBaseFunction.py(wrapper):8] Parameter : 
[2022-09-26 17:40:23.580][I][AutoBaseFunction.py(wrapper):14] Screen.Setup_Field : set_data 실행 종료
[2022-09-26 17:40:23.580][I][AutoBaseFunction.py(wrapper):7] Screen.Setup_Field : set_data 실행 시작
[2022-09-26 17:40:23.580][I][AutoBaseFunction.py(wrapper):8] Parameter : 
[2022-09-26 17:40:23.580][I][AutoBaseFunction.py(wrapper):14] Screen.Setup_Field : set_data 실행 종료
[2022-09-26 17:40:23.581][I][AutoBaseFunction.py(wrapper):7] Screen.Setup_Field : sl_set_slot 실행 시작
[2022-09-26 17:40:23.581][I][AutoBaseFunction.py(wrapper):8] Parameter : 
[2022-09-26 17:40:23.581][I][AutoBaseFunction.py(wrapper):14] Screen.Setup_Field : sl_set_slot 실행 종료
[2022-09-26 17:40:23.582][I][AutoBaseFunction.py(wrapper):14] Screen.Setup_Field : setupUI_Field 실행 종료
[2022-09-26 17:40:23.582][I][AutoBaseFunction.py(wrapper):7] Screen.Setup_TestList : setupUI_TestList 실행 시작
[2022-09-26 17:40:23.582][I][AutoBaseFunction.py(wrapper):8] Parameter : 
[2022-09-26 17:40:23.583][I][AutoBaseFunction.py(wrapper):7] Screen.Setup_TestList : btn_set_slot 실행 시작
[2022-09-26 17:40:23.583][I][AutoBaseFunction.py(wrapper):8] Parameter : 
[2022-09-26 17:40:23.584][I][AutoBaseFunction.py(wrapper):14] Screen.Setup_TestList : btn_set_slot 실행 종료
[2022-09-26 17:40:23.584][I][AutoBaseFunction.py(wrapper):14] Screen.Setup_TestList : setupUI_TestList 실행 종료
[2022-09-26 17:40:23.584][I][AutoBaseFunction.py(wrapper):14] __main__ : __wigets_setupUi 실행 종료
[2022-09-26 17:40:25.451][I][AutoBaseFunction.py(wrapper):7] __main__ : __sl_ui 실행 시작
[2022-09-26 17:40:25.452][I][AutoBaseFunction.py(wrapper):8] Parameter : False
[2022-09-26 17:40:25.452][I][AutoBaseFunction.py(wrapper):7] Screen.Setup_Language : setLang_Button 실행 시작
[2022-09-26 17:40:25.453][I][AutoBaseFunction.py(wrapper):8] Parameter : 
[2022-09-26 17:40:25.453][I][AutoBaseFunction.py(wrapper):14] Screen.Setup_Language : setLang_Button 실행 종료
[2022-09-26 17:40:25.466][I][AutoBaseFunction.py(wrapper):14] __main__ : __sl_ui 실행 종료
[2022-09-26 17:40:32.938][I][AutoBaseFunction.py(wrapper):7] Screen.Setup_Language : ok_Button_clicked 실행 시작
[2022-09-26 17:40:32.939][I][AutoBaseFunction.py(wrapper):8] Parameter : False
[2022-09-26 17:40:33.036][I][AutoBaseFunction.py(wrapper):7] Screen.Setup_Language : closeEvent 실행 시작
[2022-09-26 17:40:33.036][I][AutoBaseFunction.py(wrapper):8] Parameter : <PyQt5.QtGui.QCloseEvent object at 0x0000022CC2239AF8>
[2022-09-26 17:40:33.037][I][AutoBaseFunction.py(wrapper):14] Screen.Setup_Language : closeEvent 실행 종료
[2022-09-26 17:40:33.042][I][AutoBaseFunction.py(wrapper):14] Screen.Setup_Language : ok_Button_clicked 실행 종료
[2022-09-26 17:48:42.414][I][AutoBaseFunction.py(wrapper):7] Screen.MainWindow : closeEvent 실행 시작
[2022-09-26 17:48:42.414][I][AutoBaseFunction.py(wrapper):8] Parameter : <PyQt5.QtGui.QCloseEvent object at 0x0000022CC2239AF8>
