[2022-10-04 19:07:23.098][D][LogManager.py(Init):12] LogManager Init function called !!!
[2022-10-04 19:07:23.124][I][AutoBaseFunction.py(wrapper):10] Screen.MainWindow : setupUi 실행 시작
[2022-10-04 19:07:23.125][I][AutoBaseFunction.py(wrapper):11] Parameter : 
[2022-10-04 19:07:23.129][I][AutoBaseFunction.py(wrapper):10] Screen.MainWindow : set_field 실행 시작
[2022-10-04 19:07:23.130][I][AutoBaseFunction.py(wrapper):11] Parameter : 
[2022-10-04 19:07:23.163][I][AutoBaseFunction.py(wrapper):17] Screen.MainWindow : set_field 실행 종료
[2022-10-04 19:07:23.164][I][AutoBaseFunction.py(wrapper):10] Screen.MainWindow : setWidget_func 실행 시작
[2022-10-04 19:07:23.164][I][AutoBaseFunction.py(wrapper):11] Parameter : 
[2022-10-04 19:07:23.166][I][AutoBaseFunction.py(wrapper):17] Screen.MainWindow : setWidget_func 실행 종료
[2022-10-04 19:07:23.171][I][AutoBaseFunction.py(wrapper):17] Screen.MainWindow : setupUi 실행 종료
[2022-10-04 19:07:23.185][I][AutoBaseFunction.py(wrapper):10] __main__ : __set_slot 실행 시작
[2022-10-04 19:07:23.185][I][AutoBaseFunction.py(wrapper):11] Parameter : 
[2022-10-04 19:07:23.185][I][AutoBaseFunction.py(wrapper):17] __main__ : __set_slot 실행 종료
[2022-10-04 19:07:23.186][I][AutoBaseFunction.py(wrapper):10] __main__ : __wigets_setupUi 실행 시작
[2022-10-04 19:07:23.186][I][AutoBaseFunction.py(wrapper):11] Parameter : 
[2022-10-04 19:07:23.186][I][AutoBaseFunction.py(wrapper):10] Screen.Setup_Language : setupUI_Language 실행 시작
[2022-10-04 19:07:23.187][I][AutoBaseFunction.py(wrapper):11] Parameter : 
[2022-10-04 19:07:23.188][I][AutoBaseFunction.py(wrapper):10] Screen.Setup_Language : sl_set_slot 실행 시작
[2022-10-04 19:07:23.188][I][AutoBaseFunction.py(wrapper):11] Parameter : 
[2022-10-04 19:07:23.188][I][AutoBaseFunction.py(wrapper):17] Screen.Setup_Language : sl_set_slot 실행 종료
[2022-10-04 19:07:23.188][I][AutoBaseFunction.py(wrapper):17] Screen.Setup_Language : setupUI_Language 실행 종료
[2022-10-04 19:07:23.189][I][AutoBaseFunction.py(wrapper):10] Screen.Menu_CreateExcel : setupUI_CreateExcel 실행 시작
[2022-10-04 19:07:23.189][I][AutoBaseFunction.py(wrapper):11] Parameter : 
[2022-10-04 19:07:23.190][I][AutoBaseFunction.py(wrapper):10] Screen.Menu_CreateExcel : new_excel_func 실행 시작
[2022-10-04 19:07:23.190][I][AutoBaseFunction.py(wrapper):11] Parameter : 
[2022-10-04 19:07:23.191][I][AutoBaseFunction.py(wrapper):17] Screen.Menu_CreateExcel : new_excel_func 실행 종료
[2022-10-04 19:07:23.191][I][AutoBaseFunction.py(wrapper):10] Screen.Menu_CreateExcel : set_excel_func 실행 시작
[2022-10-04 19:07:23.191][I][AutoBaseFunction.py(wrapper):11] Parameter : 
[2022-10-04 19:07:23.192][I][AutoBaseFunction.py(wrapper):17] Screen.Menu_CreateExcel : set_excel_func 실행 종료
[2022-10-04 19:07:23.192][I][AutoBaseFunction.py(wrapper):17] Screen.Menu_CreateExcel : setupUI_CreateExcel 실행 종료
[2022-10-04 19:07:23.192][I][AutoBaseFunction.py(wrapper):10] Screen.Setup_Field : setupUI_Field 실행 시작
[2022-10-04 19:07:23.192][I][AutoBaseFunction.py(wrapper):11] Parameter : 
[2022-10-04 19:07:23.194][I][AutoBaseFunction.py(wrapper):10] Screen.Setup_Field : set_data 실행 시작
[2022-10-04 19:07:23.194][I][AutoBaseFunction.py(wrapper):11] Parameter : 
[2022-10-04 19:07:23.195][I][AutoBaseFunction.py(wrapper):17] Screen.Setup_Field : set_data 실행 종료
[2022-10-04 19:07:23.433][I][AutoBaseFunction.py(wrapper):10] Screen.Setup_Field : set_data 실행 시작
[2022-10-04 19:07:23.433][I][AutoBaseFunction.py(wrapper):11] Parameter : 
[2022-10-04 19:07:23.434][I][AutoBaseFunction.py(wrapper):17] Screen.Setup_Field : set_data 실행 종료
[2022-10-04 19:07:23.434][I][AutoBaseFunction.py(wrapper):10] Screen.Setup_Field : set_data 실행 시작
[2022-10-04 19:07:23.434][I][AutoBaseFunction.py(wrapper):11] Parameter : 
[2022-10-04 19:07:23.435][I][AutoBaseFunction.py(wrapper):17] Screen.Setup_Field : set_data 실행 종료
[2022-10-04 19:07:23.435][I][AutoBaseFunction.py(wrapper):10] Screen.Setup_Field : set_data 실행 시작
[2022-10-04 19:07:23.436][I][AutoBaseFunction.py(wrapper):11] Parameter : 
[2022-10-04 19:07:23.436][I][AutoBaseFunction.py(wrapper):17] Screen.Setup_Field : set_data 실행 종료
[2022-10-04 19:07:23.437][I][AutoBaseFunction.py(wrapper):10] Screen.Setup_Field : set_data 실행 시작
[2022-10-04 19:07:23.437][I][AutoBaseFunction.py(wrapper):11] Parameter : 
[2022-10-04 19:07:23.437][I][AutoBaseFunction.py(wrapper):17] Screen.Setup_Field : set_data 실행 종료
[2022-10-04 19:07:23.437][I][AutoBaseFunction.py(wrapper):10] Screen.Setup_Field : set_data 실행 시작
[2022-10-04 19:07:23.438][I][AutoBaseFunction.py(wrapper):11] Parameter : 
[2022-10-04 19:07:23.438][I][AutoBaseFunction.py(wrapper):17] Screen.Setup_Field : set_data 실행 종료
[2022-10-04 19:07:23.438][I][AutoBaseFunction.py(wrapper):10] Screen.Setup_Field : sl_set_slot 실행 시작
[2022-10-04 19:07:23.439][I][AutoBaseFunction.py(wrapper):11] Parameter : 
[2022-10-04 19:07:23.439][I][AutoBaseFunction.py(wrapper):17] Screen.Setup_Field : sl_set_slot 실행 종료
[2022-10-04 19:07:23.439][I][AutoBaseFunction.py(wrapper):17] Screen.Setup_Field : setupUI_Field 실행 종료
[2022-10-04 19:07:23.440][I][AutoBaseFunction.py(wrapper):10] Screen.Setup_TestList : setupUI_TestList 실행 시작
[2022-10-04 19:07:23.440][I][AutoBaseFunction.py(wrapper):11] Parameter : 
[2022-10-04 19:07:23.441][I][AutoBaseFunction.py(wrapper):10] Screen.Setup_TestList : btn_set_slot 실행 시작
[2022-10-04 19:07:23.441][I][AutoBaseFunction.py(wrapper):11] Parameter : 
[2022-10-04 19:07:23.442][I][AutoBaseFunction.py(wrapper):17] Screen.Setup_TestList : btn_set_slot 실행 종료
[2022-10-04 19:07:23.442][I][AutoBaseFunction.py(wrapper):17] Screen.Setup_TestList : setupUI_TestList 실행 종료
[2022-10-04 19:07:23.442][I][AutoBaseFunction.py(wrapper):17] __main__ : __wigets_setupUi 실행 종료
[2022-10-04 19:07:24.725][I][AutoBaseFunction.py(wrapper):10] Screen.MainWindow : update_open_menu 실행 시작
[2022-10-04 19:07:24.726][I][AutoBaseFunction.py(wrapper):11] Parameter : 
[2022-10-04 19:07:24.728][I][AutoBaseFunction.py(wrapper):17] Screen.MainWindow : update_open_menu 실행 종료
[2022-10-04 19:07:25.633][I][AutoBaseFunction.py(wrapper):10] __main__ : __ce_ui 실행 시작
[2022-10-04 19:07:25.634][I][AutoBaseFunction.py(wrapper):11] Parameter : False
[2022-10-04 19:07:25.654][I][AutoBaseFunction.py(wrapper):17] __main__ : __ce_ui 실행 종료
[2022-10-04 19:07:27.969][I][AutoBaseFunction.py(wrapper):10] Screen.Menu_CreateExcel : folder_toolButton_clicked 실행 시작
[2022-10-04 19:07:27.969][I][AutoBaseFunction.py(wrapper):11] Parameter : <PyQt5.QtWidgets.QLineEdit object at 0x000001849E6A3288>, False
[2022-10-04 19:07:29.250][I][AutoBaseFunction.py(wrapper):17] Screen.Menu_CreateExcel : folder_toolButton_clicked 실행 종료
[2022-10-04 19:07:30.824][I][AutoBaseFunction.py(wrapper):10] Screen.Menu_CreateExcel : func_check 실행 시작
[2022-10-04 19:07:30.824][I][AutoBaseFunction.py(wrapper):11] Parameter : False
