[2022-09-23 10:02:16.482][D][LogManager.py(Init):12] LogManager Init function called !!!
[2022-09-23 10:02:16.495][I][AutoBaseFunction.py(wrapper):7] Screen.MainWindow : setupUi 실행 시작
[2022-09-23 10:02:16.496][I][AutoBaseFunction.py(wrapper):8] Parameter : 
[2022-09-23 10:02:16.513][I][AutoBaseFunction.py(wrapper):7] Screen.MainWindow : set_field 실행 시작
[2022-09-23 10:02:16.513][I][AutoBaseFunction.py(wrapper):8] Parameter : 
[2022-09-23 10:02:16.538][I][AutoBaseFunction.py(wrapper):14] Screen.MainWindow : set_field 실행 종료
[2022-09-23 10:02:16.539][I][AutoBaseFunction.py(wrapper):7] Screen.MainWindow : setWidget_func 실행 시작
[2022-09-23 10:02:16.539][I][AutoBaseFunction.py(wrapper):8] Parameter : 
[2022-09-23 10:02:16.541][I][AutoBaseFunction.py(wrapper):14] Screen.MainWindow : setWidget_func 실행 종료
[2022-09-23 10:02:16.543][I][AutoBaseFunction.py(wrapper):14] Screen.MainWindow : setupUi 실행 종료
[2022-09-23 10:02:16.550][I][AutoBaseFunction.py(wrapper):7] __main__ : __set_slot 실행 시작
[2022-09-23 10:02:16.551][I][AutoBaseFunction.py(wrapper):8] Parameter : 
[2022-09-23 10:02:16.551][I][AutoBaseFunction.py(wrapper):14] __main__ : __set_slot 실행 종료
[2022-09-23 10:02:16.551][I][AutoBaseFunction.py(wrapper):7] __main__ : __wigets_setupUi 실행 시작
[2022-09-23 10:02:16.552][I][AutoBaseFunction.py(wrapper):8] Parameter : 
[2022-09-23 10:02:16.552][I][AutoBaseFunction.py(wrapper):7] Screen.Setup_Language : setupUI_Language 실행 시작
[2022-09-23 10:02:16.552][I][AutoBaseFunction.py(wrapper):8] Parameter : 
[2022-09-23 10:02:16.553][I][AutoBaseFunction.py(wrapper):7] Screen.Setup_Language : sl_set_slot 실행 시작
[2022-09-23 10:02:16.553][I][AutoBaseFunction.py(wrapper):8] Parameter : 
[2022-09-23 10:02:16.554][I][AutoBaseFunction.py(wrapper):14] Screen.Setup_Language : sl_set_slot 실행 종료
[2022-09-23 10:02:16.554][I][AutoBaseFunction.py(wrapper):14] Screen.Setup_Language : setupUI_Language 실행 종료
[2022-09-23 10:02:16.555][I][AutoBaseFunction.py(wrapper):7] Screen.Menu_CreateExcel : setupUI_CreateExcel 실행 시작
[2022-09-23 10:02:16.555][I][AutoBaseFunction.py(wrapper):8] Parameter : 
[2022-09-23 10:02:16.557][I][AutoBaseFunction.py(wrapper):7] Screen.Menu_CreateExcel : new_excel_func 실행 시작
[2022-09-23 10:02:16.557][I][AutoBaseFunction.py(wrapper):8] Parameter : 
[2022-09-23 10:02:16.558][I][AutoBaseFunction.py(wrapper):14] Screen.Menu_CreateExcel : new_excel_func 실행 종료
[2022-09-23 10:02:16.558][I][AutoBaseFunction.py(wrapper):7] Screen.Menu_CreateExcel : set_excel_func 실행 시작
[2022-09-23 10:02:16.558][I][AutoBaseFunction.py(wrapper):8] Parameter : 
[2022-09-23 10:02:16.559][I][AutoBaseFunction.py(wrapper):14] Screen.Menu_CreateExcel : set_excel_func 실행 종료
[2022-09-23 10:02:16.559][I][AutoBaseFunction.py(wrapper):14] Screen.Menu_CreateExcel : setupUI_CreateExcel 실행 종료
[2022-09-23 10:02:16.559][I][AutoBaseFunction.py(wrapper):7] Screen.Setup_Field : setupUI_Field 실행 시작
[2022-09-23 10:02:16.560][I][AutoBaseFunction.py(wrapper):8] Parameter : 
[2022-09-23 10:02:16.561][I][AutoBaseFunction.py(wrapper):7] Screen.Setup_Field : set_data 실행 시작
[2022-09-23 10:02:16.561][I][AutoBaseFunction.py(wrapper):8] Parameter : 
[2022-09-23 10:02:16.561][I][AutoBaseFunction.py(wrapper):14] Screen.Setup_Field : set_data 실행 종료
[2022-09-23 10:02:16.804][I][AutoBaseFunction.py(wrapper):7] Screen.Setup_Field : set_data 실행 시작
[2022-09-23 10:02:16.804][I][AutoBaseFunction.py(wrapper):8] Parameter : 
[2022-09-23 10:02:16.805][I][AutoBaseFunction.py(wrapper):14] Screen.Setup_Field : set_data 실행 종료
[2022-09-23 10:02:16.805][I][AutoBaseFunction.py(wrapper):7] Screen.Setup_Field : set_data 실행 시작
[2022-09-23 10:02:16.806][I][AutoBaseFunction.py(wrapper):8] Parameter : 
[2022-09-23 10:02:16.806][I][AutoBaseFunction.py(wrapper):14] Screen.Setup_Field : set_data 실행 종료
[2022-09-23 10:02:16.806][I][AutoBaseFunction.py(wrapper):7] Screen.Setup_Field : set_data 실행 시작
[2022-09-23 10:02:16.807][I][AutoBaseFunction.py(wrapper):8] Parameter : 
[2022-09-23 10:02:16.807][I][AutoBaseFunction.py(wrapper):14] Screen.Setup_Field : set_data 실행 종료
[2022-09-23 10:02:16.808][I][AutoBaseFunction.py(wrapper):7] Screen.Setup_Field : set_data 실행 시작
[2022-09-23 10:02:16.808][I][AutoBaseFunction.py(wrapper):8] Parameter : 
[2022-09-23 10:02:16.809][I][AutoBaseFunction.py(wrapper):14] Screen.Setup_Field : set_data 실행 종료
[2022-09-23 10:02:16.809][I][AutoBaseFunction.py(wrapper):7] Screen.Setup_Field : set_data 실행 시작
[2022-09-23 10:02:16.810][I][AutoBaseFunction.py(wrapper):8] Parameter : 
[2022-09-23 10:02:16.811][I][AutoBaseFunction.py(wrapper):14] Screen.Setup_Field : set_data 실행 종료
[2022-09-23 10:02:16.812][I][AutoBaseFunction.py(wrapper):7] Screen.Setup_Field : sl_set_slot 실행 시작
[2022-09-23 10:02:16.812][I][AutoBaseFunction.py(wrapper):8] Parameter : 
[2022-09-23 10:02:16.813][I][AutoBaseFunction.py(wrapper):14] Screen.Setup_Field : sl_set_slot 실행 종료
[2022-09-23 10:02:16.813][I][AutoBaseFunction.py(wrapper):14] Screen.Setup_Field : setupUI_Field 실행 종료
[2022-09-23 10:02:16.813][I][AutoBaseFunction.py(wrapper):7] Screen.Setup_TestList : setupUI_TestList 실행 시작
[2022-09-23 10:02:16.813][I][AutoBaseFunction.py(wrapper):8] Parameter : 
[2022-09-23 10:02:16.815][I][AutoBaseFunction.py(wrapper):7] Screen.Setup_TestList : btn_set_slot 실행 시작
[2022-09-23 10:02:16.815][I][AutoBaseFunction.py(wrapper):8] Parameter : 
[2022-09-23 10:02:16.815][I][AutoBaseFunction.py(wrapper):14] Screen.Setup_TestList : btn_set_slot 실행 종료
[2022-09-23 10:02:16.816][I][AutoBaseFunction.py(wrapper):14] Screen.Setup_TestList : setupUI_TestList 실행 종료
[2022-09-23 10:02:16.816][I][AutoBaseFunction.py(wrapper):14] __main__ : __wigets_setupUi 실행 종료
[2022-09-23 10:02:18.511][I][AutoBaseFunction.py(wrapper):7] Screen.MainWindow : update_open_menu 실행 시작
[2022-09-23 10:02:18.511][I][AutoBaseFunction.py(wrapper):8] Parameter : 
[2022-09-23 10:02:18.512][I][AutoBaseFunction.py(wrapper):14] Screen.MainWindow : update_open_menu 실행 종료
[2022-09-23 10:02:19.607][I][AutoBaseFunction.py(wrapper):7] Screen.MainWindow : show_imgList 실행 시작
[2022-09-23 10:02:19.607][I][AutoBaseFunction.py(wrapper):8] Parameter : ('한국어', 'D:/test/TestList_CSV/2022_skillup'), True, True
