[2022-10-04 17:30:14.315][D][LogManager.py(Init):12] LogManager Init function called !!!
[2022-10-04 17:30:14.341][I][AutoBaseFunction.py(wrapper):7] Screen.MainWindow : setupUi 실행 시작
[2022-10-04 17:30:14.342][I][AutoBaseFunction.py(wrapper):8] Parameter : 
[2022-10-04 17:30:14.345][I][AutoBaseFunction.py(wrapper):7] Screen.MainWindow : set_field 실행 시작
[2022-10-04 17:30:14.345][I][AutoBaseFunction.py(wrapper):8] Parameter : 
[2022-10-04 17:30:14.373][I][AutoBaseFunction.py(wrapper):14] Screen.MainWindow : set_field 실행 종료
[2022-10-04 17:30:14.374][I][AutoBaseFunction.py(wrapper):7] Screen.MainWindow : setWidget_func 실행 시작
[2022-10-04 17:30:14.374][I][AutoBaseFunction.py(wrapper):8] Parameter : 
[2022-10-04 17:30:14.375][I][AutoBaseFunction.py(wrapper):14] Screen.MainWindow : setWidget_func 실행 종료
[2022-10-04 17:30:14.376][I][AutoBaseFunction.py(wrapper):14] Screen.MainWindow : setupUi 실행 종료
[2022-10-04 17:30:14.383][I][AutoBaseFunction.py(wrapper):7] __main__ : __set_slot 실행 시작
[2022-10-04 17:30:14.383][I][AutoBaseFunction.py(wrapper):8] Parameter : 
[2022-10-04 17:30:14.384][I][AutoBaseFunction.py(wrapper):14] __main__ : __set_slot 실행 종료
[2022-10-04 17:30:14.384][I][AutoBaseFunction.py(wrapper):7] __main__ : __wigets_setupUi 실행 시작
[2022-10-04 17:30:14.384][I][AutoBaseFunction.py(wrapper):8] Parameter : 
[2022-10-04 17:30:14.385][I][AutoBaseFunction.py(wrapper):7] Screen.Setup_Language : setupUI_Language 실행 시작
[2022-10-04 17:30:14.385][I][AutoBaseFunction.py(wrapper):8] Parameter : 
[2022-10-04 17:30:14.386][I][AutoBaseFunction.py(wrapper):7] Screen.Setup_Language : sl_set_slot 실행 시작
[2022-10-04 17:30:14.386][I][AutoBaseFunction.py(wrapper):8] Parameter : 
[2022-10-04 17:30:14.387][I][AutoBaseFunction.py(wrapper):14] Screen.Setup_Language : sl_set_slot 실행 종료
[2022-10-04 17:30:14.387][I][AutoBaseFunction.py(wrapper):14] Screen.Setup_Language : setupUI_Language 실행 종료
[2022-10-04 17:30:14.387][I][AutoBaseFunction.py(wrapper):7] Screen.Menu_CreateExcel : setupUI_CreateExcel 실행 시작
[2022-10-04 17:30:14.387][I][AutoBaseFunction.py(wrapper):8] Parameter : 
[2022-10-04 17:30:14.388][I][AutoBaseFunction.py(wrapper):7] Screen.Menu_CreateExcel : new_excel_func 실행 시작
[2022-10-04 17:30:14.388][I][AutoBaseFunction.py(wrapper):8] Parameter : 
[2022-10-04 17:30:14.389][I][AutoBaseFunction.py(wrapper):14] Screen.Menu_CreateExcel : new_excel_func 실행 종료
[2022-10-04 17:30:14.389][I][AutoBaseFunction.py(wrapper):7] Screen.Menu_CreateExcel : set_excel_func 실행 시작
[2022-10-04 17:30:14.389][I][AutoBaseFunction.py(wrapper):8] Parameter : 
[2022-10-04 17:30:14.390][I][AutoBaseFunction.py(wrapper):14] Screen.Menu_CreateExcel : set_excel_func 실행 종료
[2022-10-04 17:30:14.390][I][AutoBaseFunction.py(wrapper):14] Screen.Menu_CreateExcel : setupUI_CreateExcel 실행 종료
[2022-10-04 17:30:14.390][I][AutoBaseFunction.py(wrapper):7] Screen.Setup_Field : setupUI_Field 실행 시작
[2022-10-04 17:30:14.390][I][AutoBaseFunction.py(wrapper):8] Parameter : 
[2022-10-04 17:30:14.392][I][AutoBaseFunction.py(wrapper):7] Screen.Setup_Field : set_data 실행 시작
[2022-10-04 17:30:14.392][I][AutoBaseFunction.py(wrapper):8] Parameter : 
[2022-10-04 17:30:14.393][I][AutoBaseFunction.py(wrapper):14] Screen.Setup_Field : set_data 실행 종료
[2022-10-04 17:30:14.636][I][AutoBaseFunction.py(wrapper):7] Screen.Setup_Field : set_data 실행 시작
[2022-10-04 17:30:14.636][I][AutoBaseFunction.py(wrapper):8] Parameter : 
[2022-10-04 17:30:14.636][I][AutoBaseFunction.py(wrapper):14] Screen.Setup_Field : set_data 실행 종료
[2022-10-04 17:30:14.637][I][AutoBaseFunction.py(wrapper):7] Screen.Setup_Field : set_data 실행 시작
[2022-10-04 17:30:14.637][I][AutoBaseFunction.py(wrapper):8] Parameter : 
[2022-10-04 17:30:14.638][I][AutoBaseFunction.py(wrapper):14] Screen.Setup_Field : set_data 실행 종료
[2022-10-04 17:30:14.639][I][AutoBaseFunction.py(wrapper):7] Screen.Setup_Field : set_data 실행 시작
[2022-10-04 17:30:14.639][I][AutoBaseFunction.py(wrapper):8] Parameter : 
[2022-10-04 17:30:14.640][I][AutoBaseFunction.py(wrapper):14] Screen.Setup_Field : set_data 실행 종료
[2022-10-04 17:30:14.640][I][AutoBaseFunction.py(wrapper):7] Screen.Setup_Field : set_data 실행 시작
[2022-10-04 17:30:14.640][I][AutoBaseFunction.py(wrapper):8] Parameter : 
[2022-10-04 17:30:14.641][I][AutoBaseFunction.py(wrapper):14] Screen.Setup_Field : set_data 실행 종료
[2022-10-04 17:30:14.641][I][AutoBaseFunction.py(wrapper):7] Screen.Setup_Field : set_data 실행 시작
[2022-10-04 17:30:14.641][I][AutoBaseFunction.py(wrapper):8] Parameter : 
[2022-10-04 17:30:14.642][I][AutoBaseFunction.py(wrapper):14] Screen.Setup_Field : set_data 실행 종료
[2022-10-04 17:30:14.642][I][AutoBaseFunction.py(wrapper):7] Screen.Setup_Field : sl_set_slot 실행 시작
[2022-10-04 17:30:14.642][I][AutoBaseFunction.py(wrapper):8] Parameter : 
[2022-10-04 17:30:14.642][I][AutoBaseFunction.py(wrapper):14] Screen.Setup_Field : sl_set_slot 실행 종료
[2022-10-04 17:30:14.643][I][AutoBaseFunction.py(wrapper):14] Screen.Setup_Field : setupUI_Field 실행 종료
[2022-10-04 17:30:14.643][I][AutoBaseFunction.py(wrapper):7] Screen.Setup_TestList : setupUI_TestList 실행 시작
[2022-10-04 17:30:14.643][I][AutoBaseFunction.py(wrapper):8] Parameter : 
[2022-10-04 17:30:14.644][I][AutoBaseFunction.py(wrapper):7] Screen.Setup_TestList : btn_set_slot 실행 시작
[2022-10-04 17:30:14.644][I][AutoBaseFunction.py(wrapper):8] Parameter : 
[2022-10-04 17:30:14.645][I][AutoBaseFunction.py(wrapper):14] Screen.Setup_TestList : btn_set_slot 실행 종료
[2022-10-04 17:30:14.645][I][AutoBaseFunction.py(wrapper):14] Screen.Setup_TestList : setupUI_TestList 실행 종료
[2022-10-04 17:30:14.645][I][AutoBaseFunction.py(wrapper):14] __main__ : __wigets_setupUi 실행 종료
[2022-10-04 17:30:16.518][I][AutoBaseFunction.py(wrapper):7] Screen.MainWindow : update_open_menu 실행 시작
[2022-10-04 17:30:16.518][I][AutoBaseFunction.py(wrapper):8] Parameter : 
[2022-10-04 17:30:16.520][I][AutoBaseFunction.py(wrapper):14] Screen.MainWindow : update_open_menu 실행 종료
[2022-10-04 17:30:17.164][I][AutoBaseFunction.py(wrapper):7] Screen.MainWindow : update_open_menu 실행 시작
[2022-10-04 17:30:17.164][I][AutoBaseFunction.py(wrapper):8] Parameter : 
[2022-10-04 17:30:17.165][I][AutoBaseFunction.py(wrapper):14] Screen.MainWindow : update_open_menu 실행 종료
[2022-10-04 17:30:18.069][I][AutoBaseFunction.py(wrapper):7] Screen.MainWindow : show_imgList 실행 시작
[2022-10-04 17:30:18.069][I][AutoBaseFunction.py(wrapper):8] Parameter : ('한국어', 'D:/test/TestList_CSV/2022_skillup-master'), True, True
[2022-10-04 17:30:18.116][I][AutoBaseFunction.py(wrapper):7] Screen.MainWindow : qbutton_clicked 실행 시작
[2022-10-04 17:30:18.116][I][AutoBaseFunction.py(wrapper):8] Parameter : None, 0, <Screen.MainWindow.QPushButtonIcon object at 0x000002D4CD02C798>, False
[2022-10-04 17:30:18.161][I][AutoBaseFunction.py(wrapper):14] Screen.MainWindow : qbutton_clicked 실행 종료
[2022-10-04 17:30:18.162][I][AutoBaseFunction.py(wrapper):14] Screen.MainWindow : show_imgList 실행 종료
[2022-10-04 17:30:19.546][I][AutoBaseFunction.py(wrapper):7] Screen.MainWindow : allPass_clicked 실행 시작
[2022-10-04 17:30:19.547][I][AutoBaseFunction.py(wrapper):8] Parameter : False
[2022-10-04 17:30:19.547][I][AutoBaseFunction.py(wrapper):14] Screen.MainWindow : allPass_clicked 실행 종료
[2022-10-04 17:30:20.514][I][AutoBaseFunction.py(wrapper):7] Screen.MainWindow : btn_onClicked 실행 시작
[2022-10-04 17:30:20.514][I][AutoBaseFunction.py(wrapper):8] Parameter : True
