[2022-09-26 18:12:41.802][D][LogManager.py(Init):12] LogManager Init function called !!!
[2022-09-26 18:12:41.815][I][AutoBaseFunction.py(wrapper):7] Screen.MainWindow : setupUi 실행 시작
[2022-09-26 18:12:41.816][I][AutoBaseFunction.py(wrapper):8] Parameter : 
[2022-09-26 18:12:41.831][I][AutoBaseFunction.py(wrapper):7] Screen.MainWindow : set_field 실행 시작
[2022-09-26 18:12:41.832][I][AutoBaseFunction.py(wrapper):8] Parameter : 
[2022-09-26 18:12:41.860][I][AutoBaseFunction.py(wrapper):14] Screen.MainWindow : set_field 실행 종료
[2022-09-26 18:12:41.861][I][AutoBaseFunction.py(wrapper):7] Screen.MainWindow : setWidget_func 실행 시작
[2022-09-26 18:12:41.861][I][AutoBaseFunction.py(wrapper):8] Parameter : 
[2022-09-26 18:12:41.863][I][AutoBaseFunction.py(wrapper):14] Screen.MainWindow : setWidget_func 실행 종료
[2022-09-26 18:12:41.866][I][AutoBaseFunction.py(wrapper):14] Screen.MainWindow : setupUi 실행 종료
[2022-09-26 18:12:41.886][I][AutoBaseFunction.py(wrapper):7] __main__ : __set_slot 실행 시작
[2022-09-26 18:12:41.886][I][AutoBaseFunction.py(wrapper):8] Parameter : 
[2022-09-26 18:12:41.887][I][AutoBaseFunction.py(wrapper):14] __main__ : __set_slot 실행 종료
[2022-09-26 18:12:41.888][I][AutoBaseFunction.py(wrapper):7] __main__ : __wigets_setupUi 실행 시작
[2022-09-26 18:12:41.888][I][AutoBaseFunction.py(wrapper):8] Parameter : 
[2022-09-26 18:12:41.889][I][AutoBaseFunction.py(wrapper):7] Screen.Setup_Language : setupUI_Language 실행 시작
[2022-09-26 18:12:41.889][I][AutoBaseFunction.py(wrapper):8] Parameter : 
[2022-09-26 18:12:41.890][I][AutoBaseFunction.py(wrapper):7] Screen.Setup_Language : sl_set_slot 실행 시작
[2022-09-26 18:12:41.890][I][AutoBaseFunction.py(wrapper):8] Parameter : 
[2022-09-26 18:12:41.891][I][AutoBaseFunction.py(wrapper):14] Screen.Setup_Language : sl_set_slot 실행 종료
[2022-09-26 18:12:41.891][I][AutoBaseFunction.py(wrapper):14] Screen.Setup_Language : setupUI_Language 실행 종료
[2022-09-26 18:12:41.892][I][AutoBaseFunction.py(wrapper):7] Screen.Menu_CreateExcel : setupUI_CreateExcel 실행 시작
[2022-09-26 18:12:41.892][I][AutoBaseFunction.py(wrapper):8] Parameter : 
[2022-09-26 18:12:41.894][I][AutoBaseFunction.py(wrapper):7] Screen.Menu_CreateExcel : new_excel_func 실행 시작
[2022-09-26 18:12:41.895][I][AutoBaseFunction.py(wrapper):8] Parameter : 
[2022-09-26 18:12:41.895][I][AutoBaseFunction.py(wrapper):14] Screen.Menu_CreateExcel : new_excel_func 실행 종료
[2022-09-26 18:12:41.896][I][AutoBaseFunction.py(wrapper):7] Screen.Menu_CreateExcel : set_excel_func 실행 시작
[2022-09-26 18:12:41.897][I][AutoBaseFunction.py(wrapper):8] Parameter : 
[2022-09-26 18:12:41.898][I][AutoBaseFunction.py(wrapper):14] Screen.Menu_CreateExcel : set_excel_func 실행 종료
[2022-09-26 18:12:41.898][I][AutoBaseFunction.py(wrapper):14] Screen.Menu_CreateExcel : setupUI_CreateExcel 실행 종료
[2022-09-26 18:12:41.899][I][AutoBaseFunction.py(wrapper):7] Screen.Setup_Field : setupUI_Field 실행 시작
[2022-09-26 18:12:41.899][I][AutoBaseFunction.py(wrapper):8] Parameter : 
[2022-09-26 18:12:41.901][I][AutoBaseFunction.py(wrapper):7] Screen.Setup_Field : set_data 실행 시작
[2022-09-26 18:12:41.901][I][AutoBaseFunction.py(wrapper):8] Parameter : 
[2022-09-26 18:12:41.901][I][AutoBaseFunction.py(wrapper):14] Screen.Setup_Field : set_data 실행 종료
[2022-09-26 18:12:42.143][I][AutoBaseFunction.py(wrapper):7] Screen.Setup_Field : set_data 실행 시작
[2022-09-26 18:12:42.144][I][AutoBaseFunction.py(wrapper):8] Parameter : 
[2022-09-26 18:12:42.144][I][AutoBaseFunction.py(wrapper):14] Screen.Setup_Field : set_data 실행 종료
[2022-09-26 18:12:42.145][I][AutoBaseFunction.py(wrapper):7] Screen.Setup_Field : set_data 실행 시작
[2022-09-26 18:12:42.145][I][AutoBaseFunction.py(wrapper):8] Parameter : 
[2022-09-26 18:12:42.145][I][AutoBaseFunction.py(wrapper):14] Screen.Setup_Field : set_data 실행 종료
[2022-09-26 18:12:42.146][I][AutoBaseFunction.py(wrapper):7] Screen.Setup_Field : set_data 실행 시작
[2022-09-26 18:12:42.146][I][AutoBaseFunction.py(wrapper):8] Parameter : 
[2022-09-26 18:12:42.146][I][AutoBaseFunction.py(wrapper):14] Screen.Setup_Field : set_data 실행 종료
[2022-09-26 18:12:42.147][I][AutoBaseFunction.py(wrapper):7] Screen.Setup_Field : set_data 실행 시작
[2022-09-26 18:12:42.147][I][AutoBaseFunction.py(wrapper):8] Parameter : 
[2022-09-26 18:12:42.147][I][AutoBaseFunction.py(wrapper):14] Screen.Setup_Field : set_data 실행 종료
[2022-09-26 18:12:42.148][I][AutoBaseFunction.py(wrapper):7] Screen.Setup_Field : set_data 실행 시작
[2022-09-26 18:12:42.148][I][AutoBaseFunction.py(wrapper):8] Parameter : 
[2022-09-26 18:12:42.148][I][AutoBaseFunction.py(wrapper):14] Screen.Setup_Field : set_data 실행 종료
[2022-09-26 18:12:42.149][I][AutoBaseFunction.py(wrapper):7] Screen.Setup_Field : sl_set_slot 실행 시작
[2022-09-26 18:12:42.149][I][AutoBaseFunction.py(wrapper):8] Parameter : 
[2022-09-26 18:12:42.149][I][AutoBaseFunction.py(wrapper):14] Screen.Setup_Field : sl_set_slot 실행 종료
[2022-09-26 18:12:42.149][I][AutoBaseFunction.py(wrapper):14] Screen.Setup_Field : setupUI_Field 실행 종료
[2022-09-26 18:12:42.150][I][AutoBaseFunction.py(wrapper):7] Screen.Setup_TestList : setupUI_TestList 실행 시작
[2022-09-26 18:12:42.150][I][AutoBaseFunction.py(wrapper):8] Parameter : 
[2022-09-26 18:12:42.151][I][AutoBaseFunction.py(wrapper):7] Screen.Setup_TestList : btn_set_slot 실행 시작
[2022-09-26 18:12:42.151][I][AutoBaseFunction.py(wrapper):8] Parameter : 
[2022-09-26 18:12:42.151][I][AutoBaseFunction.py(wrapper):14] Screen.Setup_TestList : btn_set_slot 실행 종료
[2022-09-26 18:12:42.151][I][AutoBaseFunction.py(wrapper):14] Screen.Setup_TestList : setupUI_TestList 실행 종료
[2022-09-26 18:12:42.152][I][AutoBaseFunction.py(wrapper):14] __main__ : __wigets_setupUi 실행 종료
[2022-09-26 18:12:43.952][I][AutoBaseFunction.py(wrapper):7] __main__ : __sl_ui 실행 시작
[2022-09-26 18:12:43.952][I][AutoBaseFunction.py(wrapper):8] Parameter : False
[2022-09-26 18:12:43.952][I][AutoBaseFunction.py(wrapper):7] Screen.Setup_Language : setLang_Button 실행 시작
[2022-09-26 18:12:43.953][I][AutoBaseFunction.py(wrapper):8] Parameter : 
[2022-09-26 18:12:43.953][I][AutoBaseFunction.py(wrapper):14] Screen.Setup_Language : setLang_Button 실행 종료
[2022-09-26 18:12:43.965][I][AutoBaseFunction.py(wrapper):14] __main__ : __sl_ui 실행 종료
[2022-09-26 18:12:54.269][I][AutoBaseFunction.py(wrapper):7] Screen.Setup_Language : keyPressEvent 실행 시작
[2022-09-26 18:12:54.269][I][AutoBaseFunction.py(wrapper):8] Parameter : <PyQt5.QtGui.QKeyEvent object at 0x0000012C76DA3288>
[2022-09-26 18:12:54.269][I][AutoBaseFunction.py(wrapper):14] Screen.Setup_Language : keyPressEvent 실행 종료
[2022-09-26 18:12:54.445][I][AutoBaseFunction.py(wrapper):7] Screen.Setup_Language : keyPressEvent 실행 시작
[2022-09-26 18:12:54.445][I][AutoBaseFunction.py(wrapper):8] Parameter : <PyQt5.QtGui.QKeyEvent object at 0x0000012C76DA3288>
[2022-09-26 18:12:54.446][I][AutoBaseFunction.py(wrapper):14] Screen.Setup_Language : keyPressEvent 실행 종료
[2022-09-26 18:12:56.981][I][AutoBaseFunction.py(wrapper):7] Screen.Setup_Language : ok_Button_clicked 실행 시작
[2022-09-26 18:12:56.982][I][AutoBaseFunction.py(wrapper):8] Parameter : False
[2022-09-26 18:12:57.078][I][AutoBaseFunction.py(wrapper):7] Screen.Setup_Language : closeEvent 실행 시작
[2022-09-26 18:12:57.078][I][AutoBaseFunction.py(wrapper):8] Parameter : <PyQt5.QtGui.QCloseEvent object at 0x0000012C76DA35E8>
[2022-09-26 18:12:57.079][I][AutoBaseFunction.py(wrapper):14] Screen.Setup_Language : closeEvent 실행 종료
[2022-09-26 18:12:57.085][I][AutoBaseFunction.py(wrapper):14] Screen.Setup_Language : ok_Button_clicked 실행 종료
[2022-09-26 18:13:17.853][I][AutoBaseFunction.py(wrapper):7] __main__ : __sl_ui 실행 시작
[2022-09-26 18:13:17.854][I][AutoBaseFunction.py(wrapper):8] Parameter : False
[2022-09-26 18:13:17.855][I][AutoBaseFunction.py(wrapper):7] Screen.Setup_Language : setLang_Button 실행 시작
[2022-09-26 18:13:17.855][I][AutoBaseFunction.py(wrapper):8] Parameter : 
[2022-09-26 18:13:17.855][I][AutoBaseFunction.py(wrapper):14] Screen.Setup_Language : setLang_Button 실행 종료
[2022-09-26 18:13:17.859][I][AutoBaseFunction.py(wrapper):14] __main__ : __sl_ui 실행 종료
[2022-09-26 18:13:19.476][I][AutoBaseFunction.py(wrapper):7] Screen.Setup_Language : closeEvent 실행 시작
[2022-09-26 18:13:19.477][I][AutoBaseFunction.py(wrapper):8] Parameter : <PyQt5.QtGui.QCloseEvent object at 0x0000012C76DA35E8>
[2022-09-26 18:13:25.193][I][AutoBaseFunction.py(wrapper):14] Screen.Setup_Language : closeEvent 실행 종료
[2022-09-26 18:13:28.167][I][AutoBaseFunction.py(wrapper):7] __main__ : __sl_ui 실행 시작
[2022-09-26 18:13:28.167][I][AutoBaseFunction.py(wrapper):8] Parameter : False
[2022-09-26 18:13:28.168][I][AutoBaseFunction.py(wrapper):7] Screen.Setup_Language : setLang_Button 실행 시작
[2022-09-26 18:13:28.168][I][AutoBaseFunction.py(wrapper):8] Parameter : 
[2022-09-26 18:13:28.168][I][AutoBaseFunction.py(wrapper):14] Screen.Setup_Language : setLang_Button 실행 종료
[2022-09-26 18:13:28.173][I][AutoBaseFunction.py(wrapper):14] __main__ : __sl_ui 실행 종료
[2022-09-26 18:13:28.886][I][AutoBaseFunction.py(wrapper):7] Screen.Setup_Language : closeEvent 실행 시작
[2022-09-26 18:13:28.886][I][AutoBaseFunction.py(wrapper):8] Parameter : <PyQt5.QtGui.QCloseEvent object at 0x0000012C76DA35E8>
[2022-09-26 18:13:29.601][I][AutoBaseFunction.py(wrapper):14] Screen.Setup_Language : closeEvent 실행 종료
[2022-09-26 18:14:21.629][I][AutoBaseFunction.py(wrapper):7] Screen.MainWindow : closeEvent 실행 시작
[2022-09-26 18:14:21.630][I][AutoBaseFunction.py(wrapper):8] Parameter : <PyQt5.QtGui.QCloseEvent object at 0x0000012C76DA35E8>
