[2022-09-26 19:09:49.389][D][LogManager.py(Init):12] LogManager Init function called !!!
[2022-09-26 19:09:49.402][I][AutoBaseFunction.py(wrapper):7] Screen.MainWindow : setupUi 실행 시작
[2022-09-26 19:09:49.402][I][AutoBaseFunction.py(wrapper):8] Parameter : 
[2022-09-26 19:09:49.417][I][AutoBaseFunction.py(wrapper):7] Screen.MainWindow : set_field 실행 시작
[2022-09-26 19:09:49.418][I][AutoBaseFunction.py(wrapper):8] Parameter : 
[2022-09-26 19:09:49.445][I][AutoBaseFunction.py(wrapper):14] Screen.MainWindow : set_field 실행 종료
[2022-09-26 19:09:49.445][I][AutoBaseFunction.py(wrapper):7] Screen.MainWindow : setWidget_func 실행 시작
[2022-09-26 19:09:49.445][I][AutoBaseFunction.py(wrapper):8] Parameter : 
[2022-09-26 19:09:49.447][I][AutoBaseFunction.py(wrapper):14] Screen.MainWindow : setWidget_func 실행 종료
[2022-09-26 19:09:49.449][I][AutoBaseFunction.py(wrapper):14] Screen.MainWindow : setupUi 실행 종료
[2022-09-26 19:09:49.455][I][AutoBaseFunction.py(wrapper):7] __main__ : __set_slot 실행 시작
[2022-09-26 19:09:49.455][I][AutoBaseFunction.py(wrapper):8] Parameter : 
[2022-09-26 19:09:49.456][I][AutoBaseFunction.py(wrapper):14] __main__ : __set_slot 실행 종료
[2022-09-26 19:09:49.456][I][AutoBaseFunction.py(wrapper):7] __main__ : __wigets_setupUi 실행 시작
[2022-09-26 19:09:49.456][I][AutoBaseFunction.py(wrapper):8] Parameter : 
[2022-09-26 19:09:49.457][I][AutoBaseFunction.py(wrapper):7] Screen.Setup_Language : setupUI_Language 실행 시작
[2022-09-26 19:09:49.457][I][AutoBaseFunction.py(wrapper):8] Parameter : 
[2022-09-26 19:09:49.457][I][AutoBaseFunction.py(wrapper):7] Screen.Setup_Language : sl_set_slot 실행 시작
[2022-09-26 19:09:49.458][I][AutoBaseFunction.py(wrapper):8] Parameter : 
[2022-09-26 19:09:49.458][I][AutoBaseFunction.py(wrapper):14] Screen.Setup_Language : sl_set_slot 실행 종료
[2022-09-26 19:09:49.458][I][AutoBaseFunction.py(wrapper):14] Screen.Setup_Language : setupUI_Language 실행 종료
[2022-09-26 19:09:49.459][I][AutoBaseFunction.py(wrapper):7] Screen.Menu_CreateExcel : setupUI_CreateExcel 실행 시작
[2022-09-26 19:09:49.459][I][AutoBaseFunction.py(wrapper):8] Parameter : 
[2022-09-26 19:09:49.459][I][AutoBaseFunction.py(wrapper):7] Screen.Menu_CreateExcel : new_excel_func 실행 시작
[2022-09-26 19:09:49.460][I][AutoBaseFunction.py(wrapper):8] Parameter : 
[2022-09-26 19:09:49.460][I][AutoBaseFunction.py(wrapper):14] Screen.Menu_CreateExcel : new_excel_func 실행 종료
[2022-09-26 19:09:49.460][I][AutoBaseFunction.py(wrapper):7] Screen.Menu_CreateExcel : set_excel_func 실행 시작
[2022-09-26 19:09:49.460][I][AutoBaseFunction.py(wrapper):8] Parameter : 
[2022-09-26 19:09:49.461][I][AutoBaseFunction.py(wrapper):14] Screen.Menu_CreateExcel : set_excel_func 실행 종료
[2022-09-26 19:09:49.461][I][AutoBaseFunction.py(wrapper):14] Screen.Menu_CreateExcel : setupUI_CreateExcel 실행 종료
[2022-09-26 19:09:49.461][I][AutoBaseFunction.py(wrapper):7] Screen.Setup_Field : setupUI_Field 실행 시작
[2022-09-26 19:09:49.461][I][AutoBaseFunction.py(wrapper):8] Parameter : 
[2022-09-26 19:09:49.462][I][AutoBaseFunction.py(wrapper):7] Screen.Setup_Field : set_data 실행 시작
[2022-09-26 19:09:49.462][I][AutoBaseFunction.py(wrapper):8] Parameter : 
[2022-09-26 19:09:49.462][I][AutoBaseFunction.py(wrapper):14] Screen.Setup_Field : set_data 실행 종료
[2022-09-26 19:09:49.712][I][AutoBaseFunction.py(wrapper):7] Screen.Setup_Field : set_data 실행 시작
[2022-09-26 19:09:49.712][I][AutoBaseFunction.py(wrapper):8] Parameter : 
[2022-09-26 19:09:49.712][I][AutoBaseFunction.py(wrapper):14] Screen.Setup_Field : set_data 실행 종료
[2022-09-26 19:09:49.713][I][AutoBaseFunction.py(wrapper):7] Screen.Setup_Field : set_data 실행 시작
[2022-09-26 19:09:49.713][I][AutoBaseFunction.py(wrapper):8] Parameter : 
[2022-09-26 19:09:49.713][I][AutoBaseFunction.py(wrapper):14] Screen.Setup_Field : set_data 실행 종료
[2022-09-26 19:09:49.714][I][AutoBaseFunction.py(wrapper):7] Screen.Setup_Field : set_data 실행 시작
[2022-09-26 19:09:49.715][I][AutoBaseFunction.py(wrapper):8] Parameter : 
[2022-09-26 19:09:49.715][I][AutoBaseFunction.py(wrapper):14] Screen.Setup_Field : set_data 실행 종료
[2022-09-26 19:09:49.716][I][AutoBaseFunction.py(wrapper):7] Screen.Setup_Field : set_data 실행 시작
[2022-09-26 19:09:49.716][I][AutoBaseFunction.py(wrapper):8] Parameter : 
[2022-09-26 19:09:49.716][I][AutoBaseFunction.py(wrapper):14] Screen.Setup_Field : set_data 실행 종료
[2022-09-26 19:09:49.717][I][AutoBaseFunction.py(wrapper):7] Screen.Setup_Field : set_data 실행 시작
[2022-09-26 19:09:49.717][I][AutoBaseFunction.py(wrapper):8] Parameter : 
[2022-09-26 19:09:49.717][I][AutoBaseFunction.py(wrapper):14] Screen.Setup_Field : set_data 실행 종료
[2022-09-26 19:09:49.717][I][AutoBaseFunction.py(wrapper):7] Screen.Setup_Field : sl_set_slot 실행 시작
[2022-09-26 19:09:49.718][I][AutoBaseFunction.py(wrapper):8] Parameter : 
[2022-09-26 19:09:49.718][I][AutoBaseFunction.py(wrapper):14] Screen.Setup_Field : sl_set_slot 실행 종료
[2022-09-26 19:09:49.718][I][AutoBaseFunction.py(wrapper):14] Screen.Setup_Field : setupUI_Field 실행 종료
[2022-09-26 19:09:49.718][I][AutoBaseFunction.py(wrapper):7] Screen.Setup_TestList : setupUI_TestList 실행 시작
[2022-09-26 19:09:49.718][I][AutoBaseFunction.py(wrapper):8] Parameter : 
[2022-09-26 19:09:49.719][I][AutoBaseFunction.py(wrapper):7] Screen.Setup_TestList : btn_set_slot 실행 시작
[2022-09-26 19:09:49.719][I][AutoBaseFunction.py(wrapper):8] Parameter : 
[2022-09-26 19:09:49.720][I][AutoBaseFunction.py(wrapper):14] Screen.Setup_TestList : btn_set_slot 실행 종료
[2022-09-26 19:09:49.720][I][AutoBaseFunction.py(wrapper):14] Screen.Setup_TestList : setupUI_TestList 실행 종료
[2022-09-26 19:09:49.720][I][AutoBaseFunction.py(wrapper):14] __main__ : __wigets_setupUi 실행 종료
[2022-09-26 19:09:52.241][I][AutoBaseFunction.py(wrapper):7] __main__ : __sl_ui 실행 시작
[2022-09-26 19:09:52.242][I][AutoBaseFunction.py(wrapper):8] Parameter : False
[2022-09-26 19:09:52.242][I][AutoBaseFunction.py(wrapper):7] Screen.Setup_Language : setLang_Button 실행 시작
[2022-09-26 19:09:52.243][I][AutoBaseFunction.py(wrapper):8] Parameter : 
