[2022-09-26 16:27:14.114][D][LogManager.py(Init):12] LogManager Init function called !!!
[2022-09-26 16:27:14.127][I][AutoBaseFunction.py(wrapper):7] Screen.MainWindow : setupUi 실행 시작
[2022-09-26 16:27:14.127][I][AutoBaseFunction.py(wrapper):8] Parameter : 
[2022-09-26 16:27:14.144][I][AutoBaseFunction.py(wrapper):7] Screen.MainWindow : set_field 실행 시작
[2022-09-26 16:27:14.145][I][AutoBaseFunction.py(wrapper):8] Parameter : 
[2022-09-26 16:27:14.177][I][AutoBaseFunction.py(wrapper):14] Screen.MainWindow : set_field 실행 종료
[2022-09-26 16:27:14.178][I][AutoBaseFunction.py(wrapper):7] Screen.MainWindow : setWidget_func 실행 시작
[2022-09-26 16:27:14.178][I][AutoBaseFunction.py(wrapper):8] Parameter : 
[2022-09-26 16:27:14.181][I][AutoBaseFunction.py(wrapper):14] Screen.MainWindow : setWidget_func 실행 종료
[2022-09-26 16:27:14.184][I][AutoBaseFunction.py(wrapper):14] Screen.MainWindow : setupUi 실행 종료
[2022-09-26 16:27:14.197][I][AutoBaseFunction.py(wrapper):7] __main__ : __set_slot 실행 시작
[2022-09-26 16:27:14.197][I][AutoBaseFunction.py(wrapper):8] Parameter : 
[2022-09-26 16:27:14.198][I][AutoBaseFunction.py(wrapper):14] __main__ : __set_slot 실행 종료
[2022-09-26 16:27:14.198][I][AutoBaseFunction.py(wrapper):7] __main__ : __wigets_setupUi 실행 시작
[2022-09-26 16:27:14.198][I][AutoBaseFunction.py(wrapper):8] Parameter : 
[2022-09-26 16:27:14.199][I][AutoBaseFunction.py(wrapper):7] Screen.Setup_Language : setupUI_Language 실행 시작
[2022-09-26 16:27:14.199][I][AutoBaseFunction.py(wrapper):8] Parameter : 
[2022-09-26 16:27:14.200][I][AutoBaseFunction.py(wrapper):7] Screen.Setup_Language : sl_set_slot 실행 시작
[2022-09-26 16:27:14.200][I][AutoBaseFunction.py(wrapper):8] Parameter : 
[2022-09-26 16:27:14.200][I][AutoBaseFunction.py(wrapper):14] Screen.Setup_Language : sl_set_slot 실행 종료
[2022-09-26 16:27:14.201][I][AutoBaseFunction.py(wrapper):14] Screen.Setup_Language : setupUI_Language 실행 종료
[2022-09-26 16:27:14.201][I][AutoBaseFunction.py(wrapper):7] Screen.Menu_CreateExcel : setupUI_CreateExcel 실행 시작
[2022-09-26 16:27:14.201][I][AutoBaseFunction.py(wrapper):8] Parameter : 
[2022-09-26 16:27:14.202][I][AutoBaseFunction.py(wrapper):7] Screen.Menu_CreateExcel : new_excel_func 실행 시작
[2022-09-26 16:27:14.203][I][AutoBaseFunction.py(wrapper):8] Parameter : 
[2022-09-26 16:27:14.203][I][AutoBaseFunction.py(wrapper):14] Screen.Menu_CreateExcel : new_excel_func 실행 종료
[2022-09-26 16:27:14.203][I][AutoBaseFunction.py(wrapper):7] Screen.Menu_CreateExcel : set_excel_func 실행 시작
[2022-09-26 16:27:14.204][I][AutoBaseFunction.py(wrapper):8] Parameter : 
[2022-09-26 16:27:14.204][I][AutoBaseFunction.py(wrapper):14] Screen.Menu_CreateExcel : set_excel_func 실행 종료
[2022-09-26 16:27:14.204][I][AutoBaseFunction.py(wrapper):14] Screen.Menu_CreateExcel : setupUI_CreateExcel 실행 종료
[2022-09-26 16:27:14.205][I][AutoBaseFunction.py(wrapper):7] Screen.Setup_Field : setupUI_Field 실행 시작
[2022-09-26 16:27:14.205][I][AutoBaseFunction.py(wrapper):8] Parameter : 
[2022-09-26 16:27:14.206][I][AutoBaseFunction.py(wrapper):7] Screen.Setup_Field : set_data 실행 시작
[2022-09-26 16:27:14.206][I][AutoBaseFunction.py(wrapper):8] Parameter : 
[2022-09-26 16:27:14.207][I][AutoBaseFunction.py(wrapper):14] Screen.Setup_Field : set_data 실행 종료
[2022-09-26 16:27:14.438][I][AutoBaseFunction.py(wrapper):7] Screen.Setup_Field : set_data 실행 시작
[2022-09-26 16:27:14.438][I][AutoBaseFunction.py(wrapper):8] Parameter : 
[2022-09-26 16:27:14.439][I][AutoBaseFunction.py(wrapper):14] Screen.Setup_Field : set_data 실행 종료
[2022-09-26 16:27:14.440][I][AutoBaseFunction.py(wrapper):7] Screen.Setup_Field : set_data 실행 시작
[2022-09-26 16:27:14.440][I][AutoBaseFunction.py(wrapper):8] Parameter : 
[2022-09-26 16:27:14.440][I][AutoBaseFunction.py(wrapper):14] Screen.Setup_Field : set_data 실행 종료
[2022-09-26 16:27:14.441][I][AutoBaseFunction.py(wrapper):7] Screen.Setup_Field : set_data 실행 시작
[2022-09-26 16:27:14.441][I][AutoBaseFunction.py(wrapper):8] Parameter : 
[2022-09-26 16:27:14.442][I][AutoBaseFunction.py(wrapper):14] Screen.Setup_Field : set_data 실행 종료
[2022-09-26 16:27:14.442][I][AutoBaseFunction.py(wrapper):7] Screen.Setup_Field : set_data 실행 시작
[2022-09-26 16:27:14.442][I][AutoBaseFunction.py(wrapper):8] Parameter : 
[2022-09-26 16:27:14.443][I][AutoBaseFunction.py(wrapper):14] Screen.Setup_Field : set_data 실행 종료
[2022-09-26 16:27:14.443][I][AutoBaseFunction.py(wrapper):7] Screen.Setup_Field : set_data 실행 시작
[2022-09-26 16:27:14.443][I][AutoBaseFunction.py(wrapper):8] Parameter : 
[2022-09-26 16:27:14.443][I][AutoBaseFunction.py(wrapper):14] Screen.Setup_Field : set_data 실행 종료
[2022-09-26 16:27:14.444][I][AutoBaseFunction.py(wrapper):7] Screen.Setup_Field : sl_set_slot 실행 시작
[2022-09-26 16:27:14.444][I][AutoBaseFunction.py(wrapper):8] Parameter : 
[2022-09-26 16:27:14.444][I][AutoBaseFunction.py(wrapper):14] Screen.Setup_Field : sl_set_slot 실행 종료
[2022-09-26 16:27:14.444][I][AutoBaseFunction.py(wrapper):14] Screen.Setup_Field : setupUI_Field 실행 종료
[2022-09-26 16:27:14.444][I][AutoBaseFunction.py(wrapper):7] Screen.Setup_TestList : setupUI_TestList 실행 시작
[2022-09-26 16:27:14.445][I][AutoBaseFunction.py(wrapper):8] Parameter : 
[2022-09-26 16:27:14.445][I][AutoBaseFunction.py(wrapper):7] Screen.Setup_TestList : btn_set_slot 실행 시작
[2022-09-26 16:27:14.446][I][AutoBaseFunction.py(wrapper):8] Parameter : 
[2022-09-26 16:27:14.446][I][AutoBaseFunction.py(wrapper):14] Screen.Setup_TestList : btn_set_slot 실행 종료
[2022-09-26 16:27:14.446][I][AutoBaseFunction.py(wrapper):14] Screen.Setup_TestList : setupUI_TestList 실행 종료
[2022-09-26 16:27:14.446][I][AutoBaseFunction.py(wrapper):14] __main__ : __wigets_setupUi 실행 종료
[2022-09-26 16:27:15.952][I][AutoBaseFunction.py(wrapper):7] __main__ : __sl_ui 실행 시작
[2022-09-26 16:27:15.952][I][AutoBaseFunction.py(wrapper):8] Parameter : False
[2022-09-26 16:27:15.953][I][AutoBaseFunction.py(wrapper):7] Screen.Setup_Language : setLang_Button 실행 시작
[2022-09-26 16:27:15.953][I][AutoBaseFunction.py(wrapper):8] Parameter : 
