[2022-09-22 08:52:44.630][D][LogManager.py(Init):12] LogManager Init function called !!!
[2022-09-22 08:52:44.642][I][AutoBaseFunction.py(wrapper):7] Screen.MainWindow : setupUi 실행 시작
[2022-09-22 08:52:44.643][I][AutoBaseFunction.py(wrapper):8] Parameter : 
[2022-09-22 08:52:44.658][I][AutoBaseFunction.py(wrapper):7] Screen.MainWindow : set_field 실행 시작
[2022-09-22 08:52:44.658][I][AutoBaseFunction.py(wrapper):8] Parameter : 
[2022-09-22 08:52:44.686][I][AutoBaseFunction.py(wrapper):14] Screen.MainWindow : set_field 실행 종료
[2022-09-22 08:52:44.686][I][AutoBaseFunction.py(wrapper):7] Screen.MainWindow : setWidget_func 실행 시작
[2022-09-22 08:52:44.687][I][AutoBaseFunction.py(wrapper):8] Parameter : 
[2022-09-22 08:52:44.688][I][AutoBaseFunction.py(wrapper):14] Screen.MainWindow : setWidget_func 실행 종료
[2022-09-22 08:52:44.691][I][AutoBaseFunction.py(wrapper):14] Screen.MainWindow : setupUi 실행 종료
[2022-09-22 08:52:44.701][I][AutoBaseFunction.py(wrapper):7] __main__ : __set_slot 실행 시작
[2022-09-22 08:52:44.701][I][AutoBaseFunction.py(wrapper):8] Parameter : 
[2022-09-22 08:52:44.702][I][AutoBaseFunction.py(wrapper):14] __main__ : __set_slot 실행 종료
[2022-09-22 08:52:44.702][I][AutoBaseFunction.py(wrapper):7] __main__ : __wigets_setupUi 실행 시작
[2022-09-22 08:52:44.702][I][AutoBaseFunction.py(wrapper):8] Parameter : 
[2022-09-22 08:52:44.703][I][AutoBaseFunction.py(wrapper):7] Screen.Setup_Language : setupUI_Language 실행 시작
[2022-09-22 08:52:44.703][I][AutoBaseFunction.py(wrapper):8] Parameter : 
[2022-09-22 08:52:44.705][I][AutoBaseFunction.py(wrapper):7] Screen.Setup_Language : sl_set_slot 실행 시작
[2022-09-22 08:52:44.705][I][AutoBaseFunction.py(wrapper):8] Parameter : 
[2022-09-22 08:52:44.705][I][AutoBaseFunction.py(wrapper):14] Screen.Setup_Language : sl_set_slot 실행 종료
[2022-09-22 08:52:44.706][I][AutoBaseFunction.py(wrapper):14] Screen.Setup_Language : setupUI_Language 실행 종료
[2022-09-22 08:52:44.706][I][AutoBaseFunction.py(wrapper):7] Screen.Menu_CreateExcel : setupUI_CreateExcel 실행 시작
[2022-09-22 08:52:44.706][I][AutoBaseFunction.py(wrapper):8] Parameter : 
[2022-09-22 08:52:44.708][I][AutoBaseFunction.py(wrapper):7] Screen.Menu_CreateExcel : new_excel_func 실행 시작
[2022-09-22 08:52:44.709][I][AutoBaseFunction.py(wrapper):8] Parameter : 
[2022-09-22 08:52:44.710][I][AutoBaseFunction.py(wrapper):14] Screen.Menu_CreateExcel : new_excel_func 실행 종료
[2022-09-22 08:52:44.711][I][AutoBaseFunction.py(wrapper):7] Screen.Menu_CreateExcel : set_excel_func 실행 시작
[2022-09-22 08:52:44.711][I][AutoBaseFunction.py(wrapper):8] Parameter : 
[2022-09-22 08:52:44.711][I][AutoBaseFunction.py(wrapper):14] Screen.Menu_CreateExcel : set_excel_func 실행 종료
[2022-09-22 08:52:44.712][I][AutoBaseFunction.py(wrapper):14] Screen.Menu_CreateExcel : setupUI_CreateExcel 실행 종료
[2022-09-22 08:52:44.712][I][AutoBaseFunction.py(wrapper):7] Screen.Setup_Field : setupUI_Field 실행 시작
[2022-09-22 08:52:44.713][I][AutoBaseFunction.py(wrapper):8] Parameter : 
[2022-09-22 08:52:44.713][I][AutoBaseFunction.py(wrapper):7] Screen.Setup_Field : set_data 실행 시작
[2022-09-22 08:52:44.714][I][AutoBaseFunction.py(wrapper):8] Parameter : 
[2022-09-22 08:52:44.714][I][AutoBaseFunction.py(wrapper):14] Screen.Setup_Field : set_data 실행 종료
[2022-09-22 08:52:44.970][I][AutoBaseFunction.py(wrapper):7] Screen.Setup_Field : set_data 실행 시작
[2022-09-22 08:52:44.970][I][AutoBaseFunction.py(wrapper):8] Parameter : 
[2022-09-22 08:52:44.970][I][AutoBaseFunction.py(wrapper):14] Screen.Setup_Field : set_data 실행 종료
[2022-09-22 08:52:44.971][I][AutoBaseFunction.py(wrapper):7] Screen.Setup_Field : set_data 실행 시작
[2022-09-22 08:52:44.971][I][AutoBaseFunction.py(wrapper):8] Parameter : 
[2022-09-22 08:52:44.972][I][AutoBaseFunction.py(wrapper):14] Screen.Setup_Field : set_data 실행 종료
[2022-09-22 08:52:44.972][I][AutoBaseFunction.py(wrapper):7] Screen.Setup_Field : set_data 실행 시작
[2022-09-22 08:52:44.972][I][AutoBaseFunction.py(wrapper):8] Parameter : 
[2022-09-22 08:52:44.972][I][AutoBaseFunction.py(wrapper):14] Screen.Setup_Field : set_data 실행 종료
[2022-09-22 08:52:44.973][I][AutoBaseFunction.py(wrapper):7] Screen.Setup_Field : set_data 실행 시작
[2022-09-22 08:52:44.973][I][AutoBaseFunction.py(wrapper):8] Parameter : 
[2022-09-22 08:52:44.973][I][AutoBaseFunction.py(wrapper):14] Screen.Setup_Field : set_data 실행 종료
[2022-09-22 08:52:44.974][I][AutoBaseFunction.py(wrapper):7] Screen.Setup_Field : set_data 실행 시작
[2022-09-22 08:52:44.974][I][AutoBaseFunction.py(wrapper):8] Parameter : 
[2022-09-22 08:52:44.974][I][AutoBaseFunction.py(wrapper):14] Screen.Setup_Field : set_data 실행 종료
[2022-09-22 08:52:44.975][I][AutoBaseFunction.py(wrapper):7] Screen.Setup_Field : sl_set_slot 실행 시작
[2022-09-22 08:52:44.975][I][AutoBaseFunction.py(wrapper):8] Parameter : 
[2022-09-22 08:52:44.975][I][AutoBaseFunction.py(wrapper):14] Screen.Setup_Field : sl_set_slot 실행 종료
[2022-09-22 08:52:44.975][I][AutoBaseFunction.py(wrapper):14] Screen.Setup_Field : setupUI_Field 실행 종료
[2022-09-22 08:52:44.975][I][AutoBaseFunction.py(wrapper):7] Screen.Setup_TestList : setupUI_TestList 실행 시작
[2022-09-22 08:52:44.976][I][AutoBaseFunction.py(wrapper):8] Parameter : 
[2022-09-22 08:52:44.977][I][AutoBaseFunction.py(wrapper):7] Screen.Setup_TestList : btn_set_slot 실행 시작
[2022-09-22 08:52:44.977][I][AutoBaseFunction.py(wrapper):8] Parameter : 
[2022-09-22 08:52:44.977][I][AutoBaseFunction.py(wrapper):14] Screen.Setup_TestList : btn_set_slot 실행 종료
[2022-09-22 08:52:44.977][I][AutoBaseFunction.py(wrapper):14] Screen.Setup_TestList : setupUI_TestList 실행 종료
[2022-09-22 08:52:44.977][I][AutoBaseFunction.py(wrapper):14] __main__ : __wigets_setupUi 실행 종료
[2022-09-22 08:54:23.283][I][AutoBaseFunction.py(wrapper):7] Screen.MainWindow : closeEvent 실행 시작
[2022-09-22 08:54:23.284][I][AutoBaseFunction.py(wrapper):8] Parameter : <PyQt5.QtGui.QCloseEvent object at 0x00000178A1B9AB88>
