[2022-09-22 11:10:36.085][D][LogManager.py(Init):12] LogManager Init function called !!!
[2022-09-22 11:10:36.098][I][AutoBaseFunction.py(wrapper):7] Screen.MainWindow : setupUi 실행 시작
[2022-09-22 11:10:36.098][I][AutoBaseFunction.py(wrapper):8] Parameter : 
[2022-09-22 11:10:36.113][I][AutoBaseFunction.py(wrapper):7] Screen.MainWindow : set_field 실행 시작
[2022-09-22 11:10:36.113][I][AutoBaseFunction.py(wrapper):8] Parameter : 
[2022-09-22 11:10:36.137][I][AutoBaseFunction.py(wrapper):14] Screen.MainWindow : set_field 실행 종료
[2022-09-22 11:10:36.138][I][AutoBaseFunction.py(wrapper):7] Screen.MainWindow : setWidget_func 실행 시작
[2022-09-22 11:10:36.138][I][AutoBaseFunction.py(wrapper):8] Parameter : 
[2022-09-22 11:10:36.139][I][AutoBaseFunction.py(wrapper):14] Screen.MainWindow : setWidget_func 실행 종료
[2022-09-22 11:10:36.143][I][AutoBaseFunction.py(wrapper):14] Screen.MainWindow : setupUi 실행 종료
[2022-09-22 11:10:36.149][I][AutoBaseFunction.py(wrapper):7] __main__ : __set_slot 실행 시작
[2022-09-22 11:10:36.149][I][AutoBaseFunction.py(wrapper):8] Parameter : 
[2022-09-22 11:10:36.150][I][AutoBaseFunction.py(wrapper):14] __main__ : __set_slot 실행 종료
[2022-09-22 11:10:36.150][I][AutoBaseFunction.py(wrapper):7] __main__ : __wigets_setupUi 실행 시작
[2022-09-22 11:10:36.150][I][AutoBaseFunction.py(wrapper):8] Parameter : 
[2022-09-22 11:10:36.151][I][AutoBaseFunction.py(wrapper):7] Screen.Setup_Language : setupUI_Language 실행 시작
[2022-09-22 11:10:36.151][I][AutoBaseFunction.py(wrapper):8] Parameter : 
[2022-09-22 11:10:36.151][I][AutoBaseFunction.py(wrapper):7] Screen.Setup_Language : sl_set_slot 실행 시작
[2022-09-22 11:10:36.152][I][AutoBaseFunction.py(wrapper):8] Parameter : 
[2022-09-22 11:10:36.152][I][AutoBaseFunction.py(wrapper):14] Screen.Setup_Language : sl_set_slot 실행 종료
[2022-09-22 11:10:36.152][I][AutoBaseFunction.py(wrapper):14] Screen.Setup_Language : setupUI_Language 실행 종료
[2022-09-22 11:10:36.153][I][AutoBaseFunction.py(wrapper):7] Screen.Menu_CreateExcel : setupUI_CreateExcel 실행 시작
[2022-09-22 11:10:36.153][I][AutoBaseFunction.py(wrapper):8] Parameter : 
[2022-09-22 11:10:36.154][I][AutoBaseFunction.py(wrapper):7] Screen.Menu_CreateExcel : new_excel_func 실행 시작
[2022-09-22 11:10:36.154][I][AutoBaseFunction.py(wrapper):8] Parameter : 
[2022-09-22 11:10:36.154][I][AutoBaseFunction.py(wrapper):14] Screen.Menu_CreateExcel : new_excel_func 실행 종료
[2022-09-22 11:10:36.155][I][AutoBaseFunction.py(wrapper):7] Screen.Menu_CreateExcel : set_excel_func 실행 시작
[2022-09-22 11:10:36.155][I][AutoBaseFunction.py(wrapper):8] Parameter : 
[2022-09-22 11:10:36.155][I][AutoBaseFunction.py(wrapper):14] Screen.Menu_CreateExcel : set_excel_func 실행 종료
[2022-09-22 11:10:36.155][I][AutoBaseFunction.py(wrapper):14] Screen.Menu_CreateExcel : setupUI_CreateExcel 실행 종료
[2022-09-22 11:10:36.156][I][AutoBaseFunction.py(wrapper):7] Screen.Setup_Field : setupUI_Field 실행 시작
[2022-09-22 11:10:36.156][I][AutoBaseFunction.py(wrapper):8] Parameter : 
[2022-09-22 11:10:36.156][I][AutoBaseFunction.py(wrapper):7] Screen.Setup_Field : set_data 실행 시작
[2022-09-22 11:10:36.156][I][AutoBaseFunction.py(wrapper):8] Parameter : 
[2022-09-22 11:10:36.157][I][AutoBaseFunction.py(wrapper):14] Screen.Setup_Field : set_data 실행 종료
[2022-09-22 11:10:36.389][I][AutoBaseFunction.py(wrapper):7] Screen.Setup_Field : set_data 실행 시작
[2022-09-22 11:10:36.390][I][AutoBaseFunction.py(wrapper):8] Parameter : 
[2022-09-22 11:10:36.390][I][AutoBaseFunction.py(wrapper):14] Screen.Setup_Field : set_data 실행 종료
[2022-09-22 11:10:36.391][I][AutoBaseFunction.py(wrapper):7] Screen.Setup_Field : set_data 실행 시작
[2022-09-22 11:10:36.391][I][AutoBaseFunction.py(wrapper):8] Parameter : 
[2022-09-22 11:10:36.391][I][AutoBaseFunction.py(wrapper):14] Screen.Setup_Field : set_data 실행 종료
[2022-09-22 11:10:36.392][I][AutoBaseFunction.py(wrapper):7] Screen.Setup_Field : set_data 실행 시작
[2022-09-22 11:10:36.392][I][AutoBaseFunction.py(wrapper):8] Parameter : 
[2022-09-22 11:10:36.393][I][AutoBaseFunction.py(wrapper):14] Screen.Setup_Field : set_data 실행 종료
[2022-09-22 11:10:36.393][I][AutoBaseFunction.py(wrapper):7] Screen.Setup_Field : set_data 실행 시작
[2022-09-22 11:10:36.393][I][AutoBaseFunction.py(wrapper):8] Parameter : 
[2022-09-22 11:10:36.394][I][AutoBaseFunction.py(wrapper):14] Screen.Setup_Field : set_data 실행 종료
[2022-09-22 11:10:36.394][I][AutoBaseFunction.py(wrapper):7] Screen.Setup_Field : set_data 실행 시작
[2022-09-22 11:10:36.394][I][AutoBaseFunction.py(wrapper):8] Parameter : 
[2022-09-22 11:10:36.394][I][AutoBaseFunction.py(wrapper):14] Screen.Setup_Field : set_data 실행 종료
[2022-09-22 11:10:36.395][I][AutoBaseFunction.py(wrapper):7] Screen.Setup_Field : sl_set_slot 실행 시작
[2022-09-22 11:10:36.395][I][AutoBaseFunction.py(wrapper):8] Parameter : 
[2022-09-22 11:10:36.395][I][AutoBaseFunction.py(wrapper):14] Screen.Setup_Field : sl_set_slot 실행 종료
[2022-09-22 11:10:36.395][I][AutoBaseFunction.py(wrapper):14] Screen.Setup_Field : setupUI_Field 실행 종료
[2022-09-22 11:10:36.396][I][AutoBaseFunction.py(wrapper):7] Screen.Setup_TestList : setupUI_TestList 실행 시작
[2022-09-22 11:10:36.396][I][AutoBaseFunction.py(wrapper):8] Parameter : 
[2022-09-22 11:10:36.397][I][AutoBaseFunction.py(wrapper):7] Screen.Setup_TestList : btn_set_slot 실행 시작
[2022-09-22 11:10:36.397][I][AutoBaseFunction.py(wrapper):8] Parameter : 
[2022-09-22 11:10:36.397][I][AutoBaseFunction.py(wrapper):14] Screen.Setup_TestList : btn_set_slot 실행 종료
[2022-09-22 11:10:36.397][I][AutoBaseFunction.py(wrapper):14] Screen.Setup_TestList : setupUI_TestList 실행 종료
[2022-09-22 11:10:36.398][I][AutoBaseFunction.py(wrapper):14] __main__ : __wigets_setupUi 실행 종료
[2022-09-22 11:10:37.636][I][AutoBaseFunction.py(wrapper):7] Screen.MainWindow : update_open_menu 실행 시작
[2022-09-22 11:10:37.636][I][AutoBaseFunction.py(wrapper):8] Parameter : 
[2022-09-22 11:10:37.638][I][AutoBaseFunction.py(wrapper):14] Screen.MainWindow : update_open_menu 실행 종료
[2022-09-22 11:10:45.012][I][AutoBaseFunction.py(wrapper):7] Screen.MainWindow : update_open_menu 실행 시작
[2022-09-22 11:10:45.013][I][AutoBaseFunction.py(wrapper):8] Parameter : 
[2022-09-22 11:10:45.014][I][AutoBaseFunction.py(wrapper):14] Screen.MainWindow : update_open_menu 실행 종료
[2022-09-22 11:11:12.314][I][AutoBaseFunction.py(wrapper):7] Screen.MainWindow : update_open_menu 실행 시작
[2022-09-22 11:11:12.314][I][AutoBaseFunction.py(wrapper):8] Parameter : 
[2022-09-22 11:11:12.316][I][AutoBaseFunction.py(wrapper):14] Screen.MainWindow : update_open_menu 실행 종료
[2022-09-22 11:11:23.795][I][AutoBaseFunction.py(wrapper):7] Screen.MainWindow : update_open_menu 실행 시작
[2022-09-22 11:11:23.796][I][AutoBaseFunction.py(wrapper):8] Parameter : 
[2022-09-22 11:11:23.797][I][AutoBaseFunction.py(wrapper):14] Screen.MainWindow : update_open_menu 실행 종료
[2022-09-22 11:11:24.334][I][AutoBaseFunction.py(wrapper):7] Screen.MainWindow : update_open_menu 실행 시작
[2022-09-22 11:11:24.336][I][AutoBaseFunction.py(wrapper):8] Parameter : 
[2022-09-22 11:11:24.341][I][AutoBaseFunction.py(wrapper):14] Screen.MainWindow : update_open_menu 실행 종료
[2022-09-22 11:20:00.888][I][AutoBaseFunction.py(wrapper):7] Screen.MainWindow : closeEvent 실행 시작
[2022-09-22 11:20:00.889][I][AutoBaseFunction.py(wrapper):8] Parameter : <PyQt5.QtGui.QCloseEvent object at 0x000001CB33DF95E8>
