[2022-09-26 17:29:12.638][D][LogManager.py(Init):12] LogManager Init function called !!!
[2022-09-26 17:29:12.653][I][AutoBaseFunction.py(wrapper):7] Screen.MainWindow : setupUi 실행 시작
[2022-09-26 17:29:12.654][I][AutoBaseFunction.py(wrapper):8] Parameter : 
[2022-09-26 17:29:12.669][I][AutoBaseFunction.py(wrapper):7] Screen.MainWindow : set_field 실행 시작
[2022-09-26 17:29:12.670][I][AutoBaseFunction.py(wrapper):8] Parameter : 
[2022-09-26 17:29:12.699][I][AutoBaseFunction.py(wrapper):14] Screen.MainWindow : set_field 실행 종료
[2022-09-26 17:29:12.699][I][AutoBaseFunction.py(wrapper):7] Screen.MainWindow : setWidget_func 실행 시작
[2022-09-26 17:29:12.699][I][AutoBaseFunction.py(wrapper):8] Parameter : 
[2022-09-26 17:29:12.702][I][AutoBaseFunction.py(wrapper):14] Screen.MainWindow : setWidget_func 실행 종료
[2022-09-26 17:29:12.705][I][AutoBaseFunction.py(wrapper):14] Screen.MainWindow : setupUi 실행 종료
[2022-09-26 17:29:12.724][I][AutoBaseFunction.py(wrapper):7] __main__ : __set_slot 실행 시작
[2022-09-26 17:29:12.724][I][AutoBaseFunction.py(wrapper):8] Parameter : 
[2022-09-26 17:29:12.725][I][AutoBaseFunction.py(wrapper):14] __main__ : __set_slot 실행 종료
[2022-09-26 17:29:12.725][I][AutoBaseFunction.py(wrapper):7] __main__ : __wigets_setupUi 실행 시작
[2022-09-26 17:29:12.726][I][AutoBaseFunction.py(wrapper):8] Parameter : 
[2022-09-26 17:29:12.726][I][AutoBaseFunction.py(wrapper):7] Screen.Setup_Language : setupUI_Language 실행 시작
[2022-09-26 17:29:12.726][I][AutoBaseFunction.py(wrapper):8] Parameter : 
[2022-09-26 17:29:12.727][I][AutoBaseFunction.py(wrapper):7] Screen.Setup_Language : sl_set_slot 실행 시작
[2022-09-26 17:29:12.728][I][AutoBaseFunction.py(wrapper):8] Parameter : 
[2022-09-26 17:29:12.728][I][AutoBaseFunction.py(wrapper):14] Screen.Setup_Language : sl_set_slot 실행 종료
[2022-09-26 17:29:12.729][I][AutoBaseFunction.py(wrapper):14] Screen.Setup_Language : setupUI_Language 실행 종료
[2022-09-26 17:29:12.729][I][AutoBaseFunction.py(wrapper):7] Screen.Menu_CreateExcel : setupUI_CreateExcel 실행 시작
[2022-09-26 17:29:12.729][I][AutoBaseFunction.py(wrapper):8] Parameter : 
[2022-09-26 17:29:12.730][I][AutoBaseFunction.py(wrapper):7] Screen.Menu_CreateExcel : new_excel_func 실행 시작
[2022-09-26 17:29:12.730][I][AutoBaseFunction.py(wrapper):8] Parameter : 
[2022-09-26 17:29:12.731][I][AutoBaseFunction.py(wrapper):14] Screen.Menu_CreateExcel : new_excel_func 실행 종료
[2022-09-26 17:29:12.731][I][AutoBaseFunction.py(wrapper):7] Screen.Menu_CreateExcel : set_excel_func 실행 시작
[2022-09-26 17:29:12.732][I][AutoBaseFunction.py(wrapper):8] Parameter : 
[2022-09-26 17:29:12.732][I][AutoBaseFunction.py(wrapper):14] Screen.Menu_CreateExcel : set_excel_func 실행 종료
[2022-09-26 17:29:12.733][I][AutoBaseFunction.py(wrapper):14] Screen.Menu_CreateExcel : setupUI_CreateExcel 실행 종료
[2022-09-26 17:29:12.733][I][AutoBaseFunction.py(wrapper):7] Screen.Setup_Field : setupUI_Field 실행 시작
[2022-09-26 17:29:12.733][I][AutoBaseFunction.py(wrapper):8] Parameter : 
[2022-09-26 17:29:12.734][I][AutoBaseFunction.py(wrapper):7] Screen.Setup_Field : set_data 실행 시작
[2022-09-26 17:29:12.734][I][AutoBaseFunction.py(wrapper):8] Parameter : 
[2022-09-26 17:29:12.735][I][AutoBaseFunction.py(wrapper):14] Screen.Setup_Field : set_data 실행 종료
[2022-09-26 17:29:12.972][I][AutoBaseFunction.py(wrapper):7] Screen.Setup_Field : set_data 실행 시작
[2022-09-26 17:29:12.972][I][AutoBaseFunction.py(wrapper):8] Parameter : 
[2022-09-26 17:29:12.973][I][AutoBaseFunction.py(wrapper):14] Screen.Setup_Field : set_data 실행 종료
[2022-09-26 17:29:12.973][I][AutoBaseFunction.py(wrapper):7] Screen.Setup_Field : set_data 실행 시작
[2022-09-26 17:29:12.973][I][AutoBaseFunction.py(wrapper):8] Parameter : 
[2022-09-26 17:29:12.974][I][AutoBaseFunction.py(wrapper):14] Screen.Setup_Field : set_data 실행 종료
[2022-09-26 17:29:12.974][I][AutoBaseFunction.py(wrapper):7] Screen.Setup_Field : set_data 실행 시작
[2022-09-26 17:29:12.974][I][AutoBaseFunction.py(wrapper):8] Parameter : 
[2022-09-26 17:29:12.975][I][AutoBaseFunction.py(wrapper):14] Screen.Setup_Field : set_data 실행 종료
[2022-09-26 17:29:12.975][I][AutoBaseFunction.py(wrapper):7] Screen.Setup_Field : set_data 실행 시작
[2022-09-26 17:29:12.976][I][AutoBaseFunction.py(wrapper):8] Parameter : 
[2022-09-26 17:29:12.976][I][AutoBaseFunction.py(wrapper):14] Screen.Setup_Field : set_data 실행 종료
[2022-09-26 17:29:12.976][I][AutoBaseFunction.py(wrapper):7] Screen.Setup_Field : set_data 실행 시작
[2022-09-26 17:29:12.976][I][AutoBaseFunction.py(wrapper):8] Parameter : 
[2022-09-26 17:29:12.977][I][AutoBaseFunction.py(wrapper):14] Screen.Setup_Field : set_data 실행 종료
[2022-09-26 17:29:12.978][I][AutoBaseFunction.py(wrapper):7] Screen.Setup_Field : sl_set_slot 실행 시작
[2022-09-26 17:29:12.978][I][AutoBaseFunction.py(wrapper):8] Parameter : 
[2022-09-26 17:29:12.978][I][AutoBaseFunction.py(wrapper):14] Screen.Setup_Field : sl_set_slot 실행 종료
[2022-09-26 17:29:12.979][I][AutoBaseFunction.py(wrapper):14] Screen.Setup_Field : setupUI_Field 실행 종료
[2022-09-26 17:29:12.979][I][AutoBaseFunction.py(wrapper):7] Screen.Setup_TestList : setupUI_TestList 실행 시작
[2022-09-26 17:29:12.979][I][AutoBaseFunction.py(wrapper):8] Parameter : 
[2022-09-26 17:29:12.980][I][AutoBaseFunction.py(wrapper):7] Screen.Setup_TestList : btn_set_slot 실행 시작
[2022-09-26 17:29:12.981][I][AutoBaseFunction.py(wrapper):8] Parameter : 
[2022-09-26 17:29:12.981][I][AutoBaseFunction.py(wrapper):14] Screen.Setup_TestList : btn_set_slot 실행 종료
[2022-09-26 17:29:12.981][I][AutoBaseFunction.py(wrapper):14] Screen.Setup_TestList : setupUI_TestList 실행 종료
[2022-09-26 17:29:12.982][I][AutoBaseFunction.py(wrapper):14] __main__ : __wigets_setupUi 실행 종료
[2022-09-26 17:29:14.575][I][AutoBaseFunction.py(wrapper):7] __main__ : __sl_ui 실행 시작
[2022-09-26 17:29:14.575][I][AutoBaseFunction.py(wrapper):8] Parameter : False
[2022-09-26 17:29:14.576][I][AutoBaseFunction.py(wrapper):7] Screen.Setup_Language : setLang_Button 실행 시작
[2022-09-26 17:29:14.576][I][AutoBaseFunction.py(wrapper):8] Parameter : 
[2022-09-26 17:29:14.576][I][AutoBaseFunction.py(wrapper):14] Screen.Setup_Language : setLang_Button 실행 종료
[2022-09-26 17:29:14.587][I][AutoBaseFunction.py(wrapper):14] __main__ : __sl_ui 실행 종료
[2022-09-26 17:29:20.422][I][AutoBaseFunction.py(wrapper):7] Screen.Setup_Language : ok_Button_clicked 실행 시작
[2022-09-26 17:29:20.423][I][AutoBaseFunction.py(wrapper):8] Parameter : False
