[2022-09-22 11:07:06.281][D][LogManager.py(Init):12] LogManager Init function called !!!
[2022-09-22 11:07:06.294][I][AutoBaseFunction.py(wrapper):7] Screen.MainWindow : setupUi 실행 시작
[2022-09-22 11:07:06.294][I][AutoBaseFunction.py(wrapper):8] Parameter : 
[2022-09-22 11:07:06.309][I][AutoBaseFunction.py(wrapper):7] Screen.MainWindow : set_field 실행 시작
[2022-09-22 11:07:06.309][I][AutoBaseFunction.py(wrapper):8] Parameter : 
[2022-09-22 11:07:06.341][I][AutoBaseFunction.py(wrapper):14] Screen.MainWindow : set_field 실행 종료
[2022-09-22 11:07:06.342][I][AutoBaseFunction.py(wrapper):7] Screen.MainWindow : setWidget_func 실행 시작
[2022-09-22 11:07:06.342][I][AutoBaseFunction.py(wrapper):8] Parameter : 
[2022-09-22 11:07:06.344][I][AutoBaseFunction.py(wrapper):14] Screen.MainWindow : setWidget_func 실행 종료
[2022-09-22 11:07:06.346][I][AutoBaseFunction.py(wrapper):14] Screen.MainWindow : setupUi 실행 종료
[2022-09-22 11:07:06.353][I][AutoBaseFunction.py(wrapper):7] __main__ : __set_slot 실행 시작
[2022-09-22 11:07:06.353][I][AutoBaseFunction.py(wrapper):8] Parameter : 
[2022-09-22 11:07:06.353][I][AutoBaseFunction.py(wrapper):14] __main__ : __set_slot 실행 종료
[2022-09-22 11:07:06.354][I][AutoBaseFunction.py(wrapper):7] __main__ : __wigets_setupUi 실행 시작
[2022-09-22 11:07:06.354][I][AutoBaseFunction.py(wrapper):8] Parameter : 
[2022-09-22 11:07:06.354][I][AutoBaseFunction.py(wrapper):7] Screen.Setup_Language : setupUI_Language 실행 시작
[2022-09-22 11:07:06.355][I][AutoBaseFunction.py(wrapper):8] Parameter : 
[2022-09-22 11:07:06.355][I][AutoBaseFunction.py(wrapper):7] Screen.Setup_Language : sl_set_slot 실행 시작
[2022-09-22 11:07:06.356][I][AutoBaseFunction.py(wrapper):8] Parameter : 
[2022-09-22 11:07:06.356][I][AutoBaseFunction.py(wrapper):14] Screen.Setup_Language : sl_set_slot 실행 종료
[2022-09-22 11:07:06.356][I][AutoBaseFunction.py(wrapper):14] Screen.Setup_Language : setupUI_Language 실행 종료
[2022-09-22 11:07:06.356][I][AutoBaseFunction.py(wrapper):7] Screen.Menu_CreateExcel : setupUI_CreateExcel 실행 시작
[2022-09-22 11:07:06.357][I][AutoBaseFunction.py(wrapper):8] Parameter : 
[2022-09-22 11:07:06.358][I][AutoBaseFunction.py(wrapper):7] Screen.Menu_CreateExcel : new_excel_func 실행 시작
[2022-09-22 11:07:06.358][I][AutoBaseFunction.py(wrapper):8] Parameter : 
[2022-09-22 11:07:06.358][I][AutoBaseFunction.py(wrapper):14] Screen.Menu_CreateExcel : new_excel_func 실행 종료
[2022-09-22 11:07:06.358][I][AutoBaseFunction.py(wrapper):7] Screen.Menu_CreateExcel : set_excel_func 실행 시작
[2022-09-22 11:07:06.359][I][AutoBaseFunction.py(wrapper):8] Parameter : 
[2022-09-22 11:07:06.359][I][AutoBaseFunction.py(wrapper):14] Screen.Menu_CreateExcel : set_excel_func 실행 종료
[2022-09-22 11:07:06.360][I][AutoBaseFunction.py(wrapper):14] Screen.Menu_CreateExcel : setupUI_CreateExcel 실행 종료
[2022-09-22 11:07:06.360][I][AutoBaseFunction.py(wrapper):7] Screen.Setup_Field : setupUI_Field 실행 시작
[2022-09-22 11:07:06.360][I][AutoBaseFunction.py(wrapper):8] Parameter : 
[2022-09-22 11:07:06.361][I][AutoBaseFunction.py(wrapper):7] Screen.Setup_Field : set_data 실행 시작
[2022-09-22 11:07:06.361][I][AutoBaseFunction.py(wrapper):8] Parameter : 
[2022-09-22 11:07:06.361][I][AutoBaseFunction.py(wrapper):14] Screen.Setup_Field : set_data 실행 종료
[2022-09-22 11:07:06.590][I][AutoBaseFunction.py(wrapper):7] Screen.Setup_Field : set_data 실행 시작
[2022-09-22 11:07:06.591][I][AutoBaseFunction.py(wrapper):8] Parameter : 
[2022-09-22 11:07:06.591][I][AutoBaseFunction.py(wrapper):14] Screen.Setup_Field : set_data 실행 종료
[2022-09-22 11:07:06.592][I][AutoBaseFunction.py(wrapper):7] Screen.Setup_Field : set_data 실행 시작
[2022-09-22 11:07:06.592][I][AutoBaseFunction.py(wrapper):8] Parameter : 
[2022-09-22 11:07:06.592][I][AutoBaseFunction.py(wrapper):14] Screen.Setup_Field : set_data 실행 종료
[2022-09-22 11:07:06.593][I][AutoBaseFunction.py(wrapper):7] Screen.Setup_Field : set_data 실행 시작
[2022-09-22 11:07:06.593][I][AutoBaseFunction.py(wrapper):8] Parameter : 
[2022-09-22 11:07:06.593][I][AutoBaseFunction.py(wrapper):14] Screen.Setup_Field : set_data 실행 종료
[2022-09-22 11:07:06.594][I][AutoBaseFunction.py(wrapper):7] Screen.Setup_Field : set_data 실행 시작
[2022-09-22 11:07:06.594][I][AutoBaseFunction.py(wrapper):8] Parameter : 
[2022-09-22 11:07:06.594][I][AutoBaseFunction.py(wrapper):14] Screen.Setup_Field : set_data 실행 종료
[2022-09-22 11:07:06.595][I][AutoBaseFunction.py(wrapper):7] Screen.Setup_Field : set_data 실행 시작
[2022-09-22 11:07:06.595][I][AutoBaseFunction.py(wrapper):8] Parameter : 
[2022-09-22 11:07:06.595][I][AutoBaseFunction.py(wrapper):14] Screen.Setup_Field : set_data 실행 종료
[2022-09-22 11:07:06.595][I][AutoBaseFunction.py(wrapper):7] Screen.Setup_Field : sl_set_slot 실행 시작
[2022-09-22 11:07:06.595][I][AutoBaseFunction.py(wrapper):8] Parameter : 
[2022-09-22 11:07:06.596][I][AutoBaseFunction.py(wrapper):14] Screen.Setup_Field : sl_set_slot 실행 종료
[2022-09-22 11:07:06.596][I][AutoBaseFunction.py(wrapper):14] Screen.Setup_Field : setupUI_Field 실행 종료
[2022-09-22 11:07:06.596][I][AutoBaseFunction.py(wrapper):7] Screen.Setup_TestList : setupUI_TestList 실행 시작
[2022-09-22 11:07:06.596][I][AutoBaseFunction.py(wrapper):8] Parameter : 
[2022-09-22 11:07:06.597][I][AutoBaseFunction.py(wrapper):7] Screen.Setup_TestList : btn_set_slot 실행 시작
[2022-09-22 11:07:06.598][I][AutoBaseFunction.py(wrapper):8] Parameter : 
[2022-09-22 11:07:06.598][I][AutoBaseFunction.py(wrapper):14] Screen.Setup_TestList : btn_set_slot 실행 종료
[2022-09-22 11:07:06.599][I][AutoBaseFunction.py(wrapper):14] Screen.Setup_TestList : setupUI_TestList 실행 종료
[2022-09-22 11:07:06.599][I][AutoBaseFunction.py(wrapper):14] __main__ : __wigets_setupUi 실행 종료
[2022-09-22 11:07:07.327][I][AutoBaseFunction.py(wrapper):7] Screen.MainWindow : update_open_menu 실행 시작
[2022-09-22 11:07:07.328][I][AutoBaseFunction.py(wrapper):8] Parameter : 
[2022-09-22 11:07:07.329][I][AutoBaseFunction.py(wrapper):14] Screen.MainWindow : update_open_menu 실행 종료
[2022-09-22 11:07:16.446][I][AutoBaseFunction.py(wrapper):7] Screen.MainWindow : update_open_menu 실행 시작
[2022-09-22 11:07:16.447][I][AutoBaseFunction.py(wrapper):8] Parameter : 
[2022-09-22 11:07:16.448][I][AutoBaseFunction.py(wrapper):14] Screen.MainWindow : update_open_menu 실행 종료
[2022-09-22 11:07:16.966][I][AutoBaseFunction.py(wrapper):7] Screen.MainWindow : update_open_menu 실행 시작
[2022-09-22 11:07:16.966][I][AutoBaseFunction.py(wrapper):8] Parameter : 
[2022-09-22 11:07:16.968][I][AutoBaseFunction.py(wrapper):14] Screen.MainWindow : update_open_menu 실행 종료
