[2022-09-23 10:41:35.301][D][LogManager.py(Init):12] LogManager Init function called !!!
[2022-09-23 10:41:35.318][I][AutoBaseFunction.py(wrapper):7] Screen.MainWindow : setupUi 실행 시작
[2022-09-23 10:41:35.318][I][AutoBaseFunction.py(wrapper):8] Parameter : <Screen.MainWindow.MainWindow object at 0x000002EF4DD319D8>
[2022-09-23 10:41:35.337][I][AutoBaseFunction.py(wrapper):7] Screen.MainWindow : set_field 실행 시작
[2022-09-23 10:41:35.338][I][AutoBaseFunction.py(wrapper):8] Parameter : <Screen.MainWindow.MainWindow object at 0x000002EF4DD319D8>
[2022-09-23 10:41:35.368][I][AutoBaseFunction.py(wrapper):14] Screen.MainWindow : set_field 실행 종료
[2022-09-23 10:41:35.368][I][AutoBaseFunction.py(wrapper):7] Screen.MainWindow : setWidget_func 실행 시작
[2022-09-23 10:41:35.369][I][AutoBaseFunction.py(wrapper):8] Parameter : <Screen.MainWindow.MainWindow object at 0x000002EF4DD319D8>
[2022-09-23 10:41:35.370][I][AutoBaseFunction.py(wrapper):14] Screen.MainWindow : setWidget_func 실행 종료
[2022-09-23 10:41:35.373][I][AutoBaseFunction.py(wrapper):14] Screen.MainWindow : setupUi 실행 종료
[2022-09-23 10:41:35.378][I][AutoBaseFunction.py(wrapper):7] __main__ : __set_slot 실행 시작
[2022-09-23 10:41:35.379][I][AutoBaseFunction.py(wrapper):8] Parameter : <__main__.Main object at 0x000002EF4DD31828>
[2022-09-23 10:41:35.379][I][AutoBaseFunction.py(wrapper):14] __main__ : __set_slot 실행 종료
[2022-09-23 10:41:35.379][I][AutoBaseFunction.py(wrapper):7] __main__ : __wigets_setupUi 실행 시작
[2022-09-23 10:41:35.380][I][AutoBaseFunction.py(wrapper):8] Parameter : <__main__.Main object at 0x000002EF4DD31828>
[2022-09-23 10:41:35.380][I][AutoBaseFunction.py(wrapper):7] Screen.Setup_Language : setupUI_Language 실행 시작
[2022-09-23 10:41:35.380][I][AutoBaseFunction.py(wrapper):8] Parameter : <Screen.Setup_Language.UI_Setup_Language object at 0x000002EF4DDC08B8>
[2022-09-23 10:41:35.381][I][AutoBaseFunction.py(wrapper):7] Screen.Setup_Language : sl_set_slot 실행 시작
[2022-09-23 10:41:35.382][I][AutoBaseFunction.py(wrapper):8] Parameter : <Screen.Setup_Language.UI_Setup_Language object at 0x000002EF4DDC08B8>
[2022-09-23 10:41:35.382][I][AutoBaseFunction.py(wrapper):14] Screen.Setup_Language : sl_set_slot 실행 종료
[2022-09-23 10:41:35.382][I][AutoBaseFunction.py(wrapper):14] Screen.Setup_Language : setupUI_Language 실행 종료
[2022-09-23 10:41:35.382][I][AutoBaseFunction.py(wrapper):7] Screen.Menu_CreateExcel : setupUI_CreateExcel 실행 시작
[2022-09-23 10:41:35.382][I][AutoBaseFunction.py(wrapper):8] Parameter : <Screen.Menu_CreateExcel.UI_CreateExcel object at 0x000002EF4DDC5708>
[2022-09-23 10:41:35.383][I][AutoBaseFunction.py(wrapper):7] Screen.Menu_CreateExcel : new_excel_func 실행 시작
[2022-09-23 10:41:35.383][I][AutoBaseFunction.py(wrapper):8] Parameter : <Screen.Menu_CreateExcel.UI_CreateExcel object at 0x000002EF4DDC5708>
[2022-09-23 10:41:35.384][I][AutoBaseFunction.py(wrapper):14] Screen.Menu_CreateExcel : new_excel_func 실행 종료
[2022-09-23 10:41:35.384][I][AutoBaseFunction.py(wrapper):7] Screen.Menu_CreateExcel : set_excel_func 실행 시작
[2022-09-23 10:41:35.384][I][AutoBaseFunction.py(wrapper):8] Parameter : <Screen.Menu_CreateExcel.UI_CreateExcel object at 0x000002EF4DDC5708>
[2022-09-23 10:41:35.385][I][AutoBaseFunction.py(wrapper):14] Screen.Menu_CreateExcel : set_excel_func 실행 종료
[2022-09-23 10:41:35.385][I][AutoBaseFunction.py(wrapper):14] Screen.Menu_CreateExcel : setupUI_CreateExcel 실행 종료
[2022-09-23 10:41:35.386][I][AutoBaseFunction.py(wrapper):7] Screen.Setup_Field : setupUI_Field 실행 시작
[2022-09-23 10:41:35.386][I][AutoBaseFunction.py(wrapper):8] Parameter : <Screen.Setup_Field.UI_Setup_Field object at 0x000002EF4DDC0EE8>
[2022-09-23 10:41:35.387][I][AutoBaseFunction.py(wrapper):7] Screen.Setup_Field : set_data 실행 시작
[2022-09-23 10:41:35.387][I][AutoBaseFunction.py(wrapper):8] Parameter : <Screen.Setup_Field.UI_Setup_Field object at 0x000002EF4DDC0EE8>
[2022-09-23 10:41:35.387][I][AutoBaseFunction.py(wrapper):14] Screen.Setup_Field : set_data 실행 종료
[2022-09-23 10:41:35.621][I][AutoBaseFunction.py(wrapper):7] Screen.Setup_Field : set_data 실행 시작
[2022-09-23 10:41:35.621][I][AutoBaseFunction.py(wrapper):8] Parameter : <Screen.Setup_Field.UI_Setup_Field object at 0x000002EF4DDC0EE8>
[2022-09-23 10:41:35.622][I][AutoBaseFunction.py(wrapper):14] Screen.Setup_Field : set_data 실행 종료
[2022-09-23 10:41:35.622][I][AutoBaseFunction.py(wrapper):7] Screen.Setup_Field : set_data 실행 시작
[2022-09-23 10:41:35.622][I][AutoBaseFunction.py(wrapper):8] Parameter : <Screen.Setup_Field.UI_Setup_Field object at 0x000002EF4DDC0EE8>
[2022-09-23 10:41:35.623][I][AutoBaseFunction.py(wrapper):14] Screen.Setup_Field : set_data 실행 종료
[2022-09-23 10:41:35.623][I][AutoBaseFunction.py(wrapper):7] Screen.Setup_Field : set_data 실행 시작
[2022-09-23 10:41:35.623][I][AutoBaseFunction.py(wrapper):8] Parameter : <Screen.Setup_Field.UI_Setup_Field object at 0x000002EF4DDC0EE8>
[2022-09-23 10:41:35.624][I][AutoBaseFunction.py(wrapper):14] Screen.Setup_Field : set_data 실행 종료
[2022-09-23 10:41:35.624][I][AutoBaseFunction.py(wrapper):7] Screen.Setup_Field : set_data 실행 시작
[2022-09-23 10:41:35.624][I][AutoBaseFunction.py(wrapper):8] Parameter : <Screen.Setup_Field.UI_Setup_Field object at 0x000002EF4DDC0EE8>
[2022-09-23 10:41:35.625][I][AutoBaseFunction.py(wrapper):14] Screen.Setup_Field : set_data 실행 종료
[2022-09-23 10:41:35.625][I][AutoBaseFunction.py(wrapper):7] Screen.Setup_Field : set_data 실행 시작
[2022-09-23 10:41:35.625][I][AutoBaseFunction.py(wrapper):8] Parameter : <Screen.Setup_Field.UI_Setup_Field object at 0x000002EF4DDC0EE8>
[2022-09-23 10:41:35.626][I][AutoBaseFunction.py(wrapper):14] Screen.Setup_Field : set_data 실행 종료
[2022-09-23 10:41:35.626][I][AutoBaseFunction.py(wrapper):7] Screen.Setup_Field : sl_set_slot 실행 시작
[2022-09-23 10:41:35.626][I][AutoBaseFunction.py(wrapper):8] Parameter : <Screen.Setup_Field.UI_Setup_Field object at 0x000002EF4DDC0EE8>
[2022-09-23 10:41:35.626][I][AutoBaseFunction.py(wrapper):14] Screen.Setup_Field : sl_set_slot 실행 종료
[2022-09-23 10:41:35.626][I][AutoBaseFunction.py(wrapper):14] Screen.Setup_Field : setupUI_Field 실행 종료
[2022-09-23 10:41:35.627][I][AutoBaseFunction.py(wrapper):7] Screen.Setup_TestList : setupUI_TestList 실행 시작
[2022-09-23 10:41:35.627][I][AutoBaseFunction.py(wrapper):8] Parameter : <Screen.Setup_TestList.UI_TestList object at 0x000002EF4DDC55E8>
[2022-09-23 10:41:35.628][I][AutoBaseFunction.py(wrapper):7] Screen.Setup_TestList : btn_set_slot 실행 시작
[2022-09-23 10:41:35.628][I][AutoBaseFunction.py(wrapper):8] Parameter : <Screen.Setup_TestList.UI_TestList object at 0x000002EF4DDC55E8>
[2022-09-23 10:41:35.628][I][AutoBaseFunction.py(wrapper):14] Screen.Setup_TestList : btn_set_slot 실행 종료
[2022-09-23 10:41:35.628][I][AutoBaseFunction.py(wrapper):14] Screen.Setup_TestList : setupUI_TestList 실행 종료
[2022-09-23 10:41:35.628][I][AutoBaseFunction.py(wrapper):14] __main__ : __wigets_setupUi 실행 종료
[2022-09-23 10:41:37.006][I][AutoBaseFunction.py(wrapper):7] Screen.MainWindow : update_open_menu 실행 시작
[2022-09-23 10:41:37.007][I][AutoBaseFunction.py(wrapper):8] Parameter : <Screen.MainWindow.MainWindow object at 0x000002EF4DD319D8>
[2022-09-23 10:41:37.008][I][AutoBaseFunction.py(wrapper):14] Screen.MainWindow : update_open_menu 실행 종료
[2022-09-23 10:41:37.948][I][AutoBaseFunction.py(wrapper):7] Screen.MainWindow : show_imgList 실행 시작
[2022-09-23 10:41:37.948][I][AutoBaseFunction.py(wrapper):8] Parameter : <Screen.MainWindow.MainWindow object at 0x000002EF4DD319D8>, 한국어, True, True
