[2022-09-23 09:51:55.421][D][LogManager.py(Init):12] LogManager Init function called !!!
[2022-09-23 09:51:55.433][I][AutoBaseFunction.py(wrapper):7] Screen.MainWindow : setupUi 실행 시작
[2022-09-23 09:51:55.433][I][AutoBaseFunction.py(wrapper):8] Parameter : 
[2022-09-23 09:51:55.449][I][AutoBaseFunction.py(wrapper):7] Screen.MainWindow : set_field 실행 시작
[2022-09-23 09:51:55.449][I][AutoBaseFunction.py(wrapper):8] Parameter : 
[2022-09-23 09:51:55.476][I][AutoBaseFunction.py(wrapper):14] Screen.MainWindow : set_field 실행 종료
[2022-09-23 09:51:55.476][I][AutoBaseFunction.py(wrapper):7] Screen.MainWindow : setWidget_func 실행 시작
[2022-09-23 09:51:55.477][I][AutoBaseFunction.py(wrapper):8] Parameter : 
[2022-09-23 09:51:55.478][I][AutoBaseFunction.py(wrapper):14] Screen.MainWindow : setWidget_func 실행 종료
[2022-09-23 09:51:55.480][I][AutoBaseFunction.py(wrapper):14] Screen.MainWindow : setupUi 실행 종료
[2022-09-23 09:51:55.486][I][AutoBaseFunction.py(wrapper):7] __main__ : __set_slot 실행 시작
[2022-09-23 09:51:55.486][I][AutoBaseFunction.py(wrapper):8] Parameter : 
[2022-09-23 09:51:55.487][I][AutoBaseFunction.py(wrapper):14] __main__ : __set_slot 실행 종료
[2022-09-23 09:51:55.487][I][AutoBaseFunction.py(wrapper):7] __main__ : __wigets_setupUi 실행 시작
[2022-09-23 09:51:55.487][I][AutoBaseFunction.py(wrapper):8] Parameter : 
[2022-09-23 09:51:55.487][I][AutoBaseFunction.py(wrapper):7] Screen.Setup_Language : setupUI_Language 실행 시작
[2022-09-23 09:51:55.488][I][AutoBaseFunction.py(wrapper):8] Parameter : 
[2022-09-23 09:51:55.489][I][AutoBaseFunction.py(wrapper):7] Screen.Setup_Language : sl_set_slot 실행 시작
[2022-09-23 09:51:55.489][I][AutoBaseFunction.py(wrapper):8] Parameter : 
[2022-09-23 09:51:55.489][I][AutoBaseFunction.py(wrapper):14] Screen.Setup_Language : sl_set_slot 실행 종료
[2022-09-23 09:51:55.489][I][AutoBaseFunction.py(wrapper):14] Screen.Setup_Language : setupUI_Language 실행 종료
[2022-09-23 09:51:55.490][I][AutoBaseFunction.py(wrapper):7] Screen.Menu_CreateExcel : setupUI_CreateExcel 실행 시작
[2022-09-23 09:51:55.490][I][AutoBaseFunction.py(wrapper):8] Parameter : 
[2022-09-23 09:51:55.491][I][AutoBaseFunction.py(wrapper):7] Screen.Menu_CreateExcel : new_excel_func 실행 시작
[2022-09-23 09:51:55.491][I][AutoBaseFunction.py(wrapper):8] Parameter : 
[2022-09-23 09:51:55.492][I][AutoBaseFunction.py(wrapper):14] Screen.Menu_CreateExcel : new_excel_func 실행 종료
[2022-09-23 09:51:55.492][I][AutoBaseFunction.py(wrapper):7] Screen.Menu_CreateExcel : set_excel_func 실행 시작
[2022-09-23 09:51:55.492][I][AutoBaseFunction.py(wrapper):8] Parameter : 
[2022-09-23 09:51:55.492][I][AutoBaseFunction.py(wrapper):14] Screen.Menu_CreateExcel : set_excel_func 실행 종료
[2022-09-23 09:51:55.493][I][AutoBaseFunction.py(wrapper):14] Screen.Menu_CreateExcel : setupUI_CreateExcel 실행 종료
[2022-09-23 09:51:55.493][I][AutoBaseFunction.py(wrapper):7] Screen.Setup_Field : setupUI_Field 실행 시작
[2022-09-23 09:51:55.493][I][AutoBaseFunction.py(wrapper):8] Parameter : 
[2022-09-23 09:51:55.494][I][AutoBaseFunction.py(wrapper):7] Screen.Setup_Field : set_data 실행 시작
[2022-09-23 09:51:55.494][I][AutoBaseFunction.py(wrapper):8] Parameter : 
[2022-09-23 09:51:55.494][I][AutoBaseFunction.py(wrapper):14] Screen.Setup_Field : set_data 실행 종료
[2022-09-23 09:51:55.739][I][AutoBaseFunction.py(wrapper):7] Screen.Setup_Field : set_data 실행 시작
[2022-09-23 09:51:55.740][I][AutoBaseFunction.py(wrapper):8] Parameter : 
[2022-09-23 09:51:55.740][I][AutoBaseFunction.py(wrapper):14] Screen.Setup_Field : set_data 실행 종료
[2022-09-23 09:51:55.741][I][AutoBaseFunction.py(wrapper):7] Screen.Setup_Field : set_data 실행 시작
[2022-09-23 09:51:55.741][I][AutoBaseFunction.py(wrapper):8] Parameter : 
[2022-09-23 09:51:55.741][I][AutoBaseFunction.py(wrapper):14] Screen.Setup_Field : set_data 실행 종료
[2022-09-23 09:51:55.741][I][AutoBaseFunction.py(wrapper):7] Screen.Setup_Field : set_data 실행 시작
[2022-09-23 09:51:55.742][I][AutoBaseFunction.py(wrapper):8] Parameter : 
[2022-09-23 09:51:55.742][I][AutoBaseFunction.py(wrapper):14] Screen.Setup_Field : set_data 실행 종료
[2022-09-23 09:51:55.743][I][AutoBaseFunction.py(wrapper):7] Screen.Setup_Field : set_data 실행 시작
[2022-09-23 09:51:55.743][I][AutoBaseFunction.py(wrapper):8] Parameter : 
[2022-09-23 09:51:55.743][I][AutoBaseFunction.py(wrapper):14] Screen.Setup_Field : set_data 실행 종료
[2022-09-23 09:51:55.743][I][AutoBaseFunction.py(wrapper):7] Screen.Setup_Field : set_data 실행 시작
[2022-09-23 09:51:55.744][I][AutoBaseFunction.py(wrapper):8] Parameter : 
[2022-09-23 09:51:55.744][I][AutoBaseFunction.py(wrapper):14] Screen.Setup_Field : set_data 실행 종료
[2022-09-23 09:51:55.744][I][AutoBaseFunction.py(wrapper):7] Screen.Setup_Field : sl_set_slot 실행 시작
[2022-09-23 09:51:55.745][I][AutoBaseFunction.py(wrapper):8] Parameter : 
[2022-09-23 09:51:55.745][I][AutoBaseFunction.py(wrapper):14] Screen.Setup_Field : sl_set_slot 실행 종료
[2022-09-23 09:51:55.745][I][AutoBaseFunction.py(wrapper):14] Screen.Setup_Field : setupUI_Field 실행 종료
[2022-09-23 09:51:55.745][I][AutoBaseFunction.py(wrapper):7] Screen.Setup_TestList : setupUI_TestList 실행 시작
[2022-09-23 09:51:55.745][I][AutoBaseFunction.py(wrapper):8] Parameter : 
[2022-09-23 09:51:55.746][I][AutoBaseFunction.py(wrapper):7] Screen.Setup_TestList : btn_set_slot 실행 시작
[2022-09-23 09:51:55.747][I][AutoBaseFunction.py(wrapper):8] Parameter : 
[2022-09-23 09:51:55.747][I][AutoBaseFunction.py(wrapper):14] Screen.Setup_TestList : btn_set_slot 실행 종료
[2022-09-23 09:51:55.747][I][AutoBaseFunction.py(wrapper):14] Screen.Setup_TestList : setupUI_TestList 실행 종료
[2022-09-23 09:51:55.747][I][AutoBaseFunction.py(wrapper):14] __main__ : __wigets_setupUi 실행 종료
[2022-09-23 09:51:57.641][I][AutoBaseFunction.py(wrapper):7] __main__ : __sl_ui 실행 시작
[2022-09-23 09:51:57.642][I][AutoBaseFunction.py(wrapper):8] Parameter : False
[2022-09-23 09:51:57.642][I][AutoBaseFunction.py(wrapper):7] Screen.Setup_Language : setLang_Button 실행 시작
[2022-09-23 09:51:57.642][I][AutoBaseFunction.py(wrapper):8] Parameter : 
[2022-09-23 09:51:57.644][I][AutoBaseFunction.py(wrapper):14] Screen.Setup_Language : setLang_Button 실행 종료
[2022-09-23 09:51:57.655][I][AutoBaseFunction.py(wrapper):14] __main__ : __sl_ui 실행 종료
[2022-09-23 09:51:58.847][I][AutoBaseFunction.py(wrapper):7] Screen.Setup_Language : ok_Button_clicked 실행 시작
[2022-09-23 09:51:58.848][I][AutoBaseFunction.py(wrapper):8] Parameter : False
[2022-09-23 09:51:58.941][I][AutoBaseFunction.py(wrapper):7] Screen.Setup_Language : closeEvent 실행 시작
[2022-09-23 09:51:58.941][I][AutoBaseFunction.py(wrapper):8] Parameter : <PyQt5.QtGui.QCloseEvent object at 0x0000021A4FAEA678>
[2022-09-23 09:51:58.942][I][AutoBaseFunction.py(wrapper):14] Screen.Setup_Language : closeEvent 실행 종료
[2022-09-23 09:51:58.947][I][AutoBaseFunction.py(wrapper):14] Screen.Setup_Language : ok_Button_clicked 실행 종료
[2022-09-23 09:52:01.851][I][AutoBaseFunction.py(wrapper):7] Screen.MainWindow : update_open_menu 실행 시작
[2022-09-23 09:52:01.851][I][AutoBaseFunction.py(wrapper):8] Parameter : 
[2022-09-23 09:52:01.852][I][AutoBaseFunction.py(wrapper):14] Screen.MainWindow : update_open_menu 실행 종료
[2022-09-23 09:52:02.865][I][AutoBaseFunction.py(wrapper):7] Screen.MainWindow : show_imgList 실행 시작
[2022-09-23 09:52:02.865][I][AutoBaseFunction.py(wrapper):8] Parameter : ('한국어', 'D:/test/TestList_CSV/2022_skillup'), True, True
[2022-09-23 09:52:02.867][W][LogManager.py(set_warn):86] : Traceback (most recent call last):
  File "D:\test\TestList_CSV\2022_skillup\Helper\AutoBaseFunction.py", line 13, in wrapper
    func(self, *args, **key)
TypeError: show_imgList() takes 3 positional arguments but 4 were given

[2022-09-23 09:52:41.280][I][AutoBaseFunction.py(wrapper):7] Screen.MainWindow : closeEvent 실행 시작
[2022-09-23 09:52:41.280][I][AutoBaseFunction.py(wrapper):8] Parameter : <PyQt5.QtGui.QCloseEvent object at 0x0000021A4FB041F8>
