[2022-09-20 16:22:28.731][D][LogManager.py(Init):12] LogManager Init function called !!!
[2022-09-20 16:22:28.744][I][AutoBaseFunction.py(wrapper):7] Screen.MainWindow : setupUi 실행 시작
[2022-09-20 16:22:28.744][I][AutoBaseFunction.py(wrapper):8] Parameter : 
[2022-09-20 16:22:28.760][I][AutoBaseFunction.py(wrapper):7] Screen.MainWindow : set_field 실행 시작
[2022-09-20 16:22:28.760][I][AutoBaseFunction.py(wrapper):8] Parameter : 
[2022-09-20 16:22:28.786][I][AutoBaseFunction.py(wrapper):14] Screen.MainWindow : set_field 실행 종료
[2022-09-20 16:22:28.787][I][AutoBaseFunction.py(wrapper):7] Screen.MainWindow : setWidget_func 실행 시작
[2022-09-20 16:22:28.787][I][AutoBaseFunction.py(wrapper):8] Parameter : 
[2022-09-20 16:22:28.788][I][AutoBaseFunction.py(wrapper):14] Screen.MainWindow : setWidget_func 실행 종료
[2022-09-20 16:22:28.790][I][AutoBaseFunction.py(wrapper):14] Screen.MainWindow : setupUi 실행 종료
[2022-09-20 16:22:28.797][I][AutoBaseFunction.py(wrapper):7] __main__ : __set_slot 실행 시작
[2022-09-20 16:22:28.797][I][AutoBaseFunction.py(wrapper):8] Parameter : 
[2022-09-20 16:22:28.797][I][AutoBaseFunction.py(wrapper):14] __main__ : __set_slot 실행 종료
[2022-09-20 16:22:28.798][I][AutoBaseFunction.py(wrapper):7] __main__ : __wigets_setupUi 실행 시작
[2022-09-20 16:22:28.798][I][AutoBaseFunction.py(wrapper):8] Parameter : 
[2022-09-20 16:22:28.798][I][AutoBaseFunction.py(wrapper):7] Screen.Setup_Language : setupUI_Language 실행 시작
[2022-09-20 16:22:28.798][I][AutoBaseFunction.py(wrapper):8] Parameter : 
[2022-09-20 16:22:28.800][I][AutoBaseFunction.py(wrapper):7] Screen.Setup_Language : sl_set_slot 실행 시작
[2022-09-20 16:22:28.800][I][AutoBaseFunction.py(wrapper):8] Parameter : 
[2022-09-20 16:22:28.800][I][AutoBaseFunction.py(wrapper):14] Screen.Setup_Language : sl_set_slot 실행 종료
[2022-09-20 16:22:28.801][I][AutoBaseFunction.py(wrapper):14] Screen.Setup_Language : setupUI_Language 실행 종료
[2022-09-20 16:22:28.801][I][AutoBaseFunction.py(wrapper):7] Screen.Menu_CreateExcel : setupUI_CreateExcel 실행 시작
[2022-09-20 16:22:28.801][I][AutoBaseFunction.py(wrapper):8] Parameter : 
[2022-09-20 16:22:28.802][I][AutoBaseFunction.py(wrapper):7] Screen.Menu_CreateExcel : new_excel_func 실행 시작
[2022-09-20 16:22:28.803][I][AutoBaseFunction.py(wrapper):8] Parameter : 
[2022-09-20 16:22:28.803][I][AutoBaseFunction.py(wrapper):14] Screen.Menu_CreateExcel : new_excel_func 실행 종료
[2022-09-20 16:22:28.803][I][AutoBaseFunction.py(wrapper):7] Screen.Menu_CreateExcel : set_excel_func 실행 시작
[2022-09-20 16:22:28.804][I][AutoBaseFunction.py(wrapper):8] Parameter : 
[2022-09-20 16:22:28.804][I][AutoBaseFunction.py(wrapper):14] Screen.Menu_CreateExcel : set_excel_func 실행 종료
[2022-09-20 16:22:28.804][I][AutoBaseFunction.py(wrapper):14] Screen.Menu_CreateExcel : setupUI_CreateExcel 실행 종료
[2022-09-20 16:22:28.805][I][AutoBaseFunction.py(wrapper):7] Screen.Setup_Field : setupUI_Field 실행 시작
[2022-09-20 16:22:28.805][I][AutoBaseFunction.py(wrapper):8] Parameter : 
[2022-09-20 16:22:28.805][I][AutoBaseFunction.py(wrapper):7] Screen.Setup_Field : set_data 실행 시작
[2022-09-20 16:22:28.805][I][AutoBaseFunction.py(wrapper):8] Parameter : 
[2022-09-20 16:22:28.806][I][AutoBaseFunction.py(wrapper):14] Screen.Setup_Field : set_data 실행 종료
[2022-09-20 16:22:29.061][I][AutoBaseFunction.py(wrapper):7] Screen.Setup_Field : set_data 실행 시작
[2022-09-20 16:22:29.061][I][AutoBaseFunction.py(wrapper):8] Parameter : 
[2022-09-20 16:22:29.061][I][AutoBaseFunction.py(wrapper):14] Screen.Setup_Field : set_data 실행 종료
[2022-09-20 16:22:29.062][I][AutoBaseFunction.py(wrapper):7] Screen.Setup_Field : set_data 실행 시작
[2022-09-20 16:22:29.062][I][AutoBaseFunction.py(wrapper):8] Parameter : 
[2022-09-20 16:22:29.062][I][AutoBaseFunction.py(wrapper):14] Screen.Setup_Field : set_data 실행 종료
[2022-09-20 16:22:29.063][I][AutoBaseFunction.py(wrapper):7] Screen.Setup_Field : set_data 실행 시작
[2022-09-20 16:22:29.063][I][AutoBaseFunction.py(wrapper):8] Parameter : 
[2022-09-20 16:22:29.064][I][AutoBaseFunction.py(wrapper):14] Screen.Setup_Field : set_data 실행 종료
[2022-09-20 16:22:29.064][I][AutoBaseFunction.py(wrapper):7] Screen.Setup_Field : set_data 실행 시작
[2022-09-20 16:22:29.064][I][AutoBaseFunction.py(wrapper):8] Parameter : 
[2022-09-20 16:22:29.065][I][AutoBaseFunction.py(wrapper):14] Screen.Setup_Field : set_data 실행 종료
[2022-09-20 16:22:29.065][I][AutoBaseFunction.py(wrapper):7] Screen.Setup_Field : set_data 실행 시작
[2022-09-20 16:22:29.065][I][AutoBaseFunction.py(wrapper):8] Parameter : 
[2022-09-20 16:22:29.066][I][AutoBaseFunction.py(wrapper):14] Screen.Setup_Field : set_data 실행 종료
[2022-09-20 16:22:29.066][I][AutoBaseFunction.py(wrapper):7] Screen.Setup_Field : sl_set_slot 실행 시작
[2022-09-20 16:22:29.066][I][AutoBaseFunction.py(wrapper):8] Parameter : 
[2022-09-20 16:22:29.067][I][AutoBaseFunction.py(wrapper):14] Screen.Setup_Field : sl_set_slot 실행 종료
[2022-09-20 16:22:29.067][I][AutoBaseFunction.py(wrapper):14] Screen.Setup_Field : setupUI_Field 실행 종료
[2022-09-20 16:22:29.067][I][AutoBaseFunction.py(wrapper):7] Screen.Setup_TestList : setupUI_TestList 실행 시작
[2022-09-20 16:22:29.067][I][AutoBaseFunction.py(wrapper):8] Parameter : 
[2022-09-20 16:22:29.068][I][AutoBaseFunction.py(wrapper):7] Screen.Setup_TestList : btn_set_slot 실행 시작
[2022-09-20 16:22:29.069][I][AutoBaseFunction.py(wrapper):8] Parameter : 
[2022-09-20 16:22:29.069][I][AutoBaseFunction.py(wrapper):14] Screen.Setup_TestList : btn_set_slot 실행 종료
[2022-09-20 16:22:29.069][I][AutoBaseFunction.py(wrapper):14] Screen.Setup_TestList : setupUI_TestList 실행 종료
[2022-09-20 16:22:29.069][I][AutoBaseFunction.py(wrapper):14] __main__ : __wigets_setupUi 실행 종료
[2022-09-20 16:22:30.776][I][AutoBaseFunction.py(wrapper):7] __main__ : __sl_ui 실행 시작
[2022-09-20 16:22:30.777][I][AutoBaseFunction.py(wrapper):8] Parameter : False
[2022-09-20 16:22:30.777][I][AutoBaseFunction.py(wrapper):7] Screen.Setup_Language : setLang_Button 실행 시작
[2022-09-20 16:22:30.778][I][AutoBaseFunction.py(wrapper):8] Parameter : 
[2022-09-20 16:22:30.779][I][AutoBaseFunction.py(wrapper):14] Screen.Setup_Language : setLang_Button 실행 종료
[2022-09-20 16:22:30.792][I][AutoBaseFunction.py(wrapper):14] __main__ : __sl_ui 실행 종료
[2022-09-20 16:22:45.806][I][AutoBaseFunction.py(wrapper):7] Screen.Setup_Language : ok_Button_clicked 실행 시작
[2022-09-20 16:22:45.807][I][AutoBaseFunction.py(wrapper):8] Parameter : False
[2022-09-20 16:22:45.899][I][AutoBaseFunction.py(wrapper):7] Screen.Setup_Language : closeEvent 실행 시작
[2022-09-20 16:22:45.899][I][AutoBaseFunction.py(wrapper):8] Parameter : <PyQt5.QtGui.QCloseEvent object at 0x000002BCBDB06DC8>
[2022-09-20 16:22:45.900][I][AutoBaseFunction.py(wrapper):14] Screen.Setup_Language : closeEvent 실행 종료
[2022-09-20 16:22:45.903][I][AutoBaseFunction.py(wrapper):14] Screen.Setup_Language : ok_Button_clicked 실행 종료
[2022-09-20 16:22:48.243][I][AutoBaseFunction.py(wrapper):7] Screen.MainWindow : update_open_menu 실행 시작
[2022-09-20 16:22:48.243][I][AutoBaseFunction.py(wrapper):8] Parameter : 
[2022-09-20 16:22:48.245][I][AutoBaseFunction.py(wrapper):14] Screen.MainWindow : update_open_menu 실행 종료
[2022-09-20 16:22:48.671][I][AutoBaseFunction.py(wrapper):7] Screen.MainWindow : update_open_menu 실행 시작
[2022-09-20 16:22:48.671][I][AutoBaseFunction.py(wrapper):8] Parameter : 
[2022-09-20 16:22:48.673][I][AutoBaseFunction.py(wrapper):14] Screen.MainWindow : update_open_menu 실행 종료
[2022-09-20 17:24:23.371][I][AutoBaseFunction.py(wrapper):7] Screen.MainWindow : closeEvent 실행 시작
[2022-09-20 17:24:23.371][I][AutoBaseFunction.py(wrapper):8] Parameter : <PyQt5.QtGui.QCloseEvent object at 0x000002BCBDB801F8>
