[2022-09-23 12:10:37.506][D][LogManager.py(Init):12] LogManager Init function called !!!
[2022-09-23 12:10:37.520][I][AutoBaseFunction.py(wrapper):7] Screen.MainWindow : setupUi 실행 시작
[2022-09-23 12:10:37.521][I][AutoBaseFunction.py(wrapper):8] Parameter : 
[2022-09-23 12:10:37.544][I][AutoBaseFunction.py(wrapper):7] Screen.MainWindow : set_field 실행 시작
[2022-09-23 12:10:37.545][I][AutoBaseFunction.py(wrapper):8] Parameter : 
[2022-09-23 12:10:37.580][I][AutoBaseFunction.py(wrapper):14] Screen.MainWindow : set_field 실행 종료
[2022-09-23 12:10:37.581][I][AutoBaseFunction.py(wrapper):7] Screen.MainWindow : setWidget_func 실행 시작
[2022-09-23 12:10:37.581][I][AutoBaseFunction.py(wrapper):8] Parameter : 
[2022-09-23 12:10:37.583][I][AutoBaseFunction.py(wrapper):14] Screen.MainWindow : setWidget_func 실행 종료
[2022-09-23 12:10:37.585][I][AutoBaseFunction.py(wrapper):14] Screen.MainWindow : setupUi 실행 종료
[2022-09-23 12:10:37.591][I][AutoBaseFunction.py(wrapper):7] __main__ : __set_slot 실행 시작
[2022-09-23 12:10:37.591][I][AutoBaseFunction.py(wrapper):8] Parameter : 
[2022-09-23 12:10:37.592][I][AutoBaseFunction.py(wrapper):14] __main__ : __set_slot 실행 종료
[2022-09-23 12:10:37.592][I][AutoBaseFunction.py(wrapper):7] __main__ : __wigets_setupUi 실행 시작
[2022-09-23 12:10:37.592][I][AutoBaseFunction.py(wrapper):8] Parameter : 
[2022-09-23 12:10:37.593][I][AutoBaseFunction.py(wrapper):7] Screen.Setup_Language : setupUI_Language 실행 시작
[2022-09-23 12:10:37.593][I][AutoBaseFunction.py(wrapper):8] Parameter : 
[2022-09-23 12:10:37.594][I][AutoBaseFunction.py(wrapper):7] Screen.Setup_Language : sl_set_slot 실행 시작
[2022-09-23 12:10:37.594][I][AutoBaseFunction.py(wrapper):8] Parameter : 
[2022-09-23 12:10:37.594][I][AutoBaseFunction.py(wrapper):14] Screen.Setup_Language : sl_set_slot 실행 종료
[2022-09-23 12:10:37.595][I][AutoBaseFunction.py(wrapper):14] Screen.Setup_Language : setupUI_Language 실행 종료
[2022-09-23 12:10:37.595][I][AutoBaseFunction.py(wrapper):7] Screen.Menu_CreateExcel : setupUI_CreateExcel 실행 시작
[2022-09-23 12:10:37.595][I][AutoBaseFunction.py(wrapper):8] Parameter : 
[2022-09-23 12:10:37.596][I][AutoBaseFunction.py(wrapper):7] Screen.Menu_CreateExcel : new_excel_func 실행 시작
[2022-09-23 12:10:37.596][I][AutoBaseFunction.py(wrapper):8] Parameter : 
[2022-09-23 12:10:37.597][I][AutoBaseFunction.py(wrapper):14] Screen.Menu_CreateExcel : new_excel_func 실행 종료
[2022-09-23 12:10:37.597][I][AutoBaseFunction.py(wrapper):7] Screen.Menu_CreateExcel : set_excel_func 실행 시작
[2022-09-23 12:10:37.597][I][AutoBaseFunction.py(wrapper):8] Parameter : 
[2022-09-23 12:10:37.598][I][AutoBaseFunction.py(wrapper):14] Screen.Menu_CreateExcel : set_excel_func 실행 종료
[2022-09-23 12:10:37.598][I][AutoBaseFunction.py(wrapper):14] Screen.Menu_CreateExcel : setupUI_CreateExcel 실행 종료
[2022-09-23 12:10:37.598][I][AutoBaseFunction.py(wrapper):7] Screen.Setup_Field : setupUI_Field 실행 시작
[2022-09-23 12:10:37.599][I][AutoBaseFunction.py(wrapper):8] Parameter : 
[2022-09-23 12:10:37.599][I][AutoBaseFunction.py(wrapper):7] Screen.Setup_Field : set_data 실행 시작
[2022-09-23 12:10:37.599][I][AutoBaseFunction.py(wrapper):8] Parameter : 
[2022-09-23 12:10:37.600][I][AutoBaseFunction.py(wrapper):14] Screen.Setup_Field : set_data 실행 종료
[2022-09-23 12:10:37.842][I][AutoBaseFunction.py(wrapper):7] Screen.Setup_Field : set_data 실행 시작
[2022-09-23 12:10:37.842][I][AutoBaseFunction.py(wrapper):8] Parameter : 
[2022-09-23 12:10:37.843][I][AutoBaseFunction.py(wrapper):14] Screen.Setup_Field : set_data 실행 종료
[2022-09-23 12:10:37.843][I][AutoBaseFunction.py(wrapper):7] Screen.Setup_Field : set_data 실행 시작
[2022-09-23 12:10:37.843][I][AutoBaseFunction.py(wrapper):8] Parameter : 
[2022-09-23 12:10:37.844][I][AutoBaseFunction.py(wrapper):14] Screen.Setup_Field : set_data 실행 종료
[2022-09-23 12:10:37.844][I][AutoBaseFunction.py(wrapper):7] Screen.Setup_Field : set_data 실행 시작
[2022-09-23 12:10:37.844][I][AutoBaseFunction.py(wrapper):8] Parameter : 
[2022-09-23 12:10:37.845][I][AutoBaseFunction.py(wrapper):14] Screen.Setup_Field : set_data 실행 종료
[2022-09-23 12:10:37.845][I][AutoBaseFunction.py(wrapper):7] Screen.Setup_Field : set_data 실행 시작
[2022-09-23 12:10:37.845][I][AutoBaseFunction.py(wrapper):8] Parameter : 
[2022-09-23 12:10:37.846][I][AutoBaseFunction.py(wrapper):14] Screen.Setup_Field : set_data 실행 종료
[2022-09-23 12:10:37.846][I][AutoBaseFunction.py(wrapper):7] Screen.Setup_Field : set_data 실행 시작
[2022-09-23 12:10:37.846][I][AutoBaseFunction.py(wrapper):8] Parameter : 
[2022-09-23 12:10:37.847][I][AutoBaseFunction.py(wrapper):14] Screen.Setup_Field : set_data 실행 종료
[2022-09-23 12:10:37.847][I][AutoBaseFunction.py(wrapper):7] Screen.Setup_Field : sl_set_slot 실행 시작
[2022-09-23 12:10:37.847][I][AutoBaseFunction.py(wrapper):8] Parameter : 
[2022-09-23 12:10:37.848][I][AutoBaseFunction.py(wrapper):14] Screen.Setup_Field : sl_set_slot 실행 종료
[2022-09-23 12:10:37.848][I][AutoBaseFunction.py(wrapper):14] Screen.Setup_Field : setupUI_Field 실행 종료
[2022-09-23 12:10:37.848][I][AutoBaseFunction.py(wrapper):7] Screen.Setup_TestList : setupUI_TestList 실행 시작
[2022-09-23 12:10:37.848][I][AutoBaseFunction.py(wrapper):8] Parameter : 
[2022-09-23 12:10:37.850][I][AutoBaseFunction.py(wrapper):7] Screen.Setup_TestList : btn_set_slot 실행 시작
[2022-09-23 12:10:37.850][I][AutoBaseFunction.py(wrapper):8] Parameter : 
[2022-09-23 12:10:37.851][I][AutoBaseFunction.py(wrapper):14] Screen.Setup_TestList : btn_set_slot 실행 종료
[2022-09-23 12:10:37.851][I][AutoBaseFunction.py(wrapper):14] Screen.Setup_TestList : setupUI_TestList 실행 종료
[2022-09-23 12:10:37.851][I][AutoBaseFunction.py(wrapper):14] __main__ : __wigets_setupUi 실행 종료
[2022-09-23 12:10:40.223][I][AutoBaseFunction.py(wrapper):7] __main__ : __sf_ui 실행 시작
[2022-09-23 12:10:40.223][I][AutoBaseFunction.py(wrapper):8] Parameter : False
