[2022-10-04 17:54:04.108][D][LogManager.py(Init):12] LogManager Init function called !!!
[2022-10-04 17:54:04.132][I][AutoBaseFunction.py(wrapper):7] Screen.MainWindow : setupUi 실행 시작
[2022-10-04 17:54:04.133][I][AutoBaseFunction.py(wrapper):8] Parameter : 
[2022-10-04 17:54:04.137][I][AutoBaseFunction.py(wrapper):7] Screen.MainWindow : set_field 실행 시작
[2022-10-04 17:54:04.138][I][AutoBaseFunction.py(wrapper):8] Parameter : 
[2022-10-04 17:54:04.164][I][AutoBaseFunction.py(wrapper):14] Screen.MainWindow : set_field 실행 종료
[2022-10-04 17:54:04.165][I][AutoBaseFunction.py(wrapper):7] Screen.MainWindow : setWidget_func 실행 시작
[2022-10-04 17:54:04.165][I][AutoBaseFunction.py(wrapper):8] Parameter : 
[2022-10-04 17:54:04.167][I][AutoBaseFunction.py(wrapper):14] Screen.MainWindow : setWidget_func 실행 종료
[2022-10-04 17:54:04.169][I][AutoBaseFunction.py(wrapper):14] Screen.MainWindow : setupUi 실행 종료
[2022-10-04 17:54:04.175][I][AutoBaseFunction.py(wrapper):7] __main__ : __set_slot 실행 시작
[2022-10-04 17:54:04.175][I][AutoBaseFunction.py(wrapper):8] Parameter : 
[2022-10-04 17:54:04.176][I][AutoBaseFunction.py(wrapper):14] __main__ : __set_slot 실행 종료
[2022-10-04 17:54:04.176][I][AutoBaseFunction.py(wrapper):7] __main__ : __wigets_setupUi 실행 시작
[2022-10-04 17:54:04.176][I][AutoBaseFunction.py(wrapper):8] Parameter : 
[2022-10-04 17:54:04.178][I][AutoBaseFunction.py(wrapper):7] Screen.Setup_Language : setupUI_Language 실행 시작
[2022-10-04 17:54:04.178][I][AutoBaseFunction.py(wrapper):8] Parameter : 
[2022-10-04 17:54:04.178][I][AutoBaseFunction.py(wrapper):7] Screen.Setup_Language : sl_set_slot 실행 시작
[2022-10-04 17:54:04.178][I][AutoBaseFunction.py(wrapper):8] Parameter : 
[2022-10-04 17:54:04.178][I][AutoBaseFunction.py(wrapper):14] Screen.Setup_Language : sl_set_slot 실행 종료
[2022-10-04 17:54:04.179][I][AutoBaseFunction.py(wrapper):14] Screen.Setup_Language : setupUI_Language 실행 종료
[2022-10-04 17:54:04.179][I][AutoBaseFunction.py(wrapper):7] Screen.Menu_CreateExcel : setupUI_CreateExcel 실행 시작
[2022-10-04 17:54:04.179][I][AutoBaseFunction.py(wrapper):8] Parameter : 
[2022-10-04 17:54:04.180][I][AutoBaseFunction.py(wrapper):7] Screen.Menu_CreateExcel : new_excel_func 실행 시작
[2022-10-04 17:54:04.180][I][AutoBaseFunction.py(wrapper):8] Parameter : 
[2022-10-04 17:54:04.180][I][AutoBaseFunction.py(wrapper):14] Screen.Menu_CreateExcel : new_excel_func 실행 종료
[2022-10-04 17:54:04.181][I][AutoBaseFunction.py(wrapper):7] Screen.Menu_CreateExcel : set_excel_func 실행 시작
[2022-10-04 17:54:04.181][I][AutoBaseFunction.py(wrapper):8] Parameter : 
[2022-10-04 17:54:04.181][I][AutoBaseFunction.py(wrapper):14] Screen.Menu_CreateExcel : set_excel_func 실행 종료
[2022-10-04 17:54:04.182][I][AutoBaseFunction.py(wrapper):14] Screen.Menu_CreateExcel : setupUI_CreateExcel 실행 종료
[2022-10-04 17:54:04.183][I][AutoBaseFunction.py(wrapper):7] Screen.Setup_Field : setupUI_Field 실행 시작
[2022-10-04 17:54:04.183][I][AutoBaseFunction.py(wrapper):8] Parameter : 
[2022-10-04 17:54:04.185][I][AutoBaseFunction.py(wrapper):7] Screen.Setup_Field : set_data 실행 시작
[2022-10-04 17:54:04.185][I][AutoBaseFunction.py(wrapper):8] Parameter : 
[2022-10-04 17:54:04.186][I][AutoBaseFunction.py(wrapper):14] Screen.Setup_Field : set_data 실행 종료
[2022-10-04 17:54:04.445][I][AutoBaseFunction.py(wrapper):7] Screen.Setup_Field : set_data 실행 시작
[2022-10-04 17:54:04.446][I][AutoBaseFunction.py(wrapper):8] Parameter : 
[2022-10-04 17:54:04.446][I][AutoBaseFunction.py(wrapper):14] Screen.Setup_Field : set_data 실행 종료
[2022-10-04 17:54:04.447][I][AutoBaseFunction.py(wrapper):7] Screen.Setup_Field : set_data 실행 시작
[2022-10-04 17:54:04.447][I][AutoBaseFunction.py(wrapper):8] Parameter : 
[2022-10-04 17:54:04.448][I][AutoBaseFunction.py(wrapper):14] Screen.Setup_Field : set_data 실행 종료
[2022-10-04 17:54:04.449][I][AutoBaseFunction.py(wrapper):7] Screen.Setup_Field : set_data 실행 시작
[2022-10-04 17:54:04.449][I][AutoBaseFunction.py(wrapper):8] Parameter : 
[2022-10-04 17:54:04.449][I][AutoBaseFunction.py(wrapper):14] Screen.Setup_Field : set_data 실행 종료
[2022-10-04 17:54:04.450][I][AutoBaseFunction.py(wrapper):7] Screen.Setup_Field : set_data 실행 시작
[2022-10-04 17:54:04.450][I][AutoBaseFunction.py(wrapper):8] Parameter : 
[2022-10-04 17:54:04.451][I][AutoBaseFunction.py(wrapper):14] Screen.Setup_Field : set_data 실행 종료
[2022-10-04 17:54:04.451][I][AutoBaseFunction.py(wrapper):7] Screen.Setup_Field : set_data 실행 시작
[2022-10-04 17:54:04.452][I][AutoBaseFunction.py(wrapper):8] Parameter : 
[2022-10-04 17:54:04.453][I][AutoBaseFunction.py(wrapper):14] Screen.Setup_Field : set_data 실행 종료
[2022-10-04 17:54:04.453][I][AutoBaseFunction.py(wrapper):7] Screen.Setup_Field : sl_set_slot 실행 시작
[2022-10-04 17:54:04.454][I][AutoBaseFunction.py(wrapper):8] Parameter : 
[2022-10-04 17:54:04.454][I][AutoBaseFunction.py(wrapper):14] Screen.Setup_Field : sl_set_slot 실행 종료
[2022-10-04 17:54:04.454][I][AutoBaseFunction.py(wrapper):14] Screen.Setup_Field : setupUI_Field 실행 종료
[2022-10-04 17:54:04.455][I][AutoBaseFunction.py(wrapper):7] Screen.Setup_TestList : setupUI_TestList 실행 시작
[2022-10-04 17:54:04.455][I][AutoBaseFunction.py(wrapper):8] Parameter : 
[2022-10-04 17:54:04.456][I][AutoBaseFunction.py(wrapper):7] Screen.Setup_TestList : btn_set_slot 실행 시작
[2022-10-04 17:54:04.456][I][AutoBaseFunction.py(wrapper):8] Parameter : 
[2022-10-04 17:54:04.456][I][AutoBaseFunction.py(wrapper):14] Screen.Setup_TestList : btn_set_slot 실행 종료
[2022-10-04 17:54:04.457][I][AutoBaseFunction.py(wrapper):14] Screen.Setup_TestList : setupUI_TestList 실행 종료
[2022-10-04 17:54:04.457][I][AutoBaseFunction.py(wrapper):14] __main__ : __wigets_setupUi 실행 종료
[2022-10-04 17:54:05.982][I][AutoBaseFunction.py(wrapper):7] Screen.MainWindow : update_open_menu 실행 시작
[2022-10-04 17:54:05.983][I][AutoBaseFunction.py(wrapper):8] Parameter : 
[2022-10-04 17:54:05.985][I][AutoBaseFunction.py(wrapper):14] Screen.MainWindow : update_open_menu 실행 종료
[2022-10-04 17:54:06.876][I][AutoBaseFunction.py(wrapper):7] Screen.MainWindow : show_imgList 실행 시작
[2022-10-04 17:54:06.877][I][AutoBaseFunction.py(wrapper):8] Parameter : ('한국어', 'D:/test/TestList_CSV/2022_skillup-master'), True, True
[2022-10-04 17:54:06.972][I][AutoBaseFunction.py(wrapper):14] Screen.MainWindow : show_imgList 실행 종료
[2022-10-04 17:54:08.009][I][AutoBaseFunction.py(wrapper):7] Screen.MainWindow : btn_onClicked 실행 시작
[2022-10-04 17:54:08.010][I][AutoBaseFunction.py(wrapper):8] Parameter : True
[2022-10-04 17:54:08.012][I][AutoBaseFunction.py(wrapper):14] Screen.MainWindow : btn_onClicked 실행 종료
[2022-10-04 17:54:08.169][I][AutoBaseFunction.py(wrapper):7] Screen.MainWindow : btn_onClicked 실행 시작
[2022-10-04 17:54:08.170][I][AutoBaseFunction.py(wrapper):8] Parameter : True
[2022-10-04 17:54:08.172][I][AutoBaseFunction.py(wrapper):14] Screen.MainWindow : btn_onClicked 실행 종료
[2022-10-04 17:54:08.330][I][AutoBaseFunction.py(wrapper):7] Screen.MainWindow : btn_onClicked 실행 시작
[2022-10-04 17:54:08.330][I][AutoBaseFunction.py(wrapper):8] Parameter : True
[2022-10-04 17:54:08.333][I][AutoBaseFunction.py(wrapper):14] Screen.MainWindow : btn_onClicked 실행 종료
[2022-10-04 17:54:08.489][I][AutoBaseFunction.py(wrapper):7] Screen.MainWindow : btn_onClicked 실행 시작
[2022-10-04 17:54:08.489][I][AutoBaseFunction.py(wrapper):8] Parameter : True
[2022-10-04 17:54:08.492][I][AutoBaseFunction.py(wrapper):14] Screen.MainWindow : btn_onClicked 실행 종료
[2022-10-04 17:54:08.633][I][AutoBaseFunction.py(wrapper):7] Screen.MainWindow : btn_onClicked 실행 시작
[2022-10-04 17:54:08.634][I][AutoBaseFunction.py(wrapper):8] Parameter : True
[2022-10-04 17:54:08.636][I][AutoBaseFunction.py(wrapper):14] Screen.MainWindow : btn_onClicked 실행 종료
[2022-10-04 17:54:08.777][I][AutoBaseFunction.py(wrapper):7] Screen.MainWindow : btn_onClicked 실행 시작
[2022-10-04 17:54:08.778][I][AutoBaseFunction.py(wrapper):8] Parameter : True
[2022-10-04 17:54:08.781][I][AutoBaseFunction.py(wrapper):14] Screen.MainWindow : btn_onClicked 실행 종료
[2022-10-04 17:54:08.873][I][AutoBaseFunction.py(wrapper):7] Screen.MainWindow : btn_onClicked 실행 시작
[2022-10-04 17:54:08.873][I][AutoBaseFunction.py(wrapper):8] Parameter : True
[2022-10-04 17:54:08.875][I][AutoBaseFunction.py(wrapper):14] Screen.MainWindow : btn_onClicked 실행 종료
[2022-10-04 17:54:09.017][I][AutoBaseFunction.py(wrapper):7] Screen.MainWindow : btn_onClicked 실행 시작
[2022-10-04 17:54:09.018][I][AutoBaseFunction.py(wrapper):8] Parameter : True
[2022-10-04 17:54:09.020][I][AutoBaseFunction.py(wrapper):14] Screen.MainWindow : btn_onClicked 실행 종료
[2022-10-04 17:54:09.176][I][AutoBaseFunction.py(wrapper):7] Screen.MainWindow : btn_onClicked 실행 시작
[2022-10-04 17:54:09.177][I][AutoBaseFunction.py(wrapper):8] Parameter : True
[2022-10-04 17:54:09.177][I][AutoBaseFunction.py(wrapper):14] Screen.MainWindow : btn_onClicked 실행 종료
[2022-10-04 17:54:09.320][I][AutoBaseFunction.py(wrapper):7] Screen.MainWindow : btn_onClicked 실행 시작
[2022-10-04 17:54:09.321][I][AutoBaseFunction.py(wrapper):8] Parameter : True
[2022-10-04 17:54:09.321][I][AutoBaseFunction.py(wrapper):14] Screen.MainWindow : btn_onClicked 실행 종료
[2022-10-04 17:54:09.449][I][AutoBaseFunction.py(wrapper):7] Screen.MainWindow : btn_onClicked 실행 시작
[2022-10-04 17:54:09.450][I][AutoBaseFunction.py(wrapper):8] Parameter : True
[2022-10-04 17:54:09.450][I][AutoBaseFunction.py(wrapper):14] Screen.MainWindow : btn_onClicked 실행 종료
[2022-10-04 17:54:09.593][I][AutoBaseFunction.py(wrapper):7] Screen.MainWindow : btn_onClicked 실행 시작
[2022-10-04 17:54:09.594][I][AutoBaseFunction.py(wrapper):8] Parameter : True
[2022-10-04 17:54:09.594][I][AutoBaseFunction.py(wrapper):14] Screen.MainWindow : btn_onClicked 실행 종료
[2022-10-04 17:54:09.785][I][AutoBaseFunction.py(wrapper):7] Screen.MainWindow : btn_onClicked 실행 시작
[2022-10-04 17:54:09.786][I][AutoBaseFunction.py(wrapper):8] Parameter : True
[2022-10-04 17:54:09.786][I][AutoBaseFunction.py(wrapper):14] Screen.MainWindow : btn_onClicked 실행 종료
[2022-10-04 17:54:10.417][I][AutoBaseFunction.py(wrapper):7] Screen.MainWindow : btn_onClicked 실행 시작
[2022-10-04 17:54:10.417][I][AutoBaseFunction.py(wrapper):8] Parameter : False
[2022-10-04 17:54:10.419][I][AutoBaseFunction.py(wrapper):14] Screen.MainWindow : btn_onClicked 실행 종료
[2022-10-04 17:54:10.447][I][AutoBaseFunction.py(wrapper):7] Screen.MainWindow : btn_onClicked 실행 시작
[2022-10-04 17:54:10.448][I][AutoBaseFunction.py(wrapper):8] Parameter : False
[2022-10-04 17:54:10.451][I][AutoBaseFunction.py(wrapper):14] Screen.MainWindow : btn_onClicked 실행 종료
[2022-10-04 17:54:10.494][I][AutoBaseFunction.py(wrapper):7] Screen.MainWindow : btn_onClicked 실행 시작
[2022-10-04 17:54:10.494][I][AutoBaseFunction.py(wrapper):8] Parameter : False
[2022-10-04 17:54:10.497][I][AutoBaseFunction.py(wrapper):14] Screen.MainWindow : btn_onClicked 실행 종료
[2022-10-04 17:54:10.524][I][AutoBaseFunction.py(wrapper):7] Screen.MainWindow : btn_onClicked 실행 시작
[2022-10-04 17:54:10.525][I][AutoBaseFunction.py(wrapper):8] Parameter : False
[2022-10-04 17:54:10.527][I][AutoBaseFunction.py(wrapper):14] Screen.MainWindow : btn_onClicked 실행 종료
[2022-10-04 17:54:10.556][I][AutoBaseFunction.py(wrapper):7] Screen.MainWindow : btn_onClicked 실행 시작
[2022-10-04 17:54:10.556][I][AutoBaseFunction.py(wrapper):8] Parameter : False
[2022-10-04 17:54:10.559][I][AutoBaseFunction.py(wrapper):14] Screen.MainWindow : btn_onClicked 실행 종료
[2022-10-04 17:54:10.587][I][AutoBaseFunction.py(wrapper):7] Screen.MainWindow : btn_onClicked 실행 시작
[2022-10-04 17:54:10.587][I][AutoBaseFunction.py(wrapper):8] Parameter : False
[2022-10-04 17:54:10.590][I][AutoBaseFunction.py(wrapper):14] Screen.MainWindow : btn_onClicked 실행 종료
[2022-10-04 17:54:10.618][I][AutoBaseFunction.py(wrapper):7] Screen.MainWindow : btn_onClicked 실행 시작
[2022-10-04 17:54:10.619][I][AutoBaseFunction.py(wrapper):8] Parameter : False
[2022-10-04 17:54:10.621][I][AutoBaseFunction.py(wrapper):14] Screen.MainWindow : btn_onClicked 실행 종료
[2022-10-04 17:54:10.649][I][AutoBaseFunction.py(wrapper):7] Screen.MainWindow : btn_onClicked 실행 시작
[2022-10-04 17:54:10.650][I][AutoBaseFunction.py(wrapper):8] Parameter : False
[2022-10-04 17:54:10.653][I][AutoBaseFunction.py(wrapper):14] Screen.MainWindow : btn_onClicked 실행 종료
[2022-10-04 17:54:10.679][I][AutoBaseFunction.py(wrapper):7] Screen.MainWindow : btn_onClicked 실행 시작
[2022-10-04 17:54:10.680][I][AutoBaseFunction.py(wrapper):8] Parameter : False
[2022-10-04 17:54:10.714][I][AutoBaseFunction.py(wrapper):14] Screen.MainWindow : btn_onClicked 실행 종료
[2022-10-04 17:54:10.716][I][AutoBaseFunction.py(wrapper):7] Screen.MainWindow : btn_onClicked 실행 시작
[2022-10-04 17:54:10.717][I][AutoBaseFunction.py(wrapper):8] Parameter : False
[2022-10-04 17:54:10.717][I][AutoBaseFunction.py(wrapper):14] Screen.MainWindow : btn_onClicked 실행 종료
[2022-10-04 17:54:10.758][I][AutoBaseFunction.py(wrapper):7] Screen.MainWindow : btn_onClicked 실행 시작
[2022-10-04 17:54:10.759][I][AutoBaseFunction.py(wrapper):8] Parameter : False
[2022-10-04 17:54:10.759][I][AutoBaseFunction.py(wrapper):14] Screen.MainWindow : btn_onClicked 실행 종료
[2022-10-04 17:54:10.789][I][AutoBaseFunction.py(wrapper):7] Screen.MainWindow : btn_onClicked 실행 시작
[2022-10-04 17:54:10.789][I][AutoBaseFunction.py(wrapper):8] Parameter : False
[2022-10-04 17:54:10.790][I][AutoBaseFunction.py(wrapper):14] Screen.MainWindow : btn_onClicked 실행 종료
[2022-10-04 17:54:10.820][I][AutoBaseFunction.py(wrapper):7] Screen.MainWindow : btn_onClicked 실행 시작
[2022-10-04 17:54:10.821][I][AutoBaseFunction.py(wrapper):8] Parameter : False
[2022-10-04 17:54:10.821][I][AutoBaseFunction.py(wrapper):14] Screen.MainWindow : btn_onClicked 실행 종료
[2022-10-04 17:54:10.852][I][AutoBaseFunction.py(wrapper):7] Screen.MainWindow : btn_onClicked 실행 시작
[2022-10-04 17:54:10.852][I][AutoBaseFunction.py(wrapper):8] Parameter : False
[2022-10-04 17:54:10.852][I][AutoBaseFunction.py(wrapper):14] Screen.MainWindow : btn_onClicked 실행 종료
[2022-10-04 17:54:10.884][I][AutoBaseFunction.py(wrapper):7] Screen.MainWindow : btn_onClicked 실행 시작
[2022-10-04 17:54:10.884][I][AutoBaseFunction.py(wrapper):8] Parameter : False
[2022-10-04 17:54:10.884][I][AutoBaseFunction.py(wrapper):14] Screen.MainWindow : btn_onClicked 실행 종료
[2022-10-04 17:54:10.913][I][AutoBaseFunction.py(wrapper):7] Screen.MainWindow : btn_onClicked 실행 시작
[2022-10-04 17:54:10.914][I][AutoBaseFunction.py(wrapper):8] Parameter : False
[2022-10-04 17:54:10.914][I][AutoBaseFunction.py(wrapper):14] Screen.MainWindow : btn_onClicked 실행 종료
[2022-10-04 17:54:10.944][I][AutoBaseFunction.py(wrapper):7] Screen.MainWindow : btn_onClicked 실행 시작
[2022-10-04 17:54:10.944][I][AutoBaseFunction.py(wrapper):8] Parameter : False
[2022-10-04 17:54:10.945][I][AutoBaseFunction.py(wrapper):14] Screen.MainWindow : btn_onClicked 실행 종료
[2022-10-04 17:54:10.975][I][AutoBaseFunction.py(wrapper):7] Screen.MainWindow : btn_onClicked 실행 시작
[2022-10-04 17:54:10.975][I][AutoBaseFunction.py(wrapper):8] Parameter : False
[2022-10-04 17:54:10.976][I][AutoBaseFunction.py(wrapper):14] Screen.MainWindow : btn_onClicked 실행 종료
[2022-10-04 17:54:11.023][I][AutoBaseFunction.py(wrapper):7] Screen.MainWindow : btn_onClicked 실행 시작
[2022-10-04 17:54:11.023][I][AutoBaseFunction.py(wrapper):8] Parameter : False
[2022-10-04 17:54:11.023][I][AutoBaseFunction.py(wrapper):14] Screen.MainWindow : btn_onClicked 실행 종료
[2022-10-04 17:54:11.055][I][AutoBaseFunction.py(wrapper):7] Screen.MainWindow : btn_onClicked 실행 시작
[2022-10-04 17:54:11.055][I][AutoBaseFunction.py(wrapper):8] Parameter : False
[2022-10-04 17:54:11.055][I][AutoBaseFunction.py(wrapper):14] Screen.MainWindow : btn_onClicked 실행 종료
[2022-10-04 17:54:11.085][I][AutoBaseFunction.py(wrapper):7] Screen.MainWindow : btn_onClicked 실행 시작
[2022-10-04 17:54:11.085][I][AutoBaseFunction.py(wrapper):8] Parameter : False
[2022-10-04 17:54:11.086][I][AutoBaseFunction.py(wrapper):14] Screen.MainWindow : btn_onClicked 실행 종료
[2022-10-04 17:54:11.117][I][AutoBaseFunction.py(wrapper):7] Screen.MainWindow : btn_onClicked 실행 시작
[2022-10-04 17:54:11.117][I][AutoBaseFunction.py(wrapper):8] Parameter : False
[2022-10-04 17:54:11.118][I][AutoBaseFunction.py(wrapper):14] Screen.MainWindow : btn_onClicked 실행 종료
[2022-10-04 17:54:11.130][I][AutoBaseFunction.py(wrapper):7] Screen.MainWindow : btn_onClicked 실행 시작
[2022-10-04 17:54:11.130][I][AutoBaseFunction.py(wrapper):8] Parameter : False
[2022-10-04 17:54:11.130][I][AutoBaseFunction.py(wrapper):14] Screen.MainWindow : btn_onClicked 실행 종료
[2022-10-04 17:54:11.545][I][AutoBaseFunction.py(wrapper):7] Screen.MainWindow : btn_onClicked 실행 시작
[2022-10-04 17:54:11.545][I][AutoBaseFunction.py(wrapper):8] Parameter : False
[2022-10-04 17:54:11.546][I][AutoBaseFunction.py(wrapper):14] Screen.MainWindow : btn_onClicked 실행 종료
[2022-10-04 17:54:11.689][I][AutoBaseFunction.py(wrapper):7] Screen.MainWindow : btn_onClicked 실행 시작
[2022-10-04 17:54:11.689][I][AutoBaseFunction.py(wrapper):8] Parameter : False
[2022-10-04 17:54:11.690][I][AutoBaseFunction.py(wrapper):14] Screen.MainWindow : btn_onClicked 실행 종료
[2022-10-04 17:54:11.833][I][AutoBaseFunction.py(wrapper):7] Screen.MainWindow : btn_onClicked 실행 시작
[2022-10-04 17:54:11.834][I][AutoBaseFunction.py(wrapper):8] Parameter : False
[2022-10-04 17:54:11.834][I][AutoBaseFunction.py(wrapper):14] Screen.MainWindow : btn_onClicked 실행 종료
[2022-10-04 17:54:11.977][I][AutoBaseFunction.py(wrapper):7] Screen.MainWindow : btn_onClicked 실행 시작
[2022-10-04 17:54:11.978][I][AutoBaseFunction.py(wrapper):8] Parameter : False
[2022-10-04 17:54:11.978][I][AutoBaseFunction.py(wrapper):14] Screen.MainWindow : btn_onClicked 실행 종료
[2022-10-04 17:54:12.104][I][AutoBaseFunction.py(wrapper):7] Screen.MainWindow : btn_onClicked 실행 시작
[2022-10-04 17:54:12.105][I][AutoBaseFunction.py(wrapper):8] Parameter : False
[2022-10-04 17:54:12.105][I][AutoBaseFunction.py(wrapper):14] Screen.MainWindow : btn_onClicked 실행 종료
[2022-10-04 17:54:12.313][I][AutoBaseFunction.py(wrapper):7] Screen.MainWindow : btn_onClicked 실행 시작
[2022-10-04 17:54:12.313][I][AutoBaseFunction.py(wrapper):8] Parameter : False
[2022-10-04 17:54:12.314][I][AutoBaseFunction.py(wrapper):14] Screen.MainWindow : btn_onClicked 실행 종료
[2022-10-04 17:54:12.822][I][AutoBaseFunction.py(wrapper):7] Screen.MainWindow : btn_onClicked 실행 시작
[2022-10-04 17:54:12.823][I][AutoBaseFunction.py(wrapper):8] Parameter : True
[2022-10-04 17:54:12.826][I][AutoBaseFunction.py(wrapper):14] Screen.MainWindow : btn_onClicked 실행 종료
[2022-10-04 17:54:12.854][I][AutoBaseFunction.py(wrapper):7] Screen.MainWindow : btn_onClicked 실행 시작
[2022-10-04 17:54:12.854][I][AutoBaseFunction.py(wrapper):8] Parameter : True
[2022-10-04 17:54:12.857][I][AutoBaseFunction.py(wrapper):14] Screen.MainWindow : btn_onClicked 실행 종료
[2022-10-04 17:54:12.886][I][AutoBaseFunction.py(wrapper):7] Screen.MainWindow : btn_onClicked 실행 시작
[2022-10-04 17:54:12.887][I][AutoBaseFunction.py(wrapper):8] Parameter : True
[2022-10-04 17:54:12.889][I][AutoBaseFunction.py(wrapper):14] Screen.MainWindow : btn_onClicked 실행 종료
[2022-10-04 17:54:12.917][I][AutoBaseFunction.py(wrapper):7] Screen.MainWindow : btn_onClicked 실행 시작
[2022-10-04 17:54:12.917][I][AutoBaseFunction.py(wrapper):8] Parameter : True
[2022-10-04 17:54:12.920][I][AutoBaseFunction.py(wrapper):14] Screen.MainWindow : btn_onClicked 실행 종료
[2022-10-04 17:54:12.948][I][AutoBaseFunction.py(wrapper):7] Screen.MainWindow : btn_onClicked 실행 시작
[2022-10-04 17:54:12.948][I][AutoBaseFunction.py(wrapper):8] Parameter : True
[2022-10-04 17:54:12.950][I][AutoBaseFunction.py(wrapper):14] Screen.MainWindow : btn_onClicked 실행 종료
[2022-10-04 17:54:12.979][I][AutoBaseFunction.py(wrapper):7] Screen.MainWindow : btn_onClicked 실행 시작
[2022-10-04 17:54:12.979][I][AutoBaseFunction.py(wrapper):8] Parameter : True
[2022-10-04 17:54:12.982][I][AutoBaseFunction.py(wrapper):14] Screen.MainWindow : btn_onClicked 실행 종료
[2022-10-04 17:54:13.026][I][AutoBaseFunction.py(wrapper):7] Screen.MainWindow : btn_onClicked 실행 시작
[2022-10-04 17:54:13.027][I][AutoBaseFunction.py(wrapper):8] Parameter : True
[2022-10-04 17:54:13.029][I][AutoBaseFunction.py(wrapper):14] Screen.MainWindow : btn_onClicked 실행 종료
[2022-10-04 17:54:13.057][I][AutoBaseFunction.py(wrapper):7] Screen.MainWindow : btn_onClicked 실행 시작
[2022-10-04 17:54:13.058][I][AutoBaseFunction.py(wrapper):8] Parameter : True
[2022-10-04 17:54:13.060][I][AutoBaseFunction.py(wrapper):14] Screen.MainWindow : btn_onClicked 실행 종료
[2022-10-04 17:54:13.090][I][AutoBaseFunction.py(wrapper):7] Screen.MainWindow : btn_onClicked 실행 시작
[2022-10-04 17:54:13.090][I][AutoBaseFunction.py(wrapper):8] Parameter : True
[2022-10-04 17:54:13.091][I][AutoBaseFunction.py(wrapper):14] Screen.MainWindow : btn_onClicked 실행 종료
[2022-10-04 17:54:13.121][I][AutoBaseFunction.py(wrapper):7] Screen.MainWindow : btn_onClicked 실행 시작
[2022-10-04 17:54:13.122][I][AutoBaseFunction.py(wrapper):8] Parameter : True
[2022-10-04 17:54:13.122][I][AutoBaseFunction.py(wrapper):14] Screen.MainWindow : btn_onClicked 실행 종료
[2022-10-04 17:54:13.154][I][AutoBaseFunction.py(wrapper):7] Screen.MainWindow : btn_onClicked 실행 시작
[2022-10-04 17:54:13.154][I][AutoBaseFunction.py(wrapper):8] Parameter : True
[2022-10-04 17:54:13.154][I][AutoBaseFunction.py(wrapper):14] Screen.MainWindow : btn_onClicked 실행 종료
[2022-10-04 17:54:13.186][I][AutoBaseFunction.py(wrapper):7] Screen.MainWindow : btn_onClicked 실행 시작
[2022-10-04 17:54:13.186][I][AutoBaseFunction.py(wrapper):8] Parameter : True
[2022-10-04 17:54:13.186][I][AutoBaseFunction.py(wrapper):14] Screen.MainWindow : btn_onClicked 실행 종료
[2022-10-04 17:54:13.216][I][AutoBaseFunction.py(wrapper):7] Screen.MainWindow : btn_onClicked 실행 시작
[2022-10-04 17:54:13.216][I][AutoBaseFunction.py(wrapper):8] Parameter : True
[2022-10-04 17:54:13.216][I][AutoBaseFunction.py(wrapper):14] Screen.MainWindow : btn_onClicked 실행 종료
[2022-10-04 17:54:13.247][I][AutoBaseFunction.py(wrapper):7] Screen.MainWindow : btn_onClicked 실행 시작
[2022-10-04 17:54:13.248][I][AutoBaseFunction.py(wrapper):8] Parameter : True
[2022-10-04 17:54:13.248][I][AutoBaseFunction.py(wrapper):14] Screen.MainWindow : btn_onClicked 실행 종료
[2022-10-04 17:54:13.279][I][AutoBaseFunction.py(wrapper):7] Screen.MainWindow : btn_onClicked 실행 시작
[2022-10-04 17:54:13.280][I][AutoBaseFunction.py(wrapper):8] Parameter : True
[2022-10-04 17:54:13.280][I][AutoBaseFunction.py(wrapper):14] Screen.MainWindow : btn_onClicked 실행 종료
[2022-10-04 17:54:13.312][I][AutoBaseFunction.py(wrapper):7] Screen.MainWindow : btn_onClicked 실행 시작
[2022-10-04 17:54:13.312][I][AutoBaseFunction.py(wrapper):8] Parameter : True
[2022-10-04 17:54:13.312][I][AutoBaseFunction.py(wrapper):14] Screen.MainWindow : btn_onClicked 실행 종료
[2022-10-04 17:54:13.345][I][AutoBaseFunction.py(wrapper):7] Screen.MainWindow : btn_onClicked 실행 시작
[2022-10-04 17:54:13.345][I][AutoBaseFunction.py(wrapper):8] Parameter : True
[2022-10-04 17:54:13.345][I][AutoBaseFunction.py(wrapper):14] Screen.MainWindow : btn_onClicked 실행 종료
[2022-10-04 17:54:13.376][I][AutoBaseFunction.py(wrapper):7] Screen.MainWindow : btn_onClicked 실행 시작
[2022-10-04 17:54:13.376][I][AutoBaseFunction.py(wrapper):8] Parameter : True
[2022-10-04 17:54:13.377][I][AutoBaseFunction.py(wrapper):14] Screen.MainWindow : btn_onClicked 실행 종료
[2022-10-04 17:54:13.417][I][AutoBaseFunction.py(wrapper):7] Screen.MainWindow : btn_onClicked 실행 시작
[2022-10-04 17:54:13.418][I][AutoBaseFunction.py(wrapper):8] Parameter : True
[2022-10-04 17:54:13.418][I][AutoBaseFunction.py(wrapper):14] Screen.MainWindow : btn_onClicked 실행 종료
[2022-10-04 17:54:13.927][I][AutoBaseFunction.py(wrapper):7] Screen.MainWindow : btn_onClicked 실행 시작
[2022-10-04 17:54:13.928][I][AutoBaseFunction.py(wrapper):8] Parameter : False
[2022-10-04 17:54:13.929][I][AutoBaseFunction.py(wrapper):14] Screen.MainWindow : btn_onClicked 실행 종료
[2022-10-04 17:54:13.959][I][AutoBaseFunction.py(wrapper):7] Screen.MainWindow : btn_onClicked 실행 시작
[2022-10-04 17:54:13.960][I][AutoBaseFunction.py(wrapper):8] Parameter : False
[2022-10-04 17:54:13.962][I][AutoBaseFunction.py(wrapper):14] Screen.MainWindow : btn_onClicked 실행 종료
[2022-10-04 17:54:13.991][I][AutoBaseFunction.py(wrapper):7] Screen.MainWindow : btn_onClicked 실행 시작
[2022-10-04 17:54:13.992][I][AutoBaseFunction.py(wrapper):8] Parameter : False
[2022-10-04 17:54:13.994][I][AutoBaseFunction.py(wrapper):14] Screen.MainWindow : btn_onClicked 실행 종료
[2022-10-04 17:54:14.024][I][AutoBaseFunction.py(wrapper):7] Screen.MainWindow : btn_onClicked 실행 시작
[2022-10-04 17:54:14.024][I][AutoBaseFunction.py(wrapper):8] Parameter : False
[2022-10-04 17:54:14.027][I][AutoBaseFunction.py(wrapper):14] Screen.MainWindow : btn_onClicked 실행 종료
[2022-10-04 17:54:14.054][I][AutoBaseFunction.py(wrapper):7] Screen.MainWindow : btn_onClicked 실행 시작
[2022-10-04 17:54:14.055][I][AutoBaseFunction.py(wrapper):8] Parameter : False
[2022-10-04 17:54:14.057][I][AutoBaseFunction.py(wrapper):14] Screen.MainWindow : btn_onClicked 실행 종료
[2022-10-04 17:54:14.085][I][AutoBaseFunction.py(wrapper):7] Screen.MainWindow : btn_onClicked 실행 시작
[2022-10-04 17:54:14.085][I][AutoBaseFunction.py(wrapper):8] Parameter : False
[2022-10-04 17:54:14.088][I][AutoBaseFunction.py(wrapper):14] Screen.MainWindow : btn_onClicked 실행 종료
[2022-10-04 17:54:14.116][I][AutoBaseFunction.py(wrapper):7] Screen.MainWindow : btn_onClicked 실행 시작
[2022-10-04 17:54:14.117][I][AutoBaseFunction.py(wrapper):8] Parameter : False
[2022-10-04 17:54:14.120][I][AutoBaseFunction.py(wrapper):14] Screen.MainWindow : btn_onClicked 실행 종료
[2022-10-04 17:54:14.164][I][AutoBaseFunction.py(wrapper):7] Screen.MainWindow : btn_onClicked 실행 시작
[2022-10-04 17:54:14.164][I][AutoBaseFunction.py(wrapper):8] Parameter : False
[2022-10-04 17:54:14.167][I][AutoBaseFunction.py(wrapper):14] Screen.MainWindow : btn_onClicked 실행 종료
[2022-10-04 17:54:14.196][I][AutoBaseFunction.py(wrapper):7] Screen.MainWindow : btn_onClicked 실행 시작
[2022-10-04 17:54:14.196][I][AutoBaseFunction.py(wrapper):8] Parameter : False
[2022-10-04 17:54:14.229][I][AutoBaseFunction.py(wrapper):14] Screen.MainWindow : btn_onClicked 실행 종료
[2022-10-04 17:54:14.232][I][AutoBaseFunction.py(wrapper):7] Screen.MainWindow : btn_onClicked 실행 시작
[2022-10-04 17:54:14.233][I][AutoBaseFunction.py(wrapper):8] Parameter : False
[2022-10-04 17:54:14.233][I][AutoBaseFunction.py(wrapper):14] Screen.MainWindow : btn_onClicked 실행 종료
[2022-10-04 17:54:14.259][I][AutoBaseFunction.py(wrapper):7] Screen.MainWindow : btn_onClicked 실행 시작
[2022-10-04 17:54:14.259][I][AutoBaseFunction.py(wrapper):8] Parameter : False
[2022-10-04 17:54:14.260][I][AutoBaseFunction.py(wrapper):14] Screen.MainWindow : btn_onClicked 실행 종료
[2022-10-04 17:54:14.290][I][AutoBaseFunction.py(wrapper):7] Screen.MainWindow : btn_onClicked 실행 시작
[2022-10-04 17:54:14.290][I][AutoBaseFunction.py(wrapper):8] Parameter : False
[2022-10-04 17:54:14.291][I][AutoBaseFunction.py(wrapper):14] Screen.MainWindow : btn_onClicked 실행 종료
[2022-10-04 17:54:14.323][I][AutoBaseFunction.py(wrapper):7] Screen.MainWindow : btn_onClicked 실행 시작
[2022-10-04 17:54:14.323][I][AutoBaseFunction.py(wrapper):8] Parameter : False
[2022-10-04 17:54:14.323][I][AutoBaseFunction.py(wrapper):14] Screen.MainWindow : btn_onClicked 실행 종료
[2022-10-04 17:54:14.354][I][AutoBaseFunction.py(wrapper):7] Screen.MainWindow : btn_onClicked 실행 시작
[2022-10-04 17:54:14.354][I][AutoBaseFunction.py(wrapper):8] Parameter : False
[2022-10-04 17:54:14.355][I][AutoBaseFunction.py(wrapper):14] Screen.MainWindow : btn_onClicked 실행 종료
[2022-10-04 17:54:14.386][I][AutoBaseFunction.py(wrapper):7] Screen.MainWindow : btn_onClicked 실행 시작
[2022-10-04 17:54:14.386][I][AutoBaseFunction.py(wrapper):8] Parameter : False
[2022-10-04 17:54:14.387][I][AutoBaseFunction.py(wrapper):14] Screen.MainWindow : btn_onClicked 실행 종료
[2022-10-04 17:54:14.416][I][AutoBaseFunction.py(wrapper):7] Screen.MainWindow : btn_onClicked 실행 시작
[2022-10-04 17:54:14.417][I][AutoBaseFunction.py(wrapper):8] Parameter : False
[2022-10-04 17:54:14.417][I][AutoBaseFunction.py(wrapper):14] Screen.MainWindow : btn_onClicked 실행 종료
[2022-10-04 17:54:14.447][I][AutoBaseFunction.py(wrapper):7] Screen.MainWindow : btn_onClicked 실행 시작
[2022-10-04 17:54:14.448][I][AutoBaseFunction.py(wrapper):8] Parameter : False
[2022-10-04 17:54:14.448][I][AutoBaseFunction.py(wrapper):14] Screen.MainWindow : btn_onClicked 실행 종료
[2022-10-04 17:54:14.480][I][AutoBaseFunction.py(wrapper):7] Screen.MainWindow : btn_onClicked 실행 시작
[2022-10-04 17:54:14.481][I][AutoBaseFunction.py(wrapper):8] Parameter : False
[2022-10-04 17:54:14.481][I][AutoBaseFunction.py(wrapper):14] Screen.MainWindow : btn_onClicked 실행 종료
[2022-10-04 17:54:14.527][I][AutoBaseFunction.py(wrapper):7] Screen.MainWindow : btn_onClicked 실행 시작
[2022-10-04 17:54:14.528][I][AutoBaseFunction.py(wrapper):8] Parameter : False
[2022-10-04 17:54:14.528][I][AutoBaseFunction.py(wrapper):14] Screen.MainWindow : btn_onClicked 실행 종료
[2022-10-04 17:54:14.559][I][AutoBaseFunction.py(wrapper):7] Screen.MainWindow : btn_onClicked 실행 시작
[2022-10-04 17:54:14.559][I][AutoBaseFunction.py(wrapper):8] Parameter : False
[2022-10-04 17:54:14.560][I][AutoBaseFunction.py(wrapper):14] Screen.MainWindow : btn_onClicked 실행 종료
[2022-10-04 17:54:14.617][I][AutoBaseFunction.py(wrapper):7] Screen.MainWindow : btn_onClicked 실행 시작
[2022-10-04 17:54:14.618][I][AutoBaseFunction.py(wrapper):8] Parameter : False
[2022-10-04 17:54:14.618][I][AutoBaseFunction.py(wrapper):14] Screen.MainWindow : btn_onClicked 실행 종료
[2022-10-04 17:54:15.119][I][AutoBaseFunction.py(wrapper):7] Screen.MainWindow : btn_onClicked 실행 시작
[2022-10-04 17:54:15.120][I][AutoBaseFunction.py(wrapper):8] Parameter : True
[2022-10-04 17:54:15.122][I][AutoBaseFunction.py(wrapper):14] Screen.MainWindow : btn_onClicked 실행 종료
[2022-10-04 17:54:15.166][I][AutoBaseFunction.py(wrapper):7] Screen.MainWindow : btn_onClicked 실행 시작
[2022-10-04 17:54:15.166][I][AutoBaseFunction.py(wrapper):8] Parameter : True
[2022-10-04 17:54:15.168][I][AutoBaseFunction.py(wrapper):14] Screen.MainWindow : btn_onClicked 실행 종료
[2022-10-04 17:54:15.197][I][AutoBaseFunction.py(wrapper):7] Screen.MainWindow : btn_onClicked 실행 시작
[2022-10-04 17:54:15.198][I][AutoBaseFunction.py(wrapper):8] Parameter : True
[2022-10-04 17:54:15.201][I][AutoBaseFunction.py(wrapper):14] Screen.MainWindow : btn_onClicked 실행 종료
[2022-10-04 17:54:15.228][I][AutoBaseFunction.py(wrapper):7] Screen.MainWindow : btn_onClicked 실행 시작
[2022-10-04 17:54:15.229][I][AutoBaseFunction.py(wrapper):8] Parameter : True
[2022-10-04 17:54:15.231][I][AutoBaseFunction.py(wrapper):14] Screen.MainWindow : btn_onClicked 실행 종료
[2022-10-04 17:54:15.260][I][AutoBaseFunction.py(wrapper):7] Screen.MainWindow : btn_onClicked 실행 시작
[2022-10-04 17:54:15.260][I][AutoBaseFunction.py(wrapper):8] Parameter : True
[2022-10-04 17:54:15.263][I][AutoBaseFunction.py(wrapper):14] Screen.MainWindow : btn_onClicked 실행 종료
[2022-10-04 17:54:15.289][I][AutoBaseFunction.py(wrapper):7] Screen.MainWindow : btn_onClicked 실행 시작
[2022-10-04 17:54:15.290][I][AutoBaseFunction.py(wrapper):8] Parameter : True
[2022-10-04 17:54:15.293][I][AutoBaseFunction.py(wrapper):14] Screen.MainWindow : btn_onClicked 실행 종료
[2022-10-04 17:54:15.321][I][AutoBaseFunction.py(wrapper):7] Screen.MainWindow : btn_onClicked 실행 시작
[2022-10-04 17:54:15.322][I][AutoBaseFunction.py(wrapper):8] Parameter : True
[2022-10-04 17:54:15.324][I][AutoBaseFunction.py(wrapper):14] Screen.MainWindow : btn_onClicked 실행 종료
[2022-10-04 17:54:15.353][I][AutoBaseFunction.py(wrapper):7] Screen.MainWindow : btn_onClicked 실행 시작
[2022-10-04 17:54:15.353][I][AutoBaseFunction.py(wrapper):8] Parameter : True
[2022-10-04 17:54:15.355][I][AutoBaseFunction.py(wrapper):14] Screen.MainWindow : btn_onClicked 실행 종료
[2022-10-04 17:54:15.384][I][AutoBaseFunction.py(wrapper):7] Screen.MainWindow : btn_onClicked 실행 시작
[2022-10-04 17:54:15.384][I][AutoBaseFunction.py(wrapper):8] Parameter : True
[2022-10-04 17:54:15.385][I][AutoBaseFunction.py(wrapper):14] Screen.MainWindow : btn_onClicked 실행 종료
[2022-10-04 17:54:15.414][I][AutoBaseFunction.py(wrapper):7] Screen.MainWindow : btn_onClicked 실행 시작
[2022-10-04 17:54:15.414][I][AutoBaseFunction.py(wrapper):8] Parameter : True
[2022-10-04 17:54:15.415][I][AutoBaseFunction.py(wrapper):14] Screen.MainWindow : btn_onClicked 실행 종료
[2022-10-04 17:54:15.461][I][AutoBaseFunction.py(wrapper):7] Screen.MainWindow : btn_onClicked 실행 시작
[2022-10-04 17:54:15.463][I][AutoBaseFunction.py(wrapper):8] Parameter : True
[2022-10-04 17:54:15.463][I][AutoBaseFunction.py(wrapper):14] Screen.MainWindow : btn_onClicked 실행 종료
[2022-10-04 17:54:15.493][I][AutoBaseFunction.py(wrapper):7] Screen.MainWindow : btn_onClicked 실행 시작
[2022-10-04 17:54:15.494][I][AutoBaseFunction.py(wrapper):8] Parameter : True
[2022-10-04 17:54:15.494][I][AutoBaseFunction.py(wrapper):14] Screen.MainWindow : btn_onClicked 실행 종료
[2022-10-04 17:54:15.524][I][AutoBaseFunction.py(wrapper):7] Screen.MainWindow : btn_onClicked 실행 시작
[2022-10-04 17:54:15.524][I][AutoBaseFunction.py(wrapper):8] Parameter : True
[2022-10-04 17:54:15.525][I][AutoBaseFunction.py(wrapper):14] Screen.MainWindow : btn_onClicked 실행 종료
[2022-10-04 17:54:15.555][I][AutoBaseFunction.py(wrapper):7] Screen.MainWindow : btn_onClicked 실행 시작
[2022-10-04 17:54:15.555][I][AutoBaseFunction.py(wrapper):8] Parameter : True
[2022-10-04 17:54:15.555][I][AutoBaseFunction.py(wrapper):14] Screen.MainWindow : btn_onClicked 실행 종료
[2022-10-04 17:54:15.586][I][AutoBaseFunction.py(wrapper):7] Screen.MainWindow : btn_onClicked 실행 시작
[2022-10-04 17:54:15.586][I][AutoBaseFunction.py(wrapper):8] Parameter : True
[2022-10-04 17:54:15.587][I][AutoBaseFunction.py(wrapper):14] Screen.MainWindow : btn_onClicked 실행 종료
[2022-10-04 17:54:15.617][I][AutoBaseFunction.py(wrapper):7] Screen.MainWindow : btn_onClicked 실행 시작
[2022-10-04 17:54:15.617][I][AutoBaseFunction.py(wrapper):8] Parameter : True
[2022-10-04 17:54:15.617][I][AutoBaseFunction.py(wrapper):14] Screen.MainWindow : btn_onClicked 실행 종료
[2022-10-04 17:54:15.648][I][AutoBaseFunction.py(wrapper):7] Screen.MainWindow : btn_onClicked 실행 시작
[2022-10-04 17:54:15.649][I][AutoBaseFunction.py(wrapper):8] Parameter : True
[2022-10-04 17:54:15.649][I][AutoBaseFunction.py(wrapper):14] Screen.MainWindow : btn_onClicked 실행 종료
[2022-10-04 17:54:15.680][I][AutoBaseFunction.py(wrapper):7] Screen.MainWindow : btn_onClicked 실행 시작
[2022-10-04 17:54:15.680][I][AutoBaseFunction.py(wrapper):8] Parameter : True
[2022-10-04 17:54:15.680][I][AutoBaseFunction.py(wrapper):14] Screen.MainWindow : btn_onClicked 실행 종료
[2022-10-04 17:54:15.726][I][AutoBaseFunction.py(wrapper):7] Screen.MainWindow : btn_onClicked 실행 시작
[2022-10-04 17:54:15.727][I][AutoBaseFunction.py(wrapper):8] Parameter : True
[2022-10-04 17:54:15.727][I][AutoBaseFunction.py(wrapper):14] Screen.MainWindow : btn_onClicked 실행 종료
[2022-10-04 17:54:15.758][I][AutoBaseFunction.py(wrapper):7] Screen.MainWindow : btn_onClicked 실행 시작
[2022-10-04 17:54:15.758][I][AutoBaseFunction.py(wrapper):8] Parameter : True
[2022-10-04 17:54:15.759][I][AutoBaseFunction.py(wrapper):14] Screen.MainWindow : btn_onClicked 실행 종료
[2022-10-04 17:54:15.790][I][AutoBaseFunction.py(wrapper):7] Screen.MainWindow : btn_onClicked 실행 시작
[2022-10-04 17:54:15.790][I][AutoBaseFunction.py(wrapper):8] Parameter : True
[2022-10-04 17:54:15.790][I][AutoBaseFunction.py(wrapper):14] Screen.MainWindow : btn_onClicked 실행 종료
[2022-10-04 17:54:15.821][I][AutoBaseFunction.py(wrapper):7] Screen.MainWindow : btn_onClicked 실행 시작
[2022-10-04 17:54:15.821][I][AutoBaseFunction.py(wrapper):8] Parameter : True
[2022-10-04 17:54:15.821][I][AutoBaseFunction.py(wrapper):14] Screen.MainWindow : btn_onClicked 실행 종료
[2022-10-04 17:54:15.853][I][AutoBaseFunction.py(wrapper):7] Screen.MainWindow : btn_onClicked 실행 시작
[2022-10-04 17:54:15.854][I][AutoBaseFunction.py(wrapper):8] Parameter : True
[2022-10-04 17:54:15.854][I][AutoBaseFunction.py(wrapper):14] Screen.MainWindow : btn_onClicked 실행 종료
[2022-10-04 17:54:15.883][I][AutoBaseFunction.py(wrapper):7] Screen.MainWindow : btn_onClicked 실행 시작
[2022-10-04 17:54:15.884][I][AutoBaseFunction.py(wrapper):8] Parameter : True
[2022-10-04 17:54:15.884][I][AutoBaseFunction.py(wrapper):14] Screen.MainWindow : btn_onClicked 실행 종료
[2022-10-04 17:54:15.915][I][AutoBaseFunction.py(wrapper):7] Screen.MainWindow : btn_onClicked 실행 시작
[2022-10-04 17:54:15.915][I][AutoBaseFunction.py(wrapper):8] Parameter : True
[2022-10-04 17:54:15.916][I][AutoBaseFunction.py(wrapper):14] Screen.MainWindow : btn_onClicked 실행 종료
[2022-10-04 17:54:15.962][I][AutoBaseFunction.py(wrapper):7] Screen.MainWindow : btn_onClicked 실행 시작
[2022-10-04 17:54:15.962][I][AutoBaseFunction.py(wrapper):8] Parameter : True
[2022-10-04 17:54:15.963][I][AutoBaseFunction.py(wrapper):14] Screen.MainWindow : btn_onClicked 실행 종료
[2022-10-04 17:54:16.463][I][AutoBaseFunction.py(wrapper):7] Screen.MainWindow : btn_onClicked 실행 시작
[2022-10-04 17:54:16.464][I][AutoBaseFunction.py(wrapper):8] Parameter : False
[2022-10-04 17:54:16.465][I][AutoBaseFunction.py(wrapper):14] Screen.MainWindow : btn_onClicked 실행 종료
[2022-10-04 17:54:16.510][I][AutoBaseFunction.py(wrapper):7] Screen.MainWindow : btn_onClicked 실행 시작
[2022-10-04 17:54:16.510][I][AutoBaseFunction.py(wrapper):8] Parameter : False
[2022-10-04 17:54:16.513][I][AutoBaseFunction.py(wrapper):14] Screen.MainWindow : btn_onClicked 실행 종료
[2022-10-04 17:54:16.541][I][AutoBaseFunction.py(wrapper):7] Screen.MainWindow : btn_onClicked 실행 시작
[2022-10-04 17:54:16.541][I][AutoBaseFunction.py(wrapper):8] Parameter : False
[2022-10-04 17:54:16.544][I][AutoBaseFunction.py(wrapper):14] Screen.MainWindow : btn_onClicked 실행 종료
[2022-10-04 17:54:16.572][I][AutoBaseFunction.py(wrapper):7] Screen.MainWindow : btn_onClicked 실행 시작
[2022-10-04 17:54:16.572][I][AutoBaseFunction.py(wrapper):8] Parameter : False
[2022-10-04 17:54:16.574][I][AutoBaseFunction.py(wrapper):14] Screen.MainWindow : btn_onClicked 실행 종료
[2022-10-04 17:54:16.603][I][AutoBaseFunction.py(wrapper):7] Screen.MainWindow : btn_onClicked 실행 시작
[2022-10-04 17:54:16.604][I][AutoBaseFunction.py(wrapper):8] Parameter : False
[2022-10-04 17:54:16.606][I][AutoBaseFunction.py(wrapper):14] Screen.MainWindow : btn_onClicked 실행 종료
[2022-10-04 17:54:16.634][I][AutoBaseFunction.py(wrapper):7] Screen.MainWindow : btn_onClicked 실행 시작
[2022-10-04 17:54:16.635][I][AutoBaseFunction.py(wrapper):8] Parameter : False
[2022-10-04 17:54:16.637][I][AutoBaseFunction.py(wrapper):14] Screen.MainWindow : btn_onClicked 실행 종료
[2022-10-04 17:54:16.664][I][AutoBaseFunction.py(wrapper):7] Screen.MainWindow : btn_onClicked 실행 시작
[2022-10-04 17:54:16.664][I][AutoBaseFunction.py(wrapper):8] Parameter : False
[2022-10-04 17:54:16.667][I][AutoBaseFunction.py(wrapper):14] Screen.MainWindow : btn_onClicked 실행 종료
[2022-10-04 17:54:16.695][I][AutoBaseFunction.py(wrapper):7] Screen.MainWindow : btn_onClicked 실행 시작
[2022-10-04 17:54:16.695][I][AutoBaseFunction.py(wrapper):8] Parameter : False
[2022-10-04 17:54:16.698][I][AutoBaseFunction.py(wrapper):14] Screen.MainWindow : btn_onClicked 실행 종료
[2022-10-04 17:54:16.726][I][AutoBaseFunction.py(wrapper):7] Screen.MainWindow : btn_onClicked 실행 시작
[2022-10-04 17:54:16.726][I][AutoBaseFunction.py(wrapper):8] Parameter : False
[2022-10-04 17:54:16.759][I][AutoBaseFunction.py(wrapper):14] Screen.MainWindow : btn_onClicked 실행 종료
[2022-10-04 17:54:16.772][I][AutoBaseFunction.py(wrapper):7] Screen.MainWindow : btn_onClicked 실행 시작
[2022-10-04 17:54:16.773][I][AutoBaseFunction.py(wrapper):8] Parameter : False
[2022-10-04 17:54:16.773][I][AutoBaseFunction.py(wrapper):14] Screen.MainWindow : btn_onClicked 실행 종료
[2022-10-04 17:54:16.805][I][AutoBaseFunction.py(wrapper):7] Screen.MainWindow : btn_onClicked 실행 시작
[2022-10-04 17:54:16.805][I][AutoBaseFunction.py(wrapper):8] Parameter : False
[2022-10-04 17:54:16.805][I][AutoBaseFunction.py(wrapper):14] Screen.MainWindow : btn_onClicked 실행 종료
[2022-10-04 17:54:16.836][I][AutoBaseFunction.py(wrapper):7] Screen.MainWindow : btn_onClicked 실행 시작
[2022-10-04 17:54:16.836][I][AutoBaseFunction.py(wrapper):8] Parameter : False
[2022-10-04 17:54:16.837][I][AutoBaseFunction.py(wrapper):14] Screen.MainWindow : btn_onClicked 실행 종료
[2022-10-04 17:54:16.867][I][AutoBaseFunction.py(wrapper):7] Screen.MainWindow : btn_onClicked 실행 시작
[2022-10-04 17:54:16.868][I][AutoBaseFunction.py(wrapper):8] Parameter : False
[2022-10-04 17:54:16.868][I][AutoBaseFunction.py(wrapper):14] Screen.MainWindow : btn_onClicked 실행 종료
[2022-10-04 17:54:16.899][I][AutoBaseFunction.py(wrapper):7] Screen.MainWindow : btn_onClicked 실행 시작
[2022-10-04 17:54:16.899][I][AutoBaseFunction.py(wrapper):8] Parameter : False
[2022-10-04 17:54:16.900][I][AutoBaseFunction.py(wrapper):14] Screen.MainWindow : btn_onClicked 실행 종료
[2022-10-04 17:54:16.930][I][AutoBaseFunction.py(wrapper):7] Screen.MainWindow : btn_onClicked 실행 시작
[2022-10-04 17:54:16.930][I][AutoBaseFunction.py(wrapper):8] Parameter : False
[2022-10-04 17:54:16.931][I][AutoBaseFunction.py(wrapper):14] Screen.MainWindow : btn_onClicked 실행 종료
[2022-10-04 17:54:16.960][I][AutoBaseFunction.py(wrapper):7] Screen.MainWindow : btn_onClicked 실행 시작
[2022-10-04 17:54:16.961][I][AutoBaseFunction.py(wrapper):8] Parameter : False
[2022-10-04 17:54:16.961][I][AutoBaseFunction.py(wrapper):14] Screen.MainWindow : btn_onClicked 실행 종료
[2022-10-04 17:54:16.992][I][AutoBaseFunction.py(wrapper):7] Screen.MainWindow : btn_onClicked 실행 시작
[2022-10-04 17:54:16.993][I][AutoBaseFunction.py(wrapper):8] Parameter : False
[2022-10-04 17:54:16.993][I][AutoBaseFunction.py(wrapper):14] Screen.MainWindow : btn_onClicked 실행 종료
[2022-10-04 17:54:17.024][I][AutoBaseFunction.py(wrapper):7] Screen.MainWindow : btn_onClicked 실행 시작
[2022-10-04 17:54:17.024][I][AutoBaseFunction.py(wrapper):8] Parameter : False
[2022-10-04 17:54:17.025][I][AutoBaseFunction.py(wrapper):14] Screen.MainWindow : btn_onClicked 실행 종료
[2022-10-04 17:54:17.071][I][AutoBaseFunction.py(wrapper):7] Screen.MainWindow : btn_onClicked 실행 시작
[2022-10-04 17:54:17.071][I][AutoBaseFunction.py(wrapper):8] Parameter : False
[2022-10-04 17:54:17.071][I][AutoBaseFunction.py(wrapper):14] Screen.MainWindow : btn_onClicked 실행 종료
[2022-10-04 17:54:17.102][I][AutoBaseFunction.py(wrapper):7] Screen.MainWindow : btn_onClicked 실행 시작
[2022-10-04 17:54:17.102][I][AutoBaseFunction.py(wrapper):8] Parameter : False
[2022-10-04 17:54:17.102][I][AutoBaseFunction.py(wrapper):14] Screen.MainWindow : btn_onClicked 실행 종료
[2022-10-04 17:54:17.132][I][AutoBaseFunction.py(wrapper):7] Screen.MainWindow : btn_onClicked 실행 시작
[2022-10-04 17:54:17.133][I][AutoBaseFunction.py(wrapper):8] Parameter : False
[2022-10-04 17:54:17.133][I][AutoBaseFunction.py(wrapper):14] Screen.MainWindow : btn_onClicked 실행 종료
[2022-10-04 17:54:17.164][I][AutoBaseFunction.py(wrapper):7] Screen.MainWindow : btn_onClicked 실행 시작
[2022-10-04 17:54:17.164][I][AutoBaseFunction.py(wrapper):8] Parameter : False
[2022-10-04 17:54:17.165][I][AutoBaseFunction.py(wrapper):14] Screen.MainWindow : btn_onClicked 실행 종료
[2022-10-04 17:54:17.195][I][AutoBaseFunction.py(wrapper):7] Screen.MainWindow : btn_onClicked 실행 시작
[2022-10-04 17:54:17.195][I][AutoBaseFunction.py(wrapper):8] Parameter : False
[2022-10-04 17:54:17.196][I][AutoBaseFunction.py(wrapper):14] Screen.MainWindow : btn_onClicked 실행 종료
[2022-10-04 17:54:17.227][I][AutoBaseFunction.py(wrapper):7] Screen.MainWindow : btn_onClicked 실행 시작
[2022-10-04 17:54:17.227][I][AutoBaseFunction.py(wrapper):8] Parameter : False
[2022-10-04 17:54:17.228][I][AutoBaseFunction.py(wrapper):14] Screen.MainWindow : btn_onClicked 실행 종료
[2022-10-04 17:54:17.258][I][AutoBaseFunction.py(wrapper):7] Screen.MainWindow : btn_onClicked 실행 시작
[2022-10-04 17:54:17.258][I][AutoBaseFunction.py(wrapper):8] Parameter : False
[2022-10-04 17:54:17.258][I][AutoBaseFunction.py(wrapper):14] Screen.MainWindow : btn_onClicked 실행 종료
[2022-10-04 17:54:17.288][I][AutoBaseFunction.py(wrapper):7] Screen.MainWindow : btn_onClicked 실행 시작
[2022-10-04 17:54:17.289][I][AutoBaseFunction.py(wrapper):8] Parameter : False
[2022-10-04 17:54:17.289][I][AutoBaseFunction.py(wrapper):14] Screen.MainWindow : btn_onClicked 실행 종료
[2022-10-04 17:54:17.320][I][AutoBaseFunction.py(wrapper):7] Screen.MainWindow : btn_onClicked 실행 시작
[2022-10-04 17:54:17.320][I][AutoBaseFunction.py(wrapper):8] Parameter : False
[2022-10-04 17:54:17.320][I][AutoBaseFunction.py(wrapper):14] Screen.MainWindow : btn_onClicked 실행 종료
[2022-10-04 17:54:17.366][I][AutoBaseFunction.py(wrapper):7] Screen.MainWindow : btn_onClicked 실행 시작
[2022-10-04 17:54:17.367][I][AutoBaseFunction.py(wrapper):8] Parameter : False
[2022-10-04 17:54:17.367][I][AutoBaseFunction.py(wrapper):14] Screen.MainWindow : btn_onClicked 실행 종료
[2022-10-04 17:54:17.397][I][AutoBaseFunction.py(wrapper):7] Screen.MainWindow : btn_onClicked 실행 시작
[2022-10-04 17:54:17.398][I][AutoBaseFunction.py(wrapper):8] Parameter : False
[2022-10-04 17:54:17.398][I][AutoBaseFunction.py(wrapper):14] Screen.MainWindow : btn_onClicked 실행 종료
[2022-10-04 17:54:17.429][I][AutoBaseFunction.py(wrapper):7] Screen.MainWindow : btn_onClicked 실행 시작
[2022-10-04 17:54:17.430][I][AutoBaseFunction.py(wrapper):8] Parameter : False
[2022-10-04 17:54:17.430][I][AutoBaseFunction.py(wrapper):14] Screen.MainWindow : btn_onClicked 실행 종료
[2022-10-04 17:54:17.462][I][AutoBaseFunction.py(wrapper):7] Screen.MainWindow : btn_onClicked 실행 시작
[2022-10-04 17:54:17.462][I][AutoBaseFunction.py(wrapper):8] Parameter : False
[2022-10-04 17:54:17.463][I][AutoBaseFunction.py(wrapper):14] Screen.MainWindow : btn_onClicked 실행 종료
[2022-10-04 17:54:17.493][I][AutoBaseFunction.py(wrapper):7] Screen.MainWindow : btn_onClicked 실행 시작
[2022-10-04 17:54:17.494][I][AutoBaseFunction.py(wrapper):8] Parameter : False
[2022-10-04 17:54:17.494][I][AutoBaseFunction.py(wrapper):14] Screen.MainWindow : btn_onClicked 실행 종료
[2022-10-04 17:54:17.524][I][AutoBaseFunction.py(wrapper):7] Screen.MainWindow : btn_onClicked 실행 시작
[2022-10-04 17:54:17.525][I][AutoBaseFunction.py(wrapper):8] Parameter : False
[2022-10-04 17:54:17.525][I][AutoBaseFunction.py(wrapper):14] Screen.MainWindow : btn_onClicked 실행 종료
[2022-10-04 17:54:17.556][I][AutoBaseFunction.py(wrapper):7] Screen.MainWindow : btn_onClicked 실행 시작
[2022-10-04 17:54:17.556][I][AutoBaseFunction.py(wrapper):8] Parameter : False
[2022-10-04 17:54:17.557][I][AutoBaseFunction.py(wrapper):14] Screen.MainWindow : btn_onClicked 실행 종료
[2022-10-04 17:54:17.586][I][AutoBaseFunction.py(wrapper):7] Screen.MainWindow : btn_onClicked 실행 시작
[2022-10-04 17:54:17.586][I][AutoBaseFunction.py(wrapper):8] Parameter : False
[2022-10-04 17:54:17.587][I][AutoBaseFunction.py(wrapper):14] Screen.MainWindow : btn_onClicked 실행 종료
[2022-10-04 17:54:17.617][I][AutoBaseFunction.py(wrapper):7] Screen.MainWindow : btn_onClicked 실행 시작
[2022-10-04 17:54:17.618][I][AutoBaseFunction.py(wrapper):8] Parameter : False
[2022-10-04 17:54:17.618][I][AutoBaseFunction.py(wrapper):14] Screen.MainWindow : btn_onClicked 실행 종료
[2022-10-04 17:54:17.625][I][AutoBaseFunction.py(wrapper):7] Screen.MainWindow : btn_onClicked 실행 시작
[2022-10-04 17:54:17.625][I][AutoBaseFunction.py(wrapper):8] Parameter : False
[2022-10-04 17:54:17.625][I][AutoBaseFunction.py(wrapper):14] Screen.MainWindow : btn_onClicked 실행 종료
[2022-10-04 17:54:19.586][I][AutoBaseFunction.py(wrapper):7] Screen.MainWindow : closeEvent 실행 시작
[2022-10-04 17:54:19.586][I][AutoBaseFunction.py(wrapper):8] Parameter : <PyQt5.QtGui.QCloseEvent object at 0x00000165370F90D8>
