[2022-10-04 17:59:49.533][D][LogManager.py(Init):12] LogManager Init function called !!!
[2022-10-04 17:59:49.558][I][AutoBaseFunction.py(wrapper):7] Screen.MainWindow : setupUi 실행 시작
[2022-10-04 17:59:49.559][I][AutoBaseFunction.py(wrapper):8] Parameter : 
[2022-10-04 17:59:49.563][I][AutoBaseFunction.py(wrapper):7] Screen.MainWindow : set_field 실행 시작
[2022-10-04 17:59:49.563][I][AutoBaseFunction.py(wrapper):8] Parameter : 
[2022-10-04 17:59:49.594][I][AutoBaseFunction.py(wrapper):14] Screen.MainWindow : set_field 실행 종료
[2022-10-04 17:59:49.595][I][AutoBaseFunction.py(wrapper):7] Screen.MainWindow : setWidget_func 실행 시작
[2022-10-04 17:59:49.595][I][AutoBaseFunction.py(wrapper):8] Parameter : 
[2022-10-04 17:59:49.597][I][AutoBaseFunction.py(wrapper):14] Screen.MainWindow : setWidget_func 실행 종료
[2022-10-04 17:59:49.600][I][AutoBaseFunction.py(wrapper):14] Screen.MainWindow : setupUi 실행 종료
[2022-10-04 17:59:49.606][I][AutoBaseFunction.py(wrapper):7] __main__ : __set_slot 실행 시작
[2022-10-04 17:59:49.607][I][AutoBaseFunction.py(wrapper):8] Parameter : 
[2022-10-04 17:59:49.607][I][AutoBaseFunction.py(wrapper):14] __main__ : __set_slot 실행 종료
[2022-10-04 17:59:49.608][I][AutoBaseFunction.py(wrapper):7] __main__ : __wigets_setupUi 실행 시작
[2022-10-04 17:59:49.608][I][AutoBaseFunction.py(wrapper):8] Parameter : 
[2022-10-04 17:59:49.608][I][AutoBaseFunction.py(wrapper):7] Screen.Setup_Language : setupUI_Language 실행 시작
[2022-10-04 17:59:49.609][I][AutoBaseFunction.py(wrapper):8] Parameter : 
[2022-10-04 17:59:49.609][I][AutoBaseFunction.py(wrapper):7] Screen.Setup_Language : sl_set_slot 실행 시작
[2022-10-04 17:59:49.609][I][AutoBaseFunction.py(wrapper):8] Parameter : 
[2022-10-04 17:59:49.610][I][AutoBaseFunction.py(wrapper):14] Screen.Setup_Language : sl_set_slot 실행 종료
[2022-10-04 17:59:49.610][I][AutoBaseFunction.py(wrapper):14] Screen.Setup_Language : setupUI_Language 실행 종료
[2022-10-04 17:59:49.610][I][AutoBaseFunction.py(wrapper):7] Screen.Menu_CreateExcel : setupUI_CreateExcel 실행 시작
[2022-10-04 17:59:49.610][I][AutoBaseFunction.py(wrapper):8] Parameter : 
[2022-10-04 17:59:49.612][I][AutoBaseFunction.py(wrapper):7] Screen.Menu_CreateExcel : new_excel_func 실행 시작
[2022-10-04 17:59:49.612][I][AutoBaseFunction.py(wrapper):8] Parameter : 
[2022-10-04 17:59:49.613][I][AutoBaseFunction.py(wrapper):14] Screen.Menu_CreateExcel : new_excel_func 실행 종료
[2022-10-04 17:59:49.613][I][AutoBaseFunction.py(wrapper):7] Screen.Menu_CreateExcel : set_excel_func 실행 시작
[2022-10-04 17:59:49.613][I][AutoBaseFunction.py(wrapper):8] Parameter : 
[2022-10-04 17:59:49.614][I][AutoBaseFunction.py(wrapper):14] Screen.Menu_CreateExcel : set_excel_func 실행 종료
[2022-10-04 17:59:49.614][I][AutoBaseFunction.py(wrapper):14] Screen.Menu_CreateExcel : setupUI_CreateExcel 실행 종료
[2022-10-04 17:59:49.615][I][AutoBaseFunction.py(wrapper):7] Screen.Setup_Field : setupUI_Field 실행 시작
[2022-10-04 17:59:49.615][I][AutoBaseFunction.py(wrapper):8] Parameter : 
[2022-10-04 17:59:49.617][I][AutoBaseFunction.py(wrapper):7] Screen.Setup_Field : set_data 실행 시작
[2022-10-04 17:59:49.617][I][AutoBaseFunction.py(wrapper):8] Parameter : 
[2022-10-04 17:59:49.618][I][AutoBaseFunction.py(wrapper):14] Screen.Setup_Field : set_data 실행 종료
[2022-10-04 17:59:49.860][I][AutoBaseFunction.py(wrapper):7] Screen.Setup_Field : set_data 실행 시작
[2022-10-04 17:59:49.860][I][AutoBaseFunction.py(wrapper):8] Parameter : 
[2022-10-04 17:59:49.861][I][AutoBaseFunction.py(wrapper):14] Screen.Setup_Field : set_data 실행 종료
[2022-10-04 17:59:49.861][I][AutoBaseFunction.py(wrapper):7] Screen.Setup_Field : set_data 실행 시작
[2022-10-04 17:59:49.862][I][AutoBaseFunction.py(wrapper):8] Parameter : 
[2022-10-04 17:59:49.862][I][AutoBaseFunction.py(wrapper):14] Screen.Setup_Field : set_data 실행 종료
[2022-10-04 17:59:49.863][I][AutoBaseFunction.py(wrapper):7] Screen.Setup_Field : set_data 실행 시작
[2022-10-04 17:59:49.863][I][AutoBaseFunction.py(wrapper):8] Parameter : 
[2022-10-04 17:59:49.864][I][AutoBaseFunction.py(wrapper):14] Screen.Setup_Field : set_data 실행 종료
[2022-10-04 17:59:49.864][I][AutoBaseFunction.py(wrapper):7] Screen.Setup_Field : set_data 실행 시작
[2022-10-04 17:59:49.864][I][AutoBaseFunction.py(wrapper):8] Parameter : 
[2022-10-04 17:59:49.865][I][AutoBaseFunction.py(wrapper):14] Screen.Setup_Field : set_data 실행 종료
[2022-10-04 17:59:49.865][I][AutoBaseFunction.py(wrapper):7] Screen.Setup_Field : set_data 실행 시작
[2022-10-04 17:59:49.865][I][AutoBaseFunction.py(wrapper):8] Parameter : 
[2022-10-04 17:59:49.866][I][AutoBaseFunction.py(wrapper):14] Screen.Setup_Field : set_data 실행 종료
[2022-10-04 17:59:49.866][I][AutoBaseFunction.py(wrapper):7] Screen.Setup_Field : sl_set_slot 실행 시작
[2022-10-04 17:59:49.866][I][AutoBaseFunction.py(wrapper):8] Parameter : 
[2022-10-04 17:59:49.867][I][AutoBaseFunction.py(wrapper):14] Screen.Setup_Field : sl_set_slot 실행 종료
[2022-10-04 17:59:49.867][I][AutoBaseFunction.py(wrapper):14] Screen.Setup_Field : setupUI_Field 실행 종료
[2022-10-04 17:59:49.867][I][AutoBaseFunction.py(wrapper):7] Screen.Setup_TestList : setupUI_TestList 실행 시작
[2022-10-04 17:59:49.867][I][AutoBaseFunction.py(wrapper):8] Parameter : 
[2022-10-04 17:59:49.868][I][AutoBaseFunction.py(wrapper):7] Screen.Setup_TestList : btn_set_slot 실행 시작
[2022-10-04 17:59:49.869][I][AutoBaseFunction.py(wrapper):8] Parameter : 
[2022-10-04 17:59:49.869][I][AutoBaseFunction.py(wrapper):14] Screen.Setup_TestList : btn_set_slot 실행 종료
[2022-10-04 17:59:49.869][I][AutoBaseFunction.py(wrapper):14] Screen.Setup_TestList : setupUI_TestList 실행 종료
[2022-10-04 17:59:49.870][I][AutoBaseFunction.py(wrapper):14] __main__ : __wigets_setupUi 실행 종료
[2022-10-04 17:59:51.625][I][AutoBaseFunction.py(wrapper):7] __main__ : __sl_ui 실행 시작
[2022-10-04 17:59:51.625][I][AutoBaseFunction.py(wrapper):8] Parameter : False
[2022-10-04 17:59:51.626][I][AutoBaseFunction.py(wrapper):7] Screen.Setup_Language : setLang_Button 실행 시작
[2022-10-04 17:59:51.626][I][AutoBaseFunction.py(wrapper):8] Parameter : 
[2022-10-04 17:59:51.630][I][AutoBaseFunction.py(wrapper):14] Screen.Setup_Language : setLang_Button 실행 종료
[2022-10-04 17:59:51.642][I][AutoBaseFunction.py(wrapper):14] __main__ : __sl_ui 실행 종료
[2022-10-04 17:59:52.647][I][AutoBaseFunction.py(wrapper):7] Screen.Setup_Language : ok_Button_clicked 실행 시작
[2022-10-04 17:59:52.647][I][AutoBaseFunction.py(wrapper):8] Parameter : False
[2022-10-04 17:59:52.747][I][AutoBaseFunction.py(wrapper):7] Screen.Setup_Language : closeEvent 실행 시작
[2022-10-04 17:59:52.747][I][AutoBaseFunction.py(wrapper):8] Parameter : <PyQt5.QtGui.QCloseEvent object at 0x000001811EFED3A8>
[2022-10-04 17:59:52.748][I][AutoBaseFunction.py(wrapper):14] Screen.Setup_Language : closeEvent 실행 종료
[2022-10-04 17:59:52.754][I][AutoBaseFunction.py(wrapper):14] Screen.Setup_Language : ok_Button_clicked 실행 종료
[2022-10-04 17:59:54.289][I][AutoBaseFunction.py(wrapper):7] __main__ : __sl_ui 실행 시작
[2022-10-04 17:59:54.289][I][AutoBaseFunction.py(wrapper):8] Parameter : False
[2022-10-04 17:59:54.290][I][AutoBaseFunction.py(wrapper):7] Screen.Setup_Language : setLang_Button 실행 시작
[2022-10-04 17:59:54.290][I][AutoBaseFunction.py(wrapper):8] Parameter : 
[2022-10-04 17:59:54.292][I][AutoBaseFunction.py(wrapper):14] Screen.Setup_Language : setLang_Button 실행 종료
[2022-10-04 17:59:54.297][I][AutoBaseFunction.py(wrapper):14] __main__ : __sl_ui 실행 종료
[2022-10-04 17:59:54.983][I][AutoBaseFunction.py(wrapper):7] Screen.Setup_Language : keyPressEvent 실행 시작
[2022-10-04 17:59:54.984][I][AutoBaseFunction.py(wrapper):8] Parameter : <PyQt5.QtGui.QKeyEvent object at 0x000001811EFD15E8>
[2022-10-04 17:59:54.985][I][AutoBaseFunction.py(wrapper):7] Screen.Setup_Language : ok_Button_clicked 실행 시작
[2022-10-04 17:59:54.985][I][AutoBaseFunction.py(wrapper):8] Parameter : None
[2022-10-04 17:59:55.078][I][AutoBaseFunction.py(wrapper):7] Screen.Setup_Language : closeEvent 실행 시작
[2022-10-04 17:59:55.079][I][AutoBaseFunction.py(wrapper):8] Parameter : <PyQt5.QtGui.QCloseEvent object at 0x000001811EFED318>
[2022-10-04 17:59:55.080][I][AutoBaseFunction.py(wrapper):14] Screen.Setup_Language : closeEvent 실행 종료
[2022-10-04 17:59:55.085][I][AutoBaseFunction.py(wrapper):14] Screen.Setup_Language : ok_Button_clicked 실행 종료
[2022-10-04 17:59:55.085][I][AutoBaseFunction.py(wrapper):14] Screen.Setup_Language : keyPressEvent 실행 종료
[2022-10-04 17:59:55.091][I][AutoBaseFunction.py(wrapper):7] Screen.MainWindow : keyReleaseEvent 실행 시작
[2022-10-04 17:59:55.092][I][AutoBaseFunction.py(wrapper):8] Parameter : <PyQt5.QtGui.QKeyEvent object at 0x000001811EFD15E8>
[2022-10-04 17:59:55.092][I][AutoBaseFunction.py(wrapper):14] Screen.MainWindow : keyReleaseEvent 실행 종료
[2022-10-04 17:59:57.418][I][AutoBaseFunction.py(wrapper):7] Screen.MainWindow : update_open_menu 실행 시작
[2022-10-04 17:59:57.418][I][AutoBaseFunction.py(wrapper):8] Parameter : 
[2022-10-04 17:59:57.420][I][AutoBaseFunction.py(wrapper):14] Screen.MainWindow : update_open_menu 실행 종료
[2022-10-04 17:59:58.842][I][AutoBaseFunction.py(wrapper):7] Screen.MainWindow : show_imgList 실행 시작
[2022-10-04 17:59:58.843][I][AutoBaseFunction.py(wrapper):8] Parameter : ('한국어', 'D:/test/TestList_CSV/2022_skillup-master'), True, True
[2022-10-04 17:59:58.930][I][AutoBaseFunction.py(wrapper):14] Screen.MainWindow : show_imgList 실행 종료
[2022-10-04 18:00:07.862][I][AutoBaseFunction.py(wrapper):7] Screen.MainWindow : keyReleaseEvent 실행 시작
[2022-10-04 18:00:07.863][I][AutoBaseFunction.py(wrapper):8] Parameter : <PyQt5.QtGui.QKeyEvent object at 0x000001811F0475E8>
[2022-10-04 18:00:07.866][I][AutoBaseFunction.py(wrapper):14] Screen.MainWindow : keyReleaseEvent 실행 종료
[2022-10-04 18:00:09.719][I][AutoBaseFunction.py(wrapper):7] Screen.MainWindow : keyReleaseEvent 실행 시작
[2022-10-04 18:00:09.720][I][AutoBaseFunction.py(wrapper):8] Parameter : <PyQt5.QtGui.QKeyEvent object at 0x000001811F0475E8>
[2022-10-04 18:00:09.753][I][AutoBaseFunction.py(wrapper):14] Screen.MainWindow : keyReleaseEvent 실행 종료
[2022-10-04 18:00:11.239][I][AutoBaseFunction.py(wrapper):7] Screen.MainWindow : keyReleaseEvent 실행 시작
[2022-10-04 18:00:11.239][I][AutoBaseFunction.py(wrapper):8] Parameter : <PyQt5.QtGui.QKeyEvent object at 0x000001811F0475E8>
[2022-10-04 18:00:11.242][I][AutoBaseFunction.py(wrapper):14] Screen.MainWindow : keyReleaseEvent 실행 종료
[2022-10-04 18:00:12.278][I][AutoBaseFunction.py(wrapper):7] Screen.MainWindow : keyReleaseEvent 실행 시작
[2022-10-04 18:00:12.279][I][AutoBaseFunction.py(wrapper):8] Parameter : <PyQt5.QtGui.QKeyEvent object at 0x000001811F0475E8>
[2022-10-04 18:00:12.281][I][AutoBaseFunction.py(wrapper):14] Screen.MainWindow : keyReleaseEvent 실행 종료
[2022-10-04 18:00:13.159][I][AutoBaseFunction.py(wrapper):7] Screen.MainWindow : keyReleaseEvent 실행 시작
[2022-10-04 18:00:13.159][I][AutoBaseFunction.py(wrapper):8] Parameter : <PyQt5.QtGui.QKeyEvent object at 0x000001811F0475E8>
[2022-10-04 18:00:13.162][I][AutoBaseFunction.py(wrapper):14] Screen.MainWindow : keyReleaseEvent 실행 종료
[2022-10-04 18:00:13.783][I][AutoBaseFunction.py(wrapper):7] Screen.MainWindow : keyReleaseEvent 실행 시작
[2022-10-04 18:00:13.783][I][AutoBaseFunction.py(wrapper):8] Parameter : <PyQt5.QtGui.QKeyEvent object at 0x000001811F0475E8>
[2022-10-04 18:00:13.785][I][AutoBaseFunction.py(wrapper):14] Screen.MainWindow : keyReleaseEvent 실행 종료
[2022-10-04 18:00:14.391][I][AutoBaseFunction.py(wrapper):7] Screen.MainWindow : keyReleaseEvent 실행 시작
[2022-10-04 18:00:14.392][I][AutoBaseFunction.py(wrapper):8] Parameter : <PyQt5.QtGui.QKeyEvent object at 0x000001811F0475E8>
[2022-10-04 18:00:14.394][I][AutoBaseFunction.py(wrapper):14] Screen.MainWindow : keyReleaseEvent 실행 종료
[2022-10-04 18:00:15.064][I][AutoBaseFunction.py(wrapper):7] Screen.MainWindow : keyReleaseEvent 실행 시작
[2022-10-04 18:00:15.064][I][AutoBaseFunction.py(wrapper):8] Parameter : <PyQt5.QtGui.QKeyEvent object at 0x000001811F0475E8>
[2022-10-04 18:00:15.066][I][AutoBaseFunction.py(wrapper):14] Screen.MainWindow : keyReleaseEvent 실행 종료
[2022-10-04 18:00:15.847][I][AutoBaseFunction.py(wrapper):7] Screen.MainWindow : keyReleaseEvent 실행 시작
[2022-10-04 18:00:15.848][I][AutoBaseFunction.py(wrapper):8] Parameter : <PyQt5.QtGui.QKeyEvent object at 0x000001811F0475E8>
[2022-10-04 18:00:15.851][I][AutoBaseFunction.py(wrapper):14] Screen.MainWindow : keyReleaseEvent 실행 종료
[2022-10-04 18:00:17.239][I][AutoBaseFunction.py(wrapper):7] Screen.MainWindow : keyReleaseEvent 실행 시작
[2022-10-04 18:00:17.240][I][AutoBaseFunction.py(wrapper):8] Parameter : <PyQt5.QtGui.QKeyEvent object at 0x000001811F0475E8>
[2022-10-04 18:00:17.242][I][AutoBaseFunction.py(wrapper):14] Screen.MainWindow : keyReleaseEvent 실행 종료
[2022-10-04 18:00:17.927][I][AutoBaseFunction.py(wrapper):7] Screen.MainWindow : keyReleaseEvent 실행 시작
[2022-10-04 18:00:17.927][I][AutoBaseFunction.py(wrapper):8] Parameter : <PyQt5.QtGui.QKeyEvent object at 0x000001811F0475E8>
[2022-10-04 18:00:17.930][I][AutoBaseFunction.py(wrapper):14] Screen.MainWindow : keyReleaseEvent 실행 종료
[2022-10-04 18:00:18.679][I][AutoBaseFunction.py(wrapper):7] Screen.MainWindow : keyReleaseEvent 실행 시작
[2022-10-04 18:00:18.679][I][AutoBaseFunction.py(wrapper):8] Parameter : <PyQt5.QtGui.QKeyEvent object at 0x000001811F0475E8>
[2022-10-04 18:00:18.681][I][AutoBaseFunction.py(wrapper):14] Screen.MainWindow : keyReleaseEvent 실행 종료
[2022-10-04 18:00:20.247][I][AutoBaseFunction.py(wrapper):7] Screen.MainWindow : keyReleaseEvent 실행 시작
[2022-10-04 18:00:20.247][I][AutoBaseFunction.py(wrapper):8] Parameter : <PyQt5.QtGui.QKeyEvent object at 0x000001811F0475E8>
[2022-10-04 18:00:20.250][I][AutoBaseFunction.py(wrapper):14] Screen.MainWindow : keyReleaseEvent 실행 종료
[2022-10-04 18:00:21.479][I][AutoBaseFunction.py(wrapper):7] Screen.MainWindow : keyReleaseEvent 실행 시작
[2022-10-04 18:00:21.479][I][AutoBaseFunction.py(wrapper):8] Parameter : <PyQt5.QtGui.QKeyEvent object at 0x000001811F0475E8>
[2022-10-04 18:00:21.482][I][AutoBaseFunction.py(wrapper):14] Screen.MainWindow : keyReleaseEvent 실행 종료
[2022-10-04 18:00:22.105][I][AutoBaseFunction.py(wrapper):7] Screen.MainWindow : keyReleaseEvent 실행 시작
[2022-10-04 18:00:22.105][I][AutoBaseFunction.py(wrapper):8] Parameter : <PyQt5.QtGui.QKeyEvent object at 0x000001811F0475E8>
[2022-10-04 18:00:22.107][I][AutoBaseFunction.py(wrapper):14] Screen.MainWindow : keyReleaseEvent 실행 종료
[2022-10-04 18:00:23.384][I][AutoBaseFunction.py(wrapper):7] Screen.MainWindow : keyReleaseEvent 실행 시작
[2022-10-04 18:00:23.384][I][AutoBaseFunction.py(wrapper):8] Parameter : <PyQt5.QtGui.QKeyEvent object at 0x000001811F0475E8>
[2022-10-04 18:00:23.386][I][AutoBaseFunction.py(wrapper):14] Screen.MainWindow : keyReleaseEvent 실행 종료
[2022-10-04 18:00:24.183][I][AutoBaseFunction.py(wrapper):7] Screen.MainWindow : keyReleaseEvent 실행 시작
[2022-10-04 18:00:24.184][I][AutoBaseFunction.py(wrapper):8] Parameter : <PyQt5.QtGui.QKeyEvent object at 0x000001811F0475E8>
[2022-10-04 18:00:24.186][I][AutoBaseFunction.py(wrapper):14] Screen.MainWindow : keyReleaseEvent 실행 종료
[2022-10-04 18:00:25.159][I][AutoBaseFunction.py(wrapper):7] Screen.MainWindow : keyReleaseEvent 실행 시작
[2022-10-04 18:00:25.160][I][AutoBaseFunction.py(wrapper):8] Parameter : <PyQt5.QtGui.QKeyEvent object at 0x000001811F0475E8>
[2022-10-04 18:00:25.162][I][AutoBaseFunction.py(wrapper):14] Screen.MainWindow : keyReleaseEvent 실행 종료
[2022-10-04 18:00:25.671][I][AutoBaseFunction.py(wrapper):7] Screen.MainWindow : keyReleaseEvent 실행 시작
[2022-10-04 18:00:25.671][I][AutoBaseFunction.py(wrapper):8] Parameter : <PyQt5.QtGui.QKeyEvent object at 0x000001811F0475E8>
[2022-10-04 18:00:25.674][I][AutoBaseFunction.py(wrapper):14] Screen.MainWindow : keyReleaseEvent 실행 종료
[2022-10-04 18:00:25.927][I][AutoBaseFunction.py(wrapper):7] Screen.MainWindow : keyReleaseEvent 실행 시작
[2022-10-04 18:00:25.927][I][AutoBaseFunction.py(wrapper):8] Parameter : <PyQt5.QtGui.QKeyEvent object at 0x000001811F0475E8>
[2022-10-04 18:00:25.959][I][AutoBaseFunction.py(wrapper):14] Screen.MainWindow : keyReleaseEvent 실행 종료
[2022-10-04 18:00:26.167][I][AutoBaseFunction.py(wrapper):7] Screen.MainWindow : keyReleaseEvent 실행 시작
[2022-10-04 18:00:26.167][I][AutoBaseFunction.py(wrapper):8] Parameter : <PyQt5.QtGui.QKeyEvent object at 0x000001811F0475E8>
[2022-10-04 18:00:26.168][I][AutoBaseFunction.py(wrapper):14] Screen.MainWindow : keyReleaseEvent 실행 종료
[2022-10-04 18:00:28.223][I][AutoBaseFunction.py(wrapper):7] Screen.MainWindow : allPass_clicked 실행 시작
[2022-10-04 18:00:28.224][I][AutoBaseFunction.py(wrapper):8] Parameter : False
[2022-10-04 18:00:28.224][I][AutoBaseFunction.py(wrapper):14] Screen.MainWindow : allPass_clicked 실행 종료
[2022-10-04 18:00:32.983][I][AutoBaseFunction.py(wrapper):7] Screen.MainWindow : allFail_clicked 실행 시작
[2022-10-04 18:00:32.984][I][AutoBaseFunction.py(wrapper):8] Parameter : False
[2022-10-04 18:00:32.984][I][AutoBaseFunction.py(wrapper):14] Screen.MainWindow : allFail_clicked 실행 종료
[2022-10-04 18:00:33.919][I][AutoBaseFunction.py(wrapper):7] Screen.MainWindow : allPass_clicked 실행 시작
[2022-10-04 18:00:33.920][I][AutoBaseFunction.py(wrapper):8] Parameter : False
[2022-10-04 18:00:33.920][I][AutoBaseFunction.py(wrapper):14] Screen.MainWindow : allPass_clicked 실행 종료
[2022-10-04 18:00:34.671][I][AutoBaseFunction.py(wrapper):7] Screen.MainWindow : allFail_clicked 실행 시작
[2022-10-04 18:00:34.672][I][AutoBaseFunction.py(wrapper):8] Parameter : False
[2022-10-04 18:00:34.672][I][AutoBaseFunction.py(wrapper):14] Screen.MainWindow : allFail_clicked 실행 종료
[2022-10-04 18:00:36.823][I][AutoBaseFunction.py(wrapper):7] Screen.MainWindow : allPass_clicked 실행 시작
[2022-10-04 18:00:36.824][I][AutoBaseFunction.py(wrapper):8] Parameter : False
[2022-10-04 18:00:36.824][I][AutoBaseFunction.py(wrapper):14] Screen.MainWindow : allPass_clicked 실행 종료
[2022-10-04 18:00:37.471][I][AutoBaseFunction.py(wrapper):7] Screen.MainWindow : allFail_clicked 실행 시작
[2022-10-04 18:00:37.472][I][AutoBaseFunction.py(wrapper):8] Parameter : False
[2022-10-04 18:00:37.472][I][AutoBaseFunction.py(wrapper):14] Screen.MainWindow : allFail_clicked 실행 종료
[2022-10-04 18:00:38.111][I][AutoBaseFunction.py(wrapper):7] Screen.MainWindow : allPass_clicked 실행 시작
[2022-10-04 18:00:38.112][I][AutoBaseFunction.py(wrapper):8] Parameter : False
[2022-10-04 18:00:38.112][I][AutoBaseFunction.py(wrapper):14] Screen.MainWindow : allPass_clicked 실행 종료
[2022-10-04 18:00:38.799][I][AutoBaseFunction.py(wrapper):7] Screen.MainWindow : allFail_clicked 실행 시작
[2022-10-04 18:00:38.800][I][AutoBaseFunction.py(wrapper):8] Parameter : False
[2022-10-04 18:00:38.800][I][AutoBaseFunction.py(wrapper):14] Screen.MainWindow : allFail_clicked 실행 종료
[2022-10-04 18:00:40.152][I][AutoBaseFunction.py(wrapper):7] Screen.MainWindow : allPass_clicked 실행 시작
[2022-10-04 18:00:40.152][I][AutoBaseFunction.py(wrapper):8] Parameter : False
[2022-10-04 18:00:40.153][I][AutoBaseFunction.py(wrapper):14] Screen.MainWindow : allPass_clicked 실행 종료
[2022-10-04 18:00:41.382][I][AutoBaseFunction.py(wrapper):7] Screen.MainWindow : keyReleaseEvent 실행 시작
[2022-10-04 18:00:41.382][I][AutoBaseFunction.py(wrapper):8] Parameter : <PyQt5.QtGui.QKeyEvent object at 0x000001811F0475E8>
[2022-10-04 18:00:41.385][I][AutoBaseFunction.py(wrapper):14] Screen.MainWindow : keyReleaseEvent 실행 종료
[2022-10-04 18:00:42.823][I][AutoBaseFunction.py(wrapper):7] Screen.MainWindow : allFail_clicked 실행 시작
[2022-10-04 18:00:42.824][I][AutoBaseFunction.py(wrapper):8] Parameter : False
[2022-10-04 18:00:42.824][I][AutoBaseFunction.py(wrapper):14] Screen.MainWindow : allFail_clicked 실행 종료
[2022-10-04 18:00:44.646][I][AutoBaseFunction.py(wrapper):7] Screen.MainWindow : keyReleaseEvent 실행 시작
[2022-10-04 18:00:44.647][I][AutoBaseFunction.py(wrapper):8] Parameter : <PyQt5.QtGui.QKeyEvent object at 0x000001811F0475E8>
[2022-10-04 18:00:44.649][I][AutoBaseFunction.py(wrapper):14] Screen.MainWindow : keyReleaseEvent 실행 종료
[2022-10-04 18:00:45.303][I][AutoBaseFunction.py(wrapper):7] Screen.MainWindow : keyReleaseEvent 실행 시작
[2022-10-04 18:00:45.303][I][AutoBaseFunction.py(wrapper):8] Parameter : <PyQt5.QtGui.QKeyEvent object at 0x000001811F0475E8>
[2022-10-04 18:00:45.306][I][AutoBaseFunction.py(wrapper):14] Screen.MainWindow : keyReleaseEvent 실행 종료
[2022-10-04 18:00:45.959][I][AutoBaseFunction.py(wrapper):7] Screen.MainWindow : keyReleaseEvent 실행 시작
[2022-10-04 18:00:45.959][I][AutoBaseFunction.py(wrapper):8] Parameter : <PyQt5.QtGui.QKeyEvent object at 0x000001811F0475E8>
[2022-10-04 18:00:45.962][I][AutoBaseFunction.py(wrapper):14] Screen.MainWindow : keyReleaseEvent 실행 종료
[2022-10-04 18:00:48.070][I][AutoBaseFunction.py(wrapper):7] Screen.MainWindow : keyReleaseEvent 실행 시작
[2022-10-04 18:00:48.071][I][AutoBaseFunction.py(wrapper):8] Parameter : <PyQt5.QtGui.QKeyEvent object at 0x000001811F0475E8>
[2022-10-04 18:00:48.073][I][AutoBaseFunction.py(wrapper):14] Screen.MainWindow : keyReleaseEvent 실행 종료
[2022-10-04 18:00:48.694][I][AutoBaseFunction.py(wrapper):7] Screen.MainWindow : keyReleaseEvent 실행 시작
[2022-10-04 18:00:48.695][I][AutoBaseFunction.py(wrapper):8] Parameter : <PyQt5.QtGui.QKeyEvent object at 0x000001811F0475E8>
[2022-10-04 18:00:48.697][I][AutoBaseFunction.py(wrapper):14] Screen.MainWindow : keyReleaseEvent 실행 종료
[2022-10-04 18:00:49.574][I][AutoBaseFunction.py(wrapper):7] Screen.MainWindow : keyReleaseEvent 실행 시작
[2022-10-04 18:00:49.575][I][AutoBaseFunction.py(wrapper):8] Parameter : <PyQt5.QtGui.QKeyEvent object at 0x000001811F0475E8>
[2022-10-04 18:00:49.578][I][AutoBaseFunction.py(wrapper):14] Screen.MainWindow : keyReleaseEvent 실행 종료
[2022-10-04 18:00:50.118][I][AutoBaseFunction.py(wrapper):7] Screen.MainWindow : keyReleaseEvent 실행 시작
[2022-10-04 18:00:50.119][I][AutoBaseFunction.py(wrapper):8] Parameter : <PyQt5.QtGui.QKeyEvent object at 0x000001811F0475E8>
[2022-10-04 18:00:50.121][I][AutoBaseFunction.py(wrapper):14] Screen.MainWindow : keyReleaseEvent 실행 종료
[2022-10-04 18:00:53.351][I][AutoBaseFunction.py(wrapper):7] Screen.MainWindow : keyReleaseEvent 실행 시작
[2022-10-04 18:00:53.351][I][AutoBaseFunction.py(wrapper):8] Parameter : <PyQt5.QtGui.QKeyEvent object at 0x000001811F0475E8>
[2022-10-04 18:00:53.354][I][AutoBaseFunction.py(wrapper):14] Screen.MainWindow : keyReleaseEvent 실행 종료
[2022-10-04 18:00:55.062][I][AutoBaseFunction.py(wrapper):7] Screen.MainWindow : keyReleaseEvent 실행 시작
[2022-10-04 18:00:55.063][I][AutoBaseFunction.py(wrapper):8] Parameter : <PyQt5.QtGui.QKeyEvent object at 0x000001811F0475E8>
[2022-10-04 18:00:55.065][I][AutoBaseFunction.py(wrapper):14] Screen.MainWindow : keyReleaseEvent 실행 종료
[2022-10-04 18:00:55.687][I][AutoBaseFunction.py(wrapper):7] Screen.MainWindow : keyReleaseEvent 실행 시작
[2022-10-04 18:00:55.687][I][AutoBaseFunction.py(wrapper):8] Parameter : <PyQt5.QtGui.QKeyEvent object at 0x000001811F0475E8>
[2022-10-04 18:00:55.690][I][AutoBaseFunction.py(wrapper):14] Screen.MainWindow : keyReleaseEvent 실행 종료
[2022-10-04 18:00:56.263][I][AutoBaseFunction.py(wrapper):7] Screen.MainWindow : keyReleaseEvent 실행 시작
[2022-10-04 18:00:56.263][I][AutoBaseFunction.py(wrapper):8] Parameter : <PyQt5.QtGui.QKeyEvent object at 0x000001811F0475E8>
[2022-10-04 18:00:56.266][I][AutoBaseFunction.py(wrapper):14] Screen.MainWindow : keyReleaseEvent 실행 종료
[2022-10-04 18:03:07.512][I][AutoBaseFunction.py(wrapper):7] Screen.MainWindow : update_open_menu 실행 시작
[2022-10-04 18:03:07.513][I][AutoBaseFunction.py(wrapper):8] Parameter : 
[2022-10-04 18:03:07.514][I][AutoBaseFunction.py(wrapper):14] Screen.MainWindow : update_open_menu 실행 종료
[2022-10-04 18:03:16.103][I][AutoBaseFunction.py(wrapper):7] Screen.MainWindow : update_open_menu 실행 시작
[2022-10-04 18:03:16.104][I][AutoBaseFunction.py(wrapper):8] Parameter : 
[2022-10-04 18:03:16.105][I][AutoBaseFunction.py(wrapper):14] Screen.MainWindow : update_open_menu 실행 종료
[2022-10-04 18:03:21.678][I][AutoBaseFunction.py(wrapper):7] Screen.MainWindow : closeEvent 실행 시작
[2022-10-04 18:03:21.679][I][AutoBaseFunction.py(wrapper):8] Parameter : <PyQt5.QtGui.QCloseEvent object at 0x00000181230D84C8>
