[2022-09-22 09:27:49.641][D][LogManager.py(Init):12] LogManager Init function called !!!
[2022-09-22 09:27:49.655][I][AutoBaseFunction.py(wrapper):7] Screen.MainWindow : setupUi 실행 시작
[2022-09-22 09:27:49.655][I][AutoBaseFunction.py(wrapper):8] Parameter : 
[2022-09-22 09:27:49.671][I][AutoBaseFunction.py(wrapper):7] Screen.MainWindow : set_field 실행 시작
[2022-09-22 09:27:49.672][I][AutoBaseFunction.py(wrapper):8] Parameter : 
[2022-09-22 09:27:49.699][I][AutoBaseFunction.py(wrapper):14] Screen.MainWindow : set_field 실행 종료
[2022-09-22 09:27:49.699][I][AutoBaseFunction.py(wrapper):7] Screen.MainWindow : setWidget_func 실행 시작
[2022-09-22 09:27:49.700][I][AutoBaseFunction.py(wrapper):8] Parameter : 
[2022-09-22 09:27:49.701][I][AutoBaseFunction.py(wrapper):14] Screen.MainWindow : setWidget_func 실행 종료
[2022-09-22 09:27:49.703][I][AutoBaseFunction.py(wrapper):14] Screen.MainWindow : setupUi 실행 종료
[2022-09-22 09:27:49.709][I][AutoBaseFunction.py(wrapper):7] __main__ : __set_slot 실행 시작
[2022-09-22 09:27:49.710][I][AutoBaseFunction.py(wrapper):8] Parameter : 
[2022-09-22 09:27:49.710][I][AutoBaseFunction.py(wrapper):14] __main__ : __set_slot 실행 종료
[2022-09-22 09:27:49.711][I][AutoBaseFunction.py(wrapper):7] __main__ : __wigets_setupUi 실행 시작
[2022-09-22 09:27:49.711][I][AutoBaseFunction.py(wrapper):8] Parameter : 
[2022-09-22 09:27:49.711][I][AutoBaseFunction.py(wrapper):7] Screen.Setup_Language : setupUI_Language 실행 시작
[2022-09-22 09:27:49.712][I][AutoBaseFunction.py(wrapper):8] Parameter : 
[2022-09-22 09:27:49.712][I][AutoBaseFunction.py(wrapper):7] Screen.Setup_Language : sl_set_slot 실행 시작
[2022-09-22 09:27:49.712][I][AutoBaseFunction.py(wrapper):8] Parameter : 
[2022-09-22 09:27:49.713][I][AutoBaseFunction.py(wrapper):14] Screen.Setup_Language : sl_set_slot 실행 종료
[2022-09-22 09:27:49.713][I][AutoBaseFunction.py(wrapper):14] Screen.Setup_Language : setupUI_Language 실행 종료
[2022-09-22 09:27:49.713][I][AutoBaseFunction.py(wrapper):7] Screen.Menu_CreateExcel : setupUI_CreateExcel 실행 시작
[2022-09-22 09:27:49.713][I][AutoBaseFunction.py(wrapper):8] Parameter : 
[2022-09-22 09:27:49.715][I][AutoBaseFunction.py(wrapper):7] Screen.Menu_CreateExcel : new_excel_func 실행 시작
[2022-09-22 09:27:49.715][I][AutoBaseFunction.py(wrapper):8] Parameter : 
[2022-09-22 09:27:49.715][I][AutoBaseFunction.py(wrapper):14] Screen.Menu_CreateExcel : new_excel_func 실행 종료
[2022-09-22 09:27:49.716][I][AutoBaseFunction.py(wrapper):7] Screen.Menu_CreateExcel : set_excel_func 실행 시작
[2022-09-22 09:27:49.716][I][AutoBaseFunction.py(wrapper):8] Parameter : 
[2022-09-22 09:27:49.717][I][AutoBaseFunction.py(wrapper):14] Screen.Menu_CreateExcel : set_excel_func 실행 종료
[2022-09-22 09:27:49.717][I][AutoBaseFunction.py(wrapper):14] Screen.Menu_CreateExcel : setupUI_CreateExcel 실행 종료
[2022-09-22 09:27:49.717][I][AutoBaseFunction.py(wrapper):7] Screen.Setup_Field : setupUI_Field 실행 시작
[2022-09-22 09:27:49.717][I][AutoBaseFunction.py(wrapper):8] Parameter : 
[2022-09-22 09:27:49.718][I][AutoBaseFunction.py(wrapper):7] Screen.Setup_Field : set_data 실행 시작
[2022-09-22 09:27:49.718][I][AutoBaseFunction.py(wrapper):8] Parameter : 
[2022-09-22 09:27:49.719][I][AutoBaseFunction.py(wrapper):14] Screen.Setup_Field : set_data 실행 종료
[2022-09-22 09:27:49.954][I][AutoBaseFunction.py(wrapper):7] Screen.Setup_Field : set_data 실행 시작
[2022-09-22 09:27:49.954][I][AutoBaseFunction.py(wrapper):8] Parameter : 
[2022-09-22 09:27:49.955][I][AutoBaseFunction.py(wrapper):14] Screen.Setup_Field : set_data 실행 종료
[2022-09-22 09:27:49.956][I][AutoBaseFunction.py(wrapper):7] Screen.Setup_Field : set_data 실행 시작
[2022-09-22 09:27:49.956][I][AutoBaseFunction.py(wrapper):8] Parameter : 
[2022-09-22 09:27:49.956][I][AutoBaseFunction.py(wrapper):14] Screen.Setup_Field : set_data 실행 종료
[2022-09-22 09:27:49.957][I][AutoBaseFunction.py(wrapper):7] Screen.Setup_Field : set_data 실행 시작
[2022-09-22 09:27:49.957][I][AutoBaseFunction.py(wrapper):8] Parameter : 
[2022-09-22 09:27:49.957][I][AutoBaseFunction.py(wrapper):14] Screen.Setup_Field : set_data 실행 종료
[2022-09-22 09:27:49.958][I][AutoBaseFunction.py(wrapper):7] Screen.Setup_Field : set_data 실행 시작
[2022-09-22 09:27:49.958][I][AutoBaseFunction.py(wrapper):8] Parameter : 
[2022-09-22 09:27:49.958][I][AutoBaseFunction.py(wrapper):14] Screen.Setup_Field : set_data 실행 종료
[2022-09-22 09:27:49.959][I][AutoBaseFunction.py(wrapper):7] Screen.Setup_Field : set_data 실행 시작
[2022-09-22 09:27:49.959][I][AutoBaseFunction.py(wrapper):8] Parameter : 
[2022-09-22 09:27:49.959][I][AutoBaseFunction.py(wrapper):14] Screen.Setup_Field : set_data 실행 종료
[2022-09-22 09:27:49.959][I][AutoBaseFunction.py(wrapper):7] Screen.Setup_Field : sl_set_slot 실행 시작
[2022-09-22 09:27:49.960][I][AutoBaseFunction.py(wrapper):8] Parameter : 
[2022-09-22 09:27:49.960][I][AutoBaseFunction.py(wrapper):14] Screen.Setup_Field : sl_set_slot 실행 종료
[2022-09-22 09:27:49.960][I][AutoBaseFunction.py(wrapper):14] Screen.Setup_Field : setupUI_Field 실행 종료
[2022-09-22 09:27:49.960][I][AutoBaseFunction.py(wrapper):7] Screen.Setup_TestList : setupUI_TestList 실행 시작
[2022-09-22 09:27:49.961][I][AutoBaseFunction.py(wrapper):8] Parameter : 
[2022-09-22 09:27:49.961][I][AutoBaseFunction.py(wrapper):7] Screen.Setup_TestList : btn_set_slot 실행 시작
[2022-09-22 09:27:49.961][I][AutoBaseFunction.py(wrapper):8] Parameter : 
[2022-09-22 09:27:49.962][I][AutoBaseFunction.py(wrapper):14] Screen.Setup_TestList : btn_set_slot 실행 종료
[2022-09-22 09:27:49.962][I][AutoBaseFunction.py(wrapper):14] Screen.Setup_TestList : setupUI_TestList 실행 종료
[2022-09-22 09:27:49.962][I][AutoBaseFunction.py(wrapper):14] __main__ : __wigets_setupUi 실행 종료
[2022-09-22 09:27:51.468][I][AutoBaseFunction.py(wrapper):7] Screen.MainWindow : update_open_menu 실행 시작
[2022-09-22 09:27:51.469][I][AutoBaseFunction.py(wrapper):8] Parameter : 
[2022-09-22 09:27:51.470][I][AutoBaseFunction.py(wrapper):14] Screen.MainWindow : update_open_menu 실행 종료
[2022-09-22 09:28:20.364][I][AutoBaseFunction.py(wrapper):7] Screen.MainWindow : closeEvent 실행 시작
[2022-09-22 09:28:20.365][I][AutoBaseFunction.py(wrapper):8] Parameter : <PyQt5.QtGui.QCloseEvent object at 0x00000209717E2A68>
