[2022-09-22 10:44:06.718][D][LogManager.py(Init):12] LogManager Init function called !!!
[2022-09-22 10:44:06.731][I][AutoBaseFunction.py(wrapper):7] Screen.MainWindow : setupUi 실행 시작
[2022-09-22 10:44:06.732][I][AutoBaseFunction.py(wrapper):8] Parameter : 
[2022-09-22 10:44:06.748][I][AutoBaseFunction.py(wrapper):7] Screen.MainWindow : set_field 실행 시작
[2022-09-22 10:44:06.749][I][AutoBaseFunction.py(wrapper):8] Parameter : 
[2022-09-22 10:44:06.775][I][AutoBaseFunction.py(wrapper):14] Screen.MainWindow : set_field 실행 종료
[2022-09-22 10:44:06.777][I][AutoBaseFunction.py(wrapper):7] Screen.MainWindow : setWidget_func 실행 시작
[2022-09-22 10:44:06.778][I][AutoBaseFunction.py(wrapper):8] Parameter : 
[2022-09-22 10:44:06.781][I][AutoBaseFunction.py(wrapper):14] Screen.MainWindow : setWidget_func 실행 종료
[2022-09-22 10:44:06.784][I][AutoBaseFunction.py(wrapper):14] Screen.MainWindow : setupUi 실행 종료
[2022-09-22 10:44:06.802][I][AutoBaseFunction.py(wrapper):7] __main__ : __set_slot 실행 시작
[2022-09-22 10:44:06.802][I][AutoBaseFunction.py(wrapper):8] Parameter : 
[2022-09-22 10:44:06.803][I][AutoBaseFunction.py(wrapper):14] __main__ : __set_slot 실행 종료
[2022-09-22 10:44:06.803][I][AutoBaseFunction.py(wrapper):7] __main__ : __wigets_setupUi 실행 시작
[2022-09-22 10:44:06.803][I][AutoBaseFunction.py(wrapper):8] Parameter : 
[2022-09-22 10:44:06.804][I][AutoBaseFunction.py(wrapper):7] Screen.Setup_Language : setupUI_Language 실행 시작
[2022-09-22 10:44:06.804][I][AutoBaseFunction.py(wrapper):8] Parameter : 
[2022-09-22 10:44:06.805][I][AutoBaseFunction.py(wrapper):7] Screen.Setup_Language : sl_set_slot 실행 시작
[2022-09-22 10:44:06.805][I][AutoBaseFunction.py(wrapper):8] Parameter : 
[2022-09-22 10:44:06.805][I][AutoBaseFunction.py(wrapper):14] Screen.Setup_Language : sl_set_slot 실행 종료
[2022-09-22 10:44:06.805][I][AutoBaseFunction.py(wrapper):14] Screen.Setup_Language : setupUI_Language 실행 종료
[2022-09-22 10:44:06.806][I][AutoBaseFunction.py(wrapper):7] Screen.Menu_CreateExcel : setupUI_CreateExcel 실행 시작
[2022-09-22 10:44:06.806][I][AutoBaseFunction.py(wrapper):8] Parameter : 
[2022-09-22 10:44:06.806][I][AutoBaseFunction.py(wrapper):7] Screen.Menu_CreateExcel : new_excel_func 실행 시작
[2022-09-22 10:44:06.807][I][AutoBaseFunction.py(wrapper):8] Parameter : 
[2022-09-22 10:44:06.807][I][AutoBaseFunction.py(wrapper):14] Screen.Menu_CreateExcel : new_excel_func 실행 종료
[2022-09-22 10:44:06.807][I][AutoBaseFunction.py(wrapper):7] Screen.Menu_CreateExcel : set_excel_func 실행 시작
[2022-09-22 10:44:06.807][I][AutoBaseFunction.py(wrapper):8] Parameter : 
[2022-09-22 10:44:06.808][I][AutoBaseFunction.py(wrapper):14] Screen.Menu_CreateExcel : set_excel_func 실행 종료
[2022-09-22 10:44:06.809][I][AutoBaseFunction.py(wrapper):14] Screen.Menu_CreateExcel : setupUI_CreateExcel 실행 종료
[2022-09-22 10:44:06.809][I][AutoBaseFunction.py(wrapper):7] Screen.Setup_Field : setupUI_Field 실행 시작
[2022-09-22 10:44:06.809][I][AutoBaseFunction.py(wrapper):8] Parameter : 
[2022-09-22 10:44:06.810][I][AutoBaseFunction.py(wrapper):7] Screen.Setup_Field : set_data 실행 시작
[2022-09-22 10:44:06.811][I][AutoBaseFunction.py(wrapper):8] Parameter : 
[2022-09-22 10:44:06.811][I][AutoBaseFunction.py(wrapper):14] Screen.Setup_Field : set_data 실행 종료
[2022-09-22 10:44:07.042][I][AutoBaseFunction.py(wrapper):7] Screen.Setup_Field : set_data 실행 시작
[2022-09-22 10:44:07.042][I][AutoBaseFunction.py(wrapper):8] Parameter : 
[2022-09-22 10:44:07.043][I][AutoBaseFunction.py(wrapper):14] Screen.Setup_Field : set_data 실행 종료
[2022-09-22 10:44:07.043][I][AutoBaseFunction.py(wrapper):7] Screen.Setup_Field : set_data 실행 시작
[2022-09-22 10:44:07.043][I][AutoBaseFunction.py(wrapper):8] Parameter : 
[2022-09-22 10:44:07.044][I][AutoBaseFunction.py(wrapper):14] Screen.Setup_Field : set_data 실행 종료
[2022-09-22 10:44:07.044][I][AutoBaseFunction.py(wrapper):7] Screen.Setup_Field : set_data 실행 시작
[2022-09-22 10:44:07.044][I][AutoBaseFunction.py(wrapper):8] Parameter : 
[2022-09-22 10:44:07.045][I][AutoBaseFunction.py(wrapper):14] Screen.Setup_Field : set_data 실행 종료
[2022-09-22 10:44:07.045][I][AutoBaseFunction.py(wrapper):7] Screen.Setup_Field : set_data 실행 시작
[2022-09-22 10:44:07.045][I][AutoBaseFunction.py(wrapper):8] Parameter : 
[2022-09-22 10:44:07.046][I][AutoBaseFunction.py(wrapper):14] Screen.Setup_Field : set_data 실행 종료
[2022-09-22 10:44:07.046][I][AutoBaseFunction.py(wrapper):7] Screen.Setup_Field : set_data 실행 시작
[2022-09-22 10:44:07.046][I][AutoBaseFunction.py(wrapper):8] Parameter : 
[2022-09-22 10:44:07.046][I][AutoBaseFunction.py(wrapper):14] Screen.Setup_Field : set_data 실행 종료
[2022-09-22 10:44:07.047][I][AutoBaseFunction.py(wrapper):7] Screen.Setup_Field : sl_set_slot 실행 시작
[2022-09-22 10:44:07.047][I][AutoBaseFunction.py(wrapper):8] Parameter : 
[2022-09-22 10:44:07.047][I][AutoBaseFunction.py(wrapper):14] Screen.Setup_Field : sl_set_slot 실행 종료
[2022-09-22 10:44:07.047][I][AutoBaseFunction.py(wrapper):14] Screen.Setup_Field : setupUI_Field 실행 종료
[2022-09-22 10:44:07.048][I][AutoBaseFunction.py(wrapper):7] Screen.Setup_TestList : setupUI_TestList 실행 시작
[2022-09-22 10:44:07.048][I][AutoBaseFunction.py(wrapper):8] Parameter : 
[2022-09-22 10:44:07.049][I][AutoBaseFunction.py(wrapper):7] Screen.Setup_TestList : btn_set_slot 실행 시작
[2022-09-22 10:44:07.049][I][AutoBaseFunction.py(wrapper):8] Parameter : 
[2022-09-22 10:44:07.050][I][AutoBaseFunction.py(wrapper):14] Screen.Setup_TestList : btn_set_slot 실행 종료
[2022-09-22 10:44:07.050][I][AutoBaseFunction.py(wrapper):14] Screen.Setup_TestList : setupUI_TestList 실행 종료
[2022-09-22 10:44:07.050][I][AutoBaseFunction.py(wrapper):14] __main__ : __wigets_setupUi 실행 종료
[2022-09-22 10:44:09.385][I][AutoBaseFunction.py(wrapper):7] __main__ : __sl_ui 실행 시작
[2022-09-22 10:44:09.385][I][AutoBaseFunction.py(wrapper):8] Parameter : False
[2022-09-22 10:44:09.386][I][AutoBaseFunction.py(wrapper):7] Screen.Setup_Language : setLang_Button 실행 시작
[2022-09-22 10:44:09.386][I][AutoBaseFunction.py(wrapper):8] Parameter : 
[2022-09-22 10:44:09.388][I][AutoBaseFunction.py(wrapper):14] Screen.Setup_Language : setLang_Button 실행 종료
[2022-09-22 10:44:09.401][I][AutoBaseFunction.py(wrapper):14] __main__ : __sl_ui 실행 종료
[2022-09-22 10:44:11.183][I][AutoBaseFunction.py(wrapper):7] Screen.Setup_Language : ok_Button_clicked 실행 시작
[2022-09-22 10:44:11.183][I][AutoBaseFunction.py(wrapper):8] Parameter : False
[2022-09-22 10:44:11.476][I][AutoBaseFunction.py(wrapper):7] Screen.Setup_Language : closeEvent 실행 시작
[2022-09-22 10:44:11.477][I][AutoBaseFunction.py(wrapper):8] Parameter : <PyQt5.QtGui.QCloseEvent object at 0x0000018343A57CA8>
[2022-09-22 10:44:11.478][I][AutoBaseFunction.py(wrapper):14] Screen.Setup_Language : closeEvent 실행 종료
[2022-09-22 10:44:11.485][I][AutoBaseFunction.py(wrapper):14] Screen.Setup_Language : ok_Button_clicked 실행 종료
[2022-09-22 10:44:12.164][I][AutoBaseFunction.py(wrapper):7] Screen.MainWindow : update_open_menu 실행 시작
[2022-09-22 10:44:12.165][I][AutoBaseFunction.py(wrapper):8] Parameter : 
[2022-09-22 10:44:12.166][I][AutoBaseFunction.py(wrapper):14] Screen.MainWindow : update_open_menu 실행 종료
[2022-09-22 10:44:12.704][I][AutoBaseFunction.py(wrapper):7] __main__ : __sl_ui 실행 시작
[2022-09-22 10:44:12.705][I][AutoBaseFunction.py(wrapper):8] Parameter : False
[2022-09-22 10:44:12.705][I][AutoBaseFunction.py(wrapper):7] Screen.Setup_Language : setLang_Button 실행 시작
[2022-09-22 10:44:12.705][I][AutoBaseFunction.py(wrapper):8] Parameter : 
[2022-09-22 10:44:12.706][I][AutoBaseFunction.py(wrapper):14] Screen.Setup_Language : setLang_Button 실행 종료
[2022-09-22 10:44:12.712][I][AutoBaseFunction.py(wrapper):14] __main__ : __sl_ui 실행 종료
[2022-09-22 10:44:13.943][I][AutoBaseFunction.py(wrapper):7] Screen.Setup_Language : ok_Button_clicked 실행 시작
[2022-09-22 10:44:13.944][I][AutoBaseFunction.py(wrapper):8] Parameter : False
[2022-09-22 10:44:14.231][I][AutoBaseFunction.py(wrapper):7] Screen.Setup_Language : closeEvent 실행 시작
[2022-09-22 10:44:14.231][I][AutoBaseFunction.py(wrapper):8] Parameter : <PyQt5.QtGui.QCloseEvent object at 0x0000018343A4ACA8>
[2022-09-22 10:44:14.232][I][AutoBaseFunction.py(wrapper):14] Screen.Setup_Language : closeEvent 실행 종료
[2022-09-22 10:44:14.240][I][AutoBaseFunction.py(wrapper):14] Screen.Setup_Language : ok_Button_clicked 실행 종료
[2022-09-22 10:44:14.811][I][AutoBaseFunction.py(wrapper):7] Screen.MainWindow : update_open_menu 실행 시작
[2022-09-22 10:44:14.811][I][AutoBaseFunction.py(wrapper):8] Parameter : 
[2022-09-22 10:44:14.812][I][AutoBaseFunction.py(wrapper):14] Screen.MainWindow : update_open_menu 실행 종료
[2022-09-22 10:45:12.175][I][AutoBaseFunction.py(wrapper):7] Screen.MainWindow : closeEvent 실행 시작
[2022-09-22 10:45:12.175][I][AutoBaseFunction.py(wrapper):8] Parameter : <PyQt5.QtGui.QCloseEvent object at 0x0000018343AD7168>
