[2022-09-26 15:53:52.274][D][LogManager.py(Init):12] LogManager Init function called !!!
[2022-09-26 15:53:52.288][I][AutoBaseFunction.py(wrapper):7] Screen.MainWindow : setupUi 실행 시작
[2022-09-26 15:53:52.289][I][AutoBaseFunction.py(wrapper):8] Parameter : 
[2022-09-26 15:53:52.307][I][AutoBaseFunction.py(wrapper):7] Screen.MainWindow : set_field 실행 시작
[2022-09-26 15:53:52.308][I][AutoBaseFunction.py(wrapper):8] Parameter : 
[2022-09-26 15:53:52.322][I][AutoBaseFunction.py(wrapper):14] Screen.MainWindow : set_field 실행 종료
[2022-09-26 15:53:52.323][I][AutoBaseFunction.py(wrapper):7] Screen.MainWindow : setWidget_func 실행 시작
[2022-09-26 15:53:52.324][I][AutoBaseFunction.py(wrapper):8] Parameter : 
[2022-09-26 15:53:52.326][I][AutoBaseFunction.py(wrapper):14] Screen.MainWindow : setWidget_func 실행 종료
[2022-09-26 15:53:52.328][I][AutoBaseFunction.py(wrapper):14] Screen.MainWindow : setupUi 실행 종료
[2022-09-26 15:53:52.341][I][AutoBaseFunction.py(wrapper):7] __main__ : __set_slot 실행 시작
[2022-09-26 15:53:52.341][I][AutoBaseFunction.py(wrapper):8] Parameter : 
[2022-09-26 15:53:52.342][I][AutoBaseFunction.py(wrapper):14] __main__ : __set_slot 실행 종료
[2022-09-26 15:53:52.342][I][AutoBaseFunction.py(wrapper):7] __main__ : __wigets_setupUi 실행 시작
[2022-09-26 15:53:52.342][I][AutoBaseFunction.py(wrapper):8] Parameter : 
[2022-09-26 15:53:52.343][I][AutoBaseFunction.py(wrapper):7] Screen.Setup_Language : setupUI_Language 실행 시작
[2022-09-26 15:53:52.343][I][AutoBaseFunction.py(wrapper):8] Parameter : 
[2022-09-26 15:53:52.344][I][AutoBaseFunction.py(wrapper):7] Screen.Setup_Language : sl_set_slot 실행 시작
[2022-09-26 15:53:52.344][I][AutoBaseFunction.py(wrapper):8] Parameter : 
[2022-09-26 15:53:52.344][I][AutoBaseFunction.py(wrapper):14] Screen.Setup_Language : sl_set_slot 실행 종료
[2022-09-26 15:53:52.345][I][AutoBaseFunction.py(wrapper):14] Screen.Setup_Language : setupUI_Language 실행 종료
[2022-09-26 15:53:52.345][I][AutoBaseFunction.py(wrapper):7] Screen.Menu_CreateExcel : setupUI_CreateExcel 실행 시작
[2022-09-26 15:53:52.345][I][AutoBaseFunction.py(wrapper):8] Parameter : 
[2022-09-26 15:53:52.346][I][AutoBaseFunction.py(wrapper):7] Screen.Menu_CreateExcel : new_excel_func 실행 시작
[2022-09-26 15:53:52.347][I][AutoBaseFunction.py(wrapper):8] Parameter : 
[2022-09-26 15:53:52.347][I][AutoBaseFunction.py(wrapper):14] Screen.Menu_CreateExcel : new_excel_func 실행 종료
[2022-09-26 15:53:52.347][I][AutoBaseFunction.py(wrapper):7] Screen.Menu_CreateExcel : set_excel_func 실행 시작
[2022-09-26 15:53:52.348][I][AutoBaseFunction.py(wrapper):8] Parameter : 
[2022-09-26 15:53:52.348][I][AutoBaseFunction.py(wrapper):14] Screen.Menu_CreateExcel : set_excel_func 실행 종료
[2022-09-26 15:53:52.349][I][AutoBaseFunction.py(wrapper):14] Screen.Menu_CreateExcel : setupUI_CreateExcel 실행 종료
[2022-09-26 15:53:52.349][I][AutoBaseFunction.py(wrapper):7] Screen.Setup_Field : setupUI_Field 실행 시작
[2022-09-26 15:53:52.351][I][AutoBaseFunction.py(wrapper):8] Parameter : 
[2022-09-26 15:53:52.352][I][AutoBaseFunction.py(wrapper):7] Screen.Setup_Field : set_data 실행 시작
[2022-09-26 15:53:52.353][I][AutoBaseFunction.py(wrapper):8] Parameter : 
[2022-09-26 15:53:52.354][I][AutoBaseFunction.py(wrapper):14] Screen.Setup_Field : set_data 실행 종료
[2022-09-26 15:53:52.604][I][AutoBaseFunction.py(wrapper):7] Screen.Setup_Field : set_data 실행 시작
[2022-09-26 15:53:52.605][I][AutoBaseFunction.py(wrapper):8] Parameter : 
[2022-09-26 15:53:52.605][I][AutoBaseFunction.py(wrapper):14] Screen.Setup_Field : set_data 실행 종료
[2022-09-26 15:53:52.606][I][AutoBaseFunction.py(wrapper):7] Screen.Setup_Field : set_data 실행 시작
[2022-09-26 15:53:52.607][I][AutoBaseFunction.py(wrapper):8] Parameter : 
[2022-09-26 15:53:52.607][I][AutoBaseFunction.py(wrapper):14] Screen.Setup_Field : set_data 실행 종료
[2022-09-26 15:53:52.608][I][AutoBaseFunction.py(wrapper):7] Screen.Setup_Field : set_data 실행 시작
[2022-09-26 15:53:52.608][I][AutoBaseFunction.py(wrapper):8] Parameter : 
[2022-09-26 15:53:52.609][I][AutoBaseFunction.py(wrapper):14] Screen.Setup_Field : set_data 실행 종료
[2022-09-26 15:53:52.609][I][AutoBaseFunction.py(wrapper):7] Screen.Setup_Field : set_data 실행 시작
[2022-09-26 15:53:52.609][I][AutoBaseFunction.py(wrapper):8] Parameter : 
[2022-09-26 15:53:52.610][I][AutoBaseFunction.py(wrapper):14] Screen.Setup_Field : set_data 실행 종료
[2022-09-26 15:53:52.610][I][AutoBaseFunction.py(wrapper):7] Screen.Setup_Field : set_data 실행 시작
[2022-09-26 15:53:52.611][I][AutoBaseFunction.py(wrapper):8] Parameter : 
[2022-09-26 15:53:52.611][I][AutoBaseFunction.py(wrapper):14] Screen.Setup_Field : set_data 실행 종료
[2022-09-26 15:53:52.612][I][AutoBaseFunction.py(wrapper):7] Screen.Setup_Field : sl_set_slot 실행 시작
[2022-09-26 15:53:52.612][I][AutoBaseFunction.py(wrapper):8] Parameter : 
[2022-09-26 15:53:52.613][I][AutoBaseFunction.py(wrapper):14] Screen.Setup_Field : sl_set_slot 실행 종료
[2022-09-26 15:53:52.613][I][AutoBaseFunction.py(wrapper):14] Screen.Setup_Field : setupUI_Field 실행 종료
[2022-09-26 15:53:52.613][I][AutoBaseFunction.py(wrapper):7] Screen.Setup_TestList : setupUI_TestList 실행 시작
[2022-09-26 15:53:52.613][I][AutoBaseFunction.py(wrapper):8] Parameter : 
[2022-09-26 15:53:52.616][I][AutoBaseFunction.py(wrapper):7] Screen.Setup_TestList : btn_set_slot 실행 시작
[2022-09-26 15:53:52.616][I][AutoBaseFunction.py(wrapper):8] Parameter : 
[2022-09-26 15:53:52.617][I][AutoBaseFunction.py(wrapper):14] Screen.Setup_TestList : btn_set_slot 실행 종료
[2022-09-26 15:53:52.617][I][AutoBaseFunction.py(wrapper):14] Screen.Setup_TestList : setupUI_TestList 실행 종료
[2022-09-26 15:53:52.617][I][AutoBaseFunction.py(wrapper):14] __main__ : __wigets_setupUi 실행 종료
[2022-09-26 15:53:54.087][I][AutoBaseFunction.py(wrapper):7] Screen.MainWindow : update_open_menu 실행 시작
[2022-09-26 15:53:54.087][I][AutoBaseFunction.py(wrapper):8] Parameter : 
[2022-09-26 15:53:54.090][I][AutoBaseFunction.py(wrapper):14] Screen.MainWindow : update_open_menu 실행 종료
[2022-09-26 15:53:55.708][I][AutoBaseFunction.py(wrapper):7] __main__ : __ce_ui 실행 시작
[2022-09-26 15:53:55.708][I][AutoBaseFunction.py(wrapper):8] Parameter : False
[2022-09-26 15:53:55.729][I][AutoBaseFunction.py(wrapper):14] __main__ : __ce_ui 실행 종료
