[2022-09-22 11:05:14.635][D][LogManager.py(Init):12] LogManager Init function called !!!
[2022-09-22 11:05:14.647][I][AutoBaseFunction.py(wrapper):7] Screen.MainWindow : setupUi 실행 시작
[2022-09-22 11:05:14.648][I][AutoBaseFunction.py(wrapper):8] Parameter : 
[2022-09-22 11:05:14.664][I][AutoBaseFunction.py(wrapper):7] Screen.MainWindow : set_field 실행 시작
[2022-09-22 11:05:14.664][I][AutoBaseFunction.py(wrapper):8] Parameter : 
[2022-09-22 11:05:14.688][I][AutoBaseFunction.py(wrapper):14] Screen.MainWindow : set_field 실행 종료
[2022-09-22 11:05:14.689][I][AutoBaseFunction.py(wrapper):7] Screen.MainWindow : setWidget_func 실행 시작
[2022-09-22 11:05:14.689][I][AutoBaseFunction.py(wrapper):8] Parameter : 
[2022-09-22 11:05:14.690][I][AutoBaseFunction.py(wrapper):14] Screen.MainWindow : setWidget_func 실행 종료
[2022-09-22 11:05:14.693][I][AutoBaseFunction.py(wrapper):14] Screen.MainWindow : setupUi 실행 종료
[2022-09-22 11:05:14.698][I][AutoBaseFunction.py(wrapper):7] __main__ : __set_slot 실행 시작
[2022-09-22 11:05:14.699][I][AutoBaseFunction.py(wrapper):8] Parameter : 
[2022-09-22 11:05:14.700][I][AutoBaseFunction.py(wrapper):14] __main__ : __set_slot 실행 종료
[2022-09-22 11:05:14.700][I][AutoBaseFunction.py(wrapper):7] __main__ : __wigets_setupUi 실행 시작
[2022-09-22 11:05:14.700][I][AutoBaseFunction.py(wrapper):8] Parameter : 
[2022-09-22 11:05:14.701][I][AutoBaseFunction.py(wrapper):7] Screen.Setup_Language : setupUI_Language 실행 시작
[2022-09-22 11:05:14.701][I][AutoBaseFunction.py(wrapper):8] Parameter : 
[2022-09-22 11:05:14.702][I][AutoBaseFunction.py(wrapper):7] Screen.Setup_Language : sl_set_slot 실행 시작
[2022-09-22 11:05:14.702][I][AutoBaseFunction.py(wrapper):8] Parameter : 
[2022-09-22 11:05:14.702][I][AutoBaseFunction.py(wrapper):14] Screen.Setup_Language : sl_set_slot 실행 종료
[2022-09-22 11:05:14.703][I][AutoBaseFunction.py(wrapper):14] Screen.Setup_Language : setupUI_Language 실행 종료
[2022-09-22 11:05:14.703][I][AutoBaseFunction.py(wrapper):7] Screen.Menu_CreateExcel : setupUI_CreateExcel 실행 시작
[2022-09-22 11:05:14.703][I][AutoBaseFunction.py(wrapper):8] Parameter : 
[2022-09-22 11:05:14.704][I][AutoBaseFunction.py(wrapper):7] Screen.Menu_CreateExcel : new_excel_func 실행 시작
[2022-09-22 11:05:14.704][I][AutoBaseFunction.py(wrapper):8] Parameter : 
[2022-09-22 11:05:14.704][I][AutoBaseFunction.py(wrapper):14] Screen.Menu_CreateExcel : new_excel_func 실행 종료
[2022-09-22 11:05:14.705][I][AutoBaseFunction.py(wrapper):7] Screen.Menu_CreateExcel : set_excel_func 실행 시작
[2022-09-22 11:05:14.705][I][AutoBaseFunction.py(wrapper):8] Parameter : 
[2022-09-22 11:05:14.705][I][AutoBaseFunction.py(wrapper):14] Screen.Menu_CreateExcel : set_excel_func 실행 종료
[2022-09-22 11:05:14.706][I][AutoBaseFunction.py(wrapper):14] Screen.Menu_CreateExcel : setupUI_CreateExcel 실행 종료
[2022-09-22 11:05:14.706][I][AutoBaseFunction.py(wrapper):7] Screen.Setup_Field : setupUI_Field 실행 시작
[2022-09-22 11:05:14.706][I][AutoBaseFunction.py(wrapper):8] Parameter : 
[2022-09-22 11:05:14.706][I][AutoBaseFunction.py(wrapper):7] Screen.Setup_Field : set_data 실행 시작
[2022-09-22 11:05:14.707][I][AutoBaseFunction.py(wrapper):8] Parameter : 
[2022-09-22 11:05:14.707][I][AutoBaseFunction.py(wrapper):14] Screen.Setup_Field : set_data 실행 종료
[2022-09-22 11:05:14.943][I][AutoBaseFunction.py(wrapper):7] Screen.Setup_Field : set_data 실행 시작
[2022-09-22 11:05:14.944][I][AutoBaseFunction.py(wrapper):8] Parameter : 
[2022-09-22 11:05:14.944][I][AutoBaseFunction.py(wrapper):14] Screen.Setup_Field : set_data 실행 종료
[2022-09-22 11:05:14.945][I][AutoBaseFunction.py(wrapper):7] Screen.Setup_Field : set_data 실행 시작
[2022-09-22 11:05:14.945][I][AutoBaseFunction.py(wrapper):8] Parameter : 
[2022-09-22 11:05:14.945][I][AutoBaseFunction.py(wrapper):14] Screen.Setup_Field : set_data 실행 종료
[2022-09-22 11:05:14.945][I][AutoBaseFunction.py(wrapper):7] Screen.Setup_Field : set_data 실행 시작
[2022-09-22 11:05:14.946][I][AutoBaseFunction.py(wrapper):8] Parameter : 
[2022-09-22 11:05:14.946][I][AutoBaseFunction.py(wrapper):14] Screen.Setup_Field : set_data 실행 종료
[2022-09-22 11:05:14.946][I][AutoBaseFunction.py(wrapper):7] Screen.Setup_Field : set_data 실행 시작
[2022-09-22 11:05:14.946][I][AutoBaseFunction.py(wrapper):8] Parameter : 
[2022-09-22 11:05:14.947][I][AutoBaseFunction.py(wrapper):14] Screen.Setup_Field : set_data 실행 종료
[2022-09-22 11:05:14.947][I][AutoBaseFunction.py(wrapper):7] Screen.Setup_Field : set_data 실행 시작
[2022-09-22 11:05:14.947][I][AutoBaseFunction.py(wrapper):8] Parameter : 
[2022-09-22 11:05:14.948][I][AutoBaseFunction.py(wrapper):14] Screen.Setup_Field : set_data 실행 종료
[2022-09-22 11:05:14.948][I][AutoBaseFunction.py(wrapper):7] Screen.Setup_Field : sl_set_slot 실행 시작
[2022-09-22 11:05:14.948][I][AutoBaseFunction.py(wrapper):8] Parameter : 
[2022-09-22 11:05:14.948][I][AutoBaseFunction.py(wrapper):14] Screen.Setup_Field : sl_set_slot 실행 종료
[2022-09-22 11:05:14.948][I][AutoBaseFunction.py(wrapper):14] Screen.Setup_Field : setupUI_Field 실행 종료
[2022-09-22 11:05:14.949][I][AutoBaseFunction.py(wrapper):7] Screen.Setup_TestList : setupUI_TestList 실행 시작
[2022-09-22 11:05:14.949][I][AutoBaseFunction.py(wrapper):8] Parameter : 
[2022-09-22 11:05:14.950][I][AutoBaseFunction.py(wrapper):7] Screen.Setup_TestList : btn_set_slot 실행 시작
[2022-09-22 11:05:14.950][I][AutoBaseFunction.py(wrapper):8] Parameter : 
[2022-09-22 11:05:14.950][I][AutoBaseFunction.py(wrapper):14] Screen.Setup_TestList : btn_set_slot 실행 종료
[2022-09-22 11:05:14.951][I][AutoBaseFunction.py(wrapper):14] Screen.Setup_TestList : setupUI_TestList 실행 종료
[2022-09-22 11:05:14.951][I][AutoBaseFunction.py(wrapper):14] __main__ : __wigets_setupUi 실행 종료
[2022-09-22 11:05:15.697][I][AutoBaseFunction.py(wrapper):7] Screen.MainWindow : update_open_menu 실행 시작
[2022-09-22 11:05:15.697][I][AutoBaseFunction.py(wrapper):8] Parameter : 
[2022-09-22 11:05:15.699][I][AutoBaseFunction.py(wrapper):14] Screen.MainWindow : update_open_menu 실행 종료
[2022-09-22 11:05:20.820][I][AutoBaseFunction.py(wrapper):7] Screen.MainWindow : double_click_img 실행 시작
[2022-09-22 11:05:20.820][I][AutoBaseFunction.py(wrapper):8] Parameter : //hae-bs2/평가자동화/공유/0.임시_이수혁\2022-09-21 170348_org.png, <PyQt5.QtGui.QMouseEvent object at 0x0000026766AFB9D8>
[2022-09-22 11:05:20.833][I][AutoBaseFunction.py(wrapper):14] Screen.MainWindow : double_click_img 실행 종료
[2022-09-22 11:05:44.726][I][AutoBaseFunction.py(wrapper):7] Screen.MainWindow : update_open_menu 실행 시작
[2022-09-22 11:05:44.727][I][AutoBaseFunction.py(wrapper):8] Parameter : 
[2022-09-22 11:05:44.728][I][AutoBaseFunction.py(wrapper):14] Screen.MainWindow : update_open_menu 실행 종료
[2022-09-22 11:06:09.205][I][AutoBaseFunction.py(wrapper):7] Screen.MainWindow : closeEvent 실행 시작
[2022-09-22 11:06:09.205][I][AutoBaseFunction.py(wrapper):8] Parameter : <PyQt5.QtGui.QCloseEvent object at 0x0000026766AFB3A8>
