[2022-09-22 09:48:27.380][D][LogManager.py(Init):12] LogManager Init function called !!!
[2022-09-22 09:48:27.395][I][AutoBaseFunction.py(wrapper):7] Screen.MainWindow : setupUi 실행 시작
[2022-09-22 09:48:27.395][I][AutoBaseFunction.py(wrapper):8] Parameter : 
[2022-09-22 09:48:27.411][I][AutoBaseFunction.py(wrapper):7] Screen.MainWindow : set_field 실행 시작
[2022-09-22 09:48:27.412][I][AutoBaseFunction.py(wrapper):8] Parameter : 
[2022-09-22 09:48:27.441][I][AutoBaseFunction.py(wrapper):14] Screen.MainWindow : set_field 실행 종료
[2022-09-22 09:48:27.441][I][AutoBaseFunction.py(wrapper):7] Screen.MainWindow : setWidget_func 실행 시작
[2022-09-22 09:48:27.442][I][AutoBaseFunction.py(wrapper):8] Parameter : 
[2022-09-22 09:48:27.480][I][AutoBaseFunction.py(wrapper):14] Screen.MainWindow : setWidget_func 실행 종료
[2022-09-22 09:48:27.483][I][AutoBaseFunction.py(wrapper):14] Screen.MainWindow : setupUi 실행 종료
[2022-09-22 09:48:27.490][I][AutoBaseFunction.py(wrapper):7] __main__ : __set_slot 실행 시작
[2022-09-22 09:48:27.490][I][AutoBaseFunction.py(wrapper):8] Parameter : 
[2022-09-22 09:48:27.491][I][AutoBaseFunction.py(wrapper):14] __main__ : __set_slot 실행 종료
[2022-09-22 09:48:27.491][I][AutoBaseFunction.py(wrapper):7] __main__ : __wigets_setupUi 실행 시작
[2022-09-22 09:48:27.491][I][AutoBaseFunction.py(wrapper):8] Parameter : 
[2022-09-22 09:48:27.491][I][AutoBaseFunction.py(wrapper):7] Screen.Setup_Language : setupUI_Language 실행 시작
[2022-09-22 09:48:27.492][I][AutoBaseFunction.py(wrapper):8] Parameter : 
[2022-09-22 09:48:27.492][I][AutoBaseFunction.py(wrapper):7] Screen.Setup_Language : sl_set_slot 실행 시작
[2022-09-22 09:48:27.493][I][AutoBaseFunction.py(wrapper):8] Parameter : 
[2022-09-22 09:48:27.493][I][AutoBaseFunction.py(wrapper):14] Screen.Setup_Language : sl_set_slot 실행 종료
[2022-09-22 09:48:27.493][I][AutoBaseFunction.py(wrapper):14] Screen.Setup_Language : setupUI_Language 실행 종료
[2022-09-22 09:48:27.493][I][AutoBaseFunction.py(wrapper):7] Screen.Menu_CreateExcel : setupUI_CreateExcel 실행 시작
[2022-09-22 09:48:27.494][I][AutoBaseFunction.py(wrapper):8] Parameter : 
[2022-09-22 09:48:27.495][I][AutoBaseFunction.py(wrapper):7] Screen.Menu_CreateExcel : new_excel_func 실행 시작
[2022-09-22 09:48:27.495][I][AutoBaseFunction.py(wrapper):8] Parameter : 
[2022-09-22 09:48:27.495][I][AutoBaseFunction.py(wrapper):14] Screen.Menu_CreateExcel : new_excel_func 실행 종료
[2022-09-22 09:48:27.496][I][AutoBaseFunction.py(wrapper):7] Screen.Menu_CreateExcel : set_excel_func 실행 시작
[2022-09-22 09:48:27.496][I][AutoBaseFunction.py(wrapper):8] Parameter : 
[2022-09-22 09:48:27.496][I][AutoBaseFunction.py(wrapper):14] Screen.Menu_CreateExcel : set_excel_func 실행 종료
[2022-09-22 09:48:27.497][I][AutoBaseFunction.py(wrapper):14] Screen.Menu_CreateExcel : setupUI_CreateExcel 실행 종료
[2022-09-22 09:48:27.497][I][AutoBaseFunction.py(wrapper):7] Screen.Setup_Field : setupUI_Field 실행 시작
[2022-09-22 09:48:27.497][I][AutoBaseFunction.py(wrapper):8] Parameter : 
[2022-09-22 09:48:27.498][I][AutoBaseFunction.py(wrapper):7] Screen.Setup_Field : set_data 실행 시작
[2022-09-22 09:48:27.498][I][AutoBaseFunction.py(wrapper):8] Parameter : 
[2022-09-22 09:48:27.498][I][AutoBaseFunction.py(wrapper):14] Screen.Setup_Field : set_data 실행 종료
[2022-09-22 09:48:27.726][I][AutoBaseFunction.py(wrapper):7] Screen.Setup_Field : set_data 실행 시작
[2022-09-22 09:48:27.726][I][AutoBaseFunction.py(wrapper):8] Parameter : 
[2022-09-22 09:48:27.727][I][AutoBaseFunction.py(wrapper):14] Screen.Setup_Field : set_data 실행 종료
[2022-09-22 09:48:27.727][I][AutoBaseFunction.py(wrapper):7] Screen.Setup_Field : set_data 실행 시작
[2022-09-22 09:48:27.727][I][AutoBaseFunction.py(wrapper):8] Parameter : 
[2022-09-22 09:48:27.728][I][AutoBaseFunction.py(wrapper):14] Screen.Setup_Field : set_data 실행 종료
[2022-09-22 09:48:27.728][I][AutoBaseFunction.py(wrapper):7] Screen.Setup_Field : set_data 실행 시작
[2022-09-22 09:48:27.728][I][AutoBaseFunction.py(wrapper):8] Parameter : 
[2022-09-22 09:48:27.729][I][AutoBaseFunction.py(wrapper):14] Screen.Setup_Field : set_data 실행 종료
[2022-09-22 09:48:27.729][I][AutoBaseFunction.py(wrapper):7] Screen.Setup_Field : set_data 실행 시작
[2022-09-22 09:48:27.729][I][AutoBaseFunction.py(wrapper):8] Parameter : 
[2022-09-22 09:48:27.730][I][AutoBaseFunction.py(wrapper):14] Screen.Setup_Field : set_data 실행 종료
[2022-09-22 09:48:27.730][I][AutoBaseFunction.py(wrapper):7] Screen.Setup_Field : set_data 실행 시작
[2022-09-22 09:48:27.730][I][AutoBaseFunction.py(wrapper):8] Parameter : 
[2022-09-22 09:48:27.730][I][AutoBaseFunction.py(wrapper):14] Screen.Setup_Field : set_data 실행 종료
[2022-09-22 09:48:27.731][I][AutoBaseFunction.py(wrapper):7] Screen.Setup_Field : sl_set_slot 실행 시작
[2022-09-22 09:48:27.731][I][AutoBaseFunction.py(wrapper):8] Parameter : 
[2022-09-22 09:48:27.731][I][AutoBaseFunction.py(wrapper):14] Screen.Setup_Field : sl_set_slot 실행 종료
[2022-09-22 09:48:27.731][I][AutoBaseFunction.py(wrapper):14] Screen.Setup_Field : setupUI_Field 실행 종료
[2022-09-22 09:48:27.732][I][AutoBaseFunction.py(wrapper):7] Screen.Setup_TestList : setupUI_TestList 실행 시작
[2022-09-22 09:48:27.732][I][AutoBaseFunction.py(wrapper):8] Parameter : 
[2022-09-22 09:48:27.733][I][AutoBaseFunction.py(wrapper):7] Screen.Setup_TestList : btn_set_slot 실행 시작
[2022-09-22 09:48:27.733][I][AutoBaseFunction.py(wrapper):8] Parameter : 
[2022-09-22 09:48:27.733][I][AutoBaseFunction.py(wrapper):14] Screen.Setup_TestList : btn_set_slot 실행 종료
[2022-09-22 09:48:27.733][I][AutoBaseFunction.py(wrapper):14] Screen.Setup_TestList : setupUI_TestList 실행 종료
[2022-09-22 09:48:27.734][I][AutoBaseFunction.py(wrapper):14] __main__ : __wigets_setupUi 실행 종료
[2022-09-22 09:49:02.056][I][AutoBaseFunction.py(wrapper):7] Screen.MainWindow : closeEvent 실행 시작
[2022-09-22 09:49:02.056][I][AutoBaseFunction.py(wrapper):8] Parameter : <PyQt5.QtGui.QCloseEvent object at 0x0000018C470ADA68>
