[2022-10-04 18:27:30.795][D][LogManager.py(Init):12] LogManager Init function called !!!
[2022-10-04 18:27:30.823][I][AutoBaseFunction.py(wrapper):10] Screen.MainWindow : setupUi 실행 시작
[2022-10-04 18:27:30.823][I][AutoBaseFunction.py(wrapper):11] Parameter : 
[2022-10-04 18:27:30.826][I][AutoBaseFunction.py(wrapper):10] Screen.MainWindow : set_field 실행 시작
[2022-10-04 18:27:30.826][I][AutoBaseFunction.py(wrapper):11] Parameter : 
[2022-10-04 18:27:30.853][I][AutoBaseFunction.py(wrapper):17] Screen.MainWindow : set_field 실행 종료
[2022-10-04 18:27:30.853][I][AutoBaseFunction.py(wrapper):10] Screen.MainWindow : setWidget_func 실행 시작
[2022-10-04 18:27:30.853][I][AutoBaseFunction.py(wrapper):11] Parameter : 
[2022-10-04 18:27:30.856][I][AutoBaseFunction.py(wrapper):17] Screen.MainWindow : setWidget_func 실행 종료
[2022-10-04 18:27:30.858][I][AutoBaseFunction.py(wrapper):17] Screen.MainWindow : setupUi 실행 종료
[2022-10-04 18:27:30.871][I][AutoBaseFunction.py(wrapper):10] __main__ : __set_slot 실행 시작
[2022-10-04 18:27:30.872][I][AutoBaseFunction.py(wrapper):11] Parameter : 
[2022-10-04 18:27:30.872][I][AutoBaseFunction.py(wrapper):17] __main__ : __set_slot 실행 종료
[2022-10-04 18:27:30.872][I][AutoBaseFunction.py(wrapper):10] __main__ : __wigets_setupUi 실행 시작
[2022-10-04 18:27:30.873][I][AutoBaseFunction.py(wrapper):11] Parameter : 
[2022-10-04 18:27:30.873][I][AutoBaseFunction.py(wrapper):10] Screen.Setup_Language : setupUI_Language 실행 시작
[2022-10-04 18:27:30.873][I][AutoBaseFunction.py(wrapper):11] Parameter : 
[2022-10-04 18:27:30.874][I][AutoBaseFunction.py(wrapper):10] Screen.Setup_Language : sl_set_slot 실행 시작
[2022-10-04 18:27:30.874][I][AutoBaseFunction.py(wrapper):11] Parameter : 
[2022-10-04 18:27:30.874][I][AutoBaseFunction.py(wrapper):17] Screen.Setup_Language : sl_set_slot 실행 종료
[2022-10-04 18:27:30.875][I][AutoBaseFunction.py(wrapper):17] Screen.Setup_Language : setupUI_Language 실행 종료
[2022-10-04 18:27:30.875][I][AutoBaseFunction.py(wrapper):10] Screen.Menu_CreateExcel : setupUI_CreateExcel 실행 시작
[2022-10-04 18:27:30.875][I][AutoBaseFunction.py(wrapper):11] Parameter : 
[2022-10-04 18:27:30.876][I][AutoBaseFunction.py(wrapper):10] Screen.Menu_CreateExcel : new_excel_func 실행 시작
[2022-10-04 18:27:30.876][I][AutoBaseFunction.py(wrapper):11] Parameter : 
[2022-10-04 18:27:30.876][I][AutoBaseFunction.py(wrapper):17] Screen.Menu_CreateExcel : new_excel_func 실행 종료
[2022-10-04 18:27:30.877][I][AutoBaseFunction.py(wrapper):10] Screen.Menu_CreateExcel : set_excel_func 실행 시작
[2022-10-04 18:27:30.877][I][AutoBaseFunction.py(wrapper):11] Parameter : 
[2022-10-04 18:27:30.877][I][AutoBaseFunction.py(wrapper):17] Screen.Menu_CreateExcel : set_excel_func 실행 종료
[2022-10-04 18:27:30.878][I][AutoBaseFunction.py(wrapper):17] Screen.Menu_CreateExcel : setupUI_CreateExcel 실행 종료
[2022-10-04 18:27:30.878][I][AutoBaseFunction.py(wrapper):10] Screen.Setup_Field : setupUI_Field 실행 시작
[2022-10-04 18:27:30.878][I][AutoBaseFunction.py(wrapper):11] Parameter : 
[2022-10-04 18:27:30.880][I][AutoBaseFunction.py(wrapper):10] Screen.Setup_Field : set_data 실행 시작
[2022-10-04 18:27:30.881][I][AutoBaseFunction.py(wrapper):11] Parameter : 
[2022-10-04 18:27:30.881][I][AutoBaseFunction.py(wrapper):17] Screen.Setup_Field : set_data 실행 종료
[2022-10-04 18:27:31.145][I][AutoBaseFunction.py(wrapper):10] Screen.Setup_Field : set_data 실행 시작
[2022-10-04 18:27:31.145][I][AutoBaseFunction.py(wrapper):11] Parameter : 
[2022-10-04 18:27:31.146][I][AutoBaseFunction.py(wrapper):17] Screen.Setup_Field : set_data 실행 종료
[2022-10-04 18:27:31.146][I][AutoBaseFunction.py(wrapper):10] Screen.Setup_Field : set_data 실행 시작
[2022-10-04 18:27:31.147][I][AutoBaseFunction.py(wrapper):11] Parameter : 
[2022-10-04 18:27:31.147][I][AutoBaseFunction.py(wrapper):17] Screen.Setup_Field : set_data 실행 종료
[2022-10-04 18:27:31.148][I][AutoBaseFunction.py(wrapper):10] Screen.Setup_Field : set_data 실행 시작
[2022-10-04 18:27:31.148][I][AutoBaseFunction.py(wrapper):11] Parameter : 
[2022-10-04 18:27:31.148][I][AutoBaseFunction.py(wrapper):17] Screen.Setup_Field : set_data 실행 종료
[2022-10-04 18:27:31.149][I][AutoBaseFunction.py(wrapper):10] Screen.Setup_Field : set_data 실행 시작
[2022-10-04 18:27:31.149][I][AutoBaseFunction.py(wrapper):11] Parameter : 
[2022-10-04 18:27:31.149][I][AutoBaseFunction.py(wrapper):17] Screen.Setup_Field : set_data 실행 종료
[2022-10-04 18:27:31.150][I][AutoBaseFunction.py(wrapper):10] Screen.Setup_Field : set_data 실행 시작
[2022-10-04 18:27:31.150][I][AutoBaseFunction.py(wrapper):11] Parameter : 
[2022-10-04 18:27:31.150][I][AutoBaseFunction.py(wrapper):17] Screen.Setup_Field : set_data 실행 종료
[2022-10-04 18:27:31.150][I][AutoBaseFunction.py(wrapper):10] Screen.Setup_Field : sl_set_slot 실행 시작
[2022-10-04 18:27:31.151][I][AutoBaseFunction.py(wrapper):11] Parameter : 
[2022-10-04 18:27:31.151][I][AutoBaseFunction.py(wrapper):17] Screen.Setup_Field : sl_set_slot 실행 종료
[2022-10-04 18:27:31.151][I][AutoBaseFunction.py(wrapper):17] Screen.Setup_Field : setupUI_Field 실행 종료
[2022-10-04 18:27:31.151][I][AutoBaseFunction.py(wrapper):10] Screen.Setup_TestList : setupUI_TestList 실행 시작
[2022-10-04 18:27:31.151][I][AutoBaseFunction.py(wrapper):11] Parameter : 
[2022-10-04 18:27:31.152][I][AutoBaseFunction.py(wrapper):10] Screen.Setup_TestList : btn_set_slot 실행 시작
[2022-10-04 18:27:31.152][I][AutoBaseFunction.py(wrapper):11] Parameter : 
[2022-10-04 18:27:31.153][I][AutoBaseFunction.py(wrapper):17] Screen.Setup_TestList : btn_set_slot 실행 종료
[2022-10-04 18:27:31.154][I][AutoBaseFunction.py(wrapper):17] Screen.Setup_TestList : setupUI_TestList 실행 종료
[2022-10-04 18:27:31.154][I][AutoBaseFunction.py(wrapper):17] __main__ : __wigets_setupUi 실행 종료
[2022-10-04 18:27:32.480][I][AutoBaseFunction.py(wrapper):10] Screen.MainWindow : update_open_menu 실행 시작
[2022-10-04 18:27:32.480][I][AutoBaseFunction.py(wrapper):11] Parameter : 
[2022-10-04 18:27:32.483][I][AutoBaseFunction.py(wrapper):17] Screen.MainWindow : update_open_menu 실행 종료
[2022-10-04 18:27:33.143][I][AutoBaseFunction.py(wrapper):10] __main__ : __ce_ui 실행 시작
[2022-10-04 18:27:33.143][I][AutoBaseFunction.py(wrapper):11] Parameter : False
[2022-10-04 18:27:33.163][I][AutoBaseFunction.py(wrapper):17] __main__ : __ce_ui 실행 종료
[2022-10-04 18:27:35.110][I][AutoBaseFunction.py(wrapper):10] Screen.Menu_CreateExcel : folder_toolButton_clicked 실행 시작
[2022-10-04 18:27:35.110][I][AutoBaseFunction.py(wrapper):11] Parameter : <PyQt5.QtWidgets.QLineEdit object at 0x000001A736AE3168>, False
[2022-10-04 18:27:40.241][I][AutoBaseFunction.py(wrapper):17] Screen.Menu_CreateExcel : folder_toolButton_clicked 실행 종료
[2022-10-04 18:27:40.950][I][AutoBaseFunction.py(wrapper):10] Screen.Menu_CreateExcel : func_check 실행 시작
[2022-10-04 18:27:40.950][I][AutoBaseFunction.py(wrapper):11] Parameter : False
