[2022-09-22 09:02:29.773][D][LogManager.py(Init):12] LogManager Init function called !!!
[2022-09-22 09:02:29.786][I][AutoBaseFunction.py(wrapper):7] Screen.MainWindow : setupUi 실행 시작
[2022-09-22 09:02:29.787][I][AutoBaseFunction.py(wrapper):8] Parameter : 
[2022-09-22 09:02:29.801][I][AutoBaseFunction.py(wrapper):7] Screen.MainWindow : set_field 실행 시작
[2022-09-22 09:02:29.802][I][AutoBaseFunction.py(wrapper):8] Parameter : 
[2022-09-22 09:02:29.828][I][AutoBaseFunction.py(wrapper):14] Screen.MainWindow : set_field 실행 종료
[2022-09-22 09:02:29.829][I][AutoBaseFunction.py(wrapper):7] Screen.MainWindow : setWidget_func 실행 시작
[2022-09-22 09:02:29.829][I][AutoBaseFunction.py(wrapper):8] Parameter : 
[2022-09-22 09:02:29.831][I][AutoBaseFunction.py(wrapper):14] Screen.MainWindow : setWidget_func 실행 종료
[2022-09-22 09:02:29.833][I][AutoBaseFunction.py(wrapper):14] Screen.MainWindow : setupUi 실행 종료
[2022-09-22 09:02:29.840][I][AutoBaseFunction.py(wrapper):7] __main__ : __set_slot 실행 시작
[2022-09-22 09:02:29.840][I][AutoBaseFunction.py(wrapper):8] Parameter : 
[2022-09-22 09:02:29.840][I][AutoBaseFunction.py(wrapper):14] __main__ : __set_slot 실행 종료
[2022-09-22 09:02:29.841][I][AutoBaseFunction.py(wrapper):7] __main__ : __wigets_setupUi 실행 시작
[2022-09-22 09:02:29.841][I][AutoBaseFunction.py(wrapper):8] Parameter : 
[2022-09-22 09:02:29.841][I][AutoBaseFunction.py(wrapper):7] Screen.Setup_Language : setupUI_Language 실행 시작
[2022-09-22 09:02:29.841][I][AutoBaseFunction.py(wrapper):8] Parameter : 
[2022-09-22 09:02:29.843][I][AutoBaseFunction.py(wrapper):7] Screen.Setup_Language : sl_set_slot 실행 시작
[2022-09-22 09:02:29.843][I][AutoBaseFunction.py(wrapper):8] Parameter : 
[2022-09-22 09:02:29.843][I][AutoBaseFunction.py(wrapper):14] Screen.Setup_Language : sl_set_slot 실행 종료
[2022-09-22 09:02:29.844][I][AutoBaseFunction.py(wrapper):14] Screen.Setup_Language : setupUI_Language 실행 종료
[2022-09-22 09:02:29.844][I][AutoBaseFunction.py(wrapper):7] Screen.Menu_CreateExcel : setupUI_CreateExcel 실행 시작
[2022-09-22 09:02:29.844][I][AutoBaseFunction.py(wrapper):8] Parameter : 
[2022-09-22 09:02:29.845][I][AutoBaseFunction.py(wrapper):7] Screen.Menu_CreateExcel : new_excel_func 실행 시작
[2022-09-22 09:02:29.845][I][AutoBaseFunction.py(wrapper):8] Parameter : 
[2022-09-22 09:02:29.846][I][AutoBaseFunction.py(wrapper):14] Screen.Menu_CreateExcel : new_excel_func 실행 종료
[2022-09-22 09:02:29.846][I][AutoBaseFunction.py(wrapper):7] Screen.Menu_CreateExcel : set_excel_func 실행 시작
[2022-09-22 09:02:29.846][I][AutoBaseFunction.py(wrapper):8] Parameter : 
[2022-09-22 09:02:29.846][I][AutoBaseFunction.py(wrapper):14] Screen.Menu_CreateExcel : set_excel_func 실행 종료
[2022-09-22 09:02:29.847][I][AutoBaseFunction.py(wrapper):14] Screen.Menu_CreateExcel : setupUI_CreateExcel 실행 종료
[2022-09-22 09:02:29.847][I][AutoBaseFunction.py(wrapper):7] Screen.Setup_Field : setupUI_Field 실행 시작
[2022-09-22 09:02:29.847][I][AutoBaseFunction.py(wrapper):8] Parameter : 
[2022-09-22 09:02:29.847][I][AutoBaseFunction.py(wrapper):7] Screen.Setup_Field : set_data 실행 시작
[2022-09-22 09:02:29.848][I][AutoBaseFunction.py(wrapper):8] Parameter : 
[2022-09-22 09:02:29.848][I][AutoBaseFunction.py(wrapper):14] Screen.Setup_Field : set_data 실행 종료
[2022-09-22 09:02:30.081][I][AutoBaseFunction.py(wrapper):7] Screen.Setup_Field : set_data 실행 시작
[2022-09-22 09:02:30.082][I][AutoBaseFunction.py(wrapper):8] Parameter : 
[2022-09-22 09:02:30.082][I][AutoBaseFunction.py(wrapper):14] Screen.Setup_Field : set_data 실행 종료
[2022-09-22 09:02:30.083][I][AutoBaseFunction.py(wrapper):7] Screen.Setup_Field : set_data 실행 시작
[2022-09-22 09:02:30.083][I][AutoBaseFunction.py(wrapper):8] Parameter : 
[2022-09-22 09:02:30.083][I][AutoBaseFunction.py(wrapper):14] Screen.Setup_Field : set_data 실행 종료
[2022-09-22 09:02:30.084][I][AutoBaseFunction.py(wrapper):7] Screen.Setup_Field : set_data 실행 시작
[2022-09-22 09:02:30.084][I][AutoBaseFunction.py(wrapper):8] Parameter : 
[2022-09-22 09:02:30.084][I][AutoBaseFunction.py(wrapper):14] Screen.Setup_Field : set_data 실행 종료
[2022-09-22 09:02:30.085][I][AutoBaseFunction.py(wrapper):7] Screen.Setup_Field : set_data 실행 시작
[2022-09-22 09:02:30.085][I][AutoBaseFunction.py(wrapper):8] Parameter : 
[2022-09-22 09:02:30.085][I][AutoBaseFunction.py(wrapper):14] Screen.Setup_Field : set_data 실행 종료
[2022-09-22 09:02:30.086][I][AutoBaseFunction.py(wrapper):7] Screen.Setup_Field : set_data 실행 시작
[2022-09-22 09:02:30.086][I][AutoBaseFunction.py(wrapper):8] Parameter : 
[2022-09-22 09:02:30.086][I][AutoBaseFunction.py(wrapper):14] Screen.Setup_Field : set_data 실행 종료
[2022-09-22 09:02:30.086][I][AutoBaseFunction.py(wrapper):7] Screen.Setup_Field : sl_set_slot 실행 시작
[2022-09-22 09:02:30.087][I][AutoBaseFunction.py(wrapper):8] Parameter : 
[2022-09-22 09:02:30.087][I][AutoBaseFunction.py(wrapper):14] Screen.Setup_Field : sl_set_slot 실행 종료
[2022-09-22 09:02:30.088][I][AutoBaseFunction.py(wrapper):14] Screen.Setup_Field : setupUI_Field 실행 종료
[2022-09-22 09:02:30.088][I][AutoBaseFunction.py(wrapper):7] Screen.Setup_TestList : setupUI_TestList 실행 시작
[2022-09-22 09:02:30.088][I][AutoBaseFunction.py(wrapper):8] Parameter : 
[2022-09-22 09:02:30.089][I][AutoBaseFunction.py(wrapper):7] Screen.Setup_TestList : btn_set_slot 실행 시작
[2022-09-22 09:02:30.089][I][AutoBaseFunction.py(wrapper):8] Parameter : 
[2022-09-22 09:02:30.089][I][AutoBaseFunction.py(wrapper):14] Screen.Setup_TestList : btn_set_slot 실행 종료
[2022-09-22 09:02:30.089][I][AutoBaseFunction.py(wrapper):14] Screen.Setup_TestList : setupUI_TestList 실행 종료
[2022-09-22 09:02:30.090][I][AutoBaseFunction.py(wrapper):14] __main__ : __wigets_setupUi 실행 종료
