[2022-09-26 18:41:12.542][D][LogManager.py(Init):12] LogManager Init function called !!!
[2022-09-26 18:41:12.556][I][AutoBaseFunction.py(wrapper):7] Screen.MainWindow : setupUi 실행 시작
[2022-09-26 18:41:12.556][I][AutoBaseFunction.py(wrapper):8] Parameter : 
[2022-09-26 18:41:12.572][I][AutoBaseFunction.py(wrapper):7] Screen.MainWindow : set_field 실행 시작
[2022-09-26 18:41:12.572][I][AutoBaseFunction.py(wrapper):8] Parameter : 
[2022-09-26 18:41:12.602][I][AutoBaseFunction.py(wrapper):14] Screen.MainWindow : set_field 실행 종료
[2022-09-26 18:41:12.602][I][AutoBaseFunction.py(wrapper):7] Screen.MainWindow : setWidget_func 실행 시작
[2022-09-26 18:41:12.603][I][AutoBaseFunction.py(wrapper):8] Parameter : 
[2022-09-26 18:41:12.604][I][AutoBaseFunction.py(wrapper):14] Screen.MainWindow : setWidget_func 실행 종료
[2022-09-26 18:41:12.607][I][AutoBaseFunction.py(wrapper):14] Screen.MainWindow : setupUi 실행 종료
[2022-09-26 18:41:12.613][I][AutoBaseFunction.py(wrapper):7] __main__ : __set_slot 실행 시작
[2022-09-26 18:41:12.613][I][AutoBaseFunction.py(wrapper):8] Parameter : 
[2022-09-26 18:41:12.614][I][AutoBaseFunction.py(wrapper):14] __main__ : __set_slot 실행 종료
[2022-09-26 18:41:12.614][I][AutoBaseFunction.py(wrapper):7] __main__ : __wigets_setupUi 실행 시작
[2022-09-26 18:41:12.614][I][AutoBaseFunction.py(wrapper):8] Parameter : 
[2022-09-26 18:41:12.615][I][AutoBaseFunction.py(wrapper):7] Screen.Setup_Language : setupUI_Language 실행 시작
[2022-09-26 18:41:12.615][I][AutoBaseFunction.py(wrapper):8] Parameter : 
[2022-09-26 18:41:12.616][I][AutoBaseFunction.py(wrapper):7] Screen.Setup_Language : sl_set_slot 실행 시작
[2022-09-26 18:41:12.616][I][AutoBaseFunction.py(wrapper):8] Parameter : 
[2022-09-26 18:41:12.616][I][AutoBaseFunction.py(wrapper):14] Screen.Setup_Language : sl_set_slot 실행 종료
[2022-09-26 18:41:12.617][I][AutoBaseFunction.py(wrapper):14] Screen.Setup_Language : setupUI_Language 실행 종료
[2022-09-26 18:41:12.617][I][AutoBaseFunction.py(wrapper):7] Screen.Menu_CreateExcel : setupUI_CreateExcel 실행 시작
[2022-09-26 18:41:12.617][I][AutoBaseFunction.py(wrapper):8] Parameter : 
[2022-09-26 18:41:12.618][I][AutoBaseFunction.py(wrapper):7] Screen.Menu_CreateExcel : new_excel_func 실행 시작
[2022-09-26 18:41:12.618][I][AutoBaseFunction.py(wrapper):8] Parameter : 
[2022-09-26 18:41:12.619][I][AutoBaseFunction.py(wrapper):14] Screen.Menu_CreateExcel : new_excel_func 실행 종료
[2022-09-26 18:41:12.619][I][AutoBaseFunction.py(wrapper):7] Screen.Menu_CreateExcel : set_excel_func 실행 시작
[2022-09-26 18:41:12.619][I][AutoBaseFunction.py(wrapper):8] Parameter : 
[2022-09-26 18:41:12.620][I][AutoBaseFunction.py(wrapper):14] Screen.Menu_CreateExcel : set_excel_func 실행 종료
[2022-09-26 18:41:12.621][I][AutoBaseFunction.py(wrapper):14] Screen.Menu_CreateExcel : setupUI_CreateExcel 실행 종료
[2022-09-26 18:41:12.621][I][AutoBaseFunction.py(wrapper):7] Screen.Setup_Field : setupUI_Field 실행 시작
[2022-09-26 18:41:12.622][I][AutoBaseFunction.py(wrapper):8] Parameter : 
[2022-09-26 18:41:12.622][I][AutoBaseFunction.py(wrapper):7] Screen.Setup_Field : set_data 실행 시작
[2022-09-26 18:41:12.623][I][AutoBaseFunction.py(wrapper):8] Parameter : 
[2022-09-26 18:41:12.623][I][AutoBaseFunction.py(wrapper):14] Screen.Setup_Field : set_data 실행 종료
[2022-09-26 18:41:12.874][I][AutoBaseFunction.py(wrapper):7] Screen.Setup_Field : set_data 실행 시작
[2022-09-26 18:41:12.875][I][AutoBaseFunction.py(wrapper):8] Parameter : 
[2022-09-26 18:41:12.875][I][AutoBaseFunction.py(wrapper):14] Screen.Setup_Field : set_data 실행 종료
[2022-09-26 18:41:12.876][I][AutoBaseFunction.py(wrapper):7] Screen.Setup_Field : set_data 실행 시작
[2022-09-26 18:41:12.876][I][AutoBaseFunction.py(wrapper):8] Parameter : 
[2022-09-26 18:41:12.877][I][AutoBaseFunction.py(wrapper):14] Screen.Setup_Field : set_data 실행 종료
[2022-09-26 18:41:12.877][I][AutoBaseFunction.py(wrapper):7] Screen.Setup_Field : set_data 실행 시작
[2022-09-26 18:41:12.877][I][AutoBaseFunction.py(wrapper):8] Parameter : 
[2022-09-26 18:41:12.878][I][AutoBaseFunction.py(wrapper):14] Screen.Setup_Field : set_data 실행 종료
[2022-09-26 18:41:12.878][I][AutoBaseFunction.py(wrapper):7] Screen.Setup_Field : set_data 실행 시작
[2022-09-26 18:41:12.878][I][AutoBaseFunction.py(wrapper):8] Parameter : 
[2022-09-26 18:41:12.878][I][AutoBaseFunction.py(wrapper):14] Screen.Setup_Field : set_data 실행 종료
[2022-09-26 18:41:12.879][I][AutoBaseFunction.py(wrapper):7] Screen.Setup_Field : set_data 실행 시작
[2022-09-26 18:41:12.879][I][AutoBaseFunction.py(wrapper):8] Parameter : 
[2022-09-26 18:41:12.879][I][AutoBaseFunction.py(wrapper):14] Screen.Setup_Field : set_data 실행 종료
[2022-09-26 18:41:12.879][I][AutoBaseFunction.py(wrapper):7] Screen.Setup_Field : sl_set_slot 실행 시작
[2022-09-26 18:41:12.880][I][AutoBaseFunction.py(wrapper):8] Parameter : 
[2022-09-26 18:41:12.880][I][AutoBaseFunction.py(wrapper):14] Screen.Setup_Field : sl_set_slot 실행 종료
[2022-09-26 18:41:12.880][I][AutoBaseFunction.py(wrapper):14] Screen.Setup_Field : setupUI_Field 실행 종료
[2022-09-26 18:41:12.880][I][AutoBaseFunction.py(wrapper):7] Screen.Setup_TestList : setupUI_TestList 실행 시작
[2022-09-26 18:41:12.880][I][AutoBaseFunction.py(wrapper):8] Parameter : 
[2022-09-26 18:41:12.881][I][AutoBaseFunction.py(wrapper):7] Screen.Setup_TestList : btn_set_slot 실행 시작
[2022-09-26 18:41:12.882][I][AutoBaseFunction.py(wrapper):8] Parameter : 
[2022-09-26 18:41:12.882][I][AutoBaseFunction.py(wrapper):14] Screen.Setup_TestList : btn_set_slot 실행 종료
[2022-09-26 18:41:12.882][I][AutoBaseFunction.py(wrapper):14] Screen.Setup_TestList : setupUI_TestList 실행 종료
[2022-09-26 18:41:12.882][I][AutoBaseFunction.py(wrapper):14] __main__ : __wigets_setupUi 실행 종료
[2022-09-26 18:41:14.349][I][AutoBaseFunction.py(wrapper):7] __main__ : __sl_ui 실행 시작
[2022-09-26 18:41:14.349][I][AutoBaseFunction.py(wrapper):8] Parameter : False
[2022-09-26 18:41:14.350][I][AutoBaseFunction.py(wrapper):7] Screen.Setup_Language : setLang_Button 실행 시작
[2022-09-26 18:41:14.350][I][AutoBaseFunction.py(wrapper):8] Parameter : 
