[2022-09-27 16:59:55.299][D][LogManager.py(Init):12] LogManager Init function called !!!
[2022-09-27 16:59:55.312][I][AutoBaseFunction.py(wrapper):7] Screen.MainWindow : setupUi 실행 시작
[2022-09-27 16:59:55.312][I][AutoBaseFunction.py(wrapper):8] Parameter : 
[2022-09-27 16:59:55.328][I][AutoBaseFunction.py(wrapper):7] Screen.MainWindow : set_field 실행 시작
[2022-09-27 16:59:55.328][I][AutoBaseFunction.py(wrapper):8] Parameter : 
[2022-09-27 16:59:55.339][I][AutoBaseFunction.py(wrapper):14] Screen.MainWindow : set_field 실행 종료
[2022-09-27 16:59:55.339][I][AutoBaseFunction.py(wrapper):7] Screen.MainWindow : setWidget_func 실행 시작
[2022-09-27 16:59:55.340][I][AutoBaseFunction.py(wrapper):8] Parameter : 
[2022-09-27 16:59:55.341][I][AutoBaseFunction.py(wrapper):14] Screen.MainWindow : setWidget_func 실행 종료
[2022-09-27 16:59:55.343][I][AutoBaseFunction.py(wrapper):14] Screen.MainWindow : setupUi 실행 종료
[2022-09-27 16:59:55.352][I][AutoBaseFunction.py(wrapper):7] __main__ : __set_slot 실행 시작
[2022-09-27 16:59:55.353][I][AutoBaseFunction.py(wrapper):8] Parameter : 
[2022-09-27 16:59:55.353][I][AutoBaseFunction.py(wrapper):14] __main__ : __set_slot 실행 종료
[2022-09-27 16:59:55.353][I][AutoBaseFunction.py(wrapper):7] __main__ : __wigets_setupUi 실행 시작
[2022-09-27 16:59:55.354][I][AutoBaseFunction.py(wrapper):8] Parameter : 
[2022-09-27 16:59:55.354][I][AutoBaseFunction.py(wrapper):7] Screen.Setup_Language : setupUI_Language 실행 시작
[2022-09-27 16:59:55.354][I][AutoBaseFunction.py(wrapper):8] Parameter : 
[2022-09-27 16:59:55.355][I][AutoBaseFunction.py(wrapper):7] Screen.Setup_Language : sl_set_slot 실행 시작
[2022-09-27 16:59:55.355][I][AutoBaseFunction.py(wrapper):8] Parameter : 
[2022-09-27 16:59:55.356][I][AutoBaseFunction.py(wrapper):14] Screen.Setup_Language : sl_set_slot 실행 종료
[2022-09-27 16:59:55.356][I][AutoBaseFunction.py(wrapper):14] Screen.Setup_Language : setupUI_Language 실행 종료
[2022-09-27 16:59:55.357][I][AutoBaseFunction.py(wrapper):7] Screen.Menu_CreateExcel : setupUI_CreateExcel 실행 시작
[2022-09-27 16:59:55.357][I][AutoBaseFunction.py(wrapper):8] Parameter : 
[2022-09-27 16:59:55.358][I][AutoBaseFunction.py(wrapper):7] Screen.Menu_CreateExcel : new_excel_func 실행 시작
[2022-09-27 16:59:55.358][I][AutoBaseFunction.py(wrapper):8] Parameter : 
[2022-09-27 16:59:55.359][I][AutoBaseFunction.py(wrapper):14] Screen.Menu_CreateExcel : new_excel_func 실행 종료
[2022-09-27 16:59:55.359][I][AutoBaseFunction.py(wrapper):7] Screen.Menu_CreateExcel : set_excel_func 실행 시작
[2022-09-27 16:59:55.360][I][AutoBaseFunction.py(wrapper):8] Parameter : 
[2022-09-27 16:59:55.360][I][AutoBaseFunction.py(wrapper):14] Screen.Menu_CreateExcel : set_excel_func 실행 종료
[2022-09-27 16:59:55.361][I][AutoBaseFunction.py(wrapper):14] Screen.Menu_CreateExcel : setupUI_CreateExcel 실행 종료
[2022-09-27 16:59:55.361][I][AutoBaseFunction.py(wrapper):7] Screen.Setup_Field : setupUI_Field 실행 시작
[2022-09-27 16:59:55.361][I][AutoBaseFunction.py(wrapper):8] Parameter : 
[2022-09-27 16:59:55.365][W][LogManager.py(set_warn):86] : Traceback (most recent call last):
  File "D:\test\TestList_CSV\2022_skillup\Settings\Setup.py", line 24, in read_ini__test
    example = self.config[table]
  File "c:\python\3_7_9x64\lib\configparser.py", line 958, in __getitem__
    raise KeyError(key)
KeyError: 'Field'

