[2022-09-26 18:51:27.412][D][LogManager.py(Init):12] LogManager Init function called !!!
[2022-09-26 18:51:27.424][I][AutoBaseFunction.py(wrapper):7] Screen.MainWindow : setupUi 실행 시작
[2022-09-26 18:51:27.424][I][AutoBaseFunction.py(wrapper):8] Parameter : 
[2022-09-26 18:51:27.441][I][AutoBaseFunction.py(wrapper):7] Screen.MainWindow : set_field 실행 시작
[2022-09-26 18:51:27.441][I][AutoBaseFunction.py(wrapper):8] Parameter : 
[2022-09-26 18:51:27.481][I][AutoBaseFunction.py(wrapper):14] Screen.MainWindow : set_field 실행 종료
[2022-09-26 18:51:27.482][I][AutoBaseFunction.py(wrapper):7] Screen.MainWindow : setWidget_func 실행 시작
[2022-09-26 18:51:27.482][I][AutoBaseFunction.py(wrapper):8] Parameter : 
[2022-09-26 18:51:27.484][I][AutoBaseFunction.py(wrapper):14] Screen.MainWindow : setWidget_func 실행 종료
[2022-09-26 18:51:27.486][I][AutoBaseFunction.py(wrapper):14] Screen.MainWindow : setupUi 실행 종료
[2022-09-26 18:51:27.493][I][AutoBaseFunction.py(wrapper):7] __main__ : __set_slot 실행 시작
[2022-09-26 18:51:27.493][I][AutoBaseFunction.py(wrapper):8] Parameter : 
[2022-09-26 18:51:27.494][I][AutoBaseFunction.py(wrapper):14] __main__ : __set_slot 실행 종료
[2022-09-26 18:51:27.494][I][AutoBaseFunction.py(wrapper):7] __main__ : __wigets_setupUi 실행 시작
[2022-09-26 18:51:27.494][I][AutoBaseFunction.py(wrapper):8] Parameter : 
[2022-09-26 18:51:27.495][I][AutoBaseFunction.py(wrapper):7] Screen.Setup_Language : setupUI_Language 실행 시작
[2022-09-26 18:51:27.495][I][AutoBaseFunction.py(wrapper):8] Parameter : 
[2022-09-26 18:51:27.496][I][AutoBaseFunction.py(wrapper):7] Screen.Setup_Language : sl_set_slot 실행 시작
[2022-09-26 18:51:27.496][I][AutoBaseFunction.py(wrapper):8] Parameter : 
[2022-09-26 18:51:27.497][I][AutoBaseFunction.py(wrapper):14] Screen.Setup_Language : sl_set_slot 실행 종료
[2022-09-26 18:51:27.497][I][AutoBaseFunction.py(wrapper):14] Screen.Setup_Language : setupUI_Language 실행 종료
[2022-09-26 18:51:27.497][I][AutoBaseFunction.py(wrapper):7] Screen.Menu_CreateExcel : setupUI_CreateExcel 실행 시작
[2022-09-26 18:51:27.497][I][AutoBaseFunction.py(wrapper):8] Parameter : 
[2022-09-26 18:51:27.499][I][AutoBaseFunction.py(wrapper):7] Screen.Menu_CreateExcel : new_excel_func 실행 시작
[2022-09-26 18:51:27.500][I][AutoBaseFunction.py(wrapper):8] Parameter : 
[2022-09-26 18:51:27.500][I][AutoBaseFunction.py(wrapper):14] Screen.Menu_CreateExcel : new_excel_func 실행 종료
[2022-09-26 18:51:27.500][I][AutoBaseFunction.py(wrapper):7] Screen.Menu_CreateExcel : set_excel_func 실행 시작
[2022-09-26 18:51:27.501][I][AutoBaseFunction.py(wrapper):8] Parameter : 
[2022-09-26 18:51:27.501][I][AutoBaseFunction.py(wrapper):14] Screen.Menu_CreateExcel : set_excel_func 실행 종료
[2022-09-26 18:51:27.502][I][AutoBaseFunction.py(wrapper):14] Screen.Menu_CreateExcel : setupUI_CreateExcel 실행 종료
[2022-09-26 18:51:27.502][I][AutoBaseFunction.py(wrapper):7] Screen.Setup_Field : setupUI_Field 실행 시작
[2022-09-26 18:51:27.502][I][AutoBaseFunction.py(wrapper):8] Parameter : 
[2022-09-26 18:51:27.503][I][AutoBaseFunction.py(wrapper):7] Screen.Setup_Field : set_data 실행 시작
[2022-09-26 18:51:27.503][I][AutoBaseFunction.py(wrapper):8] Parameter : 
[2022-09-26 18:51:27.503][I][AutoBaseFunction.py(wrapper):14] Screen.Setup_Field : set_data 실행 종료
[2022-09-26 18:51:27.778][I][AutoBaseFunction.py(wrapper):7] Screen.Setup_Field : set_data 실행 시작
[2022-09-26 18:51:27.778][I][AutoBaseFunction.py(wrapper):8] Parameter : 
[2022-09-26 18:51:27.779][I][AutoBaseFunction.py(wrapper):14] Screen.Setup_Field : set_data 실행 종료
[2022-09-26 18:51:27.779][I][AutoBaseFunction.py(wrapper):7] Screen.Setup_Field : set_data 실행 시작
[2022-09-26 18:51:27.779][I][AutoBaseFunction.py(wrapper):8] Parameter : 
[2022-09-26 18:51:27.780][I][AutoBaseFunction.py(wrapper):14] Screen.Setup_Field : set_data 실행 종료
[2022-09-26 18:51:27.780][I][AutoBaseFunction.py(wrapper):7] Screen.Setup_Field : set_data 실행 시작
[2022-09-26 18:51:27.781][I][AutoBaseFunction.py(wrapper):8] Parameter : 
[2022-09-26 18:51:27.781][I][AutoBaseFunction.py(wrapper):14] Screen.Setup_Field : set_data 실행 종료
[2022-09-26 18:51:27.782][I][AutoBaseFunction.py(wrapper):7] Screen.Setup_Field : set_data 실행 시작
[2022-09-26 18:51:27.782][I][AutoBaseFunction.py(wrapper):8] Parameter : 
[2022-09-26 18:51:27.782][I][AutoBaseFunction.py(wrapper):14] Screen.Setup_Field : set_data 실행 종료
[2022-09-26 18:51:27.783][I][AutoBaseFunction.py(wrapper):7] Screen.Setup_Field : set_data 실행 시작
[2022-09-26 18:51:27.783][I][AutoBaseFunction.py(wrapper):8] Parameter : 
[2022-09-26 18:51:27.783][I][AutoBaseFunction.py(wrapper):14] Screen.Setup_Field : set_data 실행 종료
[2022-09-26 18:51:27.783][I][AutoBaseFunction.py(wrapper):7] Screen.Setup_Field : sl_set_slot 실행 시작
[2022-09-26 18:51:27.784][I][AutoBaseFunction.py(wrapper):8] Parameter : 
[2022-09-26 18:51:27.784][I][AutoBaseFunction.py(wrapper):14] Screen.Setup_Field : sl_set_slot 실행 종료
[2022-09-26 18:51:27.785][I][AutoBaseFunction.py(wrapper):14] Screen.Setup_Field : setupUI_Field 실행 종료
[2022-09-26 18:51:27.785][I][AutoBaseFunction.py(wrapper):7] Screen.Setup_TestList : setupUI_TestList 실행 시작
[2022-09-26 18:51:27.785][I][AutoBaseFunction.py(wrapper):8] Parameter : 
[2022-09-26 18:51:27.786][I][AutoBaseFunction.py(wrapper):7] Screen.Setup_TestList : btn_set_slot 실행 시작
[2022-09-26 18:51:27.787][I][AutoBaseFunction.py(wrapper):8] Parameter : 
[2022-09-26 18:51:27.787][I][AutoBaseFunction.py(wrapper):14] Screen.Setup_TestList : btn_set_slot 실행 종료
[2022-09-26 18:51:27.787][I][AutoBaseFunction.py(wrapper):14] Screen.Setup_TestList : setupUI_TestList 실행 종료
[2022-09-26 18:51:27.788][I][AutoBaseFunction.py(wrapper):14] __main__ : __wigets_setupUi 실행 종료
[2022-09-26 18:51:28.928][I][AutoBaseFunction.py(wrapper):7] __main__ : __sl_ui 실행 시작
[2022-09-26 18:51:28.929][I][AutoBaseFunction.py(wrapper):8] Parameter : False
[2022-09-26 18:51:28.929][I][AutoBaseFunction.py(wrapper):7] Screen.Setup_Language : setLang_Button 실행 시작
[2022-09-26 18:51:28.929][I][AutoBaseFunction.py(wrapper):8] Parameter : 
