[2022-10-05 08:55:19.700][D][LogManager.py(Init):12] LogManager Init function called !!!
[2022-10-05 08:55:19.725][I][AutoBaseFunction.py(wrapper):10] Screen.MainWindow : setupUi 실행 시작
[2022-10-05 08:55:19.726][I][AutoBaseFunction.py(wrapper):11] Parameter : 
[2022-10-05 08:55:19.730][I][AutoBaseFunction.py(wrapper):10] Screen.MainWindow : set_field 실행 시작
[2022-10-05 08:55:19.730][I][AutoBaseFunction.py(wrapper):11] Parameter : 
[2022-10-05 08:55:19.756][I][AutoBaseFunction.py(wrapper):17] Screen.MainWindow : set_field 실행 종료
[2022-10-05 08:55:19.757][I][AutoBaseFunction.py(wrapper):10] Screen.MainWindow : setWidget_func 실행 시작
[2022-10-05 08:55:19.757][I][AutoBaseFunction.py(wrapper):11] Parameter : 
[2022-10-05 08:55:19.759][I][AutoBaseFunction.py(wrapper):17] Screen.MainWindow : setWidget_func 실행 종료
[2022-10-05 08:55:19.761][I][AutoBaseFunction.py(wrapper):17] Screen.MainWindow : setupUi 실행 종료
[2022-10-05 08:55:19.770][I][AutoBaseFunction.py(wrapper):10] __main__ : __set_slot 실행 시작
[2022-10-05 08:55:19.771][I][AutoBaseFunction.py(wrapper):11] Parameter : 
[2022-10-05 08:55:19.772][I][AutoBaseFunction.py(wrapper):17] __main__ : __set_slot 실행 종료
[2022-10-05 08:55:19.772][I][AutoBaseFunction.py(wrapper):10] __main__ : __wigets_setupUi 실행 시작
[2022-10-05 08:55:19.772][I][AutoBaseFunction.py(wrapper):11] Parameter : 
[2022-10-05 08:55:19.773][I][AutoBaseFunction.py(wrapper):10] Screen.Setup_Language : setupUI_Language 실행 시작
[2022-10-05 08:55:19.773][I][AutoBaseFunction.py(wrapper):11] Parameter : 
[2022-10-05 08:55:19.774][I][AutoBaseFunction.py(wrapper):10] Screen.Setup_Language : sl_set_slot 실행 시작
[2022-10-05 08:55:19.775][I][AutoBaseFunction.py(wrapper):11] Parameter : 
[2022-10-05 08:55:19.775][I][AutoBaseFunction.py(wrapper):17] Screen.Setup_Language : sl_set_slot 실행 종료
[2022-10-05 08:55:19.776][I][AutoBaseFunction.py(wrapper):17] Screen.Setup_Language : setupUI_Language 실행 종료
[2022-10-05 08:55:19.776][I][AutoBaseFunction.py(wrapper):10] Screen.Menu_CreateExcel : setupUI_CreateExcel 실행 시작
[2022-10-05 08:55:19.777][I][AutoBaseFunction.py(wrapper):11] Parameter : 
[2022-10-05 08:55:19.779][I][AutoBaseFunction.py(wrapper):10] Screen.Menu_CreateExcel : new_excel_func 실행 시작
[2022-10-05 08:55:19.779][I][AutoBaseFunction.py(wrapper):11] Parameter : 
[2022-10-05 08:55:19.780][I][AutoBaseFunction.py(wrapper):17] Screen.Menu_CreateExcel : new_excel_func 실행 종료
[2022-10-05 08:55:19.781][I][AutoBaseFunction.py(wrapper):10] Screen.Menu_CreateExcel : set_excel_func 실행 시작
[2022-10-05 08:55:19.781][I][AutoBaseFunction.py(wrapper):11] Parameter : 
[2022-10-05 08:55:19.782][I][AutoBaseFunction.py(wrapper):17] Screen.Menu_CreateExcel : set_excel_func 실행 종료
[2022-10-05 08:55:19.783][I][AutoBaseFunction.py(wrapper):17] Screen.Menu_CreateExcel : setupUI_CreateExcel 실행 종료
[2022-10-05 08:55:19.783][I][AutoBaseFunction.py(wrapper):10] Screen.Setup_Field : setupUI_Field 실행 시작
[2022-10-05 08:55:19.784][I][AutoBaseFunction.py(wrapper):11] Parameter : 
[2022-10-05 08:55:19.787][I][AutoBaseFunction.py(wrapper):10] Screen.Setup_Field : set_data 실행 시작
[2022-10-05 08:55:19.787][I][AutoBaseFunction.py(wrapper):11] Parameter : 
[2022-10-05 08:55:19.788][I][AutoBaseFunction.py(wrapper):17] Screen.Setup_Field : set_data 실행 종료
[2022-10-05 08:55:20.053][I][AutoBaseFunction.py(wrapper):10] Screen.Setup_Field : set_data 실행 시작
[2022-10-05 08:55:20.054][I][AutoBaseFunction.py(wrapper):11] Parameter : 
[2022-10-05 08:55:20.054][I][AutoBaseFunction.py(wrapper):17] Screen.Setup_Field : set_data 실행 종료
[2022-10-05 08:55:20.055][I][AutoBaseFunction.py(wrapper):10] Screen.Setup_Field : set_data 실행 시작
[2022-10-05 08:55:20.055][I][AutoBaseFunction.py(wrapper):11] Parameter : 
[2022-10-05 08:55:20.055][I][AutoBaseFunction.py(wrapper):17] Screen.Setup_Field : set_data 실행 종료
[2022-10-05 08:55:20.056][I][AutoBaseFunction.py(wrapper):10] Screen.Setup_Field : set_data 실행 시작
[2022-10-05 08:55:20.056][I][AutoBaseFunction.py(wrapper):11] Parameter : 
[2022-10-05 08:55:20.056][I][AutoBaseFunction.py(wrapper):17] Screen.Setup_Field : set_data 실행 종료
[2022-10-05 08:55:20.057][I][AutoBaseFunction.py(wrapper):10] Screen.Setup_Field : set_data 실행 시작
[2022-10-05 08:55:20.057][I][AutoBaseFunction.py(wrapper):11] Parameter : 
[2022-10-05 08:55:20.057][I][AutoBaseFunction.py(wrapper):17] Screen.Setup_Field : set_data 실행 종료
[2022-10-05 08:55:20.057][I][AutoBaseFunction.py(wrapper):10] Screen.Setup_Field : set_data 실행 시작
[2022-10-05 08:55:20.058][I][AutoBaseFunction.py(wrapper):11] Parameter : 
[2022-10-05 08:55:20.058][I][AutoBaseFunction.py(wrapper):17] Screen.Setup_Field : set_data 실행 종료
[2022-10-05 08:55:20.058][I][AutoBaseFunction.py(wrapper):10] Screen.Setup_Field : sl_set_slot 실행 시작
[2022-10-05 08:55:20.058][I][AutoBaseFunction.py(wrapper):11] Parameter : 
[2022-10-05 08:55:20.059][I][AutoBaseFunction.py(wrapper):17] Screen.Setup_Field : sl_set_slot 실행 종료
[2022-10-05 08:55:20.059][I][AutoBaseFunction.py(wrapper):17] Screen.Setup_Field : setupUI_Field 실행 종료
[2022-10-05 08:55:20.059][I][AutoBaseFunction.py(wrapper):10] Screen.Setup_TestList : setupUI_TestList 실행 시작
[2022-10-05 08:55:20.059][I][AutoBaseFunction.py(wrapper):11] Parameter : 
[2022-10-05 08:55:20.060][I][AutoBaseFunction.py(wrapper):10] Screen.Setup_TestList : btn_set_slot 실행 시작
[2022-10-05 08:55:20.061][I][AutoBaseFunction.py(wrapper):11] Parameter : 
[2022-10-05 08:55:20.061][I][AutoBaseFunction.py(wrapper):17] Screen.Setup_TestList : btn_set_slot 실행 종료
[2022-10-05 08:55:20.061][I][AutoBaseFunction.py(wrapper):17] Screen.Setup_TestList : setupUI_TestList 실행 종료
[2022-10-05 08:55:20.061][I][AutoBaseFunction.py(wrapper):17] __main__ : __wigets_setupUi 실행 종료
[2022-10-05 08:55:22.889][I][AutoBaseFunction.py(wrapper):10] __main__ : __tl_ui 실행 시작
[2022-10-05 08:55:22.889][I][AutoBaseFunction.py(wrapper):11] Parameter : False
[2022-10-05 08:55:22.890][I][AutoBaseFunction.py(wrapper):10] Screen.Setup_TestList : setTest_Button 실행 시작
[2022-10-05 08:55:22.890][I][AutoBaseFunction.py(wrapper):11] Parameter : 
[2022-10-05 08:55:22.893][I][AutoBaseFunction.py(wrapper):17] Screen.Setup_TestList : setTest_Button 실행 종료
[2022-10-05 08:55:22.909][I][AutoBaseFunction.py(wrapper):17] __main__ : __tl_ui 실행 종료
