[2022-09-26 16:01:54.006][D][LogManager.py(Init):12] LogManager Init function called !!!
[2022-09-26 16:01:54.021][I][AutoBaseFunction.py(wrapper):7] Screen.MainWindow : setupUi 실행 시작
[2022-09-26 16:01:54.021][I][AutoBaseFunction.py(wrapper):8] Parameter : 
[2022-09-26 16:01:54.047][I][AutoBaseFunction.py(wrapper):7] Screen.MainWindow : set_field 실행 시작
[2022-09-26 16:01:54.048][I][AutoBaseFunction.py(wrapper):8] Parameter : 
[2022-09-26 16:01:54.078][I][AutoBaseFunction.py(wrapper):14] Screen.MainWindow : set_field 실행 종료
[2022-09-26 16:01:54.079][I][AutoBaseFunction.py(wrapper):7] Screen.MainWindow : setWidget_func 실행 시작
[2022-09-26 16:01:54.079][I][AutoBaseFunction.py(wrapper):8] Parameter : 
[2022-09-26 16:01:54.081][I][AutoBaseFunction.py(wrapper):14] Screen.MainWindow : setWidget_func 실행 종료
[2022-09-26 16:01:54.085][I][AutoBaseFunction.py(wrapper):14] Screen.MainWindow : setupUi 실행 종료
[2022-09-26 16:01:54.099][I][AutoBaseFunction.py(wrapper):7] __main__ : __set_slot 실행 시작
[2022-09-26 16:01:54.099][I][AutoBaseFunction.py(wrapper):8] Parameter : 
[2022-09-26 16:01:54.100][I][AutoBaseFunction.py(wrapper):14] __main__ : __set_slot 실행 종료
[2022-09-26 16:01:54.100][I][AutoBaseFunction.py(wrapper):7] __main__ : __wigets_setupUi 실행 시작
[2022-09-26 16:01:54.100][I][AutoBaseFunction.py(wrapper):8] Parameter : 
[2022-09-26 16:01:54.101][I][AutoBaseFunction.py(wrapper):7] Screen.Setup_Language : setupUI_Language 실행 시작
[2022-09-26 16:01:54.101][I][AutoBaseFunction.py(wrapper):8] Parameter : 
[2022-09-26 16:01:54.101][I][AutoBaseFunction.py(wrapper):7] Screen.Setup_Language : sl_set_slot 실행 시작
[2022-09-26 16:01:54.102][I][AutoBaseFunction.py(wrapper):8] Parameter : 
[2022-09-26 16:01:54.102][I][AutoBaseFunction.py(wrapper):14] Screen.Setup_Language : sl_set_slot 실행 종료
[2022-09-26 16:01:54.103][I][AutoBaseFunction.py(wrapper):14] Screen.Setup_Language : setupUI_Language 실행 종료
[2022-09-26 16:01:54.103][I][AutoBaseFunction.py(wrapper):7] Screen.Menu_CreateExcel : setupUI_CreateExcel 실행 시작
[2022-09-26 16:01:54.103][I][AutoBaseFunction.py(wrapper):8] Parameter : 
[2022-09-26 16:01:54.104][I][AutoBaseFunction.py(wrapper):7] Screen.Menu_CreateExcel : new_excel_func 실행 시작
[2022-09-26 16:01:54.104][I][AutoBaseFunction.py(wrapper):8] Parameter : 
[2022-09-26 16:01:54.105][I][AutoBaseFunction.py(wrapper):14] Screen.Menu_CreateExcel : new_excel_func 실행 종료
[2022-09-26 16:01:54.105][I][AutoBaseFunction.py(wrapper):7] Screen.Menu_CreateExcel : set_excel_func 실행 시작
[2022-09-26 16:01:54.105][I][AutoBaseFunction.py(wrapper):8] Parameter : 
[2022-09-26 16:01:54.106][I][AutoBaseFunction.py(wrapper):14] Screen.Menu_CreateExcel : set_excel_func 실행 종료
[2022-09-26 16:01:54.107][I][AutoBaseFunction.py(wrapper):14] Screen.Menu_CreateExcel : setupUI_CreateExcel 실행 종료
[2022-09-26 16:01:54.108][I][AutoBaseFunction.py(wrapper):7] Screen.Setup_Field : setupUI_Field 실행 시작
[2022-09-26 16:01:54.108][I][AutoBaseFunction.py(wrapper):8] Parameter : 
[2022-09-26 16:01:54.109][I][AutoBaseFunction.py(wrapper):7] Screen.Setup_Field : set_data 실행 시작
[2022-09-26 16:01:54.109][I][AutoBaseFunction.py(wrapper):8] Parameter : 
[2022-09-26 16:01:54.110][I][AutoBaseFunction.py(wrapper):14] Screen.Setup_Field : set_data 실행 종료
[2022-09-26 16:01:54.359][I][AutoBaseFunction.py(wrapper):7] Screen.Setup_Field : set_data 실행 시작
[2022-09-26 16:01:54.360][I][AutoBaseFunction.py(wrapper):8] Parameter : 
[2022-09-26 16:01:54.360][I][AutoBaseFunction.py(wrapper):14] Screen.Setup_Field : set_data 실행 종료
[2022-09-26 16:01:54.360][I][AutoBaseFunction.py(wrapper):7] Screen.Setup_Field : set_data 실행 시작
[2022-09-26 16:01:54.361][I][AutoBaseFunction.py(wrapper):8] Parameter : 
[2022-09-26 16:01:54.361][I][AutoBaseFunction.py(wrapper):14] Screen.Setup_Field : set_data 실행 종료
[2022-09-26 16:01:54.361][I][AutoBaseFunction.py(wrapper):7] Screen.Setup_Field : set_data 실행 시작
[2022-09-26 16:01:54.362][I][AutoBaseFunction.py(wrapper):8] Parameter : 
[2022-09-26 16:01:54.362][I][AutoBaseFunction.py(wrapper):14] Screen.Setup_Field : set_data 실행 종료
[2022-09-26 16:01:54.363][I][AutoBaseFunction.py(wrapper):7] Screen.Setup_Field : set_data 실행 시작
[2022-09-26 16:01:54.363][I][AutoBaseFunction.py(wrapper):8] Parameter : 
[2022-09-26 16:01:54.363][I][AutoBaseFunction.py(wrapper):14] Screen.Setup_Field : set_data 실행 종료
[2022-09-26 16:01:54.364][I][AutoBaseFunction.py(wrapper):7] Screen.Setup_Field : set_data 실행 시작
[2022-09-26 16:01:54.364][I][AutoBaseFunction.py(wrapper):8] Parameter : 
[2022-09-26 16:01:54.364][I][AutoBaseFunction.py(wrapper):14] Screen.Setup_Field : set_data 실행 종료
[2022-09-26 16:01:54.364][I][AutoBaseFunction.py(wrapper):7] Screen.Setup_Field : sl_set_slot 실행 시작
[2022-09-26 16:01:54.365][I][AutoBaseFunction.py(wrapper):8] Parameter : 
[2022-09-26 16:01:54.366][I][AutoBaseFunction.py(wrapper):14] Screen.Setup_Field : sl_set_slot 실행 종료
[2022-09-26 16:01:54.366][I][AutoBaseFunction.py(wrapper):14] Screen.Setup_Field : setupUI_Field 실행 종료
[2022-09-26 16:01:54.366][I][AutoBaseFunction.py(wrapper):7] Screen.Setup_TestList : setupUI_TestList 실행 시작
[2022-09-26 16:01:54.366][I][AutoBaseFunction.py(wrapper):8] Parameter : 
[2022-09-26 16:01:54.367][I][AutoBaseFunction.py(wrapper):7] Screen.Setup_TestList : btn_set_slot 실행 시작
[2022-09-26 16:01:54.368][I][AutoBaseFunction.py(wrapper):8] Parameter : 
[2022-09-26 16:01:54.368][I][AutoBaseFunction.py(wrapper):14] Screen.Setup_TestList : btn_set_slot 실행 종료
[2022-09-26 16:01:54.368][I][AutoBaseFunction.py(wrapper):14] Screen.Setup_TestList : setupUI_TestList 실행 종료
[2022-09-26 16:01:54.368][I][AutoBaseFunction.py(wrapper):14] __main__ : __wigets_setupUi 실행 종료
[2022-09-26 16:01:55.482][I][AutoBaseFunction.py(wrapper):7] Screen.MainWindow : update_open_menu 실행 시작
[2022-09-26 16:01:55.482][I][AutoBaseFunction.py(wrapper):8] Parameter : 
[2022-09-26 16:01:55.485][I][AutoBaseFunction.py(wrapper):14] Screen.MainWindow : update_open_menu 실행 종료
[2022-09-26 16:01:56.038][I][AutoBaseFunction.py(wrapper):7] __main__ : __ce_ui 실행 시작
[2022-09-26 16:01:56.038][I][AutoBaseFunction.py(wrapper):8] Parameter : False
[2022-09-26 16:01:56.059][I][AutoBaseFunction.py(wrapper):14] __main__ : __ce_ui 실행 종료
[2022-09-26 16:02:00.429][I][AutoBaseFunction.py(wrapper):7] Screen.MainWindow : closeEvent 실행 시작
[2022-09-26 16:02:00.429][I][AutoBaseFunction.py(wrapper):8] Parameter : <PyQt5.QtGui.QCloseEvent object at 0x0000014377E0ED38>
