[2022-09-20 16:12:14.740][D][LogManager.py(Init):12] LogManager Init function called !!!
[2022-09-20 16:12:14.755][I][AutoBaseFunction.py(wrapper):7] Screen.MainWindow : setupUi 실행 시작
[2022-09-20 16:12:14.755][I][AutoBaseFunction.py(wrapper):8] Parameter : 
[2022-09-20 16:12:14.771][I][AutoBaseFunction.py(wrapper):7] Screen.MainWindow : set_field 실행 시작
[2022-09-20 16:12:14.772][I][AutoBaseFunction.py(wrapper):8] Parameter : 
[2022-09-20 16:12:14.785][I][AutoBaseFunction.py(wrapper):14] Screen.MainWindow : set_field 실행 종료
[2022-09-20 16:12:14.785][I][AutoBaseFunction.py(wrapper):7] Screen.MainWindow : setWidget_func 실행 시작
[2022-09-20 16:12:14.785][I][AutoBaseFunction.py(wrapper):8] Parameter : 
[2022-09-20 16:12:14.788][I][AutoBaseFunction.py(wrapper):14] Screen.MainWindow : setWidget_func 실행 종료
[2022-09-20 16:12:14.791][I][AutoBaseFunction.py(wrapper):14] Screen.MainWindow : setupUi 실행 종료
[2022-09-20 16:12:14.797][I][AutoBaseFunction.py(wrapper):7] __main__ : __set_slot 실행 시작
[2022-09-20 16:12:14.798][I][AutoBaseFunction.py(wrapper):8] Parameter : 
[2022-09-20 16:12:14.798][I][AutoBaseFunction.py(wrapper):14] __main__ : __set_slot 실행 종료
[2022-09-20 16:12:14.798][I][AutoBaseFunction.py(wrapper):7] __main__ : __wigets_setupUi 실행 시작
[2022-09-20 16:12:14.798][I][AutoBaseFunction.py(wrapper):8] Parameter : 
[2022-09-20 16:12:14.799][I][AutoBaseFunction.py(wrapper):7] Screen.Setup_Language : setupUI_Language 실행 시작
[2022-09-20 16:12:14.799][I][AutoBaseFunction.py(wrapper):8] Parameter : 
[2022-09-20 16:12:14.800][I][AutoBaseFunction.py(wrapper):7] Screen.Setup_Language : sl_set_slot 실행 시작
[2022-09-20 16:12:14.800][I][AutoBaseFunction.py(wrapper):8] Parameter : 
[2022-09-20 16:12:14.801][I][AutoBaseFunction.py(wrapper):14] Screen.Setup_Language : sl_set_slot 실행 종료
[2022-09-20 16:12:14.801][I][AutoBaseFunction.py(wrapper):14] Screen.Setup_Language : setupUI_Language 실행 종료
[2022-09-20 16:12:14.801][I][AutoBaseFunction.py(wrapper):7] Screen.Menu_CreateExcel : setupUI_CreateExcel 실행 시작
[2022-09-20 16:12:14.801][I][AutoBaseFunction.py(wrapper):8] Parameter : 
[2022-09-20 16:12:14.802][I][AutoBaseFunction.py(wrapper):7] Screen.Menu_CreateExcel : new_excel_func 실행 시작
[2022-09-20 16:12:14.802][I][AutoBaseFunction.py(wrapper):8] Parameter : 
[2022-09-20 16:12:14.803][I][AutoBaseFunction.py(wrapper):14] Screen.Menu_CreateExcel : new_excel_func 실행 종료
[2022-09-20 16:12:14.803][I][AutoBaseFunction.py(wrapper):7] Screen.Menu_CreateExcel : set_excel_func 실행 시작
[2022-09-20 16:12:14.803][I][AutoBaseFunction.py(wrapper):8] Parameter : 
[2022-09-20 16:12:14.804][I][AutoBaseFunction.py(wrapper):14] Screen.Menu_CreateExcel : set_excel_func 실행 종료
[2022-09-20 16:12:14.804][I][AutoBaseFunction.py(wrapper):14] Screen.Menu_CreateExcel : setupUI_CreateExcel 실행 종료
[2022-09-20 16:12:14.804][I][AutoBaseFunction.py(wrapper):7] Screen.Setup_Field : setupUI_Field 실행 시작
[2022-09-20 16:12:14.804][I][AutoBaseFunction.py(wrapper):8] Parameter : 
[2022-09-20 16:12:14.805][I][AutoBaseFunction.py(wrapper):7] Screen.Setup_Field : set_data 실행 시작
[2022-09-20 16:12:14.805][I][AutoBaseFunction.py(wrapper):8] Parameter : 
[2022-09-20 16:12:14.806][I][AutoBaseFunction.py(wrapper):14] Screen.Setup_Field : set_data 실행 종료
[2022-09-20 16:12:15.049][I][AutoBaseFunction.py(wrapper):7] Screen.Setup_Field : set_data 실행 시작
[2022-09-20 16:12:15.049][I][AutoBaseFunction.py(wrapper):8] Parameter : 
[2022-09-20 16:12:15.050][I][AutoBaseFunction.py(wrapper):14] Screen.Setup_Field : set_data 실행 종료
[2022-09-20 16:12:15.050][I][AutoBaseFunction.py(wrapper):7] Screen.Setup_Field : set_data 실행 시작
[2022-09-20 16:12:15.050][I][AutoBaseFunction.py(wrapper):8] Parameter : 
[2022-09-20 16:12:15.050][I][AutoBaseFunction.py(wrapper):14] Screen.Setup_Field : set_data 실행 종료
[2022-09-20 16:12:15.051][I][AutoBaseFunction.py(wrapper):7] Screen.Setup_Field : set_data 실행 시작
[2022-09-20 16:12:15.051][I][AutoBaseFunction.py(wrapper):8] Parameter : 
[2022-09-20 16:12:15.051][I][AutoBaseFunction.py(wrapper):14] Screen.Setup_Field : set_data 실행 종료
[2022-09-20 16:12:15.051][I][AutoBaseFunction.py(wrapper):7] Screen.Setup_Field : set_data 실행 시작
[2022-09-20 16:12:15.052][I][AutoBaseFunction.py(wrapper):8] Parameter : 
[2022-09-20 16:12:15.052][I][AutoBaseFunction.py(wrapper):14] Screen.Setup_Field : set_data 실행 종료
[2022-09-20 16:12:15.053][I][AutoBaseFunction.py(wrapper):7] Screen.Setup_Field : set_data 실행 시작
[2022-09-20 16:12:15.053][I][AutoBaseFunction.py(wrapper):8] Parameter : 
[2022-09-20 16:12:15.053][I][AutoBaseFunction.py(wrapper):14] Screen.Setup_Field : set_data 실행 종료
[2022-09-20 16:12:15.053][I][AutoBaseFunction.py(wrapper):7] Screen.Setup_Field : sl_set_slot 실행 시작
[2022-09-20 16:12:15.054][I][AutoBaseFunction.py(wrapper):8] Parameter : 
[2022-09-20 16:12:15.054][I][AutoBaseFunction.py(wrapper):14] Screen.Setup_Field : sl_set_slot 실행 종료
[2022-09-20 16:12:15.054][I][AutoBaseFunction.py(wrapper):14] Screen.Setup_Field : setupUI_Field 실행 종료
[2022-09-20 16:12:15.054][I][AutoBaseFunction.py(wrapper):7] Screen.Setup_TestList : setupUI_TestList 실행 시작
[2022-09-20 16:12:15.054][I][AutoBaseFunction.py(wrapper):8] Parameter : 
[2022-09-20 16:12:15.055][I][AutoBaseFunction.py(wrapper):7] Screen.Setup_TestList : btn_set_slot 실행 시작
[2022-09-20 16:12:15.055][I][AutoBaseFunction.py(wrapper):8] Parameter : 
[2022-09-20 16:12:15.056][I][AutoBaseFunction.py(wrapper):14] Screen.Setup_TestList : btn_set_slot 실행 종료
[2022-09-20 16:12:15.056][I][AutoBaseFunction.py(wrapper):14] Screen.Setup_TestList : setupUI_TestList 실행 종료
[2022-09-20 16:12:15.056][I][AutoBaseFunction.py(wrapper):14] __main__ : __wigets_setupUi 실행 종료
[2022-09-20 16:12:16.717][I][AutoBaseFunction.py(wrapper):7] __main__ : __sl_ui 실행 시작
[2022-09-20 16:12:16.717][I][AutoBaseFunction.py(wrapper):8] Parameter : False
[2022-09-20 16:12:16.717][I][AutoBaseFunction.py(wrapper):7] Screen.Setup_Language : setLang_Button 실행 시작
[2022-09-20 16:12:16.718][I][AutoBaseFunction.py(wrapper):8] Parameter : 
[2022-09-20 16:12:16.719][I][AutoBaseFunction.py(wrapper):14] Screen.Setup_Language : setLang_Button 실행 종료
[2022-09-20 16:12:16.732][I][AutoBaseFunction.py(wrapper):14] __main__ : __sl_ui 실행 종료
[2022-09-20 16:12:18.300][I][AutoBaseFunction.py(wrapper):7] Screen.Setup_Language : langList_toolButton_clicked 실행 시작
[2022-09-20 16:12:18.301][I][AutoBaseFunction.py(wrapper):8] Parameter : <PyQt5.QtWidgets.QLineEdit object at 0x0000025E810459D8>, False
[2022-09-20 16:12:18.302][W][LogManager.py(set_warn):86] : Traceback (most recent call last):
  File "D:\test\TestList_CSV\2022_skillup\Helper\AutoBaseFunction.py", line 13, in wrapper
    func(self, *args)
TypeError: langList_toolButton_clicked() missing 1 required positional argument: 'lineEdit'

