[2022-09-23 11:13:42.487][D][LogManager.py(Init):12] LogManager Init function called !!!
[2022-09-23 11:13:42.500][I][AutoBaseFunction.py(wrapper):7] Screen.MainWindow : setupUi 실행 시작
[2022-09-23 11:13:42.500][I][AutoBaseFunction.py(wrapper):8] Parameter : 
[2022-09-23 11:13:42.516][I][AutoBaseFunction.py(wrapper):7] Screen.MainWindow : set_field 실행 시작
[2022-09-23 11:13:42.517][I][AutoBaseFunction.py(wrapper):8] Parameter : 
[2022-09-23 11:13:42.544][I][AutoBaseFunction.py(wrapper):14] Screen.MainWindow : set_field 실행 종료
[2022-09-23 11:13:42.545][I][AutoBaseFunction.py(wrapper):7] Screen.MainWindow : setWidget_func 실행 시작
[2022-09-23 11:13:42.545][I][AutoBaseFunction.py(wrapper):8] Parameter : 
[2022-09-23 11:13:42.547][I][AutoBaseFunction.py(wrapper):14] Screen.MainWindow : setWidget_func 실행 종료
[2022-09-23 11:13:42.549][I][AutoBaseFunction.py(wrapper):14] Screen.MainWindow : setupUi 실행 종료
[2022-09-23 11:13:42.556][I][AutoBaseFunction.py(wrapper):7] __main__ : __set_slot 실행 시작
[2022-09-23 11:13:42.557][I][AutoBaseFunction.py(wrapper):8] Parameter : 
[2022-09-23 11:13:42.557][I][AutoBaseFunction.py(wrapper):14] __main__ : __set_slot 실행 종료
[2022-09-23 11:13:42.557][I][AutoBaseFunction.py(wrapper):7] __main__ : __wigets_setupUi 실행 시작
[2022-09-23 11:13:42.558][I][AutoBaseFunction.py(wrapper):8] Parameter : 
[2022-09-23 11:13:42.558][I][AutoBaseFunction.py(wrapper):7] Screen.Setup_Language : setupUI_Language 실행 시작
[2022-09-23 11:13:42.559][I][AutoBaseFunction.py(wrapper):8] Parameter : 
[2022-09-23 11:13:42.560][I][AutoBaseFunction.py(wrapper):7] Screen.Setup_Language : sl_set_slot 실행 시작
[2022-09-23 11:13:42.561][I][AutoBaseFunction.py(wrapper):8] Parameter : 
[2022-09-23 11:13:42.561][I][AutoBaseFunction.py(wrapper):14] Screen.Setup_Language : sl_set_slot 실행 종료
[2022-09-23 11:13:42.561][I][AutoBaseFunction.py(wrapper):14] Screen.Setup_Language : setupUI_Language 실행 종료
[2022-09-23 11:13:42.562][I][AutoBaseFunction.py(wrapper):7] Screen.Menu_CreateExcel : setupUI_CreateExcel 실행 시작
[2022-09-23 11:13:42.562][I][AutoBaseFunction.py(wrapper):8] Parameter : 
[2022-09-23 11:13:42.563][I][AutoBaseFunction.py(wrapper):7] Screen.Menu_CreateExcel : new_excel_func 실행 시작
[2022-09-23 11:13:42.563][I][AutoBaseFunction.py(wrapper):8] Parameter : 
[2022-09-23 11:13:42.564][I][AutoBaseFunction.py(wrapper):14] Screen.Menu_CreateExcel : new_excel_func 실행 종료
[2022-09-23 11:13:42.564][I][AutoBaseFunction.py(wrapper):7] Screen.Menu_CreateExcel : set_excel_func 실행 시작
[2022-09-23 11:13:42.565][I][AutoBaseFunction.py(wrapper):8] Parameter : 
[2022-09-23 11:13:42.565][I][AutoBaseFunction.py(wrapper):14] Screen.Menu_CreateExcel : set_excel_func 실행 종료
[2022-09-23 11:13:42.566][I][AutoBaseFunction.py(wrapper):14] Screen.Menu_CreateExcel : setupUI_CreateExcel 실행 종료
[2022-09-23 11:13:42.566][I][AutoBaseFunction.py(wrapper):7] Screen.Setup_Field : setupUI_Field 실행 시작
[2022-09-23 11:13:42.566][I][AutoBaseFunction.py(wrapper):8] Parameter : 
[2022-09-23 11:13:42.567][I][AutoBaseFunction.py(wrapper):7] Screen.Setup_Field : set_data 실행 시작
[2022-09-23 11:13:42.567][I][AutoBaseFunction.py(wrapper):8] Parameter : 
[2022-09-23 11:13:42.569][I][AutoBaseFunction.py(wrapper):14] Screen.Setup_Field : set_data 실행 종료
[2022-09-23 11:13:42.817][I][AutoBaseFunction.py(wrapper):7] Screen.Setup_Field : set_data 실행 시작
[2022-09-23 11:13:42.818][I][AutoBaseFunction.py(wrapper):8] Parameter : 
[2022-09-23 11:13:42.818][I][AutoBaseFunction.py(wrapper):14] Screen.Setup_Field : set_data 실행 종료
[2022-09-23 11:13:42.819][I][AutoBaseFunction.py(wrapper):7] Screen.Setup_Field : set_data 실행 시작
[2022-09-23 11:13:42.819][I][AutoBaseFunction.py(wrapper):8] Parameter : 
[2022-09-23 11:13:42.819][I][AutoBaseFunction.py(wrapper):14] Screen.Setup_Field : set_data 실행 종료
[2022-09-23 11:13:42.820][I][AutoBaseFunction.py(wrapper):7] Screen.Setup_Field : set_data 실행 시작
[2022-09-23 11:13:42.820][I][AutoBaseFunction.py(wrapper):8] Parameter : 
[2022-09-23 11:13:42.820][I][AutoBaseFunction.py(wrapper):14] Screen.Setup_Field : set_data 실행 종료
[2022-09-23 11:13:42.821][I][AutoBaseFunction.py(wrapper):7] Screen.Setup_Field : set_data 실행 시작
[2022-09-23 11:13:42.821][I][AutoBaseFunction.py(wrapper):8] Parameter : 
[2022-09-23 11:13:42.821][I][AutoBaseFunction.py(wrapper):14] Screen.Setup_Field : set_data 실행 종료
[2022-09-23 11:13:42.822][I][AutoBaseFunction.py(wrapper):7] Screen.Setup_Field : set_data 실행 시작
[2022-09-23 11:13:42.822][I][AutoBaseFunction.py(wrapper):8] Parameter : 
[2022-09-23 11:13:42.822][I][AutoBaseFunction.py(wrapper):14] Screen.Setup_Field : set_data 실행 종료
[2022-09-23 11:13:42.822][I][AutoBaseFunction.py(wrapper):7] Screen.Setup_Field : sl_set_slot 실행 시작
[2022-09-23 11:13:42.823][I][AutoBaseFunction.py(wrapper):8] Parameter : 
[2022-09-23 11:13:42.823][I][AutoBaseFunction.py(wrapper):14] Screen.Setup_Field : sl_set_slot 실행 종료
[2022-09-23 11:13:42.823][I][AutoBaseFunction.py(wrapper):14] Screen.Setup_Field : setupUI_Field 실행 종료
[2022-09-23 11:13:42.823][I][AutoBaseFunction.py(wrapper):7] Screen.Setup_TestList : setupUI_TestList 실행 시작
[2022-09-23 11:13:42.823][I][AutoBaseFunction.py(wrapper):8] Parameter : 
[2022-09-23 11:13:42.825][I][AutoBaseFunction.py(wrapper):7] Screen.Setup_TestList : btn_set_slot 실행 시작
[2022-09-23 11:13:42.825][I][AutoBaseFunction.py(wrapper):8] Parameter : 
[2022-09-23 11:13:42.825][I][AutoBaseFunction.py(wrapper):14] Screen.Setup_TestList : btn_set_slot 실행 종료
[2022-09-23 11:13:42.826][I][AutoBaseFunction.py(wrapper):14] Screen.Setup_TestList : setupUI_TestList 실행 종료
[2022-09-23 11:13:42.826][I][AutoBaseFunction.py(wrapper):14] __main__ : __wigets_setupUi 실행 종료
[2022-09-23 11:13:44.112][I][AutoBaseFunction.py(wrapper):7] Screen.MainWindow : update_open_menu 실행 시작
[2022-09-23 11:13:44.112][I][AutoBaseFunction.py(wrapper):8] Parameter : 
[2022-09-23 11:13:44.114][I][AutoBaseFunction.py(wrapper):14] Screen.MainWindow : update_open_menu 실행 종료
[2022-09-23 11:13:45.549][I][AutoBaseFunction.py(wrapper):7] Screen.MainWindow : show_imgList 실행 시작
[2022-09-23 11:13:45.549][I][AutoBaseFunction.py(wrapper):8] Parameter : ('한국어', 'D:/test/TestList_CSV/2022_skillup'), True
[2022-09-23 11:13:45.568][I][AutoBaseFunction.py(wrapper):7] Screen.MainWindow : qbutton_clicked 실행 시작
[2022-09-23 11:13:45.568][I][AutoBaseFunction.py(wrapper):8] Parameter : 0, <Screen.MainWindow.QPushButtonIcon object at 0x000002543C07DD38>, False
