[2022-09-22 09:24:26.129][D][LogManager.py(Init):12] LogManager Init function called !!!
[2022-09-22 09:24:26.143][I][AutoBaseFunction.py(wrapper):7] Screen.MainWindow : setupUi 실행 시작
[2022-09-22 09:24:26.143][I][AutoBaseFunction.py(wrapper):8] Parameter : 
[2022-09-22 09:24:26.160][I][AutoBaseFunction.py(wrapper):7] Screen.MainWindow : set_field 실행 시작
[2022-09-22 09:24:26.160][I][AutoBaseFunction.py(wrapper):8] Parameter : 
[2022-09-22 09:24:26.186][I][AutoBaseFunction.py(wrapper):14] Screen.MainWindow : set_field 실행 종료
[2022-09-22 09:24:26.187][I][AutoBaseFunction.py(wrapper):7] Screen.MainWindow : setWidget_func 실행 시작
[2022-09-22 09:24:26.187][I][AutoBaseFunction.py(wrapper):8] Parameter : 
[2022-09-22 09:24:26.189][I][AutoBaseFunction.py(wrapper):14] Screen.MainWindow : setWidget_func 실행 종료
[2022-09-22 09:24:26.191][I][AutoBaseFunction.py(wrapper):14] Screen.MainWindow : setupUi 실행 종료
[2022-09-22 09:24:26.196][I][AutoBaseFunction.py(wrapper):7] __main__ : __set_slot 실행 시작
[2022-09-22 09:24:26.197][I][AutoBaseFunction.py(wrapper):8] Parameter : 
[2022-09-22 09:24:26.197][I][AutoBaseFunction.py(wrapper):14] __main__ : __set_slot 실행 종료
[2022-09-22 09:24:26.197][I][AutoBaseFunction.py(wrapper):7] __main__ : __wigets_setupUi 실행 시작
[2022-09-22 09:24:26.198][I][AutoBaseFunction.py(wrapper):8] Parameter : 
[2022-09-22 09:24:26.198][I][AutoBaseFunction.py(wrapper):7] Screen.Setup_Language : setupUI_Language 실행 시작
[2022-09-22 09:24:26.199][I][AutoBaseFunction.py(wrapper):8] Parameter : 
[2022-09-22 09:24:26.199][I][AutoBaseFunction.py(wrapper):7] Screen.Setup_Language : sl_set_slot 실행 시작
[2022-09-22 09:24:26.199][I][AutoBaseFunction.py(wrapper):8] Parameter : 
[2022-09-22 09:24:26.200][I][AutoBaseFunction.py(wrapper):14] Screen.Setup_Language : sl_set_slot 실행 종료
[2022-09-22 09:24:26.200][I][AutoBaseFunction.py(wrapper):14] Screen.Setup_Language : setupUI_Language 실행 종료
[2022-09-22 09:24:26.200][I][AutoBaseFunction.py(wrapper):7] Screen.Menu_CreateExcel : setupUI_CreateExcel 실행 시작
[2022-09-22 09:24:26.201][I][AutoBaseFunction.py(wrapper):8] Parameter : 
[2022-09-22 09:24:26.202][I][AutoBaseFunction.py(wrapper):7] Screen.Menu_CreateExcel : new_excel_func 실행 시작
[2022-09-22 09:24:26.202][I][AutoBaseFunction.py(wrapper):8] Parameter : 
[2022-09-22 09:24:26.202][I][AutoBaseFunction.py(wrapper):14] Screen.Menu_CreateExcel : new_excel_func 실행 종료
[2022-09-22 09:24:26.202][I][AutoBaseFunction.py(wrapper):7] Screen.Menu_CreateExcel : set_excel_func 실행 시작
[2022-09-22 09:24:26.203][I][AutoBaseFunction.py(wrapper):8] Parameter : 
[2022-09-22 09:24:26.203][I][AutoBaseFunction.py(wrapper):14] Screen.Menu_CreateExcel : set_excel_func 실행 종료
[2022-09-22 09:24:26.203][I][AutoBaseFunction.py(wrapper):14] Screen.Menu_CreateExcel : setupUI_CreateExcel 실행 종료
[2022-09-22 09:24:26.204][I][AutoBaseFunction.py(wrapper):7] Screen.Setup_Field : setupUI_Field 실행 시작
[2022-09-22 09:24:26.204][I][AutoBaseFunction.py(wrapper):8] Parameter : 
[2022-09-22 09:24:26.204][I][AutoBaseFunction.py(wrapper):7] Screen.Setup_Field : set_data 실행 시작
[2022-09-22 09:24:26.205][I][AutoBaseFunction.py(wrapper):8] Parameter : 
[2022-09-22 09:24:26.205][I][AutoBaseFunction.py(wrapper):14] Screen.Setup_Field : set_data 실행 종료
[2022-09-22 09:24:26.439][I][AutoBaseFunction.py(wrapper):7] Screen.Setup_Field : set_data 실행 시작
[2022-09-22 09:24:26.439][I][AutoBaseFunction.py(wrapper):8] Parameter : 
[2022-09-22 09:24:26.439][I][AutoBaseFunction.py(wrapper):14] Screen.Setup_Field : set_data 실행 종료
[2022-09-22 09:24:26.440][I][AutoBaseFunction.py(wrapper):7] Screen.Setup_Field : set_data 실행 시작
[2022-09-22 09:24:26.440][I][AutoBaseFunction.py(wrapper):8] Parameter : 
[2022-09-22 09:24:26.441][I][AutoBaseFunction.py(wrapper):14] Screen.Setup_Field : set_data 실행 종료
[2022-09-22 09:24:26.442][I][AutoBaseFunction.py(wrapper):7] Screen.Setup_Field : set_data 실행 시작
[2022-09-22 09:24:26.442][I][AutoBaseFunction.py(wrapper):8] Parameter : 
[2022-09-22 09:24:26.442][I][AutoBaseFunction.py(wrapper):14] Screen.Setup_Field : set_data 실행 종료
[2022-09-22 09:24:26.443][I][AutoBaseFunction.py(wrapper):7] Screen.Setup_Field : set_data 실행 시작
[2022-09-22 09:24:26.443][I][AutoBaseFunction.py(wrapper):8] Parameter : 
[2022-09-22 09:24:26.443][I][AutoBaseFunction.py(wrapper):14] Screen.Setup_Field : set_data 실행 종료
[2022-09-22 09:24:26.444][I][AutoBaseFunction.py(wrapper):7] Screen.Setup_Field : set_data 실행 시작
[2022-09-22 09:24:26.444][I][AutoBaseFunction.py(wrapper):8] Parameter : 
[2022-09-22 09:24:26.444][I][AutoBaseFunction.py(wrapper):14] Screen.Setup_Field : set_data 실행 종료
[2022-09-22 09:24:26.445][I][AutoBaseFunction.py(wrapper):7] Screen.Setup_Field : sl_set_slot 실행 시작
[2022-09-22 09:24:26.445][I][AutoBaseFunction.py(wrapper):8] Parameter : 
[2022-09-22 09:24:26.445][I][AutoBaseFunction.py(wrapper):14] Screen.Setup_Field : sl_set_slot 실행 종료
[2022-09-22 09:24:26.445][I][AutoBaseFunction.py(wrapper):14] Screen.Setup_Field : setupUI_Field 실행 종료
[2022-09-22 09:24:26.446][I][AutoBaseFunction.py(wrapper):7] Screen.Setup_TestList : setupUI_TestList 실행 시작
[2022-09-22 09:24:26.446][I][AutoBaseFunction.py(wrapper):8] Parameter : 
[2022-09-22 09:24:26.447][I][AutoBaseFunction.py(wrapper):7] Screen.Setup_TestList : btn_set_slot 실행 시작
[2022-09-22 09:24:26.448][I][AutoBaseFunction.py(wrapper):8] Parameter : 
[2022-09-22 09:24:26.448][I][AutoBaseFunction.py(wrapper):14] Screen.Setup_TestList : btn_set_slot 실행 종료
[2022-09-22 09:24:26.448][I][AutoBaseFunction.py(wrapper):14] Screen.Setup_TestList : setupUI_TestList 실행 종료
[2022-09-22 09:24:26.449][I][AutoBaseFunction.py(wrapper):14] __main__ : __wigets_setupUi 실행 종료
[2022-09-22 09:25:06.084][I][AutoBaseFunction.py(wrapper):7] Screen.MainWindow : closeEvent 실행 시작
[2022-09-22 09:25:06.084][I][AutoBaseFunction.py(wrapper):8] Parameter : <PyQt5.QtGui.QCloseEvent object at 0x000002B1D835DA68>
