[2022-09-26 17:28:11.687][D][LogManager.py(Init):12] LogManager Init function called !!!
[2022-09-26 17:28:11.701][I][AutoBaseFunction.py(wrapper):7] Screen.MainWindow : setupUi 실행 시작
[2022-09-26 17:28:11.701][I][AutoBaseFunction.py(wrapper):8] Parameter : 
[2022-09-26 17:28:11.716][I][AutoBaseFunction.py(wrapper):7] Screen.MainWindow : set_field 실행 시작
[2022-09-26 17:28:11.717][I][AutoBaseFunction.py(wrapper):8] Parameter : 
[2022-09-26 17:28:11.742][I][AutoBaseFunction.py(wrapper):14] Screen.MainWindow : set_field 실행 종료
[2022-09-26 17:28:11.743][I][AutoBaseFunction.py(wrapper):7] Screen.MainWindow : setWidget_func 실행 시작
[2022-09-26 17:28:11.743][I][AutoBaseFunction.py(wrapper):8] Parameter : 
[2022-09-26 17:28:11.745][I][AutoBaseFunction.py(wrapper):14] Screen.MainWindow : setWidget_func 실행 종료
[2022-09-26 17:28:11.748][I][AutoBaseFunction.py(wrapper):14] Screen.MainWindow : setupUi 실행 종료
[2022-09-26 17:28:11.765][I][AutoBaseFunction.py(wrapper):7] __main__ : __set_slot 실행 시작
[2022-09-26 17:28:11.765][I][AutoBaseFunction.py(wrapper):8] Parameter : 
[2022-09-26 17:28:11.766][I][AutoBaseFunction.py(wrapper):14] __main__ : __set_slot 실행 종료
[2022-09-26 17:28:11.766][I][AutoBaseFunction.py(wrapper):7] __main__ : __wigets_setupUi 실행 시작
[2022-09-26 17:28:11.767][I][AutoBaseFunction.py(wrapper):8] Parameter : 
[2022-09-26 17:28:11.767][I][AutoBaseFunction.py(wrapper):7] Screen.Setup_Language : setupUI_Language 실행 시작
[2022-09-26 17:28:11.767][I][AutoBaseFunction.py(wrapper):8] Parameter : 
[2022-09-26 17:28:11.768][I][AutoBaseFunction.py(wrapper):7] Screen.Setup_Language : sl_set_slot 실행 시작
[2022-09-26 17:28:11.768][I][AutoBaseFunction.py(wrapper):8] Parameter : 
[2022-09-26 17:28:11.769][I][AutoBaseFunction.py(wrapper):14] Screen.Setup_Language : sl_set_slot 실행 종료
[2022-09-26 17:28:11.769][I][AutoBaseFunction.py(wrapper):14] Screen.Setup_Language : setupUI_Language 실행 종료
[2022-09-26 17:28:11.769][I][AutoBaseFunction.py(wrapper):7] Screen.Menu_CreateExcel : setupUI_CreateExcel 실행 시작
[2022-09-26 17:28:11.770][I][AutoBaseFunction.py(wrapper):8] Parameter : 
[2022-09-26 17:28:11.771][I][AutoBaseFunction.py(wrapper):7] Screen.Menu_CreateExcel : new_excel_func 실행 시작
[2022-09-26 17:28:11.772][I][AutoBaseFunction.py(wrapper):8] Parameter : 
[2022-09-26 17:28:11.772][I][AutoBaseFunction.py(wrapper):14] Screen.Menu_CreateExcel : new_excel_func 실행 종료
[2022-09-26 17:28:11.773][I][AutoBaseFunction.py(wrapper):7] Screen.Menu_CreateExcel : set_excel_func 실행 시작
[2022-09-26 17:28:11.773][I][AutoBaseFunction.py(wrapper):8] Parameter : 
[2022-09-26 17:28:11.773][I][AutoBaseFunction.py(wrapper):14] Screen.Menu_CreateExcel : set_excel_func 실행 종료
[2022-09-26 17:28:11.774][I][AutoBaseFunction.py(wrapper):14] Screen.Menu_CreateExcel : setupUI_CreateExcel 실행 종료
[2022-09-26 17:28:11.774][I][AutoBaseFunction.py(wrapper):7] Screen.Setup_Field : setupUI_Field 실행 시작
[2022-09-26 17:28:11.774][I][AutoBaseFunction.py(wrapper):8] Parameter : 
[2022-09-26 17:28:11.776][I][AutoBaseFunction.py(wrapper):7] Screen.Setup_Field : set_data 실행 시작
[2022-09-26 17:28:11.776][I][AutoBaseFunction.py(wrapper):8] Parameter : 
[2022-09-26 17:28:11.776][I][AutoBaseFunction.py(wrapper):14] Screen.Setup_Field : set_data 실행 종료
[2022-09-26 17:28:12.012][I][AutoBaseFunction.py(wrapper):7] Screen.Setup_Field : set_data 실행 시작
[2022-09-26 17:28:12.012][I][AutoBaseFunction.py(wrapper):8] Parameter : 
[2022-09-26 17:28:12.013][I][AutoBaseFunction.py(wrapper):14] Screen.Setup_Field : set_data 실행 종료
[2022-09-26 17:28:12.013][I][AutoBaseFunction.py(wrapper):7] Screen.Setup_Field : set_data 실행 시작
[2022-09-26 17:28:12.014][I][AutoBaseFunction.py(wrapper):8] Parameter : 
[2022-09-26 17:28:12.014][I][AutoBaseFunction.py(wrapper):14] Screen.Setup_Field : set_data 실행 종료
[2022-09-26 17:28:12.015][I][AutoBaseFunction.py(wrapper):7] Screen.Setup_Field : set_data 실행 시작
[2022-09-26 17:28:12.015][I][AutoBaseFunction.py(wrapper):8] Parameter : 
[2022-09-26 17:28:12.016][I][AutoBaseFunction.py(wrapper):14] Screen.Setup_Field : set_data 실행 종료
[2022-09-26 17:28:12.016][I][AutoBaseFunction.py(wrapper):7] Screen.Setup_Field : set_data 실행 시작
[2022-09-26 17:28:12.017][I][AutoBaseFunction.py(wrapper):8] Parameter : 
[2022-09-26 17:28:12.017][I][AutoBaseFunction.py(wrapper):14] Screen.Setup_Field : set_data 실행 종료
[2022-09-26 17:28:12.017][I][AutoBaseFunction.py(wrapper):7] Screen.Setup_Field : set_data 실행 시작
[2022-09-26 17:28:12.017][I][AutoBaseFunction.py(wrapper):8] Parameter : 
[2022-09-26 17:28:12.018][I][AutoBaseFunction.py(wrapper):14] Screen.Setup_Field : set_data 실행 종료
[2022-09-26 17:28:12.018][I][AutoBaseFunction.py(wrapper):7] Screen.Setup_Field : sl_set_slot 실행 시작
[2022-09-26 17:28:12.019][I][AutoBaseFunction.py(wrapper):8] Parameter : 
[2022-09-26 17:28:12.019][I][AutoBaseFunction.py(wrapper):14] Screen.Setup_Field : sl_set_slot 실행 종료
[2022-09-26 17:28:12.019][I][AutoBaseFunction.py(wrapper):14] Screen.Setup_Field : setupUI_Field 실행 종료
[2022-09-26 17:28:12.020][I][AutoBaseFunction.py(wrapper):7] Screen.Setup_TestList : setupUI_TestList 실행 시작
[2022-09-26 17:28:12.020][I][AutoBaseFunction.py(wrapper):8] Parameter : 
[2022-09-26 17:28:12.021][I][AutoBaseFunction.py(wrapper):7] Screen.Setup_TestList : btn_set_slot 실행 시작
[2022-09-26 17:28:12.021][I][AutoBaseFunction.py(wrapper):8] Parameter : 
[2022-09-26 17:28:12.022][I][AutoBaseFunction.py(wrapper):14] Screen.Setup_TestList : btn_set_slot 실행 종료
[2022-09-26 17:28:12.022][I][AutoBaseFunction.py(wrapper):14] Screen.Setup_TestList : setupUI_TestList 실행 종료
[2022-09-26 17:28:12.022][I][AutoBaseFunction.py(wrapper):14] __main__ : __wigets_setupUi 실행 종료
[2022-09-26 17:28:13.562][I][AutoBaseFunction.py(wrapper):7] __main__ : __sl_ui 실행 시작
[2022-09-26 17:28:13.562][I][AutoBaseFunction.py(wrapper):8] Parameter : False
[2022-09-26 17:28:13.563][I][AutoBaseFunction.py(wrapper):7] Screen.Setup_Language : setLang_Button 실행 시작
[2022-09-26 17:28:13.563][I][AutoBaseFunction.py(wrapper):8] Parameter : 
[2022-09-26 17:28:13.563][I][AutoBaseFunction.py(wrapper):14] Screen.Setup_Language : setLang_Button 실행 종료
[2022-09-26 17:28:13.574][I][AutoBaseFunction.py(wrapper):14] __main__ : __sl_ui 실행 종료
[2022-09-26 17:28:20.271][I][AutoBaseFunction.py(wrapper):7] Screen.Setup_Language : ok_Button_clicked 실행 시작
[2022-09-26 17:28:20.271][I][AutoBaseFunction.py(wrapper):8] Parameter : False
