[2022-09-26 17:48:51.947][D][LogManager.py(Init):12] LogManager Init function called !!!
[2022-09-26 17:48:51.962][I][AutoBaseFunction.py(wrapper):7] Screen.MainWindow : setupUi 실행 시작
[2022-09-26 17:48:51.962][I][AutoBaseFunction.py(wrapper):8] Parameter : 
[2022-09-26 17:48:52.011][I][AutoBaseFunction.py(wrapper):7] Screen.MainWindow : set_field 실행 시작
[2022-09-26 17:48:52.011][I][AutoBaseFunction.py(wrapper):8] Parameter : 
[2022-09-26 17:48:52.059][I][AutoBaseFunction.py(wrapper):14] Screen.MainWindow : set_field 실행 종료
[2022-09-26 17:48:52.060][I][AutoBaseFunction.py(wrapper):7] Screen.MainWindow : setWidget_func 실행 시작
[2022-09-26 17:48:52.060][I][AutoBaseFunction.py(wrapper):8] Parameter : 
[2022-09-26 17:48:52.062][I][AutoBaseFunction.py(wrapper):14] Screen.MainWindow : setWidget_func 실행 종료
[2022-09-26 17:48:52.064][I][AutoBaseFunction.py(wrapper):14] Screen.MainWindow : setupUi 실행 종료
[2022-09-26 17:48:52.072][I][AutoBaseFunction.py(wrapper):7] __main__ : __set_slot 실행 시작
[2022-09-26 17:48:52.072][I][AutoBaseFunction.py(wrapper):8] Parameter : 
[2022-09-26 17:48:52.072][I][AutoBaseFunction.py(wrapper):14] __main__ : __set_slot 실행 종료
[2022-09-26 17:48:52.073][I][AutoBaseFunction.py(wrapper):7] __main__ : __wigets_setupUi 실행 시작
[2022-09-26 17:48:52.073][I][AutoBaseFunction.py(wrapper):8] Parameter : 
[2022-09-26 17:48:52.073][I][AutoBaseFunction.py(wrapper):7] Screen.Setup_Language : setupUI_Language 실행 시작
[2022-09-26 17:48:52.073][I][AutoBaseFunction.py(wrapper):8] Parameter : 
[2022-09-26 17:48:52.074][I][AutoBaseFunction.py(wrapper):7] Screen.Setup_Language : sl_set_slot 실행 시작
[2022-09-26 17:48:52.074][I][AutoBaseFunction.py(wrapper):8] Parameter : 
[2022-09-26 17:48:52.074][I][AutoBaseFunction.py(wrapper):14] Screen.Setup_Language : sl_set_slot 실행 종료
[2022-09-26 17:48:52.075][I][AutoBaseFunction.py(wrapper):14] Screen.Setup_Language : setupUI_Language 실행 종료
[2022-09-26 17:48:52.075][I][AutoBaseFunction.py(wrapper):7] Screen.Menu_CreateExcel : setupUI_CreateExcel 실행 시작
[2022-09-26 17:48:52.075][I][AutoBaseFunction.py(wrapper):8] Parameter : 
[2022-09-26 17:48:52.076][I][AutoBaseFunction.py(wrapper):7] Screen.Menu_CreateExcel : new_excel_func 실행 시작
[2022-09-26 17:48:52.076][I][AutoBaseFunction.py(wrapper):8] Parameter : 
[2022-09-26 17:48:52.077][I][AutoBaseFunction.py(wrapper):14] Screen.Menu_CreateExcel : new_excel_func 실행 종료
[2022-09-26 17:48:52.077][I][AutoBaseFunction.py(wrapper):7] Screen.Menu_CreateExcel : set_excel_func 실행 시작
[2022-09-26 17:48:52.077][I][AutoBaseFunction.py(wrapper):8] Parameter : 
[2022-09-26 17:48:52.078][I][AutoBaseFunction.py(wrapper):14] Screen.Menu_CreateExcel : set_excel_func 실행 종료
[2022-09-26 17:48:52.078][I][AutoBaseFunction.py(wrapper):14] Screen.Menu_CreateExcel : setupUI_CreateExcel 실행 종료
[2022-09-26 17:48:52.078][I][AutoBaseFunction.py(wrapper):7] Screen.Setup_Field : setupUI_Field 실행 시작
[2022-09-26 17:48:52.079][I][AutoBaseFunction.py(wrapper):8] Parameter : 
[2022-09-26 17:48:52.079][I][AutoBaseFunction.py(wrapper):7] Screen.Setup_Field : set_data 실행 시작
[2022-09-26 17:48:52.079][I][AutoBaseFunction.py(wrapper):8] Parameter : 
[2022-09-26 17:48:52.080][I][AutoBaseFunction.py(wrapper):14] Screen.Setup_Field : set_data 실행 종료
[2022-09-26 17:48:52.347][I][AutoBaseFunction.py(wrapper):7] Screen.Setup_Field : set_data 실행 시작
[2022-09-26 17:48:52.347][I][AutoBaseFunction.py(wrapper):8] Parameter : 
[2022-09-26 17:48:52.348][I][AutoBaseFunction.py(wrapper):14] Screen.Setup_Field : set_data 실행 종료
[2022-09-26 17:48:52.348][I][AutoBaseFunction.py(wrapper):7] Screen.Setup_Field : set_data 실행 시작
[2022-09-26 17:48:52.348][I][AutoBaseFunction.py(wrapper):8] Parameter : 
[2022-09-26 17:48:52.349][I][AutoBaseFunction.py(wrapper):14] Screen.Setup_Field : set_data 실행 종료
[2022-09-26 17:48:52.349][I][AutoBaseFunction.py(wrapper):7] Screen.Setup_Field : set_data 실행 시작
[2022-09-26 17:48:52.349][I][AutoBaseFunction.py(wrapper):8] Parameter : 
[2022-09-26 17:48:52.350][I][AutoBaseFunction.py(wrapper):14] Screen.Setup_Field : set_data 실행 종료
[2022-09-26 17:48:52.350][I][AutoBaseFunction.py(wrapper):7] Screen.Setup_Field : set_data 실행 시작
[2022-09-26 17:48:52.350][I][AutoBaseFunction.py(wrapper):8] Parameter : 
[2022-09-26 17:48:52.351][I][AutoBaseFunction.py(wrapper):14] Screen.Setup_Field : set_data 실행 종료
[2022-09-26 17:48:52.351][I][AutoBaseFunction.py(wrapper):7] Screen.Setup_Field : set_data 실행 시작
[2022-09-26 17:48:52.351][I][AutoBaseFunction.py(wrapper):8] Parameter : 
[2022-09-26 17:48:52.352][I][AutoBaseFunction.py(wrapper):14] Screen.Setup_Field : set_data 실행 종료
[2022-09-26 17:48:52.352][I][AutoBaseFunction.py(wrapper):7] Screen.Setup_Field : sl_set_slot 실행 시작
[2022-09-26 17:48:52.352][I][AutoBaseFunction.py(wrapper):8] Parameter : 
[2022-09-26 17:48:52.352][I][AutoBaseFunction.py(wrapper):14] Screen.Setup_Field : sl_set_slot 실행 종료
[2022-09-26 17:48:52.353][I][AutoBaseFunction.py(wrapper):14] Screen.Setup_Field : setupUI_Field 실행 종료
[2022-09-26 17:48:52.353][I][AutoBaseFunction.py(wrapper):7] Screen.Setup_TestList : setupUI_TestList 실행 시작
[2022-09-26 17:48:52.353][I][AutoBaseFunction.py(wrapper):8] Parameter : 
[2022-09-26 17:48:52.354][I][AutoBaseFunction.py(wrapper):7] Screen.Setup_TestList : btn_set_slot 실행 시작
[2022-09-26 17:48:52.354][I][AutoBaseFunction.py(wrapper):8] Parameter : 
[2022-09-26 17:48:52.354][I][AutoBaseFunction.py(wrapper):14] Screen.Setup_TestList : btn_set_slot 실행 종료
[2022-09-26 17:48:52.355][I][AutoBaseFunction.py(wrapper):14] Screen.Setup_TestList : setupUI_TestList 실행 종료
[2022-09-26 17:48:52.355][I][AutoBaseFunction.py(wrapper):14] __main__ : __wigets_setupUi 실행 종료
[2022-09-26 17:48:53.833][I][AutoBaseFunction.py(wrapper):7] __main__ : __sl_ui 실행 시작
[2022-09-26 17:48:53.833][I][AutoBaseFunction.py(wrapper):8] Parameter : False
[2022-09-26 17:48:53.834][I][AutoBaseFunction.py(wrapper):7] Screen.Setup_Language : setLang_Button 실행 시작
[2022-09-26 17:48:53.834][I][AutoBaseFunction.py(wrapper):8] Parameter : 
[2022-09-26 17:48:53.834][I][AutoBaseFunction.py(wrapper):14] Screen.Setup_Language : setLang_Button 실행 종료
[2022-09-26 17:48:53.846][I][AutoBaseFunction.py(wrapper):14] __main__ : __sl_ui 실행 종료
[2022-09-26 17:49:05.167][I][AutoBaseFunction.py(wrapper):7] Screen.Setup_Language : ok_Button_clicked 실행 시작
[2022-09-26 17:49:05.168][I][AutoBaseFunction.py(wrapper):8] Parameter : False
