[2022-09-22 09:51:34.373][D][LogManager.py(Init):12] LogManager Init function called !!!
[2022-09-22 09:51:34.385][I][AutoBaseFunction.py(wrapper):7] Screen.MainWindow : setupUi 실행 시작
[2022-09-22 09:51:34.386][I][AutoBaseFunction.py(wrapper):8] Parameter : 
[2022-09-22 09:51:34.402][I][AutoBaseFunction.py(wrapper):7] Screen.MainWindow : set_field 실행 시작
[2022-09-22 09:51:34.402][I][AutoBaseFunction.py(wrapper):8] Parameter : 
[2022-09-22 09:51:34.427][I][AutoBaseFunction.py(wrapper):14] Screen.MainWindow : set_field 실행 종료
[2022-09-22 09:51:34.428][I][AutoBaseFunction.py(wrapper):7] Screen.MainWindow : setWidget_func 실행 시작
[2022-09-22 09:51:34.428][I][AutoBaseFunction.py(wrapper):8] Parameter : 
[2022-09-22 09:51:34.430][I][AutoBaseFunction.py(wrapper):14] Screen.MainWindow : setWidget_func 실행 종료
[2022-09-22 09:51:34.434][I][AutoBaseFunction.py(wrapper):14] Screen.MainWindow : setupUi 실행 종료
[2022-09-22 09:51:34.443][I][AutoBaseFunction.py(wrapper):7] __main__ : __set_slot 실행 시작
[2022-09-22 09:51:34.443][I][AutoBaseFunction.py(wrapper):8] Parameter : 
[2022-09-22 09:51:34.444][I][AutoBaseFunction.py(wrapper):14] __main__ : __set_slot 실행 종료
[2022-09-22 09:51:34.444][I][AutoBaseFunction.py(wrapper):7] __main__ : __wigets_setupUi 실행 시작
[2022-09-22 09:51:34.445][I][AutoBaseFunction.py(wrapper):8] Parameter : 
[2022-09-22 09:51:34.445][I][AutoBaseFunction.py(wrapper):7] Screen.Setup_Language : setupUI_Language 실행 시작
[2022-09-22 09:51:34.445][I][AutoBaseFunction.py(wrapper):8] Parameter : 
[2022-09-22 09:51:34.446][I][AutoBaseFunction.py(wrapper):7] Screen.Setup_Language : sl_set_slot 실행 시작
[2022-09-22 09:51:34.446][I][AutoBaseFunction.py(wrapper):8] Parameter : 
[2022-09-22 09:51:34.447][I][AutoBaseFunction.py(wrapper):14] Screen.Setup_Language : sl_set_slot 실행 종료
[2022-09-22 09:51:34.447][I][AutoBaseFunction.py(wrapper):14] Screen.Setup_Language : setupUI_Language 실행 종료
[2022-09-22 09:51:34.447][I][AutoBaseFunction.py(wrapper):7] Screen.Menu_CreateExcel : setupUI_CreateExcel 실행 시작
[2022-09-22 09:51:34.447][I][AutoBaseFunction.py(wrapper):8] Parameter : 
[2022-09-22 09:51:34.448][I][AutoBaseFunction.py(wrapper):7] Screen.Menu_CreateExcel : new_excel_func 실행 시작
[2022-09-22 09:51:34.449][I][AutoBaseFunction.py(wrapper):8] Parameter : 
[2022-09-22 09:51:34.449][I][AutoBaseFunction.py(wrapper):14] Screen.Menu_CreateExcel : new_excel_func 실행 종료
[2022-09-22 09:51:34.450][I][AutoBaseFunction.py(wrapper):7] Screen.Menu_CreateExcel : set_excel_func 실행 시작
[2022-09-22 09:51:34.450][I][AutoBaseFunction.py(wrapper):8] Parameter : 
[2022-09-22 09:51:34.450][I][AutoBaseFunction.py(wrapper):14] Screen.Menu_CreateExcel : set_excel_func 실행 종료
[2022-09-22 09:51:34.451][I][AutoBaseFunction.py(wrapper):14] Screen.Menu_CreateExcel : setupUI_CreateExcel 실행 종료
[2022-09-22 09:51:34.451][I][AutoBaseFunction.py(wrapper):7] Screen.Setup_Field : setupUI_Field 실행 시작
[2022-09-22 09:51:34.451][I][AutoBaseFunction.py(wrapper):8] Parameter : 
[2022-09-22 09:51:34.452][I][AutoBaseFunction.py(wrapper):7] Screen.Setup_Field : set_data 실행 시작
[2022-09-22 09:51:34.452][I][AutoBaseFunction.py(wrapper):8] Parameter : 
[2022-09-22 09:51:34.453][I][AutoBaseFunction.py(wrapper):14] Screen.Setup_Field : set_data 실행 종료
[2022-09-22 09:51:34.684][I][AutoBaseFunction.py(wrapper):7] Screen.Setup_Field : set_data 실행 시작
[2022-09-22 09:51:34.685][I][AutoBaseFunction.py(wrapper):8] Parameter : 
[2022-09-22 09:51:34.685][I][AutoBaseFunction.py(wrapper):14] Screen.Setup_Field : set_data 실행 종료
[2022-09-22 09:51:34.686][I][AutoBaseFunction.py(wrapper):7] Screen.Setup_Field : set_data 실행 시작
[2022-09-22 09:51:34.686][I][AutoBaseFunction.py(wrapper):8] Parameter : 
[2022-09-22 09:51:34.686][I][AutoBaseFunction.py(wrapper):14] Screen.Setup_Field : set_data 실행 종료
[2022-09-22 09:51:34.687][I][AutoBaseFunction.py(wrapper):7] Screen.Setup_Field : set_data 실행 시작
[2022-09-22 09:51:34.687][I][AutoBaseFunction.py(wrapper):8] Parameter : 
[2022-09-22 09:51:34.687][I][AutoBaseFunction.py(wrapper):14] Screen.Setup_Field : set_data 실행 종료
[2022-09-22 09:51:34.687][I][AutoBaseFunction.py(wrapper):7] Screen.Setup_Field : set_data 실행 시작
[2022-09-22 09:51:34.688][I][AutoBaseFunction.py(wrapper):8] Parameter : 
[2022-09-22 09:51:34.688][I][AutoBaseFunction.py(wrapper):14] Screen.Setup_Field : set_data 실행 종료
[2022-09-22 09:51:34.688][I][AutoBaseFunction.py(wrapper):7] Screen.Setup_Field : set_data 실행 시작
[2022-09-22 09:51:34.688][I][AutoBaseFunction.py(wrapper):8] Parameter : 
[2022-09-22 09:51:34.689][I][AutoBaseFunction.py(wrapper):14] Screen.Setup_Field : set_data 실행 종료
[2022-09-22 09:51:34.689][I][AutoBaseFunction.py(wrapper):7] Screen.Setup_Field : sl_set_slot 실행 시작
[2022-09-22 09:51:34.689][I][AutoBaseFunction.py(wrapper):8] Parameter : 
[2022-09-22 09:51:34.689][I][AutoBaseFunction.py(wrapper):14] Screen.Setup_Field : sl_set_slot 실행 종료
[2022-09-22 09:51:34.689][I][AutoBaseFunction.py(wrapper):14] Screen.Setup_Field : setupUI_Field 실행 종료
[2022-09-22 09:51:34.689][I][AutoBaseFunction.py(wrapper):7] Screen.Setup_TestList : setupUI_TestList 실행 시작
[2022-09-22 09:51:34.690][I][AutoBaseFunction.py(wrapper):8] Parameter : 
[2022-09-22 09:51:34.691][I][AutoBaseFunction.py(wrapper):7] Screen.Setup_TestList : btn_set_slot 실행 시작
[2022-09-22 09:51:34.691][I][AutoBaseFunction.py(wrapper):8] Parameter : 
[2022-09-22 09:51:34.691][I][AutoBaseFunction.py(wrapper):14] Screen.Setup_TestList : btn_set_slot 실행 종료
[2022-09-22 09:51:34.692][I][AutoBaseFunction.py(wrapper):14] Screen.Setup_TestList : setupUI_TestList 실행 종료
[2022-09-22 09:51:34.692][I][AutoBaseFunction.py(wrapper):14] __main__ : __wigets_setupUi 실행 종료
[2022-09-22 09:52:00.526][I][AutoBaseFunction.py(wrapper):7] Screen.MainWindow : allPass_clicked 실행 시작
[2022-09-22 09:52:00.527][I][AutoBaseFunction.py(wrapper):8] Parameter : False
[2022-09-22 09:52:00.527][I][AutoBaseFunction.py(wrapper):14] Screen.MainWindow : allPass_clicked 실행 종료
[2022-09-22 09:52:01.174][I][AutoBaseFunction.py(wrapper):7] Screen.MainWindow : allFail_clicked 실행 시작
[2022-09-22 09:52:01.175][I][AutoBaseFunction.py(wrapper):8] Parameter : False
[2022-09-22 09:52:01.175][I][AutoBaseFunction.py(wrapper):14] Screen.MainWindow : allFail_clicked 실행 종료
[2022-09-22 09:52:01.598][I][AutoBaseFunction.py(wrapper):7] Screen.MainWindow : allNT_clicked 실행 시작
[2022-09-22 09:52:01.598][I][AutoBaseFunction.py(wrapper):8] Parameter : False
[2022-09-22 09:52:01.599][I][AutoBaseFunction.py(wrapper):14] Screen.MainWindow : allNT_clicked 실행 종료
[2022-09-22 09:52:01.999][I][AutoBaseFunction.py(wrapper):7] Screen.MainWindow : allNA_clicked 실행 시작
[2022-09-22 09:52:01.999][I][AutoBaseFunction.py(wrapper):8] Parameter : False
[2022-09-22 09:52:02.000][I][AutoBaseFunction.py(wrapper):14] Screen.MainWindow : allNA_clicked 실행 종료
[2022-09-22 09:52:02.390][I][AutoBaseFunction.py(wrapper):7] Screen.MainWindow : allNull_clicked 실행 시작
[2022-09-22 09:52:02.391][I][AutoBaseFunction.py(wrapper):8] Parameter : False
[2022-09-22 09:52:02.391][I][AutoBaseFunction.py(wrapper):14] Screen.MainWindow : allNull_clicked 실행 종료
[2022-09-22 09:52:07.327][I][AutoBaseFunction.py(wrapper):7] Screen.MainWindow : closeEvent 실행 시작
[2022-09-22 09:52:07.328][I][AutoBaseFunction.py(wrapper):8] Parameter : <PyQt5.QtGui.QCloseEvent object at 0x0000011BC4D6EA68>
