[2022-09-26 18:44:35.307][D][LogManager.py(Init):12] LogManager Init function called !!!
[2022-09-26 18:44:35.321][I][AutoBaseFunction.py(wrapper):7] Screen.MainWindow : setupUi 실행 시작
[2022-09-26 18:44:35.321][I][AutoBaseFunction.py(wrapper):8] Parameter : 
[2022-09-26 18:44:35.338][I][AutoBaseFunction.py(wrapper):7] Screen.MainWindow : set_field 실행 시작
[2022-09-26 18:44:35.338][I][AutoBaseFunction.py(wrapper):8] Parameter : 
[2022-09-26 18:44:35.365][I][AutoBaseFunction.py(wrapper):14] Screen.MainWindow : set_field 실행 종료
[2022-09-26 18:44:35.365][I][AutoBaseFunction.py(wrapper):7] Screen.MainWindow : setWidget_func 실행 시작
[2022-09-26 18:44:35.366][I][AutoBaseFunction.py(wrapper):8] Parameter : 
[2022-09-26 18:44:35.368][I][AutoBaseFunction.py(wrapper):14] Screen.MainWindow : setWidget_func 실행 종료
[2022-09-26 18:44:35.371][I][AutoBaseFunction.py(wrapper):14] Screen.MainWindow : setupUi 실행 종료
[2022-09-26 18:44:35.376][I][AutoBaseFunction.py(wrapper):7] __main__ : __set_slot 실행 시작
[2022-09-26 18:44:35.377][I][AutoBaseFunction.py(wrapper):8] Parameter : 
[2022-09-26 18:44:35.377][I][AutoBaseFunction.py(wrapper):14] __main__ : __set_slot 실행 종료
[2022-09-26 18:44:35.377][I][AutoBaseFunction.py(wrapper):7] __main__ : __wigets_setupUi 실행 시작
[2022-09-26 18:44:35.378][I][AutoBaseFunction.py(wrapper):8] Parameter : 
[2022-09-26 18:44:35.378][I][AutoBaseFunction.py(wrapper):7] Screen.Setup_Language : setupUI_Language 실행 시작
[2022-09-26 18:44:35.378][I][AutoBaseFunction.py(wrapper):8] Parameter : 
[2022-09-26 18:44:35.379][I][AutoBaseFunction.py(wrapper):7] Screen.Setup_Language : sl_set_slot 실행 시작
[2022-09-26 18:44:35.379][I][AutoBaseFunction.py(wrapper):8] Parameter : 
[2022-09-26 18:44:35.380][I][AutoBaseFunction.py(wrapper):14] Screen.Setup_Language : sl_set_slot 실행 종료
[2022-09-26 18:44:35.380][I][AutoBaseFunction.py(wrapper):14] Screen.Setup_Language : setupUI_Language 실행 종료
[2022-09-26 18:44:35.380][I][AutoBaseFunction.py(wrapper):7] Screen.Menu_CreateExcel : setupUI_CreateExcel 실행 시작
[2022-09-26 18:44:35.380][I][AutoBaseFunction.py(wrapper):8] Parameter : 
[2022-09-26 18:44:35.381][I][AutoBaseFunction.py(wrapper):7] Screen.Menu_CreateExcel : new_excel_func 실행 시작
[2022-09-26 18:44:35.381][I][AutoBaseFunction.py(wrapper):8] Parameter : 
[2022-09-26 18:44:35.382][I][AutoBaseFunction.py(wrapper):14] Screen.Menu_CreateExcel : new_excel_func 실행 종료
[2022-09-26 18:44:35.382][I][AutoBaseFunction.py(wrapper):7] Screen.Menu_CreateExcel : set_excel_func 실행 시작
[2022-09-26 18:44:35.383][I][AutoBaseFunction.py(wrapper):8] Parameter : 
[2022-09-26 18:44:35.383][I][AutoBaseFunction.py(wrapper):14] Screen.Menu_CreateExcel : set_excel_func 실행 종료
[2022-09-26 18:44:35.384][I][AutoBaseFunction.py(wrapper):14] Screen.Menu_CreateExcel : setupUI_CreateExcel 실행 종료
[2022-09-26 18:44:35.384][I][AutoBaseFunction.py(wrapper):7] Screen.Setup_Field : setupUI_Field 실행 시작
[2022-09-26 18:44:35.384][I][AutoBaseFunction.py(wrapper):8] Parameter : 
[2022-09-26 18:44:35.385][I][AutoBaseFunction.py(wrapper):7] Screen.Setup_Field : set_data 실행 시작
[2022-09-26 18:44:35.385][I][AutoBaseFunction.py(wrapper):8] Parameter : 
[2022-09-26 18:44:35.385][I][AutoBaseFunction.py(wrapper):14] Screen.Setup_Field : set_data 실행 종료
[2022-09-26 18:44:35.635][I][AutoBaseFunction.py(wrapper):7] Screen.Setup_Field : set_data 실행 시작
[2022-09-26 18:44:35.635][I][AutoBaseFunction.py(wrapper):8] Parameter : 
[2022-09-26 18:44:35.635][I][AutoBaseFunction.py(wrapper):14] Screen.Setup_Field : set_data 실행 종료
[2022-09-26 18:44:35.636][I][AutoBaseFunction.py(wrapper):7] Screen.Setup_Field : set_data 실행 시작
[2022-09-26 18:44:35.636][I][AutoBaseFunction.py(wrapper):8] Parameter : 
[2022-09-26 18:44:35.636][I][AutoBaseFunction.py(wrapper):14] Screen.Setup_Field : set_data 실행 종료
[2022-09-26 18:44:35.637][I][AutoBaseFunction.py(wrapper):7] Screen.Setup_Field : set_data 실행 시작
[2022-09-26 18:44:35.637][I][AutoBaseFunction.py(wrapper):8] Parameter : 
[2022-09-26 18:44:35.637][I][AutoBaseFunction.py(wrapper):14] Screen.Setup_Field : set_data 실행 종료
[2022-09-26 18:44:35.638][I][AutoBaseFunction.py(wrapper):7] Screen.Setup_Field : set_data 실행 시작
[2022-09-26 18:44:35.638][I][AutoBaseFunction.py(wrapper):8] Parameter : 
[2022-09-26 18:44:35.638][I][AutoBaseFunction.py(wrapper):14] Screen.Setup_Field : set_data 실행 종료
[2022-09-26 18:44:35.638][I][AutoBaseFunction.py(wrapper):7] Screen.Setup_Field : set_data 실행 시작
[2022-09-26 18:44:35.639][I][AutoBaseFunction.py(wrapper):8] Parameter : 
[2022-09-26 18:44:35.639][I][AutoBaseFunction.py(wrapper):14] Screen.Setup_Field : set_data 실행 종료
[2022-09-26 18:44:35.639][I][AutoBaseFunction.py(wrapper):7] Screen.Setup_Field : sl_set_slot 실행 시작
[2022-09-26 18:44:35.639][I][AutoBaseFunction.py(wrapper):8] Parameter : 
[2022-09-26 18:44:35.640][I][AutoBaseFunction.py(wrapper):14] Screen.Setup_Field : sl_set_slot 실행 종료
[2022-09-26 18:44:35.640][I][AutoBaseFunction.py(wrapper):14] Screen.Setup_Field : setupUI_Field 실행 종료
[2022-09-26 18:44:35.640][I][AutoBaseFunction.py(wrapper):7] Screen.Setup_TestList : setupUI_TestList 실행 시작
[2022-09-26 18:44:35.640][I][AutoBaseFunction.py(wrapper):8] Parameter : 
[2022-09-26 18:44:35.641][I][AutoBaseFunction.py(wrapper):7] Screen.Setup_TestList : btn_set_slot 실행 시작
[2022-09-26 18:44:35.641][I][AutoBaseFunction.py(wrapper):8] Parameter : 
[2022-09-26 18:44:35.642][I][AutoBaseFunction.py(wrapper):14] Screen.Setup_TestList : btn_set_slot 실행 종료
[2022-09-26 18:44:35.642][I][AutoBaseFunction.py(wrapper):14] Screen.Setup_TestList : setupUI_TestList 실행 종료
[2022-09-26 18:44:35.642][I][AutoBaseFunction.py(wrapper):14] __main__ : __wigets_setupUi 실행 종료
[2022-09-26 18:44:36.301][I][AutoBaseFunction.py(wrapper):7] Screen.MainWindow : update_open_menu 실행 시작
[2022-09-26 18:44:36.302][I][AutoBaseFunction.py(wrapper):8] Parameter : 
[2022-09-26 18:44:36.303][I][AutoBaseFunction.py(wrapper):14] Screen.MainWindow : update_open_menu 실행 종료
[2022-09-26 18:44:37.603][I][AutoBaseFunction.py(wrapper):7] __main__ : __sl_ui 실행 시작
[2022-09-26 18:44:37.603][I][AutoBaseFunction.py(wrapper):8] Parameter : False
[2022-09-26 18:44:37.604][I][AutoBaseFunction.py(wrapper):7] Screen.Setup_Language : setLang_Button 실행 시작
[2022-09-26 18:44:37.604][I][AutoBaseFunction.py(wrapper):8] Parameter : 
