[2022-09-26 16:03:40.518][D][LogManager.py(Init):12] LogManager Init function called !!!
[2022-09-26 16:03:40.537][I][AutoBaseFunction.py(wrapper):7] Screen.MainWindow : setupUi 실행 시작
[2022-09-26 16:03:40.542][I][AutoBaseFunction.py(wrapper):8] Parameter : 
[2022-09-26 16:03:40.571][I][AutoBaseFunction.py(wrapper):7] Screen.MainWindow : set_field 실행 시작
[2022-09-26 16:03:40.571][I][AutoBaseFunction.py(wrapper):8] Parameter : 
[2022-09-26 16:03:40.598][I][AutoBaseFunction.py(wrapper):14] Screen.MainWindow : set_field 실행 종료
[2022-09-26 16:03:40.599][I][AutoBaseFunction.py(wrapper):7] Screen.MainWindow : setWidget_func 실행 시작
[2022-09-26 16:03:40.599][I][AutoBaseFunction.py(wrapper):8] Parameter : 
[2022-09-26 16:03:40.619][I][AutoBaseFunction.py(wrapper):14] Screen.MainWindow : setWidget_func 실행 종료
[2022-09-26 16:03:40.621][I][AutoBaseFunction.py(wrapper):14] Screen.MainWindow : setupUi 실행 종료
[2022-09-26 16:03:40.637][I][AutoBaseFunction.py(wrapper):7] __main__ : __set_slot 실행 시작
[2022-09-26 16:03:40.637][I][AutoBaseFunction.py(wrapper):8] Parameter : 
[2022-09-26 16:03:40.637][I][AutoBaseFunction.py(wrapper):14] __main__ : __set_slot 실행 종료
[2022-09-26 16:03:40.638][I][AutoBaseFunction.py(wrapper):7] __main__ : __wigets_setupUi 실행 시작
[2022-09-26 16:03:40.638][I][AutoBaseFunction.py(wrapper):8] Parameter : 
[2022-09-26 16:03:40.638][I][AutoBaseFunction.py(wrapper):7] Screen.Setup_Language : setupUI_Language 실행 시작
[2022-09-26 16:03:40.638][I][AutoBaseFunction.py(wrapper):8] Parameter : 
[2022-09-26 16:03:40.639][I][AutoBaseFunction.py(wrapper):7] Screen.Setup_Language : sl_set_slot 실행 시작
[2022-09-26 16:03:40.639][I][AutoBaseFunction.py(wrapper):8] Parameter : 
[2022-09-26 16:03:40.640][I][AutoBaseFunction.py(wrapper):14] Screen.Setup_Language : sl_set_slot 실행 종료
[2022-09-26 16:03:40.640][I][AutoBaseFunction.py(wrapper):14] Screen.Setup_Language : setupUI_Language 실행 종료
[2022-09-26 16:03:40.640][I][AutoBaseFunction.py(wrapper):7] Screen.Menu_CreateExcel : setupUI_CreateExcel 실행 시작
[2022-09-26 16:03:40.641][I][AutoBaseFunction.py(wrapper):8] Parameter : 
[2022-09-26 16:03:40.642][I][AutoBaseFunction.py(wrapper):7] Screen.Menu_CreateExcel : new_excel_func 실행 시작
[2022-09-26 16:03:40.642][I][AutoBaseFunction.py(wrapper):8] Parameter : 
[2022-09-26 16:03:40.642][I][AutoBaseFunction.py(wrapper):14] Screen.Menu_CreateExcel : new_excel_func 실행 종료
[2022-09-26 16:03:40.642][I][AutoBaseFunction.py(wrapper):7] Screen.Menu_CreateExcel : set_excel_func 실행 시작
[2022-09-26 16:03:40.643][I][AutoBaseFunction.py(wrapper):8] Parameter : 
[2022-09-26 16:03:40.643][I][AutoBaseFunction.py(wrapper):14] Screen.Menu_CreateExcel : set_excel_func 실행 종료
[2022-09-26 16:03:40.644][I][AutoBaseFunction.py(wrapper):14] Screen.Menu_CreateExcel : setupUI_CreateExcel 실행 종료
[2022-09-26 16:03:40.644][I][AutoBaseFunction.py(wrapper):7] Screen.Setup_Field : setupUI_Field 실행 시작
[2022-09-26 16:03:40.644][I][AutoBaseFunction.py(wrapper):8] Parameter : 
[2022-09-26 16:03:40.645][I][AutoBaseFunction.py(wrapper):7] Screen.Setup_Field : set_data 실행 시작
[2022-09-26 16:03:40.646][I][AutoBaseFunction.py(wrapper):8] Parameter : 
[2022-09-26 16:03:40.646][I][AutoBaseFunction.py(wrapper):14] Screen.Setup_Field : set_data 실행 종료
[2022-09-26 16:03:40.918][I][AutoBaseFunction.py(wrapper):7] Screen.Setup_Field : set_data 실행 시작
[2022-09-26 16:03:40.918][I][AutoBaseFunction.py(wrapper):8] Parameter : 
[2022-09-26 16:03:40.918][I][AutoBaseFunction.py(wrapper):14] Screen.Setup_Field : set_data 실행 종료
[2022-09-26 16:03:40.919][I][AutoBaseFunction.py(wrapper):7] Screen.Setup_Field : set_data 실행 시작
[2022-09-26 16:03:40.919][I][AutoBaseFunction.py(wrapper):8] Parameter : 
[2022-09-26 16:03:40.919][I][AutoBaseFunction.py(wrapper):14] Screen.Setup_Field : set_data 실행 종료
[2022-09-26 16:03:40.920][I][AutoBaseFunction.py(wrapper):7] Screen.Setup_Field : set_data 실행 시작
[2022-09-26 16:03:40.920][I][AutoBaseFunction.py(wrapper):8] Parameter : 
[2022-09-26 16:03:40.920][I][AutoBaseFunction.py(wrapper):14] Screen.Setup_Field : set_data 실행 종료
[2022-09-26 16:03:40.921][I][AutoBaseFunction.py(wrapper):7] Screen.Setup_Field : set_data 실행 시작
[2022-09-26 16:03:40.921][I][AutoBaseFunction.py(wrapper):8] Parameter : 
[2022-09-26 16:03:40.921][I][AutoBaseFunction.py(wrapper):14] Screen.Setup_Field : set_data 실행 종료
[2022-09-26 16:03:40.922][I][AutoBaseFunction.py(wrapper):7] Screen.Setup_Field : set_data 실행 시작
[2022-09-26 16:03:40.922][I][AutoBaseFunction.py(wrapper):8] Parameter : 
[2022-09-26 16:03:40.922][I][AutoBaseFunction.py(wrapper):14] Screen.Setup_Field : set_data 실행 종료
[2022-09-26 16:03:40.923][I][AutoBaseFunction.py(wrapper):7] Screen.Setup_Field : sl_set_slot 실행 시작
[2022-09-26 16:03:40.923][I][AutoBaseFunction.py(wrapper):8] Parameter : 
[2022-09-26 16:03:40.923][I][AutoBaseFunction.py(wrapper):14] Screen.Setup_Field : sl_set_slot 실행 종료
[2022-09-26 16:03:40.924][I][AutoBaseFunction.py(wrapper):14] Screen.Setup_Field : setupUI_Field 실행 종료
[2022-09-26 16:03:40.924][I][AutoBaseFunction.py(wrapper):7] Screen.Setup_TestList : setupUI_TestList 실행 시작
[2022-09-26 16:03:40.924][I][AutoBaseFunction.py(wrapper):8] Parameter : 
[2022-09-26 16:03:40.925][I][AutoBaseFunction.py(wrapper):7] Screen.Setup_TestList : btn_set_slot 실행 시작
[2022-09-26 16:03:40.926][I][AutoBaseFunction.py(wrapper):8] Parameter : 
[2022-09-26 16:03:40.926][I][AutoBaseFunction.py(wrapper):14] Screen.Setup_TestList : btn_set_slot 실행 종료
[2022-09-26 16:03:40.926][I][AutoBaseFunction.py(wrapper):14] Screen.Setup_TestList : setupUI_TestList 실행 종료
[2022-09-26 16:03:40.927][I][AutoBaseFunction.py(wrapper):14] __main__ : __wigets_setupUi 실행 종료
[2022-09-26 16:03:42.064][I][AutoBaseFunction.py(wrapper):7] Screen.MainWindow : update_open_menu 실행 시작
[2022-09-26 16:03:42.064][I][AutoBaseFunction.py(wrapper):8] Parameter : 
[2022-09-26 16:03:42.067][I][AutoBaseFunction.py(wrapper):14] Screen.MainWindow : update_open_menu 실행 종료
[2022-09-26 16:03:42.725][I][AutoBaseFunction.py(wrapper):7] __main__ : __ce_ui 실행 시작
[2022-09-26 16:03:42.726][I][AutoBaseFunction.py(wrapper):8] Parameter : False
[2022-09-26 16:03:42.747][I][AutoBaseFunction.py(wrapper):14] __main__ : __ce_ui 실행 종료
[2022-09-26 16:03:43.971][I][AutoBaseFunction.py(wrapper):7] Screen.Menu_CreateExcel : func_set_excel_groupBox 실행 시작
[2022-09-26 16:03:43.972][I][AutoBaseFunction.py(wrapper):8] Parameter : 
