[2022-09-26 17:25:20.678][D][LogManager.py(Init):12] LogManager Init function called !!!
[2022-09-26 17:25:20.692][I][AutoBaseFunction.py(wrapper):7] Screen.MainWindow : setupUi 실행 시작
[2022-09-26 17:25:20.692][I][AutoBaseFunction.py(wrapper):8] Parameter : 
[2022-09-26 17:25:20.708][I][AutoBaseFunction.py(wrapper):7] Screen.MainWindow : set_field 실행 시작
[2022-09-26 17:25:20.709][I][AutoBaseFunction.py(wrapper):8] Parameter : 
[2022-09-26 17:25:20.742][I][AutoBaseFunction.py(wrapper):14] Screen.MainWindow : set_field 실행 종료
[2022-09-26 17:25:20.743][I][AutoBaseFunction.py(wrapper):7] Screen.MainWindow : setWidget_func 실행 시작
[2022-09-26 17:25:20.743][I][AutoBaseFunction.py(wrapper):8] Parameter : 
[2022-09-26 17:25:20.745][I][AutoBaseFunction.py(wrapper):14] Screen.MainWindow : setWidget_func 실행 종료
[2022-09-26 17:25:20.748][I][AutoBaseFunction.py(wrapper):14] Screen.MainWindow : setupUi 실행 종료
[2022-09-26 17:25:20.763][I][AutoBaseFunction.py(wrapper):7] __main__ : __set_slot 실행 시작
[2022-09-26 17:25:20.763][I][AutoBaseFunction.py(wrapper):8] Parameter : 
[2022-09-26 17:25:20.764][I][AutoBaseFunction.py(wrapper):14] __main__ : __set_slot 실행 종료
[2022-09-26 17:25:20.764][I][AutoBaseFunction.py(wrapper):7] __main__ : __wigets_setupUi 실행 시작
[2022-09-26 17:25:20.764][I][AutoBaseFunction.py(wrapper):8] Parameter : 
[2022-09-26 17:25:20.765][I][AutoBaseFunction.py(wrapper):7] Screen.Setup_Language : setupUI_Language 실행 시작
[2022-09-26 17:25:20.765][I][AutoBaseFunction.py(wrapper):8] Parameter : 
[2022-09-26 17:25:20.766][I][AutoBaseFunction.py(wrapper):7] Screen.Setup_Language : sl_set_slot 실행 시작
[2022-09-26 17:25:20.766][I][AutoBaseFunction.py(wrapper):8] Parameter : 
[2022-09-26 17:25:20.766][I][AutoBaseFunction.py(wrapper):14] Screen.Setup_Language : sl_set_slot 실행 종료
[2022-09-26 17:25:20.767][I][AutoBaseFunction.py(wrapper):14] Screen.Setup_Language : setupUI_Language 실행 종료
[2022-09-26 17:25:20.767][I][AutoBaseFunction.py(wrapper):7] Screen.Menu_CreateExcel : setupUI_CreateExcel 실행 시작
[2022-09-26 17:25:20.767][I][AutoBaseFunction.py(wrapper):8] Parameter : 
[2022-09-26 17:25:20.768][I][AutoBaseFunction.py(wrapper):7] Screen.Menu_CreateExcel : new_excel_func 실행 시작
[2022-09-26 17:25:20.768][I][AutoBaseFunction.py(wrapper):8] Parameter : 
[2022-09-26 17:25:20.769][I][AutoBaseFunction.py(wrapper):14] Screen.Menu_CreateExcel : new_excel_func 실행 종료
[2022-09-26 17:25:20.769][I][AutoBaseFunction.py(wrapper):7] Screen.Menu_CreateExcel : set_excel_func 실행 시작
[2022-09-26 17:25:20.769][I][AutoBaseFunction.py(wrapper):8] Parameter : 
[2022-09-26 17:25:20.770][I][AutoBaseFunction.py(wrapper):14] Screen.Menu_CreateExcel : set_excel_func 실행 종료
[2022-09-26 17:25:20.770][I][AutoBaseFunction.py(wrapper):14] Screen.Menu_CreateExcel : setupUI_CreateExcel 실행 종료
[2022-09-26 17:25:20.771][I][AutoBaseFunction.py(wrapper):7] Screen.Setup_Field : setupUI_Field 실행 시작
[2022-09-26 17:25:20.771][I][AutoBaseFunction.py(wrapper):8] Parameter : 
[2022-09-26 17:25:20.772][I][AutoBaseFunction.py(wrapper):7] Screen.Setup_Field : set_data 실행 시작
[2022-09-26 17:25:20.772][I][AutoBaseFunction.py(wrapper):8] Parameter : 
[2022-09-26 17:25:20.773][I][AutoBaseFunction.py(wrapper):14] Screen.Setup_Field : set_data 실행 종료
[2022-09-26 17:25:21.005][I][AutoBaseFunction.py(wrapper):7] Screen.Setup_Field : set_data 실행 시작
[2022-09-26 17:25:21.006][I][AutoBaseFunction.py(wrapper):8] Parameter : 
[2022-09-26 17:25:21.006][I][AutoBaseFunction.py(wrapper):14] Screen.Setup_Field : set_data 실행 종료
[2022-09-26 17:25:21.007][I][AutoBaseFunction.py(wrapper):7] Screen.Setup_Field : set_data 실행 시작
[2022-09-26 17:25:21.007][I][AutoBaseFunction.py(wrapper):8] Parameter : 
[2022-09-26 17:25:21.007][I][AutoBaseFunction.py(wrapper):14] Screen.Setup_Field : set_data 실행 종료
[2022-09-26 17:25:21.008][I][AutoBaseFunction.py(wrapper):7] Screen.Setup_Field : set_data 실행 시작
[2022-09-26 17:25:21.008][I][AutoBaseFunction.py(wrapper):8] Parameter : 
[2022-09-26 17:25:21.008][I][AutoBaseFunction.py(wrapper):14] Screen.Setup_Field : set_data 실행 종료
[2022-09-26 17:25:21.009][I][AutoBaseFunction.py(wrapper):7] Screen.Setup_Field : set_data 실행 시작
[2022-09-26 17:25:21.009][I][AutoBaseFunction.py(wrapper):8] Parameter : 
[2022-09-26 17:25:21.009][I][AutoBaseFunction.py(wrapper):14] Screen.Setup_Field : set_data 실행 종료
[2022-09-26 17:25:21.010][I][AutoBaseFunction.py(wrapper):7] Screen.Setup_Field : set_data 실행 시작
[2022-09-26 17:25:21.010][I][AutoBaseFunction.py(wrapper):8] Parameter : 
[2022-09-26 17:25:21.011][I][AutoBaseFunction.py(wrapper):14] Screen.Setup_Field : set_data 실행 종료
[2022-09-26 17:25:21.011][I][AutoBaseFunction.py(wrapper):7] Screen.Setup_Field : sl_set_slot 실행 시작
[2022-09-26 17:25:21.011][I][AutoBaseFunction.py(wrapper):8] Parameter : 
[2022-09-26 17:25:21.012][I][AutoBaseFunction.py(wrapper):14] Screen.Setup_Field : sl_set_slot 실행 종료
[2022-09-26 17:25:21.012][I][AutoBaseFunction.py(wrapper):14] Screen.Setup_Field : setupUI_Field 실행 종료
[2022-09-26 17:25:21.012][I][AutoBaseFunction.py(wrapper):7] Screen.Setup_TestList : setupUI_TestList 실행 시작
[2022-09-26 17:25:21.012][I][AutoBaseFunction.py(wrapper):8] Parameter : 
[2022-09-26 17:25:21.014][I][AutoBaseFunction.py(wrapper):7] Screen.Setup_TestList : btn_set_slot 실행 시작
[2022-09-26 17:25:21.014][I][AutoBaseFunction.py(wrapper):8] Parameter : 
[2022-09-26 17:25:21.015][I][AutoBaseFunction.py(wrapper):14] Screen.Setup_TestList : btn_set_slot 실행 종료
[2022-09-26 17:25:21.015][I][AutoBaseFunction.py(wrapper):14] Screen.Setup_TestList : setupUI_TestList 실행 종료
[2022-09-26 17:25:21.015][I][AutoBaseFunction.py(wrapper):14] __main__ : __wigets_setupUi 실행 종료
[2022-09-26 17:25:26.062][I][AutoBaseFunction.py(wrapper):7] Screen.MainWindow : update_open_menu 실행 시작
[2022-09-26 17:25:26.062][I][AutoBaseFunction.py(wrapper):8] Parameter : 
[2022-09-26 17:25:26.064][I][AutoBaseFunction.py(wrapper):14] Screen.MainWindow : update_open_menu 실행 종료
[2022-09-26 17:25:27.267][I][AutoBaseFunction.py(wrapper):7] __main__ : __sf_ui 실행 시작
[2022-09-26 17:25:27.267][I][AutoBaseFunction.py(wrapper):8] Parameter : False
[2022-09-26 17:25:27.279][I][AutoBaseFunction.py(wrapper):14] __main__ : __sf_ui 실행 종료
[2022-09-26 17:25:27.890][I][AutoBaseFunction.py(wrapper):7] Screen.Setup_Field : keyPressEvent 실행 시작
[2022-09-26 17:25:27.891][I][AutoBaseFunction.py(wrapper):8] Parameter : <PyQt5.QtGui.QKeyEvent object at 0x000001D71D07A4C8>
[2022-09-26 17:25:27.891][I][AutoBaseFunction.py(wrapper):7] Screen.Setup_Field : ok_Button_clicked 실행 시작
[2022-09-26 17:25:27.891][I][AutoBaseFunction.py(wrapper):8] Parameter : 
