[2022-10-04 18:28:05.389][D][LogManager.py(Init):12] LogManager Init function called !!!
[2022-10-04 18:28:05.421][I][AutoBaseFunction.py(wrapper):10] Screen.MainWindow : setupUi 실행 시작
[2022-10-04 18:28:05.421][I][AutoBaseFunction.py(wrapper):11] Parameter : 
[2022-10-04 18:28:05.426][I][AutoBaseFunction.py(wrapper):10] Screen.MainWindow : set_field 실행 시작
[2022-10-04 18:28:05.426][I][AutoBaseFunction.py(wrapper):11] Parameter : 
[2022-10-04 18:28:05.459][I][AutoBaseFunction.py(wrapper):17] Screen.MainWindow : set_field 실행 종료
[2022-10-04 18:28:05.460][I][AutoBaseFunction.py(wrapper):10] Screen.MainWindow : setWidget_func 실행 시작
[2022-10-04 18:28:05.460][I][AutoBaseFunction.py(wrapper):11] Parameter : 
[2022-10-04 18:28:05.462][I][AutoBaseFunction.py(wrapper):17] Screen.MainWindow : setWidget_func 실행 종료
[2022-10-04 18:28:05.465][I][AutoBaseFunction.py(wrapper):17] Screen.MainWindow : setupUi 실행 종료
[2022-10-04 18:28:05.478][I][AutoBaseFunction.py(wrapper):10] __main__ : __set_slot 실행 시작
[2022-10-04 18:28:05.478][I][AutoBaseFunction.py(wrapper):11] Parameter : 
[2022-10-04 18:28:05.479][I][AutoBaseFunction.py(wrapper):17] __main__ : __set_slot 실행 종료
[2022-10-04 18:28:05.479][I][AutoBaseFunction.py(wrapper):10] __main__ : __wigets_setupUi 실행 시작
[2022-10-04 18:28:05.479][I][AutoBaseFunction.py(wrapper):11] Parameter : 
[2022-10-04 18:28:05.480][I][AutoBaseFunction.py(wrapper):10] Screen.Setup_Language : setupUI_Language 실행 시작
[2022-10-04 18:28:05.480][I][AutoBaseFunction.py(wrapper):11] Parameter : 
[2022-10-04 18:28:05.481][I][AutoBaseFunction.py(wrapper):10] Screen.Setup_Language : sl_set_slot 실행 시작
[2022-10-04 18:28:05.481][I][AutoBaseFunction.py(wrapper):11] Parameter : 
[2022-10-04 18:28:05.482][I][AutoBaseFunction.py(wrapper):17] Screen.Setup_Language : sl_set_slot 실행 종료
[2022-10-04 18:28:05.482][I][AutoBaseFunction.py(wrapper):17] Screen.Setup_Language : setupUI_Language 실행 종료
[2022-10-04 18:28:05.482][I][AutoBaseFunction.py(wrapper):10] Screen.Menu_CreateExcel : setupUI_CreateExcel 실행 시작
[2022-10-04 18:28:05.483][I][AutoBaseFunction.py(wrapper):11] Parameter : 
[2022-10-04 18:28:05.484][I][AutoBaseFunction.py(wrapper):10] Screen.Menu_CreateExcel : new_excel_func 실행 시작
[2022-10-04 18:28:05.485][I][AutoBaseFunction.py(wrapper):11] Parameter : 
[2022-10-04 18:28:05.485][I][AutoBaseFunction.py(wrapper):17] Screen.Menu_CreateExcel : new_excel_func 실행 종료
[2022-10-04 18:28:05.486][I][AutoBaseFunction.py(wrapper):10] Screen.Menu_CreateExcel : set_excel_func 실행 시작
[2022-10-04 18:28:05.486][I][AutoBaseFunction.py(wrapper):11] Parameter : 
[2022-10-04 18:28:05.486][I][AutoBaseFunction.py(wrapper):17] Screen.Menu_CreateExcel : set_excel_func 실행 종료
[2022-10-04 18:28:05.487][I][AutoBaseFunction.py(wrapper):17] Screen.Menu_CreateExcel : setupUI_CreateExcel 실행 종료
[2022-10-04 18:28:05.487][I][AutoBaseFunction.py(wrapper):10] Screen.Setup_Field : setupUI_Field 실행 시작
[2022-10-04 18:28:05.487][I][AutoBaseFunction.py(wrapper):11] Parameter : 
[2022-10-04 18:28:05.489][I][AutoBaseFunction.py(wrapper):10] Screen.Setup_Field : set_data 실행 시작
[2022-10-04 18:28:05.489][I][AutoBaseFunction.py(wrapper):11] Parameter : 
[2022-10-04 18:28:05.489][I][AutoBaseFunction.py(wrapper):17] Screen.Setup_Field : set_data 실행 종료
[2022-10-04 18:28:05.736][I][AutoBaseFunction.py(wrapper):10] Screen.Setup_Field : set_data 실행 시작
[2022-10-04 18:28:05.736][I][AutoBaseFunction.py(wrapper):11] Parameter : 
[2022-10-04 18:28:05.736][I][AutoBaseFunction.py(wrapper):17] Screen.Setup_Field : set_data 실행 종료
[2022-10-04 18:28:05.737][I][AutoBaseFunction.py(wrapper):10] Screen.Setup_Field : set_data 실행 시작
[2022-10-04 18:28:05.737][I][AutoBaseFunction.py(wrapper):11] Parameter : 
[2022-10-04 18:28:05.738][I][AutoBaseFunction.py(wrapper):17] Screen.Setup_Field : set_data 실행 종료
[2022-10-04 18:28:05.738][I][AutoBaseFunction.py(wrapper):10] Screen.Setup_Field : set_data 실행 시작
[2022-10-04 18:28:05.738][I][AutoBaseFunction.py(wrapper):11] Parameter : 
[2022-10-04 18:28:05.739][I][AutoBaseFunction.py(wrapper):17] Screen.Setup_Field : set_data 실행 종료
[2022-10-04 18:28:05.739][I][AutoBaseFunction.py(wrapper):10] Screen.Setup_Field : set_data 실행 시작
[2022-10-04 18:28:05.739][I][AutoBaseFunction.py(wrapper):11] Parameter : 
[2022-10-04 18:28:05.739][I][AutoBaseFunction.py(wrapper):17] Screen.Setup_Field : set_data 실행 종료
[2022-10-04 18:28:05.740][I][AutoBaseFunction.py(wrapper):10] Screen.Setup_Field : set_data 실행 시작
[2022-10-04 18:28:05.740][I][AutoBaseFunction.py(wrapper):11] Parameter : 
[2022-10-04 18:28:05.740][I][AutoBaseFunction.py(wrapper):17] Screen.Setup_Field : set_data 실행 종료
[2022-10-04 18:28:05.741][I][AutoBaseFunction.py(wrapper):10] Screen.Setup_Field : sl_set_slot 실행 시작
[2022-10-04 18:28:05.741][I][AutoBaseFunction.py(wrapper):11] Parameter : 
[2022-10-04 18:28:05.741][I][AutoBaseFunction.py(wrapper):17] Screen.Setup_Field : sl_set_slot 실행 종료
[2022-10-04 18:28:05.741][I][AutoBaseFunction.py(wrapper):17] Screen.Setup_Field : setupUI_Field 실행 종료
[2022-10-04 18:28:05.742][I][AutoBaseFunction.py(wrapper):10] Screen.Setup_TestList : setupUI_TestList 실행 시작
[2022-10-04 18:28:05.742][I][AutoBaseFunction.py(wrapper):11] Parameter : 
[2022-10-04 18:28:05.743][I][AutoBaseFunction.py(wrapper):10] Screen.Setup_TestList : btn_set_slot 실행 시작
[2022-10-04 18:28:05.743][I][AutoBaseFunction.py(wrapper):11] Parameter : 
[2022-10-04 18:28:05.744][I][AutoBaseFunction.py(wrapper):17] Screen.Setup_TestList : btn_set_slot 실행 종료
[2022-10-04 18:28:05.744][I][AutoBaseFunction.py(wrapper):17] Screen.Setup_TestList : setupUI_TestList 실행 종료
[2022-10-04 18:28:05.744][I][AutoBaseFunction.py(wrapper):17] __main__ : __wigets_setupUi 실행 종료
[2022-10-04 18:28:06.553][I][AutoBaseFunction.py(wrapper):10] Screen.MainWindow : update_open_menu 실행 시작
[2022-10-04 18:28:06.554][I][AutoBaseFunction.py(wrapper):11] Parameter : 
[2022-10-04 18:28:06.557][I][AutoBaseFunction.py(wrapper):17] Screen.MainWindow : update_open_menu 실행 종료
