[2022-09-23 09:54:01.554][D][LogManager.py(Init):12] LogManager Init function called !!!
[2022-09-23 09:54:01.567][I][AutoBaseFunction.py(wrapper):7] Screen.MainWindow : setupUi 실행 시작
[2022-09-23 09:54:01.567][I][AutoBaseFunction.py(wrapper):8] Parameter : 
[2022-09-23 09:54:01.584][I][AutoBaseFunction.py(wrapper):7] Screen.MainWindow : set_field 실행 시작
[2022-09-23 09:54:01.585][I][AutoBaseFunction.py(wrapper):8] Parameter : 
[2022-09-23 09:54:01.611][I][AutoBaseFunction.py(wrapper):14] Screen.MainWindow : set_field 실행 종료
[2022-09-23 09:54:01.611][I][AutoBaseFunction.py(wrapper):7] Screen.MainWindow : setWidget_func 실행 시작
[2022-09-23 09:54:01.611][I][AutoBaseFunction.py(wrapper):8] Parameter : 
[2022-09-23 09:54:01.613][I][AutoBaseFunction.py(wrapper):14] Screen.MainWindow : setWidget_func 실행 종료
[2022-09-23 09:54:01.615][I][AutoBaseFunction.py(wrapper):14] Screen.MainWindow : setupUi 실행 종료
[2022-09-23 09:54:01.620][I][AutoBaseFunction.py(wrapper):7] __main__ : __set_slot 실행 시작
[2022-09-23 09:54:01.620][I][AutoBaseFunction.py(wrapper):8] Parameter : 
[2022-09-23 09:54:01.621][I][AutoBaseFunction.py(wrapper):14] __main__ : __set_slot 실행 종료
[2022-09-23 09:54:01.621][I][AutoBaseFunction.py(wrapper):7] __main__ : __wigets_setupUi 실행 시작
[2022-09-23 09:54:01.621][I][AutoBaseFunction.py(wrapper):8] Parameter : 
[2022-09-23 09:54:01.621][I][AutoBaseFunction.py(wrapper):7] Screen.Setup_Language : setupUI_Language 실행 시작
[2022-09-23 09:54:01.622][I][AutoBaseFunction.py(wrapper):8] Parameter : 
[2022-09-23 09:54:01.622][I][AutoBaseFunction.py(wrapper):7] Screen.Setup_Language : sl_set_slot 실행 시작
[2022-09-23 09:54:01.622][I][AutoBaseFunction.py(wrapper):8] Parameter : 
[2022-09-23 09:54:01.623][I][AutoBaseFunction.py(wrapper):14] Screen.Setup_Language : sl_set_slot 실행 종료
[2022-09-23 09:54:01.623][I][AutoBaseFunction.py(wrapper):14] Screen.Setup_Language : setupUI_Language 실행 종료
[2022-09-23 09:54:01.623][I][AutoBaseFunction.py(wrapper):7] Screen.Menu_CreateExcel : setupUI_CreateExcel 실행 시작
[2022-09-23 09:54:01.623][I][AutoBaseFunction.py(wrapper):8] Parameter : 
[2022-09-23 09:54:01.624][I][AutoBaseFunction.py(wrapper):7] Screen.Menu_CreateExcel : new_excel_func 실행 시작
[2022-09-23 09:54:01.625][I][AutoBaseFunction.py(wrapper):8] Parameter : 
[2022-09-23 09:54:01.625][I][AutoBaseFunction.py(wrapper):14] Screen.Menu_CreateExcel : new_excel_func 실행 종료
[2022-09-23 09:54:01.625][I][AutoBaseFunction.py(wrapper):7] Screen.Menu_CreateExcel : set_excel_func 실행 시작
[2022-09-23 09:54:01.626][I][AutoBaseFunction.py(wrapper):8] Parameter : 
[2022-09-23 09:54:01.626][I][AutoBaseFunction.py(wrapper):14] Screen.Menu_CreateExcel : set_excel_func 실행 종료
[2022-09-23 09:54:01.626][I][AutoBaseFunction.py(wrapper):14] Screen.Menu_CreateExcel : setupUI_CreateExcel 실행 종료
[2022-09-23 09:54:01.627][I][AutoBaseFunction.py(wrapper):7] Screen.Setup_Field : setupUI_Field 실행 시작
[2022-09-23 09:54:01.627][I][AutoBaseFunction.py(wrapper):8] Parameter : 
[2022-09-23 09:54:01.628][I][AutoBaseFunction.py(wrapper):7] Screen.Setup_Field : set_data 실행 시작
[2022-09-23 09:54:01.628][I][AutoBaseFunction.py(wrapper):8] Parameter : 
[2022-09-23 09:54:01.628][I][AutoBaseFunction.py(wrapper):14] Screen.Setup_Field : set_data 실행 종료
[2022-09-23 09:54:01.877][I][AutoBaseFunction.py(wrapper):7] Screen.Setup_Field : set_data 실행 시작
[2022-09-23 09:54:01.878][I][AutoBaseFunction.py(wrapper):8] Parameter : 
[2022-09-23 09:54:01.878][I][AutoBaseFunction.py(wrapper):14] Screen.Setup_Field : set_data 실행 종료
[2022-09-23 09:54:01.879][I][AutoBaseFunction.py(wrapper):7] Screen.Setup_Field : set_data 실행 시작
[2022-09-23 09:54:01.879][I][AutoBaseFunction.py(wrapper):8] Parameter : 
[2022-09-23 09:54:01.879][I][AutoBaseFunction.py(wrapper):14] Screen.Setup_Field : set_data 실행 종료
[2022-09-23 09:54:01.879][I][AutoBaseFunction.py(wrapper):7] Screen.Setup_Field : set_data 실행 시작
[2022-09-23 09:54:01.880][I][AutoBaseFunction.py(wrapper):8] Parameter : 
[2022-09-23 09:54:01.880][I][AutoBaseFunction.py(wrapper):14] Screen.Setup_Field : set_data 실행 종료
[2022-09-23 09:54:01.880][I][AutoBaseFunction.py(wrapper):7] Screen.Setup_Field : set_data 실행 시작
[2022-09-23 09:54:01.880][I][AutoBaseFunction.py(wrapper):8] Parameter : 
[2022-09-23 09:54:01.881][I][AutoBaseFunction.py(wrapper):14] Screen.Setup_Field : set_data 실행 종료
[2022-09-23 09:54:01.881][I][AutoBaseFunction.py(wrapper):7] Screen.Setup_Field : set_data 실행 시작
[2022-09-23 09:54:01.881][I][AutoBaseFunction.py(wrapper):8] Parameter : 
[2022-09-23 09:54:01.882][I][AutoBaseFunction.py(wrapper):14] Screen.Setup_Field : set_data 실행 종료
[2022-09-23 09:54:01.882][I][AutoBaseFunction.py(wrapper):7] Screen.Setup_Field : sl_set_slot 실행 시작
[2022-09-23 09:54:01.882][I][AutoBaseFunction.py(wrapper):8] Parameter : 
[2022-09-23 09:54:01.883][I][AutoBaseFunction.py(wrapper):14] Screen.Setup_Field : sl_set_slot 실행 종료
[2022-09-23 09:54:01.883][I][AutoBaseFunction.py(wrapper):14] Screen.Setup_Field : setupUI_Field 실행 종료
[2022-09-23 09:54:01.883][I][AutoBaseFunction.py(wrapper):7] Screen.Setup_TestList : setupUI_TestList 실행 시작
[2022-09-23 09:54:01.883][I][AutoBaseFunction.py(wrapper):8] Parameter : 
[2022-09-23 09:54:01.885][I][AutoBaseFunction.py(wrapper):7] Screen.Setup_TestList : btn_set_slot 실행 시작
[2022-09-23 09:54:01.885][I][AutoBaseFunction.py(wrapper):8] Parameter : 
[2022-09-23 09:54:01.885][I][AutoBaseFunction.py(wrapper):14] Screen.Setup_TestList : btn_set_slot 실행 종료
[2022-09-23 09:54:01.886][I][AutoBaseFunction.py(wrapper):14] Screen.Setup_TestList : setupUI_TestList 실행 종료
[2022-09-23 09:54:01.886][I][AutoBaseFunction.py(wrapper):14] __main__ : __wigets_setupUi 실행 종료
[2022-09-23 09:54:03.065][I][AutoBaseFunction.py(wrapper):7] Screen.MainWindow : update_open_menu 실행 시작
[2022-09-23 09:54:03.066][I][AutoBaseFunction.py(wrapper):8] Parameter : 
[2022-09-23 09:54:03.067][I][AutoBaseFunction.py(wrapper):14] Screen.MainWindow : update_open_menu 실행 종료
[2022-09-23 09:54:09.183][I][AutoBaseFunction.py(wrapper):7] Screen.MainWindow : closeEvent 실행 시작
[2022-09-23 09:54:09.184][I][AutoBaseFunction.py(wrapper):8] Parameter : <PyQt5.QtGui.QCloseEvent object at 0x00000259E201A9D8>
