[2022-09-23 11:12:42.587][D][LogManager.py(Init):12] LogManager Init function called !!!
[2022-09-23 11:12:42.600][I][AutoBaseFunction.py(wrapper):7] Screen.MainWindow : setupUi 실행 시작
[2022-09-23 11:12:42.600][I][AutoBaseFunction.py(wrapper):8] Parameter : 
[2022-09-23 11:12:42.618][I][AutoBaseFunction.py(wrapper):7] Screen.MainWindow : set_field 실행 시작
[2022-09-23 11:12:42.618][I][AutoBaseFunction.py(wrapper):8] Parameter : 
[2022-09-23 11:12:42.648][I][AutoBaseFunction.py(wrapper):14] Screen.MainWindow : set_field 실행 종료
[2022-09-23 11:12:42.649][I][AutoBaseFunction.py(wrapper):7] Screen.MainWindow : setWidget_func 실행 시작
[2022-09-23 11:12:42.649][I][AutoBaseFunction.py(wrapper):8] Parameter : 
[2022-09-23 11:12:42.651][I][AutoBaseFunction.py(wrapper):14] Screen.MainWindow : setWidget_func 실행 종료
[2022-09-23 11:12:42.653][I][AutoBaseFunction.py(wrapper):14] Screen.MainWindow : setupUi 실행 종료
[2022-09-23 11:12:42.659][I][AutoBaseFunction.py(wrapper):7] __main__ : __set_slot 실행 시작
[2022-09-23 11:12:42.659][I][AutoBaseFunction.py(wrapper):8] Parameter : 
[2022-09-23 11:12:42.660][I][AutoBaseFunction.py(wrapper):14] __main__ : __set_slot 실행 종료
[2022-09-23 11:12:42.660][I][AutoBaseFunction.py(wrapper):7] __main__ : __wigets_setupUi 실행 시작
[2022-09-23 11:12:42.660][I][AutoBaseFunction.py(wrapper):8] Parameter : 
[2022-09-23 11:12:42.660][I][AutoBaseFunction.py(wrapper):7] Screen.Setup_Language : setupUI_Language 실행 시작
[2022-09-23 11:12:42.661][I][AutoBaseFunction.py(wrapper):8] Parameter : 
[2022-09-23 11:12:42.661][I][AutoBaseFunction.py(wrapper):7] Screen.Setup_Language : sl_set_slot 실행 시작
[2022-09-23 11:12:42.662][I][AutoBaseFunction.py(wrapper):8] Parameter : 
[2022-09-23 11:12:42.662][I][AutoBaseFunction.py(wrapper):14] Screen.Setup_Language : sl_set_slot 실행 종료
[2022-09-23 11:12:42.662][I][AutoBaseFunction.py(wrapper):14] Screen.Setup_Language : setupUI_Language 실행 종료
[2022-09-23 11:12:42.662][I][AutoBaseFunction.py(wrapper):7] Screen.Menu_CreateExcel : setupUI_CreateExcel 실행 시작
[2022-09-23 11:12:42.663][I][AutoBaseFunction.py(wrapper):8] Parameter : 
[2022-09-23 11:12:42.664][I][AutoBaseFunction.py(wrapper):7] Screen.Menu_CreateExcel : new_excel_func 실행 시작
[2022-09-23 11:12:42.664][I][AutoBaseFunction.py(wrapper):8] Parameter : 
[2022-09-23 11:12:42.664][I][AutoBaseFunction.py(wrapper):14] Screen.Menu_CreateExcel : new_excel_func 실행 종료
[2022-09-23 11:12:42.664][I][AutoBaseFunction.py(wrapper):7] Screen.Menu_CreateExcel : set_excel_func 실행 시작
[2022-09-23 11:12:42.665][I][AutoBaseFunction.py(wrapper):8] Parameter : 
[2022-09-23 11:12:42.665][I][AutoBaseFunction.py(wrapper):14] Screen.Menu_CreateExcel : set_excel_func 실행 종료
[2022-09-23 11:12:42.665][I][AutoBaseFunction.py(wrapper):14] Screen.Menu_CreateExcel : setupUI_CreateExcel 실행 종료
[2022-09-23 11:12:42.665][I][AutoBaseFunction.py(wrapper):7] Screen.Setup_Field : setupUI_Field 실행 시작
[2022-09-23 11:12:42.666][I][AutoBaseFunction.py(wrapper):8] Parameter : 
[2022-09-23 11:12:42.667][I][AutoBaseFunction.py(wrapper):7] Screen.Setup_Field : set_data 실행 시작
[2022-09-23 11:12:42.667][I][AutoBaseFunction.py(wrapper):8] Parameter : 
[2022-09-23 11:12:42.667][I][AutoBaseFunction.py(wrapper):14] Screen.Setup_Field : set_data 실행 종료
[2022-09-23 11:12:42.946][I][AutoBaseFunction.py(wrapper):7] Screen.Setup_Field : set_data 실행 시작
[2022-09-23 11:12:42.946][I][AutoBaseFunction.py(wrapper):8] Parameter : 
[2022-09-23 11:12:42.947][I][AutoBaseFunction.py(wrapper):14] Screen.Setup_Field : set_data 실행 종료
[2022-09-23 11:12:42.948][I][AutoBaseFunction.py(wrapper):7] Screen.Setup_Field : set_data 실행 시작
[2022-09-23 11:12:42.948][I][AutoBaseFunction.py(wrapper):8] Parameter : 
[2022-09-23 11:12:42.948][I][AutoBaseFunction.py(wrapper):14] Screen.Setup_Field : set_data 실행 종료
[2022-09-23 11:12:42.949][I][AutoBaseFunction.py(wrapper):7] Screen.Setup_Field : set_data 실행 시작
[2022-09-23 11:12:42.949][I][AutoBaseFunction.py(wrapper):8] Parameter : 
[2022-09-23 11:12:42.949][I][AutoBaseFunction.py(wrapper):14] Screen.Setup_Field : set_data 실행 종료
[2022-09-23 11:12:42.950][I][AutoBaseFunction.py(wrapper):7] Screen.Setup_Field : set_data 실행 시작
[2022-09-23 11:12:42.950][I][AutoBaseFunction.py(wrapper):8] Parameter : 
[2022-09-23 11:12:42.951][I][AutoBaseFunction.py(wrapper):14] Screen.Setup_Field : set_data 실행 종료
[2022-09-23 11:12:42.951][I][AutoBaseFunction.py(wrapper):7] Screen.Setup_Field : set_data 실행 시작
[2022-09-23 11:12:42.951][I][AutoBaseFunction.py(wrapper):8] Parameter : 
[2022-09-23 11:12:42.951][I][AutoBaseFunction.py(wrapper):14] Screen.Setup_Field : set_data 실행 종료
[2022-09-23 11:12:42.952][I][AutoBaseFunction.py(wrapper):7] Screen.Setup_Field : sl_set_slot 실행 시작
[2022-09-23 11:12:42.952][I][AutoBaseFunction.py(wrapper):8] Parameter : 
[2022-09-23 11:12:42.952][I][AutoBaseFunction.py(wrapper):14] Screen.Setup_Field : sl_set_slot 실행 종료
[2022-09-23 11:12:42.953][I][AutoBaseFunction.py(wrapper):14] Screen.Setup_Field : setupUI_Field 실행 종료
[2022-09-23 11:12:42.953][I][AutoBaseFunction.py(wrapper):7] Screen.Setup_TestList : setupUI_TestList 실행 시작
[2022-09-23 11:12:42.953][I][AutoBaseFunction.py(wrapper):8] Parameter : 
[2022-09-23 11:12:42.954][I][AutoBaseFunction.py(wrapper):7] Screen.Setup_TestList : btn_set_slot 실행 시작
[2022-09-23 11:12:42.954][I][AutoBaseFunction.py(wrapper):8] Parameter : 
[2022-09-23 11:12:42.955][I][AutoBaseFunction.py(wrapper):14] Screen.Setup_TestList : btn_set_slot 실행 종료
[2022-09-23 11:12:42.955][I][AutoBaseFunction.py(wrapper):14] Screen.Setup_TestList : setupUI_TestList 실행 종료
[2022-09-23 11:12:42.955][I][AutoBaseFunction.py(wrapper):14] __main__ : __wigets_setupUi 실행 종료
[2022-09-23 11:12:48.827][I][AutoBaseFunction.py(wrapper):7] Screen.MainWindow : closeEvent 실행 시작
[2022-09-23 11:12:48.827][I][AutoBaseFunction.py(wrapper):8] Parameter : <PyQt5.QtGui.QCloseEvent object at 0x000002CDFA5E1CA8>
