[2022-09-26 16:05:13.578][D][LogManager.py(Init):12] LogManager Init function called !!!
[2022-09-26 16:05:13.591][I][AutoBaseFunction.py(wrapper):7] Screen.MainWindow : setupUi 실행 시작
[2022-09-26 16:05:13.592][I][AutoBaseFunction.py(wrapper):8] Parameter : 
[2022-09-26 16:05:13.607][I][AutoBaseFunction.py(wrapper):7] Screen.MainWindow : set_field 실행 시작
[2022-09-26 16:05:13.608][I][AutoBaseFunction.py(wrapper):8] Parameter : 
[2022-09-26 16:05:13.634][I][AutoBaseFunction.py(wrapper):14] Screen.MainWindow : set_field 실행 종료
[2022-09-26 16:05:13.635][I][AutoBaseFunction.py(wrapper):7] Screen.MainWindow : setWidget_func 실행 시작
[2022-09-26 16:05:13.635][I][AutoBaseFunction.py(wrapper):8] Parameter : 
[2022-09-26 16:05:13.637][I][AutoBaseFunction.py(wrapper):14] Screen.MainWindow : setWidget_func 실행 종료
[2022-09-26 16:05:13.640][I][AutoBaseFunction.py(wrapper):14] Screen.MainWindow : setupUi 실행 종료
[2022-09-26 16:05:13.652][I][AutoBaseFunction.py(wrapper):7] __main__ : __set_slot 실행 시작
[2022-09-26 16:05:13.653][I][AutoBaseFunction.py(wrapper):8] Parameter : 
[2022-09-26 16:05:13.653][I][AutoBaseFunction.py(wrapper):14] __main__ : __set_slot 실행 종료
[2022-09-26 16:05:13.654][I][AutoBaseFunction.py(wrapper):7] __main__ : __wigets_setupUi 실행 시작
[2022-09-26 16:05:13.654][I][AutoBaseFunction.py(wrapper):8] Parameter : 
[2022-09-26 16:05:13.654][I][AutoBaseFunction.py(wrapper):7] Screen.Setup_Language : setupUI_Language 실행 시작
[2022-09-26 16:05:13.655][I][AutoBaseFunction.py(wrapper):8] Parameter : 
[2022-09-26 16:05:13.655][I][AutoBaseFunction.py(wrapper):7] Screen.Setup_Language : sl_set_slot 실행 시작
[2022-09-26 16:05:13.656][I][AutoBaseFunction.py(wrapper):8] Parameter : 
[2022-09-26 16:05:13.656][I][AutoBaseFunction.py(wrapper):14] Screen.Setup_Language : sl_set_slot 실행 종료
[2022-09-26 16:05:13.656][I][AutoBaseFunction.py(wrapper):14] Screen.Setup_Language : setupUI_Language 실행 종료
[2022-09-26 16:05:13.657][I][AutoBaseFunction.py(wrapper):7] Screen.Menu_CreateExcel : setupUI_CreateExcel 실행 시작
[2022-09-26 16:05:13.657][I][AutoBaseFunction.py(wrapper):8] Parameter : 
[2022-09-26 16:05:13.658][I][AutoBaseFunction.py(wrapper):7] Screen.Menu_CreateExcel : new_excel_func 실행 시작
[2022-09-26 16:05:13.658][I][AutoBaseFunction.py(wrapper):8] Parameter : 
[2022-09-26 16:05:13.659][I][AutoBaseFunction.py(wrapper):14] Screen.Menu_CreateExcel : new_excel_func 실행 종료
[2022-09-26 16:05:13.659][I][AutoBaseFunction.py(wrapper):7] Screen.Menu_CreateExcel : set_excel_func 실행 시작
[2022-09-26 16:05:13.660][I][AutoBaseFunction.py(wrapper):8] Parameter : 
[2022-09-26 16:05:13.660][I][AutoBaseFunction.py(wrapper):14] Screen.Menu_CreateExcel : set_excel_func 실행 종료
[2022-09-26 16:05:13.661][I][AutoBaseFunction.py(wrapper):14] Screen.Menu_CreateExcel : setupUI_CreateExcel 실행 종료
[2022-09-26 16:05:13.661][I][AutoBaseFunction.py(wrapper):7] Screen.Setup_Field : setupUI_Field 실행 시작
[2022-09-26 16:05:13.662][I][AutoBaseFunction.py(wrapper):8] Parameter : 
[2022-09-26 16:05:13.663][I][AutoBaseFunction.py(wrapper):7] Screen.Setup_Field : set_data 실행 시작
[2022-09-26 16:05:13.663][I][AutoBaseFunction.py(wrapper):8] Parameter : 
[2022-09-26 16:05:13.664][I][AutoBaseFunction.py(wrapper):14] Screen.Setup_Field : set_data 실행 종료
[2022-09-26 16:05:13.909][I][AutoBaseFunction.py(wrapper):7] Screen.Setup_Field : set_data 실행 시작
[2022-09-26 16:05:13.909][I][AutoBaseFunction.py(wrapper):8] Parameter : 
[2022-09-26 16:05:13.910][I][AutoBaseFunction.py(wrapper):14] Screen.Setup_Field : set_data 실행 종료
[2022-09-26 16:05:13.910][I][AutoBaseFunction.py(wrapper):7] Screen.Setup_Field : set_data 실행 시작
[2022-09-26 16:05:13.910][I][AutoBaseFunction.py(wrapper):8] Parameter : 
[2022-09-26 16:05:13.911][I][AutoBaseFunction.py(wrapper):14] Screen.Setup_Field : set_data 실행 종료
[2022-09-26 16:05:13.911][I][AutoBaseFunction.py(wrapper):7] Screen.Setup_Field : set_data 실행 시작
[2022-09-26 16:05:13.911][I][AutoBaseFunction.py(wrapper):8] Parameter : 
[2022-09-26 16:05:13.912][I][AutoBaseFunction.py(wrapper):14] Screen.Setup_Field : set_data 실행 종료
[2022-09-26 16:05:13.912][I][AutoBaseFunction.py(wrapper):7] Screen.Setup_Field : set_data 실행 시작
[2022-09-26 16:05:13.912][I][AutoBaseFunction.py(wrapper):8] Parameter : 
[2022-09-26 16:05:13.912][I][AutoBaseFunction.py(wrapper):14] Screen.Setup_Field : set_data 실행 종료
[2022-09-26 16:05:13.913][I][AutoBaseFunction.py(wrapper):7] Screen.Setup_Field : set_data 실행 시작
[2022-09-26 16:05:13.913][I][AutoBaseFunction.py(wrapper):8] Parameter : 
[2022-09-26 16:05:13.913][I][AutoBaseFunction.py(wrapper):14] Screen.Setup_Field : set_data 실행 종료
[2022-09-26 16:05:13.913][I][AutoBaseFunction.py(wrapper):7] Screen.Setup_Field : sl_set_slot 실행 시작
[2022-09-26 16:05:13.914][I][AutoBaseFunction.py(wrapper):8] Parameter : 
[2022-09-26 16:05:13.914][I][AutoBaseFunction.py(wrapper):14] Screen.Setup_Field : sl_set_slot 실행 종료
[2022-09-26 16:05:13.914][I][AutoBaseFunction.py(wrapper):14] Screen.Setup_Field : setupUI_Field 실행 종료
[2022-09-26 16:05:13.914][I][AutoBaseFunction.py(wrapper):7] Screen.Setup_TestList : setupUI_TestList 실행 시작
[2022-09-26 16:05:13.914][I][AutoBaseFunction.py(wrapper):8] Parameter : 
[2022-09-26 16:05:13.915][I][AutoBaseFunction.py(wrapper):7] Screen.Setup_TestList : btn_set_slot 실행 시작
[2022-09-26 16:05:13.916][I][AutoBaseFunction.py(wrapper):8] Parameter : 
[2022-09-26 16:05:13.916][I][AutoBaseFunction.py(wrapper):14] Screen.Setup_TestList : btn_set_slot 실행 종료
[2022-09-26 16:05:13.916][I][AutoBaseFunction.py(wrapper):14] Screen.Setup_TestList : setupUI_TestList 실행 종료
[2022-09-26 16:05:13.916][I][AutoBaseFunction.py(wrapper):14] __main__ : __wigets_setupUi 실행 종료
[2022-09-26 16:05:14.881][I][AutoBaseFunction.py(wrapper):7] Screen.MainWindow : update_open_menu 실행 시작
[2022-09-26 16:05:14.881][I][AutoBaseFunction.py(wrapper):8] Parameter : 
[2022-09-26 16:05:14.884][I][AutoBaseFunction.py(wrapper):14] Screen.MainWindow : update_open_menu 실행 종료
[2022-09-26 16:05:15.628][I][AutoBaseFunction.py(wrapper):7] __main__ : __ce_ui 실행 시작
[2022-09-26 16:05:15.628][I][AutoBaseFunction.py(wrapper):8] Parameter : False
[2022-09-26 16:05:15.651][I][AutoBaseFunction.py(wrapper):14] __main__ : __ce_ui 실행 종료
[2022-09-26 16:05:16.515][I][AutoBaseFunction.py(wrapper):7] Screen.Menu_CreateExcel : func_set_excel_groupBox 실행 시작
[2022-09-26 16:05:16.515][I][AutoBaseFunction.py(wrapper):8] Parameter : 
[2022-09-26 16:05:16.515][I][AutoBaseFunction.py(wrapper):14] Screen.Menu_CreateExcel : func_set_excel_groupBox 실행 종료
[2022-09-26 16:05:17.324][I][AutoBaseFunction.py(wrapper):7] Screen.Menu_CreateExcel : langList_toolButton_clicked 실행 시작
[2022-09-26 16:05:17.325][I][AutoBaseFunction.py(wrapper):8] Parameter : <PyQt5.QtWidgets.QLineEdit object at 0x00000162DDAB0DC8>, False
[2022-09-26 16:05:21.050][I][AutoBaseFunction.py(wrapper):14] Screen.Menu_CreateExcel : langList_toolButton_clicked 실행 종료
[2022-09-26 16:07:19.675][I][AutoBaseFunction.py(wrapper):7] Screen.MainWindow : update_open_menu 실행 시작
[2022-09-26 16:07:19.676][I][AutoBaseFunction.py(wrapper):8] Parameter : 
[2022-09-26 16:07:19.678][I][AutoBaseFunction.py(wrapper):14] Screen.MainWindow : update_open_menu 실행 종료
[2022-09-26 16:07:22.901][I][AutoBaseFunction.py(wrapper):7] __main__ : __ce_ui 실행 시작
[2022-09-26 16:07:22.901][I][AutoBaseFunction.py(wrapper):8] Parameter : False
[2022-09-26 16:07:22.911][I][AutoBaseFunction.py(wrapper):14] __main__ : __ce_ui 실행 종료
[2022-09-26 16:07:24.250][I][AutoBaseFunction.py(wrapper):7] Screen.Menu_CreateExcel : func_new_excel_groupBox 실행 시작
[2022-09-26 16:07:24.250][I][AutoBaseFunction.py(wrapper):8] Parameter : 
[2022-09-26 16:07:24.250][I][AutoBaseFunction.py(wrapper):14] Screen.Menu_CreateExcel : func_new_excel_groupBox 실행 종료
[2022-09-26 16:07:26.066][I][AutoBaseFunction.py(wrapper):7] Screen.Menu_CreateExcel : folder_toolButton_clicked 실행 시작
[2022-09-26 16:07:26.066][I][AutoBaseFunction.py(wrapper):8] Parameter : <PyQt5.QtWidgets.QLineEdit object at 0x00000162DDAA9168>, False
[2022-09-26 16:07:29.079][I][AutoBaseFunction.py(wrapper):14] Screen.Menu_CreateExcel : folder_toolButton_clicked 실행 종료
[2022-09-26 16:07:31.962][I][AutoBaseFunction.py(wrapper):7] Screen.Menu_CreateExcel : func_check 실행 시작
[2022-09-26 16:07:31.963][I][AutoBaseFunction.py(wrapper):8] Parameter : False
[2022-09-26 16:07:31.996][I][AutoBaseFunction.py(wrapper):14] Screen.Menu_CreateExcel : func_check 실행 종료
[2022-09-26 16:08:18.501][I][AutoBaseFunction.py(wrapper):7] Screen.MainWindow : update_open_menu 실행 시작
[2022-09-26 16:08:18.501][I][AutoBaseFunction.py(wrapper):8] Parameter : 
[2022-09-26 16:08:18.504][I][AutoBaseFunction.py(wrapper):14] Screen.MainWindow : update_open_menu 실행 종료
[2022-09-26 16:08:19.435][I][AutoBaseFunction.py(wrapper):7] Screen.MainWindow : show_imgList 실행 시작
[2022-09-26 16:08:19.437][I][AutoBaseFunction.py(wrapper):8] Parameter : ('한국어', 'D:/test/TestList_CSV/2022_skillup'), True, True
[2022-09-26 16:08:19.453][I][AutoBaseFunction.py(wrapper):7] Screen.MainWindow : qbutton_clicked 실행 시작
[2022-09-26 16:08:19.453][I][AutoBaseFunction.py(wrapper):8] Parameter : None, 0, <Screen.MainWindow.QPushButtonIcon object at 0x00000162DDB980D8>, False
[2022-09-26 16:08:19.466][I][AutoBaseFunction.py(wrapper):14] Screen.MainWindow : qbutton_clicked 실행 종료
[2022-09-26 16:08:19.467][I][AutoBaseFunction.py(wrapper):14] Screen.MainWindow : show_imgList 실행 종료
[2022-09-26 16:08:21.217][I][AutoBaseFunction.py(wrapper):7] Screen.MainWindow : allPass_clicked 실행 시작
[2022-09-26 16:08:21.218][I][AutoBaseFunction.py(wrapper):8] Parameter : False
[2022-09-26 16:08:21.218][I][AutoBaseFunction.py(wrapper):14] Screen.MainWindow : allPass_clicked 실행 종료
[2022-09-26 16:08:23.201][I][AutoBaseFunction.py(wrapper):7] Screen.MainWindow : qbutton_clicked 실행 시작
[2022-09-26 16:08:23.202][I][AutoBaseFunction.py(wrapper):8] Parameter : None, 1, <Screen.MainWindow.QPushButtonIcon object at 0x00000162DDB98B88>, False
[2022-09-26 16:08:23.205][I][AutoBaseFunction.py(wrapper):14] Screen.MainWindow : qbutton_clicked 실행 종료
[2022-09-26 16:08:24.105][I][AutoBaseFunction.py(wrapper):7] Screen.MainWindow : allFail_clicked 실행 시작
[2022-09-26 16:08:24.106][I][AutoBaseFunction.py(wrapper):8] Parameter : False
[2022-09-26 16:08:24.106][I][AutoBaseFunction.py(wrapper):14] Screen.MainWindow : allFail_clicked 실행 종료
[2022-09-26 16:08:24.786][I][AutoBaseFunction.py(wrapper):7] Screen.MainWindow : qbutton_clicked 실행 시작
[2022-09-26 16:08:24.786][I][AutoBaseFunction.py(wrapper):8] Parameter : None, 2, <Screen.MainWindow.QPushButtonIcon object at 0x00000162DDB9E438>, False
[2022-09-26 16:08:24.788][I][AutoBaseFunction.py(wrapper):14] Screen.MainWindow : qbutton_clicked 실행 종료
[2022-09-26 16:08:25.906][I][AutoBaseFunction.py(wrapper):7] Screen.MainWindow : allNT_clicked 실행 시작
[2022-09-26 16:08:25.906][I][AutoBaseFunction.py(wrapper):8] Parameter : False
[2022-09-26 16:08:25.906][I][AutoBaseFunction.py(wrapper):14] Screen.MainWindow : allNT_clicked 실행 종료
[2022-09-26 16:08:26.753][I][AutoBaseFunction.py(wrapper):7] Screen.MainWindow : qbutton_clicked 실행 시작
[2022-09-26 16:08:26.753][I][AutoBaseFunction.py(wrapper):8] Parameter : None, 3, <Screen.MainWindow.QPushButtonIcon object at 0x00000162DDB9EC18>, False
[2022-09-26 16:08:26.757][I][AutoBaseFunction.py(wrapper):14] Screen.MainWindow : qbutton_clicked 실행 종료
[2022-09-26 16:08:27.569][I][AutoBaseFunction.py(wrapper):7] Screen.MainWindow : allNA_clicked 실행 시작
[2022-09-26 16:08:27.571][I][AutoBaseFunction.py(wrapper):8] Parameter : False
[2022-09-26 16:08:27.571][I][AutoBaseFunction.py(wrapper):14] Screen.MainWindow : allNA_clicked 실행 종료
[2022-09-26 16:08:28.273][I][AutoBaseFunction.py(wrapper):7] Screen.MainWindow : qbutton_clicked 실행 시작
[2022-09-26 16:08:28.273][I][AutoBaseFunction.py(wrapper):8] Parameter : None, 4, <Screen.MainWindow.QPushButtonIcon object at 0x00000162DDB9EEE8>, False
[2022-09-26 16:08:28.276][I][AutoBaseFunction.py(wrapper):14] Screen.MainWindow : qbutton_clicked 실행 종료
[2022-09-26 16:08:29.474][I][AutoBaseFunction.py(wrapper):7] Screen.MainWindow : allNull_clicked 실행 시작
[2022-09-26 16:08:29.474][I][AutoBaseFunction.py(wrapper):8] Parameter : False
[2022-09-26 16:08:29.474][I][AutoBaseFunction.py(wrapper):14] Screen.MainWindow : allNull_clicked 실행 종료
[2022-09-26 16:08:30.545][I][AutoBaseFunction.py(wrapper):7] Screen.MainWindow : qbutton_clicked 실행 시작
[2022-09-26 16:08:30.546][I][AutoBaseFunction.py(wrapper):8] Parameter : None, 5, <Screen.MainWindow.QPushButtonIcon object at 0x00000162DDBA8678>, False
[2022-09-26 16:08:30.548][I][AutoBaseFunction.py(wrapper):14] Screen.MainWindow : qbutton_clicked 실행 종료
[2022-09-26 16:08:31.802][I][AutoBaseFunction.py(wrapper):7] Screen.MainWindow : allFail_clicked 실행 시작
[2022-09-26 16:08:31.802][I][AutoBaseFunction.py(wrapper):8] Parameter : False
[2022-09-26 16:08:31.802][I][AutoBaseFunction.py(wrapper):14] Screen.MainWindow : allFail_clicked 실행 종료
[2022-09-26 16:08:32.642][I][AutoBaseFunction.py(wrapper):7] Screen.MainWindow : qbutton_clicked 실행 시작
[2022-09-26 16:08:32.642][I][AutoBaseFunction.py(wrapper):8] Parameter : None, 4, <Screen.MainWindow.QPushButtonIcon object at 0x00000162DDB9EEE8>, False
[2022-09-26 16:08:32.645][I][AutoBaseFunction.py(wrapper):14] Screen.MainWindow : qbutton_clicked 실행 종료
[2022-09-26 16:08:34.946][I][AutoBaseFunction.py(wrapper):7] Screen.MainWindow : qbutton_clicked 실행 시작
[2022-09-26 16:08:34.946][I][AutoBaseFunction.py(wrapper):8] Parameter : None, 6, <Screen.MainWindow.QPushButtonIcon object at 0x00000162DDBA8948>, False
[2022-09-26 16:08:34.948][I][AutoBaseFunction.py(wrapper):14] Screen.MainWindow : qbutton_clicked 실행 종료
[2022-09-26 16:08:37.121][I][AutoBaseFunction.py(wrapper):7] Screen.MainWindow : allFail_clicked 실행 시작
[2022-09-26 16:08:37.122][I][AutoBaseFunction.py(wrapper):8] Parameter : False
[2022-09-26 16:08:37.122][I][AutoBaseFunction.py(wrapper):14] Screen.MainWindow : allFail_clicked 실행 종료
[2022-09-26 16:08:37.969][I][AutoBaseFunction.py(wrapper):7] Screen.MainWindow : qbutton_clicked 실행 시작
[2022-09-26 16:08:37.969][I][AutoBaseFunction.py(wrapper):8] Parameter : None, 4, <Screen.MainWindow.QPushButtonIcon object at 0x00000162DDB9EEE8>, False
[2022-09-26 16:08:37.972][I][AutoBaseFunction.py(wrapper):14] Screen.MainWindow : qbutton_clicked 실행 종료
[2022-09-26 16:08:41.273][I][AutoBaseFunction.py(wrapper):7] Screen.MainWindow : save_result 실행 시작
[2022-09-26 16:08:41.274][I][AutoBaseFunction.py(wrapper):8] Parameter : False
