[2022-09-22 08:57:58.703][D][LogManager.py(Init):12] LogManager Init function called !!!
[2022-09-22 08:57:58.716][I][AutoBaseFunction.py(wrapper):7] Screen.MainWindow : setupUi 실행 시작
[2022-09-22 08:57:58.717][I][AutoBaseFunction.py(wrapper):8] Parameter : 
[2022-09-22 08:57:58.732][I][AutoBaseFunction.py(wrapper):7] Screen.MainWindow : set_field 실행 시작
[2022-09-22 08:57:58.732][I][AutoBaseFunction.py(wrapper):8] Parameter : 
[2022-09-22 08:57:58.759][I][AutoBaseFunction.py(wrapper):14] Screen.MainWindow : set_field 실행 종료
[2022-09-22 08:57:58.760][I][AutoBaseFunction.py(wrapper):7] Screen.MainWindow : setWidget_func 실행 시작
[2022-09-22 08:57:58.760][I][AutoBaseFunction.py(wrapper):8] Parameter : 
[2022-09-22 08:57:58.762][I][AutoBaseFunction.py(wrapper):14] Screen.MainWindow : setWidget_func 실행 종료
[2022-09-22 08:57:58.765][I][AutoBaseFunction.py(wrapper):14] Screen.MainWindow : setupUi 실행 종료
[2022-09-22 08:57:58.770][I][AutoBaseFunction.py(wrapper):7] __main__ : __set_slot 실행 시작
[2022-09-22 08:57:58.771][I][AutoBaseFunction.py(wrapper):8] Parameter : 
[2022-09-22 08:57:58.771][I][AutoBaseFunction.py(wrapper):14] __main__ : __set_slot 실행 종료
[2022-09-22 08:57:58.771][I][AutoBaseFunction.py(wrapper):7] __main__ : __wigets_setupUi 실행 시작
[2022-09-22 08:57:58.772][I][AutoBaseFunction.py(wrapper):8] Parameter : 
[2022-09-22 08:57:58.772][I][AutoBaseFunction.py(wrapper):7] Screen.Setup_Language : setupUI_Language 실행 시작
[2022-09-22 08:57:58.772][I][AutoBaseFunction.py(wrapper):8] Parameter : 
[2022-09-22 08:57:58.774][I][AutoBaseFunction.py(wrapper):7] Screen.Setup_Language : sl_set_slot 실행 시작
[2022-09-22 08:57:58.774][I][AutoBaseFunction.py(wrapper):8] Parameter : 
[2022-09-22 08:57:58.774][I][AutoBaseFunction.py(wrapper):14] Screen.Setup_Language : sl_set_slot 실행 종료
[2022-09-22 08:57:58.774][I][AutoBaseFunction.py(wrapper):14] Screen.Setup_Language : setupUI_Language 실행 종료
[2022-09-22 08:57:58.775][I][AutoBaseFunction.py(wrapper):7] Screen.Menu_CreateExcel : setupUI_CreateExcel 실행 시작
[2022-09-22 08:57:58.775][I][AutoBaseFunction.py(wrapper):8] Parameter : 
[2022-09-22 08:57:58.776][I][AutoBaseFunction.py(wrapper):7] Screen.Menu_CreateExcel : new_excel_func 실행 시작
[2022-09-22 08:57:58.776][I][AutoBaseFunction.py(wrapper):8] Parameter : 
[2022-09-22 08:57:58.776][I][AutoBaseFunction.py(wrapper):14] Screen.Menu_CreateExcel : new_excel_func 실행 종료
[2022-09-22 08:57:58.776][I][AutoBaseFunction.py(wrapper):7] Screen.Menu_CreateExcel : set_excel_func 실행 시작
[2022-09-22 08:57:58.777][I][AutoBaseFunction.py(wrapper):8] Parameter : 
[2022-09-22 08:57:58.777][I][AutoBaseFunction.py(wrapper):14] Screen.Menu_CreateExcel : set_excel_func 실행 종료
[2022-09-22 08:57:58.777][I][AutoBaseFunction.py(wrapper):14] Screen.Menu_CreateExcel : setupUI_CreateExcel 실행 종료
[2022-09-22 08:57:58.778][I][AutoBaseFunction.py(wrapper):7] Screen.Setup_Field : setupUI_Field 실행 시작
[2022-09-22 08:57:58.778][I][AutoBaseFunction.py(wrapper):8] Parameter : 
[2022-09-22 08:57:58.778][I][AutoBaseFunction.py(wrapper):7] Screen.Setup_Field : set_data 실행 시작
[2022-09-22 08:57:58.778][I][AutoBaseFunction.py(wrapper):8] Parameter : 
[2022-09-22 08:57:58.779][I][AutoBaseFunction.py(wrapper):14] Screen.Setup_Field : set_data 실행 종료
[2022-09-22 08:57:59.018][I][AutoBaseFunction.py(wrapper):7] Screen.Setup_Field : set_data 실행 시작
[2022-09-22 08:57:59.018][I][AutoBaseFunction.py(wrapper):8] Parameter : 
[2022-09-22 08:57:59.018][I][AutoBaseFunction.py(wrapper):14] Screen.Setup_Field : set_data 실행 종료
[2022-09-22 08:57:59.019][I][AutoBaseFunction.py(wrapper):7] Screen.Setup_Field : set_data 실행 시작
[2022-09-22 08:57:59.019][I][AutoBaseFunction.py(wrapper):8] Parameter : 
[2022-09-22 08:57:59.019][I][AutoBaseFunction.py(wrapper):14] Screen.Setup_Field : set_data 실행 종료
[2022-09-22 08:57:59.020][I][AutoBaseFunction.py(wrapper):7] Screen.Setup_Field : set_data 실행 시작
[2022-09-22 08:57:59.020][I][AutoBaseFunction.py(wrapper):8] Parameter : 
[2022-09-22 08:57:59.020][I][AutoBaseFunction.py(wrapper):14] Screen.Setup_Field : set_data 실행 종료
[2022-09-22 08:57:59.021][I][AutoBaseFunction.py(wrapper):7] Screen.Setup_Field : set_data 실행 시작
[2022-09-22 08:57:59.021][I][AutoBaseFunction.py(wrapper):8] Parameter : 
[2022-09-22 08:57:59.021][I][AutoBaseFunction.py(wrapper):14] Screen.Setup_Field : set_data 실행 종료
[2022-09-22 08:57:59.021][I][AutoBaseFunction.py(wrapper):7] Screen.Setup_Field : set_data 실행 시작
[2022-09-22 08:57:59.021][I][AutoBaseFunction.py(wrapper):8] Parameter : 
[2022-09-22 08:57:59.022][I][AutoBaseFunction.py(wrapper):14] Screen.Setup_Field : set_data 실행 종료
[2022-09-22 08:57:59.022][I][AutoBaseFunction.py(wrapper):7] Screen.Setup_Field : sl_set_slot 실행 시작
[2022-09-22 08:57:59.022][I][AutoBaseFunction.py(wrapper):8] Parameter : 
[2022-09-22 08:57:59.022][I][AutoBaseFunction.py(wrapper):14] Screen.Setup_Field : sl_set_slot 실행 종료
[2022-09-22 08:57:59.023][I][AutoBaseFunction.py(wrapper):14] Screen.Setup_Field : setupUI_Field 실행 종료
[2022-09-22 08:57:59.023][I][AutoBaseFunction.py(wrapper):7] Screen.Setup_TestList : setupUI_TestList 실행 시작
[2022-09-22 08:57:59.024][I][AutoBaseFunction.py(wrapper):8] Parameter : 
[2022-09-22 08:57:59.024][I][AutoBaseFunction.py(wrapper):7] Screen.Setup_TestList : btn_set_slot 실행 시작
[2022-09-22 08:57:59.025][I][AutoBaseFunction.py(wrapper):8] Parameter : 
[2022-09-22 08:57:59.025][I][AutoBaseFunction.py(wrapper):14] Screen.Setup_TestList : btn_set_slot 실행 종료
[2022-09-22 08:57:59.025][I][AutoBaseFunction.py(wrapper):14] Screen.Setup_TestList : setupUI_TestList 실행 종료
[2022-09-22 08:57:59.026][I][AutoBaseFunction.py(wrapper):14] __main__ : __wigets_setupUi 실행 종료
[2022-09-22 08:58:06.994][I][AutoBaseFunction.py(wrapper):7] Screen.MainWindow : closeEvent 실행 시작
[2022-09-22 08:58:06.994][I][AutoBaseFunction.py(wrapper):8] Parameter : <PyQt5.QtGui.QCloseEvent object at 0x000002484451CB88>
