[2022-09-22 09:20:34.486][D][LogManager.py(Init):12] LogManager Init function called !!!
[2022-09-22 09:20:34.499][I][AutoBaseFunction.py(wrapper):7] Screen.MainWindow : setupUi 실행 시작
[2022-09-22 09:20:34.499][I][AutoBaseFunction.py(wrapper):8] Parameter : 
[2022-09-22 09:20:34.515][I][AutoBaseFunction.py(wrapper):7] Screen.MainWindow : set_field 실행 시작
[2022-09-22 09:20:34.516][I][AutoBaseFunction.py(wrapper):8] Parameter : 
[2022-09-22 09:20:34.542][I][AutoBaseFunction.py(wrapper):14] Screen.MainWindow : set_field 실행 종료
[2022-09-22 09:20:34.543][I][AutoBaseFunction.py(wrapper):7] Screen.MainWindow : setWidget_func 실행 시작
[2022-09-22 09:20:34.543][I][AutoBaseFunction.py(wrapper):8] Parameter : 
[2022-09-22 09:20:34.545][I][AutoBaseFunction.py(wrapper):14] Screen.MainWindow : setWidget_func 실행 종료
[2022-09-22 09:20:34.547][I][AutoBaseFunction.py(wrapper):14] Screen.MainWindow : setupUi 실행 종료
[2022-09-22 09:20:34.554][I][AutoBaseFunction.py(wrapper):7] __main__ : __set_slot 실행 시작
[2022-09-22 09:20:34.555][I][AutoBaseFunction.py(wrapper):8] Parameter : 
[2022-09-22 09:20:34.555][I][AutoBaseFunction.py(wrapper):14] __main__ : __set_slot 실행 종료
[2022-09-22 09:20:34.556][I][AutoBaseFunction.py(wrapper):7] __main__ : __wigets_setupUi 실행 시작
[2022-09-22 09:20:34.556][I][AutoBaseFunction.py(wrapper):8] Parameter : 
[2022-09-22 09:20:34.556][I][AutoBaseFunction.py(wrapper):7] Screen.Setup_Language : setupUI_Language 실행 시작
[2022-09-22 09:20:34.557][I][AutoBaseFunction.py(wrapper):8] Parameter : 
[2022-09-22 09:20:34.557][I][AutoBaseFunction.py(wrapper):7] Screen.Setup_Language : sl_set_slot 실행 시작
[2022-09-22 09:20:34.557][I][AutoBaseFunction.py(wrapper):8] Parameter : 
[2022-09-22 09:20:34.558][I][AutoBaseFunction.py(wrapper):14] Screen.Setup_Language : sl_set_slot 실행 종료
[2022-09-22 09:20:34.558][I][AutoBaseFunction.py(wrapper):14] Screen.Setup_Language : setupUI_Language 실행 종료
[2022-09-22 09:20:34.558][I][AutoBaseFunction.py(wrapper):7] Screen.Menu_CreateExcel : setupUI_CreateExcel 실행 시작
[2022-09-22 09:20:34.558][I][AutoBaseFunction.py(wrapper):8] Parameter : 
[2022-09-22 09:20:34.559][I][AutoBaseFunction.py(wrapper):7] Screen.Menu_CreateExcel : new_excel_func 실행 시작
[2022-09-22 09:20:34.560][I][AutoBaseFunction.py(wrapper):8] Parameter : 
[2022-09-22 09:20:34.560][I][AutoBaseFunction.py(wrapper):14] Screen.Menu_CreateExcel : new_excel_func 실행 종료
[2022-09-22 09:20:34.560][I][AutoBaseFunction.py(wrapper):7] Screen.Menu_CreateExcel : set_excel_func 실행 시작
[2022-09-22 09:20:34.561][I][AutoBaseFunction.py(wrapper):8] Parameter : 
[2022-09-22 09:20:34.561][I][AutoBaseFunction.py(wrapper):14] Screen.Menu_CreateExcel : set_excel_func 실행 종료
[2022-09-22 09:20:34.562][I][AutoBaseFunction.py(wrapper):14] Screen.Menu_CreateExcel : setupUI_CreateExcel 실행 종료
[2022-09-22 09:20:34.562][I][AutoBaseFunction.py(wrapper):7] Screen.Setup_Field : setupUI_Field 실행 시작
[2022-09-22 09:20:34.563][I][AutoBaseFunction.py(wrapper):8] Parameter : 
[2022-09-22 09:20:34.564][I][AutoBaseFunction.py(wrapper):7] Screen.Setup_Field : set_data 실행 시작
[2022-09-22 09:20:34.564][I][AutoBaseFunction.py(wrapper):8] Parameter : 
[2022-09-22 09:20:34.565][I][AutoBaseFunction.py(wrapper):14] Screen.Setup_Field : set_data 실행 종료
[2022-09-22 09:20:34.805][I][AutoBaseFunction.py(wrapper):7] Screen.Setup_Field : set_data 실행 시작
[2022-09-22 09:20:34.805][I][AutoBaseFunction.py(wrapper):8] Parameter : 
[2022-09-22 09:20:34.806][I][AutoBaseFunction.py(wrapper):14] Screen.Setup_Field : set_data 실행 종료
[2022-09-22 09:20:34.806][I][AutoBaseFunction.py(wrapper):7] Screen.Setup_Field : set_data 실행 시작
[2022-09-22 09:20:34.807][I][AutoBaseFunction.py(wrapper):8] Parameter : 
[2022-09-22 09:20:34.807][I][AutoBaseFunction.py(wrapper):14] Screen.Setup_Field : set_data 실행 종료
[2022-09-22 09:20:34.808][I][AutoBaseFunction.py(wrapper):7] Screen.Setup_Field : set_data 실행 시작
[2022-09-22 09:20:34.808][I][AutoBaseFunction.py(wrapper):8] Parameter : 
[2022-09-22 09:20:34.808][I][AutoBaseFunction.py(wrapper):14] Screen.Setup_Field : set_data 실행 종료
[2022-09-22 09:20:34.809][I][AutoBaseFunction.py(wrapper):7] Screen.Setup_Field : set_data 실행 시작
[2022-09-22 09:20:34.809][I][AutoBaseFunction.py(wrapper):8] Parameter : 
[2022-09-22 09:20:34.809][I][AutoBaseFunction.py(wrapper):14] Screen.Setup_Field : set_data 실행 종료
[2022-09-22 09:20:34.810][I][AutoBaseFunction.py(wrapper):7] Screen.Setup_Field : set_data 실행 시작
[2022-09-22 09:20:34.810][I][AutoBaseFunction.py(wrapper):8] Parameter : 
[2022-09-22 09:20:34.810][I][AutoBaseFunction.py(wrapper):14] Screen.Setup_Field : set_data 실행 종료
[2022-09-22 09:20:34.811][I][AutoBaseFunction.py(wrapper):7] Screen.Setup_Field : sl_set_slot 실행 시작
[2022-09-22 09:20:34.811][I][AutoBaseFunction.py(wrapper):8] Parameter : 
[2022-09-22 09:20:34.811][I][AutoBaseFunction.py(wrapper):14] Screen.Setup_Field : sl_set_slot 실행 종료
[2022-09-22 09:20:34.811][I][AutoBaseFunction.py(wrapper):14] Screen.Setup_Field : setupUI_Field 실행 종료
[2022-09-22 09:20:34.812][I][AutoBaseFunction.py(wrapper):7] Screen.Setup_TestList : setupUI_TestList 실행 시작
[2022-09-22 09:20:34.812][I][AutoBaseFunction.py(wrapper):8] Parameter : 
[2022-09-22 09:20:34.813][I][AutoBaseFunction.py(wrapper):7] Screen.Setup_TestList : btn_set_slot 실행 시작
[2022-09-22 09:20:34.813][I][AutoBaseFunction.py(wrapper):8] Parameter : 
[2022-09-22 09:20:34.814][I][AutoBaseFunction.py(wrapper):14] Screen.Setup_TestList : btn_set_slot 실행 종료
[2022-09-22 09:20:34.814][I][AutoBaseFunction.py(wrapper):14] Screen.Setup_TestList : setupUI_TestList 실행 종료
[2022-09-22 09:20:34.814][I][AutoBaseFunction.py(wrapper):14] __main__ : __wigets_setupUi 실행 종료
[2022-09-22 09:20:57.220][I][AutoBaseFunction.py(wrapper):7] Screen.MainWindow : closeEvent 실행 시작
[2022-09-22 09:20:57.220][I][AutoBaseFunction.py(wrapper):8] Parameter : <PyQt5.QtGui.QCloseEvent object at 0x0000024280D3CA68>
