[2022-09-22 08:57:25.058][D][LogManager.py(Init):12] LogManager Init function called !!!
[2022-09-22 08:57:25.071][I][AutoBaseFunction.py(wrapper):7] Screen.MainWindow : setupUi 실행 시작
[2022-09-22 08:57:25.071][I][AutoBaseFunction.py(wrapper):8] Parameter : 
[2022-09-22 08:57:25.085][I][AutoBaseFunction.py(wrapper):7] Screen.MainWindow : set_field 실행 시작
[2022-09-22 08:57:25.086][I][AutoBaseFunction.py(wrapper):8] Parameter : 
[2022-09-22 08:57:25.113][I][AutoBaseFunction.py(wrapper):14] Screen.MainWindow : set_field 실행 종료
[2022-09-22 08:57:25.114][I][AutoBaseFunction.py(wrapper):7] Screen.MainWindow : setWidget_func 실행 시작
[2022-09-22 08:57:25.114][I][AutoBaseFunction.py(wrapper):8] Parameter : 
[2022-09-22 08:57:25.116][I][AutoBaseFunction.py(wrapper):14] Screen.MainWindow : setWidget_func 실행 종료
[2022-09-22 08:57:25.118][I][AutoBaseFunction.py(wrapper):14] Screen.MainWindow : setupUi 실행 종료
[2022-09-22 08:57:25.124][I][AutoBaseFunction.py(wrapper):7] __main__ : __set_slot 실행 시작
[2022-09-22 08:57:25.124][I][AutoBaseFunction.py(wrapper):8] Parameter : 
[2022-09-22 08:57:25.124][I][AutoBaseFunction.py(wrapper):14] __main__ : __set_slot 실행 종료
[2022-09-22 08:57:25.125][I][AutoBaseFunction.py(wrapper):7] __main__ : __wigets_setupUi 실행 시작
[2022-09-22 08:57:25.125][I][AutoBaseFunction.py(wrapper):8] Parameter : 
[2022-09-22 08:57:25.125][I][AutoBaseFunction.py(wrapper):7] Screen.Setup_Language : setupUI_Language 실행 시작
[2022-09-22 08:57:25.126][I][AutoBaseFunction.py(wrapper):8] Parameter : 
[2022-09-22 08:57:25.127][I][AutoBaseFunction.py(wrapper):7] Screen.Setup_Language : sl_set_slot 실행 시작
[2022-09-22 08:57:25.128][I][AutoBaseFunction.py(wrapper):8] Parameter : 
[2022-09-22 08:57:25.128][I][AutoBaseFunction.py(wrapper):14] Screen.Setup_Language : sl_set_slot 실행 종료
[2022-09-22 08:57:25.128][I][AutoBaseFunction.py(wrapper):14] Screen.Setup_Language : setupUI_Language 실행 종료
[2022-09-22 08:57:25.129][I][AutoBaseFunction.py(wrapper):7] Screen.Menu_CreateExcel : setupUI_CreateExcel 실행 시작
[2022-09-22 08:57:25.129][I][AutoBaseFunction.py(wrapper):8] Parameter : 
[2022-09-22 08:57:25.130][I][AutoBaseFunction.py(wrapper):7] Screen.Menu_CreateExcel : new_excel_func 실행 시작
[2022-09-22 08:57:25.130][I][AutoBaseFunction.py(wrapper):8] Parameter : 
[2022-09-22 08:57:25.131][I][AutoBaseFunction.py(wrapper):14] Screen.Menu_CreateExcel : new_excel_func 실행 종료
[2022-09-22 08:57:25.131][I][AutoBaseFunction.py(wrapper):7] Screen.Menu_CreateExcel : set_excel_func 실행 시작
[2022-09-22 08:57:25.131][I][AutoBaseFunction.py(wrapper):8] Parameter : 
[2022-09-22 08:57:25.131][I][AutoBaseFunction.py(wrapper):14] Screen.Menu_CreateExcel : set_excel_func 실행 종료
[2022-09-22 08:57:25.132][I][AutoBaseFunction.py(wrapper):14] Screen.Menu_CreateExcel : setupUI_CreateExcel 실행 종료
[2022-09-22 08:57:25.132][I][AutoBaseFunction.py(wrapper):7] Screen.Setup_Field : setupUI_Field 실행 시작
[2022-09-22 08:57:25.132][I][AutoBaseFunction.py(wrapper):8] Parameter : 
[2022-09-22 08:57:25.132][I][AutoBaseFunction.py(wrapper):7] Screen.Setup_Field : set_data 실행 시작
[2022-09-22 08:57:25.133][I][AutoBaseFunction.py(wrapper):8] Parameter : 
[2022-09-22 08:57:25.133][I][AutoBaseFunction.py(wrapper):14] Screen.Setup_Field : set_data 실행 종료
[2022-09-22 08:57:25.371][I][AutoBaseFunction.py(wrapper):7] Screen.Setup_Field : set_data 실행 시작
[2022-09-22 08:57:25.371][I][AutoBaseFunction.py(wrapper):8] Parameter : 
[2022-09-22 08:57:25.371][I][AutoBaseFunction.py(wrapper):14] Screen.Setup_Field : set_data 실행 종료
[2022-09-22 08:57:25.372][I][AutoBaseFunction.py(wrapper):7] Screen.Setup_Field : set_data 실행 시작
[2022-09-22 08:57:25.372][I][AutoBaseFunction.py(wrapper):8] Parameter : 
[2022-09-22 08:57:25.372][I][AutoBaseFunction.py(wrapper):14] Screen.Setup_Field : set_data 실행 종료
[2022-09-22 08:57:25.373][I][AutoBaseFunction.py(wrapper):7] Screen.Setup_Field : set_data 실행 시작
[2022-09-22 08:57:25.373][I][AutoBaseFunction.py(wrapper):8] Parameter : 
[2022-09-22 08:57:25.373][I][AutoBaseFunction.py(wrapper):14] Screen.Setup_Field : set_data 실행 종료
[2022-09-22 08:57:25.374][I][AutoBaseFunction.py(wrapper):7] Screen.Setup_Field : set_data 실행 시작
[2022-09-22 08:57:25.374][I][AutoBaseFunction.py(wrapper):8] Parameter : 
[2022-09-22 08:57:25.374][I][AutoBaseFunction.py(wrapper):14] Screen.Setup_Field : set_data 실행 종료
[2022-09-22 08:57:25.375][I][AutoBaseFunction.py(wrapper):7] Screen.Setup_Field : set_data 실행 시작
[2022-09-22 08:57:25.375][I][AutoBaseFunction.py(wrapper):8] Parameter : 
[2022-09-22 08:57:25.375][I][AutoBaseFunction.py(wrapper):14] Screen.Setup_Field : set_data 실행 종료
[2022-09-22 08:57:25.375][I][AutoBaseFunction.py(wrapper):7] Screen.Setup_Field : sl_set_slot 실행 시작
[2022-09-22 08:57:25.376][I][AutoBaseFunction.py(wrapper):8] Parameter : 
[2022-09-22 08:57:25.376][I][AutoBaseFunction.py(wrapper):14] Screen.Setup_Field : sl_set_slot 실행 종료
[2022-09-22 08:57:25.376][I][AutoBaseFunction.py(wrapper):14] Screen.Setup_Field : setupUI_Field 실행 종료
[2022-09-22 08:57:25.376][I][AutoBaseFunction.py(wrapper):7] Screen.Setup_TestList : setupUI_TestList 실행 시작
[2022-09-22 08:57:25.376][I][AutoBaseFunction.py(wrapper):8] Parameter : 
[2022-09-22 08:57:25.378][I][AutoBaseFunction.py(wrapper):7] Screen.Setup_TestList : btn_set_slot 실행 시작
[2022-09-22 08:57:25.378][I][AutoBaseFunction.py(wrapper):8] Parameter : 
[2022-09-22 08:57:25.378][I][AutoBaseFunction.py(wrapper):14] Screen.Setup_TestList : btn_set_slot 실행 종료
[2022-09-22 08:57:25.379][I][AutoBaseFunction.py(wrapper):14] Screen.Setup_TestList : setupUI_TestList 실행 종료
[2022-09-22 08:57:25.379][I][AutoBaseFunction.py(wrapper):14] __main__ : __wigets_setupUi 실행 종료
[2022-09-22 08:57:33.417][I][AutoBaseFunction.py(wrapper):7] Screen.MainWindow : closeEvent 실행 시작
[2022-09-22 08:57:33.418][I][AutoBaseFunction.py(wrapper):8] Parameter : <PyQt5.QtGui.QCloseEvent object at 0x0000019C1B37DA68>
