[2022-09-22 09:12:32.649][D][LogManager.py(Init):12] LogManager Init function called !!!
[2022-09-22 09:12:32.662][I][AutoBaseFunction.py(wrapper):7] Screen.MainWindow : setupUi 실행 시작
[2022-09-22 09:12:32.662][I][AutoBaseFunction.py(wrapper):8] Parameter : 
[2022-09-22 09:12:32.677][I][AutoBaseFunction.py(wrapper):7] Screen.MainWindow : set_field 실행 시작
[2022-09-22 09:12:32.678][I][AutoBaseFunction.py(wrapper):8] Parameter : 
[2022-09-22 09:12:32.714][I][AutoBaseFunction.py(wrapper):14] Screen.MainWindow : set_field 실행 종료
[2022-09-22 09:12:32.714][I][AutoBaseFunction.py(wrapper):7] Screen.MainWindow : setWidget_func 실행 시작
[2022-09-22 09:12:32.715][I][AutoBaseFunction.py(wrapper):8] Parameter : 
[2022-09-22 09:12:32.716][I][AutoBaseFunction.py(wrapper):14] Screen.MainWindow : setWidget_func 실행 종료
[2022-09-22 09:12:32.719][I][AutoBaseFunction.py(wrapper):14] Screen.MainWindow : setupUi 실행 종료
[2022-09-22 09:12:32.726][I][AutoBaseFunction.py(wrapper):7] __main__ : __set_slot 실행 시작
[2022-09-22 09:12:32.726][I][AutoBaseFunction.py(wrapper):8] Parameter : 
[2022-09-22 09:12:32.727][I][AutoBaseFunction.py(wrapper):14] __main__ : __set_slot 실행 종료
[2022-09-22 09:12:32.727][I][AutoBaseFunction.py(wrapper):7] __main__ : __wigets_setupUi 실행 시작
[2022-09-22 09:12:32.727][I][AutoBaseFunction.py(wrapper):8] Parameter : 
[2022-09-22 09:12:32.728][I][AutoBaseFunction.py(wrapper):7] Screen.Setup_Language : setupUI_Language 실행 시작
[2022-09-22 09:12:32.728][I][AutoBaseFunction.py(wrapper):8] Parameter : 
[2022-09-22 09:12:32.729][I][AutoBaseFunction.py(wrapper):7] Screen.Setup_Language : sl_set_slot 실행 시작
[2022-09-22 09:12:32.729][I][AutoBaseFunction.py(wrapper):8] Parameter : 
[2022-09-22 09:12:32.729][I][AutoBaseFunction.py(wrapper):14] Screen.Setup_Language : sl_set_slot 실행 종료
[2022-09-22 09:12:32.730][I][AutoBaseFunction.py(wrapper):14] Screen.Setup_Language : setupUI_Language 실행 종료
[2022-09-22 09:12:32.730][I][AutoBaseFunction.py(wrapper):7] Screen.Menu_CreateExcel : setupUI_CreateExcel 실행 시작
[2022-09-22 09:12:32.730][I][AutoBaseFunction.py(wrapper):8] Parameter : 
[2022-09-22 09:12:32.731][I][AutoBaseFunction.py(wrapper):7] Screen.Menu_CreateExcel : new_excel_func 실행 시작
[2022-09-22 09:12:32.731][I][AutoBaseFunction.py(wrapper):8] Parameter : 
[2022-09-22 09:12:32.732][I][AutoBaseFunction.py(wrapper):14] Screen.Menu_CreateExcel : new_excel_func 실행 종료
[2022-09-22 09:12:32.732][I][AutoBaseFunction.py(wrapper):7] Screen.Menu_CreateExcel : set_excel_func 실행 시작
[2022-09-22 09:12:32.732][I][AutoBaseFunction.py(wrapper):8] Parameter : 
[2022-09-22 09:12:32.733][I][AutoBaseFunction.py(wrapper):14] Screen.Menu_CreateExcel : set_excel_func 실행 종료
[2022-09-22 09:12:32.733][I][AutoBaseFunction.py(wrapper):14] Screen.Menu_CreateExcel : setupUI_CreateExcel 실행 종료
[2022-09-22 09:12:32.733][I][AutoBaseFunction.py(wrapper):7] Screen.Setup_Field : setupUI_Field 실행 시작
[2022-09-22 09:12:32.734][I][AutoBaseFunction.py(wrapper):8] Parameter : 
[2022-09-22 09:12:32.734][I][AutoBaseFunction.py(wrapper):7] Screen.Setup_Field : set_data 실행 시작
[2022-09-22 09:12:32.734][I][AutoBaseFunction.py(wrapper):8] Parameter : 
[2022-09-22 09:12:32.735][I][AutoBaseFunction.py(wrapper):14] Screen.Setup_Field : set_data 실행 종료
[2022-09-22 09:12:32.973][I][AutoBaseFunction.py(wrapper):7] Screen.Setup_Field : set_data 실행 시작
[2022-09-22 09:12:32.973][I][AutoBaseFunction.py(wrapper):8] Parameter : 
[2022-09-22 09:12:32.973][I][AutoBaseFunction.py(wrapper):14] Screen.Setup_Field : set_data 실행 종료
[2022-09-22 09:12:32.974][I][AutoBaseFunction.py(wrapper):7] Screen.Setup_Field : set_data 실행 시작
[2022-09-22 09:12:32.974][I][AutoBaseFunction.py(wrapper):8] Parameter : 
[2022-09-22 09:12:32.975][I][AutoBaseFunction.py(wrapper):14] Screen.Setup_Field : set_data 실행 종료
[2022-09-22 09:12:32.975][I][AutoBaseFunction.py(wrapper):7] Screen.Setup_Field : set_data 실행 시작
[2022-09-22 09:12:32.975][I][AutoBaseFunction.py(wrapper):8] Parameter : 
[2022-09-22 09:12:32.975][I][AutoBaseFunction.py(wrapper):14] Screen.Setup_Field : set_data 실행 종료
[2022-09-22 09:12:32.976][I][AutoBaseFunction.py(wrapper):7] Screen.Setup_Field : set_data 실행 시작
[2022-09-22 09:12:32.976][I][AutoBaseFunction.py(wrapper):8] Parameter : 
[2022-09-22 09:12:32.976][I][AutoBaseFunction.py(wrapper):14] Screen.Setup_Field : set_data 실행 종료
[2022-09-22 09:12:32.977][I][AutoBaseFunction.py(wrapper):7] Screen.Setup_Field : set_data 실행 시작
[2022-09-22 09:12:32.977][I][AutoBaseFunction.py(wrapper):8] Parameter : 
[2022-09-22 09:12:32.977][I][AutoBaseFunction.py(wrapper):14] Screen.Setup_Field : set_data 실행 종료
[2022-09-22 09:12:32.977][I][AutoBaseFunction.py(wrapper):7] Screen.Setup_Field : sl_set_slot 실행 시작
[2022-09-22 09:12:32.978][I][AutoBaseFunction.py(wrapper):8] Parameter : 
[2022-09-22 09:12:32.978][I][AutoBaseFunction.py(wrapper):14] Screen.Setup_Field : sl_set_slot 실행 종료
[2022-09-22 09:12:32.978][I][AutoBaseFunction.py(wrapper):14] Screen.Setup_Field : setupUI_Field 실행 종료
[2022-09-22 09:12:32.978][I][AutoBaseFunction.py(wrapper):7] Screen.Setup_TestList : setupUI_TestList 실행 시작
[2022-09-22 09:12:32.978][I][AutoBaseFunction.py(wrapper):8] Parameter : 
[2022-09-22 09:12:32.979][I][AutoBaseFunction.py(wrapper):7] Screen.Setup_TestList : btn_set_slot 실행 시작
[2022-09-22 09:12:32.980][I][AutoBaseFunction.py(wrapper):8] Parameter : 
[2022-09-22 09:12:32.980][I][AutoBaseFunction.py(wrapper):14] Screen.Setup_TestList : btn_set_slot 실행 종료
[2022-09-22 09:12:32.980][I][AutoBaseFunction.py(wrapper):14] Screen.Setup_TestList : setupUI_TestList 실행 종료
[2022-09-22 09:12:32.980][I][AutoBaseFunction.py(wrapper):14] __main__ : __wigets_setupUi 실행 종료
[2022-09-22 09:13:39.227][I][AutoBaseFunction.py(wrapper):7] Screen.MainWindow : closeEvent 실행 시작
[2022-09-22 09:13:39.227][I][AutoBaseFunction.py(wrapper):8] Parameter : <PyQt5.QtGui.QCloseEvent object at 0x000001866126DA68>
