[2022-09-22 09:05:36.269][D][LogManager.py(Init):12] LogManager Init function called !!!
[2022-09-22 09:05:36.281][I][AutoBaseFunction.py(wrapper):7] Screen.MainWindow : setupUi 실행 시작
[2022-09-22 09:05:36.281][I][AutoBaseFunction.py(wrapper):8] Parameter : 
[2022-09-22 09:05:36.299][I][AutoBaseFunction.py(wrapper):7] Screen.MainWindow : set_field 실행 시작
[2022-09-22 09:05:36.299][I][AutoBaseFunction.py(wrapper):8] Parameter : 
[2022-09-22 09:05:36.322][I][AutoBaseFunction.py(wrapper):14] Screen.MainWindow : set_field 실행 종료
[2022-09-22 09:05:36.322][I][AutoBaseFunction.py(wrapper):7] Screen.MainWindow : setWidget_func 실행 시작
[2022-09-22 09:05:36.323][I][AutoBaseFunction.py(wrapper):8] Parameter : 
[2022-09-22 09:05:36.324][I][AutoBaseFunction.py(wrapper):14] Screen.MainWindow : setWidget_func 실행 종료
[2022-09-22 09:05:36.326][I][AutoBaseFunction.py(wrapper):14] Screen.MainWindow : setupUi 실행 종료
[2022-09-22 09:05:36.333][I][AutoBaseFunction.py(wrapper):7] __main__ : __set_slot 실행 시작
[2022-09-22 09:05:36.334][I][AutoBaseFunction.py(wrapper):8] Parameter : 
[2022-09-22 09:05:36.334][I][AutoBaseFunction.py(wrapper):14] __main__ : __set_slot 실행 종료
[2022-09-22 09:05:36.334][I][AutoBaseFunction.py(wrapper):7] __main__ : __wigets_setupUi 실행 시작
[2022-09-22 09:05:36.335][I][AutoBaseFunction.py(wrapper):8] Parameter : 
[2022-09-22 09:05:36.335][I][AutoBaseFunction.py(wrapper):7] Screen.Setup_Language : setupUI_Language 실행 시작
[2022-09-22 09:05:36.335][I][AutoBaseFunction.py(wrapper):8] Parameter : 
[2022-09-22 09:05:36.336][I][AutoBaseFunction.py(wrapper):7] Screen.Setup_Language : sl_set_slot 실행 시작
[2022-09-22 09:05:36.337][I][AutoBaseFunction.py(wrapper):8] Parameter : 
[2022-09-22 09:05:36.337][I][AutoBaseFunction.py(wrapper):14] Screen.Setup_Language : sl_set_slot 실행 종료
[2022-09-22 09:05:36.337][I][AutoBaseFunction.py(wrapper):14] Screen.Setup_Language : setupUI_Language 실행 종료
[2022-09-22 09:05:36.338][I][AutoBaseFunction.py(wrapper):7] Screen.Menu_CreateExcel : setupUI_CreateExcel 실행 시작
[2022-09-22 09:05:36.338][I][AutoBaseFunction.py(wrapper):8] Parameter : 
[2022-09-22 09:05:36.339][I][AutoBaseFunction.py(wrapper):7] Screen.Menu_CreateExcel : new_excel_func 실행 시작
[2022-09-22 09:05:36.339][I][AutoBaseFunction.py(wrapper):8] Parameter : 
[2022-09-22 09:05:36.339][I][AutoBaseFunction.py(wrapper):14] Screen.Menu_CreateExcel : new_excel_func 실행 종료
[2022-09-22 09:05:36.340][I][AutoBaseFunction.py(wrapper):7] Screen.Menu_CreateExcel : set_excel_func 실행 시작
[2022-09-22 09:05:36.340][I][AutoBaseFunction.py(wrapper):8] Parameter : 
[2022-09-22 09:05:36.341][I][AutoBaseFunction.py(wrapper):14] Screen.Menu_CreateExcel : set_excel_func 실행 종료
[2022-09-22 09:05:36.341][I][AutoBaseFunction.py(wrapper):14] Screen.Menu_CreateExcel : setupUI_CreateExcel 실행 종료
[2022-09-22 09:05:36.341][I][AutoBaseFunction.py(wrapper):7] Screen.Setup_Field : setupUI_Field 실행 시작
[2022-09-22 09:05:36.342][I][AutoBaseFunction.py(wrapper):8] Parameter : 
[2022-09-22 09:05:36.342][I][AutoBaseFunction.py(wrapper):7] Screen.Setup_Field : set_data 실행 시작
[2022-09-22 09:05:36.343][I][AutoBaseFunction.py(wrapper):8] Parameter : 
[2022-09-22 09:05:36.344][I][AutoBaseFunction.py(wrapper):14] Screen.Setup_Field : set_data 실행 종료
[2022-09-22 09:05:36.580][I][AutoBaseFunction.py(wrapper):7] Screen.Setup_Field : set_data 실행 시작
[2022-09-22 09:05:36.580][I][AutoBaseFunction.py(wrapper):8] Parameter : 
[2022-09-22 09:05:36.580][I][AutoBaseFunction.py(wrapper):14] Screen.Setup_Field : set_data 실행 종료
[2022-09-22 09:05:36.580][I][AutoBaseFunction.py(wrapper):7] Screen.Setup_Field : set_data 실행 시작
[2022-09-22 09:05:36.581][I][AutoBaseFunction.py(wrapper):8] Parameter : 
[2022-09-22 09:05:36.581][I][AutoBaseFunction.py(wrapper):14] Screen.Setup_Field : set_data 실행 종료
[2022-09-22 09:05:36.581][I][AutoBaseFunction.py(wrapper):7] Screen.Setup_Field : set_data 실행 시작
[2022-09-22 09:05:36.582][I][AutoBaseFunction.py(wrapper):8] Parameter : 
[2022-09-22 09:05:36.582][I][AutoBaseFunction.py(wrapper):14] Screen.Setup_Field : set_data 실행 종료
[2022-09-22 09:05:36.583][I][AutoBaseFunction.py(wrapper):7] Screen.Setup_Field : set_data 실행 시작
[2022-09-22 09:05:36.583][I][AutoBaseFunction.py(wrapper):8] Parameter : 
[2022-09-22 09:05:36.583][I][AutoBaseFunction.py(wrapper):14] Screen.Setup_Field : set_data 실행 종료
[2022-09-22 09:05:36.583][I][AutoBaseFunction.py(wrapper):7] Screen.Setup_Field : set_data 실행 시작
[2022-09-22 09:05:36.584][I][AutoBaseFunction.py(wrapper):8] Parameter : 
[2022-09-22 09:05:36.584][I][AutoBaseFunction.py(wrapper):14] Screen.Setup_Field : set_data 실행 종료
[2022-09-22 09:05:36.584][I][AutoBaseFunction.py(wrapper):7] Screen.Setup_Field : sl_set_slot 실행 시작
[2022-09-22 09:05:36.585][I][AutoBaseFunction.py(wrapper):8] Parameter : 
[2022-09-22 09:05:36.585][I][AutoBaseFunction.py(wrapper):14] Screen.Setup_Field : sl_set_slot 실행 종료
[2022-09-22 09:05:36.585][I][AutoBaseFunction.py(wrapper):14] Screen.Setup_Field : setupUI_Field 실행 종료
[2022-09-22 09:05:36.585][I][AutoBaseFunction.py(wrapper):7] Screen.Setup_TestList : setupUI_TestList 실행 시작
[2022-09-22 09:05:36.586][I][AutoBaseFunction.py(wrapper):8] Parameter : 
[2022-09-22 09:05:36.586][I][AutoBaseFunction.py(wrapper):7] Screen.Setup_TestList : btn_set_slot 실행 시작
[2022-09-22 09:05:36.587][I][AutoBaseFunction.py(wrapper):8] Parameter : 
[2022-09-22 09:05:36.587][I][AutoBaseFunction.py(wrapper):14] Screen.Setup_TestList : btn_set_slot 실행 종료
[2022-09-22 09:05:36.587][I][AutoBaseFunction.py(wrapper):14] Screen.Setup_TestList : setupUI_TestList 실행 종료
[2022-09-22 09:05:36.587][I][AutoBaseFunction.py(wrapper):14] __main__ : __wigets_setupUi 실행 종료
[2022-09-22 09:05:41.272][I][AutoBaseFunction.py(wrapper):7] Screen.MainWindow : closeEvent 실행 시작
[2022-09-22 09:05:41.272][I][AutoBaseFunction.py(wrapper):8] Parameter : <PyQt5.QtGui.QCloseEvent object at 0x00000157D929CA68>
