[2022-09-27 17:24:27.516][D][LogManager.py(Init):12] LogManager Init function called !!!
[2022-09-27 17:24:27.529][I][AutoBaseFunction.py(wrapper):7] Screen.MainWindow : setupUi 실행 시작
[2022-09-27 17:24:27.529][I][AutoBaseFunction.py(wrapper):8] Parameter : 
[2022-09-27 17:24:27.547][I][AutoBaseFunction.py(wrapper):7] Screen.MainWindow : set_field 실행 시작
[2022-09-27 17:24:27.547][I][AutoBaseFunction.py(wrapper):8] Parameter : 
[2022-09-27 17:24:27.580][I][AutoBaseFunction.py(wrapper):14] Screen.MainWindow : set_field 실행 종료
[2022-09-27 17:24:27.580][I][AutoBaseFunction.py(wrapper):7] Screen.MainWindow : setWidget_func 실행 시작
[2022-09-27 17:24:27.581][I][AutoBaseFunction.py(wrapper):8] Parameter : 
[2022-09-27 17:24:27.582][I][AutoBaseFunction.py(wrapper):14] Screen.MainWindow : setWidget_func 실행 종료
[2022-09-27 17:24:27.585][I][AutoBaseFunction.py(wrapper):14] Screen.MainWindow : setupUi 실행 종료
[2022-09-27 17:24:27.597][I][AutoBaseFunction.py(wrapper):7] __main__ : __set_slot 실행 시작
[2022-09-27 17:24:27.598][I][AutoBaseFunction.py(wrapper):8] Parameter : 
[2022-09-27 17:24:27.598][I][AutoBaseFunction.py(wrapper):14] __main__ : __set_slot 실행 종료
[2022-09-27 17:24:27.598][I][AutoBaseFunction.py(wrapper):7] __main__ : __wigets_setupUi 실행 시작
[2022-09-27 17:24:27.599][I][AutoBaseFunction.py(wrapper):8] Parameter : 
[2022-09-27 17:24:27.599][I][AutoBaseFunction.py(wrapper):7] Screen.Setup_Language : setupUI_Language 실행 시작
[2022-09-27 17:24:27.599][I][AutoBaseFunction.py(wrapper):8] Parameter : 
[2022-09-27 17:24:27.600][I][AutoBaseFunction.py(wrapper):7] Screen.Setup_Language : sl_set_slot 실행 시작
[2022-09-27 17:24:27.600][I][AutoBaseFunction.py(wrapper):8] Parameter : 
[2022-09-27 17:24:27.601][I][AutoBaseFunction.py(wrapper):14] Screen.Setup_Language : sl_set_slot 실행 종료
[2022-09-27 17:24:27.601][I][AutoBaseFunction.py(wrapper):14] Screen.Setup_Language : setupUI_Language 실행 종료
[2022-09-27 17:24:27.601][I][AutoBaseFunction.py(wrapper):7] Screen.Menu_CreateExcel : setupUI_CreateExcel 실행 시작
[2022-09-27 17:24:27.601][I][AutoBaseFunction.py(wrapper):8] Parameter : 
[2022-09-27 17:24:27.602][I][AutoBaseFunction.py(wrapper):7] Screen.Menu_CreateExcel : new_excel_func 실행 시작
[2022-09-27 17:24:27.602][I][AutoBaseFunction.py(wrapper):8] Parameter : 
[2022-09-27 17:24:27.603][I][AutoBaseFunction.py(wrapper):14] Screen.Menu_CreateExcel : new_excel_func 실행 종료
[2022-09-27 17:24:27.603][I][AutoBaseFunction.py(wrapper):7] Screen.Menu_CreateExcel : set_excel_func 실행 시작
[2022-09-27 17:24:27.603][I][AutoBaseFunction.py(wrapper):8] Parameter : 
[2022-09-27 17:24:27.604][I][AutoBaseFunction.py(wrapper):14] Screen.Menu_CreateExcel : set_excel_func 실행 종료
[2022-09-27 17:24:27.604][I][AutoBaseFunction.py(wrapper):14] Screen.Menu_CreateExcel : setupUI_CreateExcel 실행 종료
[2022-09-27 17:24:27.604][I][AutoBaseFunction.py(wrapper):7] Screen.Setup_Field : setupUI_Field 실행 시작
[2022-09-27 17:24:27.605][I][AutoBaseFunction.py(wrapper):8] Parameter : 
[2022-09-27 17:24:27.606][I][AutoBaseFunction.py(wrapper):7] Screen.Setup_Field : set_data 실행 시작
[2022-09-27 17:24:27.606][I][AutoBaseFunction.py(wrapper):8] Parameter : 
[2022-09-27 17:24:27.607][I][AutoBaseFunction.py(wrapper):14] Screen.Setup_Field : set_data 실행 종료
