[2022-09-26 18:00:39.486][D][LogManager.py(Init):12] LogManager Init function called !!!
[2022-09-26 18:00:39.502][I][AutoBaseFunction.py(wrapper):7] Screen.MainWindow : setupUi 실행 시작
[2022-09-26 18:00:39.503][I][AutoBaseFunction.py(wrapper):8] Parameter : 
[2022-09-26 18:00:39.529][I][AutoBaseFunction.py(wrapper):7] Screen.MainWindow : set_field 실행 시작
[2022-09-26 18:00:39.529][I][AutoBaseFunction.py(wrapper):8] Parameter : 
[2022-09-26 18:00:39.557][I][AutoBaseFunction.py(wrapper):14] Screen.MainWindow : set_field 실행 종료
[2022-09-26 18:00:39.558][I][AutoBaseFunction.py(wrapper):7] Screen.MainWindow : setWidget_func 실행 시작
[2022-09-26 18:00:39.558][I][AutoBaseFunction.py(wrapper):8] Parameter : 
[2022-09-26 18:00:39.560][I][AutoBaseFunction.py(wrapper):14] Screen.MainWindow : setWidget_func 실행 종료
[2022-09-26 18:00:39.563][I][AutoBaseFunction.py(wrapper):14] Screen.MainWindow : setupUi 실행 종료
[2022-09-26 18:00:39.576][I][AutoBaseFunction.py(wrapper):7] __main__ : __set_slot 실행 시작
[2022-09-26 18:00:39.576][I][AutoBaseFunction.py(wrapper):8] Parameter : 
[2022-09-26 18:00:39.577][I][AutoBaseFunction.py(wrapper):14] __main__ : __set_slot 실행 종료
[2022-09-26 18:00:39.577][I][AutoBaseFunction.py(wrapper):7] __main__ : __wigets_setupUi 실행 시작
[2022-09-26 18:00:39.577][I][AutoBaseFunction.py(wrapper):8] Parameter : 
[2022-09-26 18:00:39.578][I][AutoBaseFunction.py(wrapper):7] Screen.Setup_Language : setupUI_Language 실행 시작
[2022-09-26 18:00:39.578][I][AutoBaseFunction.py(wrapper):8] Parameter : 
[2022-09-26 18:00:39.579][I][AutoBaseFunction.py(wrapper):7] Screen.Setup_Language : sl_set_slot 실행 시작
[2022-09-26 18:00:39.579][I][AutoBaseFunction.py(wrapper):8] Parameter : 
[2022-09-26 18:00:39.579][I][AutoBaseFunction.py(wrapper):14] Screen.Setup_Language : sl_set_slot 실행 종료
[2022-09-26 18:00:39.579][I][AutoBaseFunction.py(wrapper):14] Screen.Setup_Language : setupUI_Language 실행 종료
[2022-09-26 18:00:39.580][I][AutoBaseFunction.py(wrapper):7] Screen.Menu_CreateExcel : setupUI_CreateExcel 실행 시작
[2022-09-26 18:00:39.580][I][AutoBaseFunction.py(wrapper):8] Parameter : 
[2022-09-26 18:00:39.581][I][AutoBaseFunction.py(wrapper):7] Screen.Menu_CreateExcel : new_excel_func 실행 시작
[2022-09-26 18:00:39.581][I][AutoBaseFunction.py(wrapper):8] Parameter : 
[2022-09-26 18:00:39.582][I][AutoBaseFunction.py(wrapper):14] Screen.Menu_CreateExcel : new_excel_func 실행 종료
[2022-09-26 18:00:39.582][I][AutoBaseFunction.py(wrapper):7] Screen.Menu_CreateExcel : set_excel_func 실행 시작
[2022-09-26 18:00:39.582][I][AutoBaseFunction.py(wrapper):8] Parameter : 
[2022-09-26 18:00:39.583][I][AutoBaseFunction.py(wrapper):14] Screen.Menu_CreateExcel : set_excel_func 실행 종료
[2022-09-26 18:00:39.583][I][AutoBaseFunction.py(wrapper):14] Screen.Menu_CreateExcel : setupUI_CreateExcel 실행 종료
[2022-09-26 18:00:39.583][I][AutoBaseFunction.py(wrapper):7] Screen.Setup_Field : setupUI_Field 실행 시작
[2022-09-26 18:00:39.584][I][AutoBaseFunction.py(wrapper):8] Parameter : 
[2022-09-26 18:00:39.584][I][AutoBaseFunction.py(wrapper):7] Screen.Setup_Field : set_data 실행 시작
[2022-09-26 18:00:39.585][I][AutoBaseFunction.py(wrapper):8] Parameter : 
[2022-09-26 18:00:39.585][I][AutoBaseFunction.py(wrapper):14] Screen.Setup_Field : set_data 실행 종료
[2022-09-26 18:00:39.829][I][AutoBaseFunction.py(wrapper):7] Screen.Setup_Field : set_data 실행 시작
[2022-09-26 18:00:39.830][I][AutoBaseFunction.py(wrapper):8] Parameter : 
[2022-09-26 18:00:39.830][I][AutoBaseFunction.py(wrapper):14] Screen.Setup_Field : set_data 실행 종료
[2022-09-26 18:00:39.831][I][AutoBaseFunction.py(wrapper):7] Screen.Setup_Field : set_data 실행 시작
[2022-09-26 18:00:39.831][I][AutoBaseFunction.py(wrapper):8] Parameter : 
[2022-09-26 18:00:39.831][I][AutoBaseFunction.py(wrapper):14] Screen.Setup_Field : set_data 실행 종료
[2022-09-26 18:00:39.831][I][AutoBaseFunction.py(wrapper):7] Screen.Setup_Field : set_data 실행 시작
[2022-09-26 18:00:39.832][I][AutoBaseFunction.py(wrapper):8] Parameter : 
[2022-09-26 18:00:39.832][I][AutoBaseFunction.py(wrapper):14] Screen.Setup_Field : set_data 실행 종료
[2022-09-26 18:00:39.832][I][AutoBaseFunction.py(wrapper):7] Screen.Setup_Field : set_data 실행 시작
[2022-09-26 18:00:39.832][I][AutoBaseFunction.py(wrapper):8] Parameter : 
[2022-09-26 18:00:39.833][I][AutoBaseFunction.py(wrapper):14] Screen.Setup_Field : set_data 실행 종료
[2022-09-26 18:00:39.833][I][AutoBaseFunction.py(wrapper):7] Screen.Setup_Field : set_data 실행 시작
[2022-09-26 18:00:39.833][I][AutoBaseFunction.py(wrapper):8] Parameter : 
[2022-09-26 18:00:39.834][I][AutoBaseFunction.py(wrapper):14] Screen.Setup_Field : set_data 실행 종료
[2022-09-26 18:00:39.834][I][AutoBaseFunction.py(wrapper):7] Screen.Setup_Field : sl_set_slot 실행 시작
[2022-09-26 18:00:39.834][I][AutoBaseFunction.py(wrapper):8] Parameter : 
[2022-09-26 18:00:39.834][I][AutoBaseFunction.py(wrapper):14] Screen.Setup_Field : sl_set_slot 실행 종료
[2022-09-26 18:00:39.834][I][AutoBaseFunction.py(wrapper):14] Screen.Setup_Field : setupUI_Field 실행 종료
[2022-09-26 18:00:39.835][I][AutoBaseFunction.py(wrapper):7] Screen.Setup_TestList : setupUI_TestList 실행 시작
[2022-09-26 18:00:39.835][I][AutoBaseFunction.py(wrapper):8] Parameter : 
[2022-09-26 18:00:39.836][I][AutoBaseFunction.py(wrapper):7] Screen.Setup_TestList : btn_set_slot 실행 시작
[2022-09-26 18:00:39.836][I][AutoBaseFunction.py(wrapper):8] Parameter : 
[2022-09-26 18:00:39.836][I][AutoBaseFunction.py(wrapper):14] Screen.Setup_TestList : btn_set_slot 실행 종료
[2022-09-26 18:00:39.836][I][AutoBaseFunction.py(wrapper):14] Screen.Setup_TestList : setupUI_TestList 실행 종료
[2022-09-26 18:00:39.836][I][AutoBaseFunction.py(wrapper):14] __main__ : __wigets_setupUi 실행 종료
[2022-09-26 18:00:41.540][I][AutoBaseFunction.py(wrapper):7] __main__ : __sl_ui 실행 시작
[2022-09-26 18:00:41.540][I][AutoBaseFunction.py(wrapper):8] Parameter : False
[2022-09-26 18:00:41.541][I][AutoBaseFunction.py(wrapper):7] Screen.Setup_Language : setLang_Button 실행 시작
[2022-09-26 18:00:41.541][I][AutoBaseFunction.py(wrapper):8] Parameter : 
[2022-09-26 18:00:41.541][I][AutoBaseFunction.py(wrapper):14] Screen.Setup_Language : setLang_Button 실행 종료
[2022-09-26 18:00:41.553][I][AutoBaseFunction.py(wrapper):14] __main__ : __sl_ui 실행 종료
[2022-09-26 18:00:43.778][I][AutoBaseFunction.py(wrapper):7] Screen.Setup_Language : keyPressEvent 실행 시작
[2022-09-26 18:00:43.779][I][AutoBaseFunction.py(wrapper):8] Parameter : <PyQt5.QtGui.QKeyEvent object at 0x0000024B49BFA798>
[2022-09-26 18:00:43.779][I][AutoBaseFunction.py(wrapper):14] Screen.Setup_Language : keyPressEvent 실행 종료
[2022-09-26 18:00:51.699][I][AutoBaseFunction.py(wrapper):7] Screen.Setup_Language : ok_Button_clicked 실행 시작
[2022-09-26 18:00:51.699][I][AutoBaseFunction.py(wrapper):8] Parameter : False
[2022-09-26 18:00:51.787][I][AutoBaseFunction.py(wrapper):7] Screen.Setup_Language : closeEvent 실행 시작
[2022-09-26 18:00:51.787][I][AutoBaseFunction.py(wrapper):8] Parameter : <PyQt5.QtGui.QCloseEvent object at 0x0000024B49BFAD38>
[2022-09-26 18:00:51.788][I][AutoBaseFunction.py(wrapper):14] Screen.Setup_Language : closeEvent 실행 종료
[2022-09-26 18:00:51.793][I][AutoBaseFunction.py(wrapper):14] Screen.Setup_Language : ok_Button_clicked 실행 종료
[2022-09-26 18:03:56.200][I][AutoBaseFunction.py(wrapper):7] Screen.MainWindow : closeEvent 실행 시작
[2022-09-26 18:03:56.201][I][AutoBaseFunction.py(wrapper):8] Parameter : <PyQt5.QtGui.QCloseEvent object at 0x0000024B49BFAD38>
