[2022-09-23 17:26:09.871][D][LogManager.py(Init):12] LogManager Init function called !!!
[2022-09-23 17:26:09.885][I][AutoBaseFunction.py(wrapper):7] Screen.MainWindow : setupUi 실행 시작
[2022-09-23 17:26:09.886][I][AutoBaseFunction.py(wrapper):8] Parameter : 
[2022-09-23 17:26:09.901][I][AutoBaseFunction.py(wrapper):7] Screen.MainWindow : set_field 실행 시작
[2022-09-23 17:26:09.901][I][AutoBaseFunction.py(wrapper):8] Parameter : 
[2022-09-23 17:26:09.932][I][AutoBaseFunction.py(wrapper):14] Screen.MainWindow : set_field 실행 종료
[2022-09-23 17:26:09.932][I][AutoBaseFunction.py(wrapper):7] Screen.MainWindow : setWidget_func 실행 시작
[2022-09-23 17:26:09.932][I][AutoBaseFunction.py(wrapper):8] Parameter : 
[2022-09-23 17:26:09.934][I][AutoBaseFunction.py(wrapper):14] Screen.MainWindow : setWidget_func 실행 종료
[2022-09-23 17:26:09.937][I][AutoBaseFunction.py(wrapper):14] Screen.MainWindow : setupUi 실행 종료
[2022-09-23 17:26:09.945][I][AutoBaseFunction.py(wrapper):7] __main__ : __set_slot 실행 시작
[2022-09-23 17:26:09.945][I][AutoBaseFunction.py(wrapper):8] Parameter : 
[2022-09-23 17:26:09.946][I][AutoBaseFunction.py(wrapper):14] __main__ : __set_slot 실행 종료
[2022-09-23 17:26:09.946][I][AutoBaseFunction.py(wrapper):7] __main__ : __wigets_setupUi 실행 시작
[2022-09-23 17:26:09.946][I][AutoBaseFunction.py(wrapper):8] Parameter : 
[2022-09-23 17:26:09.947][I][AutoBaseFunction.py(wrapper):7] Screen.Setup_Language : setupUI_Language 실행 시작
[2022-09-23 17:26:09.947][I][AutoBaseFunction.py(wrapper):8] Parameter : 
[2022-09-23 17:26:09.948][I][AutoBaseFunction.py(wrapper):7] Screen.Setup_Language : sl_set_slot 실행 시작
[2022-09-23 17:26:09.948][I][AutoBaseFunction.py(wrapper):8] Parameter : 
[2022-09-23 17:26:09.949][I][AutoBaseFunction.py(wrapper):14] Screen.Setup_Language : sl_set_slot 실행 종료
[2022-09-23 17:26:09.949][I][AutoBaseFunction.py(wrapper):14] Screen.Setup_Language : setupUI_Language 실행 종료
[2022-09-23 17:26:09.949][I][AutoBaseFunction.py(wrapper):7] Screen.Menu_CreateExcel : setupUI_CreateExcel 실행 시작
[2022-09-23 17:26:09.950][I][AutoBaseFunction.py(wrapper):8] Parameter : 
[2022-09-23 17:26:09.951][I][AutoBaseFunction.py(wrapper):7] Screen.Menu_CreateExcel : new_excel_func 실행 시작
[2022-09-23 17:26:09.951][I][AutoBaseFunction.py(wrapper):8] Parameter : 
[2022-09-23 17:26:09.952][I][AutoBaseFunction.py(wrapper):14] Screen.Menu_CreateExcel : new_excel_func 실행 종료
[2022-09-23 17:26:09.952][I][AutoBaseFunction.py(wrapper):7] Screen.Menu_CreateExcel : set_excel_func 실행 시작
[2022-09-23 17:26:09.952][I][AutoBaseFunction.py(wrapper):8] Parameter : 
[2022-09-23 17:26:09.953][I][AutoBaseFunction.py(wrapper):14] Screen.Menu_CreateExcel : set_excel_func 실행 종료
[2022-09-23 17:26:09.953][I][AutoBaseFunction.py(wrapper):14] Screen.Menu_CreateExcel : setupUI_CreateExcel 실행 종료
[2022-09-23 17:26:09.953][I][AutoBaseFunction.py(wrapper):7] Screen.Setup_Field : setupUI_Field 실행 시작
[2022-09-23 17:26:09.954][I][AutoBaseFunction.py(wrapper):8] Parameter : 
[2022-09-23 17:26:09.954][I][AutoBaseFunction.py(wrapper):7] Screen.Setup_Field : set_data 실행 시작
[2022-09-23 17:26:09.954][I][AutoBaseFunction.py(wrapper):8] Parameter : 
[2022-09-23 17:26:09.955][I][AutoBaseFunction.py(wrapper):14] Screen.Setup_Field : set_data 실행 종료
[2022-09-23 17:26:10.191][I][AutoBaseFunction.py(wrapper):7] Screen.Setup_Field : set_data 실행 시작
[2022-09-23 17:26:10.192][I][AutoBaseFunction.py(wrapper):8] Parameter : 
[2022-09-23 17:26:10.192][I][AutoBaseFunction.py(wrapper):14] Screen.Setup_Field : set_data 실행 종료
[2022-09-23 17:26:10.193][I][AutoBaseFunction.py(wrapper):7] Screen.Setup_Field : set_data 실행 시작
[2022-09-23 17:26:10.193][I][AutoBaseFunction.py(wrapper):8] Parameter : 
[2022-09-23 17:26:10.193][I][AutoBaseFunction.py(wrapper):14] Screen.Setup_Field : set_data 실행 종료
[2022-09-23 17:26:10.194][I][AutoBaseFunction.py(wrapper):7] Screen.Setup_Field : set_data 실행 시작
[2022-09-23 17:26:10.194][I][AutoBaseFunction.py(wrapper):8] Parameter : 
[2022-09-23 17:26:10.194][I][AutoBaseFunction.py(wrapper):14] Screen.Setup_Field : set_data 실행 종료
[2022-09-23 17:26:10.195][I][AutoBaseFunction.py(wrapper):7] Screen.Setup_Field : set_data 실행 시작
[2022-09-23 17:26:10.195][I][AutoBaseFunction.py(wrapper):8] Parameter : 
[2022-09-23 17:26:10.195][I][AutoBaseFunction.py(wrapper):14] Screen.Setup_Field : set_data 실행 종료
[2022-09-23 17:26:10.196][I][AutoBaseFunction.py(wrapper):7] Screen.Setup_Field : set_data 실행 시작
[2022-09-23 17:26:10.196][I][AutoBaseFunction.py(wrapper):8] Parameter : 
[2022-09-23 17:26:10.196][I][AutoBaseFunction.py(wrapper):14] Screen.Setup_Field : set_data 실행 종료
[2022-09-23 17:26:10.196][I][AutoBaseFunction.py(wrapper):7] Screen.Setup_Field : sl_set_slot 실행 시작
[2022-09-23 17:26:10.197][I][AutoBaseFunction.py(wrapper):8] Parameter : 
[2022-09-23 17:26:10.197][I][AutoBaseFunction.py(wrapper):14] Screen.Setup_Field : sl_set_slot 실행 종료
[2022-09-23 17:26:10.197][I][AutoBaseFunction.py(wrapper):14] Screen.Setup_Field : setupUI_Field 실행 종료
[2022-09-23 17:26:10.197][I][AutoBaseFunction.py(wrapper):7] Screen.Setup_TestList : setupUI_TestList 실행 시작
[2022-09-23 17:26:10.197][I][AutoBaseFunction.py(wrapper):8] Parameter : 
[2022-09-23 17:26:10.198][I][AutoBaseFunction.py(wrapper):7] Screen.Setup_TestList : btn_set_slot 실행 시작
[2022-09-23 17:26:10.199][I][AutoBaseFunction.py(wrapper):8] Parameter : 
[2022-09-23 17:26:10.199][I][AutoBaseFunction.py(wrapper):14] Screen.Setup_TestList : btn_set_slot 실행 종료
[2022-09-23 17:26:10.199][I][AutoBaseFunction.py(wrapper):14] Screen.Setup_TestList : setupUI_TestList 실행 종료
[2022-09-23 17:26:10.199][I][AutoBaseFunction.py(wrapper):14] __main__ : __wigets_setupUi 실행 종료
[2022-09-23 17:26:11.775][I][AutoBaseFunction.py(wrapper):7] __main__ : __tl_ui 실행 시작
[2022-09-23 17:26:11.775][I][AutoBaseFunction.py(wrapper):8] Parameter : False
[2022-09-23 17:26:11.776][I][AutoBaseFunction.py(wrapper):7] Screen.Setup_TestList : setTest_Button 실행 시작
[2022-09-23 17:26:11.776][I][AutoBaseFunction.py(wrapper):8] Parameter : 
[2022-09-23 17:26:11.778][I][AutoBaseFunction.py(wrapper):14] Screen.Setup_TestList : setTest_Button 실행 종료
[2022-09-23 17:26:11.791][I][AutoBaseFunction.py(wrapper):14] __main__ : __tl_ui 실행 종료
[2022-09-23 17:26:12.766][I][AutoBaseFunction.py(wrapper):7] Screen.Setup_TestList : ok_Button_clicked 실행 시작
[2022-09-23 17:26:12.766][I][AutoBaseFunction.py(wrapper):8] Parameter : False
[2022-09-23 17:26:12.847][I][AutoBaseFunction.py(wrapper):7] Screen.MainWindow : setWidget_func 실행 시작
[2022-09-23 17:26:12.848][I][AutoBaseFunction.py(wrapper):8] Parameter : 
[2022-09-23 17:26:12.849][I][AutoBaseFunction.py(wrapper):14] Screen.MainWindow : setWidget_func 실행 종료
[2022-09-23 17:26:12.849][I][AutoBaseFunction.py(wrapper):7] Screen.Setup_TestList : closeEvent 실행 시작
[2022-09-23 17:26:12.850][I][AutoBaseFunction.py(wrapper):8] Parameter : <PyQt5.QtGui.QCloseEvent object at 0x0000020147EF7F78>
[2022-09-23 17:26:12.850][I][AutoBaseFunction.py(wrapper):14] Screen.Setup_TestList : closeEvent 실행 종료
[2022-09-23 17:26:12.857][I][AutoBaseFunction.py(wrapper):14] Screen.Setup_TestList : ok_Button_clicked 실행 종료
[2022-09-23 17:26:15.415][I][AutoBaseFunction.py(wrapper):7] __main__ : __tl_ui 실행 시작
[2022-09-23 17:26:15.415][I][AutoBaseFunction.py(wrapper):8] Parameter : False
[2022-09-23 17:26:15.416][I][AutoBaseFunction.py(wrapper):7] Screen.Setup_TestList : setTest_Button 실행 시작
[2022-09-23 17:26:15.416][I][AutoBaseFunction.py(wrapper):8] Parameter : 
[2022-09-23 17:26:15.418][I][AutoBaseFunction.py(wrapper):14] Screen.Setup_TestList : setTest_Button 실행 종료
[2022-09-23 17:26:15.424][I][AutoBaseFunction.py(wrapper):14] __main__ : __tl_ui 실행 종료
[2022-09-23 17:26:16.301][I][AutoBaseFunction.py(wrapper):7] Screen.Setup_TestList : cancel_Button_clicked 실행 시작
[2022-09-23 17:26:16.301][I][AutoBaseFunction.py(wrapper):8] Parameter : False
[2022-09-23 17:26:16.302][I][AutoBaseFunction.py(wrapper):7] Screen.Setup_TestList : closeEvent 실행 시작
[2022-09-23 17:26:16.302][I][AutoBaseFunction.py(wrapper):8] Parameter : <PyQt5.QtGui.QCloseEvent object at 0x0000020147FC0B88>
[2022-09-23 17:26:16.303][I][AutoBaseFunction.py(wrapper):14] Screen.Setup_TestList : closeEvent 실행 종료
[2022-09-23 17:26:16.307][I][AutoBaseFunction.py(wrapper):14] Screen.Setup_TestList : cancel_Button_clicked 실행 종료
[2022-09-23 17:26:18.031][I][AutoBaseFunction.py(wrapper):7] __main__ : __sf_ui 실행 시작
[2022-09-23 17:26:18.032][I][AutoBaseFunction.py(wrapper):8] Parameter : False
[2022-09-23 17:26:18.045][I][AutoBaseFunction.py(wrapper):14] __main__ : __sf_ui 실행 종료
[2022-09-23 17:26:18.822][I][AutoBaseFunction.py(wrapper):7] Screen.Setup_Field : closeEvent 실행 시작
[2022-09-23 17:26:18.822][I][AutoBaseFunction.py(wrapper):8] Parameter : <PyQt5.QtGui.QCloseEvent object at 0x0000020147FC0B88>
[2022-09-23 17:26:18.823][I][AutoBaseFunction.py(wrapper):14] Screen.Setup_Field : closeEvent 실행 종료
[2022-09-23 17:26:20.511][I][AutoBaseFunction.py(wrapper):7] __main__ : __sf_ui 실행 시작
[2022-09-23 17:26:20.512][I][AutoBaseFunction.py(wrapper):8] Parameter : False
[2022-09-23 17:26:20.518][I][AutoBaseFunction.py(wrapper):14] __main__ : __sf_ui 실행 종료
[2022-09-23 17:26:21.357][I][AutoBaseFunction.py(wrapper):7] Screen.Setup_Field : ok_Button_clicked 실행 시작
[2022-09-23 17:26:21.357][I][AutoBaseFunction.py(wrapper):8] Parameter : False
