[2022-09-27 17:23:52.758][D][LogManager.py(Init):12] LogManager Init function called !!!
[2022-09-27 17:23:52.775][I][AutoBaseFunction.py(wrapper):7] Screen.MainWindow : setupUi 실행 시작
[2022-09-27 17:23:52.775][I][AutoBaseFunction.py(wrapper):8] Parameter : 
[2022-09-27 17:23:52.794][I][AutoBaseFunction.py(wrapper):7] Screen.MainWindow : set_field 실행 시작
[2022-09-27 17:23:52.795][I][AutoBaseFunction.py(wrapper):8] Parameter : 
[2022-09-27 17:23:52.808][I][AutoBaseFunction.py(wrapper):14] Screen.MainWindow : set_field 실행 종료
[2022-09-27 17:23:52.809][I][AutoBaseFunction.py(wrapper):7] Screen.MainWindow : setWidget_func 실행 시작
[2022-09-27 17:23:52.809][I][AutoBaseFunction.py(wrapper):8] Parameter : 
[2022-09-27 17:23:52.811][I][AutoBaseFunction.py(wrapper):14] Screen.MainWindow : setWidget_func 실행 종료
[2022-09-27 17:23:52.814][I][AutoBaseFunction.py(wrapper):14] Screen.MainWindow : setupUi 실행 종료
[2022-09-27 17:23:52.820][I][AutoBaseFunction.py(wrapper):7] __main__ : __set_slot 실행 시작
[2022-09-27 17:23:52.820][I][AutoBaseFunction.py(wrapper):8] Parameter : 
[2022-09-27 17:23:52.821][I][AutoBaseFunction.py(wrapper):14] __main__ : __set_slot 실행 종료
[2022-09-27 17:23:52.821][I][AutoBaseFunction.py(wrapper):7] __main__ : __wigets_setupUi 실행 시작
[2022-09-27 17:23:52.821][I][AutoBaseFunction.py(wrapper):8] Parameter : 
[2022-09-27 17:23:52.821][I][AutoBaseFunction.py(wrapper):7] Screen.Setup_Language : setupUI_Language 실행 시작
[2022-09-27 17:23:52.821][I][AutoBaseFunction.py(wrapper):8] Parameter : 
[2022-09-27 17:23:52.822][I][AutoBaseFunction.py(wrapper):7] Screen.Setup_Language : sl_set_slot 실행 시작
[2022-09-27 17:23:52.822][I][AutoBaseFunction.py(wrapper):8] Parameter : 
[2022-09-27 17:23:52.823][I][AutoBaseFunction.py(wrapper):14] Screen.Setup_Language : sl_set_slot 실행 종료
[2022-09-27 17:23:52.823][I][AutoBaseFunction.py(wrapper):14] Screen.Setup_Language : setupUI_Language 실행 종료
[2022-09-27 17:23:52.823][I][AutoBaseFunction.py(wrapper):7] Screen.Menu_CreateExcel : setupUI_CreateExcel 실행 시작
[2022-09-27 17:23:52.824][I][AutoBaseFunction.py(wrapper):8] Parameter : 
[2022-09-27 17:23:52.825][I][AutoBaseFunction.py(wrapper):7] Screen.Menu_CreateExcel : new_excel_func 실행 시작
[2022-09-27 17:23:52.825][I][AutoBaseFunction.py(wrapper):8] Parameter : 
[2022-09-27 17:23:52.825][I][AutoBaseFunction.py(wrapper):14] Screen.Menu_CreateExcel : new_excel_func 실행 종료
[2022-09-27 17:23:52.826][I][AutoBaseFunction.py(wrapper):7] Screen.Menu_CreateExcel : set_excel_func 실행 시작
[2022-09-27 17:23:52.826][I][AutoBaseFunction.py(wrapper):8] Parameter : 
[2022-09-27 17:23:52.827][I][AutoBaseFunction.py(wrapper):14] Screen.Menu_CreateExcel : set_excel_func 실행 종료
[2022-09-27 17:23:52.827][I][AutoBaseFunction.py(wrapper):14] Screen.Menu_CreateExcel : setupUI_CreateExcel 실행 종료
[2022-09-27 17:23:52.827][I][AutoBaseFunction.py(wrapper):7] Screen.Setup_Field : setupUI_Field 실행 시작
[2022-09-27 17:23:52.828][I][AutoBaseFunction.py(wrapper):8] Parameter : 
[2022-09-27 17:23:52.829][I][AutoBaseFunction.py(wrapper):7] Screen.Setup_Field : set_data 실행 시작
[2022-09-27 17:23:52.829][I][AutoBaseFunction.py(wrapper):8] Parameter : 
[2022-09-27 17:23:52.830][I][AutoBaseFunction.py(wrapper):14] Screen.Setup_Field : set_data 실행 종료
[2022-09-27 17:23:53.057][I][AutoBaseFunction.py(wrapper):7] Screen.Setup_Field : set_data 실행 시작
[2022-09-27 17:23:53.057][I][AutoBaseFunction.py(wrapper):8] Parameter : 
[2022-09-27 17:23:53.058][I][AutoBaseFunction.py(wrapper):14] Screen.Setup_Field : set_data 실행 종료
