[2022-10-04 17:44:48.932][D][LogManager.py(Init):12] LogManager Init function called !!!
[2022-10-04 17:44:48.957][I][AutoBaseFunction.py(wrapper):7] Screen.MainWindow : setupUi 실행 시작
[2022-10-04 17:44:48.957][I][AutoBaseFunction.py(wrapper):8] Parameter : 
[2022-10-04 17:44:48.960][I][AutoBaseFunction.py(wrapper):7] Screen.MainWindow : set_field 실행 시작
[2022-10-04 17:44:48.961][I][AutoBaseFunction.py(wrapper):8] Parameter : 
[2022-10-04 17:44:48.991][I][AutoBaseFunction.py(wrapper):14] Screen.MainWindow : set_field 실행 종료
[2022-10-04 17:44:48.991][I][AutoBaseFunction.py(wrapper):7] Screen.MainWindow : setWidget_func 실행 시작
[2022-10-04 17:44:48.991][I][AutoBaseFunction.py(wrapper):8] Parameter : 
[2022-10-04 17:44:48.993][I][AutoBaseFunction.py(wrapper):14] Screen.MainWindow : setWidget_func 실행 종료
[2022-10-04 17:44:48.995][I][AutoBaseFunction.py(wrapper):14] Screen.MainWindow : setupUi 실행 종료
[2022-10-04 17:44:49.002][I][AutoBaseFunction.py(wrapper):7] __main__ : __set_slot 실행 시작
[2022-10-04 17:44:49.003][I][AutoBaseFunction.py(wrapper):8] Parameter : 
[2022-10-04 17:44:49.004][I][AutoBaseFunction.py(wrapper):14] __main__ : __set_slot 실행 종료
[2022-10-04 17:44:49.004][I][AutoBaseFunction.py(wrapper):7] __main__ : __wigets_setupUi 실행 시작
[2022-10-04 17:44:49.005][I][AutoBaseFunction.py(wrapper):8] Parameter : 
[2022-10-04 17:44:49.006][I][AutoBaseFunction.py(wrapper):7] Screen.Setup_Language : setupUI_Language 실행 시작
[2022-10-04 17:44:49.006][I][AutoBaseFunction.py(wrapper):8] Parameter : 
[2022-10-04 17:44:49.007][I][AutoBaseFunction.py(wrapper):7] Screen.Setup_Language : sl_set_slot 실행 시작
[2022-10-04 17:44:49.008][I][AutoBaseFunction.py(wrapper):8] Parameter : 
[2022-10-04 17:44:49.008][I][AutoBaseFunction.py(wrapper):14] Screen.Setup_Language : sl_set_slot 실행 종료
[2022-10-04 17:44:49.008][I][AutoBaseFunction.py(wrapper):14] Screen.Setup_Language : setupUI_Language 실행 종료
[2022-10-04 17:44:49.009][I][AutoBaseFunction.py(wrapper):7] Screen.Menu_CreateExcel : setupUI_CreateExcel 실행 시작
[2022-10-04 17:44:49.009][I][AutoBaseFunction.py(wrapper):8] Parameter : 
[2022-10-04 17:44:49.011][I][AutoBaseFunction.py(wrapper):7] Screen.Menu_CreateExcel : new_excel_func 실행 시작
[2022-10-04 17:44:49.011][I][AutoBaseFunction.py(wrapper):8] Parameter : 
[2022-10-04 17:44:49.013][I][AutoBaseFunction.py(wrapper):14] Screen.Menu_CreateExcel : new_excel_func 실행 종료
[2022-10-04 17:44:49.013][I][AutoBaseFunction.py(wrapper):7] Screen.Menu_CreateExcel : set_excel_func 실행 시작
[2022-10-04 17:44:49.013][I][AutoBaseFunction.py(wrapper):8] Parameter : 
[2022-10-04 17:44:49.013][I][AutoBaseFunction.py(wrapper):14] Screen.Menu_CreateExcel : set_excel_func 실행 종료
[2022-10-04 17:44:49.014][I][AutoBaseFunction.py(wrapper):14] Screen.Menu_CreateExcel : setupUI_CreateExcel 실행 종료
[2022-10-04 17:44:49.014][I][AutoBaseFunction.py(wrapper):7] Screen.Setup_Field : setupUI_Field 실행 시작
[2022-10-04 17:44:49.015][I][AutoBaseFunction.py(wrapper):8] Parameter : 
[2022-10-04 17:44:49.018][I][AutoBaseFunction.py(wrapper):7] Screen.Setup_Field : set_data 실행 시작
[2022-10-04 17:44:49.019][I][AutoBaseFunction.py(wrapper):8] Parameter : 
[2022-10-04 17:44:49.019][I][AutoBaseFunction.py(wrapper):14] Screen.Setup_Field : set_data 실행 종료
[2022-10-04 17:44:49.261][I][AutoBaseFunction.py(wrapper):7] Screen.Setup_Field : set_data 실행 시작
[2022-10-04 17:44:49.261][I][AutoBaseFunction.py(wrapper):8] Parameter : 
[2022-10-04 17:44:49.262][I][AutoBaseFunction.py(wrapper):14] Screen.Setup_Field : set_data 실행 종료
[2022-10-04 17:44:49.262][I][AutoBaseFunction.py(wrapper):7] Screen.Setup_Field : set_data 실행 시작
[2022-10-04 17:44:49.263][I][AutoBaseFunction.py(wrapper):8] Parameter : 
[2022-10-04 17:44:49.263][I][AutoBaseFunction.py(wrapper):14] Screen.Setup_Field : set_data 실행 종료
[2022-10-04 17:44:49.264][I][AutoBaseFunction.py(wrapper):7] Screen.Setup_Field : set_data 실행 시작
[2022-10-04 17:44:49.264][I][AutoBaseFunction.py(wrapper):8] Parameter : 
[2022-10-04 17:44:49.265][I][AutoBaseFunction.py(wrapper):14] Screen.Setup_Field : set_data 실행 종료
[2022-10-04 17:44:49.265][I][AutoBaseFunction.py(wrapper):7] Screen.Setup_Field : set_data 실행 시작
[2022-10-04 17:44:49.265][I][AutoBaseFunction.py(wrapper):8] Parameter : 
[2022-10-04 17:44:49.266][I][AutoBaseFunction.py(wrapper):14] Screen.Setup_Field : set_data 실행 종료
[2022-10-04 17:44:49.266][I][AutoBaseFunction.py(wrapper):7] Screen.Setup_Field : set_data 실행 시작
[2022-10-04 17:44:49.266][I][AutoBaseFunction.py(wrapper):8] Parameter : 
[2022-10-04 17:44:49.266][I][AutoBaseFunction.py(wrapper):14] Screen.Setup_Field : set_data 실행 종료
[2022-10-04 17:44:49.266][I][AutoBaseFunction.py(wrapper):7] Screen.Setup_Field : sl_set_slot 실행 시작
[2022-10-04 17:44:49.266][I][AutoBaseFunction.py(wrapper):8] Parameter : 
[2022-10-04 17:44:49.267][I][AutoBaseFunction.py(wrapper):14] Screen.Setup_Field : sl_set_slot 실행 종료
[2022-10-04 17:44:49.267][I][AutoBaseFunction.py(wrapper):14] Screen.Setup_Field : setupUI_Field 실행 종료
[2022-10-04 17:44:49.267][I][AutoBaseFunction.py(wrapper):7] Screen.Setup_TestList : setupUI_TestList 실행 시작
[2022-10-04 17:44:49.268][I][AutoBaseFunction.py(wrapper):8] Parameter : 
[2022-10-04 17:44:49.268][I][AutoBaseFunction.py(wrapper):7] Screen.Setup_TestList : btn_set_slot 실행 시작
[2022-10-04 17:44:49.269][I][AutoBaseFunction.py(wrapper):8] Parameter : 
[2022-10-04 17:44:49.269][I][AutoBaseFunction.py(wrapper):14] Screen.Setup_TestList : btn_set_slot 실행 종료
[2022-10-04 17:44:49.269][I][AutoBaseFunction.py(wrapper):14] Screen.Setup_TestList : setupUI_TestList 실행 종료
[2022-10-04 17:44:49.269][I][AutoBaseFunction.py(wrapper):14] __main__ : __wigets_setupUi 실행 종료
[2022-10-04 17:44:50.830][I][AutoBaseFunction.py(wrapper):7] __main__ : __sl_ui 실행 시작
[2022-10-04 17:44:50.830][I][AutoBaseFunction.py(wrapper):8] Parameter : False
[2022-10-04 17:44:50.831][I][AutoBaseFunction.py(wrapper):7] Screen.Setup_Language : setLang_Button 실행 시작
[2022-10-04 17:44:50.831][I][AutoBaseFunction.py(wrapper):8] Parameter : 
[2022-10-04 17:44:50.834][I][AutoBaseFunction.py(wrapper):14] Screen.Setup_Language : setLang_Button 실행 종료
[2022-10-04 17:44:50.847][I][AutoBaseFunction.py(wrapper):14] __main__ : __sl_ui 실행 종료
[2022-10-04 17:44:51.685][I][AutoBaseFunction.py(wrapper):7] Screen.Setup_Language : ok_Button_clicked 실행 시작
[2022-10-04 17:44:51.685][I][AutoBaseFunction.py(wrapper):8] Parameter : False
[2022-10-04 17:44:51.780][I][AutoBaseFunction.py(wrapper):7] Screen.Setup_Language : closeEvent 실행 시작
[2022-10-04 17:44:51.781][I][AutoBaseFunction.py(wrapper):8] Parameter : <PyQt5.QtGui.QCloseEvent object at 0x000002610B93D438>
[2022-10-04 17:44:51.781][I][AutoBaseFunction.py(wrapper):14] Screen.Setup_Language : closeEvent 실행 종료
[2022-10-04 17:44:51.787][I][AutoBaseFunction.py(wrapper):14] Screen.Setup_Language : ok_Button_clicked 실행 종료
[2022-10-04 17:44:53.177][I][AutoBaseFunction.py(wrapper):7] Screen.MainWindow : update_open_menu 실행 시작
[2022-10-04 17:44:53.177][I][AutoBaseFunction.py(wrapper):8] Parameter : 
[2022-10-04 17:44:53.179][I][AutoBaseFunction.py(wrapper):14] Screen.MainWindow : update_open_menu 실행 종료
[2022-10-04 17:44:54.086][I][AutoBaseFunction.py(wrapper):7] Screen.MainWindow : update_open_menu 실행 시작
[2022-10-04 17:44:54.087][I][AutoBaseFunction.py(wrapper):8] Parameter : 
[2022-10-04 17:44:54.088][I][AutoBaseFunction.py(wrapper):14] Screen.MainWindow : update_open_menu 실행 종료
[2022-10-04 17:44:54.999][I][AutoBaseFunction.py(wrapper):7] Screen.MainWindow : show_imgList 실행 시작
[2022-10-04 17:44:54.999][I][AutoBaseFunction.py(wrapper):8] Parameter : ('한국어', 'D:/test/TestList_CSV/2022_skillup-master'), True, True
[2022-10-04 17:44:55.053][I][AutoBaseFunction.py(wrapper):7] Screen.MainWindow : qbutton_clicked 실행 시작
[2022-10-04 17:44:55.054][I][AutoBaseFunction.py(wrapper):8] Parameter : None, 0, <Screen.MainWindow.QPushButtonIcon object at 0x000002610B98B288>, False
[2022-10-04 17:44:55.095][I][AutoBaseFunction.py(wrapper):14] Screen.MainWindow : qbutton_clicked 실행 종료
[2022-10-04 17:44:55.095][I][AutoBaseFunction.py(wrapper):14] Screen.MainWindow : show_imgList 실행 종료
[2022-10-04 17:44:56.054][I][AutoBaseFunction.py(wrapper):7] Screen.MainWindow : allPass_clicked 실행 시작
[2022-10-04 17:44:56.054][I][AutoBaseFunction.py(wrapper):8] Parameter : False
[2022-10-04 17:44:56.055][I][AutoBaseFunction.py(wrapper):14] Screen.MainWindow : allPass_clicked 실행 종료
[2022-10-04 17:44:56.861][I][AutoBaseFunction.py(wrapper):7] Screen.MainWindow : btn_onClicked 실행 시작
[2022-10-04 17:44:56.861][I][AutoBaseFunction.py(wrapper):8] Parameter : True
