[2022-09-23 10:21:34.922][D][LogManager.py(Init):12] LogManager Init function called !!!
[2022-09-23 10:21:34.935][I][AutoBaseFunction.py(wrapper):7] Screen.MainWindow : setupUi 실행 시작
[2022-09-23 10:21:34.935][I][AutoBaseFunction.py(wrapper):8] Parameter : 
[2022-09-23 10:21:34.952][I][AutoBaseFunction.py(wrapper):7] Screen.MainWindow : set_field 실행 시작
[2022-09-23 10:21:34.953][I][AutoBaseFunction.py(wrapper):8] Parameter : 
[2022-09-23 10:21:34.988][I][AutoBaseFunction.py(wrapper):14] Screen.MainWindow : set_field 실행 종료
[2022-09-23 10:21:34.989][I][AutoBaseFunction.py(wrapper):7] Screen.MainWindow : setWidget_func 실행 시작
[2022-09-23 10:21:34.989][I][AutoBaseFunction.py(wrapper):8] Parameter : 
[2022-09-23 10:21:34.991][I][AutoBaseFunction.py(wrapper):14] Screen.MainWindow : setWidget_func 실행 종료
[2022-09-23 10:21:34.995][I][AutoBaseFunction.py(wrapper):14] Screen.MainWindow : setupUi 실행 종료
[2022-09-23 10:21:35.001][I][AutoBaseFunction.py(wrapper):7] __main__ : __set_slot 실행 시작
[2022-09-23 10:21:35.001][I][AutoBaseFunction.py(wrapper):8] Parameter : 
[2022-09-23 10:21:35.002][I][AutoBaseFunction.py(wrapper):14] __main__ : __set_slot 실행 종료
[2022-09-23 10:21:35.002][I][AutoBaseFunction.py(wrapper):7] __main__ : __wigets_setupUi 실행 시작
[2022-09-23 10:21:35.002][I][AutoBaseFunction.py(wrapper):8] Parameter : 
[2022-09-23 10:21:35.003][I][AutoBaseFunction.py(wrapper):7] Screen.Setup_Language : setupUI_Language 실행 시작
[2022-09-23 10:21:35.003][I][AutoBaseFunction.py(wrapper):8] Parameter : 
[2022-09-23 10:21:35.003][I][AutoBaseFunction.py(wrapper):7] Screen.Setup_Language : sl_set_slot 실행 시작
[2022-09-23 10:21:35.004][I][AutoBaseFunction.py(wrapper):8] Parameter : 
[2022-09-23 10:21:35.004][I][AutoBaseFunction.py(wrapper):14] Screen.Setup_Language : sl_set_slot 실행 종료
[2022-09-23 10:21:35.004][I][AutoBaseFunction.py(wrapper):14] Screen.Setup_Language : setupUI_Language 실행 종료
[2022-09-23 10:21:35.005][I][AutoBaseFunction.py(wrapper):7] Screen.Menu_CreateExcel : setupUI_CreateExcel 실행 시작
[2022-09-23 10:21:35.005][I][AutoBaseFunction.py(wrapper):8] Parameter : 
[2022-09-23 10:21:35.006][I][AutoBaseFunction.py(wrapper):7] Screen.Menu_CreateExcel : new_excel_func 실행 시작
[2022-09-23 10:21:35.007][I][AutoBaseFunction.py(wrapper):8] Parameter : 
[2022-09-23 10:21:35.008][I][AutoBaseFunction.py(wrapper):14] Screen.Menu_CreateExcel : new_excel_func 실행 종료
[2022-09-23 10:21:35.008][I][AutoBaseFunction.py(wrapper):7] Screen.Menu_CreateExcel : set_excel_func 실행 시작
[2022-09-23 10:21:35.008][I][AutoBaseFunction.py(wrapper):8] Parameter : 
[2022-09-23 10:21:35.009][I][AutoBaseFunction.py(wrapper):14] Screen.Menu_CreateExcel : set_excel_func 실행 종료
[2022-09-23 10:21:35.009][I][AutoBaseFunction.py(wrapper):14] Screen.Menu_CreateExcel : setupUI_CreateExcel 실행 종료
[2022-09-23 10:21:35.009][I][AutoBaseFunction.py(wrapper):7] Screen.Setup_Field : setupUI_Field 실행 시작
[2022-09-23 10:21:35.010][I][AutoBaseFunction.py(wrapper):8] Parameter : 
[2022-09-23 10:21:35.010][I][AutoBaseFunction.py(wrapper):7] Screen.Setup_Field : set_data 실행 시작
[2022-09-23 10:21:35.010][I][AutoBaseFunction.py(wrapper):8] Parameter : 
[2022-09-23 10:21:35.011][I][AutoBaseFunction.py(wrapper):14] Screen.Setup_Field : set_data 실행 종료
[2022-09-23 10:21:35.272][I][AutoBaseFunction.py(wrapper):7] Screen.Setup_Field : set_data 실행 시작
[2022-09-23 10:21:35.273][I][AutoBaseFunction.py(wrapper):8] Parameter : 
[2022-09-23 10:21:35.273][I][AutoBaseFunction.py(wrapper):14] Screen.Setup_Field : set_data 실행 종료
[2022-09-23 10:21:35.274][I][AutoBaseFunction.py(wrapper):7] Screen.Setup_Field : set_data 실행 시작
[2022-09-23 10:21:35.274][I][AutoBaseFunction.py(wrapper):8] Parameter : 
[2022-09-23 10:21:35.275][I][AutoBaseFunction.py(wrapper):14] Screen.Setup_Field : set_data 실행 종료
[2022-09-23 10:21:35.275][I][AutoBaseFunction.py(wrapper):7] Screen.Setup_Field : set_data 실행 시작
[2022-09-23 10:21:35.275][I][AutoBaseFunction.py(wrapper):8] Parameter : 
[2022-09-23 10:21:35.276][I][AutoBaseFunction.py(wrapper):14] Screen.Setup_Field : set_data 실행 종료
[2022-09-23 10:21:35.276][I][AutoBaseFunction.py(wrapper):7] Screen.Setup_Field : set_data 실행 시작
[2022-09-23 10:21:35.276][I][AutoBaseFunction.py(wrapper):8] Parameter : 
[2022-09-23 10:21:35.277][I][AutoBaseFunction.py(wrapper):14] Screen.Setup_Field : set_data 실행 종료
[2022-09-23 10:21:35.277][I][AutoBaseFunction.py(wrapper):7] Screen.Setup_Field : set_data 실행 시작
[2022-09-23 10:21:35.277][I][AutoBaseFunction.py(wrapper):8] Parameter : 
[2022-09-23 10:21:35.278][I][AutoBaseFunction.py(wrapper):14] Screen.Setup_Field : set_data 실행 종료
[2022-09-23 10:21:35.278][I][AutoBaseFunction.py(wrapper):7] Screen.Setup_Field : sl_set_slot 실행 시작
[2022-09-23 10:21:35.278][I][AutoBaseFunction.py(wrapper):8] Parameter : 
[2022-09-23 10:21:35.278][I][AutoBaseFunction.py(wrapper):14] Screen.Setup_Field : sl_set_slot 실행 종료
[2022-09-23 10:21:35.278][I][AutoBaseFunction.py(wrapper):14] Screen.Setup_Field : setupUI_Field 실행 종료
[2022-09-23 10:21:35.279][I][AutoBaseFunction.py(wrapper):7] Screen.Setup_TestList : setupUI_TestList 실행 시작
[2022-09-23 10:21:35.279][I][AutoBaseFunction.py(wrapper):8] Parameter : 
[2022-09-23 10:21:35.280][I][AutoBaseFunction.py(wrapper):7] Screen.Setup_TestList : btn_set_slot 실행 시작
[2022-09-23 10:21:35.280][I][AutoBaseFunction.py(wrapper):8] Parameter : 
[2022-09-23 10:21:35.280][I][AutoBaseFunction.py(wrapper):14] Screen.Setup_TestList : btn_set_slot 실행 종료
[2022-09-23 10:21:35.280][I][AutoBaseFunction.py(wrapper):14] Screen.Setup_TestList : setupUI_TestList 실행 종료
[2022-09-23 10:21:35.281][I][AutoBaseFunction.py(wrapper):14] __main__ : __wigets_setupUi 실행 종료
[2022-09-23 10:21:35.995][I][AutoBaseFunction.py(wrapper):7] Screen.MainWindow : update_open_menu 실행 시작
[2022-09-23 10:21:35.995][I][AutoBaseFunction.py(wrapper):8] Parameter : 
[2022-09-23 10:21:35.996][I][AutoBaseFunction.py(wrapper):14] Screen.MainWindow : update_open_menu 실행 종료
[2022-09-23 10:21:37.201][I][AutoBaseFunction.py(wrapper):7] Screen.MainWindow : show_imgList 실행 시작
[2022-09-23 10:21:37.201][I][AutoBaseFunction.py(wrapper):8] Parameter : ('한국어', 'D:/test/TestList_CSV/2022_skillup'), True, True
