[2022-09-22 09:35:35.628][D][LogManager.py(Init):12] LogManager Init function called !!!
[2022-09-22 09:35:35.640][I][AutoBaseFunction.py(wrapper):7] Screen.MainWindow : setupUi 실행 시작
[2022-09-22 09:35:35.640][I][AutoBaseFunction.py(wrapper):8] Parameter : 
[2022-09-22 09:35:35.642][W][LogManager.py(set_warn):86] : Traceback (most recent call last):
  File "D:\test\TestList_CSV\2022_skillup\Helper\AutoBaseFunction.py", line 13, in wrapper
    func(self, *args)
  File "D:\test\TestList_CSV\2022_skillup\Screen\MainWindow.py", line 50, in setupUi
    self.resize(self.win_setWidth, self.win_setHeight)
AttributeError: 'MainWindow' object has no attribute 'win_setWidth'

[2022-09-22 09:35:35.648][I][AutoBaseFunction.py(wrapper):7] __main__ : __set_slot 실행 시작
[2022-09-22 09:35:35.649][I][AutoBaseFunction.py(wrapper):8] Parameter : 
[2022-09-22 09:35:35.651][W][LogManager.py(set_warn):86] : Traceback (most recent call last):
  File "D:\test\TestList_CSV\2022_skillup\Helper\AutoBaseFunction.py", line 13, in wrapper
    func(self, *args)
  File "Main.py", line 29, in __set_slot
    MAINWINDOW.actionLanguage.triggered.connect(self.__sl_ui)
AttributeError: 'MainWindow' object has no attribute 'actionLanguage'

[2022-09-22 09:35:35.652][I][AutoBaseFunction.py(wrapper):7] __main__ : __wigets_setupUi 실행 시작
[2022-09-22 09:35:35.652][I][AutoBaseFunction.py(wrapper):8] Parameter : 
[2022-09-22 09:35:35.652][I][AutoBaseFunction.py(wrapper):7] Screen.Setup_Language : setupUI_Language 실행 시작
[2022-09-22 09:35:35.653][I][AutoBaseFunction.py(wrapper):8] Parameter : 
[2022-09-22 09:35:35.654][I][AutoBaseFunction.py(wrapper):7] Screen.Setup_Language : sl_set_slot 실행 시작
[2022-09-22 09:35:35.654][I][AutoBaseFunction.py(wrapper):8] Parameter : 
[2022-09-22 09:35:35.655][I][AutoBaseFunction.py(wrapper):14] Screen.Setup_Language : sl_set_slot 실행 종료
[2022-09-22 09:35:35.655][I][AutoBaseFunction.py(wrapper):14] Screen.Setup_Language : setupUI_Language 실행 종료
[2022-09-22 09:35:35.655][I][AutoBaseFunction.py(wrapper):7] Screen.Menu_CreateExcel : setupUI_CreateExcel 실행 시작
[2022-09-22 09:35:35.655][I][AutoBaseFunction.py(wrapper):8] Parameter : 
[2022-09-22 09:35:35.683][I][AutoBaseFunction.py(wrapper):7] Screen.Menu_CreateExcel : new_excel_func 실행 시작
[2022-09-22 09:35:35.683][I][AutoBaseFunction.py(wrapper):8] Parameter : 
[2022-09-22 09:35:35.684][I][AutoBaseFunction.py(wrapper):14] Screen.Menu_CreateExcel : new_excel_func 실행 종료
[2022-09-22 09:35:35.684][I][AutoBaseFunction.py(wrapper):7] Screen.Menu_CreateExcel : set_excel_func 실행 시작
[2022-09-22 09:35:35.684][I][AutoBaseFunction.py(wrapper):8] Parameter : 
[2022-09-22 09:35:35.685][I][AutoBaseFunction.py(wrapper):14] Screen.Menu_CreateExcel : set_excel_func 실행 종료
[2022-09-22 09:35:35.685][I][AutoBaseFunction.py(wrapper):14] Screen.Menu_CreateExcel : setupUI_CreateExcel 실행 종료
[2022-09-22 09:35:35.685][I][AutoBaseFunction.py(wrapper):7] Screen.Setup_Field : setupUI_Field 실행 시작
[2022-09-22 09:35:35.686][I][AutoBaseFunction.py(wrapper):8] Parameter : 
[2022-09-22 09:35:35.686][I][AutoBaseFunction.py(wrapper):7] Screen.Setup_Field : set_data 실행 시작
[2022-09-22 09:35:35.686][I][AutoBaseFunction.py(wrapper):8] Parameter : 
[2022-09-22 09:35:35.687][I][AutoBaseFunction.py(wrapper):14] Screen.Setup_Field : set_data 실행 종료
[2022-09-22 09:35:35.923][I][AutoBaseFunction.py(wrapper):7] Screen.Setup_Field : set_data 실행 시작
[2022-09-22 09:35:35.924][I][AutoBaseFunction.py(wrapper):8] Parameter : 
[2022-09-22 09:35:35.924][I][AutoBaseFunction.py(wrapper):14] Screen.Setup_Field : set_data 실행 종료
[2022-09-22 09:35:35.925][I][AutoBaseFunction.py(wrapper):7] Screen.Setup_Field : set_data 실행 시작
[2022-09-22 09:35:35.925][I][AutoBaseFunction.py(wrapper):8] Parameter : 
[2022-09-22 09:35:35.925][I][AutoBaseFunction.py(wrapper):14] Screen.Setup_Field : set_data 실행 종료
[2022-09-22 09:35:35.926][I][AutoBaseFunction.py(wrapper):7] Screen.Setup_Field : set_data 실행 시작
[2022-09-22 09:35:35.926][I][AutoBaseFunction.py(wrapper):8] Parameter : 
[2022-09-22 09:35:35.926][I][AutoBaseFunction.py(wrapper):14] Screen.Setup_Field : set_data 실행 종료
[2022-09-22 09:35:35.927][I][AutoBaseFunction.py(wrapper):7] Screen.Setup_Field : set_data 실행 시작
[2022-09-22 09:35:35.927][I][AutoBaseFunction.py(wrapper):8] Parameter : 
[2022-09-22 09:35:35.927][I][AutoBaseFunction.py(wrapper):14] Screen.Setup_Field : set_data 실행 종료
[2022-09-22 09:35:35.928][I][AutoBaseFunction.py(wrapper):7] Screen.Setup_Field : set_data 실행 시작
[2022-09-22 09:35:35.928][I][AutoBaseFunction.py(wrapper):8] Parameter : 
[2022-09-22 09:35:35.928][I][AutoBaseFunction.py(wrapper):14] Screen.Setup_Field : set_data 실행 종료
[2022-09-22 09:35:35.928][I][AutoBaseFunction.py(wrapper):7] Screen.Setup_Field : sl_set_slot 실행 시작
[2022-09-22 09:35:35.929][I][AutoBaseFunction.py(wrapper):8] Parameter : 
[2022-09-22 09:35:35.929][I][AutoBaseFunction.py(wrapper):14] Screen.Setup_Field : sl_set_slot 실행 종료
[2022-09-22 09:35:35.929][I][AutoBaseFunction.py(wrapper):14] Screen.Setup_Field : setupUI_Field 실행 종료
[2022-09-22 09:35:35.929][I][AutoBaseFunction.py(wrapper):7] Screen.Setup_TestList : setupUI_TestList 실행 시작
[2022-09-22 09:35:35.930][I][AutoBaseFunction.py(wrapper):8] Parameter : 
[2022-09-22 09:35:35.930][I][AutoBaseFunction.py(wrapper):7] Screen.Setup_TestList : btn_set_slot 실행 시작
[2022-09-22 09:35:35.931][I][AutoBaseFunction.py(wrapper):8] Parameter : 
[2022-09-22 09:35:35.931][I][AutoBaseFunction.py(wrapper):14] Screen.Setup_TestList : btn_set_slot 실행 종료
[2022-09-22 09:35:35.931][I][AutoBaseFunction.py(wrapper):14] Screen.Setup_TestList : setupUI_TestList 실행 종료
[2022-09-22 09:35:35.931][I][AutoBaseFunction.py(wrapper):14] __main__ : __wigets_setupUi 실행 종료
[2022-09-22 09:35:42.594][I][AutoBaseFunction.py(wrapper):7] Screen.MainWindow : closeEvent 실행 시작
[2022-09-22 09:35:42.595][I][AutoBaseFunction.py(wrapper):8] Parameter : <PyQt5.QtGui.QCloseEvent object at 0x0000022D5B64C828>
