[2022-09-26 17:26:06.174][D][LogManager.py(Init):12] LogManager Init function called !!!
[2022-09-26 17:26:06.189][I][AutoBaseFunction.py(wrapper):7] Screen.MainWindow : setupUi 실행 시작
[2022-09-26 17:26:06.189][I][AutoBaseFunction.py(wrapper):8] Parameter : 
[2022-09-26 17:26:06.206][I][AutoBaseFunction.py(wrapper):7] Screen.MainWindow : set_field 실행 시작
[2022-09-26 17:26:06.207][I][AutoBaseFunction.py(wrapper):8] Parameter : 
[2022-09-26 17:26:06.233][I][AutoBaseFunction.py(wrapper):14] Screen.MainWindow : set_field 실행 종료
[2022-09-26 17:26:06.234][I][AutoBaseFunction.py(wrapper):7] Screen.MainWindow : setWidget_func 실행 시작
[2022-09-26 17:26:06.234][I][AutoBaseFunction.py(wrapper):8] Parameter : 
[2022-09-26 17:26:06.236][I][AutoBaseFunction.py(wrapper):14] Screen.MainWindow : setWidget_func 실행 종료
[2022-09-26 17:26:06.238][I][AutoBaseFunction.py(wrapper):14] Screen.MainWindow : setupUi 실행 종료
[2022-09-26 17:26:06.252][I][AutoBaseFunction.py(wrapper):7] __main__ : __set_slot 실행 시작
[2022-09-26 17:26:06.252][I][AutoBaseFunction.py(wrapper):8] Parameter : 
[2022-09-26 17:26:06.252][I][AutoBaseFunction.py(wrapper):14] __main__ : __set_slot 실행 종료
[2022-09-26 17:26:06.252][I][AutoBaseFunction.py(wrapper):7] __main__ : __wigets_setupUi 실행 시작
[2022-09-26 17:26:06.253][I][AutoBaseFunction.py(wrapper):8] Parameter : 
[2022-09-26 17:26:06.253][I][AutoBaseFunction.py(wrapper):7] Screen.Setup_Language : setupUI_Language 실행 시작
[2022-09-26 17:26:06.253][I][AutoBaseFunction.py(wrapper):8] Parameter : 
[2022-09-26 17:26:06.254][I][AutoBaseFunction.py(wrapper):7] Screen.Setup_Language : sl_set_slot 실행 시작
[2022-09-26 17:26:06.254][I][AutoBaseFunction.py(wrapper):8] Parameter : 
[2022-09-26 17:26:06.254][I][AutoBaseFunction.py(wrapper):14] Screen.Setup_Language : sl_set_slot 실행 종료
[2022-09-26 17:26:06.254][I][AutoBaseFunction.py(wrapper):14] Screen.Setup_Language : setupUI_Language 실행 종료
[2022-09-26 17:26:06.255][I][AutoBaseFunction.py(wrapper):7] Screen.Menu_CreateExcel : setupUI_CreateExcel 실행 시작
[2022-09-26 17:26:06.255][I][AutoBaseFunction.py(wrapper):8] Parameter : 
[2022-09-26 17:26:06.256][I][AutoBaseFunction.py(wrapper):7] Screen.Menu_CreateExcel : new_excel_func 실행 시작
[2022-09-26 17:26:06.256][I][AutoBaseFunction.py(wrapper):8] Parameter : 
[2022-09-26 17:26:06.256][I][AutoBaseFunction.py(wrapper):14] Screen.Menu_CreateExcel : new_excel_func 실행 종료
[2022-09-26 17:26:06.257][I][AutoBaseFunction.py(wrapper):7] Screen.Menu_CreateExcel : set_excel_func 실행 시작
[2022-09-26 17:26:06.257][I][AutoBaseFunction.py(wrapper):8] Parameter : 
[2022-09-26 17:26:06.257][I][AutoBaseFunction.py(wrapper):14] Screen.Menu_CreateExcel : set_excel_func 실행 종료
[2022-09-26 17:26:06.257][I][AutoBaseFunction.py(wrapper):14] Screen.Menu_CreateExcel : setupUI_CreateExcel 실행 종료
[2022-09-26 17:26:06.258][I][AutoBaseFunction.py(wrapper):7] Screen.Setup_Field : setupUI_Field 실행 시작
[2022-09-26 17:26:06.258][I][AutoBaseFunction.py(wrapper):8] Parameter : 
[2022-09-26 17:26:06.259][I][AutoBaseFunction.py(wrapper):7] Screen.Setup_Field : set_data 실행 시작
[2022-09-26 17:26:06.259][I][AutoBaseFunction.py(wrapper):8] Parameter : 
[2022-09-26 17:26:06.259][I][AutoBaseFunction.py(wrapper):14] Screen.Setup_Field : set_data 실행 종료
[2022-09-26 17:26:06.501][I][AutoBaseFunction.py(wrapper):7] Screen.Setup_Field : set_data 실행 시작
[2022-09-26 17:26:06.501][I][AutoBaseFunction.py(wrapper):8] Parameter : 
[2022-09-26 17:26:06.502][I][AutoBaseFunction.py(wrapper):14] Screen.Setup_Field : set_data 실행 종료
[2022-09-26 17:26:06.502][I][AutoBaseFunction.py(wrapper):7] Screen.Setup_Field : set_data 실행 시작
[2022-09-26 17:26:06.503][I][AutoBaseFunction.py(wrapper):8] Parameter : 
[2022-09-26 17:26:06.503][I][AutoBaseFunction.py(wrapper):14] Screen.Setup_Field : set_data 실행 종료
[2022-09-26 17:26:06.503][I][AutoBaseFunction.py(wrapper):7] Screen.Setup_Field : set_data 실행 시작
[2022-09-26 17:26:06.504][I][AutoBaseFunction.py(wrapper):8] Parameter : 
[2022-09-26 17:26:06.504][I][AutoBaseFunction.py(wrapper):14] Screen.Setup_Field : set_data 실행 종료
[2022-09-26 17:26:06.504][I][AutoBaseFunction.py(wrapper):7] Screen.Setup_Field : set_data 실행 시작
[2022-09-26 17:26:06.505][I][AutoBaseFunction.py(wrapper):8] Parameter : 
[2022-09-26 17:26:06.505][I][AutoBaseFunction.py(wrapper):14] Screen.Setup_Field : set_data 실행 종료
[2022-09-26 17:26:06.505][I][AutoBaseFunction.py(wrapper):7] Screen.Setup_Field : set_data 실행 시작
[2022-09-26 17:26:06.505][I][AutoBaseFunction.py(wrapper):8] Parameter : 
[2022-09-26 17:26:06.506][I][AutoBaseFunction.py(wrapper):14] Screen.Setup_Field : set_data 실행 종료
[2022-09-26 17:26:06.506][I][AutoBaseFunction.py(wrapper):7] Screen.Setup_Field : sl_set_slot 실행 시작
[2022-09-26 17:26:06.506][I][AutoBaseFunction.py(wrapper):8] Parameter : 
[2022-09-26 17:26:06.506][I][AutoBaseFunction.py(wrapper):14] Screen.Setup_Field : sl_set_slot 실행 종료
[2022-09-26 17:26:06.506][I][AutoBaseFunction.py(wrapper):14] Screen.Setup_Field : setupUI_Field 실행 종료
[2022-09-26 17:26:06.507][I][AutoBaseFunction.py(wrapper):7] Screen.Setup_TestList : setupUI_TestList 실행 시작
[2022-09-26 17:26:06.507][I][AutoBaseFunction.py(wrapper):8] Parameter : 
[2022-09-26 17:26:06.507][I][AutoBaseFunction.py(wrapper):7] Screen.Setup_TestList : btn_set_slot 실행 시작
[2022-09-26 17:26:06.507][I][AutoBaseFunction.py(wrapper):8] Parameter : 
[2022-09-26 17:26:06.507][I][AutoBaseFunction.py(wrapper):14] Screen.Setup_TestList : btn_set_slot 실행 종료
[2022-09-26 17:26:06.507][I][AutoBaseFunction.py(wrapper):14] Screen.Setup_TestList : setupUI_TestList 실행 종료
[2022-09-26 17:26:06.507][I][AutoBaseFunction.py(wrapper):14] __main__ : __wigets_setupUi 실행 종료
[2022-09-26 17:26:07.869][I][AutoBaseFunction.py(wrapper):7] Screen.MainWindow : update_open_menu 실행 시작
[2022-09-26 17:26:07.870][I][AutoBaseFunction.py(wrapper):8] Parameter : 
[2022-09-26 17:26:07.872][I][AutoBaseFunction.py(wrapper):14] Screen.MainWindow : update_open_menu 실행 종료
[2022-09-26 17:26:08.756][I][AutoBaseFunction.py(wrapper):7] __main__ : __sl_ui 실행 시작
[2022-09-26 17:26:08.756][I][AutoBaseFunction.py(wrapper):8] Parameter : False
[2022-09-26 17:26:08.757][I][AutoBaseFunction.py(wrapper):7] Screen.Setup_Language : setLang_Button 실행 시작
[2022-09-26 17:26:08.757][I][AutoBaseFunction.py(wrapper):8] Parameter : 
[2022-09-26 17:26:08.757][I][AutoBaseFunction.py(wrapper):14] Screen.Setup_Language : setLang_Button 실행 종료
[2022-09-26 17:26:08.770][I][AutoBaseFunction.py(wrapper):14] __main__ : __sl_ui 실행 종료
[2022-09-26 17:26:16.417][I][AutoBaseFunction.py(wrapper):7] Screen.Setup_Language : ok_Button_clicked 실행 시작
[2022-09-26 17:26:16.418][I][AutoBaseFunction.py(wrapper):8] Parameter : False
