[2022-09-23 11:00:17.269][D][LogManager.py(Init):12] LogManager Init function called !!!
[2022-09-23 11:00:17.283][I][AutoBaseFunction.py(wrapper):7] Screen.MainWindow : setupUi 실행 시작
[2022-09-23 11:00:17.283][I][AutoBaseFunction.py(wrapper):8] Parameter : 
[2022-09-23 11:00:17.299][I][AutoBaseFunction.py(wrapper):7] Screen.MainWindow : set_field 실행 시작
[2022-09-23 11:00:17.299][I][AutoBaseFunction.py(wrapper):8] Parameter : 
[2022-09-23 11:00:17.362][I][AutoBaseFunction.py(wrapper):14] Screen.MainWindow : set_field 실행 종료
[2022-09-23 11:00:17.362][I][AutoBaseFunction.py(wrapper):7] Screen.MainWindow : setWidget_func 실행 시작
[2022-09-23 11:00:17.362][I][AutoBaseFunction.py(wrapper):8] Parameter : 
[2022-09-23 11:00:17.364][I][AutoBaseFunction.py(wrapper):14] Screen.MainWindow : setWidget_func 실행 종료
[2022-09-23 11:00:17.367][I][AutoBaseFunction.py(wrapper):14] Screen.MainWindow : setupUi 실행 종료
[2022-09-23 11:00:17.375][I][AutoBaseFunction.py(wrapper):7] __main__ : __set_slot 실행 시작
[2022-09-23 11:00:17.375][I][AutoBaseFunction.py(wrapper):8] Parameter : 
[2022-09-23 11:00:17.375][I][AutoBaseFunction.py(wrapper):14] __main__ : __set_slot 실행 종료
[2022-09-23 11:00:17.376][I][AutoBaseFunction.py(wrapper):7] __main__ : __wigets_setupUi 실행 시작
[2022-09-23 11:00:17.376][I][AutoBaseFunction.py(wrapper):8] Parameter : 
[2022-09-23 11:00:17.376][I][AutoBaseFunction.py(wrapper):7] Screen.Setup_Language : setupUI_Language 실행 시작
[2022-09-23 11:00:17.377][I][AutoBaseFunction.py(wrapper):8] Parameter : 
[2022-09-23 11:00:17.378][I][AutoBaseFunction.py(wrapper):7] Screen.Setup_Language : sl_set_slot 실행 시작
[2022-09-23 11:00:17.378][I][AutoBaseFunction.py(wrapper):8] Parameter : 
[2022-09-23 11:00:17.379][I][AutoBaseFunction.py(wrapper):14] Screen.Setup_Language : sl_set_slot 실행 종료
[2022-09-23 11:00:17.379][I][AutoBaseFunction.py(wrapper):14] Screen.Setup_Language : setupUI_Language 실행 종료
[2022-09-23 11:00:17.379][I][AutoBaseFunction.py(wrapper):7] Screen.Menu_CreateExcel : setupUI_CreateExcel 실행 시작
[2022-09-23 11:00:17.379][I][AutoBaseFunction.py(wrapper):8] Parameter : 
[2022-09-23 11:00:17.380][I][AutoBaseFunction.py(wrapper):7] Screen.Menu_CreateExcel : new_excel_func 실행 시작
[2022-09-23 11:00:17.381][I][AutoBaseFunction.py(wrapper):8] Parameter : 
[2022-09-23 11:00:17.381][I][AutoBaseFunction.py(wrapper):14] Screen.Menu_CreateExcel : new_excel_func 실행 종료
[2022-09-23 11:00:17.382][I][AutoBaseFunction.py(wrapper):7] Screen.Menu_CreateExcel : set_excel_func 실행 시작
[2022-09-23 11:00:17.382][I][AutoBaseFunction.py(wrapper):8] Parameter : 
[2022-09-23 11:00:17.382][I][AutoBaseFunction.py(wrapper):14] Screen.Menu_CreateExcel : set_excel_func 실행 종료
[2022-09-23 11:00:17.383][I][AutoBaseFunction.py(wrapper):14] Screen.Menu_CreateExcel : setupUI_CreateExcel 실행 종료
[2022-09-23 11:00:17.383][I][AutoBaseFunction.py(wrapper):7] Screen.Setup_Field : setupUI_Field 실행 시작
[2022-09-23 11:00:17.383][I][AutoBaseFunction.py(wrapper):8] Parameter : 
[2022-09-23 11:00:17.384][I][AutoBaseFunction.py(wrapper):7] Screen.Setup_Field : set_data 실행 시작
[2022-09-23 11:00:17.384][I][AutoBaseFunction.py(wrapper):8] Parameter : 
[2022-09-23 11:00:17.385][I][AutoBaseFunction.py(wrapper):14] Screen.Setup_Field : set_data 실행 종료
[2022-09-23 11:00:17.617][I][AutoBaseFunction.py(wrapper):7] Screen.Setup_Field : set_data 실행 시작
[2022-09-23 11:00:17.618][I][AutoBaseFunction.py(wrapper):8] Parameter : 
[2022-09-23 11:00:17.618][I][AutoBaseFunction.py(wrapper):14] Screen.Setup_Field : set_data 실행 종료
[2022-09-23 11:00:17.619][I][AutoBaseFunction.py(wrapper):7] Screen.Setup_Field : set_data 실행 시작
[2022-09-23 11:00:17.619][I][AutoBaseFunction.py(wrapper):8] Parameter : 
[2022-09-23 11:00:17.620][I][AutoBaseFunction.py(wrapper):14] Screen.Setup_Field : set_data 실행 종료
[2022-09-23 11:00:17.620][I][AutoBaseFunction.py(wrapper):7] Screen.Setup_Field : set_data 실행 시작
[2022-09-23 11:00:17.620][I][AutoBaseFunction.py(wrapper):8] Parameter : 
[2022-09-23 11:00:17.621][I][AutoBaseFunction.py(wrapper):14] Screen.Setup_Field : set_data 실행 종료
[2022-09-23 11:00:17.621][I][AutoBaseFunction.py(wrapper):7] Screen.Setup_Field : set_data 실행 시작
[2022-09-23 11:00:17.621][I][AutoBaseFunction.py(wrapper):8] Parameter : 
[2022-09-23 11:00:17.621][I][AutoBaseFunction.py(wrapper):14] Screen.Setup_Field : set_data 실행 종료
[2022-09-23 11:00:17.622][I][AutoBaseFunction.py(wrapper):7] Screen.Setup_Field : set_data 실행 시작
[2022-09-23 11:00:17.622][I][AutoBaseFunction.py(wrapper):8] Parameter : 
[2022-09-23 11:00:17.622][I][AutoBaseFunction.py(wrapper):14] Screen.Setup_Field : set_data 실행 종료
[2022-09-23 11:00:17.622][I][AutoBaseFunction.py(wrapper):7] Screen.Setup_Field : sl_set_slot 실행 시작
[2022-09-23 11:00:17.623][I][AutoBaseFunction.py(wrapper):8] Parameter : 
[2022-09-23 11:00:17.623][I][AutoBaseFunction.py(wrapper):14] Screen.Setup_Field : sl_set_slot 실행 종료
[2022-09-23 11:00:17.623][I][AutoBaseFunction.py(wrapper):14] Screen.Setup_Field : setupUI_Field 실행 종료
[2022-09-23 11:00:17.623][I][AutoBaseFunction.py(wrapper):7] Screen.Setup_TestList : setupUI_TestList 실행 시작
[2022-09-23 11:00:17.623][I][AutoBaseFunction.py(wrapper):8] Parameter : 
[2022-09-23 11:00:17.624][I][AutoBaseFunction.py(wrapper):7] Screen.Setup_TestList : btn_set_slot 실행 시작
[2022-09-23 11:00:17.624][I][AutoBaseFunction.py(wrapper):8] Parameter : 
[2022-09-23 11:00:17.625][I][AutoBaseFunction.py(wrapper):14] Screen.Setup_TestList : btn_set_slot 실행 종료
[2022-09-23 11:00:17.625][I][AutoBaseFunction.py(wrapper):14] Screen.Setup_TestList : setupUI_TestList 실행 종료
[2022-09-23 11:00:17.625][I][AutoBaseFunction.py(wrapper):14] __main__ : __wigets_setupUi 실행 종료
[2022-09-23 11:00:18.633][I][AutoBaseFunction.py(wrapper):7] Screen.MainWindow : update_open_menu 실행 시작
[2022-09-23 11:00:18.633][I][AutoBaseFunction.py(wrapper):8] Parameter : 
[2022-09-23 11:00:18.635][I][AutoBaseFunction.py(wrapper):14] Screen.MainWindow : update_open_menu 실행 종료
[2022-09-23 11:00:19.618][I][AutoBaseFunction.py(wrapper):7] Screen.MainWindow : show_imgList 실행 시작
[2022-09-23 11:00:19.618][I][AutoBaseFunction.py(wrapper):8] Parameter : ('한국어', 'D:/test/TestList_CSV/2022_skillup'), True
[2022-09-23 11:00:19.648][I][AutoBaseFunction.py(wrapper):14] Screen.MainWindow : show_imgList 실행 종료
[2022-09-23 11:00:58.525][I][AutoBaseFunction.py(wrapper):7] Screen.MainWindow : closeEvent 실행 시작
[2022-09-23 11:00:58.525][I][AutoBaseFunction.py(wrapper):8] Parameter : <PyQt5.QtGui.QCloseEvent object at 0x000001A6FF794AF8>
