[2022-09-27 16:51:54.699][D][LogManager.py(Init):12] LogManager Init function called !!!
[2022-09-27 16:51:54.712][I][AutoBaseFunction.py(wrapper):7] Screen.MainWindow : setupUi 실행 시작
[2022-09-27 16:51:54.712][I][AutoBaseFunction.py(wrapper):8] Parameter : 
[2022-09-27 16:51:54.727][I][AutoBaseFunction.py(wrapper):7] Screen.MainWindow : set_field 실행 시작
[2022-09-27 16:51:54.728][I][AutoBaseFunction.py(wrapper):8] Parameter : 
[2022-09-27 16:51:54.741][I][AutoBaseFunction.py(wrapper):14] Screen.MainWindow : set_field 실행 종료
[2022-09-27 16:51:54.741][I][AutoBaseFunction.py(wrapper):7] Screen.MainWindow : setWidget_func 실행 시작
[2022-09-27 16:51:54.741][I][AutoBaseFunction.py(wrapper):8] Parameter : 
[2022-09-27 16:51:54.743][I][AutoBaseFunction.py(wrapper):14] Screen.MainWindow : setWidget_func 실행 종료
[2022-09-27 16:51:54.746][I][AutoBaseFunction.py(wrapper):14] Screen.MainWindow : setupUi 실행 종료
[2022-09-27 16:51:54.752][I][AutoBaseFunction.py(wrapper):7] __main__ : __set_slot 실행 시작
[2022-09-27 16:51:54.752][I][AutoBaseFunction.py(wrapper):8] Parameter : 
[2022-09-27 16:51:54.753][I][AutoBaseFunction.py(wrapper):14] __main__ : __set_slot 실행 종료
[2022-09-27 16:51:54.753][I][AutoBaseFunction.py(wrapper):7] __main__ : __wigets_setupUi 실행 시작
[2022-09-27 16:51:54.753][I][AutoBaseFunction.py(wrapper):8] Parameter : 
[2022-09-27 16:51:54.754][I][AutoBaseFunction.py(wrapper):7] Screen.Setup_Language : setupUI_Language 실행 시작
[2022-09-27 16:51:54.754][I][AutoBaseFunction.py(wrapper):8] Parameter : 
[2022-09-27 16:51:54.755][I][AutoBaseFunction.py(wrapper):7] Screen.Setup_Language : sl_set_slot 실행 시작
[2022-09-27 16:51:54.755][I][AutoBaseFunction.py(wrapper):8] Parameter : 
[2022-09-27 16:51:54.756][I][AutoBaseFunction.py(wrapper):14] Screen.Setup_Language : sl_set_slot 실행 종료
[2022-09-27 16:51:54.756][I][AutoBaseFunction.py(wrapper):14] Screen.Setup_Language : setupUI_Language 실행 종료
[2022-09-27 16:51:54.756][I][AutoBaseFunction.py(wrapper):7] Screen.Menu_CreateExcel : setupUI_CreateExcel 실행 시작
[2022-09-27 16:51:54.757][I][AutoBaseFunction.py(wrapper):8] Parameter : 
[2022-09-27 16:51:54.758][I][AutoBaseFunction.py(wrapper):7] Screen.Menu_CreateExcel : new_excel_func 실행 시작
[2022-09-27 16:51:54.758][I][AutoBaseFunction.py(wrapper):8] Parameter : 
[2022-09-27 16:51:54.759][I][AutoBaseFunction.py(wrapper):14] Screen.Menu_CreateExcel : new_excel_func 실행 종료
[2022-09-27 16:51:54.759][I][AutoBaseFunction.py(wrapper):7] Screen.Menu_CreateExcel : set_excel_func 실행 시작
[2022-09-27 16:51:54.760][I][AutoBaseFunction.py(wrapper):8] Parameter : 
[2022-09-27 16:51:54.760][I][AutoBaseFunction.py(wrapper):14] Screen.Menu_CreateExcel : set_excel_func 실행 종료
[2022-09-27 16:51:54.760][I][AutoBaseFunction.py(wrapper):14] Screen.Menu_CreateExcel : setupUI_CreateExcel 실행 종료
[2022-09-27 16:51:54.761][I][AutoBaseFunction.py(wrapper):7] Screen.Setup_Field : setupUI_Field 실행 시작
[2022-09-27 16:51:54.761][I][AutoBaseFunction.py(wrapper):8] Parameter : 
