[2022-10-04 20:08:15.395][D][LogManager.py(Init):12] LogManager Init function called !!!
[2022-10-04 20:08:15.420][I][AutoBaseFunction.py(wrapper):10] Screen.MainWindow : setupUi 실행 시작
[2022-10-04 20:08:15.421][I][AutoBaseFunction.py(wrapper):11] Parameter : 
[2022-10-04 20:08:15.425][I][AutoBaseFunction.py(wrapper):10] Screen.MainWindow : set_field 실행 시작
[2022-10-04 20:08:15.425][I][AutoBaseFunction.py(wrapper):11] Parameter : 
[2022-10-04 20:08:15.484][I][AutoBaseFunction.py(wrapper):17] Screen.MainWindow : set_field 실행 종료
[2022-10-04 20:08:15.484][I][AutoBaseFunction.py(wrapper):10] Screen.MainWindow : setWidget_func 실행 시작
[2022-10-04 20:08:15.484][I][AutoBaseFunction.py(wrapper):11] Parameter : 
[2022-10-04 20:08:15.486][I][AutoBaseFunction.py(wrapper):17] Screen.MainWindow : setWidget_func 실행 종료
[2022-10-04 20:08:15.490][I][AutoBaseFunction.py(wrapper):17] Screen.MainWindow : setupUi 실행 종료
[2022-10-04 20:08:15.503][I][AutoBaseFunction.py(wrapper):10] __main__ : __set_slot 실행 시작
[2022-10-04 20:08:15.503][I][AutoBaseFunction.py(wrapper):11] Parameter : 
[2022-10-04 20:08:15.504][I][AutoBaseFunction.py(wrapper):17] __main__ : __set_slot 실행 종료
[2022-10-04 20:08:15.504][I][AutoBaseFunction.py(wrapper):10] __main__ : __wigets_setupUi 실행 시작
[2022-10-04 20:08:15.504][I][AutoBaseFunction.py(wrapper):11] Parameter : 
[2022-10-04 20:08:15.505][I][AutoBaseFunction.py(wrapper):10] Screen.Setup_Language : setupUI_Language 실행 시작
[2022-10-04 20:08:15.505][I][AutoBaseFunction.py(wrapper):11] Parameter : 
[2022-10-04 20:08:15.506][I][AutoBaseFunction.py(wrapper):10] Screen.Setup_Language : sl_set_slot 실행 시작
[2022-10-04 20:08:15.506][I][AutoBaseFunction.py(wrapper):11] Parameter : 
[2022-10-04 20:08:15.506][I][AutoBaseFunction.py(wrapper):17] Screen.Setup_Language : sl_set_slot 실행 종료
[2022-10-04 20:08:15.507][I][AutoBaseFunction.py(wrapper):17] Screen.Setup_Language : setupUI_Language 실행 종료
[2022-10-04 20:08:15.507][I][AutoBaseFunction.py(wrapper):10] Screen.Menu_CreateExcel : setupUI_CreateExcel 실행 시작
[2022-10-04 20:08:15.507][I][AutoBaseFunction.py(wrapper):11] Parameter : 
[2022-10-04 20:08:15.508][I][AutoBaseFunction.py(wrapper):10] Screen.Menu_CreateExcel : new_excel_func 실행 시작
[2022-10-04 20:08:15.508][I][AutoBaseFunction.py(wrapper):11] Parameter : 
[2022-10-04 20:08:15.509][I][AutoBaseFunction.py(wrapper):17] Screen.Menu_CreateExcel : new_excel_func 실행 종료
[2022-10-04 20:08:15.509][I][AutoBaseFunction.py(wrapper):10] Screen.Menu_CreateExcel : set_excel_func 실행 시작
[2022-10-04 20:08:15.510][I][AutoBaseFunction.py(wrapper):11] Parameter : 
[2022-10-04 20:08:15.510][I][AutoBaseFunction.py(wrapper):17] Screen.Menu_CreateExcel : set_excel_func 실행 종료
[2022-10-04 20:08:15.511][I][AutoBaseFunction.py(wrapper):17] Screen.Menu_CreateExcel : setupUI_CreateExcel 실행 종료
[2022-10-04 20:08:15.511][I][AutoBaseFunction.py(wrapper):10] Screen.Setup_Field : setupUI_Field 실행 시작
[2022-10-04 20:08:15.511][I][AutoBaseFunction.py(wrapper):11] Parameter : 
[2022-10-04 20:08:15.513][I][AutoBaseFunction.py(wrapper):10] Screen.Setup_Field : set_data 실행 시작
[2022-10-04 20:08:15.513][I][AutoBaseFunction.py(wrapper):11] Parameter : 
[2022-10-04 20:08:15.514][I][AutoBaseFunction.py(wrapper):17] Screen.Setup_Field : set_data 실행 종료
[2022-10-04 20:08:15.784][I][AutoBaseFunction.py(wrapper):10] Screen.Setup_Field : set_data 실행 시작
[2022-10-04 20:08:15.785][I][AutoBaseFunction.py(wrapper):11] Parameter : 
[2022-10-04 20:08:15.785][I][AutoBaseFunction.py(wrapper):17] Screen.Setup_Field : set_data 실행 종료
[2022-10-04 20:08:15.786][I][AutoBaseFunction.py(wrapper):10] Screen.Setup_Field : set_data 실행 시작
[2022-10-04 20:08:15.786][I][AutoBaseFunction.py(wrapper):11] Parameter : 
[2022-10-04 20:08:15.787][I][AutoBaseFunction.py(wrapper):17] Screen.Setup_Field : set_data 실행 종료
[2022-10-04 20:08:15.788][I][AutoBaseFunction.py(wrapper):10] Screen.Setup_Field : set_data 실행 시작
[2022-10-04 20:08:15.788][I][AutoBaseFunction.py(wrapper):11] Parameter : 
[2022-10-04 20:08:15.789][I][AutoBaseFunction.py(wrapper):17] Screen.Setup_Field : set_data 실행 종료
[2022-10-04 20:08:15.789][I][AutoBaseFunction.py(wrapper):10] Screen.Setup_Field : set_data 실행 시작
[2022-10-04 20:08:15.789][I][AutoBaseFunction.py(wrapper):11] Parameter : 
[2022-10-04 20:08:15.790][I][AutoBaseFunction.py(wrapper):17] Screen.Setup_Field : set_data 실행 종료
[2022-10-04 20:08:15.790][I][AutoBaseFunction.py(wrapper):10] Screen.Setup_Field : set_data 실행 시작
[2022-10-04 20:08:15.790][I][AutoBaseFunction.py(wrapper):11] Parameter : 
[2022-10-04 20:08:15.791][I][AutoBaseFunction.py(wrapper):17] Screen.Setup_Field : set_data 실행 종료
[2022-10-04 20:08:15.791][I][AutoBaseFunction.py(wrapper):10] Screen.Setup_Field : sl_set_slot 실행 시작
[2022-10-04 20:08:15.792][I][AutoBaseFunction.py(wrapper):11] Parameter : 
[2022-10-04 20:08:15.792][I][AutoBaseFunction.py(wrapper):17] Screen.Setup_Field : sl_set_slot 실행 종료
[2022-10-04 20:08:15.792][I][AutoBaseFunction.py(wrapper):17] Screen.Setup_Field : setupUI_Field 실행 종료
[2022-10-04 20:08:15.792][I][AutoBaseFunction.py(wrapper):10] Screen.Setup_TestList : setupUI_TestList 실행 시작
[2022-10-04 20:08:15.793][I][AutoBaseFunction.py(wrapper):11] Parameter : 
[2022-10-04 20:08:15.794][I][AutoBaseFunction.py(wrapper):10] Screen.Setup_TestList : btn_set_slot 실행 시작
[2022-10-04 20:08:15.794][I][AutoBaseFunction.py(wrapper):11] Parameter : 
[2022-10-04 20:08:15.795][I][AutoBaseFunction.py(wrapper):17] Screen.Setup_TestList : btn_set_slot 실행 종료
[2022-10-04 20:08:15.795][I][AutoBaseFunction.py(wrapper):17] Screen.Setup_TestList : setupUI_TestList 실행 종료
[2022-10-04 20:08:15.795][I][AutoBaseFunction.py(wrapper):17] __main__ : __wigets_setupUi 실행 종료
[2022-10-04 20:08:18.968][I][AutoBaseFunction.py(wrapper):10] Screen.MainWindow : update_open_menu 실행 시작
[2022-10-04 20:08:18.968][I][AutoBaseFunction.py(wrapper):11] Parameter : 
[2022-10-04 20:08:18.971][I][AutoBaseFunction.py(wrapper):17] Screen.MainWindow : update_open_menu 실행 종료
[2022-10-04 20:08:19.606][I][AutoBaseFunction.py(wrapper):10] __main__ : __ce_ui 실행 시작
[2022-10-04 20:08:19.606][I][AutoBaseFunction.py(wrapper):11] Parameter : False
[2022-10-04 20:08:19.658][I][AutoBaseFunction.py(wrapper):17] __main__ : __ce_ui 실행 종료
[2022-10-04 20:08:21.405][I][AutoBaseFunction.py(wrapper):10] Screen.Menu_CreateExcel : folder_toolButton_clicked 실행 시작
[2022-10-04 20:08:21.406][I][AutoBaseFunction.py(wrapper):11] Parameter : <PyQt5.QtWidgets.QLineEdit object at 0x00000186A01F63A8>, False
[2022-10-04 20:08:22.538][I][AutoBaseFunction.py(wrapper):17] Screen.Menu_CreateExcel : folder_toolButton_clicked 실행 종료
[2022-10-04 20:08:23.004][I][AutoBaseFunction.py(wrapper):10] Screen.Menu_CreateExcel : func_check 실행 시작
[2022-10-04 20:08:23.005][I][AutoBaseFunction.py(wrapper):11] Parameter : False
[2022-10-04 20:08:23.100][I][AutoBaseFunction.py(wrapper):17] Screen.Menu_CreateExcel : func_check 실행 종료
[2022-10-04 20:08:44.540][I][AutoBaseFunction.py(wrapper):10] Screen.MainWindow : closeEvent 실행 시작
[2022-10-04 20:08:44.541][I][AutoBaseFunction.py(wrapper):11] Parameter : <PyQt5.QtGui.QCloseEvent object at 0x00000186A0F683A8>
