[2022-09-22 10:40:47.207][D][LogManager.py(Init):12] LogManager Init function called !!!
[2022-09-22 10:40:47.223][I][AutoBaseFunction.py(wrapper):7] Screen.MainWindow : setupUi 실행 시작
[2022-09-22 10:40:47.224][I][AutoBaseFunction.py(wrapper):8] Parameter : 
[2022-09-22 10:40:47.243][I][AutoBaseFunction.py(wrapper):7] Screen.MainWindow : set_field 실행 시작
[2022-09-22 10:40:47.243][I][AutoBaseFunction.py(wrapper):8] Parameter : 
[2022-09-22 10:40:47.302][I][AutoBaseFunction.py(wrapper):14] Screen.MainWindow : set_field 실행 종료
[2022-09-22 10:40:47.302][I][AutoBaseFunction.py(wrapper):7] Screen.MainWindow : setWidget_func 실행 시작
[2022-09-22 10:40:47.302][I][AutoBaseFunction.py(wrapper):8] Parameter : 
[2022-09-22 10:40:47.304][I][AutoBaseFunction.py(wrapper):14] Screen.MainWindow : setWidget_func 실행 종료
[2022-09-22 10:40:47.307][I][AutoBaseFunction.py(wrapper):14] Screen.MainWindow : setupUi 실행 종료
[2022-09-22 10:40:47.314][I][AutoBaseFunction.py(wrapper):7] __main__ : __set_slot 실행 시작
[2022-09-22 10:40:47.315][I][AutoBaseFunction.py(wrapper):8] Parameter : 
[2022-09-22 10:40:47.315][I][AutoBaseFunction.py(wrapper):14] __main__ : __set_slot 실행 종료
[2022-09-22 10:40:47.315][I][AutoBaseFunction.py(wrapper):7] __main__ : __wigets_setupUi 실행 시작
[2022-09-22 10:40:47.316][I][AutoBaseFunction.py(wrapper):8] Parameter : 
[2022-09-22 10:40:47.316][I][AutoBaseFunction.py(wrapper):7] Screen.Setup_Language : setupUI_Language 실행 시작
[2022-09-22 10:40:47.316][I][AutoBaseFunction.py(wrapper):8] Parameter : 
[2022-09-22 10:40:47.317][I][AutoBaseFunction.py(wrapper):7] Screen.Setup_Language : sl_set_slot 실행 시작
[2022-09-22 10:40:47.317][I][AutoBaseFunction.py(wrapper):8] Parameter : 
[2022-09-22 10:40:47.317][I][AutoBaseFunction.py(wrapper):14] Screen.Setup_Language : sl_set_slot 실행 종료
[2022-09-22 10:40:47.317][I][AutoBaseFunction.py(wrapper):14] Screen.Setup_Language : setupUI_Language 실행 종료
[2022-09-22 10:40:47.317][I][AutoBaseFunction.py(wrapper):7] Screen.Menu_CreateExcel : setupUI_CreateExcel 실행 시작
[2022-09-22 10:40:47.317][I][AutoBaseFunction.py(wrapper):8] Parameter : 
[2022-09-22 10:40:47.318][I][AutoBaseFunction.py(wrapper):7] Screen.Menu_CreateExcel : new_excel_func 실행 시작
[2022-09-22 10:40:47.318][I][AutoBaseFunction.py(wrapper):8] Parameter : 
[2022-09-22 10:40:47.319][I][AutoBaseFunction.py(wrapper):14] Screen.Menu_CreateExcel : new_excel_func 실행 종료
[2022-09-22 10:40:47.319][I][AutoBaseFunction.py(wrapper):7] Screen.Menu_CreateExcel : set_excel_func 실행 시작
[2022-09-22 10:40:47.319][I][AutoBaseFunction.py(wrapper):8] Parameter : 
[2022-09-22 10:40:47.319][I][AutoBaseFunction.py(wrapper):14] Screen.Menu_CreateExcel : set_excel_func 실행 종료
[2022-09-22 10:40:47.320][I][AutoBaseFunction.py(wrapper):14] Screen.Menu_CreateExcel : setupUI_CreateExcel 실행 종료
[2022-09-22 10:40:47.320][I][AutoBaseFunction.py(wrapper):7] Screen.Setup_Field : setupUI_Field 실행 시작
[2022-09-22 10:40:47.320][I][AutoBaseFunction.py(wrapper):8] Parameter : 
[2022-09-22 10:40:47.320][I][AutoBaseFunction.py(wrapper):7] Screen.Setup_Field : set_data 실행 시작
[2022-09-22 10:40:47.320][I][AutoBaseFunction.py(wrapper):8] Parameter : 
[2022-09-22 10:40:47.321][I][AutoBaseFunction.py(wrapper):14] Screen.Setup_Field : set_data 실행 종료
[2022-09-22 10:40:47.569][I][AutoBaseFunction.py(wrapper):7] Screen.Setup_Field : set_data 실행 시작
[2022-09-22 10:40:47.570][I][AutoBaseFunction.py(wrapper):8] Parameter : 
[2022-09-22 10:40:47.570][I][AutoBaseFunction.py(wrapper):14] Screen.Setup_Field : set_data 실행 종료
[2022-09-22 10:40:47.570][I][AutoBaseFunction.py(wrapper):7] Screen.Setup_Field : set_data 실행 시작
[2022-09-22 10:40:47.571][I][AutoBaseFunction.py(wrapper):8] Parameter : 
[2022-09-22 10:40:47.571][I][AutoBaseFunction.py(wrapper):14] Screen.Setup_Field : set_data 실행 종료
[2022-09-22 10:40:47.572][I][AutoBaseFunction.py(wrapper):7] Screen.Setup_Field : set_data 실행 시작
[2022-09-22 10:40:47.572][I][AutoBaseFunction.py(wrapper):8] Parameter : 
[2022-09-22 10:40:47.572][I][AutoBaseFunction.py(wrapper):14] Screen.Setup_Field : set_data 실행 종료
[2022-09-22 10:40:47.573][I][AutoBaseFunction.py(wrapper):7] Screen.Setup_Field : set_data 실행 시작
[2022-09-22 10:40:47.573][I][AutoBaseFunction.py(wrapper):8] Parameter : 
[2022-09-22 10:40:47.573][I][AutoBaseFunction.py(wrapper):14] Screen.Setup_Field : set_data 실행 종료
[2022-09-22 10:40:47.573][I][AutoBaseFunction.py(wrapper):7] Screen.Setup_Field : set_data 실행 시작
[2022-09-22 10:40:47.573][I][AutoBaseFunction.py(wrapper):8] Parameter : 
[2022-09-22 10:40:47.574][I][AutoBaseFunction.py(wrapper):14] Screen.Setup_Field : set_data 실행 종료
[2022-09-22 10:40:47.574][I][AutoBaseFunction.py(wrapper):7] Screen.Setup_Field : sl_set_slot 실행 시작
[2022-09-22 10:40:47.574][I][AutoBaseFunction.py(wrapper):8] Parameter : 
[2022-09-22 10:40:47.574][I][AutoBaseFunction.py(wrapper):14] Screen.Setup_Field : sl_set_slot 실행 종료
[2022-09-22 10:40:47.574][I][AutoBaseFunction.py(wrapper):14] Screen.Setup_Field : setupUI_Field 실행 종료
[2022-09-22 10:40:47.575][I][AutoBaseFunction.py(wrapper):7] Screen.Setup_TestList : setupUI_TestList 실행 시작
[2022-09-22 10:40:47.575][I][AutoBaseFunction.py(wrapper):8] Parameter : 
[2022-09-22 10:40:47.576][I][AutoBaseFunction.py(wrapper):7] Screen.Setup_TestList : btn_set_slot 실행 시작
[2022-09-22 10:40:47.576][I][AutoBaseFunction.py(wrapper):8] Parameter : 
[2022-09-22 10:40:47.576][I][AutoBaseFunction.py(wrapper):14] Screen.Setup_TestList : btn_set_slot 실행 종료
[2022-09-22 10:40:47.576][I][AutoBaseFunction.py(wrapper):14] Screen.Setup_TestList : setupUI_TestList 실행 종료
[2022-09-22 10:40:47.576][I][AutoBaseFunction.py(wrapper):14] __main__ : __wigets_setupUi 실행 종료
[2022-09-22 10:40:49.194][I][AutoBaseFunction.py(wrapper):7] Screen.MainWindow : update_open_menu 실행 시작
[2022-09-22 10:40:49.195][I][AutoBaseFunction.py(wrapper):8] Parameter : 
[2022-09-22 10:40:49.196][I][AutoBaseFunction.py(wrapper):14] Screen.MainWindow : update_open_menu 실행 종료
[2022-09-22 10:40:50.164][I][AutoBaseFunction.py(wrapper):7] Screen.MainWindow : update_open_menu 실행 시작
[2022-09-22 10:40:50.164][I][AutoBaseFunction.py(wrapper):8] Parameter : 
[2022-09-22 10:40:50.166][I][AutoBaseFunction.py(wrapper):14] Screen.MainWindow : update_open_menu 실행 종료
[2022-09-22 10:40:55.051][I][AutoBaseFunction.py(wrapper):7] Screen.MainWindow : update_open_menu 실행 시작
[2022-09-22 10:40:55.051][I][AutoBaseFunction.py(wrapper):8] Parameter : 
[2022-09-22 10:40:55.053][I][AutoBaseFunction.py(wrapper):14] Screen.MainWindow : update_open_menu 실행 종료
[2022-09-22 10:40:55.917][I][AutoBaseFunction.py(wrapper):7] Screen.MainWindow : save_result 실행 시작
[2022-09-22 10:40:55.917][I][AutoBaseFunction.py(wrapper):8] Parameter : False
[2022-09-22 10:40:55.921][W][LogManager.py(set_warn):86] : Traceback (most recent call last):
  File "D:\test\TestList_CSV\2022_skillup\Helper\AutoBaseFunction.py", line 13, in wrapper
    func(self, *args)
  File "D:\test\TestList_CSV\2022_skillup\Screen\MainWindow.py", line 375, in save_result
    (globals()[f'lang_lineEdit{i}'].text(), globals()[f'dir_lineEdit{i}'].text()))
KeyError: 'lang_lineEdit0'

[2022-09-22 10:40:57.508][I][AutoBaseFunction.py(wrapper):7] Screen.MainWindow : update_open_menu 실행 시작
[2022-09-22 10:40:57.508][I][AutoBaseFunction.py(wrapper):8] Parameter : 
[2022-09-22 10:40:57.509][I][AutoBaseFunction.py(wrapper):14] Screen.MainWindow : update_open_menu 실행 종료
[2022-09-22 10:42:01.797][I][AutoBaseFunction.py(wrapper):7] Screen.MainWindow : update_open_menu 실행 시작
[2022-09-22 10:42:01.798][I][AutoBaseFunction.py(wrapper):8] Parameter : 
[2022-09-22 10:42:01.798][I][AutoBaseFunction.py(wrapper):14] Screen.MainWindow : update_open_menu 실행 종료
