[2022-09-27 17:28:02.249][D][LogManager.py(Init):12] LogManager Init function called !!!
[2022-09-27 17:28:02.265][I][AutoBaseFunction.py(wrapper):7] Screen.MainWindow : setupUi 실행 시작
[2022-09-27 17:28:02.266][I][AutoBaseFunction.py(wrapper):8] Parameter : 
[2022-09-27 17:28:02.281][I][AutoBaseFunction.py(wrapper):7] Screen.MainWindow : set_field 실행 시작
[2022-09-27 17:28:02.281][I][AutoBaseFunction.py(wrapper):8] Parameter : 
[2022-09-27 17:28:02.312][I][AutoBaseFunction.py(wrapper):14] Screen.MainWindow : set_field 실행 종료
[2022-09-27 17:28:02.312][I][AutoBaseFunction.py(wrapper):7] Screen.MainWindow : setWidget_func 실행 시작
[2022-09-27 17:28:02.313][I][AutoBaseFunction.py(wrapper):8] Parameter : 
[2022-09-27 17:28:02.314][I][AutoBaseFunction.py(wrapper):14] Screen.MainWindow : setWidget_func 실행 종료
[2022-09-27 17:28:02.316][I][AutoBaseFunction.py(wrapper):14] Screen.MainWindow : setupUi 실행 종료
[2022-09-27 17:28:02.322][I][AutoBaseFunction.py(wrapper):7] __main__ : __set_slot 실행 시작
[2022-09-27 17:28:02.323][I][AutoBaseFunction.py(wrapper):8] Parameter : 
[2022-09-27 17:28:02.323][I][AutoBaseFunction.py(wrapper):14] __main__ : __set_slot 실행 종료
[2022-09-27 17:28:02.324][I][AutoBaseFunction.py(wrapper):7] __main__ : __wigets_setupUi 실행 시작
[2022-09-27 17:28:02.324][I][AutoBaseFunction.py(wrapper):8] Parameter : 
[2022-09-27 17:28:02.324][I][AutoBaseFunction.py(wrapper):7] Screen.Setup_Language : setupUI_Language 실행 시작
[2022-09-27 17:28:02.324][I][AutoBaseFunction.py(wrapper):8] Parameter : 
[2022-09-27 17:28:02.325][I][AutoBaseFunction.py(wrapper):7] Screen.Setup_Language : sl_set_slot 실행 시작
[2022-09-27 17:28:02.325][I][AutoBaseFunction.py(wrapper):8] Parameter : 
[2022-09-27 17:28:02.326][I][AutoBaseFunction.py(wrapper):14] Screen.Setup_Language : sl_set_slot 실행 종료
[2022-09-27 17:28:02.326][I][AutoBaseFunction.py(wrapper):14] Screen.Setup_Language : setupUI_Language 실행 종료
[2022-09-27 17:28:02.326][I][AutoBaseFunction.py(wrapper):7] Screen.Menu_CreateExcel : setupUI_CreateExcel 실행 시작
[2022-09-27 17:28:02.326][I][AutoBaseFunction.py(wrapper):8] Parameter : 
[2022-09-27 17:28:02.327][I][AutoBaseFunction.py(wrapper):7] Screen.Menu_CreateExcel : new_excel_func 실행 시작
[2022-09-27 17:28:02.327][I][AutoBaseFunction.py(wrapper):8] Parameter : 
[2022-09-27 17:28:02.330][I][AutoBaseFunction.py(wrapper):14] Screen.Menu_CreateExcel : new_excel_func 실행 종료
[2022-09-27 17:28:02.331][I][AutoBaseFunction.py(wrapper):7] Screen.Menu_CreateExcel : set_excel_func 실행 시작
[2022-09-27 17:28:02.331][I][AutoBaseFunction.py(wrapper):8] Parameter : 
[2022-09-27 17:28:02.332][I][AutoBaseFunction.py(wrapper):14] Screen.Menu_CreateExcel : set_excel_func 실행 종료
[2022-09-27 17:28:02.332][I][AutoBaseFunction.py(wrapper):14] Screen.Menu_CreateExcel : setupUI_CreateExcel 실행 종료
[2022-09-27 17:28:02.332][I][AutoBaseFunction.py(wrapper):7] Screen.Setup_Field : setupUI_Field 실행 시작
[2022-09-27 17:28:02.333][I][AutoBaseFunction.py(wrapper):8] Parameter : 
[2022-09-27 17:28:02.336][I][AutoBaseFunction.py(wrapper):7] Screen.Setup_Field : set_data 실행 시작
[2022-09-27 17:28:02.336][I][AutoBaseFunction.py(wrapper):8] Parameter : 
[2022-09-27 17:28:02.337][I][AutoBaseFunction.py(wrapper):14] Screen.Setup_Field : set_data 실행 종료
[2022-09-27 17:28:02.578][I][AutoBaseFunction.py(wrapper):7] Screen.Setup_Field : set_data 실행 시작
[2022-09-27 17:28:02.579][I][AutoBaseFunction.py(wrapper):8] Parameter : 
[2022-09-27 17:28:02.580][I][AutoBaseFunction.py(wrapper):14] Screen.Setup_Field : set_data 실행 종료
[2022-09-27 17:28:02.580][I][AutoBaseFunction.py(wrapper):7] Screen.Setup_Field : set_data 실행 시작
[2022-09-27 17:28:02.581][I][AutoBaseFunction.py(wrapper):8] Parameter : 
[2022-09-27 17:28:02.581][I][AutoBaseFunction.py(wrapper):14] Screen.Setup_Field : set_data 실행 종료
[2022-09-27 17:28:02.582][I][AutoBaseFunction.py(wrapper):7] Screen.Setup_Field : set_data 실행 시작
[2022-09-27 17:28:02.582][I][AutoBaseFunction.py(wrapper):8] Parameter : 
[2022-09-27 17:28:02.582][I][AutoBaseFunction.py(wrapper):14] Screen.Setup_Field : set_data 실행 종료
[2022-09-27 17:28:02.583][I][AutoBaseFunction.py(wrapper):7] Screen.Setup_Field : set_data 실행 시작
[2022-09-27 17:28:02.583][I][AutoBaseFunction.py(wrapper):8] Parameter : 
[2022-09-27 17:28:02.583][I][AutoBaseFunction.py(wrapper):14] Screen.Setup_Field : set_data 실행 종료
[2022-09-27 17:28:02.583][I][AutoBaseFunction.py(wrapper):7] Screen.Setup_Field : set_data 실행 시작
[2022-09-27 17:28:02.583][I][AutoBaseFunction.py(wrapper):8] Parameter : 
[2022-09-27 17:28:02.584][I][AutoBaseFunction.py(wrapper):14] Screen.Setup_Field : set_data 실행 종료
[2022-09-27 17:28:02.584][I][AutoBaseFunction.py(wrapper):7] Screen.Setup_Field : sl_set_slot 실행 시작
[2022-09-27 17:28:02.584][I][AutoBaseFunction.py(wrapper):8] Parameter : 
[2022-09-27 17:28:02.585][I][AutoBaseFunction.py(wrapper):14] Screen.Setup_Field : sl_set_slot 실행 종료
[2022-09-27 17:28:02.585][I][AutoBaseFunction.py(wrapper):14] Screen.Setup_Field : setupUI_Field 실행 종료
[2022-09-27 17:28:02.585][I][AutoBaseFunction.py(wrapper):7] Screen.Setup_TestList : setupUI_TestList 실행 시작
[2022-09-27 17:28:02.585][I][AutoBaseFunction.py(wrapper):8] Parameter : 
[2022-09-27 17:28:02.586][I][AutoBaseFunction.py(wrapper):7] Screen.Setup_TestList : btn_set_slot 실행 시작
[2022-09-27 17:28:02.586][I][AutoBaseFunction.py(wrapper):8] Parameter : 
[2022-09-27 17:28:02.586][I][AutoBaseFunction.py(wrapper):14] Screen.Setup_TestList : btn_set_slot 실행 종료
[2022-09-27 17:28:02.586][I][AutoBaseFunction.py(wrapper):14] Screen.Setup_TestList : setupUI_TestList 실행 종료
[2022-09-27 17:28:02.587][I][AutoBaseFunction.py(wrapper):14] __main__ : __wigets_setupUi 실행 종료
[2022-09-27 17:28:03.945][I][AutoBaseFunction.py(wrapper):7] __main__ : __sf_ui 실행 시작
[2022-09-27 17:28:03.946][I][AutoBaseFunction.py(wrapper):8] Parameter : False
[2022-09-27 17:28:03.957][I][AutoBaseFunction.py(wrapper):14] __main__ : __sf_ui 실행 종료
[2022-09-27 17:28:07.912][I][AutoBaseFunction.py(wrapper):7] Screen.Setup_Field : ok_Button_clicked 실행 시작
[2022-09-27 17:28:07.912][I][AutoBaseFunction.py(wrapper):8] Parameter : False
[2022-09-27 17:28:08.155][I][AutoBaseFunction.py(wrapper):7] Screen.MainWindow : set_field 실행 시작
[2022-09-27 17:28:08.156][I][AutoBaseFunction.py(wrapper):8] Parameter : 
[2022-09-27 17:28:08.157][I][AutoBaseFunction.py(wrapper):14] Screen.MainWindow : set_field 실행 종료
[2022-09-27 17:28:08.157][I][AutoBaseFunction.py(wrapper):7] Screen.Setup_Field : closeEvent 실행 시작
[2022-09-27 17:28:08.157][I][AutoBaseFunction.py(wrapper):8] Parameter : <PyQt5.QtGui.QCloseEvent object at 0x000002A3781530D8>
[2022-09-27 17:28:08.158][I][AutoBaseFunction.py(wrapper):14] Screen.Setup_Field : closeEvent 실행 종료
[2022-09-27 17:28:08.165][I][AutoBaseFunction.py(wrapper):14] Screen.Setup_Field : ok_Button_clicked 실행 종료
[2022-09-27 17:28:10.041][I][AutoBaseFunction.py(wrapper):7] __main__ : __tl_ui 실행 시작
[2022-09-27 17:28:10.041][I][AutoBaseFunction.py(wrapper):8] Parameter : False
[2022-09-27 17:28:10.042][I][AutoBaseFunction.py(wrapper):7] Screen.Setup_TestList : setTest_Button 실행 시작
[2022-09-27 17:28:10.042][I][AutoBaseFunction.py(wrapper):8] Parameter : 
[2022-09-27 17:28:10.044][I][AutoBaseFunction.py(wrapper):14] Screen.Setup_TestList : setTest_Button 실행 종료
[2022-09-27 17:28:10.055][I][AutoBaseFunction.py(wrapper):14] __main__ : __tl_ui 실행 종료
[2022-09-27 17:28:11.448][I][AutoBaseFunction.py(wrapper):7] Screen.Setup_TestList : cancel_Button_clicked 실행 시작
[2022-09-27 17:28:11.448][I][AutoBaseFunction.py(wrapper):8] Parameter : False
[2022-09-27 17:28:11.449][I][AutoBaseFunction.py(wrapper):7] Screen.Setup_TestList : closeEvent 실행 시작
[2022-09-27 17:28:11.449][I][AutoBaseFunction.py(wrapper):8] Parameter : <PyQt5.QtGui.QCloseEvent object at 0x000002A37827D948>
[2022-09-27 17:28:11.450][I][AutoBaseFunction.py(wrapper):14] Screen.Setup_TestList : closeEvent 실행 종료
[2022-09-27 17:28:11.454][I][AutoBaseFunction.py(wrapper):14] Screen.Setup_TestList : cancel_Button_clicked 실행 종료
[2022-09-27 17:28:12.953][I][AutoBaseFunction.py(wrapper):7] __main__ : __sf_ui 실행 시작
[2022-09-27 17:28:12.953][I][AutoBaseFunction.py(wrapper):8] Parameter : False
[2022-09-27 17:28:12.958][I][AutoBaseFunction.py(wrapper):14] __main__ : __sf_ui 실행 종료
[2022-09-27 17:28:13.808][I][AutoBaseFunction.py(wrapper):7] Screen.Setup_Field : closeEvent 실행 시작
[2022-09-27 17:28:13.809][I][AutoBaseFunction.py(wrapper):8] Parameter : <PyQt5.QtGui.QCloseEvent object at 0x000002A37827D948>
[2022-09-27 17:28:13.810][I][AutoBaseFunction.py(wrapper):14] Screen.Setup_Field : closeEvent 실행 종료
[2022-09-27 17:28:14.719][I][AutoBaseFunction.py(wrapper):7] Screen.MainWindow : closeEvent 실행 시작
[2022-09-27 17:28:14.720][I][AutoBaseFunction.py(wrapper):8] Parameter : <PyQt5.QtGui.QCloseEvent object at 0x000002A37827D948>
