[2022-09-23 09:29:46.941][D][LogManager.py(Init):12] LogManager Init function called !!!
[2022-09-23 09:29:47.055][I][AutoBaseFunction.py(wrapper):7] Screen.MainWindow : setupUi 실행 시작
[2022-09-23 09:29:47.055][I][AutoBaseFunction.py(wrapper):8] Parameter : 
[2022-09-23 09:29:47.210][I][AutoBaseFunction.py(wrapper):7] Screen.MainWindow : set_field 실행 시작
[2022-09-23 09:29:47.211][I][AutoBaseFunction.py(wrapper):8] Parameter : 
[2022-09-23 09:29:47.335][I][AutoBaseFunction.py(wrapper):14] Screen.MainWindow : set_field 실행 종료
[2022-09-23 09:29:47.335][I][AutoBaseFunction.py(wrapper):7] Screen.MainWindow : setWidget_func 실행 시작
[2022-09-23 09:29:47.336][I][AutoBaseFunction.py(wrapper):8] Parameter : 
[2022-09-23 09:29:47.337][I][AutoBaseFunction.py(wrapper):14] Screen.MainWindow : setWidget_func 실행 종료
[2022-09-23 09:29:47.341][I][AutoBaseFunction.py(wrapper):14] Screen.MainWindow : setupUi 실행 종료
[2022-09-23 09:29:47.347][I][AutoBaseFunction.py(wrapper):7] __main__ : __set_slot 실행 시작
[2022-09-23 09:29:47.347][I][AutoBaseFunction.py(wrapper):8] Parameter : 
[2022-09-23 09:29:47.347][I][AutoBaseFunction.py(wrapper):14] __main__ : __set_slot 실행 종료
[2022-09-23 09:29:47.347][I][AutoBaseFunction.py(wrapper):7] __main__ : __wigets_setupUi 실행 시작
[2022-09-23 09:29:47.348][I][AutoBaseFunction.py(wrapper):8] Parameter : 
[2022-09-23 09:29:47.348][I][AutoBaseFunction.py(wrapper):7] Screen.Setup_Language : setupUI_Language 실행 시작
[2022-09-23 09:29:47.348][I][AutoBaseFunction.py(wrapper):8] Parameter : 
[2022-09-23 09:29:47.349][I][AutoBaseFunction.py(wrapper):7] Screen.Setup_Language : sl_set_slot 실행 시작
[2022-09-23 09:29:47.349][I][AutoBaseFunction.py(wrapper):8] Parameter : 
[2022-09-23 09:29:47.349][I][AutoBaseFunction.py(wrapper):14] Screen.Setup_Language : sl_set_slot 실행 종료
[2022-09-23 09:29:47.349][I][AutoBaseFunction.py(wrapper):14] Screen.Setup_Language : setupUI_Language 실행 종료
[2022-09-23 09:29:47.350][I][AutoBaseFunction.py(wrapper):7] Screen.Menu_CreateExcel : setupUI_CreateExcel 실행 시작
[2022-09-23 09:29:47.350][I][AutoBaseFunction.py(wrapper):8] Parameter : 
[2022-09-23 09:29:47.351][I][AutoBaseFunction.py(wrapper):7] Screen.Menu_CreateExcel : new_excel_func 실행 시작
[2022-09-23 09:29:47.351][I][AutoBaseFunction.py(wrapper):8] Parameter : 
[2022-09-23 09:29:47.351][I][AutoBaseFunction.py(wrapper):14] Screen.Menu_CreateExcel : new_excel_func 실행 종료
[2022-09-23 09:29:47.351][I][AutoBaseFunction.py(wrapper):7] Screen.Menu_CreateExcel : set_excel_func 실행 시작
[2022-09-23 09:29:47.352][I][AutoBaseFunction.py(wrapper):8] Parameter : 
[2022-09-23 09:29:47.352][I][AutoBaseFunction.py(wrapper):14] Screen.Menu_CreateExcel : set_excel_func 실행 종료
[2022-09-23 09:29:47.353][I][AutoBaseFunction.py(wrapper):14] Screen.Menu_CreateExcel : setupUI_CreateExcel 실행 종료
[2022-09-23 09:29:47.353][I][AutoBaseFunction.py(wrapper):7] Screen.Setup_Field : setupUI_Field 실행 시작
[2022-09-23 09:29:47.353][I][AutoBaseFunction.py(wrapper):8] Parameter : 
[2022-09-23 09:29:47.353][I][AutoBaseFunction.py(wrapper):7] Screen.Setup_Field : set_data 실행 시작
[2022-09-23 09:29:47.354][I][AutoBaseFunction.py(wrapper):8] Parameter : 
[2022-09-23 09:29:47.354][I][AutoBaseFunction.py(wrapper):14] Screen.Setup_Field : set_data 실행 종료
[2022-09-23 09:29:47.790][I][AutoBaseFunction.py(wrapper):7] Screen.Setup_Field : set_data 실행 시작
[2022-09-23 09:29:47.791][I][AutoBaseFunction.py(wrapper):8] Parameter : 
[2022-09-23 09:29:47.791][I][AutoBaseFunction.py(wrapper):14] Screen.Setup_Field : set_data 실행 종료
[2022-09-23 09:29:47.792][I][AutoBaseFunction.py(wrapper):7] Screen.Setup_Field : set_data 실행 시작
[2022-09-23 09:29:47.792][I][AutoBaseFunction.py(wrapper):8] Parameter : 
[2022-09-23 09:29:47.792][I][AutoBaseFunction.py(wrapper):14] Screen.Setup_Field : set_data 실행 종료
[2022-09-23 09:29:47.793][I][AutoBaseFunction.py(wrapper):7] Screen.Setup_Field : set_data 실행 시작
[2022-09-23 09:29:47.793][I][AutoBaseFunction.py(wrapper):8] Parameter : 
[2022-09-23 09:29:47.793][I][AutoBaseFunction.py(wrapper):14] Screen.Setup_Field : set_data 실행 종료
[2022-09-23 09:29:47.794][I][AutoBaseFunction.py(wrapper):7] Screen.Setup_Field : set_data 실행 시작
[2022-09-23 09:29:47.794][I][AutoBaseFunction.py(wrapper):8] Parameter : 
[2022-09-23 09:29:47.794][I][AutoBaseFunction.py(wrapper):14] Screen.Setup_Field : set_data 실행 종료
[2022-09-23 09:29:47.794][I][AutoBaseFunction.py(wrapper):7] Screen.Setup_Field : set_data 실행 시작
[2022-09-23 09:29:47.795][I][AutoBaseFunction.py(wrapper):8] Parameter : 
[2022-09-23 09:29:47.795][I][AutoBaseFunction.py(wrapper):14] Screen.Setup_Field : set_data 실행 종료
[2022-09-23 09:29:47.795][I][AutoBaseFunction.py(wrapper):7] Screen.Setup_Field : sl_set_slot 실행 시작
[2022-09-23 09:29:47.795][I][AutoBaseFunction.py(wrapper):8] Parameter : 
[2022-09-23 09:29:47.796][I][AutoBaseFunction.py(wrapper):14] Screen.Setup_Field : sl_set_slot 실행 종료
[2022-09-23 09:29:47.796][I][AutoBaseFunction.py(wrapper):14] Screen.Setup_Field : setupUI_Field 실행 종료
[2022-09-23 09:29:47.796][I][AutoBaseFunction.py(wrapper):7] Screen.Setup_TestList : setupUI_TestList 실행 시작
[2022-09-23 09:29:47.796][I][AutoBaseFunction.py(wrapper):8] Parameter : 
[2022-09-23 09:29:47.797][I][AutoBaseFunction.py(wrapper):7] Screen.Setup_TestList : btn_set_slot 실행 시작
[2022-09-23 09:29:47.798][I][AutoBaseFunction.py(wrapper):8] Parameter : 
[2022-09-23 09:29:47.798][I][AutoBaseFunction.py(wrapper):14] Screen.Setup_TestList : btn_set_slot 실행 종료
[2022-09-23 09:29:47.798][I][AutoBaseFunction.py(wrapper):14] Screen.Setup_TestList : setupUI_TestList 실행 종료
[2022-09-23 09:29:47.798][I][AutoBaseFunction.py(wrapper):14] __main__ : __wigets_setupUi 실행 종료
[2022-09-23 09:29:49.302][I][AutoBaseFunction.py(wrapper):7] Screen.MainWindow : closeEvent 실행 시작
[2022-09-23 09:29:49.302][I][AutoBaseFunction.py(wrapper):8] Parameter : <PyQt5.QtGui.QCloseEvent object at 0x00000188FD481B88>
