[2022-09-26 18:37:47.936][D][LogManager.py(Init):12] LogManager Init function called !!!
[2022-09-26 18:37:47.949][I][AutoBaseFunction.py(wrapper):7] Screen.MainWindow : setupUi 실행 시작
[2022-09-26 18:37:47.950][I][AutoBaseFunction.py(wrapper):8] Parameter : 
[2022-09-26 18:37:47.964][I][AutoBaseFunction.py(wrapper):7] Screen.MainWindow : set_field 실행 시작
[2022-09-26 18:37:47.965][I][AutoBaseFunction.py(wrapper):8] Parameter : 
[2022-09-26 18:37:47.992][I][AutoBaseFunction.py(wrapper):14] Screen.MainWindow : set_field 실행 종료
[2022-09-26 18:37:47.992][I][AutoBaseFunction.py(wrapper):7] Screen.MainWindow : setWidget_func 실행 시작
[2022-09-26 18:37:47.992][I][AutoBaseFunction.py(wrapper):8] Parameter : 
[2022-09-26 18:37:47.995][I][AutoBaseFunction.py(wrapper):14] Screen.MainWindow : setWidget_func 실행 종료
[2022-09-26 18:37:47.998][I][AutoBaseFunction.py(wrapper):14] Screen.MainWindow : setupUi 실행 종료
[2022-09-26 18:37:48.004][I][AutoBaseFunction.py(wrapper):7] __main__ : __set_slot 실행 시작
[2022-09-26 18:37:48.005][I][AutoBaseFunction.py(wrapper):8] Parameter : 
[2022-09-26 18:37:48.005][I][AutoBaseFunction.py(wrapper):14] __main__ : __set_slot 실행 종료
[2022-09-26 18:37:48.005][I][AutoBaseFunction.py(wrapper):7] __main__ : __wigets_setupUi 실행 시작
[2022-09-26 18:37:48.006][I][AutoBaseFunction.py(wrapper):8] Parameter : 
[2022-09-26 18:37:48.006][I][AutoBaseFunction.py(wrapper):7] Screen.Setup_Language : setupUI_Language 실행 시작
[2022-09-26 18:37:48.006][I][AutoBaseFunction.py(wrapper):8] Parameter : 
[2022-09-26 18:37:48.007][I][AutoBaseFunction.py(wrapper):7] Screen.Setup_Language : sl_set_slot 실행 시작
[2022-09-26 18:37:48.007][I][AutoBaseFunction.py(wrapper):8] Parameter : 
[2022-09-26 18:37:48.008][I][AutoBaseFunction.py(wrapper):14] Screen.Setup_Language : sl_set_slot 실행 종료
[2022-09-26 18:37:48.008][I][AutoBaseFunction.py(wrapper):14] Screen.Setup_Language : setupUI_Language 실행 종료
[2022-09-26 18:37:48.008][I][AutoBaseFunction.py(wrapper):7] Screen.Menu_CreateExcel : setupUI_CreateExcel 실행 시작
[2022-09-26 18:37:48.008][I][AutoBaseFunction.py(wrapper):8] Parameter : 
[2022-09-26 18:37:48.009][I][AutoBaseFunction.py(wrapper):7] Screen.Menu_CreateExcel : new_excel_func 실행 시작
[2022-09-26 18:37:48.009][I][AutoBaseFunction.py(wrapper):8] Parameter : 
[2022-09-26 18:37:48.010][I][AutoBaseFunction.py(wrapper):14] Screen.Menu_CreateExcel : new_excel_func 실행 종료
[2022-09-26 18:37:48.010][I][AutoBaseFunction.py(wrapper):7] Screen.Menu_CreateExcel : set_excel_func 실행 시작
[2022-09-26 18:37:48.010][I][AutoBaseFunction.py(wrapper):8] Parameter : 
[2022-09-26 18:37:48.010][I][AutoBaseFunction.py(wrapper):14] Screen.Menu_CreateExcel : set_excel_func 실행 종료
[2022-09-26 18:37:48.011][I][AutoBaseFunction.py(wrapper):14] Screen.Menu_CreateExcel : setupUI_CreateExcel 실행 종료
[2022-09-26 18:37:48.011][I][AutoBaseFunction.py(wrapper):7] Screen.Setup_Field : setupUI_Field 실행 시작
[2022-09-26 18:37:48.011][I][AutoBaseFunction.py(wrapper):8] Parameter : 
[2022-09-26 18:37:48.012][I][AutoBaseFunction.py(wrapper):7] Screen.Setup_Field : set_data 실행 시작
[2022-09-26 18:37:48.012][I][AutoBaseFunction.py(wrapper):8] Parameter : 
[2022-09-26 18:37:48.012][I][AutoBaseFunction.py(wrapper):14] Screen.Setup_Field : set_data 실행 종료
[2022-09-26 18:37:48.258][I][AutoBaseFunction.py(wrapper):7] Screen.Setup_Field : set_data 실행 시작
[2022-09-26 18:37:48.259][I][AutoBaseFunction.py(wrapper):8] Parameter : 
[2022-09-26 18:37:48.259][I][AutoBaseFunction.py(wrapper):14] Screen.Setup_Field : set_data 실행 종료
[2022-09-26 18:37:48.260][I][AutoBaseFunction.py(wrapper):7] Screen.Setup_Field : set_data 실행 시작
[2022-09-26 18:37:48.260][I][AutoBaseFunction.py(wrapper):8] Parameter : 
[2022-09-26 18:37:48.260][I][AutoBaseFunction.py(wrapper):14] Screen.Setup_Field : set_data 실행 종료
[2022-09-26 18:37:48.261][I][AutoBaseFunction.py(wrapper):7] Screen.Setup_Field : set_data 실행 시작
[2022-09-26 18:37:48.261][I][AutoBaseFunction.py(wrapper):8] Parameter : 
[2022-09-26 18:37:48.262][I][AutoBaseFunction.py(wrapper):14] Screen.Setup_Field : set_data 실행 종료
[2022-09-26 18:37:48.262][I][AutoBaseFunction.py(wrapper):7] Screen.Setup_Field : set_data 실행 시작
[2022-09-26 18:37:48.262][I][AutoBaseFunction.py(wrapper):8] Parameter : 
[2022-09-26 18:37:48.263][I][AutoBaseFunction.py(wrapper):14] Screen.Setup_Field : set_data 실행 종료
[2022-09-26 18:37:48.263][I][AutoBaseFunction.py(wrapper):7] Screen.Setup_Field : set_data 실행 시작
[2022-09-26 18:37:48.263][I][AutoBaseFunction.py(wrapper):8] Parameter : 
[2022-09-26 18:37:48.264][I][AutoBaseFunction.py(wrapper):14] Screen.Setup_Field : set_data 실행 종료
[2022-09-26 18:37:48.264][I][AutoBaseFunction.py(wrapper):7] Screen.Setup_Field : sl_set_slot 실행 시작
[2022-09-26 18:37:48.264][I][AutoBaseFunction.py(wrapper):8] Parameter : 
[2022-09-26 18:37:48.265][I][AutoBaseFunction.py(wrapper):14] Screen.Setup_Field : sl_set_slot 실행 종료
[2022-09-26 18:37:48.265][I][AutoBaseFunction.py(wrapper):14] Screen.Setup_Field : setupUI_Field 실행 종료
[2022-09-26 18:37:48.265][I][AutoBaseFunction.py(wrapper):7] Screen.Setup_TestList : setupUI_TestList 실행 시작
[2022-09-26 18:37:48.265][I][AutoBaseFunction.py(wrapper):8] Parameter : 
[2022-09-26 18:37:48.266][I][AutoBaseFunction.py(wrapper):7] Screen.Setup_TestList : btn_set_slot 실행 시작
[2022-09-26 18:37:48.266][I][AutoBaseFunction.py(wrapper):8] Parameter : 
[2022-09-26 18:37:48.267][I][AutoBaseFunction.py(wrapper):14] Screen.Setup_TestList : btn_set_slot 실행 종료
[2022-09-26 18:37:48.267][I][AutoBaseFunction.py(wrapper):14] Screen.Setup_TestList : setupUI_TestList 실행 종료
[2022-09-26 18:37:48.267][I][AutoBaseFunction.py(wrapper):14] __main__ : __wigets_setupUi 실행 종료
[2022-09-26 18:37:50.287][I][AutoBaseFunction.py(wrapper):7] __main__ : __sl_ui 실행 시작
[2022-09-26 18:37:50.287][I][AutoBaseFunction.py(wrapper):8] Parameter : False
[2022-09-26 18:37:50.287][I][AutoBaseFunction.py(wrapper):7] Screen.Setup_Language : setLang_Button 실행 시작
[2022-09-26 18:37:50.288][I][AutoBaseFunction.py(wrapper):8] Parameter : 
