[2022-09-26 16:41:33.173][D][LogManager.py(Init):12] LogManager Init function called !!!
[2022-09-26 16:41:33.188][I][AutoBaseFunction.py(wrapper):7] Screen.MainWindow : setupUi 실행 시작
[2022-09-26 16:41:33.188][I][AutoBaseFunction.py(wrapper):8] Parameter : 
[2022-09-26 16:41:33.210][I][AutoBaseFunction.py(wrapper):7] Screen.MainWindow : set_field 실행 시작
[2022-09-26 16:41:33.211][I][AutoBaseFunction.py(wrapper):8] Parameter : 
[2022-09-26 16:41:33.242][I][AutoBaseFunction.py(wrapper):14] Screen.MainWindow : set_field 실행 종료
[2022-09-26 16:41:33.242][I][AutoBaseFunction.py(wrapper):7] Screen.MainWindow : setWidget_func 실행 시작
[2022-09-26 16:41:33.243][I][AutoBaseFunction.py(wrapper):8] Parameter : 
[2022-09-26 16:41:33.245][I][AutoBaseFunction.py(wrapper):14] Screen.MainWindow : setWidget_func 실행 종료
[2022-09-26 16:41:33.247][I][AutoBaseFunction.py(wrapper):14] Screen.MainWindow : setupUi 실행 종료
[2022-09-26 16:41:33.260][I][AutoBaseFunction.py(wrapper):7] __main__ : __set_slot 실행 시작
[2022-09-26 16:41:33.261][I][AutoBaseFunction.py(wrapper):8] Parameter : 
[2022-09-26 16:41:33.261][I][AutoBaseFunction.py(wrapper):14] __main__ : __set_slot 실행 종료
[2022-09-26 16:41:33.262][I][AutoBaseFunction.py(wrapper):7] __main__ : __wigets_setupUi 실행 시작
[2022-09-26 16:41:33.262][I][AutoBaseFunction.py(wrapper):8] Parameter : 
[2022-09-26 16:41:33.263][I][AutoBaseFunction.py(wrapper):7] Screen.Setup_Language : setupUI_Language 실행 시작
[2022-09-26 16:41:33.263][I][AutoBaseFunction.py(wrapper):8] Parameter : 
[2022-09-26 16:41:33.264][I][AutoBaseFunction.py(wrapper):7] Screen.Setup_Language : sl_set_slot 실행 시작
[2022-09-26 16:41:33.264][I][AutoBaseFunction.py(wrapper):8] Parameter : 
[2022-09-26 16:41:33.265][I][AutoBaseFunction.py(wrapper):14] Screen.Setup_Language : sl_set_slot 실행 종료
[2022-09-26 16:41:33.265][I][AutoBaseFunction.py(wrapper):14] Screen.Setup_Language : setupUI_Language 실행 종료
[2022-09-26 16:41:33.265][I][AutoBaseFunction.py(wrapper):7] Screen.Menu_CreateExcel : setupUI_CreateExcel 실행 시작
[2022-09-26 16:41:33.265][I][AutoBaseFunction.py(wrapper):8] Parameter : 
[2022-09-26 16:41:33.266][I][AutoBaseFunction.py(wrapper):7] Screen.Menu_CreateExcel : new_excel_func 실행 시작
[2022-09-26 16:41:33.266][I][AutoBaseFunction.py(wrapper):8] Parameter : 
[2022-09-26 16:41:33.267][I][AutoBaseFunction.py(wrapper):14] Screen.Menu_CreateExcel : new_excel_func 실행 종료
[2022-09-26 16:41:33.267][I][AutoBaseFunction.py(wrapper):7] Screen.Menu_CreateExcel : set_excel_func 실행 시작
[2022-09-26 16:41:33.267][I][AutoBaseFunction.py(wrapper):8] Parameter : 
[2022-09-26 16:41:33.267][I][AutoBaseFunction.py(wrapper):14] Screen.Menu_CreateExcel : set_excel_func 실행 종료
[2022-09-26 16:41:33.268][I][AutoBaseFunction.py(wrapper):14] Screen.Menu_CreateExcel : setupUI_CreateExcel 실행 종료
[2022-09-26 16:41:33.268][I][AutoBaseFunction.py(wrapper):7] Screen.Setup_Field : setupUI_Field 실행 시작
[2022-09-26 16:41:33.268][I][AutoBaseFunction.py(wrapper):8] Parameter : 
[2022-09-26 16:41:33.269][I][AutoBaseFunction.py(wrapper):7] Screen.Setup_Field : set_data 실행 시작
[2022-09-26 16:41:33.270][I][AutoBaseFunction.py(wrapper):8] Parameter : 
[2022-09-26 16:41:33.270][I][AutoBaseFunction.py(wrapper):14] Screen.Setup_Field : set_data 실행 종료
[2022-09-26 16:41:33.497][I][AutoBaseFunction.py(wrapper):7] Screen.Setup_Field : set_data 실행 시작
[2022-09-26 16:41:33.497][I][AutoBaseFunction.py(wrapper):8] Parameter : 
[2022-09-26 16:41:33.498][I][AutoBaseFunction.py(wrapper):14] Screen.Setup_Field : set_data 실행 종료
[2022-09-26 16:41:33.498][I][AutoBaseFunction.py(wrapper):7] Screen.Setup_Field : set_data 실행 시작
[2022-09-26 16:41:33.499][I][AutoBaseFunction.py(wrapper):8] Parameter : 
[2022-09-26 16:41:33.499][I][AutoBaseFunction.py(wrapper):14] Screen.Setup_Field : set_data 실행 종료
[2022-09-26 16:41:33.499][I][AutoBaseFunction.py(wrapper):7] Screen.Setup_Field : set_data 실행 시작
[2022-09-26 16:41:33.500][I][AutoBaseFunction.py(wrapper):8] Parameter : 
[2022-09-26 16:41:33.500][I][AutoBaseFunction.py(wrapper):14] Screen.Setup_Field : set_data 실행 종료
[2022-09-26 16:41:33.501][I][AutoBaseFunction.py(wrapper):7] Screen.Setup_Field : set_data 실행 시작
[2022-09-26 16:41:33.501][I][AutoBaseFunction.py(wrapper):8] Parameter : 
[2022-09-26 16:41:33.501][I][AutoBaseFunction.py(wrapper):14] Screen.Setup_Field : set_data 실행 종료
[2022-09-26 16:41:33.501][I][AutoBaseFunction.py(wrapper):7] Screen.Setup_Field : set_data 실행 시작
[2022-09-26 16:41:33.502][I][AutoBaseFunction.py(wrapper):8] Parameter : 
[2022-09-26 16:41:33.502][I][AutoBaseFunction.py(wrapper):14] Screen.Setup_Field : set_data 실행 종료
[2022-09-26 16:41:33.502][I][AutoBaseFunction.py(wrapper):7] Screen.Setup_Field : sl_set_slot 실행 시작
[2022-09-26 16:41:33.503][I][AutoBaseFunction.py(wrapper):8] Parameter : 
[2022-09-26 16:41:33.503][I][AutoBaseFunction.py(wrapper):14] Screen.Setup_Field : sl_set_slot 실행 종료
[2022-09-26 16:41:33.503][I][AutoBaseFunction.py(wrapper):14] Screen.Setup_Field : setupUI_Field 실행 종료
[2022-09-26 16:41:33.503][I][AutoBaseFunction.py(wrapper):7] Screen.Setup_TestList : setupUI_TestList 실행 시작
[2022-09-26 16:41:33.503][I][AutoBaseFunction.py(wrapper):8] Parameter : 
[2022-09-26 16:41:33.504][I][AutoBaseFunction.py(wrapper):7] Screen.Setup_TestList : btn_set_slot 실행 시작
[2022-09-26 16:41:33.504][I][AutoBaseFunction.py(wrapper):8] Parameter : 
[2022-09-26 16:41:33.505][I][AutoBaseFunction.py(wrapper):14] Screen.Setup_TestList : btn_set_slot 실행 종료
[2022-09-26 16:41:33.505][I][AutoBaseFunction.py(wrapper):14] Screen.Setup_TestList : setupUI_TestList 실행 종료
[2022-09-26 16:41:33.505][I][AutoBaseFunction.py(wrapper):14] __main__ : __wigets_setupUi 실행 종료
[2022-09-26 16:41:34.872][I][AutoBaseFunction.py(wrapper):7] __main__ : __sl_ui 실행 시작
[2022-09-26 16:41:34.872][I][AutoBaseFunction.py(wrapper):8] Parameter : False
[2022-09-26 16:41:34.873][I][AutoBaseFunction.py(wrapper):7] Screen.Setup_Language : setLang_Button 실행 시작
[2022-09-26 16:41:34.873][I][AutoBaseFunction.py(wrapper):8] Parameter : 
[2022-09-26 16:41:34.874][I][AutoBaseFunction.py(wrapper):14] Screen.Setup_Language : setLang_Button 실행 종료
[2022-09-26 16:41:34.884][I][AutoBaseFunction.py(wrapper):14] __main__ : __sl_ui 실행 종료
[2022-09-26 16:41:44.094][I][AutoBaseFunction.py(wrapper):7] Screen.Setup_Language : ok_Button_clicked 실행 시작
[2022-09-26 16:41:44.095][I][AutoBaseFunction.py(wrapper):8] Parameter : False
