[2022-09-22 09:23:42.569][D][LogManager.py(Init):12] LogManager Init function called !!!
[2022-09-22 09:23:42.582][I][AutoBaseFunction.py(wrapper):7] Screen.MainWindow : setupUi 실행 시작
[2022-09-22 09:23:42.582][I][AutoBaseFunction.py(wrapper):8] Parameter : 
[2022-09-22 09:23:42.597][I][AutoBaseFunction.py(wrapper):7] Screen.MainWindow : set_field 실행 시작
[2022-09-22 09:23:42.598][I][AutoBaseFunction.py(wrapper):8] Parameter : 
[2022-09-22 09:23:42.623][I][AutoBaseFunction.py(wrapper):14] Screen.MainWindow : set_field 실행 종료
[2022-09-22 09:23:42.623][I][AutoBaseFunction.py(wrapper):7] Screen.MainWindow : setWidget_func 실행 시작
[2022-09-22 09:23:42.624][I][AutoBaseFunction.py(wrapper):8] Parameter : 
[2022-09-22 09:23:42.625][I][AutoBaseFunction.py(wrapper):14] Screen.MainWindow : setWidget_func 실행 종료
[2022-09-22 09:23:42.627][I][AutoBaseFunction.py(wrapper):14] Screen.MainWindow : setupUi 실행 종료
[2022-09-22 09:23:42.634][I][AutoBaseFunction.py(wrapper):7] __main__ : __set_slot 실행 시작
[2022-09-22 09:23:42.634][I][AutoBaseFunction.py(wrapper):8] Parameter : 
[2022-09-22 09:23:42.635][I][AutoBaseFunction.py(wrapper):14] __main__ : __set_slot 실행 종료
[2022-09-22 09:23:42.635][I][AutoBaseFunction.py(wrapper):7] __main__ : __wigets_setupUi 실행 시작
[2022-09-22 09:23:42.635][I][AutoBaseFunction.py(wrapper):8] Parameter : 
[2022-09-22 09:23:42.636][I][AutoBaseFunction.py(wrapper):7] Screen.Setup_Language : setupUI_Language 실행 시작
[2022-09-22 09:23:42.636][I][AutoBaseFunction.py(wrapper):8] Parameter : 
[2022-09-22 09:23:42.637][I][AutoBaseFunction.py(wrapper):7] Screen.Setup_Language : sl_set_slot 실행 시작
[2022-09-22 09:23:42.637][I][AutoBaseFunction.py(wrapper):8] Parameter : 
[2022-09-22 09:23:42.637][I][AutoBaseFunction.py(wrapper):14] Screen.Setup_Language : sl_set_slot 실행 종료
[2022-09-22 09:23:42.637][I][AutoBaseFunction.py(wrapper):14] Screen.Setup_Language : setupUI_Language 실행 종료
[2022-09-22 09:23:42.638][I][AutoBaseFunction.py(wrapper):7] Screen.Menu_CreateExcel : setupUI_CreateExcel 실행 시작
[2022-09-22 09:23:42.638][I][AutoBaseFunction.py(wrapper):8] Parameter : 
[2022-09-22 09:23:42.639][I][AutoBaseFunction.py(wrapper):7] Screen.Menu_CreateExcel : new_excel_func 실행 시작
[2022-09-22 09:23:42.639][I][AutoBaseFunction.py(wrapper):8] Parameter : 
[2022-09-22 09:23:42.639][I][AutoBaseFunction.py(wrapper):14] Screen.Menu_CreateExcel : new_excel_func 실행 종료
[2022-09-22 09:23:42.640][I][AutoBaseFunction.py(wrapper):7] Screen.Menu_CreateExcel : set_excel_func 실행 시작
[2022-09-22 09:23:42.640][I][AutoBaseFunction.py(wrapper):8] Parameter : 
[2022-09-22 09:23:42.640][I][AutoBaseFunction.py(wrapper):14] Screen.Menu_CreateExcel : set_excel_func 실행 종료
[2022-09-22 09:23:42.640][I][AutoBaseFunction.py(wrapper):14] Screen.Menu_CreateExcel : setupUI_CreateExcel 실행 종료
[2022-09-22 09:23:42.641][I][AutoBaseFunction.py(wrapper):7] Screen.Setup_Field : setupUI_Field 실행 시작
[2022-09-22 09:23:42.641][I][AutoBaseFunction.py(wrapper):8] Parameter : 
[2022-09-22 09:23:42.641][I][AutoBaseFunction.py(wrapper):7] Screen.Setup_Field : set_data 실행 시작
[2022-09-22 09:23:42.642][I][AutoBaseFunction.py(wrapper):8] Parameter : 
[2022-09-22 09:23:42.642][I][AutoBaseFunction.py(wrapper):14] Screen.Setup_Field : set_data 실행 종료
[2022-09-22 09:23:42.869][I][AutoBaseFunction.py(wrapper):7] Screen.Setup_Field : set_data 실행 시작
[2022-09-22 09:23:42.869][I][AutoBaseFunction.py(wrapper):8] Parameter : 
[2022-09-22 09:23:42.869][I][AutoBaseFunction.py(wrapper):14] Screen.Setup_Field : set_data 실행 종료
[2022-09-22 09:23:42.870][I][AutoBaseFunction.py(wrapper):7] Screen.Setup_Field : set_data 실행 시작
[2022-09-22 09:23:42.870][I][AutoBaseFunction.py(wrapper):8] Parameter : 
[2022-09-22 09:23:42.870][I][AutoBaseFunction.py(wrapper):14] Screen.Setup_Field : set_data 실행 종료
[2022-09-22 09:23:42.871][I][AutoBaseFunction.py(wrapper):7] Screen.Setup_Field : set_data 실행 시작
[2022-09-22 09:23:42.871][I][AutoBaseFunction.py(wrapper):8] Parameter : 
[2022-09-22 09:23:42.872][I][AutoBaseFunction.py(wrapper):14] Screen.Setup_Field : set_data 실행 종료
[2022-09-22 09:23:42.872][I][AutoBaseFunction.py(wrapper):7] Screen.Setup_Field : set_data 실행 시작
[2022-09-22 09:23:42.872][I][AutoBaseFunction.py(wrapper):8] Parameter : 
[2022-09-22 09:23:42.873][I][AutoBaseFunction.py(wrapper):14] Screen.Setup_Field : set_data 실행 종료
[2022-09-22 09:23:42.873][I][AutoBaseFunction.py(wrapper):7] Screen.Setup_Field : set_data 실행 시작
[2022-09-22 09:23:42.873][I][AutoBaseFunction.py(wrapper):8] Parameter : 
[2022-09-22 09:23:42.874][I][AutoBaseFunction.py(wrapper):14] Screen.Setup_Field : set_data 실행 종료
[2022-09-22 09:23:42.874][I][AutoBaseFunction.py(wrapper):7] Screen.Setup_Field : sl_set_slot 실행 시작
[2022-09-22 09:23:42.874][I][AutoBaseFunction.py(wrapper):8] Parameter : 
[2022-09-22 09:23:42.874][I][AutoBaseFunction.py(wrapper):14] Screen.Setup_Field : sl_set_slot 실행 종료
[2022-09-22 09:23:42.875][I][AutoBaseFunction.py(wrapper):14] Screen.Setup_Field : setupUI_Field 실행 종료
[2022-09-22 09:23:42.875][I][AutoBaseFunction.py(wrapper):7] Screen.Setup_TestList : setupUI_TestList 실행 시작
[2022-09-22 09:23:42.875][I][AutoBaseFunction.py(wrapper):8] Parameter : 
[2022-09-22 09:23:42.876][I][AutoBaseFunction.py(wrapper):7] Screen.Setup_TestList : btn_set_slot 실행 시작
[2022-09-22 09:23:42.876][I][AutoBaseFunction.py(wrapper):8] Parameter : 
[2022-09-22 09:23:42.877][I][AutoBaseFunction.py(wrapper):14] Screen.Setup_TestList : btn_set_slot 실행 종료
[2022-09-22 09:23:42.877][I][AutoBaseFunction.py(wrapper):14] Screen.Setup_TestList : setupUI_TestList 실행 종료
[2022-09-22 09:23:42.877][I][AutoBaseFunction.py(wrapper):14] __main__ : __wigets_setupUi 실행 종료
[2022-09-22 09:23:49.941][I][AutoBaseFunction.py(wrapper):7] Screen.MainWindow : closeEvent 실행 시작
[2022-09-22 09:23:49.941][I][AutoBaseFunction.py(wrapper):8] Parameter : <PyQt5.QtGui.QCloseEvent object at 0x000001708653DA68>
