[2022-09-22 08:55:48.234][D][LogManager.py(Init):12] LogManager Init function called !!!
[2022-09-22 08:55:48.247][I][AutoBaseFunction.py(wrapper):7] Screen.MainWindow : setupUi 실행 시작
[2022-09-22 08:55:48.248][I][AutoBaseFunction.py(wrapper):8] Parameter : 
[2022-09-22 08:55:48.264][I][AutoBaseFunction.py(wrapper):7] Screen.MainWindow : set_field 실행 시작
[2022-09-22 08:55:48.265][I][AutoBaseFunction.py(wrapper):8] Parameter : 
[2022-09-22 08:55:48.290][I][AutoBaseFunction.py(wrapper):14] Screen.MainWindow : set_field 실행 종료
[2022-09-22 08:55:48.291][I][AutoBaseFunction.py(wrapper):7] Screen.MainWindow : setWidget_func 실행 시작
[2022-09-22 08:55:48.291][I][AutoBaseFunction.py(wrapper):8] Parameter : 
[2022-09-22 08:55:48.292][I][AutoBaseFunction.py(wrapper):14] Screen.MainWindow : setWidget_func 실행 종료
[2022-09-22 08:55:48.295][I][AutoBaseFunction.py(wrapper):14] Screen.MainWindow : setupUi 실행 종료
[2022-09-22 08:55:48.300][I][AutoBaseFunction.py(wrapper):7] __main__ : __set_slot 실행 시작
[2022-09-22 08:55:48.301][I][AutoBaseFunction.py(wrapper):8] Parameter : 
[2022-09-22 08:55:48.301][I][AutoBaseFunction.py(wrapper):14] __main__ : __set_slot 실행 종료
[2022-09-22 08:55:48.302][I][AutoBaseFunction.py(wrapper):7] __main__ : __wigets_setupUi 실행 시작
[2022-09-22 08:55:48.302][I][AutoBaseFunction.py(wrapper):8] Parameter : 
[2022-09-22 08:55:48.302][I][AutoBaseFunction.py(wrapper):7] Screen.Setup_Language : setupUI_Language 실행 시작
[2022-09-22 08:55:48.303][I][AutoBaseFunction.py(wrapper):8] Parameter : 
[2022-09-22 08:55:48.304][I][AutoBaseFunction.py(wrapper):7] Screen.Setup_Language : sl_set_slot 실행 시작
[2022-09-22 08:55:48.304][I][AutoBaseFunction.py(wrapper):8] Parameter : 
[2022-09-22 08:55:48.305][I][AutoBaseFunction.py(wrapper):14] Screen.Setup_Language : sl_set_slot 실행 종료
[2022-09-22 08:55:48.305][I][AutoBaseFunction.py(wrapper):14] Screen.Setup_Language : setupUI_Language 실행 종료
[2022-09-22 08:55:48.305][I][AutoBaseFunction.py(wrapper):7] Screen.Menu_CreateExcel : setupUI_CreateExcel 실행 시작
[2022-09-22 08:55:48.305][I][AutoBaseFunction.py(wrapper):8] Parameter : 
[2022-09-22 08:55:48.306][I][AutoBaseFunction.py(wrapper):7] Screen.Menu_CreateExcel : new_excel_func 실행 시작
[2022-09-22 08:55:48.307][I][AutoBaseFunction.py(wrapper):8] Parameter : 
[2022-09-22 08:55:48.307][I][AutoBaseFunction.py(wrapper):14] Screen.Menu_CreateExcel : new_excel_func 실행 종료
[2022-09-22 08:55:48.307][I][AutoBaseFunction.py(wrapper):7] Screen.Menu_CreateExcel : set_excel_func 실행 시작
[2022-09-22 08:55:48.307][I][AutoBaseFunction.py(wrapper):8] Parameter : 
[2022-09-22 08:55:48.308][I][AutoBaseFunction.py(wrapper):14] Screen.Menu_CreateExcel : set_excel_func 실행 종료
[2022-09-22 08:55:48.308][I][AutoBaseFunction.py(wrapper):14] Screen.Menu_CreateExcel : setupUI_CreateExcel 실행 종료
[2022-09-22 08:55:48.308][I][AutoBaseFunction.py(wrapper):7] Screen.Setup_Field : setupUI_Field 실행 시작
[2022-09-22 08:55:48.308][I][AutoBaseFunction.py(wrapper):8] Parameter : 
[2022-09-22 08:55:48.309][I][AutoBaseFunction.py(wrapper):7] Screen.Setup_Field : set_data 실행 시작
[2022-09-22 08:55:48.309][I][AutoBaseFunction.py(wrapper):8] Parameter : 
[2022-09-22 08:55:48.309][I][AutoBaseFunction.py(wrapper):14] Screen.Setup_Field : set_data 실행 종료
[2022-09-22 08:55:48.549][I][AutoBaseFunction.py(wrapper):7] Screen.Setup_Field : set_data 실행 시작
[2022-09-22 08:55:48.549][I][AutoBaseFunction.py(wrapper):8] Parameter : 
[2022-09-22 08:55:48.550][I][AutoBaseFunction.py(wrapper):14] Screen.Setup_Field : set_data 실행 종료
[2022-09-22 08:55:48.550][I][AutoBaseFunction.py(wrapper):7] Screen.Setup_Field : set_data 실행 시작
[2022-09-22 08:55:48.550][I][AutoBaseFunction.py(wrapper):8] Parameter : 
[2022-09-22 08:55:48.551][I][AutoBaseFunction.py(wrapper):14] Screen.Setup_Field : set_data 실행 종료
[2022-09-22 08:55:48.551][I][AutoBaseFunction.py(wrapper):7] Screen.Setup_Field : set_data 실행 시작
[2022-09-22 08:55:48.551][I][AutoBaseFunction.py(wrapper):8] Parameter : 
[2022-09-22 08:55:48.552][I][AutoBaseFunction.py(wrapper):14] Screen.Setup_Field : set_data 실행 종료
[2022-09-22 08:55:48.552][I][AutoBaseFunction.py(wrapper):7] Screen.Setup_Field : set_data 실행 시작
[2022-09-22 08:55:48.552][I][AutoBaseFunction.py(wrapper):8] Parameter : 
[2022-09-22 08:55:48.552][I][AutoBaseFunction.py(wrapper):14] Screen.Setup_Field : set_data 실행 종료
[2022-09-22 08:55:48.552][I][AutoBaseFunction.py(wrapper):7] Screen.Setup_Field : set_data 실행 시작
[2022-09-22 08:55:48.553][I][AutoBaseFunction.py(wrapper):8] Parameter : 
[2022-09-22 08:55:48.553][I][AutoBaseFunction.py(wrapper):14] Screen.Setup_Field : set_data 실행 종료
[2022-09-22 08:55:48.553][I][AutoBaseFunction.py(wrapper):7] Screen.Setup_Field : sl_set_slot 실행 시작
[2022-09-22 08:55:48.553][I][AutoBaseFunction.py(wrapper):8] Parameter : 
[2022-09-22 08:55:48.554][I][AutoBaseFunction.py(wrapper):14] Screen.Setup_Field : sl_set_slot 실행 종료
[2022-09-22 08:55:48.554][I][AutoBaseFunction.py(wrapper):14] Screen.Setup_Field : setupUI_Field 실행 종료
[2022-09-22 08:55:48.554][I][AutoBaseFunction.py(wrapper):7] Screen.Setup_TestList : setupUI_TestList 실행 시작
[2022-09-22 08:55:48.554][I][AutoBaseFunction.py(wrapper):8] Parameter : 
[2022-09-22 08:55:48.555][I][AutoBaseFunction.py(wrapper):7] Screen.Setup_TestList : btn_set_slot 실행 시작
[2022-09-22 08:55:48.555][I][AutoBaseFunction.py(wrapper):8] Parameter : 
[2022-09-22 08:55:48.555][I][AutoBaseFunction.py(wrapper):14] Screen.Setup_TestList : btn_set_slot 실행 종료
[2022-09-22 08:55:48.555][I][AutoBaseFunction.py(wrapper):14] Screen.Setup_TestList : setupUI_TestList 실행 종료
[2022-09-22 08:55:48.555][I][AutoBaseFunction.py(wrapper):14] __main__ : __wigets_setupUi 실행 종료
[2022-09-22 08:56:15.443][I][AutoBaseFunction.py(wrapper):7] Screen.MainWindow : closeEvent 실행 시작
[2022-09-22 08:56:15.443][I][AutoBaseFunction.py(wrapper):8] Parameter : <PyQt5.QtGui.QCloseEvent object at 0x000001FAE029DA68>
