[2022-09-22 09:25:47.722][D][LogManager.py(Init):12] LogManager Init function called !!!
[2022-09-22 09:25:47.735][I][AutoBaseFunction.py(wrapper):7] Screen.MainWindow : setupUi 실행 시작
[2022-09-22 09:25:47.735][I][AutoBaseFunction.py(wrapper):8] Parameter : 
[2022-09-22 09:25:47.756][I][AutoBaseFunction.py(wrapper):7] Screen.MainWindow : set_field 실행 시작
[2022-09-22 09:25:47.756][I][AutoBaseFunction.py(wrapper):8] Parameter : 
[2022-09-22 09:25:47.782][I][AutoBaseFunction.py(wrapper):14] Screen.MainWindow : set_field 실행 종료
[2022-09-22 09:25:47.783][I][AutoBaseFunction.py(wrapper):7] Screen.MainWindow : setWidget_func 실행 시작
[2022-09-22 09:25:47.784][I][AutoBaseFunction.py(wrapper):8] Parameter : 
[2022-09-22 09:25:47.786][I][AutoBaseFunction.py(wrapper):14] Screen.MainWindow : setWidget_func 실행 종료
[2022-09-22 09:25:47.789][I][AutoBaseFunction.py(wrapper):14] Screen.MainWindow : setupUi 실행 종료
[2022-09-22 09:25:47.799][I][AutoBaseFunction.py(wrapper):7] __main__ : __set_slot 실행 시작
[2022-09-22 09:25:47.799][I][AutoBaseFunction.py(wrapper):8] Parameter : 
[2022-09-22 09:25:47.800][I][AutoBaseFunction.py(wrapper):14] __main__ : __set_slot 실행 종료
[2022-09-22 09:25:47.800][I][AutoBaseFunction.py(wrapper):7] __main__ : __wigets_setupUi 실행 시작
[2022-09-22 09:25:47.801][I][AutoBaseFunction.py(wrapper):8] Parameter : 
[2022-09-22 09:25:47.801][I][AutoBaseFunction.py(wrapper):7] Screen.Setup_Language : setupUI_Language 실행 시작
[2022-09-22 09:25:47.802][I][AutoBaseFunction.py(wrapper):8] Parameter : 
[2022-09-22 09:25:47.802][I][AutoBaseFunction.py(wrapper):7] Screen.Setup_Language : sl_set_slot 실행 시작
[2022-09-22 09:25:47.803][I][AutoBaseFunction.py(wrapper):8] Parameter : 
[2022-09-22 09:25:47.803][I][AutoBaseFunction.py(wrapper):14] Screen.Setup_Language : sl_set_slot 실행 종료
[2022-09-22 09:25:47.804][I][AutoBaseFunction.py(wrapper):14] Screen.Setup_Language : setupUI_Language 실행 종료
[2022-09-22 09:25:47.804][I][AutoBaseFunction.py(wrapper):7] Screen.Menu_CreateExcel : setupUI_CreateExcel 실행 시작
[2022-09-22 09:25:47.804][I][AutoBaseFunction.py(wrapper):8] Parameter : 
[2022-09-22 09:25:47.806][I][AutoBaseFunction.py(wrapper):7] Screen.Menu_CreateExcel : new_excel_func 실행 시작
[2022-09-22 09:25:47.806][I][AutoBaseFunction.py(wrapper):8] Parameter : 
[2022-09-22 09:25:47.807][I][AutoBaseFunction.py(wrapper):14] Screen.Menu_CreateExcel : new_excel_func 실행 종료
[2022-09-22 09:25:47.807][I][AutoBaseFunction.py(wrapper):7] Screen.Menu_CreateExcel : set_excel_func 실행 시작
[2022-09-22 09:25:47.807][I][AutoBaseFunction.py(wrapper):8] Parameter : 
[2022-09-22 09:25:47.808][I][AutoBaseFunction.py(wrapper):14] Screen.Menu_CreateExcel : set_excel_func 실행 종료
[2022-09-22 09:25:47.808][I][AutoBaseFunction.py(wrapper):14] Screen.Menu_CreateExcel : setupUI_CreateExcel 실행 종료
[2022-09-22 09:25:47.809][I][AutoBaseFunction.py(wrapper):7] Screen.Setup_Field : setupUI_Field 실행 시작
[2022-09-22 09:25:47.809][I][AutoBaseFunction.py(wrapper):8] Parameter : 
[2022-09-22 09:25:47.810][I][AutoBaseFunction.py(wrapper):7] Screen.Setup_Field : set_data 실행 시작
[2022-09-22 09:25:47.810][I][AutoBaseFunction.py(wrapper):8] Parameter : 
[2022-09-22 09:25:47.811][I][AutoBaseFunction.py(wrapper):14] Screen.Setup_Field : set_data 실행 종료
[2022-09-22 09:25:48.084][I][AutoBaseFunction.py(wrapper):7] Screen.Setup_Field : set_data 실행 시작
[2022-09-22 09:25:48.085][I][AutoBaseFunction.py(wrapper):8] Parameter : 
[2022-09-22 09:25:48.085][I][AutoBaseFunction.py(wrapper):14] Screen.Setup_Field : set_data 실행 종료
[2022-09-22 09:25:48.086][I][AutoBaseFunction.py(wrapper):7] Screen.Setup_Field : set_data 실행 시작
[2022-09-22 09:25:48.086][I][AutoBaseFunction.py(wrapper):8] Parameter : 
[2022-09-22 09:25:48.087][I][AutoBaseFunction.py(wrapper):14] Screen.Setup_Field : set_data 실행 종료
[2022-09-22 09:25:48.087][I][AutoBaseFunction.py(wrapper):7] Screen.Setup_Field : set_data 실행 시작
[2022-09-22 09:25:48.087][I][AutoBaseFunction.py(wrapper):8] Parameter : 
[2022-09-22 09:25:48.088][I][AutoBaseFunction.py(wrapper):14] Screen.Setup_Field : set_data 실행 종료
[2022-09-22 09:25:48.088][I][AutoBaseFunction.py(wrapper):7] Screen.Setup_Field : set_data 실행 시작
[2022-09-22 09:25:48.088][I][AutoBaseFunction.py(wrapper):8] Parameter : 
[2022-09-22 09:25:48.089][I][AutoBaseFunction.py(wrapper):14] Screen.Setup_Field : set_data 실행 종료
[2022-09-22 09:25:48.089][I][AutoBaseFunction.py(wrapper):7] Screen.Setup_Field : set_data 실행 시작
[2022-09-22 09:25:48.089][I][AutoBaseFunction.py(wrapper):8] Parameter : 
[2022-09-22 09:25:48.089][I][AutoBaseFunction.py(wrapper):14] Screen.Setup_Field : set_data 실행 종료
[2022-09-22 09:25:48.090][I][AutoBaseFunction.py(wrapper):7] Screen.Setup_Field : sl_set_slot 실행 시작
[2022-09-22 09:25:48.090][I][AutoBaseFunction.py(wrapper):8] Parameter : 
[2022-09-22 09:25:48.090][I][AutoBaseFunction.py(wrapper):14] Screen.Setup_Field : sl_set_slot 실행 종료
[2022-09-22 09:25:48.090][I][AutoBaseFunction.py(wrapper):14] Screen.Setup_Field : setupUI_Field 실행 종료
[2022-09-22 09:25:48.091][I][AutoBaseFunction.py(wrapper):7] Screen.Setup_TestList : setupUI_TestList 실행 시작
[2022-09-22 09:25:48.091][I][AutoBaseFunction.py(wrapper):8] Parameter : 
[2022-09-22 09:25:48.092][I][AutoBaseFunction.py(wrapper):7] Screen.Setup_TestList : btn_set_slot 실행 시작
[2022-09-22 09:25:48.092][I][AutoBaseFunction.py(wrapper):8] Parameter : 
[2022-09-22 09:25:48.092][I][AutoBaseFunction.py(wrapper):14] Screen.Setup_TestList : btn_set_slot 실행 종료
[2022-09-22 09:25:48.093][I][AutoBaseFunction.py(wrapper):14] Screen.Setup_TestList : setupUI_TestList 실행 종료
[2022-09-22 09:25:48.093][I][AutoBaseFunction.py(wrapper):14] __main__ : __wigets_setupUi 실행 종료
[2022-09-22 09:25:54.235][I][AutoBaseFunction.py(wrapper):7] Screen.MainWindow : closeEvent 실행 시작
[2022-09-22 09:25:54.236][I][AutoBaseFunction.py(wrapper):8] Parameter : <PyQt5.QtGui.QCloseEvent object at 0x000001D8ECFBDA68>
