[2022-09-22 10:58:31.661][D][LogManager.py(Init):12] LogManager Init function called !!!
[2022-09-22 10:58:31.675][I][AutoBaseFunction.py(wrapper):7] Screen.MainWindow : setupUi 실행 시작
[2022-09-22 10:58:31.676][I][AutoBaseFunction.py(wrapper):8] Parameter : 
[2022-09-22 10:58:31.692][I][AutoBaseFunction.py(wrapper):7] Screen.MainWindow : set_field 실행 시작
[2022-09-22 10:58:31.692][I][AutoBaseFunction.py(wrapper):8] Parameter : 
[2022-09-22 10:58:31.719][I][AutoBaseFunction.py(wrapper):14] Screen.MainWindow : set_field 실행 종료
[2022-09-22 10:58:31.719][I][AutoBaseFunction.py(wrapper):7] Screen.MainWindow : setWidget_func 실행 시작
[2022-09-22 10:58:31.720][I][AutoBaseFunction.py(wrapper):8] Parameter : 
[2022-09-22 10:58:31.721][I][AutoBaseFunction.py(wrapper):14] Screen.MainWindow : setWidget_func 실행 종료
[2022-09-22 10:58:31.724][I][AutoBaseFunction.py(wrapper):14] Screen.MainWindow : setupUi 실행 종료
[2022-09-22 10:58:31.729][I][AutoBaseFunction.py(wrapper):7] __main__ : __set_slot 실행 시작
[2022-09-22 10:58:31.730][I][AutoBaseFunction.py(wrapper):8] Parameter : 
[2022-09-22 10:58:31.730][I][AutoBaseFunction.py(wrapper):14] __main__ : __set_slot 실행 종료
[2022-09-22 10:58:31.730][I][AutoBaseFunction.py(wrapper):7] __main__ : __wigets_setupUi 실행 시작
[2022-09-22 10:58:31.731][I][AutoBaseFunction.py(wrapper):8] Parameter : 
[2022-09-22 10:58:31.731][I][AutoBaseFunction.py(wrapper):7] Screen.Setup_Language : setupUI_Language 실행 시작
[2022-09-22 10:58:31.731][I][AutoBaseFunction.py(wrapper):8] Parameter : 
[2022-09-22 10:58:31.732][I][AutoBaseFunction.py(wrapper):7] Screen.Setup_Language : sl_set_slot 실행 시작
[2022-09-22 10:58:31.732][I][AutoBaseFunction.py(wrapper):8] Parameter : 
[2022-09-22 10:58:31.732][I][AutoBaseFunction.py(wrapper):14] Screen.Setup_Language : sl_set_slot 실행 종료
[2022-09-22 10:58:31.733][I][AutoBaseFunction.py(wrapper):14] Screen.Setup_Language : setupUI_Language 실행 종료
[2022-09-22 10:58:31.733][I][AutoBaseFunction.py(wrapper):7] Screen.Menu_CreateExcel : setupUI_CreateExcel 실행 시작
[2022-09-22 10:58:31.734][I][AutoBaseFunction.py(wrapper):8] Parameter : 
[2022-09-22 10:58:31.735][I][AutoBaseFunction.py(wrapper):7] Screen.Menu_CreateExcel : new_excel_func 실행 시작
[2022-09-22 10:58:31.735][I][AutoBaseFunction.py(wrapper):8] Parameter : 
[2022-09-22 10:58:31.736][I][AutoBaseFunction.py(wrapper):14] Screen.Menu_CreateExcel : new_excel_func 실행 종료
[2022-09-22 10:58:31.736][I][AutoBaseFunction.py(wrapper):7] Screen.Menu_CreateExcel : set_excel_func 실행 시작
[2022-09-22 10:58:31.736][I][AutoBaseFunction.py(wrapper):8] Parameter : 
[2022-09-22 10:58:31.736][I][AutoBaseFunction.py(wrapper):14] Screen.Menu_CreateExcel : set_excel_func 실행 종료
[2022-09-22 10:58:31.737][I][AutoBaseFunction.py(wrapper):14] Screen.Menu_CreateExcel : setupUI_CreateExcel 실행 종료
[2022-09-22 10:58:31.737][I][AutoBaseFunction.py(wrapper):7] Screen.Setup_Field : setupUI_Field 실행 시작
[2022-09-22 10:58:31.737][I][AutoBaseFunction.py(wrapper):8] Parameter : 
[2022-09-22 10:58:31.738][I][AutoBaseFunction.py(wrapper):7] Screen.Setup_Field : set_data 실행 시작
[2022-09-22 10:58:31.738][I][AutoBaseFunction.py(wrapper):8] Parameter : 
[2022-09-22 10:58:31.738][I][AutoBaseFunction.py(wrapper):14] Screen.Setup_Field : set_data 실행 종료
[2022-09-22 10:58:31.998][I][AutoBaseFunction.py(wrapper):7] Screen.Setup_Field : set_data 실행 시작
[2022-09-22 10:58:31.999][I][AutoBaseFunction.py(wrapper):8] Parameter : 
[2022-09-22 10:58:31.999][I][AutoBaseFunction.py(wrapper):14] Screen.Setup_Field : set_data 실행 종료
[2022-09-22 10:58:32.000][I][AutoBaseFunction.py(wrapper):7] Screen.Setup_Field : set_data 실행 시작
[2022-09-22 10:58:32.000][I][AutoBaseFunction.py(wrapper):8] Parameter : 
[2022-09-22 10:58:32.000][I][AutoBaseFunction.py(wrapper):14] Screen.Setup_Field : set_data 실행 종료
[2022-09-22 10:58:32.001][I][AutoBaseFunction.py(wrapper):7] Screen.Setup_Field : set_data 실행 시작
[2022-09-22 10:58:32.001][I][AutoBaseFunction.py(wrapper):8] Parameter : 
[2022-09-22 10:58:32.001][I][AutoBaseFunction.py(wrapper):14] Screen.Setup_Field : set_data 실행 종료
[2022-09-22 10:58:32.002][I][AutoBaseFunction.py(wrapper):7] Screen.Setup_Field : set_data 실행 시작
[2022-09-22 10:58:32.002][I][AutoBaseFunction.py(wrapper):8] Parameter : 
[2022-09-22 10:58:32.002][I][AutoBaseFunction.py(wrapper):14] Screen.Setup_Field : set_data 실행 종료
[2022-09-22 10:58:32.003][I][AutoBaseFunction.py(wrapper):7] Screen.Setup_Field : set_data 실행 시작
[2022-09-22 10:58:32.003][I][AutoBaseFunction.py(wrapper):8] Parameter : 
[2022-09-22 10:58:32.004][I][AutoBaseFunction.py(wrapper):14] Screen.Setup_Field : set_data 실행 종료
[2022-09-22 10:58:32.004][I][AutoBaseFunction.py(wrapper):7] Screen.Setup_Field : sl_set_slot 실행 시작
[2022-09-22 10:58:32.004][I][AutoBaseFunction.py(wrapper):8] Parameter : 
[2022-09-22 10:58:32.004][I][AutoBaseFunction.py(wrapper):14] Screen.Setup_Field : sl_set_slot 실행 종료
[2022-09-22 10:58:32.005][I][AutoBaseFunction.py(wrapper):14] Screen.Setup_Field : setupUI_Field 실행 종료
[2022-09-22 10:58:32.005][I][AutoBaseFunction.py(wrapper):7] Screen.Setup_TestList : setupUI_TestList 실행 시작
[2022-09-22 10:58:32.005][I][AutoBaseFunction.py(wrapper):8] Parameter : 
[2022-09-22 10:58:32.006][I][AutoBaseFunction.py(wrapper):7] Screen.Setup_TestList : btn_set_slot 실행 시작
[2022-09-22 10:58:32.006][I][AutoBaseFunction.py(wrapper):8] Parameter : 
[2022-09-22 10:58:32.007][I][AutoBaseFunction.py(wrapper):14] Screen.Setup_TestList : btn_set_slot 실행 종료
[2022-09-22 10:58:32.007][I][AutoBaseFunction.py(wrapper):14] Screen.Setup_TestList : setupUI_TestList 실행 종료
[2022-09-22 10:58:32.007][I][AutoBaseFunction.py(wrapper):14] __main__ : __wigets_setupUi 실행 종료
[2022-09-22 11:03:09.167][I][AutoBaseFunction.py(wrapper):7] Screen.MainWindow : closeEvent 실행 시작
[2022-09-22 11:03:09.167][I][AutoBaseFunction.py(wrapper):8] Parameter : <PyQt5.QtGui.QCloseEvent object at 0x00000198E2C52A68>
