[2022-09-23 10:26:27.499][D][LogManager.py(Init):12] LogManager Init function called !!!
[2022-09-23 10:26:27.512][I][AutoBaseFunction.py(wrapper):7] Screen.MainWindow : setupUi 실행 시작
[2022-09-23 10:26:27.513][I][AutoBaseFunction.py(wrapper):8] Parameter : 
[2022-09-23 10:26:27.528][I][AutoBaseFunction.py(wrapper):7] Screen.MainWindow : set_field 실행 시작
[2022-09-23 10:26:27.528][I][AutoBaseFunction.py(wrapper):8] Parameter : 
[2022-09-23 10:26:27.555][I][AutoBaseFunction.py(wrapper):14] Screen.MainWindow : set_field 실행 종료
[2022-09-23 10:26:27.556][I][AutoBaseFunction.py(wrapper):7] Screen.MainWindow : setWidget_func 실행 시작
[2022-09-23 10:26:27.556][I][AutoBaseFunction.py(wrapper):8] Parameter : 
[2022-09-23 10:26:27.557][I][AutoBaseFunction.py(wrapper):14] Screen.MainWindow : setWidget_func 실행 종료
[2022-09-23 10:26:27.560][I][AutoBaseFunction.py(wrapper):14] Screen.MainWindow : setupUi 실행 종료
[2022-09-23 10:26:27.566][I][AutoBaseFunction.py(wrapper):7] __main__ : __set_slot 실행 시작
[2022-09-23 10:26:27.567][I][AutoBaseFunction.py(wrapper):8] Parameter : 
[2022-09-23 10:26:27.567][I][AutoBaseFunction.py(wrapper):14] __main__ : __set_slot 실행 종료
[2022-09-23 10:26:27.567][I][AutoBaseFunction.py(wrapper):7] __main__ : __wigets_setupUi 실행 시작
[2022-09-23 10:26:27.568][I][AutoBaseFunction.py(wrapper):8] Parameter : 
[2022-09-23 10:26:27.568][I][AutoBaseFunction.py(wrapper):7] Screen.Setup_Language : setupUI_Language 실행 시작
[2022-09-23 10:26:27.568][I][AutoBaseFunction.py(wrapper):8] Parameter : 
[2022-09-23 10:26:27.569][I][AutoBaseFunction.py(wrapper):7] Screen.Setup_Language : sl_set_slot 실행 시작
[2022-09-23 10:26:27.569][I][AutoBaseFunction.py(wrapper):8] Parameter : 
[2022-09-23 10:26:27.570][I][AutoBaseFunction.py(wrapper):14] Screen.Setup_Language : sl_set_slot 실행 종료
[2022-09-23 10:26:27.570][I][AutoBaseFunction.py(wrapper):14] Screen.Setup_Language : setupUI_Language 실행 종료
[2022-09-23 10:26:27.570][I][AutoBaseFunction.py(wrapper):7] Screen.Menu_CreateExcel : setupUI_CreateExcel 실행 시작
[2022-09-23 10:26:27.570][I][AutoBaseFunction.py(wrapper):8] Parameter : 
[2022-09-23 10:26:27.571][I][AutoBaseFunction.py(wrapper):7] Screen.Menu_CreateExcel : new_excel_func 실행 시작
[2022-09-23 10:26:27.571][I][AutoBaseFunction.py(wrapper):8] Parameter : 
[2022-09-23 10:26:27.571][I][AutoBaseFunction.py(wrapper):14] Screen.Menu_CreateExcel : new_excel_func 실행 종료
[2022-09-23 10:26:27.572][I][AutoBaseFunction.py(wrapper):7] Screen.Menu_CreateExcel : set_excel_func 실행 시작
[2022-09-23 10:26:27.572][I][AutoBaseFunction.py(wrapper):8] Parameter : 
[2022-09-23 10:26:27.572][I][AutoBaseFunction.py(wrapper):14] Screen.Menu_CreateExcel : set_excel_func 실행 종료
[2022-09-23 10:26:27.572][I][AutoBaseFunction.py(wrapper):14] Screen.Menu_CreateExcel : setupUI_CreateExcel 실행 종료
[2022-09-23 10:26:27.573][I][AutoBaseFunction.py(wrapper):7] Screen.Setup_Field : setupUI_Field 실행 시작
[2022-09-23 10:26:27.573][I][AutoBaseFunction.py(wrapper):8] Parameter : 
[2022-09-23 10:26:27.573][I][AutoBaseFunction.py(wrapper):7] Screen.Setup_Field : set_data 실행 시작
[2022-09-23 10:26:27.574][I][AutoBaseFunction.py(wrapper):8] Parameter : 
[2022-09-23 10:26:27.574][I][AutoBaseFunction.py(wrapper):14] Screen.Setup_Field : set_data 실행 종료
[2022-09-23 10:26:27.811][I][AutoBaseFunction.py(wrapper):7] Screen.Setup_Field : set_data 실행 시작
[2022-09-23 10:26:27.812][I][AutoBaseFunction.py(wrapper):8] Parameter : 
[2022-09-23 10:26:27.812][I][AutoBaseFunction.py(wrapper):14] Screen.Setup_Field : set_data 실행 종료
[2022-09-23 10:26:27.813][I][AutoBaseFunction.py(wrapper):7] Screen.Setup_Field : set_data 실행 시작
[2022-09-23 10:26:27.813][I][AutoBaseFunction.py(wrapper):8] Parameter : 
[2022-09-23 10:26:27.814][I][AutoBaseFunction.py(wrapper):14] Screen.Setup_Field : set_data 실행 종료
[2022-09-23 10:26:27.814][I][AutoBaseFunction.py(wrapper):7] Screen.Setup_Field : set_data 실행 시작
[2022-09-23 10:26:27.814][I][AutoBaseFunction.py(wrapper):8] Parameter : 
[2022-09-23 10:26:27.815][I][AutoBaseFunction.py(wrapper):14] Screen.Setup_Field : set_data 실행 종료
[2022-09-23 10:26:27.815][I][AutoBaseFunction.py(wrapper):7] Screen.Setup_Field : set_data 실행 시작
[2022-09-23 10:26:27.815][I][AutoBaseFunction.py(wrapper):8] Parameter : 
[2022-09-23 10:26:27.816][I][AutoBaseFunction.py(wrapper):14] Screen.Setup_Field : set_data 실행 종료
[2022-09-23 10:26:27.816][I][AutoBaseFunction.py(wrapper):7] Screen.Setup_Field : set_data 실행 시작
[2022-09-23 10:26:27.816][I][AutoBaseFunction.py(wrapper):8] Parameter : 
[2022-09-23 10:26:27.817][I][AutoBaseFunction.py(wrapper):14] Screen.Setup_Field : set_data 실행 종료
[2022-09-23 10:26:27.817][I][AutoBaseFunction.py(wrapper):7] Screen.Setup_Field : sl_set_slot 실행 시작
[2022-09-23 10:26:27.817][I][AutoBaseFunction.py(wrapper):8] Parameter : 
[2022-09-23 10:26:27.817][I][AutoBaseFunction.py(wrapper):14] Screen.Setup_Field : sl_set_slot 실행 종료
[2022-09-23 10:26:27.817][I][AutoBaseFunction.py(wrapper):14] Screen.Setup_Field : setupUI_Field 실행 종료
[2022-09-23 10:26:27.818][I][AutoBaseFunction.py(wrapper):7] Screen.Setup_TestList : setupUI_TestList 실행 시작
[2022-09-23 10:26:27.818][I][AutoBaseFunction.py(wrapper):8] Parameter : 
[2022-09-23 10:26:27.819][I][AutoBaseFunction.py(wrapper):7] Screen.Setup_TestList : btn_set_slot 실행 시작
[2022-09-23 10:26:27.819][I][AutoBaseFunction.py(wrapper):8] Parameter : 
[2022-09-23 10:26:27.819][I][AutoBaseFunction.py(wrapper):14] Screen.Setup_TestList : btn_set_slot 실행 종료
[2022-09-23 10:26:27.819][I][AutoBaseFunction.py(wrapper):14] Screen.Setup_TestList : setupUI_TestList 실행 종료
[2022-09-23 10:26:27.819][I][AutoBaseFunction.py(wrapper):14] __main__ : __wigets_setupUi 실행 종료
[2022-09-23 10:26:28.657][I][AutoBaseFunction.py(wrapper):7] Screen.MainWindow : update_open_menu 실행 시작
[2022-09-23 10:26:28.658][I][AutoBaseFunction.py(wrapper):8] Parameter : 
[2022-09-23 10:26:28.660][I][AutoBaseFunction.py(wrapper):14] Screen.MainWindow : update_open_menu 실행 종료
