[2022-09-23 11:10:05.318][D][LogManager.py(Init):12] LogManager Init function called !!!
[2022-09-23 11:10:05.331][I][AutoBaseFunction.py(wrapper):7] Screen.MainWindow : setupUi 실행 시작
[2022-09-23 11:10:05.331][I][AutoBaseFunction.py(wrapper):8] Parameter : 
[2022-09-23 11:10:05.348][I][AutoBaseFunction.py(wrapper):7] Screen.MainWindow : set_field 실행 시작
[2022-09-23 11:10:05.348][I][AutoBaseFunction.py(wrapper):8] Parameter : 
[2022-09-23 11:10:05.375][I][AutoBaseFunction.py(wrapper):14] Screen.MainWindow : set_field 실행 종료
[2022-09-23 11:10:05.376][I][AutoBaseFunction.py(wrapper):7] Screen.MainWindow : setWidget_func 실행 시작
[2022-09-23 11:10:05.376][I][AutoBaseFunction.py(wrapper):8] Parameter : 
[2022-09-23 11:10:05.377][I][AutoBaseFunction.py(wrapper):14] Screen.MainWindow : setWidget_func 실행 종료
[2022-09-23 11:10:05.380][I][AutoBaseFunction.py(wrapper):14] Screen.MainWindow : setupUi 실행 종료
[2022-09-23 11:10:05.386][I][AutoBaseFunction.py(wrapper):7] __main__ : __set_slot 실행 시작
[2022-09-23 11:10:05.386][I][AutoBaseFunction.py(wrapper):8] Parameter : 
[2022-09-23 11:10:05.387][I][AutoBaseFunction.py(wrapper):14] __main__ : __set_slot 실행 종료
[2022-09-23 11:10:05.387][I][AutoBaseFunction.py(wrapper):7] __main__ : __wigets_setupUi 실행 시작
[2022-09-23 11:10:05.387][I][AutoBaseFunction.py(wrapper):8] Parameter : 
[2022-09-23 11:10:05.388][I][AutoBaseFunction.py(wrapper):7] Screen.Setup_Language : setupUI_Language 실행 시작
[2022-09-23 11:10:05.388][I][AutoBaseFunction.py(wrapper):8] Parameter : 
[2022-09-23 11:10:05.389][I][AutoBaseFunction.py(wrapper):7] Screen.Setup_Language : sl_set_slot 실행 시작
[2022-09-23 11:10:05.389][I][AutoBaseFunction.py(wrapper):8] Parameter : 
[2022-09-23 11:10:05.389][I][AutoBaseFunction.py(wrapper):14] Screen.Setup_Language : sl_set_slot 실행 종료
[2022-09-23 11:10:05.389][I][AutoBaseFunction.py(wrapper):14] Screen.Setup_Language : setupUI_Language 실행 종료
[2022-09-23 11:10:05.390][I][AutoBaseFunction.py(wrapper):7] Screen.Menu_CreateExcel : setupUI_CreateExcel 실행 시작
[2022-09-23 11:10:05.390][I][AutoBaseFunction.py(wrapper):8] Parameter : 
[2022-09-23 11:10:05.391][I][AutoBaseFunction.py(wrapper):7] Screen.Menu_CreateExcel : new_excel_func 실행 시작
[2022-09-23 11:10:05.391][I][AutoBaseFunction.py(wrapper):8] Parameter : 
[2022-09-23 11:10:05.391][I][AutoBaseFunction.py(wrapper):14] Screen.Menu_CreateExcel : new_excel_func 실행 종료
[2022-09-23 11:10:05.392][I][AutoBaseFunction.py(wrapper):7] Screen.Menu_CreateExcel : set_excel_func 실행 시작
[2022-09-23 11:10:05.392][I][AutoBaseFunction.py(wrapper):8] Parameter : 
[2022-09-23 11:10:05.392][I][AutoBaseFunction.py(wrapper):14] Screen.Menu_CreateExcel : set_excel_func 실행 종료
[2022-09-23 11:10:05.393][I][AutoBaseFunction.py(wrapper):14] Screen.Menu_CreateExcel : setupUI_CreateExcel 실행 종료
[2022-09-23 11:10:05.393][I][AutoBaseFunction.py(wrapper):7] Screen.Setup_Field : setupUI_Field 실행 시작
[2022-09-23 11:10:05.393][I][AutoBaseFunction.py(wrapper):8] Parameter : 
[2022-09-23 11:10:05.394][I][AutoBaseFunction.py(wrapper):7] Screen.Setup_Field : set_data 실행 시작
[2022-09-23 11:10:05.394][I][AutoBaseFunction.py(wrapper):8] Parameter : 
[2022-09-23 11:10:05.395][I][AutoBaseFunction.py(wrapper):14] Screen.Setup_Field : set_data 실행 종료
[2022-09-23 11:10:05.646][I][AutoBaseFunction.py(wrapper):7] Screen.Setup_Field : set_data 실행 시작
[2022-09-23 11:10:05.647][I][AutoBaseFunction.py(wrapper):8] Parameter : 
[2022-09-23 11:10:05.647][I][AutoBaseFunction.py(wrapper):14] Screen.Setup_Field : set_data 실행 종료
[2022-09-23 11:10:05.648][I][AutoBaseFunction.py(wrapper):7] Screen.Setup_Field : set_data 실행 시작
[2022-09-23 11:10:05.648][I][AutoBaseFunction.py(wrapper):8] Parameter : 
[2022-09-23 11:10:05.648][I][AutoBaseFunction.py(wrapper):14] Screen.Setup_Field : set_data 실행 종료
[2022-09-23 11:10:05.649][I][AutoBaseFunction.py(wrapper):7] Screen.Setup_Field : set_data 실행 시작
[2022-09-23 11:10:05.649][I][AutoBaseFunction.py(wrapper):8] Parameter : 
[2022-09-23 11:10:05.649][I][AutoBaseFunction.py(wrapper):14] Screen.Setup_Field : set_data 실행 종료
[2022-09-23 11:10:05.650][I][AutoBaseFunction.py(wrapper):7] Screen.Setup_Field : set_data 실행 시작
[2022-09-23 11:10:05.650][I][AutoBaseFunction.py(wrapper):8] Parameter : 
[2022-09-23 11:10:05.651][I][AutoBaseFunction.py(wrapper):14] Screen.Setup_Field : set_data 실행 종료
[2022-09-23 11:10:05.651][I][AutoBaseFunction.py(wrapper):7] Screen.Setup_Field : set_data 실행 시작
[2022-09-23 11:10:05.651][I][AutoBaseFunction.py(wrapper):8] Parameter : 
[2022-09-23 11:10:05.652][I][AutoBaseFunction.py(wrapper):14] Screen.Setup_Field : set_data 실행 종료
[2022-09-23 11:10:05.652][I][AutoBaseFunction.py(wrapper):7] Screen.Setup_Field : sl_set_slot 실행 시작
[2022-09-23 11:10:05.652][I][AutoBaseFunction.py(wrapper):8] Parameter : 
[2022-09-23 11:10:05.653][I][AutoBaseFunction.py(wrapper):14] Screen.Setup_Field : sl_set_slot 실행 종료
[2022-09-23 11:10:05.653][I][AutoBaseFunction.py(wrapper):14] Screen.Setup_Field : setupUI_Field 실행 종료
[2022-09-23 11:10:05.653][I][AutoBaseFunction.py(wrapper):7] Screen.Setup_TestList : setupUI_TestList 실행 시작
[2022-09-23 11:10:05.653][I][AutoBaseFunction.py(wrapper):8] Parameter : 
[2022-09-23 11:10:05.655][I][AutoBaseFunction.py(wrapper):7] Screen.Setup_TestList : btn_set_slot 실행 시작
[2022-09-23 11:10:05.655][I][AutoBaseFunction.py(wrapper):8] Parameter : 
[2022-09-23 11:10:05.655][I][AutoBaseFunction.py(wrapper):14] Screen.Setup_TestList : btn_set_slot 실행 종료
[2022-09-23 11:10:05.656][I][AutoBaseFunction.py(wrapper):14] Screen.Setup_TestList : setupUI_TestList 실행 종료
[2022-09-23 11:10:05.656][I][AutoBaseFunction.py(wrapper):14] __main__ : __wigets_setupUi 실행 종료
[2022-09-23 11:10:06.600][I][AutoBaseFunction.py(wrapper):7] Screen.MainWindow : update_open_menu 실행 시작
[2022-09-23 11:10:06.600][I][AutoBaseFunction.py(wrapper):8] Parameter : 
[2022-09-23 11:10:06.602][I][AutoBaseFunction.py(wrapper):14] Screen.MainWindow : update_open_menu 실행 종료
[2022-09-23 11:10:07.742][I][AutoBaseFunction.py(wrapper):7] Screen.MainWindow : show_imgList 실행 시작
[2022-09-23 11:10:07.742][I][AutoBaseFunction.py(wrapper):8] Parameter : ('한국어', 'D:/test/TestList_CSV/2022_skillup'), True
[2022-09-23 11:10:07.761][I][AutoBaseFunction.py(wrapper):7] Screen.MainWindow : qbutton_clicked 실행 시작
[2022-09-23 11:10:07.761][I][AutoBaseFunction.py(wrapper):8] Parameter : 0, <Screen.MainWindow.QPushButtonIcon object at 0x0000029AC9C9EC18>, False
