[2022-10-04 18:17:30.477][D][LogManager.py(Init):12] LogManager Init function called !!!
[2022-10-04 18:17:30.505][I][AutoBaseFunction.py(wrapper):10] Screen.MainWindow : setupUi 실행 시작
[2022-10-04 18:17:30.505][I][AutoBaseFunction.py(wrapper):11] Parameter : 
[2022-10-04 18:17:30.508][I][AutoBaseFunction.py(wrapper):10] Screen.MainWindow : set_field 실행 시작
[2022-10-04 18:17:30.509][I][AutoBaseFunction.py(wrapper):11] Parameter : 
[2022-10-04 18:17:30.539][I][AutoBaseFunction.py(wrapper):17] Screen.MainWindow : set_field 실행 종료
[2022-10-04 18:17:30.539][I][AutoBaseFunction.py(wrapper):10] Screen.MainWindow : setWidget_func 실행 시작
[2022-10-04 18:17:30.539][I][AutoBaseFunction.py(wrapper):11] Parameter : 
[2022-10-04 18:17:30.542][I][AutoBaseFunction.py(wrapper):17] Screen.MainWindow : setWidget_func 실행 종료
[2022-10-04 18:17:30.544][I][AutoBaseFunction.py(wrapper):17] Screen.MainWindow : setupUi 실행 종료
[2022-10-04 18:17:30.562][I][AutoBaseFunction.py(wrapper):10] __main__ : __set_slot 실행 시작
[2022-10-04 18:17:30.563][I][AutoBaseFunction.py(wrapper):11] Parameter : 
[2022-10-04 18:17:30.563][I][AutoBaseFunction.py(wrapper):17] __main__ : __set_slot 실행 종료
[2022-10-04 18:17:30.564][I][AutoBaseFunction.py(wrapper):10] __main__ : __wigets_setupUi 실행 시작
[2022-10-04 18:17:30.564][I][AutoBaseFunction.py(wrapper):11] Parameter : 
[2022-10-04 18:17:30.565][I][AutoBaseFunction.py(wrapper):10] Screen.Setup_Language : setupUI_Language 실행 시작
[2022-10-04 18:17:30.565][I][AutoBaseFunction.py(wrapper):11] Parameter : 
[2022-10-04 18:17:30.566][I][AutoBaseFunction.py(wrapper):10] Screen.Setup_Language : sl_set_slot 실행 시작
[2022-10-04 18:17:30.566][I][AutoBaseFunction.py(wrapper):11] Parameter : 
[2022-10-04 18:17:30.567][I][AutoBaseFunction.py(wrapper):17] Screen.Setup_Language : sl_set_slot 실행 종료
[2022-10-04 18:17:30.567][I][AutoBaseFunction.py(wrapper):17] Screen.Setup_Language : setupUI_Language 실행 종료
[2022-10-04 18:17:30.567][I][AutoBaseFunction.py(wrapper):10] Screen.Menu_CreateExcel : setupUI_CreateExcel 실행 시작
[2022-10-04 18:17:30.568][I][AutoBaseFunction.py(wrapper):11] Parameter : 
[2022-10-04 18:17:30.571][I][AutoBaseFunction.py(wrapper):10] Screen.Menu_CreateExcel : new_excel_func 실행 시작
[2022-10-04 18:17:30.571][I][AutoBaseFunction.py(wrapper):11] Parameter : 
[2022-10-04 18:17:30.572][I][AutoBaseFunction.py(wrapper):17] Screen.Menu_CreateExcel : new_excel_func 실행 종료
[2022-10-04 18:17:30.573][I][AutoBaseFunction.py(wrapper):10] Screen.Menu_CreateExcel : set_excel_func 실행 시작
[2022-10-04 18:17:30.573][I][AutoBaseFunction.py(wrapper):11] Parameter : 
[2022-10-04 18:17:30.573][I][AutoBaseFunction.py(wrapper):17] Screen.Menu_CreateExcel : set_excel_func 실행 종료
[2022-10-04 18:17:30.574][I][AutoBaseFunction.py(wrapper):17] Screen.Menu_CreateExcel : setupUI_CreateExcel 실행 종료
[2022-10-04 18:17:30.574][I][AutoBaseFunction.py(wrapper):10] Screen.Setup_Field : setupUI_Field 실행 시작
[2022-10-04 18:17:30.574][I][AutoBaseFunction.py(wrapper):11] Parameter : 
[2022-10-04 18:17:30.576][I][AutoBaseFunction.py(wrapper):10] Screen.Setup_Field : set_data 실행 시작
[2022-10-04 18:17:30.576][I][AutoBaseFunction.py(wrapper):11] Parameter : 
[2022-10-04 18:17:30.577][I][AutoBaseFunction.py(wrapper):17] Screen.Setup_Field : set_data 실행 종료
[2022-10-04 18:17:30.813][I][AutoBaseFunction.py(wrapper):10] Screen.Setup_Field : set_data 실행 시작
[2022-10-04 18:17:30.813][I][AutoBaseFunction.py(wrapper):11] Parameter : 
[2022-10-04 18:17:30.813][I][AutoBaseFunction.py(wrapper):17] Screen.Setup_Field : set_data 실행 종료
[2022-10-04 18:17:30.814][I][AutoBaseFunction.py(wrapper):10] Screen.Setup_Field : set_data 실행 시작
[2022-10-04 18:17:30.814][I][AutoBaseFunction.py(wrapper):11] Parameter : 
[2022-10-04 18:17:30.815][I][AutoBaseFunction.py(wrapper):17] Screen.Setup_Field : set_data 실행 종료
[2022-10-04 18:17:30.815][I][AutoBaseFunction.py(wrapper):10] Screen.Setup_Field : set_data 실행 시작
[2022-10-04 18:17:30.816][I][AutoBaseFunction.py(wrapper):11] Parameter : 
[2022-10-04 18:17:30.816][I][AutoBaseFunction.py(wrapper):17] Screen.Setup_Field : set_data 실행 종료
[2022-10-04 18:17:30.816][I][AutoBaseFunction.py(wrapper):10] Screen.Setup_Field : set_data 실행 시작
[2022-10-04 18:17:30.817][I][AutoBaseFunction.py(wrapper):11] Parameter : 
[2022-10-04 18:17:30.817][I][AutoBaseFunction.py(wrapper):17] Screen.Setup_Field : set_data 실행 종료
[2022-10-04 18:17:30.817][I][AutoBaseFunction.py(wrapper):10] Screen.Setup_Field : set_data 실행 시작
[2022-10-04 18:17:30.818][I][AutoBaseFunction.py(wrapper):11] Parameter : 
[2022-10-04 18:17:30.818][I][AutoBaseFunction.py(wrapper):17] Screen.Setup_Field : set_data 실행 종료
[2022-10-04 18:17:30.819][I][AutoBaseFunction.py(wrapper):10] Screen.Setup_Field : sl_set_slot 실행 시작
[2022-10-04 18:17:30.819][I][AutoBaseFunction.py(wrapper):11] Parameter : 
[2022-10-04 18:17:30.819][I][AutoBaseFunction.py(wrapper):17] Screen.Setup_Field : sl_set_slot 실행 종료
[2022-10-04 18:17:30.819][I][AutoBaseFunction.py(wrapper):17] Screen.Setup_Field : setupUI_Field 실행 종료
[2022-10-04 18:17:30.820][I][AutoBaseFunction.py(wrapper):10] Screen.Setup_TestList : setupUI_TestList 실행 시작
[2022-10-04 18:17:30.820][I][AutoBaseFunction.py(wrapper):11] Parameter : 
[2022-10-04 18:17:30.821][I][AutoBaseFunction.py(wrapper):10] Screen.Setup_TestList : btn_set_slot 실행 시작
[2022-10-04 18:17:30.821][I][AutoBaseFunction.py(wrapper):11] Parameter : 
[2022-10-04 18:17:30.822][I][AutoBaseFunction.py(wrapper):17] Screen.Setup_TestList : btn_set_slot 실행 종료
[2022-10-04 18:17:30.822][I][AutoBaseFunction.py(wrapper):17] Screen.Setup_TestList : setupUI_TestList 실행 종료
[2022-10-04 18:17:30.822][I][AutoBaseFunction.py(wrapper):17] __main__ : __wigets_setupUi 실행 종료
[2022-10-04 18:17:34.445][I][AutoBaseFunction.py(wrapper):10] Screen.MainWindow : update_open_menu 실행 시작
[2022-10-04 18:17:34.445][I][AutoBaseFunction.py(wrapper):11] Parameter : 
[2022-10-04 18:17:34.448][I][AutoBaseFunction.py(wrapper):17] Screen.MainWindow : update_open_menu 실행 종료
[2022-10-04 18:17:34.954][I][AutoBaseFunction.py(wrapper):10] Screen.MainWindow : update_open_menu 실행 시작
[2022-10-04 18:17:34.954][I][AutoBaseFunction.py(wrapper):11] Parameter : 
[2022-10-04 18:17:34.957][I][AutoBaseFunction.py(wrapper):17] Screen.MainWindow : update_open_menu 실행 종료
[2022-10-04 18:17:36.050][I][AutoBaseFunction.py(wrapper):10] __main__ : __ce_ui 실행 시작
[2022-10-04 18:17:36.051][I][AutoBaseFunction.py(wrapper):11] Parameter : False
[2022-10-04 18:17:36.074][I][AutoBaseFunction.py(wrapper):17] __main__ : __ce_ui 실행 종료
[2022-10-04 18:17:38.722][I][AutoBaseFunction.py(wrapper):10] Screen.Menu_CreateExcel : folder_toolButton_clicked 실행 시작
[2022-10-04 18:17:38.722][I][AutoBaseFunction.py(wrapper):11] Parameter : <PyQt5.QtWidgets.QLineEdit object at 0x000002B2EA4140D8>, False
[2022-10-04 18:17:40.187][I][AutoBaseFunction.py(wrapper):17] Screen.Menu_CreateExcel : folder_toolButton_clicked 실행 종료
[2022-10-04 18:17:40.881][I][AutoBaseFunction.py(wrapper):10] Screen.Menu_CreateExcel : func_check 실행 시작
[2022-10-04 18:17:40.882][I][AutoBaseFunction.py(wrapper):11] Parameter : False
