[2022-09-22 10:53:24.988][D][LogManager.py(Init):12] LogManager Init function called !!!
[2022-09-22 10:53:25.001][I][AutoBaseFunction.py(wrapper):7] Screen.MainWindow : setupUi 실행 시작
[2022-09-22 10:53:25.001][I][AutoBaseFunction.py(wrapper):8] Parameter : 
[2022-09-22 10:53:25.045][I][AutoBaseFunction.py(wrapper):7] Screen.MainWindow : set_field 실행 시작
[2022-09-22 10:53:25.045][I][AutoBaseFunction.py(wrapper):8] Parameter : 
[2022-09-22 10:53:25.046][I][AutoBaseFunction.py(wrapper):14] Screen.MainWindow : set_field 실행 종료
[2022-09-22 10:53:25.046][I][AutoBaseFunction.py(wrapper):7] Screen.MainWindow : setWidget_func 실행 시작
[2022-09-22 10:53:25.047][I][AutoBaseFunction.py(wrapper):8] Parameter : 
[2022-09-22 10:53:25.048][I][AutoBaseFunction.py(wrapper):14] Screen.MainWindow : setWidget_func 실행 종료
[2022-09-22 10:53:25.051][I][AutoBaseFunction.py(wrapper):14] Screen.MainWindow : setupUi 실행 종료
[2022-09-22 10:53:25.059][I][AutoBaseFunction.py(wrapper):7] __main__ : __set_slot 실행 시작
[2022-09-22 10:53:25.059][I][AutoBaseFunction.py(wrapper):8] Parameter : 
[2022-09-22 10:53:25.060][I][AutoBaseFunction.py(wrapper):14] __main__ : __set_slot 실행 종료
[2022-09-22 10:53:25.060][I][AutoBaseFunction.py(wrapper):7] __main__ : __wigets_setupUi 실행 시작
[2022-09-22 10:53:25.061][I][AutoBaseFunction.py(wrapper):8] Parameter : 
[2022-09-22 10:53:25.061][I][AutoBaseFunction.py(wrapper):7] Screen.Setup_Language : setupUI_Language 실행 시작
[2022-09-22 10:53:25.061][I][AutoBaseFunction.py(wrapper):8] Parameter : 
[2022-09-22 10:53:25.062][I][AutoBaseFunction.py(wrapper):7] Screen.Setup_Language : sl_set_slot 실행 시작
[2022-09-22 10:53:25.062][I][AutoBaseFunction.py(wrapper):8] Parameter : 
[2022-09-22 10:53:25.062][I][AutoBaseFunction.py(wrapper):14] Screen.Setup_Language : sl_set_slot 실행 종료
[2022-09-22 10:53:25.063][I][AutoBaseFunction.py(wrapper):14] Screen.Setup_Language : setupUI_Language 실행 종료
[2022-09-22 10:53:25.063][I][AutoBaseFunction.py(wrapper):7] Screen.Menu_CreateExcel : setupUI_CreateExcel 실행 시작
[2022-09-22 10:53:25.064][I][AutoBaseFunction.py(wrapper):8] Parameter : 
[2022-09-22 10:53:25.065][I][AutoBaseFunction.py(wrapper):7] Screen.Menu_CreateExcel : new_excel_func 실행 시작
[2022-09-22 10:53:25.066][I][AutoBaseFunction.py(wrapper):8] Parameter : 
[2022-09-22 10:53:25.067][I][AutoBaseFunction.py(wrapper):14] Screen.Menu_CreateExcel : new_excel_func 실행 종료
[2022-09-22 10:53:25.067][I][AutoBaseFunction.py(wrapper):7] Screen.Menu_CreateExcel : set_excel_func 실행 시작
[2022-09-22 10:53:25.067][I][AutoBaseFunction.py(wrapper):8] Parameter : 
[2022-09-22 10:53:25.068][I][AutoBaseFunction.py(wrapper):14] Screen.Menu_CreateExcel : set_excel_func 실행 종료
[2022-09-22 10:53:25.068][I][AutoBaseFunction.py(wrapper):14] Screen.Menu_CreateExcel : setupUI_CreateExcel 실행 종료
[2022-09-22 10:53:25.068][I][AutoBaseFunction.py(wrapper):7] Screen.Setup_Field : setupUI_Field 실행 시작
[2022-09-22 10:53:25.069][I][AutoBaseFunction.py(wrapper):8] Parameter : 
[2022-09-22 10:53:25.069][I][AutoBaseFunction.py(wrapper):7] Screen.Setup_Field : set_data 실행 시작
[2022-09-22 10:53:25.070][I][AutoBaseFunction.py(wrapper):8] Parameter : 
[2022-09-22 10:53:25.070][I][AutoBaseFunction.py(wrapper):14] Screen.Setup_Field : set_data 실행 종료
[2022-09-22 10:53:25.320][I][AutoBaseFunction.py(wrapper):7] Screen.Setup_Field : set_data 실행 시작
[2022-09-22 10:53:25.320][I][AutoBaseFunction.py(wrapper):8] Parameter : 
[2022-09-22 10:53:25.321][I][AutoBaseFunction.py(wrapper):14] Screen.Setup_Field : set_data 실행 종료
[2022-09-22 10:53:25.321][I][AutoBaseFunction.py(wrapper):7] Screen.Setup_Field : set_data 실행 시작
[2022-09-22 10:53:25.321][I][AutoBaseFunction.py(wrapper):8] Parameter : 
[2022-09-22 10:53:25.322][I][AutoBaseFunction.py(wrapper):14] Screen.Setup_Field : set_data 실행 종료
[2022-09-22 10:53:25.322][I][AutoBaseFunction.py(wrapper):7] Screen.Setup_Field : set_data 실행 시작
[2022-09-22 10:53:25.322][I][AutoBaseFunction.py(wrapper):8] Parameter : 
[2022-09-22 10:53:25.323][I][AutoBaseFunction.py(wrapper):14] Screen.Setup_Field : set_data 실행 종료
[2022-09-22 10:53:25.323][I][AutoBaseFunction.py(wrapper):7] Screen.Setup_Field : set_data 실행 시작
[2022-09-22 10:53:25.323][I][AutoBaseFunction.py(wrapper):8] Parameter : 
[2022-09-22 10:53:25.324][I][AutoBaseFunction.py(wrapper):14] Screen.Setup_Field : set_data 실행 종료
[2022-09-22 10:53:25.324][I][AutoBaseFunction.py(wrapper):7] Screen.Setup_Field : set_data 실행 시작
[2022-09-22 10:53:25.324][I][AutoBaseFunction.py(wrapper):8] Parameter : 
[2022-09-22 10:53:25.324][I][AutoBaseFunction.py(wrapper):14] Screen.Setup_Field : set_data 실행 종료
[2022-09-22 10:53:25.325][I][AutoBaseFunction.py(wrapper):7] Screen.Setup_Field : sl_set_slot 실행 시작
[2022-09-22 10:53:25.325][I][AutoBaseFunction.py(wrapper):8] Parameter : 
[2022-09-22 10:53:25.325][I][AutoBaseFunction.py(wrapper):14] Screen.Setup_Field : sl_set_slot 실행 종료
[2022-09-22 10:53:25.325][I][AutoBaseFunction.py(wrapper):14] Screen.Setup_Field : setupUI_Field 실행 종료
[2022-09-22 10:53:25.325][I][AutoBaseFunction.py(wrapper):7] Screen.Setup_TestList : setupUI_TestList 실행 시작
[2022-09-22 10:53:25.326][I][AutoBaseFunction.py(wrapper):8] Parameter : 
[2022-09-22 10:53:25.326][I][AutoBaseFunction.py(wrapper):7] Screen.Setup_TestList : btn_set_slot 실행 시작
[2022-09-22 10:53:25.327][I][AutoBaseFunction.py(wrapper):8] Parameter : 
[2022-09-22 10:53:25.327][I][AutoBaseFunction.py(wrapper):14] Screen.Setup_TestList : btn_set_slot 실행 종료
[2022-09-22 10:53:25.327][I][AutoBaseFunction.py(wrapper):14] Screen.Setup_TestList : setupUI_TestList 실행 종료
[2022-09-22 10:53:25.327][I][AutoBaseFunction.py(wrapper):14] __main__ : __wigets_setupUi 실행 종료
[2022-09-22 10:53:43.306][I][AutoBaseFunction.py(wrapper):7] Screen.MainWindow : update_open_menu 실행 시작
[2022-09-22 10:53:43.307][I][AutoBaseFunction.py(wrapper):8] Parameter : 
[2022-09-22 10:53:43.308][I][AutoBaseFunction.py(wrapper):14] Screen.MainWindow : update_open_menu 실행 종료
[2022-09-22 10:53:43.856][I][AutoBaseFunction.py(wrapper):7] Screen.MainWindow : update_open_menu 실행 시작
[2022-09-22 10:53:43.856][I][AutoBaseFunction.py(wrapper):8] Parameter : 
[2022-09-22 10:53:43.858][I][AutoBaseFunction.py(wrapper):14] Screen.MainWindow : update_open_menu 실행 종료
[2022-09-22 10:55:09.398][I][AutoBaseFunction.py(wrapper):7] Screen.MainWindow : closeEvent 실행 시작
[2022-09-22 10:55:09.399][I][AutoBaseFunction.py(wrapper):8] Parameter : <PyQt5.QtGui.QCloseEvent object at 0x0000027BEFA54558>
