[2022-09-27 17:33:35.432][D][LogManager.py(Init):12] LogManager Init function called !!!
[2022-09-27 17:33:35.445][I][AutoBaseFunction.py(wrapper):7] Screen.MainWindow : setupUi 실행 시작
[2022-09-27 17:33:35.445][I][AutoBaseFunction.py(wrapper):8] Parameter : 
[2022-09-27 17:33:35.460][I][AutoBaseFunction.py(wrapper):7] Screen.MainWindow : set_field 실행 시작
[2022-09-27 17:33:35.460][I][AutoBaseFunction.py(wrapper):8] Parameter : 
[2022-09-27 17:33:35.490][I][AutoBaseFunction.py(wrapper):14] Screen.MainWindow : set_field 실행 종료
[2022-09-27 17:33:35.490][I][AutoBaseFunction.py(wrapper):7] Screen.MainWindow : setWidget_func 실행 시작
[2022-09-27 17:33:35.491][I][AutoBaseFunction.py(wrapper):8] Parameter : 
[2022-09-27 17:33:35.492][I][AutoBaseFunction.py(wrapper):14] Screen.MainWindow : setWidget_func 실행 종료
[2022-09-27 17:33:35.495][I][AutoBaseFunction.py(wrapper):14] Screen.MainWindow : setupUi 실행 종료
[2022-09-27 17:33:35.502][I][AutoBaseFunction.py(wrapper):7] __main__ : __set_slot 실행 시작
[2022-09-27 17:33:35.503][I][AutoBaseFunction.py(wrapper):8] Parameter : 
[2022-09-27 17:33:35.503][I][AutoBaseFunction.py(wrapper):14] __main__ : __set_slot 실행 종료
[2022-09-27 17:33:35.504][I][AutoBaseFunction.py(wrapper):7] __main__ : __wigets_setupUi 실행 시작
[2022-09-27 17:33:35.504][I][AutoBaseFunction.py(wrapper):8] Parameter : 
[2022-09-27 17:33:35.504][I][AutoBaseFunction.py(wrapper):7] Screen.Setup_Language : setupUI_Language 실행 시작
[2022-09-27 17:33:35.505][I][AutoBaseFunction.py(wrapper):8] Parameter : 
[2022-09-27 17:33:35.506][I][AutoBaseFunction.py(wrapper):7] Screen.Setup_Language : sl_set_slot 실행 시작
[2022-09-27 17:33:35.506][I][AutoBaseFunction.py(wrapper):8] Parameter : 
[2022-09-27 17:33:35.507][I][AutoBaseFunction.py(wrapper):14] Screen.Setup_Language : sl_set_slot 실행 종료
[2022-09-27 17:33:35.507][I][AutoBaseFunction.py(wrapper):14] Screen.Setup_Language : setupUI_Language 실행 종료
[2022-09-27 17:33:35.507][I][AutoBaseFunction.py(wrapper):7] Screen.Menu_CreateExcel : setupUI_CreateExcel 실행 시작
[2022-09-27 17:33:35.507][I][AutoBaseFunction.py(wrapper):8] Parameter : 
[2022-09-27 17:33:35.509][I][AutoBaseFunction.py(wrapper):7] Screen.Menu_CreateExcel : new_excel_func 실행 시작
[2022-09-27 17:33:35.509][I][AutoBaseFunction.py(wrapper):8] Parameter : 
[2022-09-27 17:33:35.509][I][AutoBaseFunction.py(wrapper):14] Screen.Menu_CreateExcel : new_excel_func 실행 종료
[2022-09-27 17:33:35.510][I][AutoBaseFunction.py(wrapper):7] Screen.Menu_CreateExcel : set_excel_func 실행 시작
[2022-09-27 17:33:35.510][I][AutoBaseFunction.py(wrapper):8] Parameter : 
[2022-09-27 17:33:35.510][I][AutoBaseFunction.py(wrapper):14] Screen.Menu_CreateExcel : set_excel_func 실행 종료
[2022-09-27 17:33:35.511][I][AutoBaseFunction.py(wrapper):14] Screen.Menu_CreateExcel : setupUI_CreateExcel 실행 종료
[2022-09-27 17:33:35.511][I][AutoBaseFunction.py(wrapper):7] Screen.Setup_Field : setupUI_Field 실행 시작
[2022-09-27 17:33:35.511][I][AutoBaseFunction.py(wrapper):8] Parameter : 
[2022-09-27 17:33:35.512][I][AutoBaseFunction.py(wrapper):7] Screen.Setup_Field : set_data 실행 시작
[2022-09-27 17:33:35.512][I][AutoBaseFunction.py(wrapper):8] Parameter : 
[2022-09-27 17:33:35.513][I][AutoBaseFunction.py(wrapper):14] Screen.Setup_Field : set_data 실행 종료
[2022-09-27 17:33:35.762][I][AutoBaseFunction.py(wrapper):7] Screen.Setup_Field : set_data 실행 시작
[2022-09-27 17:33:35.763][I][AutoBaseFunction.py(wrapper):8] Parameter : 
[2022-09-27 17:33:35.763][I][AutoBaseFunction.py(wrapper):14] Screen.Setup_Field : set_data 실행 종료
[2022-09-27 17:33:35.764][I][AutoBaseFunction.py(wrapper):7] Screen.Setup_Field : set_data 실행 시작
[2022-09-27 17:33:35.764][I][AutoBaseFunction.py(wrapper):8] Parameter : 
[2022-09-27 17:33:35.765][I][AutoBaseFunction.py(wrapper):14] Screen.Setup_Field : set_data 실행 종료
[2022-09-27 17:33:35.765][I][AutoBaseFunction.py(wrapper):7] Screen.Setup_Field : set_data 실행 시작
[2022-09-27 17:33:35.765][I][AutoBaseFunction.py(wrapper):8] Parameter : 
[2022-09-27 17:33:35.766][I][AutoBaseFunction.py(wrapper):14] Screen.Setup_Field : set_data 실행 종료
[2022-09-27 17:33:35.766][I][AutoBaseFunction.py(wrapper):7] Screen.Setup_Field : set_data 실행 시작
[2022-09-27 17:33:35.766][I][AutoBaseFunction.py(wrapper):8] Parameter : 
[2022-09-27 17:33:35.767][I][AutoBaseFunction.py(wrapper):14] Screen.Setup_Field : set_data 실행 종료
[2022-09-27 17:33:35.767][I][AutoBaseFunction.py(wrapper):7] Screen.Setup_Field : set_data 실행 시작
[2022-09-27 17:33:35.767][I][AutoBaseFunction.py(wrapper):8] Parameter : 
[2022-09-27 17:33:35.767][I][AutoBaseFunction.py(wrapper):14] Screen.Setup_Field : set_data 실행 종료
[2022-09-27 17:33:35.767][I][AutoBaseFunction.py(wrapper):7] Screen.Setup_Field : sl_set_slot 실행 시작
[2022-09-27 17:33:35.767][I][AutoBaseFunction.py(wrapper):8] Parameter : 
[2022-09-27 17:33:35.768][I][AutoBaseFunction.py(wrapper):14] Screen.Setup_Field : sl_set_slot 실행 종료
[2022-09-27 17:33:35.768][I][AutoBaseFunction.py(wrapper):14] Screen.Setup_Field : setupUI_Field 실행 종료
[2022-09-27 17:33:35.768][I][AutoBaseFunction.py(wrapper):7] Screen.Setup_TestList : setupUI_TestList 실행 시작
[2022-09-27 17:33:35.768][I][AutoBaseFunction.py(wrapper):8] Parameter : 
[2022-09-27 17:33:35.770][I][AutoBaseFunction.py(wrapper):7] Screen.Setup_TestList : btn_set_slot 실행 시작
[2022-09-27 17:33:35.770][I][AutoBaseFunction.py(wrapper):8] Parameter : 
[2022-09-27 17:33:35.770][I][AutoBaseFunction.py(wrapper):14] Screen.Setup_TestList : btn_set_slot 실행 종료
[2022-09-27 17:33:35.770][I][AutoBaseFunction.py(wrapper):14] Screen.Setup_TestList : setupUI_TestList 실행 종료
[2022-09-27 17:33:35.771][I][AutoBaseFunction.py(wrapper):14] __main__ : __wigets_setupUi 실행 종료
[2022-09-27 17:33:37.251][I][AutoBaseFunction.py(wrapper):7] __main__ : __tl_ui 실행 시작
[2022-09-27 17:33:37.251][I][AutoBaseFunction.py(wrapper):8] Parameter : False
[2022-09-27 17:33:37.252][I][AutoBaseFunction.py(wrapper):7] Screen.Setup_TestList : setTest_Button 실행 시작
[2022-09-27 17:33:37.252][I][AutoBaseFunction.py(wrapper):8] Parameter : 
[2022-09-27 17:33:37.255][W][LogManager.py(set_warn):86] : Traceback (most recent call last):
  File "D:\test\TestList_CSV\2022_skillup\Settings\Setup.py", line 43, in read_ini__test
    elif key.find(key2) != -1:
TypeError: must be str, not NoneType

[2022-09-27 17:33:37.255][I][AutoBaseFunction.py(wrapper):14] Screen.Setup_TestList : setTest_Button 실행 종료
[2022-09-27 17:33:37.268][I][AutoBaseFunction.py(wrapper):14] __main__ : __tl_ui 실행 종료
[2022-09-27 17:35:30.783][I][AutoBaseFunction.py(wrapper):7] Screen.Setup_TestList : cancel_Button_clicked 실행 시작
[2022-09-27 17:35:30.784][I][AutoBaseFunction.py(wrapper):8] Parameter : False
[2022-09-27 17:35:30.784][I][AutoBaseFunction.py(wrapper):7] Screen.Setup_TestList : closeEvent 실행 시작
[2022-09-27 17:35:30.785][I][AutoBaseFunction.py(wrapper):8] Parameter : <PyQt5.QtGui.QCloseEvent object at 0x000002AAEE025F78>
