[2022-09-22 09:50:29.405][D][LogManager.py(Init):12] LogManager Init function called !!!
[2022-09-22 09:50:29.418][I][AutoBaseFunction.py(wrapper):7] Screen.MainWindow : setupUi 실행 시작
[2022-09-22 09:50:29.419][I][AutoBaseFunction.py(wrapper):8] Parameter : 
[2022-09-22 09:50:29.436][I][AutoBaseFunction.py(wrapper):7] Screen.MainWindow : set_field 실행 시작
[2022-09-22 09:50:29.437][I][AutoBaseFunction.py(wrapper):8] Parameter : 
[2022-09-22 09:50:29.466][I][AutoBaseFunction.py(wrapper):14] Screen.MainWindow : set_field 실행 종료
[2022-09-22 09:50:29.467][I][AutoBaseFunction.py(wrapper):7] Screen.MainWindow : setWidget_func 실행 시작
[2022-09-22 09:50:29.467][I][AutoBaseFunction.py(wrapper):8] Parameter : 
[2022-09-22 09:50:29.469][I][AutoBaseFunction.py(wrapper):14] Screen.MainWindow : setWidget_func 실행 종료
[2022-09-22 09:50:29.471][I][AutoBaseFunction.py(wrapper):14] Screen.MainWindow : setupUi 실행 종료
[2022-09-22 09:50:29.477][I][AutoBaseFunction.py(wrapper):7] __main__ : __set_slot 실행 시작
[2022-09-22 09:50:29.478][I][AutoBaseFunction.py(wrapper):8] Parameter : 
[2022-09-22 09:50:29.478][I][AutoBaseFunction.py(wrapper):14] __main__ : __set_slot 실행 종료
[2022-09-22 09:50:29.478][I][AutoBaseFunction.py(wrapper):7] __main__ : __wigets_setupUi 실행 시작
[2022-09-22 09:50:29.479][I][AutoBaseFunction.py(wrapper):8] Parameter : 
[2022-09-22 09:50:29.479][I][AutoBaseFunction.py(wrapper):7] Screen.Setup_Language : setupUI_Language 실행 시작
[2022-09-22 09:50:29.479][I][AutoBaseFunction.py(wrapper):8] Parameter : 
[2022-09-22 09:50:29.480][I][AutoBaseFunction.py(wrapper):7] Screen.Setup_Language : sl_set_slot 실행 시작
[2022-09-22 09:50:29.480][I][AutoBaseFunction.py(wrapper):8] Parameter : 
[2022-09-22 09:50:29.480][I][AutoBaseFunction.py(wrapper):14] Screen.Setup_Language : sl_set_slot 실행 종료
[2022-09-22 09:50:29.480][I][AutoBaseFunction.py(wrapper):14] Screen.Setup_Language : setupUI_Language 실행 종료
[2022-09-22 09:50:29.480][I][AutoBaseFunction.py(wrapper):7] Screen.Menu_CreateExcel : setupUI_CreateExcel 실행 시작
[2022-09-22 09:50:29.481][I][AutoBaseFunction.py(wrapper):8] Parameter : 
[2022-09-22 09:50:29.481][I][AutoBaseFunction.py(wrapper):7] Screen.Menu_CreateExcel : new_excel_func 실행 시작
[2022-09-22 09:50:29.481][I][AutoBaseFunction.py(wrapper):8] Parameter : 
[2022-09-22 09:50:29.482][I][AutoBaseFunction.py(wrapper):14] Screen.Menu_CreateExcel : new_excel_func 실행 종료
[2022-09-22 09:50:29.482][I][AutoBaseFunction.py(wrapper):7] Screen.Menu_CreateExcel : set_excel_func 실행 시작
[2022-09-22 09:50:29.482][I][AutoBaseFunction.py(wrapper):8] Parameter : 
[2022-09-22 09:50:29.483][I][AutoBaseFunction.py(wrapper):14] Screen.Menu_CreateExcel : set_excel_func 실행 종료
[2022-09-22 09:50:29.483][I][AutoBaseFunction.py(wrapper):14] Screen.Menu_CreateExcel : setupUI_CreateExcel 실행 종료
[2022-09-22 09:50:29.483][I][AutoBaseFunction.py(wrapper):7] Screen.Setup_Field : setupUI_Field 실행 시작
[2022-09-22 09:50:29.483][I][AutoBaseFunction.py(wrapper):8] Parameter : 
[2022-09-22 09:50:29.484][I][AutoBaseFunction.py(wrapper):7] Screen.Setup_Field : set_data 실행 시작
[2022-09-22 09:50:29.484][I][AutoBaseFunction.py(wrapper):8] Parameter : 
[2022-09-22 09:50:29.484][I][AutoBaseFunction.py(wrapper):14] Screen.Setup_Field : set_data 실행 종료
[2022-09-22 09:50:29.728][I][AutoBaseFunction.py(wrapper):7] Screen.Setup_Field : set_data 실행 시작
[2022-09-22 09:50:29.729][I][AutoBaseFunction.py(wrapper):8] Parameter : 
[2022-09-22 09:50:29.729][I][AutoBaseFunction.py(wrapper):14] Screen.Setup_Field : set_data 실행 종료
[2022-09-22 09:50:29.730][I][AutoBaseFunction.py(wrapper):7] Screen.Setup_Field : set_data 실행 시작
[2022-09-22 09:50:29.730][I][AutoBaseFunction.py(wrapper):8] Parameter : 
[2022-09-22 09:50:29.730][I][AutoBaseFunction.py(wrapper):14] Screen.Setup_Field : set_data 실행 종료
[2022-09-22 09:50:29.731][I][AutoBaseFunction.py(wrapper):7] Screen.Setup_Field : set_data 실행 시작
[2022-09-22 09:50:29.731][I][AutoBaseFunction.py(wrapper):8] Parameter : 
[2022-09-22 09:50:29.731][I][AutoBaseFunction.py(wrapper):14] Screen.Setup_Field : set_data 실행 종료
[2022-09-22 09:50:29.732][I][AutoBaseFunction.py(wrapper):7] Screen.Setup_Field : set_data 실행 시작
[2022-09-22 09:50:29.732][I][AutoBaseFunction.py(wrapper):8] Parameter : 
[2022-09-22 09:50:29.732][I][AutoBaseFunction.py(wrapper):14] Screen.Setup_Field : set_data 실행 종료
[2022-09-22 09:50:29.732][I][AutoBaseFunction.py(wrapper):7] Screen.Setup_Field : set_data 실행 시작
[2022-09-22 09:50:29.733][I][AutoBaseFunction.py(wrapper):8] Parameter : 
[2022-09-22 09:50:29.733][I][AutoBaseFunction.py(wrapper):14] Screen.Setup_Field : set_data 실행 종료
[2022-09-22 09:50:29.733][I][AutoBaseFunction.py(wrapper):7] Screen.Setup_Field : sl_set_slot 실행 시작
[2022-09-22 09:50:29.733][I][AutoBaseFunction.py(wrapper):8] Parameter : 
[2022-09-22 09:50:29.733][I][AutoBaseFunction.py(wrapper):14] Screen.Setup_Field : sl_set_slot 실행 종료
[2022-09-22 09:50:29.734][I][AutoBaseFunction.py(wrapper):14] Screen.Setup_Field : setupUI_Field 실행 종료
[2022-09-22 09:50:29.734][I][AutoBaseFunction.py(wrapper):7] Screen.Setup_TestList : setupUI_TestList 실행 시작
[2022-09-22 09:50:29.734][I][AutoBaseFunction.py(wrapper):8] Parameter : 
[2022-09-22 09:50:29.735][I][AutoBaseFunction.py(wrapper):7] Screen.Setup_TestList : btn_set_slot 실행 시작
[2022-09-22 09:50:29.735][I][AutoBaseFunction.py(wrapper):8] Parameter : 
[2022-09-22 09:50:29.735][I][AutoBaseFunction.py(wrapper):14] Screen.Setup_TestList : btn_set_slot 실행 종료
[2022-09-22 09:50:29.735][I][AutoBaseFunction.py(wrapper):14] Screen.Setup_TestList : setupUI_TestList 실행 종료
[2022-09-22 09:50:29.736][I][AutoBaseFunction.py(wrapper):14] __main__ : __wigets_setupUi 실행 종료
[2022-09-22 09:50:34.735][I][AutoBaseFunction.py(wrapper):7] Screen.MainWindow : closeEvent 실행 시작
[2022-09-22 09:50:34.735][I][AutoBaseFunction.py(wrapper):8] Parameter : <PyQt5.QtGui.QCloseEvent object at 0x0000023FECF8DA68>
