[2022-09-27 17:27:44.958][D][LogManager.py(Init):12] LogManager Init function called !!!
[2022-09-27 17:27:44.972][I][AutoBaseFunction.py(wrapper):7] Screen.MainWindow : setupUi 실행 시작
[2022-09-27 17:27:44.972][I][AutoBaseFunction.py(wrapper):8] Parameter : 
[2022-09-27 17:27:44.989][I][AutoBaseFunction.py(wrapper):7] Screen.MainWindow : set_field 실행 시작
[2022-09-27 17:27:44.990][I][AutoBaseFunction.py(wrapper):8] Parameter : 
[2022-09-27 17:27:45.006][I][AutoBaseFunction.py(wrapper):14] Screen.MainWindow : set_field 실행 종료
[2022-09-27 17:27:45.007][I][AutoBaseFunction.py(wrapper):7] Screen.MainWindow : setWidget_func 실행 시작
[2022-09-27 17:27:45.007][I][AutoBaseFunction.py(wrapper):8] Parameter : 
[2022-09-27 17:27:45.009][I][AutoBaseFunction.py(wrapper):14] Screen.MainWindow : setWidget_func 실행 종료
[2022-09-27 17:27:45.012][I][AutoBaseFunction.py(wrapper):14] Screen.MainWindow : setupUi 실행 종료
[2022-09-27 17:27:45.021][I][AutoBaseFunction.py(wrapper):7] __main__ : __set_slot 실행 시작
[2022-09-27 17:27:45.021][I][AutoBaseFunction.py(wrapper):8] Parameter : 
[2022-09-27 17:27:45.022][I][AutoBaseFunction.py(wrapper):14] __main__ : __set_slot 실행 종료
[2022-09-27 17:27:45.022][I][AutoBaseFunction.py(wrapper):7] __main__ : __wigets_setupUi 실행 시작
[2022-09-27 17:27:45.022][I][AutoBaseFunction.py(wrapper):8] Parameter : 
[2022-09-27 17:27:45.023][I][AutoBaseFunction.py(wrapper):7] Screen.Setup_Language : setupUI_Language 실행 시작
[2022-09-27 17:27:45.023][I][AutoBaseFunction.py(wrapper):8] Parameter : 
[2022-09-27 17:27:45.024][I][AutoBaseFunction.py(wrapper):7] Screen.Setup_Language : sl_set_slot 실행 시작
[2022-09-27 17:27:45.024][I][AutoBaseFunction.py(wrapper):8] Parameter : 
[2022-09-27 17:27:45.024][I][AutoBaseFunction.py(wrapper):14] Screen.Setup_Language : sl_set_slot 실행 종료
[2022-09-27 17:27:45.025][I][AutoBaseFunction.py(wrapper):14] Screen.Setup_Language : setupUI_Language 실행 종료
[2022-09-27 17:27:45.025][I][AutoBaseFunction.py(wrapper):7] Screen.Menu_CreateExcel : setupUI_CreateExcel 실행 시작
[2022-09-27 17:27:45.025][I][AutoBaseFunction.py(wrapper):8] Parameter : 
[2022-09-27 17:27:45.026][I][AutoBaseFunction.py(wrapper):7] Screen.Menu_CreateExcel : new_excel_func 실행 시작
[2022-09-27 17:27:45.026][I][AutoBaseFunction.py(wrapper):8] Parameter : 
[2022-09-27 17:27:45.026][I][AutoBaseFunction.py(wrapper):14] Screen.Menu_CreateExcel : new_excel_func 실행 종료
[2022-09-27 17:27:45.027][I][AutoBaseFunction.py(wrapper):7] Screen.Menu_CreateExcel : set_excel_func 실행 시작
[2022-09-27 17:27:45.027][I][AutoBaseFunction.py(wrapper):8] Parameter : 
[2022-09-27 17:27:45.027][I][AutoBaseFunction.py(wrapper):14] Screen.Menu_CreateExcel : set_excel_func 실행 종료
[2022-09-27 17:27:45.028][I][AutoBaseFunction.py(wrapper):14] Screen.Menu_CreateExcel : setupUI_CreateExcel 실행 종료
[2022-09-27 17:27:45.028][I][AutoBaseFunction.py(wrapper):7] Screen.Setup_Field : setupUI_Field 실행 시작
[2022-09-27 17:27:45.028][I][AutoBaseFunction.py(wrapper):8] Parameter : 
[2022-09-27 17:27:45.030][I][AutoBaseFunction.py(wrapper):7] Screen.Setup_Field : set_data 실행 시작
[2022-09-27 17:27:45.030][I][AutoBaseFunction.py(wrapper):8] Parameter : 
[2022-09-27 17:27:45.031][I][AutoBaseFunction.py(wrapper):14] Screen.Setup_Field : set_data 실행 종료
[2022-09-27 17:27:45.245][I][AutoBaseFunction.py(wrapper):7] Screen.Setup_Field : set_data 실행 시작
[2022-09-27 17:27:45.246][I][AutoBaseFunction.py(wrapper):8] Parameter : 
[2022-09-27 17:27:45.246][I][AutoBaseFunction.py(wrapper):14] Screen.Setup_Field : set_data 실행 종료
[2022-09-27 17:27:45.247][I][AutoBaseFunction.py(wrapper):7] Screen.Setup_Field : set_data 실행 시작
[2022-09-27 17:27:45.247][I][AutoBaseFunction.py(wrapper):8] Parameter : 
[2022-09-27 17:27:45.248][I][AutoBaseFunction.py(wrapper):14] Screen.Setup_Field : set_data 실행 종료
[2022-09-27 17:27:45.248][I][AutoBaseFunction.py(wrapper):7] Screen.Setup_Field : set_data 실행 시작
[2022-09-27 17:27:45.248][I][AutoBaseFunction.py(wrapper):8] Parameter : 
[2022-09-27 17:27:45.249][I][AutoBaseFunction.py(wrapper):14] Screen.Setup_Field : set_data 실행 종료
[2022-09-27 17:27:45.250][I][AutoBaseFunction.py(wrapper):7] Screen.Setup_Field : set_data 실행 시작
[2022-09-27 17:27:45.250][I][AutoBaseFunction.py(wrapper):8] Parameter : 
[2022-09-27 17:27:45.250][I][AutoBaseFunction.py(wrapper):14] Screen.Setup_Field : set_data 실행 종료
[2022-09-27 17:27:45.251][I][AutoBaseFunction.py(wrapper):7] Screen.Setup_Field : set_data 실행 시작
[2022-09-27 17:27:45.251][I][AutoBaseFunction.py(wrapper):8] Parameter : 
[2022-09-27 17:27:45.251][I][AutoBaseFunction.py(wrapper):14] Screen.Setup_Field : set_data 실행 종료
[2022-09-27 17:27:45.252][I][AutoBaseFunction.py(wrapper):7] Screen.Setup_Field : sl_set_slot 실행 시작
[2022-09-27 17:27:45.252][I][AutoBaseFunction.py(wrapper):8] Parameter : 
[2022-09-27 17:27:45.252][I][AutoBaseFunction.py(wrapper):14] Screen.Setup_Field : sl_set_slot 실행 종료
[2022-09-27 17:27:45.253][I][AutoBaseFunction.py(wrapper):14] Screen.Setup_Field : setupUI_Field 실행 종료
[2022-09-27 17:27:45.253][I][AutoBaseFunction.py(wrapper):7] Screen.Setup_TestList : setupUI_TestList 실행 시작
[2022-09-27 17:27:45.253][I][AutoBaseFunction.py(wrapper):8] Parameter : 
[2022-09-27 17:27:45.254][I][AutoBaseFunction.py(wrapper):7] Screen.Setup_TestList : btn_set_slot 실행 시작
[2022-09-27 17:27:45.254][I][AutoBaseFunction.py(wrapper):8] Parameter : 
[2022-09-27 17:27:45.255][I][AutoBaseFunction.py(wrapper):14] Screen.Setup_TestList : btn_set_slot 실행 종료
[2022-09-27 17:27:45.255][I][AutoBaseFunction.py(wrapper):14] Screen.Setup_TestList : setupUI_TestList 실행 종료
[2022-09-27 17:27:45.255][I][AutoBaseFunction.py(wrapper):14] __main__ : __wigets_setupUi 실행 종료
[2022-09-27 17:27:47.664][I][AutoBaseFunction.py(wrapper):7] Screen.MainWindow : closeEvent 실행 시작
[2022-09-27 17:27:47.664][I][AutoBaseFunction.py(wrapper):8] Parameter : <PyQt5.QtGui.QCloseEvent object at 0x0000023518C2C708>
