[2022-09-26 19:01:57.703][D][LogManager.py(Init):12] LogManager Init function called !!!
[2022-09-26 19:01:57.719][I][AutoBaseFunction.py(wrapper):7] Screen.MainWindow : setupUi 실행 시작
[2022-09-26 19:01:57.719][I][AutoBaseFunction.py(wrapper):8] Parameter : 
[2022-09-26 19:01:57.734][I][AutoBaseFunction.py(wrapper):7] Screen.MainWindow : set_field 실행 시작
[2022-09-26 19:01:57.735][I][AutoBaseFunction.py(wrapper):8] Parameter : 
[2022-09-26 19:01:57.761][I][AutoBaseFunction.py(wrapper):14] Screen.MainWindow : set_field 실행 종료
[2022-09-26 19:01:57.761][I][AutoBaseFunction.py(wrapper):7] Screen.MainWindow : setWidget_func 실행 시작
[2022-09-26 19:01:57.762][I][AutoBaseFunction.py(wrapper):8] Parameter : 
[2022-09-26 19:01:57.764][I][AutoBaseFunction.py(wrapper):14] Screen.MainWindow : setWidget_func 실행 종료
[2022-09-26 19:01:57.766][I][AutoBaseFunction.py(wrapper):14] Screen.MainWindow : setupUi 실행 종료
[2022-09-26 19:01:57.774][I][AutoBaseFunction.py(wrapper):7] __main__ : __set_slot 실행 시작
[2022-09-26 19:01:57.775][I][AutoBaseFunction.py(wrapper):8] Parameter : 
[2022-09-26 19:01:57.775][I][AutoBaseFunction.py(wrapper):14] __main__ : __set_slot 실행 종료
[2022-09-26 19:01:57.776][I][AutoBaseFunction.py(wrapper):7] __main__ : __wigets_setupUi 실행 시작
[2022-09-26 19:01:57.776][I][AutoBaseFunction.py(wrapper):8] Parameter : 
[2022-09-26 19:01:57.776][I][AutoBaseFunction.py(wrapper):7] Screen.Setup_Language : setupUI_Language 실행 시작
[2022-09-26 19:01:57.776][I][AutoBaseFunction.py(wrapper):8] Parameter : 
[2022-09-26 19:01:57.777][I][AutoBaseFunction.py(wrapper):7] Screen.Setup_Language : sl_set_slot 실행 시작
[2022-09-26 19:01:57.777][I][AutoBaseFunction.py(wrapper):8] Parameter : 
[2022-09-26 19:01:57.778][I][AutoBaseFunction.py(wrapper):14] Screen.Setup_Language : sl_set_slot 실행 종료
[2022-09-26 19:01:57.778][I][AutoBaseFunction.py(wrapper):14] Screen.Setup_Language : setupUI_Language 실행 종료
[2022-09-26 19:01:57.778][I][AutoBaseFunction.py(wrapper):7] Screen.Menu_CreateExcel : setupUI_CreateExcel 실행 시작
[2022-09-26 19:01:57.779][I][AutoBaseFunction.py(wrapper):8] Parameter : 
[2022-09-26 19:01:57.780][I][AutoBaseFunction.py(wrapper):7] Screen.Menu_CreateExcel : new_excel_func 실행 시작
[2022-09-26 19:01:57.781][I][AutoBaseFunction.py(wrapper):8] Parameter : 
[2022-09-26 19:01:57.782][I][AutoBaseFunction.py(wrapper):14] Screen.Menu_CreateExcel : new_excel_func 실행 종료
[2022-09-26 19:01:57.782][I][AutoBaseFunction.py(wrapper):7] Screen.Menu_CreateExcel : set_excel_func 실행 시작
[2022-09-26 19:01:57.782][I][AutoBaseFunction.py(wrapper):8] Parameter : 
[2022-09-26 19:01:57.783][I][AutoBaseFunction.py(wrapper):14] Screen.Menu_CreateExcel : set_excel_func 실행 종료
[2022-09-26 19:01:57.783][I][AutoBaseFunction.py(wrapper):14] Screen.Menu_CreateExcel : setupUI_CreateExcel 실행 종료
[2022-09-26 19:01:57.784][I][AutoBaseFunction.py(wrapper):7] Screen.Setup_Field : setupUI_Field 실행 시작
[2022-09-26 19:01:57.784][I][AutoBaseFunction.py(wrapper):8] Parameter : 
[2022-09-26 19:01:57.785][I][AutoBaseFunction.py(wrapper):7] Screen.Setup_Field : set_data 실행 시작
[2022-09-26 19:01:57.785][I][AutoBaseFunction.py(wrapper):8] Parameter : 
[2022-09-26 19:01:57.786][I][AutoBaseFunction.py(wrapper):14] Screen.Setup_Field : set_data 실행 종료
[2022-09-26 19:01:58.027][I][AutoBaseFunction.py(wrapper):7] Screen.Setup_Field : set_data 실행 시작
[2022-09-26 19:01:58.027][I][AutoBaseFunction.py(wrapper):8] Parameter : 
[2022-09-26 19:01:58.028][I][AutoBaseFunction.py(wrapper):14] Screen.Setup_Field : set_data 실행 종료
[2022-09-26 19:01:58.028][I][AutoBaseFunction.py(wrapper):7] Screen.Setup_Field : set_data 실행 시작
[2022-09-26 19:01:58.028][I][AutoBaseFunction.py(wrapper):8] Parameter : 
[2022-09-26 19:01:58.029][I][AutoBaseFunction.py(wrapper):14] Screen.Setup_Field : set_data 실행 종료
[2022-09-26 19:01:58.029][I][AutoBaseFunction.py(wrapper):7] Screen.Setup_Field : set_data 실행 시작
[2022-09-26 19:01:58.030][I][AutoBaseFunction.py(wrapper):8] Parameter : 
[2022-09-26 19:01:58.030][I][AutoBaseFunction.py(wrapper):14] Screen.Setup_Field : set_data 실행 종료
[2022-09-26 19:01:58.031][I][AutoBaseFunction.py(wrapper):7] Screen.Setup_Field : set_data 실행 시작
[2022-09-26 19:01:58.031][I][AutoBaseFunction.py(wrapper):8] Parameter : 
[2022-09-26 19:01:58.032][I][AutoBaseFunction.py(wrapper):14] Screen.Setup_Field : set_data 실행 종료
[2022-09-26 19:01:58.032][I][AutoBaseFunction.py(wrapper):7] Screen.Setup_Field : set_data 실행 시작
[2022-09-26 19:01:58.032][I][AutoBaseFunction.py(wrapper):8] Parameter : 
[2022-09-26 19:01:58.033][I][AutoBaseFunction.py(wrapper):14] Screen.Setup_Field : set_data 실행 종료
[2022-09-26 19:01:58.033][I][AutoBaseFunction.py(wrapper):7] Screen.Setup_Field : sl_set_slot 실행 시작
[2022-09-26 19:01:58.033][I][AutoBaseFunction.py(wrapper):8] Parameter : 
[2022-09-26 19:01:58.033][I][AutoBaseFunction.py(wrapper):14] Screen.Setup_Field : sl_set_slot 실행 종료
[2022-09-26 19:01:58.034][I][AutoBaseFunction.py(wrapper):14] Screen.Setup_Field : setupUI_Field 실행 종료
[2022-09-26 19:01:58.034][I][AutoBaseFunction.py(wrapper):7] Screen.Setup_TestList : setupUI_TestList 실행 시작
[2022-09-26 19:01:58.034][I][AutoBaseFunction.py(wrapper):8] Parameter : 
[2022-09-26 19:01:58.035][I][AutoBaseFunction.py(wrapper):7] Screen.Setup_TestList : btn_set_slot 실행 시작
[2022-09-26 19:01:58.035][I][AutoBaseFunction.py(wrapper):8] Parameter : 
[2022-09-26 19:01:58.036][I][AutoBaseFunction.py(wrapper):14] Screen.Setup_TestList : btn_set_slot 실행 종료
[2022-09-26 19:01:58.036][I][AutoBaseFunction.py(wrapper):14] Screen.Setup_TestList : setupUI_TestList 실행 종료
[2022-09-26 19:01:58.036][I][AutoBaseFunction.py(wrapper):14] __main__ : __wigets_setupUi 실행 종료
[2022-09-26 19:01:59.229][I][AutoBaseFunction.py(wrapper):7] __main__ : __sl_ui 실행 시작
[2022-09-26 19:01:59.230][I][AutoBaseFunction.py(wrapper):8] Parameter : False
[2022-09-26 19:01:59.230][I][AutoBaseFunction.py(wrapper):7] Screen.Setup_Language : setLang_Button 실행 시작
[2022-09-26 19:01:59.231][I][AutoBaseFunction.py(wrapper):8] Parameter : 
[2022-09-26 19:01:59.232][I][AutoBaseFunction.py(wrapper):14] Screen.Setup_Language : setLang_Button 실행 종료
[2022-09-26 19:01:59.242][I][AutoBaseFunction.py(wrapper):14] __main__ : __sl_ui 실행 종료
[2022-09-26 19:02:09.428][I][AutoBaseFunction.py(wrapper):7] Screen.Setup_Language : closeEvent 실행 시작
[2022-09-26 19:02:09.428][I][AutoBaseFunction.py(wrapper):8] Parameter : <PyQt5.QtGui.QCloseEvent object at 0x000001FF0B2ABA68>
[2022-09-26 19:02:10.449][I][AutoBaseFunction.py(wrapper):14] Screen.Setup_Language : closeEvent 실행 종료
[2022-09-26 19:05:27.250][I][AutoBaseFunction.py(wrapper):7] Screen.MainWindow : closeEvent 실행 시작
[2022-09-26 19:05:27.250][I][AutoBaseFunction.py(wrapper):8] Parameter : <PyQt5.QtGui.QCloseEvent object at 0x000001FF0B2ABA68>
