[2022-09-22 09:04:55.676][D][LogManager.py(Init):12] LogManager Init function called !!!
[2022-09-22 09:04:55.689][I][AutoBaseFunction.py(wrapper):7] Screen.MainWindow : setupUi 실행 시작
[2022-09-22 09:04:55.689][I][AutoBaseFunction.py(wrapper):8] Parameter : 
[2022-09-22 09:04:55.704][I][AutoBaseFunction.py(wrapper):7] Screen.MainWindow : set_field 실행 시작
[2022-09-22 09:04:55.704][I][AutoBaseFunction.py(wrapper):8] Parameter : 
[2022-09-22 09:04:55.730][I][AutoBaseFunction.py(wrapper):14] Screen.MainWindow : set_field 실행 종료
[2022-09-22 09:04:55.730][I][AutoBaseFunction.py(wrapper):7] Screen.MainWindow : setWidget_func 실행 시작
[2022-09-22 09:04:55.730][I][AutoBaseFunction.py(wrapper):8] Parameter : 
[2022-09-22 09:04:55.732][I][AutoBaseFunction.py(wrapper):14] Screen.MainWindow : setWidget_func 실행 종료
[2022-09-22 09:04:55.734][I][AutoBaseFunction.py(wrapper):14] Screen.MainWindow : setupUi 실행 종료
[2022-09-22 09:04:55.739][I][AutoBaseFunction.py(wrapper):7] __main__ : __set_slot 실행 시작
[2022-09-22 09:04:55.740][I][AutoBaseFunction.py(wrapper):8] Parameter : 
[2022-09-22 09:04:55.740][I][AutoBaseFunction.py(wrapper):14] __main__ : __set_slot 실행 종료
[2022-09-22 09:04:55.740][I][AutoBaseFunction.py(wrapper):7] __main__ : __wigets_setupUi 실행 시작
[2022-09-22 09:04:55.741][I][AutoBaseFunction.py(wrapper):8] Parameter : 
[2022-09-22 09:04:55.741][I][AutoBaseFunction.py(wrapper):7] Screen.Setup_Language : setupUI_Language 실행 시작
[2022-09-22 09:04:55.741][I][AutoBaseFunction.py(wrapper):8] Parameter : 
[2022-09-22 09:04:55.742][I][AutoBaseFunction.py(wrapper):7] Screen.Setup_Language : sl_set_slot 실행 시작
[2022-09-22 09:04:55.742][I][AutoBaseFunction.py(wrapper):8] Parameter : 
[2022-09-22 09:04:55.743][I][AutoBaseFunction.py(wrapper):14] Screen.Setup_Language : sl_set_slot 실행 종료
[2022-09-22 09:04:55.743][I][AutoBaseFunction.py(wrapper):14] Screen.Setup_Language : setupUI_Language 실행 종료
[2022-09-22 09:04:55.743][I][AutoBaseFunction.py(wrapper):7] Screen.Menu_CreateExcel : setupUI_CreateExcel 실행 시작
[2022-09-22 09:04:55.743][I][AutoBaseFunction.py(wrapper):8] Parameter : 
[2022-09-22 09:04:55.744][I][AutoBaseFunction.py(wrapper):7] Screen.Menu_CreateExcel : new_excel_func 실행 시작
[2022-09-22 09:04:55.744][I][AutoBaseFunction.py(wrapper):8] Parameter : 
[2022-09-22 09:04:55.745][I][AutoBaseFunction.py(wrapper):14] Screen.Menu_CreateExcel : new_excel_func 실행 종료
[2022-09-22 09:04:55.745][I][AutoBaseFunction.py(wrapper):7] Screen.Menu_CreateExcel : set_excel_func 실행 시작
[2022-09-22 09:04:55.745][I][AutoBaseFunction.py(wrapper):8] Parameter : 
[2022-09-22 09:04:55.746][I][AutoBaseFunction.py(wrapper):14] Screen.Menu_CreateExcel : set_excel_func 실행 종료
[2022-09-22 09:04:55.746][I][AutoBaseFunction.py(wrapper):14] Screen.Menu_CreateExcel : setupUI_CreateExcel 실행 종료
[2022-09-22 09:04:55.746][I][AutoBaseFunction.py(wrapper):7] Screen.Setup_Field : setupUI_Field 실행 시작
[2022-09-22 09:04:55.747][I][AutoBaseFunction.py(wrapper):8] Parameter : 
[2022-09-22 09:04:55.747][I][AutoBaseFunction.py(wrapper):7] Screen.Setup_Field : set_data 실행 시작
[2022-09-22 09:04:55.747][I][AutoBaseFunction.py(wrapper):8] Parameter : 
[2022-09-22 09:04:55.747][I][AutoBaseFunction.py(wrapper):14] Screen.Setup_Field : set_data 실행 종료
[2022-09-22 09:04:55.979][I][AutoBaseFunction.py(wrapper):7] Screen.Setup_Field : set_data 실행 시작
[2022-09-22 09:04:55.979][I][AutoBaseFunction.py(wrapper):8] Parameter : 
[2022-09-22 09:04:55.979][I][AutoBaseFunction.py(wrapper):14] Screen.Setup_Field : set_data 실행 종료
[2022-09-22 09:04:55.980][I][AutoBaseFunction.py(wrapper):7] Screen.Setup_Field : set_data 실행 시작
[2022-09-22 09:04:55.980][I][AutoBaseFunction.py(wrapper):8] Parameter : 
[2022-09-22 09:04:55.980][I][AutoBaseFunction.py(wrapper):14] Screen.Setup_Field : set_data 실행 종료
[2022-09-22 09:04:55.981][I][AutoBaseFunction.py(wrapper):7] Screen.Setup_Field : set_data 실행 시작
[2022-09-22 09:04:55.981][I][AutoBaseFunction.py(wrapper):8] Parameter : 
[2022-09-22 09:04:55.981][I][AutoBaseFunction.py(wrapper):14] Screen.Setup_Field : set_data 실행 종료
[2022-09-22 09:04:55.982][I][AutoBaseFunction.py(wrapper):7] Screen.Setup_Field : set_data 실행 시작
[2022-09-22 09:04:55.982][I][AutoBaseFunction.py(wrapper):8] Parameter : 
[2022-09-22 09:04:55.982][I][AutoBaseFunction.py(wrapper):14] Screen.Setup_Field : set_data 실행 종료
[2022-09-22 09:04:55.983][I][AutoBaseFunction.py(wrapper):7] Screen.Setup_Field : set_data 실행 시작
[2022-09-22 09:04:55.983][I][AutoBaseFunction.py(wrapper):8] Parameter : 
[2022-09-22 09:04:55.983][I][AutoBaseFunction.py(wrapper):14] Screen.Setup_Field : set_data 실행 종료
[2022-09-22 09:04:55.983][I][AutoBaseFunction.py(wrapper):7] Screen.Setup_Field : sl_set_slot 실행 시작
[2022-09-22 09:04:55.984][I][AutoBaseFunction.py(wrapper):8] Parameter : 
[2022-09-22 09:04:55.984][I][AutoBaseFunction.py(wrapper):14] Screen.Setup_Field : sl_set_slot 실행 종료
[2022-09-22 09:04:55.984][I][AutoBaseFunction.py(wrapper):14] Screen.Setup_Field : setupUI_Field 실행 종료
[2022-09-22 09:04:55.984][I][AutoBaseFunction.py(wrapper):7] Screen.Setup_TestList : setupUI_TestList 실행 시작
[2022-09-22 09:04:55.984][I][AutoBaseFunction.py(wrapper):8] Parameter : 
[2022-09-22 09:04:55.985][I][AutoBaseFunction.py(wrapper):7] Screen.Setup_TestList : btn_set_slot 실행 시작
[2022-09-22 09:04:55.986][I][AutoBaseFunction.py(wrapper):8] Parameter : 
[2022-09-22 09:04:55.986][I][AutoBaseFunction.py(wrapper):14] Screen.Setup_TestList : btn_set_slot 실행 종료
[2022-09-22 09:04:55.986][I][AutoBaseFunction.py(wrapper):14] Screen.Setup_TestList : setupUI_TestList 실행 종료
[2022-09-22 09:04:55.986][I][AutoBaseFunction.py(wrapper):14] __main__ : __wigets_setupUi 실행 종료
[2022-09-22 09:05:31.896][I][AutoBaseFunction.py(wrapper):7] Screen.MainWindow : closeEvent 실행 시작
[2022-09-22 09:05:31.897][I][AutoBaseFunction.py(wrapper):8] Parameter : <PyQt5.QtGui.QCloseEvent object at 0x000002E1C207CA68>
