[2022-10-05 08:52:16.776][D][LogManager.py(Init):12] LogManager Init function called !!!
[2022-10-05 08:52:16.803][I][AutoBaseFunction.py(wrapper):10] Screen.MainWindow : setupUi 실행 시작
[2022-10-05 08:52:16.803][I][AutoBaseFunction.py(wrapper):11] Parameter : 
[2022-10-05 08:52:16.806][I][AutoBaseFunction.py(wrapper):10] Screen.MainWindow : set_field 실행 시작
[2022-10-05 08:52:16.807][I][AutoBaseFunction.py(wrapper):11] Parameter : 
[2022-10-05 08:52:16.833][I][AutoBaseFunction.py(wrapper):17] Screen.MainWindow : set_field 실행 종료
[2022-10-05 08:52:16.833][I][AutoBaseFunction.py(wrapper):10] Screen.MainWindow : setWidget_func 실행 시작
[2022-10-05 08:52:16.833][I][AutoBaseFunction.py(wrapper):11] Parameter : 
[2022-10-05 08:52:16.835][I][AutoBaseFunction.py(wrapper):17] Screen.MainWindow : setWidget_func 실행 종료
[2022-10-05 08:52:16.837][I][AutoBaseFunction.py(wrapper):17] Screen.MainWindow : setupUi 실행 종료
[2022-10-05 08:52:16.843][I][AutoBaseFunction.py(wrapper):10] __main__ : __set_slot 실행 시작
[2022-10-05 08:52:16.844][I][AutoBaseFunction.py(wrapper):11] Parameter : 
[2022-10-05 08:52:16.844][I][AutoBaseFunction.py(wrapper):17] __main__ : __set_slot 실행 종료
[2022-10-05 08:52:16.844][I][AutoBaseFunction.py(wrapper):10] __main__ : __wigets_setupUi 실행 시작
[2022-10-05 08:52:16.845][I][AutoBaseFunction.py(wrapper):11] Parameter : 
[2022-10-05 08:52:16.845][I][AutoBaseFunction.py(wrapper):10] Screen.Setup_Language : setupUI_Language 실행 시작
[2022-10-05 08:52:16.845][I][AutoBaseFunction.py(wrapper):11] Parameter : 
[2022-10-05 08:52:16.846][I][AutoBaseFunction.py(wrapper):10] Screen.Setup_Language : sl_set_slot 실행 시작
[2022-10-05 08:52:16.846][I][AutoBaseFunction.py(wrapper):11] Parameter : 
[2022-10-05 08:52:16.847][I][AutoBaseFunction.py(wrapper):17] Screen.Setup_Language : sl_set_slot 실행 종료
[2022-10-05 08:52:16.847][I][AutoBaseFunction.py(wrapper):17] Screen.Setup_Language : setupUI_Language 실행 종료
[2022-10-05 08:52:16.847][I][AutoBaseFunction.py(wrapper):10] Screen.Menu_CreateExcel : setupUI_CreateExcel 실행 시작
[2022-10-05 08:52:16.848][I][AutoBaseFunction.py(wrapper):11] Parameter : 
[2022-10-05 08:52:16.848][I][AutoBaseFunction.py(wrapper):10] Screen.Menu_CreateExcel : new_excel_func 실행 시작
[2022-10-05 08:52:16.849][I][AutoBaseFunction.py(wrapper):11] Parameter : 
[2022-10-05 08:52:16.849][I][AutoBaseFunction.py(wrapper):17] Screen.Menu_CreateExcel : new_excel_func 실행 종료
[2022-10-05 08:52:16.849][I][AutoBaseFunction.py(wrapper):10] Screen.Menu_CreateExcel : set_excel_func 실행 시작
[2022-10-05 08:52:16.850][I][AutoBaseFunction.py(wrapper):11] Parameter : 
[2022-10-05 08:52:16.850][I][AutoBaseFunction.py(wrapper):17] Screen.Menu_CreateExcel : set_excel_func 실행 종료
[2022-10-05 08:52:16.851][I][AutoBaseFunction.py(wrapper):17] Screen.Menu_CreateExcel : setupUI_CreateExcel 실행 종료
[2022-10-05 08:52:16.851][I][AutoBaseFunction.py(wrapper):10] Screen.Setup_Field : setupUI_Field 실행 시작
[2022-10-05 08:52:16.851][I][AutoBaseFunction.py(wrapper):11] Parameter : 
[2022-10-05 08:52:16.853][I][AutoBaseFunction.py(wrapper):10] Screen.Setup_Field : set_data 실행 시작
[2022-10-05 08:52:16.853][I][AutoBaseFunction.py(wrapper):11] Parameter : 
[2022-10-05 08:52:16.854][I][AutoBaseFunction.py(wrapper):17] Screen.Setup_Field : set_data 실행 종료
[2022-10-05 08:52:17.085][I][AutoBaseFunction.py(wrapper):10] Screen.Setup_Field : set_data 실행 시작
[2022-10-05 08:52:17.085][I][AutoBaseFunction.py(wrapper):11] Parameter : 
[2022-10-05 08:52:17.086][I][AutoBaseFunction.py(wrapper):17] Screen.Setup_Field : set_data 실행 종료
[2022-10-05 08:52:17.086][I][AutoBaseFunction.py(wrapper):10] Screen.Setup_Field : set_data 실행 시작
[2022-10-05 08:52:17.086][I][AutoBaseFunction.py(wrapper):11] Parameter : 
[2022-10-05 08:52:17.087][I][AutoBaseFunction.py(wrapper):17] Screen.Setup_Field : set_data 실행 종료
[2022-10-05 08:52:17.087][I][AutoBaseFunction.py(wrapper):10] Screen.Setup_Field : set_data 실행 시작
[2022-10-05 08:52:17.088][I][AutoBaseFunction.py(wrapper):11] Parameter : 
[2022-10-05 08:52:17.088][I][AutoBaseFunction.py(wrapper):17] Screen.Setup_Field : set_data 실행 종료
[2022-10-05 08:52:17.088][I][AutoBaseFunction.py(wrapper):10] Screen.Setup_Field : set_data 실행 시작
[2022-10-05 08:52:17.089][I][AutoBaseFunction.py(wrapper):11] Parameter : 
[2022-10-05 08:52:17.089][I][AutoBaseFunction.py(wrapper):17] Screen.Setup_Field : set_data 실행 종료
[2022-10-05 08:52:17.089][I][AutoBaseFunction.py(wrapper):10] Screen.Setup_Field : set_data 실행 시작
[2022-10-05 08:52:17.089][I][AutoBaseFunction.py(wrapper):11] Parameter : 
[2022-10-05 08:52:17.090][I][AutoBaseFunction.py(wrapper):17] Screen.Setup_Field : set_data 실행 종료
[2022-10-05 08:52:17.090][I][AutoBaseFunction.py(wrapper):10] Screen.Setup_Field : sl_set_slot 실행 시작
[2022-10-05 08:52:17.090][I][AutoBaseFunction.py(wrapper):11] Parameter : 
[2022-10-05 08:52:17.091][I][AutoBaseFunction.py(wrapper):17] Screen.Setup_Field : sl_set_slot 실행 종료
[2022-10-05 08:52:17.091][I][AutoBaseFunction.py(wrapper):17] Screen.Setup_Field : setupUI_Field 실행 종료
[2022-10-05 08:52:17.091][I][AutoBaseFunction.py(wrapper):10] Screen.Setup_TestList : setupUI_TestList 실행 시작
[2022-10-05 08:52:17.091][I][AutoBaseFunction.py(wrapper):11] Parameter : 
[2022-10-05 08:52:17.092][I][AutoBaseFunction.py(wrapper):10] Screen.Setup_TestList : btn_set_slot 실행 시작
[2022-10-05 08:52:17.093][I][AutoBaseFunction.py(wrapper):11] Parameter : 
[2022-10-05 08:52:17.093][I][AutoBaseFunction.py(wrapper):17] Screen.Setup_TestList : btn_set_slot 실행 종료
[2022-10-05 08:52:17.093][I][AutoBaseFunction.py(wrapper):17] Screen.Setup_TestList : setupUI_TestList 실행 종료
[2022-10-05 08:52:17.093][I][AutoBaseFunction.py(wrapper):17] __main__ : __wigets_setupUi 실행 종료
[2022-10-05 08:52:20.578][I][AutoBaseFunction.py(wrapper):10] __main__ : __sf_ui 실행 시작
[2022-10-05 08:52:20.578][I][AutoBaseFunction.py(wrapper):11] Parameter : False
[2022-10-05 08:52:20.590][I][AutoBaseFunction.py(wrapper):17] __main__ : __sf_ui 실행 종료
[2022-10-05 08:53:09.680][I][AutoBaseFunction.py(wrapper):10] Screen.Setup_Field : ok_Button_clicked 실행 시작
[2022-10-05 08:53:09.680][I][AutoBaseFunction.py(wrapper):11] Parameter : False
[2022-10-05 08:53:09.787][I][AutoBaseFunction.py(wrapper):10] Screen.MainWindow : set_field 실행 시작
[2022-10-05 08:53:09.787][I][AutoBaseFunction.py(wrapper):11] Parameter : 
[2022-10-05 08:53:09.788][I][AutoBaseFunction.py(wrapper):17] Screen.MainWindow : set_field 실행 종료
[2022-10-05 08:53:09.788][I][AutoBaseFunction.py(wrapper):10] Screen.Setup_Field : closeEvent 실행 시작
[2022-10-05 08:53:09.789][I][AutoBaseFunction.py(wrapper):11] Parameter : <PyQt5.QtGui.QCloseEvent object at 0x000001FBADE9C5E8>
[2022-10-05 08:53:09.790][I][AutoBaseFunction.py(wrapper):17] Screen.Setup_Field : closeEvent 실행 종료
[2022-10-05 08:53:09.795][I][AutoBaseFunction.py(wrapper):17] Screen.Setup_Field : ok_Button_clicked 실행 종료
[2022-10-05 08:53:19.730][I][AutoBaseFunction.py(wrapper):10] __main__ : __sf_ui 실행 시작
[2022-10-05 08:53:19.731][I][AutoBaseFunction.py(wrapper):11] Parameter : False
[2022-10-05 08:53:19.736][I][AutoBaseFunction.py(wrapper):17] __main__ : __sf_ui 실행 종료
[2022-10-05 08:53:25.592][I][AutoBaseFunction.py(wrapper):10] Screen.Setup_Field : ok_Button_clicked 실행 시작
[2022-10-05 08:53:25.592][I][AutoBaseFunction.py(wrapper):11] Parameter : False
[2022-10-05 08:53:25.667][I][AutoBaseFunction.py(wrapper):10] Screen.MainWindow : set_field 실행 시작
[2022-10-05 08:53:25.668][I][AutoBaseFunction.py(wrapper):11] Parameter : 
[2022-10-05 08:53:25.669][I][AutoBaseFunction.py(wrapper):17] Screen.MainWindow : set_field 실행 종료
[2022-10-05 08:53:25.669][I][AutoBaseFunction.py(wrapper):10] Screen.Setup_Field : closeEvent 실행 시작
[2022-10-05 08:53:25.669][I][AutoBaseFunction.py(wrapper):11] Parameter : <PyQt5.QtGui.QCloseEvent object at 0x000001FBADE96EE8>
[2022-10-05 08:53:25.670][I][AutoBaseFunction.py(wrapper):17] Screen.Setup_Field : closeEvent 실행 종료
[2022-10-05 08:53:25.675][I][AutoBaseFunction.py(wrapper):17] Screen.Setup_Field : ok_Button_clicked 실행 종료
[2022-10-05 08:53:35.866][I][AutoBaseFunction.py(wrapper):10] __main__ : __sf_ui 실행 시작
[2022-10-05 08:53:35.866][I][AutoBaseFunction.py(wrapper):11] Parameter : False
[2022-10-05 08:53:35.871][I][AutoBaseFunction.py(wrapper):17] __main__ : __sf_ui 실행 종료
[2022-10-05 08:53:37.607][I][AutoBaseFunction.py(wrapper):10] Screen.Setup_Field : ok_Button_clicked 실행 시작
[2022-10-05 08:53:37.608][I][AutoBaseFunction.py(wrapper):11] Parameter : False
[2022-10-05 08:53:37.694][I][AutoBaseFunction.py(wrapper):10] Screen.MainWindow : set_field 실행 시작
[2022-10-05 08:53:37.694][I][AutoBaseFunction.py(wrapper):11] Parameter : 
[2022-10-05 08:53:37.695][I][AutoBaseFunction.py(wrapper):17] Screen.MainWindow : set_field 실행 종료
[2022-10-05 08:53:37.695][I][AutoBaseFunction.py(wrapper):10] Screen.Setup_Field : closeEvent 실행 시작
[2022-10-05 08:53:37.696][I][AutoBaseFunction.py(wrapper):11] Parameter : <PyQt5.QtGui.QCloseEvent object at 0x000001FBADD8F438>
[2022-10-05 08:53:37.697][I][AutoBaseFunction.py(wrapper):17] Screen.Setup_Field : closeEvent 실행 종료
[2022-10-05 08:53:37.701][I][AutoBaseFunction.py(wrapper):17] Screen.Setup_Field : ok_Button_clicked 실행 종료
[2022-10-05 08:53:39.385][I][AutoBaseFunction.py(wrapper):10] __main__ : __tl_ui 실행 시작
[2022-10-05 08:53:39.386][I][AutoBaseFunction.py(wrapper):11] Parameter : False
[2022-10-05 08:53:39.386][I][AutoBaseFunction.py(wrapper):10] Screen.Setup_TestList : setTest_Button 실행 시작
[2022-10-05 08:53:39.387][I][AutoBaseFunction.py(wrapper):11] Parameter : 
[2022-10-05 08:53:39.389][I][AutoBaseFunction.py(wrapper):17] Screen.Setup_TestList : setTest_Button 실행 종료
[2022-10-05 08:53:39.401][I][AutoBaseFunction.py(wrapper):17] __main__ : __tl_ui 실행 종료
