[2022-09-27 17:19:43.641][D][LogManager.py(Init):12] LogManager Init function called !!!
[2022-09-27 17:19:43.653][I][AutoBaseFunction.py(wrapper):7] Screen.MainWindow : setupUi 실행 시작
[2022-09-27 17:19:43.654][I][AutoBaseFunction.py(wrapper):8] Parameter : 
[2022-09-27 17:19:43.669][I][AutoBaseFunction.py(wrapper):7] Screen.MainWindow : set_field 실행 시작
[2022-09-27 17:19:43.669][I][AutoBaseFunction.py(wrapper):8] Parameter : 
[2022-09-27 17:19:43.682][I][AutoBaseFunction.py(wrapper):14] Screen.MainWindow : set_field 실행 종료
[2022-09-27 17:19:43.682][I][AutoBaseFunction.py(wrapper):7] Screen.MainWindow : setWidget_func 실행 시작
[2022-09-27 17:19:43.682][I][AutoBaseFunction.py(wrapper):8] Parameter : 
[2022-09-27 17:19:43.684][I][AutoBaseFunction.py(wrapper):14] Screen.MainWindow : setWidget_func 실행 종료
[2022-09-27 17:19:43.686][I][AutoBaseFunction.py(wrapper):14] Screen.MainWindow : setupUi 실행 종료
[2022-09-27 17:19:43.692][I][AutoBaseFunction.py(wrapper):7] __main__ : __set_slot 실행 시작
[2022-09-27 17:19:43.693][I][AutoBaseFunction.py(wrapper):8] Parameter : 
[2022-09-27 17:19:43.693][I][AutoBaseFunction.py(wrapper):14] __main__ : __set_slot 실행 종료
[2022-09-27 17:19:43.693][I][AutoBaseFunction.py(wrapper):7] __main__ : __wigets_setupUi 실행 시작
[2022-09-27 17:19:43.693][I][AutoBaseFunction.py(wrapper):8] Parameter : 
[2022-09-27 17:19:43.694][I][AutoBaseFunction.py(wrapper):7] Screen.Setup_Language : setupUI_Language 실행 시작
[2022-09-27 17:19:43.694][I][AutoBaseFunction.py(wrapper):8] Parameter : 
[2022-09-27 17:19:43.695][I][AutoBaseFunction.py(wrapper):7] Screen.Setup_Language : sl_set_slot 실행 시작
[2022-09-27 17:19:43.695][I][AutoBaseFunction.py(wrapper):8] Parameter : 
[2022-09-27 17:19:43.695][I][AutoBaseFunction.py(wrapper):14] Screen.Setup_Language : sl_set_slot 실행 종료
[2022-09-27 17:19:43.696][I][AutoBaseFunction.py(wrapper):14] Screen.Setup_Language : setupUI_Language 실행 종료
[2022-09-27 17:19:43.696][I][AutoBaseFunction.py(wrapper):7] Screen.Menu_CreateExcel : setupUI_CreateExcel 실행 시작
[2022-09-27 17:19:43.696][I][AutoBaseFunction.py(wrapper):8] Parameter : 
[2022-09-27 17:19:43.698][I][AutoBaseFunction.py(wrapper):7] Screen.Menu_CreateExcel : new_excel_func 실행 시작
[2022-09-27 17:19:43.698][I][AutoBaseFunction.py(wrapper):8] Parameter : 
[2022-09-27 17:19:43.699][I][AutoBaseFunction.py(wrapper):14] Screen.Menu_CreateExcel : new_excel_func 실행 종료
[2022-09-27 17:19:43.699][I][AutoBaseFunction.py(wrapper):7] Screen.Menu_CreateExcel : set_excel_func 실행 시작
[2022-09-27 17:19:43.699][I][AutoBaseFunction.py(wrapper):8] Parameter : 
[2022-09-27 17:19:43.700][I][AutoBaseFunction.py(wrapper):14] Screen.Menu_CreateExcel : set_excel_func 실행 종료
[2022-09-27 17:19:43.700][I][AutoBaseFunction.py(wrapper):14] Screen.Menu_CreateExcel : setupUI_CreateExcel 실행 종료
[2022-09-27 17:19:43.700][I][AutoBaseFunction.py(wrapper):7] Screen.Setup_Field : setupUI_Field 실행 시작
[2022-09-27 17:19:43.700][I][AutoBaseFunction.py(wrapper):8] Parameter : 
[2022-09-27 17:19:43.702][I][AutoBaseFunction.py(wrapper):7] Screen.Setup_Field : set_data 실행 시작
[2022-09-27 17:19:43.702][I][AutoBaseFunction.py(wrapper):8] Parameter : 
[2022-09-27 17:19:43.702][I][AutoBaseFunction.py(wrapper):14] Screen.Setup_Field : set_data 실행 종료
[2022-09-27 17:19:43.703][I][AutoBaseFunction.py(wrapper):7] Screen.Setup_Field : set_data 실행 시작
[2022-09-27 17:19:43.703][I][AutoBaseFunction.py(wrapper):8] Parameter : 
[2022-09-27 17:19:43.703][I][AutoBaseFunction.py(wrapper):14] Screen.Setup_Field : set_data 실행 종료
[2022-09-27 17:19:43.704][I][AutoBaseFunction.py(wrapper):7] Screen.Setup_Field : set_data 실행 시작
[2022-09-27 17:19:43.704][I][AutoBaseFunction.py(wrapper):8] Parameter : 
[2022-09-27 17:19:43.704][I][AutoBaseFunction.py(wrapper):14] Screen.Setup_Field : set_data 실행 종료
[2022-09-27 17:19:43.704][I][AutoBaseFunction.py(wrapper):7] Screen.Setup_Field : set_data 실행 시작
[2022-09-27 17:19:43.705][I][AutoBaseFunction.py(wrapper):8] Parameter : 
[2022-09-27 17:19:43.705][I][AutoBaseFunction.py(wrapper):14] Screen.Setup_Field : set_data 실행 종료
[2022-09-27 17:19:43.705][I][AutoBaseFunction.py(wrapper):7] Screen.Setup_Field : set_data 실행 시작
[2022-09-27 17:19:43.706][I][AutoBaseFunction.py(wrapper):8] Parameter : 
[2022-09-27 17:19:43.706][I][AutoBaseFunction.py(wrapper):14] Screen.Setup_Field : set_data 실행 종료
[2022-09-27 17:19:43.706][I][AutoBaseFunction.py(wrapper):7] Screen.Setup_Field : set_data 실행 시작
[2022-09-27 17:19:43.706][I][AutoBaseFunction.py(wrapper):8] Parameter : 
[2022-09-27 17:19:43.707][I][AutoBaseFunction.py(wrapper):14] Screen.Setup_Field : set_data 실행 종료
[2022-09-27 17:19:43.707][I][AutoBaseFunction.py(wrapper):7] Screen.Setup_Field : sl_set_slot 실행 시작
[2022-09-27 17:19:43.707][I][AutoBaseFunction.py(wrapper):8] Parameter : 
[2022-09-27 17:19:43.708][I][AutoBaseFunction.py(wrapper):14] Screen.Setup_Field : sl_set_slot 실행 종료
[2022-09-27 17:19:43.708][I][AutoBaseFunction.py(wrapper):14] Screen.Setup_Field : setupUI_Field 실행 종료
[2022-09-27 17:19:43.709][I][AutoBaseFunction.py(wrapper):7] Screen.Setup_TestList : setupUI_TestList 실행 시작
[2022-09-27 17:19:43.709][I][AutoBaseFunction.py(wrapper):8] Parameter : 
[2022-09-27 17:19:43.710][I][AutoBaseFunction.py(wrapper):7] Screen.Setup_TestList : btn_set_slot 실행 시작
[2022-09-27 17:19:43.710][I][AutoBaseFunction.py(wrapper):8] Parameter : 
[2022-09-27 17:19:43.710][I][AutoBaseFunction.py(wrapper):14] Screen.Setup_TestList : btn_set_slot 실행 종료
[2022-09-27 17:19:43.711][I][AutoBaseFunction.py(wrapper):14] Screen.Setup_TestList : setupUI_TestList 실행 종료
[2022-09-27 17:19:43.711][I][AutoBaseFunction.py(wrapper):14] __main__ : __wigets_setupUi 실행 종료
[2022-09-27 17:19:46.427][I][AutoBaseFunction.py(wrapper):7] __main__ : __sf_ui 실행 시작
[2022-09-27 17:19:46.427][I][AutoBaseFunction.py(wrapper):8] Parameter : False
[2022-09-27 17:19:46.439][I][AutoBaseFunction.py(wrapper):14] __main__ : __sf_ui 실행 종료
[2022-09-27 17:19:48.970][I][AutoBaseFunction.py(wrapper):7] Screen.Setup_Field : keyPressEvent 실행 시작
[2022-09-27 17:19:48.970][I][AutoBaseFunction.py(wrapper):8] Parameter : <PyQt5.QtGui.QKeyEvent object at 0x0000023DE88BD708>
[2022-09-27 17:19:48.971][I][AutoBaseFunction.py(wrapper):14] Screen.Setup_Field : keyPressEvent 실행 종료
[2022-09-27 17:19:49.898][I][AutoBaseFunction.py(wrapper):7] Screen.Setup_Field : keyPressEvent 실행 시작
[2022-09-27 17:19:49.898][I][AutoBaseFunction.py(wrapper):8] Parameter : <PyQt5.QtGui.QKeyEvent object at 0x0000023DE88BD708>
[2022-09-27 17:19:49.899][I][AutoBaseFunction.py(wrapper):14] Screen.Setup_Field : keyPressEvent 실행 종료
[2022-09-27 17:19:50.489][I][AutoBaseFunction.py(wrapper):7] Screen.Setup_Field : keyPressEvent 실행 시작
[2022-09-27 17:19:50.490][I][AutoBaseFunction.py(wrapper):8] Parameter : <PyQt5.QtGui.QKeyEvent object at 0x0000023DE88BD708>
[2022-09-27 17:19:50.490][I][AutoBaseFunction.py(wrapper):14] Screen.Setup_Field : keyPressEvent 실행 종료
[2022-09-27 17:19:50.985][I][AutoBaseFunction.py(wrapper):7] Screen.Setup_Field : keyPressEvent 실행 시작
[2022-09-27 17:19:50.985][I][AutoBaseFunction.py(wrapper):8] Parameter : <PyQt5.QtGui.QKeyEvent object at 0x0000023DE88BD708>
[2022-09-27 17:19:50.986][I][AutoBaseFunction.py(wrapper):14] Screen.Setup_Field : keyPressEvent 실행 종료
[2022-09-27 17:19:52.538][I][AutoBaseFunction.py(wrapper):7] Screen.Setup_Field : ok_Button_clicked 실행 시작
[2022-09-27 17:19:52.538][I][AutoBaseFunction.py(wrapper):8] Parameter : False
[2022-09-27 17:19:52.788][I][AutoBaseFunction.py(wrapper):7] Screen.MainWindow : set_field 실행 시작
[2022-09-27 17:19:52.788][I][AutoBaseFunction.py(wrapper):8] Parameter : 
[2022-09-27 17:19:52.789][I][AutoBaseFunction.py(wrapper):14] Screen.MainWindow : set_field 실행 종료
[2022-09-27 17:19:52.789][I][AutoBaseFunction.py(wrapper):7] Screen.Setup_Field : closeEvent 실행 시작
[2022-09-27 17:19:52.790][I][AutoBaseFunction.py(wrapper):8] Parameter : <PyQt5.QtGui.QCloseEvent object at 0x0000023DE87B2708>
[2022-09-27 17:19:52.790][I][AutoBaseFunction.py(wrapper):14] Screen.Setup_Field : closeEvent 실행 종료
[2022-09-27 17:19:52.797][I][AutoBaseFunction.py(wrapper):14] Screen.Setup_Field : ok_Button_clicked 실행 종료
[2022-09-27 17:19:54.826][I][AutoBaseFunction.py(wrapper):7] __main__ : __sf_ui 실행 시작
[2022-09-27 17:19:54.826][I][AutoBaseFunction.py(wrapper):8] Parameter : False
[2022-09-27 17:19:54.830][I][AutoBaseFunction.py(wrapper):14] __main__ : __sf_ui 실행 종료
[2022-09-27 17:19:56.673][I][AutoBaseFunction.py(wrapper):7] Screen.Setup_Field : closeEvent 실행 시작
[2022-09-27 17:19:56.674][I][AutoBaseFunction.py(wrapper):8] Parameter : <PyQt5.QtGui.QCloseEvent object at 0x0000023DE87B2708>
[2022-09-27 17:19:56.675][I][AutoBaseFunction.py(wrapper):14] Screen.Setup_Field : closeEvent 실행 종료
[2022-09-27 17:19:58.561][I][AutoBaseFunction.py(wrapper):7] Screen.MainWindow : closeEvent 실행 시작
[2022-09-27 17:19:58.562][I][AutoBaseFunction.py(wrapper):8] Parameter : <PyQt5.QtGui.QCloseEvent object at 0x0000023DE87B2708>
