[2022-09-22 09:10:07.796][D][LogManager.py(Init):12] LogManager Init function called !!!
[2022-09-22 09:10:07.809][I][AutoBaseFunction.py(wrapper):7] Screen.MainWindow : setupUi 실행 시작
[2022-09-22 09:10:07.809][I][AutoBaseFunction.py(wrapper):8] Parameter : 
[2022-09-22 09:10:07.827][I][AutoBaseFunction.py(wrapper):7] Screen.MainWindow : set_field 실행 시작
[2022-09-22 09:10:07.827][I][AutoBaseFunction.py(wrapper):8] Parameter : 
[2022-09-22 09:10:07.859][I][AutoBaseFunction.py(wrapper):14] Screen.MainWindow : set_field 실행 종료
[2022-09-22 09:10:07.860][I][AutoBaseFunction.py(wrapper):7] Screen.MainWindow : setWidget_func 실행 시작
[2022-09-22 09:10:07.860][I][AutoBaseFunction.py(wrapper):8] Parameter : 
[2022-09-22 09:10:07.862][I][AutoBaseFunction.py(wrapper):14] Screen.MainWindow : setWidget_func 실행 종료
[2022-09-22 09:10:07.864][I][AutoBaseFunction.py(wrapper):14] Screen.MainWindow : setupUi 실행 종료
[2022-09-22 09:10:07.871][I][AutoBaseFunction.py(wrapper):7] __main__ : __set_slot 실행 시작
[2022-09-22 09:10:07.871][I][AutoBaseFunction.py(wrapper):8] Parameter : 
[2022-09-22 09:10:07.872][I][AutoBaseFunction.py(wrapper):14] __main__ : __set_slot 실행 종료
[2022-09-22 09:10:07.872][I][AutoBaseFunction.py(wrapper):7] __main__ : __wigets_setupUi 실행 시작
[2022-09-22 09:10:07.872][I][AutoBaseFunction.py(wrapper):8] Parameter : 
[2022-09-22 09:10:07.873][I][AutoBaseFunction.py(wrapper):7] Screen.Setup_Language : setupUI_Language 실행 시작
[2022-09-22 09:10:07.873][I][AutoBaseFunction.py(wrapper):8] Parameter : 
[2022-09-22 09:10:07.873][I][AutoBaseFunction.py(wrapper):7] Screen.Setup_Language : sl_set_slot 실행 시작
[2022-09-22 09:10:07.874][I][AutoBaseFunction.py(wrapper):8] Parameter : 
[2022-09-22 09:10:07.874][I][AutoBaseFunction.py(wrapper):14] Screen.Setup_Language : sl_set_slot 실행 종료
[2022-09-22 09:10:07.874][I][AutoBaseFunction.py(wrapper):14] Screen.Setup_Language : setupUI_Language 실행 종료
[2022-09-22 09:10:07.874][I][AutoBaseFunction.py(wrapper):7] Screen.Menu_CreateExcel : setupUI_CreateExcel 실행 시작
[2022-09-22 09:10:07.875][I][AutoBaseFunction.py(wrapper):8] Parameter : 
[2022-09-22 09:10:07.876][I][AutoBaseFunction.py(wrapper):7] Screen.Menu_CreateExcel : new_excel_func 실행 시작
[2022-09-22 09:10:07.876][I][AutoBaseFunction.py(wrapper):8] Parameter : 
[2022-09-22 09:10:07.876][I][AutoBaseFunction.py(wrapper):14] Screen.Menu_CreateExcel : new_excel_func 실행 종료
[2022-09-22 09:10:07.877][I][AutoBaseFunction.py(wrapper):7] Screen.Menu_CreateExcel : set_excel_func 실행 시작
[2022-09-22 09:10:07.877][I][AutoBaseFunction.py(wrapper):8] Parameter : 
[2022-09-22 09:10:07.877][I][AutoBaseFunction.py(wrapper):14] Screen.Menu_CreateExcel : set_excel_func 실행 종료
[2022-09-22 09:10:07.878][I][AutoBaseFunction.py(wrapper):14] Screen.Menu_CreateExcel : setupUI_CreateExcel 실행 종료
[2022-09-22 09:10:07.878][I][AutoBaseFunction.py(wrapper):7] Screen.Setup_Field : setupUI_Field 실행 시작
[2022-09-22 09:10:07.878][I][AutoBaseFunction.py(wrapper):8] Parameter : 
[2022-09-22 09:10:07.879][I][AutoBaseFunction.py(wrapper):7] Screen.Setup_Field : set_data 실행 시작
[2022-09-22 09:10:07.879][I][AutoBaseFunction.py(wrapper):8] Parameter : 
[2022-09-22 09:10:07.880][I][AutoBaseFunction.py(wrapper):14] Screen.Setup_Field : set_data 실행 종료
[2022-09-22 09:10:08.108][I][AutoBaseFunction.py(wrapper):7] Screen.Setup_Field : set_data 실행 시작
[2022-09-22 09:10:08.108][I][AutoBaseFunction.py(wrapper):8] Parameter : 
[2022-09-22 09:10:08.108][I][AutoBaseFunction.py(wrapper):14] Screen.Setup_Field : set_data 실행 종료
[2022-09-22 09:10:08.109][I][AutoBaseFunction.py(wrapper):7] Screen.Setup_Field : set_data 실행 시작
[2022-09-22 09:10:08.109][I][AutoBaseFunction.py(wrapper):8] Parameter : 
[2022-09-22 09:10:08.109][I][AutoBaseFunction.py(wrapper):14] Screen.Setup_Field : set_data 실행 종료
[2022-09-22 09:10:08.110][I][AutoBaseFunction.py(wrapper):7] Screen.Setup_Field : set_data 실행 시작
[2022-09-22 09:10:08.110][I][AutoBaseFunction.py(wrapper):8] Parameter : 
[2022-09-22 09:10:08.110][I][AutoBaseFunction.py(wrapper):14] Screen.Setup_Field : set_data 실행 종료
[2022-09-22 09:10:08.111][I][AutoBaseFunction.py(wrapper):7] Screen.Setup_Field : set_data 실행 시작
[2022-09-22 09:10:08.111][I][AutoBaseFunction.py(wrapper):8] Parameter : 
[2022-09-22 09:10:08.111][I][AutoBaseFunction.py(wrapper):14] Screen.Setup_Field : set_data 실행 종료
[2022-09-22 09:10:08.111][I][AutoBaseFunction.py(wrapper):7] Screen.Setup_Field : set_data 실행 시작
[2022-09-22 09:10:08.112][I][AutoBaseFunction.py(wrapper):8] Parameter : 
[2022-09-22 09:10:08.112][I][AutoBaseFunction.py(wrapper):14] Screen.Setup_Field : set_data 실행 종료
[2022-09-22 09:10:08.113][I][AutoBaseFunction.py(wrapper):7] Screen.Setup_Field : sl_set_slot 실행 시작
[2022-09-22 09:10:08.113][I][AutoBaseFunction.py(wrapper):8] Parameter : 
[2022-09-22 09:10:08.113][I][AutoBaseFunction.py(wrapper):14] Screen.Setup_Field : sl_set_slot 실행 종료
[2022-09-22 09:10:08.113][I][AutoBaseFunction.py(wrapper):14] Screen.Setup_Field : setupUI_Field 실행 종료
[2022-09-22 09:10:08.113][I][AutoBaseFunction.py(wrapper):7] Screen.Setup_TestList : setupUI_TestList 실행 시작
[2022-09-22 09:10:08.114][I][AutoBaseFunction.py(wrapper):8] Parameter : 
[2022-09-22 09:10:08.115][I][AutoBaseFunction.py(wrapper):7] Screen.Setup_TestList : btn_set_slot 실행 시작
[2022-09-22 09:10:08.115][I][AutoBaseFunction.py(wrapper):8] Parameter : 
[2022-09-22 09:10:08.115][I][AutoBaseFunction.py(wrapper):14] Screen.Setup_TestList : btn_set_slot 실행 종료
[2022-09-22 09:10:08.115][I][AutoBaseFunction.py(wrapper):14] Screen.Setup_TestList : setupUI_TestList 실행 종료
[2022-09-22 09:10:08.116][I][AutoBaseFunction.py(wrapper):14] __main__ : __wigets_setupUi 실행 종료
[2022-09-22 09:10:41.774][I][AutoBaseFunction.py(wrapper):7] Screen.MainWindow : closeEvent 실행 시작
[2022-09-22 09:10:41.775][I][AutoBaseFunction.py(wrapper):8] Parameter : <PyQt5.QtGui.QCloseEvent object at 0x00000227E7A2CA68>
