[2022-09-26 15:59:41.347][D][LogManager.py(Init):12] LogManager Init function called !!!
[2022-09-26 15:59:41.362][I][AutoBaseFunction.py(wrapper):7] Screen.MainWindow : setupUi 실행 시작
[2022-09-26 15:59:41.362][I][AutoBaseFunction.py(wrapper):8] Parameter : 
[2022-09-26 15:59:41.380][I][AutoBaseFunction.py(wrapper):7] Screen.MainWindow : set_field 실행 시작
[2022-09-26 15:59:41.380][I][AutoBaseFunction.py(wrapper):8] Parameter : 
[2022-09-26 15:59:41.418][I][AutoBaseFunction.py(wrapper):14] Screen.MainWindow : set_field 실행 종료
[2022-09-26 15:59:41.419][I][AutoBaseFunction.py(wrapper):7] Screen.MainWindow : setWidget_func 실행 시작
[2022-09-26 15:59:41.419][I][AutoBaseFunction.py(wrapper):8] Parameter : 
[2022-09-26 15:59:41.422][I][AutoBaseFunction.py(wrapper):14] Screen.MainWindow : setWidget_func 실행 종료
[2022-09-26 15:59:41.425][I][AutoBaseFunction.py(wrapper):14] Screen.MainWindow : setupUi 실행 종료
[2022-09-26 15:59:41.440][I][AutoBaseFunction.py(wrapper):7] __main__ : __set_slot 실행 시작
[2022-09-26 15:59:41.440][I][AutoBaseFunction.py(wrapper):8] Parameter : 
[2022-09-26 15:59:41.442][I][AutoBaseFunction.py(wrapper):14] __main__ : __set_slot 실행 종료
[2022-09-26 15:59:41.442][I][AutoBaseFunction.py(wrapper):7] __main__ : __wigets_setupUi 실행 시작
[2022-09-26 15:59:41.442][I][AutoBaseFunction.py(wrapper):8] Parameter : 
[2022-09-26 15:59:41.442][I][AutoBaseFunction.py(wrapper):7] Screen.Setup_Language : setupUI_Language 실행 시작
[2022-09-26 15:59:41.443][I][AutoBaseFunction.py(wrapper):8] Parameter : 
[2022-09-26 15:59:41.443][I][AutoBaseFunction.py(wrapper):7] Screen.Setup_Language : sl_set_slot 실행 시작
[2022-09-26 15:59:41.444][I][AutoBaseFunction.py(wrapper):8] Parameter : 
[2022-09-26 15:59:41.444][I][AutoBaseFunction.py(wrapper):14] Screen.Setup_Language : sl_set_slot 실행 종료
[2022-09-26 15:59:41.444][I][AutoBaseFunction.py(wrapper):14] Screen.Setup_Language : setupUI_Language 실행 종료
[2022-09-26 15:59:41.445][I][AutoBaseFunction.py(wrapper):7] Screen.Menu_CreateExcel : setupUI_CreateExcel 실행 시작
[2022-09-26 15:59:41.445][I][AutoBaseFunction.py(wrapper):8] Parameter : 
[2022-09-26 15:59:41.446][I][AutoBaseFunction.py(wrapper):7] Screen.Menu_CreateExcel : new_excel_func 실행 시작
[2022-09-26 15:59:41.446][I][AutoBaseFunction.py(wrapper):8] Parameter : 
[2022-09-26 15:59:41.447][I][AutoBaseFunction.py(wrapper):14] Screen.Menu_CreateExcel : new_excel_func 실행 종료
[2022-09-26 15:59:41.447][I][AutoBaseFunction.py(wrapper):7] Screen.Menu_CreateExcel : set_excel_func 실행 시작
[2022-09-26 15:59:41.447][I][AutoBaseFunction.py(wrapper):8] Parameter : 
[2022-09-26 15:59:41.448][I][AutoBaseFunction.py(wrapper):14] Screen.Menu_CreateExcel : set_excel_func 실행 종료
[2022-09-26 15:59:41.448][I][AutoBaseFunction.py(wrapper):14] Screen.Menu_CreateExcel : setupUI_CreateExcel 실행 종료
[2022-09-26 15:59:41.448][I][AutoBaseFunction.py(wrapper):7] Screen.Setup_Field : setupUI_Field 실행 시작
[2022-09-26 15:59:41.449][I][AutoBaseFunction.py(wrapper):8] Parameter : 
[2022-09-26 15:59:41.450][I][AutoBaseFunction.py(wrapper):7] Screen.Setup_Field : set_data 실행 시작
[2022-09-26 15:59:41.450][I][AutoBaseFunction.py(wrapper):8] Parameter : 
[2022-09-26 15:59:41.451][I][AutoBaseFunction.py(wrapper):14] Screen.Setup_Field : set_data 실행 종료
[2022-09-26 15:59:41.678][I][AutoBaseFunction.py(wrapper):7] Screen.Setup_Field : set_data 실행 시작
[2022-09-26 15:59:41.678][I][AutoBaseFunction.py(wrapper):8] Parameter : 
[2022-09-26 15:59:41.679][I][AutoBaseFunction.py(wrapper):14] Screen.Setup_Field : set_data 실행 종료
[2022-09-26 15:59:41.680][I][AutoBaseFunction.py(wrapper):7] Screen.Setup_Field : set_data 실행 시작
[2022-09-26 15:59:41.680][I][AutoBaseFunction.py(wrapper):8] Parameter : 
[2022-09-26 15:59:41.680][I][AutoBaseFunction.py(wrapper):14] Screen.Setup_Field : set_data 실행 종료
[2022-09-26 15:59:41.681][I][AutoBaseFunction.py(wrapper):7] Screen.Setup_Field : set_data 실행 시작
[2022-09-26 15:59:41.681][I][AutoBaseFunction.py(wrapper):8] Parameter : 
[2022-09-26 15:59:41.681][I][AutoBaseFunction.py(wrapper):14] Screen.Setup_Field : set_data 실행 종료
[2022-09-26 15:59:41.682][I][AutoBaseFunction.py(wrapper):7] Screen.Setup_Field : set_data 실행 시작
[2022-09-26 15:59:41.682][I][AutoBaseFunction.py(wrapper):8] Parameter : 
[2022-09-26 15:59:41.682][I][AutoBaseFunction.py(wrapper):14] Screen.Setup_Field : set_data 실행 종료
[2022-09-26 15:59:41.683][I][AutoBaseFunction.py(wrapper):7] Screen.Setup_Field : set_data 실행 시작
[2022-09-26 15:59:41.683][I][AutoBaseFunction.py(wrapper):8] Parameter : 
[2022-09-26 15:59:41.683][I][AutoBaseFunction.py(wrapper):14] Screen.Setup_Field : set_data 실행 종료
[2022-09-26 15:59:41.684][I][AutoBaseFunction.py(wrapper):7] Screen.Setup_Field : sl_set_slot 실행 시작
[2022-09-26 15:59:41.684][I][AutoBaseFunction.py(wrapper):8] Parameter : 
[2022-09-26 15:59:41.684][I][AutoBaseFunction.py(wrapper):14] Screen.Setup_Field : sl_set_slot 실행 종료
[2022-09-26 15:59:41.684][I][AutoBaseFunction.py(wrapper):14] Screen.Setup_Field : setupUI_Field 실행 종료
[2022-09-26 15:59:41.685][I][AutoBaseFunction.py(wrapper):7] Screen.Setup_TestList : setupUI_TestList 실행 시작
[2022-09-26 15:59:41.685][I][AutoBaseFunction.py(wrapper):8] Parameter : 
[2022-09-26 15:59:41.686][I][AutoBaseFunction.py(wrapper):7] Screen.Setup_TestList : btn_set_slot 실행 시작
[2022-09-26 15:59:41.686][I][AutoBaseFunction.py(wrapper):8] Parameter : 
[2022-09-26 15:59:41.686][I][AutoBaseFunction.py(wrapper):14] Screen.Setup_TestList : btn_set_slot 실행 종료
[2022-09-26 15:59:41.687][I][AutoBaseFunction.py(wrapper):14] Screen.Setup_TestList : setupUI_TestList 실행 종료
[2022-09-26 15:59:41.687][I][AutoBaseFunction.py(wrapper):14] __main__ : __wigets_setupUi 실행 종료
[2022-09-26 15:59:42.804][I][AutoBaseFunction.py(wrapper):7] Screen.MainWindow : update_open_menu 실행 시작
[2022-09-26 15:59:42.804][I][AutoBaseFunction.py(wrapper):8] Parameter : 
[2022-09-26 15:59:42.807][I][AutoBaseFunction.py(wrapper):14] Screen.MainWindow : update_open_menu 실행 종료
[2022-09-26 15:59:43.664][I][AutoBaseFunction.py(wrapper):7] __main__ : __ce_ui 실행 시작
[2022-09-26 15:59:43.664][I][AutoBaseFunction.py(wrapper):8] Parameter : False
[2022-09-26 15:59:43.688][I][AutoBaseFunction.py(wrapper):14] __main__ : __ce_ui 실행 종료
