[2022-09-26 18:17:46.080][D][LogManager.py(Init):12] LogManager Init function called !!!
[2022-09-26 18:17:46.093][I][AutoBaseFunction.py(wrapper):7] Screen.MainWindow : setupUi 실행 시작
[2022-09-26 18:17:46.094][I][AutoBaseFunction.py(wrapper):8] Parameter : 
[2022-09-26 18:17:46.108][I][AutoBaseFunction.py(wrapper):7] Screen.MainWindow : set_field 실행 시작
[2022-09-26 18:17:46.109][I][AutoBaseFunction.py(wrapper):8] Parameter : 
[2022-09-26 18:17:46.136][I][AutoBaseFunction.py(wrapper):14] Screen.MainWindow : set_field 실행 종료
[2022-09-26 18:17:46.137][I][AutoBaseFunction.py(wrapper):7] Screen.MainWindow : setWidget_func 실행 시작
[2022-09-26 18:17:46.137][I][AutoBaseFunction.py(wrapper):8] Parameter : 
[2022-09-26 18:17:46.139][I][AutoBaseFunction.py(wrapper):14] Screen.MainWindow : setWidget_func 실행 종료
[2022-09-26 18:17:46.143][I][AutoBaseFunction.py(wrapper):14] Screen.MainWindow : setupUi 실행 종료
[2022-09-26 18:17:46.150][I][AutoBaseFunction.py(wrapper):7] __main__ : __set_slot 실행 시작
[2022-09-26 18:17:46.150][I][AutoBaseFunction.py(wrapper):8] Parameter : 
[2022-09-26 18:17:46.151][I][AutoBaseFunction.py(wrapper):14] __main__ : __set_slot 실행 종료
[2022-09-26 18:17:46.151][I][AutoBaseFunction.py(wrapper):7] __main__ : __wigets_setupUi 실행 시작
[2022-09-26 18:17:46.151][I][AutoBaseFunction.py(wrapper):8] Parameter : 
[2022-09-26 18:17:46.152][I][AutoBaseFunction.py(wrapper):7] Screen.Setup_Language : setupUI_Language 실행 시작
[2022-09-26 18:17:46.152][I][AutoBaseFunction.py(wrapper):8] Parameter : 
[2022-09-26 18:17:46.153][I][AutoBaseFunction.py(wrapper):7] Screen.Setup_Language : sl_set_slot 실행 시작
[2022-09-26 18:17:46.153][I][AutoBaseFunction.py(wrapper):8] Parameter : 
[2022-09-26 18:17:46.153][I][AutoBaseFunction.py(wrapper):14] Screen.Setup_Language : sl_set_slot 실행 종료
[2022-09-26 18:17:46.154][I][AutoBaseFunction.py(wrapper):14] Screen.Setup_Language : setupUI_Language 실행 종료
[2022-09-26 18:17:46.154][I][AutoBaseFunction.py(wrapper):7] Screen.Menu_CreateExcel : setupUI_CreateExcel 실행 시작
[2022-09-26 18:17:46.154][I][AutoBaseFunction.py(wrapper):8] Parameter : 
[2022-09-26 18:17:46.155][I][AutoBaseFunction.py(wrapper):7] Screen.Menu_CreateExcel : new_excel_func 실행 시작
[2022-09-26 18:17:46.155][I][AutoBaseFunction.py(wrapper):8] Parameter : 
[2022-09-26 18:17:46.156][I][AutoBaseFunction.py(wrapper):14] Screen.Menu_CreateExcel : new_excel_func 실행 종료
[2022-09-26 18:17:46.156][I][AutoBaseFunction.py(wrapper):7] Screen.Menu_CreateExcel : set_excel_func 실행 시작
[2022-09-26 18:17:46.156][I][AutoBaseFunction.py(wrapper):8] Parameter : 
[2022-09-26 18:17:46.157][I][AutoBaseFunction.py(wrapper):14] Screen.Menu_CreateExcel : set_excel_func 실행 종료
[2022-09-26 18:17:46.157][I][AutoBaseFunction.py(wrapper):14] Screen.Menu_CreateExcel : setupUI_CreateExcel 실행 종료
[2022-09-26 18:17:46.157][I][AutoBaseFunction.py(wrapper):7] Screen.Setup_Field : setupUI_Field 실행 시작
[2022-09-26 18:17:46.157][I][AutoBaseFunction.py(wrapper):8] Parameter : 
[2022-09-26 18:17:46.158][I][AutoBaseFunction.py(wrapper):7] Screen.Setup_Field : set_data 실행 시작
[2022-09-26 18:17:46.158][I][AutoBaseFunction.py(wrapper):8] Parameter : 
[2022-09-26 18:17:46.158][I][AutoBaseFunction.py(wrapper):14] Screen.Setup_Field : set_data 실행 종료
[2022-09-26 18:17:46.382][I][AutoBaseFunction.py(wrapper):7] Screen.Setup_Field : set_data 실행 시작
[2022-09-26 18:17:46.383][I][AutoBaseFunction.py(wrapper):8] Parameter : 
[2022-09-26 18:17:46.383][I][AutoBaseFunction.py(wrapper):14] Screen.Setup_Field : set_data 실행 종료
[2022-09-26 18:17:46.384][I][AutoBaseFunction.py(wrapper):7] Screen.Setup_Field : set_data 실행 시작
[2022-09-26 18:17:46.384][I][AutoBaseFunction.py(wrapper):8] Parameter : 
[2022-09-26 18:17:46.384][I][AutoBaseFunction.py(wrapper):14] Screen.Setup_Field : set_data 실행 종료
[2022-09-26 18:17:46.385][I][AutoBaseFunction.py(wrapper):7] Screen.Setup_Field : set_data 실행 시작
[2022-09-26 18:17:46.385][I][AutoBaseFunction.py(wrapper):8] Parameter : 
[2022-09-26 18:17:46.385][I][AutoBaseFunction.py(wrapper):14] Screen.Setup_Field : set_data 실행 종료
[2022-09-26 18:17:46.386][I][AutoBaseFunction.py(wrapper):7] Screen.Setup_Field : set_data 실행 시작
[2022-09-26 18:17:46.386][I][AutoBaseFunction.py(wrapper):8] Parameter : 
[2022-09-26 18:17:46.386][I][AutoBaseFunction.py(wrapper):14] Screen.Setup_Field : set_data 실행 종료
[2022-09-26 18:17:46.386][I][AutoBaseFunction.py(wrapper):7] Screen.Setup_Field : set_data 실행 시작
[2022-09-26 18:17:46.386][I][AutoBaseFunction.py(wrapper):8] Parameter : 
[2022-09-26 18:17:46.387][I][AutoBaseFunction.py(wrapper):14] Screen.Setup_Field : set_data 실행 종료
[2022-09-26 18:17:46.387][I][AutoBaseFunction.py(wrapper):7] Screen.Setup_Field : sl_set_slot 실행 시작
[2022-09-26 18:17:46.387][I][AutoBaseFunction.py(wrapper):8] Parameter : 
[2022-09-26 18:17:46.387][I][AutoBaseFunction.py(wrapper):14] Screen.Setup_Field : sl_set_slot 실행 종료
[2022-09-26 18:17:46.388][I][AutoBaseFunction.py(wrapper):14] Screen.Setup_Field : setupUI_Field 실행 종료
[2022-09-26 18:17:46.388][I][AutoBaseFunction.py(wrapper):7] Screen.Setup_TestList : setupUI_TestList 실행 시작
[2022-09-26 18:17:46.388][I][AutoBaseFunction.py(wrapper):8] Parameter : 
[2022-09-26 18:17:46.389][I][AutoBaseFunction.py(wrapper):7] Screen.Setup_TestList : btn_set_slot 실행 시작
[2022-09-26 18:17:46.389][I][AutoBaseFunction.py(wrapper):8] Parameter : 
[2022-09-26 18:17:46.389][I][AutoBaseFunction.py(wrapper):14] Screen.Setup_TestList : btn_set_slot 실행 종료
[2022-09-26 18:17:46.389][I][AutoBaseFunction.py(wrapper):14] Screen.Setup_TestList : setupUI_TestList 실행 종료
[2022-09-26 18:17:46.390][I][AutoBaseFunction.py(wrapper):14] __main__ : __wigets_setupUi 실행 종료
[2022-09-26 18:17:55.708][I][AutoBaseFunction.py(wrapper):7] __main__ : __sl_ui 실행 시작
[2022-09-26 18:17:55.708][I][AutoBaseFunction.py(wrapper):8] Parameter : False
[2022-09-26 18:17:55.709][I][AutoBaseFunction.py(wrapper):7] Screen.Setup_Language : setLang_Button 실행 시작
[2022-09-26 18:17:55.709][I][AutoBaseFunction.py(wrapper):8] Parameter : 
