[2022-09-22 09:18:21.415][D][LogManager.py(Init):12] LogManager Init function called !!!
[2022-09-22 09:18:21.426][I][AutoBaseFunction.py(wrapper):7] Screen.MainWindow : setupUi 실행 시작
[2022-09-22 09:18:21.427][I][AutoBaseFunction.py(wrapper):8] Parameter : 
[2022-09-22 09:18:21.442][I][AutoBaseFunction.py(wrapper):7] Screen.MainWindow : set_field 실행 시작
[2022-09-22 09:18:21.442][I][AutoBaseFunction.py(wrapper):8] Parameter : 
[2022-09-22 09:18:21.467][I][AutoBaseFunction.py(wrapper):14] Screen.MainWindow : set_field 실행 종료
[2022-09-22 09:18:21.467][I][AutoBaseFunction.py(wrapper):7] Screen.MainWindow : setWidget_func 실행 시작
[2022-09-22 09:18:21.468][I][AutoBaseFunction.py(wrapper):8] Parameter : 
[2022-09-22 09:18:21.469][I][AutoBaseFunction.py(wrapper):14] Screen.MainWindow : setWidget_func 실행 종료
[2022-09-22 09:18:21.471][I][AutoBaseFunction.py(wrapper):14] Screen.MainWindow : setupUi 실행 종료
[2022-09-22 09:18:21.477][I][AutoBaseFunction.py(wrapper):7] __main__ : __set_slot 실행 시작
[2022-09-22 09:18:21.478][I][AutoBaseFunction.py(wrapper):8] Parameter : 
[2022-09-22 09:18:21.478][I][AutoBaseFunction.py(wrapper):14] __main__ : __set_slot 실행 종료
[2022-09-22 09:18:21.479][I][AutoBaseFunction.py(wrapper):7] __main__ : __wigets_setupUi 실행 시작
[2022-09-22 09:18:21.479][I][AutoBaseFunction.py(wrapper):8] Parameter : 
[2022-09-22 09:18:21.479][I][AutoBaseFunction.py(wrapper):7] Screen.Setup_Language : setupUI_Language 실행 시작
[2022-09-22 09:18:21.480][I][AutoBaseFunction.py(wrapper):8] Parameter : 
[2022-09-22 09:18:21.480][I][AutoBaseFunction.py(wrapper):7] Screen.Setup_Language : sl_set_slot 실행 시작
[2022-09-22 09:18:21.481][I][AutoBaseFunction.py(wrapper):8] Parameter : 
[2022-09-22 09:18:21.481][I][AutoBaseFunction.py(wrapper):14] Screen.Setup_Language : sl_set_slot 실행 종료
[2022-09-22 09:18:21.481][I][AutoBaseFunction.py(wrapper):14] Screen.Setup_Language : setupUI_Language 실행 종료
[2022-09-22 09:18:21.482][I][AutoBaseFunction.py(wrapper):7] Screen.Menu_CreateExcel : setupUI_CreateExcel 실행 시작
[2022-09-22 09:18:21.482][I][AutoBaseFunction.py(wrapper):8] Parameter : 
[2022-09-22 09:18:21.483][I][AutoBaseFunction.py(wrapper):7] Screen.Menu_CreateExcel : new_excel_func 실행 시작
[2022-09-22 09:18:21.483][I][AutoBaseFunction.py(wrapper):8] Parameter : 
[2022-09-22 09:18:21.484][I][AutoBaseFunction.py(wrapper):14] Screen.Menu_CreateExcel : new_excel_func 실행 종료
[2022-09-22 09:18:21.484][I][AutoBaseFunction.py(wrapper):7] Screen.Menu_CreateExcel : set_excel_func 실행 시작
[2022-09-22 09:18:21.484][I][AutoBaseFunction.py(wrapper):8] Parameter : 
[2022-09-22 09:18:21.484][I][AutoBaseFunction.py(wrapper):14] Screen.Menu_CreateExcel : set_excel_func 실행 종료
[2022-09-22 09:18:21.485][I][AutoBaseFunction.py(wrapper):14] Screen.Menu_CreateExcel : setupUI_CreateExcel 실행 종료
[2022-09-22 09:18:21.485][I][AutoBaseFunction.py(wrapper):7] Screen.Setup_Field : setupUI_Field 실행 시작
[2022-09-22 09:18:21.485][I][AutoBaseFunction.py(wrapper):8] Parameter : 
[2022-09-22 09:18:21.486][I][AutoBaseFunction.py(wrapper):7] Screen.Setup_Field : set_data 실행 시작
[2022-09-22 09:18:21.486][I][AutoBaseFunction.py(wrapper):8] Parameter : 
[2022-09-22 09:18:21.486][I][AutoBaseFunction.py(wrapper):14] Screen.Setup_Field : set_data 실행 종료
[2022-09-22 09:18:21.707][I][AutoBaseFunction.py(wrapper):7] Screen.Setup_Field : set_data 실행 시작
[2022-09-22 09:18:21.707][I][AutoBaseFunction.py(wrapper):8] Parameter : 
[2022-09-22 09:18:21.708][I][AutoBaseFunction.py(wrapper):14] Screen.Setup_Field : set_data 실행 종료
[2022-09-22 09:18:21.708][I][AutoBaseFunction.py(wrapper):7] Screen.Setup_Field : set_data 실행 시작
[2022-09-22 09:18:21.709][I][AutoBaseFunction.py(wrapper):8] Parameter : 
[2022-09-22 09:18:21.709][I][AutoBaseFunction.py(wrapper):14] Screen.Setup_Field : set_data 실행 종료
[2022-09-22 09:18:21.709][I][AutoBaseFunction.py(wrapper):7] Screen.Setup_Field : set_data 실행 시작
[2022-09-22 09:18:21.710][I][AutoBaseFunction.py(wrapper):8] Parameter : 
[2022-09-22 09:18:21.710][I][AutoBaseFunction.py(wrapper):14] Screen.Setup_Field : set_data 실행 종료
[2022-09-22 09:18:21.711][I][AutoBaseFunction.py(wrapper):7] Screen.Setup_Field : set_data 실행 시작
[2022-09-22 09:18:21.711][I][AutoBaseFunction.py(wrapper):8] Parameter : 
[2022-09-22 09:18:21.712][I][AutoBaseFunction.py(wrapper):14] Screen.Setup_Field : set_data 실행 종료
[2022-09-22 09:18:21.712][I][AutoBaseFunction.py(wrapper):7] Screen.Setup_Field : set_data 실행 시작
[2022-09-22 09:18:21.712][I][AutoBaseFunction.py(wrapper):8] Parameter : 
[2022-09-22 09:18:21.712][I][AutoBaseFunction.py(wrapper):14] Screen.Setup_Field : set_data 실행 종료
[2022-09-22 09:18:21.713][I][AutoBaseFunction.py(wrapper):7] Screen.Setup_Field : sl_set_slot 실행 시작
[2022-09-22 09:18:21.713][I][AutoBaseFunction.py(wrapper):8] Parameter : 
[2022-09-22 09:18:21.713][I][AutoBaseFunction.py(wrapper):14] Screen.Setup_Field : sl_set_slot 실행 종료
[2022-09-22 09:18:21.714][I][AutoBaseFunction.py(wrapper):14] Screen.Setup_Field : setupUI_Field 실행 종료
[2022-09-22 09:18:21.714][I][AutoBaseFunction.py(wrapper):7] Screen.Setup_TestList : setupUI_TestList 실행 시작
[2022-09-22 09:18:21.714][I][AutoBaseFunction.py(wrapper):8] Parameter : 
[2022-09-22 09:18:21.716][I][AutoBaseFunction.py(wrapper):7] Screen.Setup_TestList : btn_set_slot 실행 시작
[2022-09-22 09:18:21.716][I][AutoBaseFunction.py(wrapper):8] Parameter : 
[2022-09-22 09:18:21.717][I][AutoBaseFunction.py(wrapper):14] Screen.Setup_TestList : btn_set_slot 실행 종료
[2022-09-22 09:18:21.717][I][AutoBaseFunction.py(wrapper):14] Screen.Setup_TestList : setupUI_TestList 실행 종료
[2022-09-22 09:18:21.717][I][AutoBaseFunction.py(wrapper):14] __main__ : __wigets_setupUi 실행 종료
[2022-09-22 09:19:21.670][I][AutoBaseFunction.py(wrapper):7] Screen.MainWindow : closeEvent 실행 시작
[2022-09-22 09:19:21.670][I][AutoBaseFunction.py(wrapper):8] Parameter : <PyQt5.QtGui.QCloseEvent object at 0x000002193367CA68>
