[2022-09-23 12:31:45.212][D][LogManager.py(Init):12] LogManager Init function called !!!
[2022-09-23 12:31:45.224][I][AutoBaseFunction.py(wrapper):7] Screen.MainWindow : setupUi 실행 시작
[2022-09-23 12:31:45.226][I][AutoBaseFunction.py(wrapper):8] Parameter : 
[2022-09-23 12:31:45.240][I][AutoBaseFunction.py(wrapper):7] Screen.MainWindow : set_field 실행 시작
[2022-09-23 12:31:45.241][I][AutoBaseFunction.py(wrapper):8] Parameter : 
[2022-09-23 12:31:45.265][I][AutoBaseFunction.py(wrapper):14] Screen.MainWindow : set_field 실행 종료
[2022-09-23 12:31:45.265][I][AutoBaseFunction.py(wrapper):7] Screen.MainWindow : setWidget_func 실행 시작
[2022-09-23 12:31:45.265][I][AutoBaseFunction.py(wrapper):8] Parameter : 
[2022-09-23 12:31:45.267][I][AutoBaseFunction.py(wrapper):14] Screen.MainWindow : setWidget_func 실행 종료
[2022-09-23 12:31:45.270][I][AutoBaseFunction.py(wrapper):14] Screen.MainWindow : setupUi 실행 종료
[2022-09-23 12:31:45.278][I][AutoBaseFunction.py(wrapper):7] __main__ : __set_slot 실행 시작
[2022-09-23 12:31:45.278][I][AutoBaseFunction.py(wrapper):8] Parameter : 
[2022-09-23 12:31:45.279][I][AutoBaseFunction.py(wrapper):14] __main__ : __set_slot 실행 종료
[2022-09-23 12:31:45.279][I][AutoBaseFunction.py(wrapper):7] __main__ : __wigets_setupUi 실행 시작
[2022-09-23 12:31:45.280][I][AutoBaseFunction.py(wrapper):8] Parameter : 
[2022-09-23 12:31:45.280][I][AutoBaseFunction.py(wrapper):7] Screen.Setup_Language : setupUI_Language 실행 시작
[2022-09-23 12:31:45.280][I][AutoBaseFunction.py(wrapper):8] Parameter : 
[2022-09-23 12:31:45.281][I][AutoBaseFunction.py(wrapper):7] Screen.Setup_Language : sl_set_slot 실행 시작
[2022-09-23 12:31:45.282][I][AutoBaseFunction.py(wrapper):8] Parameter : 
[2022-09-23 12:31:45.282][I][AutoBaseFunction.py(wrapper):14] Screen.Setup_Language : sl_set_slot 실행 종료
[2022-09-23 12:31:45.283][I][AutoBaseFunction.py(wrapper):14] Screen.Setup_Language : setupUI_Language 실행 종료
[2022-09-23 12:31:45.283][I][AutoBaseFunction.py(wrapper):7] Screen.Menu_CreateExcel : setupUI_CreateExcel 실행 시작
[2022-09-23 12:31:45.283][I][AutoBaseFunction.py(wrapper):8] Parameter : 
[2022-09-23 12:31:45.285][I][AutoBaseFunction.py(wrapper):7] Screen.Menu_CreateExcel : new_excel_func 실행 시작
[2022-09-23 12:31:45.285][I][AutoBaseFunction.py(wrapper):8] Parameter : 
[2022-09-23 12:31:45.286][I][AutoBaseFunction.py(wrapper):14] Screen.Menu_CreateExcel : new_excel_func 실행 종료
[2022-09-23 12:31:45.286][I][AutoBaseFunction.py(wrapper):7] Screen.Menu_CreateExcel : set_excel_func 실행 시작
[2022-09-23 12:31:45.286][I][AutoBaseFunction.py(wrapper):8] Parameter : 
[2022-09-23 12:31:45.287][I][AutoBaseFunction.py(wrapper):14] Screen.Menu_CreateExcel : set_excel_func 실행 종료
[2022-09-23 12:31:45.287][I][AutoBaseFunction.py(wrapper):14] Screen.Menu_CreateExcel : setupUI_CreateExcel 실행 종료
[2022-09-23 12:31:45.288][I][AutoBaseFunction.py(wrapper):7] Screen.Setup_Field : setupUI_Field 실행 시작
[2022-09-23 12:31:45.288][I][AutoBaseFunction.py(wrapper):8] Parameter : 
[2022-09-23 12:31:45.288][I][AutoBaseFunction.py(wrapper):7] Screen.Setup_Field : set_data 실행 시작
[2022-09-23 12:31:45.288][I][AutoBaseFunction.py(wrapper):8] Parameter : 
[2022-09-23 12:31:45.289][I][AutoBaseFunction.py(wrapper):14] Screen.Setup_Field : set_data 실행 종료
[2022-09-23 12:31:45.531][I][AutoBaseFunction.py(wrapper):7] Screen.Setup_Field : set_data 실행 시작
[2022-09-23 12:31:45.531][I][AutoBaseFunction.py(wrapper):8] Parameter : 
[2022-09-23 12:31:45.532][I][AutoBaseFunction.py(wrapper):14] Screen.Setup_Field : set_data 실행 종료
[2022-09-23 12:31:45.533][I][AutoBaseFunction.py(wrapper):7] Screen.Setup_Field : set_data 실행 시작
[2022-09-23 12:31:45.533][I][AutoBaseFunction.py(wrapper):8] Parameter : 
[2022-09-23 12:31:45.533][I][AutoBaseFunction.py(wrapper):14] Screen.Setup_Field : set_data 실행 종료
[2022-09-23 12:31:45.534][I][AutoBaseFunction.py(wrapper):7] Screen.Setup_Field : set_data 실행 시작
[2022-09-23 12:31:45.534][I][AutoBaseFunction.py(wrapper):8] Parameter : 
[2022-09-23 12:31:45.535][I][AutoBaseFunction.py(wrapper):14] Screen.Setup_Field : set_data 실행 종료
[2022-09-23 12:31:45.535][I][AutoBaseFunction.py(wrapper):7] Screen.Setup_Field : set_data 실행 시작
[2022-09-23 12:31:45.535][I][AutoBaseFunction.py(wrapper):8] Parameter : 
[2022-09-23 12:31:45.535][I][AutoBaseFunction.py(wrapper):14] Screen.Setup_Field : set_data 실행 종료
[2022-09-23 12:31:45.536][I][AutoBaseFunction.py(wrapper):7] Screen.Setup_Field : set_data 실행 시작
[2022-09-23 12:31:45.536][I][AutoBaseFunction.py(wrapper):8] Parameter : 
[2022-09-23 12:31:45.536][I][AutoBaseFunction.py(wrapper):14] Screen.Setup_Field : set_data 실행 종료
[2022-09-23 12:31:45.536][I][AutoBaseFunction.py(wrapper):7] Screen.Setup_Field : sl_set_slot 실행 시작
[2022-09-23 12:31:45.537][I][AutoBaseFunction.py(wrapper):8] Parameter : 
[2022-09-23 12:31:45.537][I][AutoBaseFunction.py(wrapper):14] Screen.Setup_Field : sl_set_slot 실행 종료
[2022-09-23 12:31:45.537][I][AutoBaseFunction.py(wrapper):14] Screen.Setup_Field : setupUI_Field 실행 종료
[2022-09-23 12:31:45.537][I][AutoBaseFunction.py(wrapper):7] Screen.Setup_TestList : setupUI_TestList 실행 시작
[2022-09-23 12:31:45.537][I][AutoBaseFunction.py(wrapper):8] Parameter : 
[2022-09-23 12:31:45.538][I][AutoBaseFunction.py(wrapper):7] Screen.Setup_TestList : btn_set_slot 실행 시작
[2022-09-23 12:31:45.538][I][AutoBaseFunction.py(wrapper):8] Parameter : 
[2022-09-23 12:31:45.538][I][AutoBaseFunction.py(wrapper):14] Screen.Setup_TestList : btn_set_slot 실행 종료
[2022-09-23 12:31:45.539][I][AutoBaseFunction.py(wrapper):14] Screen.Setup_TestList : setupUI_TestList 실행 종료
[2022-09-23 12:31:45.539][I][AutoBaseFunction.py(wrapper):14] __main__ : __wigets_setupUi 실행 종료
[2022-09-23 12:31:46.787][I][AutoBaseFunction.py(wrapper):7] __main__ : __sl_ui 실행 시작
[2022-09-23 12:31:46.787][I][AutoBaseFunction.py(wrapper):8] Parameter : False
[2022-09-23 12:31:46.788][I][AutoBaseFunction.py(wrapper):7] Screen.Setup_Language : setLang_Button 실행 시작
[2022-09-23 12:31:46.788][I][AutoBaseFunction.py(wrapper):8] Parameter : 
[2022-09-23 12:31:46.790][I][AutoBaseFunction.py(wrapper):14] Screen.Setup_Language : setLang_Button 실행 종료
[2022-09-23 12:31:46.805][I][AutoBaseFunction.py(wrapper):14] __main__ : __sl_ui 실행 종료
[2022-09-23 12:31:46.805][I][AutoBaseFunction.py(wrapper):7] __main__ : __sl_ui 실행 시작
[2022-09-23 12:31:46.806][I][AutoBaseFunction.py(wrapper):8] Parameter : False
[2022-09-23 12:31:46.806][I][AutoBaseFunction.py(wrapper):7] Screen.Setup_Language : setLang_Button 실행 시작
[2022-09-23 12:31:46.806][I][AutoBaseFunction.py(wrapper):8] Parameter : 
[2022-09-23 12:31:46.808][I][AutoBaseFunction.py(wrapper):14] Screen.Setup_Language : setLang_Button 실행 종료
[2022-09-23 12:31:46.808][I][AutoBaseFunction.py(wrapper):14] __main__ : __sl_ui 실행 종료
[2022-09-23 12:34:35.424][I][AutoBaseFunction.py(wrapper):7] Screen.Setup_Language : ok_Button_clicked 실행 시작
[2022-09-23 12:34:35.424][I][AutoBaseFunction.py(wrapper):8] Parameter : False
