[2022-09-22 09:06:14.659][D][LogManager.py(Init):12] LogManager Init function called !!!
[2022-09-22 09:06:14.671][I][AutoBaseFunction.py(wrapper):7] Screen.MainWindow : setupUi 실행 시작
[2022-09-22 09:06:14.671][I][AutoBaseFunction.py(wrapper):8] Parameter : 
[2022-09-22 09:06:14.685][I][AutoBaseFunction.py(wrapper):7] Screen.MainWindow : set_field 실행 시작
[2022-09-22 09:06:14.686][I][AutoBaseFunction.py(wrapper):8] Parameter : 
[2022-09-22 09:06:14.710][I][AutoBaseFunction.py(wrapper):14] Screen.MainWindow : set_field 실행 종료
[2022-09-22 09:06:14.711][I][AutoBaseFunction.py(wrapper):7] Screen.MainWindow : setWidget_func 실행 시작
[2022-09-22 09:06:14.711][I][AutoBaseFunction.py(wrapper):8] Parameter : 
[2022-09-22 09:06:14.713][I][AutoBaseFunction.py(wrapper):14] Screen.MainWindow : setWidget_func 실행 종료
[2022-09-22 09:06:14.715][I][AutoBaseFunction.py(wrapper):14] Screen.MainWindow : setupUi 실행 종료
[2022-09-22 09:06:14.720][I][AutoBaseFunction.py(wrapper):7] __main__ : __set_slot 실행 시작
[2022-09-22 09:06:14.720][I][AutoBaseFunction.py(wrapper):8] Parameter : 
[2022-09-22 09:06:14.721][I][AutoBaseFunction.py(wrapper):14] __main__ : __set_slot 실행 종료
[2022-09-22 09:06:14.721][I][AutoBaseFunction.py(wrapper):7] __main__ : __wigets_setupUi 실행 시작
[2022-09-22 09:06:14.721][I][AutoBaseFunction.py(wrapper):8] Parameter : 
[2022-09-22 09:06:14.721][I][AutoBaseFunction.py(wrapper):7] Screen.Setup_Language : setupUI_Language 실행 시작
[2022-09-22 09:06:14.722][I][AutoBaseFunction.py(wrapper):8] Parameter : 
[2022-09-22 09:06:14.723][I][AutoBaseFunction.py(wrapper):7] Screen.Setup_Language : sl_set_slot 실행 시작
[2022-09-22 09:06:14.723][I][AutoBaseFunction.py(wrapper):8] Parameter : 
[2022-09-22 09:06:14.723][I][AutoBaseFunction.py(wrapper):14] Screen.Setup_Language : sl_set_slot 실행 종료
[2022-09-22 09:06:14.723][I][AutoBaseFunction.py(wrapper):14] Screen.Setup_Language : setupUI_Language 실행 종료
[2022-09-22 09:06:14.724][I][AutoBaseFunction.py(wrapper):7] Screen.Menu_CreateExcel : setupUI_CreateExcel 실행 시작
[2022-09-22 09:06:14.724][I][AutoBaseFunction.py(wrapper):8] Parameter : 
[2022-09-22 09:06:14.725][I][AutoBaseFunction.py(wrapper):7] Screen.Menu_CreateExcel : new_excel_func 실행 시작
[2022-09-22 09:06:14.725][I][AutoBaseFunction.py(wrapper):8] Parameter : 
[2022-09-22 09:06:14.725][I][AutoBaseFunction.py(wrapper):14] Screen.Menu_CreateExcel : new_excel_func 실행 종료
[2022-09-22 09:06:14.725][I][AutoBaseFunction.py(wrapper):7] Screen.Menu_CreateExcel : set_excel_func 실행 시작
[2022-09-22 09:06:14.726][I][AutoBaseFunction.py(wrapper):8] Parameter : 
[2022-09-22 09:06:14.726][I][AutoBaseFunction.py(wrapper):14] Screen.Menu_CreateExcel : set_excel_func 실행 종료
[2022-09-22 09:06:14.726][I][AutoBaseFunction.py(wrapper):14] Screen.Menu_CreateExcel : setupUI_CreateExcel 실행 종료
[2022-09-22 09:06:14.727][I][AutoBaseFunction.py(wrapper):7] Screen.Setup_Field : setupUI_Field 실행 시작
[2022-09-22 09:06:14.727][I][AutoBaseFunction.py(wrapper):8] Parameter : 
[2022-09-22 09:06:14.727][I][AutoBaseFunction.py(wrapper):7] Screen.Setup_Field : set_data 실행 시작
[2022-09-22 09:06:14.728][I][AutoBaseFunction.py(wrapper):8] Parameter : 
[2022-09-22 09:06:14.728][I][AutoBaseFunction.py(wrapper):14] Screen.Setup_Field : set_data 실행 종료
[2022-09-22 09:06:14.962][I][AutoBaseFunction.py(wrapper):7] Screen.Setup_Field : set_data 실행 시작
[2022-09-22 09:06:14.962][I][AutoBaseFunction.py(wrapper):8] Parameter : 
[2022-09-22 09:06:14.963][I][AutoBaseFunction.py(wrapper):14] Screen.Setup_Field : set_data 실행 종료
[2022-09-22 09:06:14.963][I][AutoBaseFunction.py(wrapper):7] Screen.Setup_Field : set_data 실행 시작
[2022-09-22 09:06:14.963][I][AutoBaseFunction.py(wrapper):8] Parameter : 
[2022-09-22 09:06:14.964][I][AutoBaseFunction.py(wrapper):14] Screen.Setup_Field : set_data 실행 종료
[2022-09-22 09:06:14.964][I][AutoBaseFunction.py(wrapper):7] Screen.Setup_Field : set_data 실행 시작
[2022-09-22 09:06:14.964][I][AutoBaseFunction.py(wrapper):8] Parameter : 
[2022-09-22 09:06:14.964][I][AutoBaseFunction.py(wrapper):14] Screen.Setup_Field : set_data 실행 종료
[2022-09-22 09:06:14.964][I][AutoBaseFunction.py(wrapper):7] Screen.Setup_Field : set_data 실행 시작
[2022-09-22 09:06:14.965][I][AutoBaseFunction.py(wrapper):8] Parameter : 
[2022-09-22 09:06:14.965][I][AutoBaseFunction.py(wrapper):14] Screen.Setup_Field : set_data 실행 종료
[2022-09-22 09:06:14.965][I][AutoBaseFunction.py(wrapper):7] Screen.Setup_Field : set_data 실행 시작
[2022-09-22 09:06:14.965][I][AutoBaseFunction.py(wrapper):8] Parameter : 
[2022-09-22 09:06:14.966][I][AutoBaseFunction.py(wrapper):14] Screen.Setup_Field : set_data 실행 종료
[2022-09-22 09:06:14.966][I][AutoBaseFunction.py(wrapper):7] Screen.Setup_Field : sl_set_slot 실행 시작
[2022-09-22 09:06:14.966][I][AutoBaseFunction.py(wrapper):8] Parameter : 
[2022-09-22 09:06:14.966][I][AutoBaseFunction.py(wrapper):14] Screen.Setup_Field : sl_set_slot 실행 종료
[2022-09-22 09:06:14.967][I][AutoBaseFunction.py(wrapper):14] Screen.Setup_Field : setupUI_Field 실행 종료
[2022-09-22 09:06:14.967][I][AutoBaseFunction.py(wrapper):7] Screen.Setup_TestList : setupUI_TestList 실행 시작
[2022-09-22 09:06:14.967][I][AutoBaseFunction.py(wrapper):8] Parameter : 
[2022-09-22 09:06:14.968][I][AutoBaseFunction.py(wrapper):7] Screen.Setup_TestList : btn_set_slot 실행 시작
[2022-09-22 09:06:14.968][I][AutoBaseFunction.py(wrapper):8] Parameter : 
[2022-09-22 09:06:14.969][I][AutoBaseFunction.py(wrapper):14] Screen.Setup_TestList : btn_set_slot 실행 종료
[2022-09-22 09:06:14.969][I][AutoBaseFunction.py(wrapper):14] Screen.Setup_TestList : setupUI_TestList 실행 종료
[2022-09-22 09:06:14.969][I][AutoBaseFunction.py(wrapper):14] __main__ : __wigets_setupUi 실행 종료
[2022-09-22 09:06:24.033][I][AutoBaseFunction.py(wrapper):7] Screen.MainWindow : closeEvent 실행 시작
[2022-09-22 09:06:24.033][I][AutoBaseFunction.py(wrapper):8] Parameter : <PyQt5.QtGui.QCloseEvent object at 0x00000267C0E2CA68>
