[2022-09-27 16:50:57.411][D][LogManager.py(Init):12] LogManager Init function called !!!
[2022-09-27 16:50:57.511][I][AutoBaseFunction.py(wrapper):7] Screen.MainWindow : setupUi 실행 시작
[2022-09-27 16:50:57.512][I][AutoBaseFunction.py(wrapper):8] Parameter : 
[2022-09-27 16:50:57.663][I][AutoBaseFunction.py(wrapper):7] Screen.MainWindow : set_field 실행 시작
[2022-09-27 16:50:57.663][I][AutoBaseFunction.py(wrapper):8] Parameter : 
[2022-09-27 16:50:57.729][I][AutoBaseFunction.py(wrapper):14] Screen.MainWindow : set_field 실행 종료
[2022-09-27 16:50:57.729][I][AutoBaseFunction.py(wrapper):7] Screen.MainWindow : setWidget_func 실행 시작
[2022-09-27 16:50:57.730][I][AutoBaseFunction.py(wrapper):8] Parameter : 
[2022-09-27 16:50:57.731][I][AutoBaseFunction.py(wrapper):14] Screen.MainWindow : setWidget_func 실행 종료
[2022-09-27 16:50:57.734][I][AutoBaseFunction.py(wrapper):14] Screen.MainWindow : setupUi 실행 종료
[2022-09-27 16:50:57.740][I][AutoBaseFunction.py(wrapper):7] __main__ : __set_slot 실행 시작
[2022-09-27 16:50:57.741][I][AutoBaseFunction.py(wrapper):8] Parameter : 
[2022-09-27 16:50:57.742][I][AutoBaseFunction.py(wrapper):14] __main__ : __set_slot 실행 종료
[2022-09-27 16:50:57.742][I][AutoBaseFunction.py(wrapper):7] __main__ : __wigets_setupUi 실행 시작
[2022-09-27 16:50:57.742][I][AutoBaseFunction.py(wrapper):8] Parameter : 
[2022-09-27 16:50:57.742][I][AutoBaseFunction.py(wrapper):7] Screen.Setup_Language : setupUI_Language 실행 시작
[2022-09-27 16:50:57.743][I][AutoBaseFunction.py(wrapper):8] Parameter : 
[2022-09-27 16:50:57.743][I][AutoBaseFunction.py(wrapper):7] Screen.Setup_Language : sl_set_slot 실행 시작
[2022-09-27 16:50:57.744][I][AutoBaseFunction.py(wrapper):8] Parameter : 
[2022-09-27 16:50:57.744][I][AutoBaseFunction.py(wrapper):14] Screen.Setup_Language : sl_set_slot 실행 종료
[2022-09-27 16:50:57.744][I][AutoBaseFunction.py(wrapper):14] Screen.Setup_Language : setupUI_Language 실행 종료
[2022-09-27 16:50:57.745][I][AutoBaseFunction.py(wrapper):7] Screen.Menu_CreateExcel : setupUI_CreateExcel 실행 시작
[2022-09-27 16:50:57.745][I][AutoBaseFunction.py(wrapper):8] Parameter : 
[2022-09-27 16:50:57.746][I][AutoBaseFunction.py(wrapper):7] Screen.Menu_CreateExcel : new_excel_func 실행 시작
[2022-09-27 16:50:57.746][I][AutoBaseFunction.py(wrapper):8] Parameter : 
[2022-09-27 16:50:57.747][I][AutoBaseFunction.py(wrapper):14] Screen.Menu_CreateExcel : new_excel_func 실행 종료
[2022-09-27 16:50:57.747][I][AutoBaseFunction.py(wrapper):7] Screen.Menu_CreateExcel : set_excel_func 실행 시작
[2022-09-27 16:50:57.747][I][AutoBaseFunction.py(wrapper):8] Parameter : 
[2022-09-27 16:50:57.747][I][AutoBaseFunction.py(wrapper):14] Screen.Menu_CreateExcel : set_excel_func 실행 종료
[2022-09-27 16:50:57.748][I][AutoBaseFunction.py(wrapper):14] Screen.Menu_CreateExcel : setupUI_CreateExcel 실행 종료
[2022-09-27 16:50:57.748][I][AutoBaseFunction.py(wrapper):7] Screen.Setup_Field : setupUI_Field 실행 시작
[2022-09-27 16:50:57.748][I][AutoBaseFunction.py(wrapper):8] Parameter : 
