[2022-09-23 17:23:50.869][D][LogManager.py(Init):12] LogManager Init function called !!!
[2022-09-23 17:23:50.881][I][AutoBaseFunction.py(wrapper):7] Screen.MainWindow : setupUi 실행 시작
[2022-09-23 17:23:50.881][I][AutoBaseFunction.py(wrapper):8] Parameter : 
[2022-09-23 17:23:50.898][I][AutoBaseFunction.py(wrapper):7] Screen.MainWindow : set_field 실행 시작
[2022-09-23 17:23:50.899][I][AutoBaseFunction.py(wrapper):8] Parameter : 
[2022-09-23 17:23:50.927][I][AutoBaseFunction.py(wrapper):14] Screen.MainWindow : set_field 실행 종료
[2022-09-23 17:23:50.928][I][AutoBaseFunction.py(wrapper):7] Screen.MainWindow : setWidget_func 실행 시작
[2022-09-23 17:23:50.928][I][AutoBaseFunction.py(wrapper):8] Parameter : 
[2022-09-23 17:23:50.930][I][AutoBaseFunction.py(wrapper):14] Screen.MainWindow : setWidget_func 실행 종료
[2022-09-23 17:23:50.932][I][AutoBaseFunction.py(wrapper):14] Screen.MainWindow : setupUi 실행 종료
[2022-09-23 17:23:50.938][I][AutoBaseFunction.py(wrapper):7] __main__ : __set_slot 실행 시작
[2022-09-23 17:23:50.938][I][AutoBaseFunction.py(wrapper):8] Parameter : 
[2022-09-23 17:23:50.938][I][AutoBaseFunction.py(wrapper):14] __main__ : __set_slot 실행 종료
[2022-09-23 17:23:50.939][I][AutoBaseFunction.py(wrapper):7] __main__ : __wigets_setupUi 실행 시작
[2022-09-23 17:23:50.939][I][AutoBaseFunction.py(wrapper):8] Parameter : 
[2022-09-23 17:23:50.939][I][AutoBaseFunction.py(wrapper):7] Screen.Setup_Language : setupUI_Language 실행 시작
[2022-09-23 17:23:50.940][I][AutoBaseFunction.py(wrapper):8] Parameter : 
[2022-09-23 17:23:50.940][I][AutoBaseFunction.py(wrapper):7] Screen.Setup_Language : sl_set_slot 실행 시작
[2022-09-23 17:23:50.941][I][AutoBaseFunction.py(wrapper):8] Parameter : 
[2022-09-23 17:23:50.941][I][AutoBaseFunction.py(wrapper):14] Screen.Setup_Language : sl_set_slot 실행 종료
[2022-09-23 17:23:50.941][I][AutoBaseFunction.py(wrapper):14] Screen.Setup_Language : setupUI_Language 실행 종료
[2022-09-23 17:23:50.942][I][AutoBaseFunction.py(wrapper):7] Screen.Menu_CreateExcel : setupUI_CreateExcel 실행 시작
[2022-09-23 17:23:50.942][I][AutoBaseFunction.py(wrapper):8] Parameter : 
[2022-09-23 17:23:50.943][I][AutoBaseFunction.py(wrapper):7] Screen.Menu_CreateExcel : new_excel_func 실행 시작
[2022-09-23 17:23:50.943][I][AutoBaseFunction.py(wrapper):8] Parameter : 
[2022-09-23 17:23:50.943][I][AutoBaseFunction.py(wrapper):14] Screen.Menu_CreateExcel : new_excel_func 실행 종료
[2022-09-23 17:23:50.944][I][AutoBaseFunction.py(wrapper):7] Screen.Menu_CreateExcel : set_excel_func 실행 시작
[2022-09-23 17:23:50.944][I][AutoBaseFunction.py(wrapper):8] Parameter : 
[2022-09-23 17:23:50.945][I][AutoBaseFunction.py(wrapper):14] Screen.Menu_CreateExcel : set_excel_func 실행 종료
[2022-09-23 17:23:50.945][I][AutoBaseFunction.py(wrapper):14] Screen.Menu_CreateExcel : setupUI_CreateExcel 실행 종료
[2022-09-23 17:23:50.945][I][AutoBaseFunction.py(wrapper):7] Screen.Setup_Field : setupUI_Field 실행 시작
[2022-09-23 17:23:50.945][I][AutoBaseFunction.py(wrapper):8] Parameter : 
[2022-09-23 17:23:50.946][I][AutoBaseFunction.py(wrapper):7] Screen.Setup_Field : set_data 실행 시작
[2022-09-23 17:23:50.946][I][AutoBaseFunction.py(wrapper):8] Parameter : 
[2022-09-23 17:23:50.947][I][AutoBaseFunction.py(wrapper):14] Screen.Setup_Field : set_data 실행 종료
[2022-09-23 17:23:51.196][I][AutoBaseFunction.py(wrapper):7] Screen.Setup_Field : set_data 실행 시작
[2022-09-23 17:23:51.196][I][AutoBaseFunction.py(wrapper):8] Parameter : 
[2022-09-23 17:23:51.196][I][AutoBaseFunction.py(wrapper):14] Screen.Setup_Field : set_data 실행 종료
[2022-09-23 17:23:51.197][I][AutoBaseFunction.py(wrapper):7] Screen.Setup_Field : set_data 실행 시작
[2022-09-23 17:23:51.197][I][AutoBaseFunction.py(wrapper):8] Parameter : 
[2022-09-23 17:23:51.197][I][AutoBaseFunction.py(wrapper):14] Screen.Setup_Field : set_data 실행 종료
[2022-09-23 17:23:51.198][I][AutoBaseFunction.py(wrapper):7] Screen.Setup_Field : set_data 실행 시작
[2022-09-23 17:23:51.198][I][AutoBaseFunction.py(wrapper):8] Parameter : 
[2022-09-23 17:23:51.199][I][AutoBaseFunction.py(wrapper):14] Screen.Setup_Field : set_data 실행 종료
[2022-09-23 17:23:51.199][I][AutoBaseFunction.py(wrapper):7] Screen.Setup_Field : set_data 실행 시작
[2022-09-23 17:23:51.199][I][AutoBaseFunction.py(wrapper):8] Parameter : 
[2022-09-23 17:23:51.199][I][AutoBaseFunction.py(wrapper):14] Screen.Setup_Field : set_data 실행 종료
[2022-09-23 17:23:51.200][I][AutoBaseFunction.py(wrapper):7] Screen.Setup_Field : set_data 실행 시작
[2022-09-23 17:23:51.200][I][AutoBaseFunction.py(wrapper):8] Parameter : 
[2022-09-23 17:23:51.200][I][AutoBaseFunction.py(wrapper):14] Screen.Setup_Field : set_data 실행 종료
[2022-09-23 17:23:51.200][I][AutoBaseFunction.py(wrapper):7] Screen.Setup_Field : sl_set_slot 실행 시작
[2022-09-23 17:23:51.201][I][AutoBaseFunction.py(wrapper):8] Parameter : 
[2022-09-23 17:23:51.201][I][AutoBaseFunction.py(wrapper):14] Screen.Setup_Field : sl_set_slot 실행 종료
[2022-09-23 17:23:51.201][I][AutoBaseFunction.py(wrapper):14] Screen.Setup_Field : setupUI_Field 실행 종료
[2022-09-23 17:23:51.201][I][AutoBaseFunction.py(wrapper):7] Screen.Setup_TestList : setupUI_TestList 실행 시작
[2022-09-23 17:23:51.201][I][AutoBaseFunction.py(wrapper):8] Parameter : 
[2022-09-23 17:23:51.202][I][AutoBaseFunction.py(wrapper):7] Screen.Setup_TestList : btn_set_slot 실행 시작
[2022-09-23 17:23:51.202][I][AutoBaseFunction.py(wrapper):8] Parameter : 
[2022-09-23 17:23:51.203][I][AutoBaseFunction.py(wrapper):14] Screen.Setup_TestList : btn_set_slot 실행 종료
[2022-09-23 17:23:51.203][I][AutoBaseFunction.py(wrapper):14] Screen.Setup_TestList : setupUI_TestList 실행 종료
[2022-09-23 17:23:51.203][I][AutoBaseFunction.py(wrapper):14] __main__ : __wigets_setupUi 실행 종료
[2022-09-23 17:23:52.895][I][AutoBaseFunction.py(wrapper):7] __main__ : __sf_ui 실행 시작
[2022-09-23 17:23:52.896][I][AutoBaseFunction.py(wrapper):8] Parameter : False
