[2022-09-22 08:59:09.693][D][LogManager.py(Init):12] LogManager Init function called !!!
[2022-09-22 08:59:09.706][I][AutoBaseFunction.py(wrapper):7] Screen.MainWindow : setupUi 실행 시작
[2022-09-22 08:59:09.707][I][AutoBaseFunction.py(wrapper):8] Parameter : 
[2022-09-22 08:59:09.722][I][AutoBaseFunction.py(wrapper):7] Screen.MainWindow : set_field 실행 시작
[2022-09-22 08:59:09.723][I][AutoBaseFunction.py(wrapper):8] Parameter : 
[2022-09-22 08:59:09.751][I][AutoBaseFunction.py(wrapper):14] Screen.MainWindow : set_field 실행 종료
[2022-09-22 08:59:09.751][I][AutoBaseFunction.py(wrapper):7] Screen.MainWindow : setWidget_func 실행 시작
[2022-09-22 08:59:09.751][I][AutoBaseFunction.py(wrapper):8] Parameter : 
[2022-09-22 08:59:09.753][I][AutoBaseFunction.py(wrapper):14] Screen.MainWindow : setWidget_func 실행 종료
[2022-09-22 08:59:09.756][I][AutoBaseFunction.py(wrapper):14] Screen.MainWindow : setupUi 실행 종료
[2022-09-22 08:59:09.762][I][AutoBaseFunction.py(wrapper):7] __main__ : __set_slot 실행 시작
[2022-09-22 08:59:09.762][I][AutoBaseFunction.py(wrapper):8] Parameter : 
[2022-09-22 08:59:09.762][I][AutoBaseFunction.py(wrapper):14] __main__ : __set_slot 실행 종료
[2022-09-22 08:59:09.763][I][AutoBaseFunction.py(wrapper):7] __main__ : __wigets_setupUi 실행 시작
[2022-09-22 08:59:09.763][I][AutoBaseFunction.py(wrapper):8] Parameter : 
[2022-09-22 08:59:09.763][I][AutoBaseFunction.py(wrapper):7] Screen.Setup_Language : setupUI_Language 실행 시작
[2022-09-22 08:59:09.763][I][AutoBaseFunction.py(wrapper):8] Parameter : 
[2022-09-22 08:59:09.764][I][AutoBaseFunction.py(wrapper):7] Screen.Setup_Language : sl_set_slot 실행 시작
[2022-09-22 08:59:09.765][I][AutoBaseFunction.py(wrapper):8] Parameter : 
[2022-09-22 08:59:09.765][I][AutoBaseFunction.py(wrapper):14] Screen.Setup_Language : sl_set_slot 실행 종료
[2022-09-22 08:59:09.765][I][AutoBaseFunction.py(wrapper):14] Screen.Setup_Language : setupUI_Language 실행 종료
[2022-09-22 08:59:09.766][I][AutoBaseFunction.py(wrapper):7] Screen.Menu_CreateExcel : setupUI_CreateExcel 실행 시작
[2022-09-22 08:59:09.766][I][AutoBaseFunction.py(wrapper):8] Parameter : 
[2022-09-22 08:59:09.768][I][AutoBaseFunction.py(wrapper):7] Screen.Menu_CreateExcel : new_excel_func 실행 시작
[2022-09-22 08:59:09.768][I][AutoBaseFunction.py(wrapper):8] Parameter : 
[2022-09-22 08:59:09.769][I][AutoBaseFunction.py(wrapper):14] Screen.Menu_CreateExcel : new_excel_func 실행 종료
[2022-09-22 08:59:09.769][I][AutoBaseFunction.py(wrapper):7] Screen.Menu_CreateExcel : set_excel_func 실행 시작
[2022-09-22 08:59:09.769][I][AutoBaseFunction.py(wrapper):8] Parameter : 
[2022-09-22 08:59:09.770][I][AutoBaseFunction.py(wrapper):14] Screen.Menu_CreateExcel : set_excel_func 실행 종료
[2022-09-22 08:59:09.770][I][AutoBaseFunction.py(wrapper):14] Screen.Menu_CreateExcel : setupUI_CreateExcel 실행 종료
[2022-09-22 08:59:09.770][I][AutoBaseFunction.py(wrapper):7] Screen.Setup_Field : setupUI_Field 실행 시작
[2022-09-22 08:59:09.770][I][AutoBaseFunction.py(wrapper):8] Parameter : 
[2022-09-22 08:59:09.771][I][AutoBaseFunction.py(wrapper):7] Screen.Setup_Field : set_data 실행 시작
[2022-09-22 08:59:09.771][I][AutoBaseFunction.py(wrapper):8] Parameter : 
[2022-09-22 08:59:09.772][I][AutoBaseFunction.py(wrapper):14] Screen.Setup_Field : set_data 실행 종료
[2022-09-22 08:59:10.001][I][AutoBaseFunction.py(wrapper):7] Screen.Setup_Field : set_data 실행 시작
[2022-09-22 08:59:10.002][I][AutoBaseFunction.py(wrapper):8] Parameter : 
[2022-09-22 08:59:10.002][I][AutoBaseFunction.py(wrapper):14] Screen.Setup_Field : set_data 실행 종료
[2022-09-22 08:59:10.003][I][AutoBaseFunction.py(wrapper):7] Screen.Setup_Field : set_data 실행 시작
[2022-09-22 08:59:10.003][I][AutoBaseFunction.py(wrapper):8] Parameter : 
[2022-09-22 08:59:10.003][I][AutoBaseFunction.py(wrapper):14] Screen.Setup_Field : set_data 실행 종료
[2022-09-22 08:59:10.004][I][AutoBaseFunction.py(wrapper):7] Screen.Setup_Field : set_data 실행 시작
[2022-09-22 08:59:10.004][I][AutoBaseFunction.py(wrapper):8] Parameter : 
[2022-09-22 08:59:10.004][I][AutoBaseFunction.py(wrapper):14] Screen.Setup_Field : set_data 실행 종료
[2022-09-22 08:59:10.005][I][AutoBaseFunction.py(wrapper):7] Screen.Setup_Field : set_data 실행 시작
[2022-09-22 08:59:10.005][I][AutoBaseFunction.py(wrapper):8] Parameter : 
[2022-09-22 08:59:10.006][I][AutoBaseFunction.py(wrapper):14] Screen.Setup_Field : set_data 실행 종료
[2022-09-22 08:59:10.006][I][AutoBaseFunction.py(wrapper):7] Screen.Setup_Field : set_data 실행 시작
[2022-09-22 08:59:10.006][I][AutoBaseFunction.py(wrapper):8] Parameter : 
[2022-09-22 08:59:10.006][I][AutoBaseFunction.py(wrapper):14] Screen.Setup_Field : set_data 실행 종료
[2022-09-22 08:59:10.007][I][AutoBaseFunction.py(wrapper):7] Screen.Setup_Field : sl_set_slot 실행 시작
[2022-09-22 08:59:10.007][I][AutoBaseFunction.py(wrapper):8] Parameter : 
[2022-09-22 08:59:10.007][I][AutoBaseFunction.py(wrapper):14] Screen.Setup_Field : sl_set_slot 실행 종료
[2022-09-22 08:59:10.007][I][AutoBaseFunction.py(wrapper):14] Screen.Setup_Field : setupUI_Field 실행 종료
[2022-09-22 08:59:10.008][I][AutoBaseFunction.py(wrapper):7] Screen.Setup_TestList : setupUI_TestList 실행 시작
[2022-09-22 08:59:10.008][I][AutoBaseFunction.py(wrapper):8] Parameter : 
[2022-09-22 08:59:10.009][I][AutoBaseFunction.py(wrapper):7] Screen.Setup_TestList : btn_set_slot 실행 시작
[2022-09-22 08:59:10.009][I][AutoBaseFunction.py(wrapper):8] Parameter : 
[2022-09-22 08:59:10.009][I][AutoBaseFunction.py(wrapper):14] Screen.Setup_TestList : btn_set_slot 실행 종료
[2022-09-22 08:59:10.009][I][AutoBaseFunction.py(wrapper):14] Screen.Setup_TestList : setupUI_TestList 실행 종료
[2022-09-22 08:59:10.010][I][AutoBaseFunction.py(wrapper):14] __main__ : __wigets_setupUi 실행 종료
[2022-09-22 09:02:25.465][I][AutoBaseFunction.py(wrapper):7] Screen.MainWindow : closeEvent 실행 시작
[2022-09-22 09:02:25.465][I][AutoBaseFunction.py(wrapper):8] Parameter : <PyQt5.QtGui.QCloseEvent object at 0x000002202ECDEA68>
