[2022-09-26 18:54:52.584][D][LogManager.py(Init):12] LogManager Init function called !!!
[2022-09-26 18:54:52.596][I][AutoBaseFunction.py(wrapper):7] Screen.MainWindow : setupUi 실행 시작
[2022-09-26 18:54:52.596][I][AutoBaseFunction.py(wrapper):8] Parameter : 
[2022-09-26 18:54:52.613][I][AutoBaseFunction.py(wrapper):7] Screen.MainWindow : set_field 실행 시작
[2022-09-26 18:54:52.614][I][AutoBaseFunction.py(wrapper):8] Parameter : 
[2022-09-26 18:54:52.639][I][AutoBaseFunction.py(wrapper):14] Screen.MainWindow : set_field 실행 종료
[2022-09-26 18:54:52.640][I][AutoBaseFunction.py(wrapper):7] Screen.MainWindow : setWidget_func 실행 시작
[2022-09-26 18:54:52.640][I][AutoBaseFunction.py(wrapper):8] Parameter : 
[2022-09-26 18:54:52.641][I][AutoBaseFunction.py(wrapper):14] Screen.MainWindow : setWidget_func 실행 종료
[2022-09-26 18:54:52.643][I][AutoBaseFunction.py(wrapper):14] Screen.MainWindow : setupUi 실행 종료
[2022-09-26 18:54:52.649][I][AutoBaseFunction.py(wrapper):7] __main__ : __set_slot 실행 시작
[2022-09-26 18:54:52.650][I][AutoBaseFunction.py(wrapper):8] Parameter : 
[2022-09-26 18:54:52.650][I][AutoBaseFunction.py(wrapper):14] __main__ : __set_slot 실행 종료
[2022-09-26 18:54:52.651][I][AutoBaseFunction.py(wrapper):7] __main__ : __wigets_setupUi 실행 시작
[2022-09-26 18:54:52.651][I][AutoBaseFunction.py(wrapper):8] Parameter : 
[2022-09-26 18:54:52.651][I][AutoBaseFunction.py(wrapper):7] Screen.Setup_Language : setupUI_Language 실행 시작
[2022-09-26 18:54:52.651][I][AutoBaseFunction.py(wrapper):8] Parameter : 
[2022-09-26 18:54:52.652][I][AutoBaseFunction.py(wrapper):7] Screen.Setup_Language : sl_set_slot 실행 시작
[2022-09-26 18:54:52.652][I][AutoBaseFunction.py(wrapper):8] Parameter : 
[2022-09-26 18:54:52.653][I][AutoBaseFunction.py(wrapper):14] Screen.Setup_Language : sl_set_slot 실행 종료
[2022-09-26 18:54:52.653][I][AutoBaseFunction.py(wrapper):14] Screen.Setup_Language : setupUI_Language 실행 종료
[2022-09-26 18:54:52.653][I][AutoBaseFunction.py(wrapper):7] Screen.Menu_CreateExcel : setupUI_CreateExcel 실행 시작
[2022-09-26 18:54:52.654][I][AutoBaseFunction.py(wrapper):8] Parameter : 
[2022-09-26 18:54:52.654][I][AutoBaseFunction.py(wrapper):7] Screen.Menu_CreateExcel : new_excel_func 실행 시작
[2022-09-26 18:54:52.655][I][AutoBaseFunction.py(wrapper):8] Parameter : 
[2022-09-26 18:54:52.655][I][AutoBaseFunction.py(wrapper):14] Screen.Menu_CreateExcel : new_excel_func 실행 종료
[2022-09-26 18:54:52.656][I][AutoBaseFunction.py(wrapper):7] Screen.Menu_CreateExcel : set_excel_func 실행 시작
[2022-09-26 18:54:52.656][I][AutoBaseFunction.py(wrapper):8] Parameter : 
[2022-09-26 18:54:52.656][I][AutoBaseFunction.py(wrapper):14] Screen.Menu_CreateExcel : set_excel_func 실행 종료
[2022-09-26 18:54:52.656][I][AutoBaseFunction.py(wrapper):14] Screen.Menu_CreateExcel : setupUI_CreateExcel 실행 종료
[2022-09-26 18:54:52.657][I][AutoBaseFunction.py(wrapper):7] Screen.Setup_Field : setupUI_Field 실행 시작
[2022-09-26 18:54:52.657][I][AutoBaseFunction.py(wrapper):8] Parameter : 
[2022-09-26 18:54:52.657][I][AutoBaseFunction.py(wrapper):7] Screen.Setup_Field : set_data 실행 시작
[2022-09-26 18:54:52.657][I][AutoBaseFunction.py(wrapper):8] Parameter : 
[2022-09-26 18:54:52.658][I][AutoBaseFunction.py(wrapper):14] Screen.Setup_Field : set_data 실행 종료
[2022-09-26 18:54:52.895][I][AutoBaseFunction.py(wrapper):7] Screen.Setup_Field : set_data 실행 시작
[2022-09-26 18:54:52.895][I][AutoBaseFunction.py(wrapper):8] Parameter : 
[2022-09-26 18:54:52.896][I][AutoBaseFunction.py(wrapper):14] Screen.Setup_Field : set_data 실행 종료
[2022-09-26 18:54:52.896][I][AutoBaseFunction.py(wrapper):7] Screen.Setup_Field : set_data 실행 시작
[2022-09-26 18:54:52.896][I][AutoBaseFunction.py(wrapper):8] Parameter : 
[2022-09-26 18:54:52.896][I][AutoBaseFunction.py(wrapper):14] Screen.Setup_Field : set_data 실행 종료
[2022-09-26 18:54:52.897][I][AutoBaseFunction.py(wrapper):7] Screen.Setup_Field : set_data 실행 시작
[2022-09-26 18:54:52.897][I][AutoBaseFunction.py(wrapper):8] Parameter : 
[2022-09-26 18:54:52.897][I][AutoBaseFunction.py(wrapper):14] Screen.Setup_Field : set_data 실행 종료
[2022-09-26 18:54:52.898][I][AutoBaseFunction.py(wrapper):7] Screen.Setup_Field : set_data 실행 시작
[2022-09-26 18:54:52.898][I][AutoBaseFunction.py(wrapper):8] Parameter : 
[2022-09-26 18:54:52.898][I][AutoBaseFunction.py(wrapper):14] Screen.Setup_Field : set_data 실행 종료
[2022-09-26 18:54:52.898][I][AutoBaseFunction.py(wrapper):7] Screen.Setup_Field : set_data 실행 시작
[2022-09-26 18:54:52.899][I][AutoBaseFunction.py(wrapper):8] Parameter : 
[2022-09-26 18:54:52.899][I][AutoBaseFunction.py(wrapper):14] Screen.Setup_Field : set_data 실행 종료
[2022-09-26 18:54:52.899][I][AutoBaseFunction.py(wrapper):7] Screen.Setup_Field : sl_set_slot 실행 시작
[2022-09-26 18:54:52.899][I][AutoBaseFunction.py(wrapper):8] Parameter : 
[2022-09-26 18:54:52.900][I][AutoBaseFunction.py(wrapper):14] Screen.Setup_Field : sl_set_slot 실행 종료
[2022-09-26 18:54:52.900][I][AutoBaseFunction.py(wrapper):14] Screen.Setup_Field : setupUI_Field 실행 종료
[2022-09-26 18:54:52.900][I][AutoBaseFunction.py(wrapper):7] Screen.Setup_TestList : setupUI_TestList 실행 시작
[2022-09-26 18:54:52.900][I][AutoBaseFunction.py(wrapper):8] Parameter : 
[2022-09-26 18:54:52.901][I][AutoBaseFunction.py(wrapper):7] Screen.Setup_TestList : btn_set_slot 실행 시작
[2022-09-26 18:54:52.901][I][AutoBaseFunction.py(wrapper):8] Parameter : 
[2022-09-26 18:54:52.902][I][AutoBaseFunction.py(wrapper):14] Screen.Setup_TestList : btn_set_slot 실행 종료
[2022-09-26 18:54:52.902][I][AutoBaseFunction.py(wrapper):14] Screen.Setup_TestList : setupUI_TestList 실행 종료
[2022-09-26 18:54:52.902][I][AutoBaseFunction.py(wrapper):14] __main__ : __wigets_setupUi 실행 종료
[2022-09-26 18:54:56.232][I][AutoBaseFunction.py(wrapper):7] __main__ : __sl_ui 실행 시작
[2022-09-26 18:54:56.233][I][AutoBaseFunction.py(wrapper):8] Parameter : False
[2022-09-26 18:54:56.233][I][AutoBaseFunction.py(wrapper):7] Screen.Setup_Language : setLang_Button 실행 시작
[2022-09-26 18:54:56.234][I][AutoBaseFunction.py(wrapper):8] Parameter : 
[2022-09-26 18:54:56.236][I][AutoBaseFunction.py(wrapper):14] Screen.Setup_Language : setLang_Button 실행 종료
[2022-09-26 18:54:56.246][I][AutoBaseFunction.py(wrapper):14] __main__ : __sl_ui 실행 종료
[2022-09-26 18:56:10.429][I][AutoBaseFunction.py(wrapper):7] Screen.Setup_Language : closeEvent 실행 시작
[2022-09-26 18:56:10.430][I][AutoBaseFunction.py(wrapper):8] Parameter : <PyQt5.QtGui.QCloseEvent object at 0x000002247221BA68>
[2022-09-26 18:56:11.347][I][AutoBaseFunction.py(wrapper):14] Screen.Setup_Language : closeEvent 실행 종료
[2022-09-26 18:56:13.493][I][AutoBaseFunction.py(wrapper):7] Screen.MainWindow : closeEvent 실행 시작
[2022-09-26 18:56:13.494][I][AutoBaseFunction.py(wrapper):8] Parameter : <PyQt5.QtGui.QCloseEvent object at 0x000002247221BA68>
