[2022-09-22 09:49:05.832][D][LogManager.py(Init):12] LogManager Init function called !!!
[2022-09-22 09:49:05.846][I][AutoBaseFunction.py(wrapper):7] Screen.MainWindow : setupUi 실행 시작
[2022-09-22 09:49:05.846][I][AutoBaseFunction.py(wrapper):8] Parameter : 
[2022-09-22 09:49:05.862][I][AutoBaseFunction.py(wrapper):7] Screen.MainWindow : set_field 실행 시작
[2022-09-22 09:49:05.863][I][AutoBaseFunction.py(wrapper):8] Parameter : 
[2022-09-22 09:49:05.892][I][AutoBaseFunction.py(wrapper):14] Screen.MainWindow : set_field 실행 종료
[2022-09-22 09:49:05.892][I][AutoBaseFunction.py(wrapper):7] Screen.MainWindow : setWidget_func 실행 시작
[2022-09-22 09:49:05.892][I][AutoBaseFunction.py(wrapper):8] Parameter : 
[2022-09-22 09:49:05.894][I][AutoBaseFunction.py(wrapper):14] Screen.MainWindow : setWidget_func 실행 종료
[2022-09-22 09:49:05.897][I][AutoBaseFunction.py(wrapper):14] Screen.MainWindow : setupUi 실행 종료
[2022-09-22 09:49:05.908][I][AutoBaseFunction.py(wrapper):7] __main__ : __set_slot 실행 시작
[2022-09-22 09:49:05.908][I][AutoBaseFunction.py(wrapper):8] Parameter : 
[2022-09-22 09:49:05.909][I][AutoBaseFunction.py(wrapper):14] __main__ : __set_slot 실행 종료
[2022-09-22 09:49:05.909][I][AutoBaseFunction.py(wrapper):7] __main__ : __wigets_setupUi 실행 시작
[2022-09-22 09:49:05.909][I][AutoBaseFunction.py(wrapper):8] Parameter : 
[2022-09-22 09:49:05.909][I][AutoBaseFunction.py(wrapper):7] Screen.Setup_Language : setupUI_Language 실행 시작
[2022-09-22 09:49:05.910][I][AutoBaseFunction.py(wrapper):8] Parameter : 
[2022-09-22 09:49:05.910][I][AutoBaseFunction.py(wrapper):7] Screen.Setup_Language : sl_set_slot 실행 시작
[2022-09-22 09:49:05.911][I][AutoBaseFunction.py(wrapper):8] Parameter : 
[2022-09-22 09:49:05.911][I][AutoBaseFunction.py(wrapper):14] Screen.Setup_Language : sl_set_slot 실행 종료
[2022-09-22 09:49:05.911][I][AutoBaseFunction.py(wrapper):14] Screen.Setup_Language : setupUI_Language 실행 종료
[2022-09-22 09:49:05.911][I][AutoBaseFunction.py(wrapper):7] Screen.Menu_CreateExcel : setupUI_CreateExcel 실행 시작
[2022-09-22 09:49:05.912][I][AutoBaseFunction.py(wrapper):8] Parameter : 
[2022-09-22 09:49:05.913][I][AutoBaseFunction.py(wrapper):7] Screen.Menu_CreateExcel : new_excel_func 실행 시작
[2022-09-22 09:49:05.913][I][AutoBaseFunction.py(wrapper):8] Parameter : 
[2022-09-22 09:49:05.913][I][AutoBaseFunction.py(wrapper):14] Screen.Menu_CreateExcel : new_excel_func 실행 종료
[2022-09-22 09:49:05.914][I][AutoBaseFunction.py(wrapper):7] Screen.Menu_CreateExcel : set_excel_func 실행 시작
[2022-09-22 09:49:05.914][I][AutoBaseFunction.py(wrapper):8] Parameter : 
[2022-09-22 09:49:05.914][I][AutoBaseFunction.py(wrapper):14] Screen.Menu_CreateExcel : set_excel_func 실행 종료
[2022-09-22 09:49:05.915][I][AutoBaseFunction.py(wrapper):14] Screen.Menu_CreateExcel : setupUI_CreateExcel 실행 종료
[2022-09-22 09:49:05.915][I][AutoBaseFunction.py(wrapper):7] Screen.Setup_Field : setupUI_Field 실행 시작
[2022-09-22 09:49:05.915][I][AutoBaseFunction.py(wrapper):8] Parameter : 
[2022-09-22 09:49:05.916][I][AutoBaseFunction.py(wrapper):7] Screen.Setup_Field : set_data 실행 시작
[2022-09-22 09:49:05.916][I][AutoBaseFunction.py(wrapper):8] Parameter : 
[2022-09-22 09:49:05.917][I][AutoBaseFunction.py(wrapper):14] Screen.Setup_Field : set_data 실행 종료
[2022-09-22 09:49:06.152][I][AutoBaseFunction.py(wrapper):7] Screen.Setup_Field : set_data 실행 시작
[2022-09-22 09:49:06.153][I][AutoBaseFunction.py(wrapper):8] Parameter : 
[2022-09-22 09:49:06.153][I][AutoBaseFunction.py(wrapper):14] Screen.Setup_Field : set_data 실행 종료
[2022-09-22 09:49:06.154][I][AutoBaseFunction.py(wrapper):7] Screen.Setup_Field : set_data 실행 시작
[2022-09-22 09:49:06.154][I][AutoBaseFunction.py(wrapper):8] Parameter : 
[2022-09-22 09:49:06.154][I][AutoBaseFunction.py(wrapper):14] Screen.Setup_Field : set_data 실행 종료
[2022-09-22 09:49:06.154][I][AutoBaseFunction.py(wrapper):7] Screen.Setup_Field : set_data 실행 시작
[2022-09-22 09:49:06.155][I][AutoBaseFunction.py(wrapper):8] Parameter : 
[2022-09-22 09:49:06.155][I][AutoBaseFunction.py(wrapper):14] Screen.Setup_Field : set_data 실행 종료
[2022-09-22 09:49:06.155][I][AutoBaseFunction.py(wrapper):7] Screen.Setup_Field : set_data 실행 시작
[2022-09-22 09:49:06.156][I][AutoBaseFunction.py(wrapper):8] Parameter : 
[2022-09-22 09:49:06.156][I][AutoBaseFunction.py(wrapper):14] Screen.Setup_Field : set_data 실행 종료
[2022-09-22 09:49:06.156][I][AutoBaseFunction.py(wrapper):7] Screen.Setup_Field : set_data 실행 시작
[2022-09-22 09:49:06.156][I][AutoBaseFunction.py(wrapper):8] Parameter : 
[2022-09-22 09:49:06.157][I][AutoBaseFunction.py(wrapper):14] Screen.Setup_Field : set_data 실행 종료
[2022-09-22 09:49:06.157][I][AutoBaseFunction.py(wrapper):7] Screen.Setup_Field : sl_set_slot 실행 시작
[2022-09-22 09:49:06.157][I][AutoBaseFunction.py(wrapper):8] Parameter : 
[2022-09-22 09:49:06.157][I][AutoBaseFunction.py(wrapper):14] Screen.Setup_Field : sl_set_slot 실행 종료
[2022-09-22 09:49:06.158][I][AutoBaseFunction.py(wrapper):14] Screen.Setup_Field : setupUI_Field 실행 종료
[2022-09-22 09:49:06.158][I][AutoBaseFunction.py(wrapper):7] Screen.Setup_TestList : setupUI_TestList 실행 시작
[2022-09-22 09:49:06.158][I][AutoBaseFunction.py(wrapper):8] Parameter : 
[2022-09-22 09:49:06.159][I][AutoBaseFunction.py(wrapper):7] Screen.Setup_TestList : btn_set_slot 실행 시작
[2022-09-22 09:49:06.159][I][AutoBaseFunction.py(wrapper):8] Parameter : 
[2022-09-22 09:49:06.159][I][AutoBaseFunction.py(wrapper):14] Screen.Setup_TestList : btn_set_slot 실행 종료
[2022-09-22 09:49:06.160][I][AutoBaseFunction.py(wrapper):14] Screen.Setup_TestList : setupUI_TestList 실행 종료
[2022-09-22 09:49:06.160][I][AutoBaseFunction.py(wrapper):14] __main__ : __wigets_setupUi 실행 종료
[2022-09-22 09:49:12.800][I][AutoBaseFunction.py(wrapper):7] Screen.MainWindow : closeEvent 실행 시작
[2022-09-22 09:49:12.800][I][AutoBaseFunction.py(wrapper):8] Parameter : <PyQt5.QtGui.QCloseEvent object at 0x0000025B46E5DA68>
