[2022-09-26 16:26:37.474][D][LogManager.py(Init):12] LogManager Init function called !!!
[2022-09-26 16:26:37.486][I][AutoBaseFunction.py(wrapper):7] Screen.MainWindow : setupUi 실행 시작
[2022-09-26 16:26:37.487][I][AutoBaseFunction.py(wrapper):8] Parameter : 
[2022-09-26 16:26:37.503][I][AutoBaseFunction.py(wrapper):7] Screen.MainWindow : set_field 실행 시작
[2022-09-26 16:26:37.504][I][AutoBaseFunction.py(wrapper):8] Parameter : 
[2022-09-26 16:26:37.530][I][AutoBaseFunction.py(wrapper):14] Screen.MainWindow : set_field 실행 종료
[2022-09-26 16:26:37.531][I][AutoBaseFunction.py(wrapper):7] Screen.MainWindow : setWidget_func 실행 시작
[2022-09-26 16:26:37.531][I][AutoBaseFunction.py(wrapper):8] Parameter : 
[2022-09-26 16:26:37.533][I][AutoBaseFunction.py(wrapper):14] Screen.MainWindow : setWidget_func 실행 종료
[2022-09-26 16:26:37.536][I][AutoBaseFunction.py(wrapper):14] Screen.MainWindow : setupUi 실행 종료
[2022-09-26 16:26:37.555][I][AutoBaseFunction.py(wrapper):7] __main__ : __set_slot 실행 시작
[2022-09-26 16:26:37.555][I][AutoBaseFunction.py(wrapper):8] Parameter : 
[2022-09-26 16:26:37.555][I][AutoBaseFunction.py(wrapper):14] __main__ : __set_slot 실행 종료
[2022-09-26 16:26:37.556][I][AutoBaseFunction.py(wrapper):7] __main__ : __wigets_setupUi 실행 시작
[2022-09-26 16:26:37.556][I][AutoBaseFunction.py(wrapper):8] Parameter : 
[2022-09-26 16:26:37.556][I][AutoBaseFunction.py(wrapper):7] Screen.Setup_Language : setupUI_Language 실행 시작
[2022-09-26 16:26:37.557][I][AutoBaseFunction.py(wrapper):8] Parameter : 
[2022-09-26 16:26:37.558][I][AutoBaseFunction.py(wrapper):7] Screen.Setup_Language : sl_set_slot 실행 시작
[2022-09-26 16:26:37.558][I][AutoBaseFunction.py(wrapper):8] Parameter : 
[2022-09-26 16:26:37.558][I][AutoBaseFunction.py(wrapper):14] Screen.Setup_Language : sl_set_slot 실행 종료
[2022-09-26 16:26:37.559][I][AutoBaseFunction.py(wrapper):14] Screen.Setup_Language : setupUI_Language 실행 종료
[2022-09-26 16:26:37.559][I][AutoBaseFunction.py(wrapper):7] Screen.Menu_CreateExcel : setupUI_CreateExcel 실행 시작
[2022-09-26 16:26:37.559][I][AutoBaseFunction.py(wrapper):8] Parameter : 
[2022-09-26 16:26:37.561][I][AutoBaseFunction.py(wrapper):7] Screen.Menu_CreateExcel : new_excel_func 실행 시작
[2022-09-26 16:26:37.561][I][AutoBaseFunction.py(wrapper):8] Parameter : 
[2022-09-26 16:26:37.561][I][AutoBaseFunction.py(wrapper):14] Screen.Menu_CreateExcel : new_excel_func 실행 종료
[2022-09-26 16:26:37.562][I][AutoBaseFunction.py(wrapper):7] Screen.Menu_CreateExcel : set_excel_func 실행 시작
[2022-09-26 16:26:37.562][I][AutoBaseFunction.py(wrapper):8] Parameter : 
[2022-09-26 16:26:37.562][I][AutoBaseFunction.py(wrapper):14] Screen.Menu_CreateExcel : set_excel_func 실행 종료
[2022-09-26 16:26:37.563][I][AutoBaseFunction.py(wrapper):14] Screen.Menu_CreateExcel : setupUI_CreateExcel 실행 종료
[2022-09-26 16:26:37.563][I][AutoBaseFunction.py(wrapper):7] Screen.Setup_Field : setupUI_Field 실행 시작
[2022-09-26 16:26:37.563][I][AutoBaseFunction.py(wrapper):8] Parameter : 
[2022-09-26 16:26:37.565][I][AutoBaseFunction.py(wrapper):7] Screen.Setup_Field : set_data 실행 시작
[2022-09-26 16:26:37.565][I][AutoBaseFunction.py(wrapper):8] Parameter : 
[2022-09-26 16:26:37.566][I][AutoBaseFunction.py(wrapper):14] Screen.Setup_Field : set_data 실행 종료
[2022-09-26 16:26:37.801][I][AutoBaseFunction.py(wrapper):7] Screen.Setup_Field : set_data 실행 시작
[2022-09-26 16:26:37.802][I][AutoBaseFunction.py(wrapper):8] Parameter : 
[2022-09-26 16:26:37.802][I][AutoBaseFunction.py(wrapper):14] Screen.Setup_Field : set_data 실행 종료
[2022-09-26 16:26:37.803][I][AutoBaseFunction.py(wrapper):7] Screen.Setup_Field : set_data 실행 시작
[2022-09-26 16:26:37.803][I][AutoBaseFunction.py(wrapper):8] Parameter : 
[2022-09-26 16:26:37.803][I][AutoBaseFunction.py(wrapper):14] Screen.Setup_Field : set_data 실행 종료
[2022-09-26 16:26:37.804][I][AutoBaseFunction.py(wrapper):7] Screen.Setup_Field : set_data 실행 시작
[2022-09-26 16:26:37.804][I][AutoBaseFunction.py(wrapper):8] Parameter : 
[2022-09-26 16:26:37.804][I][AutoBaseFunction.py(wrapper):14] Screen.Setup_Field : set_data 실행 종료
[2022-09-26 16:26:37.805][I][AutoBaseFunction.py(wrapper):7] Screen.Setup_Field : set_data 실행 시작
[2022-09-26 16:26:37.805][I][AutoBaseFunction.py(wrapper):8] Parameter : 
[2022-09-26 16:26:37.805][I][AutoBaseFunction.py(wrapper):14] Screen.Setup_Field : set_data 실행 종료
[2022-09-26 16:26:37.805][I][AutoBaseFunction.py(wrapper):7] Screen.Setup_Field : set_data 실행 시작
[2022-09-26 16:26:37.806][I][AutoBaseFunction.py(wrapper):8] Parameter : 
[2022-09-26 16:26:37.806][I][AutoBaseFunction.py(wrapper):14] Screen.Setup_Field : set_data 실행 종료
[2022-09-26 16:26:37.807][I][AutoBaseFunction.py(wrapper):7] Screen.Setup_Field : sl_set_slot 실행 시작
[2022-09-26 16:26:37.807][I][AutoBaseFunction.py(wrapper):8] Parameter : 
[2022-09-26 16:26:37.807][I][AutoBaseFunction.py(wrapper):14] Screen.Setup_Field : sl_set_slot 실행 종료
[2022-09-26 16:26:37.807][I][AutoBaseFunction.py(wrapper):14] Screen.Setup_Field : setupUI_Field 실행 종료
[2022-09-26 16:26:37.808][I][AutoBaseFunction.py(wrapper):7] Screen.Setup_TestList : setupUI_TestList 실행 시작
[2022-09-26 16:26:37.808][I][AutoBaseFunction.py(wrapper):8] Parameter : 
[2022-09-26 16:26:37.809][I][AutoBaseFunction.py(wrapper):7] Screen.Setup_TestList : btn_set_slot 실행 시작
[2022-09-26 16:26:37.809][I][AutoBaseFunction.py(wrapper):8] Parameter : 
[2022-09-26 16:26:37.809][I][AutoBaseFunction.py(wrapper):14] Screen.Setup_TestList : btn_set_slot 실행 종료
[2022-09-26 16:26:37.810][I][AutoBaseFunction.py(wrapper):14] Screen.Setup_TestList : setupUI_TestList 실행 종료
[2022-09-26 16:26:37.810][I][AutoBaseFunction.py(wrapper):14] __main__ : __wigets_setupUi 실행 종료
[2022-09-26 16:27:10.134][I][AutoBaseFunction.py(wrapper):7] Screen.MainWindow : closeEvent 실행 시작
[2022-09-26 16:27:10.134][I][AutoBaseFunction.py(wrapper):8] Parameter : <PyQt5.QtGui.QCloseEvent object at 0x000002A04E4B3E58>
