[2022-10-04 21:02:17.422][D][LogManager.py(Init):12] LogManager Init function called !!!
[2022-10-04 21:02:17.447][I][AutoBaseFunction.py(wrapper):10] Screen.MainWindow : setupUi 실행 시작
[2022-10-04 21:02:17.448][I][AutoBaseFunction.py(wrapper):11] Parameter : 
[2022-10-04 21:02:17.451][I][AutoBaseFunction.py(wrapper):10] Screen.MainWindow : set_field 실행 시작
[2022-10-04 21:02:17.452][I][AutoBaseFunction.py(wrapper):11] Parameter : 
[2022-10-04 21:02:17.480][I][AutoBaseFunction.py(wrapper):17] Screen.MainWindow : set_field 실행 종료
[2022-10-04 21:02:17.481][I][AutoBaseFunction.py(wrapper):10] Screen.MainWindow : setWidget_func 실행 시작
[2022-10-04 21:02:17.481][I][AutoBaseFunction.py(wrapper):11] Parameter : 
[2022-10-04 21:02:17.482][I][AutoBaseFunction.py(wrapper):17] Screen.MainWindow : setWidget_func 실행 종료
[2022-10-04 21:02:17.485][I][AutoBaseFunction.py(wrapper):17] Screen.MainWindow : setupUi 실행 종료
[2022-10-04 21:02:17.494][I][AutoBaseFunction.py(wrapper):10] __main__ : __set_slot 실행 시작
[2022-10-04 21:02:17.495][I][AutoBaseFunction.py(wrapper):11] Parameter : 
[2022-10-04 21:02:17.495][I][AutoBaseFunction.py(wrapper):17] __main__ : __set_slot 실행 종료
[2022-10-04 21:02:17.496][I][AutoBaseFunction.py(wrapper):10] __main__ : __wigets_setupUi 실행 시작
[2022-10-04 21:02:17.496][I][AutoBaseFunction.py(wrapper):11] Parameter : 
[2022-10-04 21:02:17.496][I][AutoBaseFunction.py(wrapper):10] Screen.Setup_Language : setupUI_Language 실행 시작
[2022-10-04 21:02:17.497][I][AutoBaseFunction.py(wrapper):11] Parameter : 
[2022-10-04 21:02:17.497][I][AutoBaseFunction.py(wrapper):10] Screen.Setup_Language : sl_set_slot 실행 시작
[2022-10-04 21:02:17.498][I][AutoBaseFunction.py(wrapper):11] Parameter : 
[2022-10-04 21:02:17.499][I][AutoBaseFunction.py(wrapper):17] Screen.Setup_Language : sl_set_slot 실행 종료
[2022-10-04 21:02:17.499][I][AutoBaseFunction.py(wrapper):17] Screen.Setup_Language : setupUI_Language 실행 종료
[2022-10-04 21:02:17.499][I][AutoBaseFunction.py(wrapper):10] Screen.Menu_CreateExcel : setupUI_CreateExcel 실행 시작
[2022-10-04 21:02:17.500][I][AutoBaseFunction.py(wrapper):11] Parameter : 
[2022-10-04 21:02:17.501][I][AutoBaseFunction.py(wrapper):10] Screen.Menu_CreateExcel : new_excel_func 실행 시작
[2022-10-04 21:02:17.501][I][AutoBaseFunction.py(wrapper):11] Parameter : 
[2022-10-04 21:02:17.502][I][AutoBaseFunction.py(wrapper):17] Screen.Menu_CreateExcel : new_excel_func 실행 종료
[2022-10-04 21:02:17.502][I][AutoBaseFunction.py(wrapper):10] Screen.Menu_CreateExcel : set_excel_func 실행 시작
[2022-10-04 21:02:17.503][I][AutoBaseFunction.py(wrapper):11] Parameter : 
[2022-10-04 21:02:17.503][I][AutoBaseFunction.py(wrapper):17] Screen.Menu_CreateExcel : set_excel_func 실행 종료
[2022-10-04 21:02:17.504][I][AutoBaseFunction.py(wrapper):17] Screen.Menu_CreateExcel : setupUI_CreateExcel 실행 종료
[2022-10-04 21:02:17.504][I][AutoBaseFunction.py(wrapper):10] Screen.Setup_Field : setupUI_Field 실행 시작
[2022-10-04 21:02:17.504][I][AutoBaseFunction.py(wrapper):11] Parameter : 
[2022-10-04 21:02:17.507][I][AutoBaseFunction.py(wrapper):10] Screen.Setup_Field : set_data 실행 시작
[2022-10-04 21:02:17.507][I][AutoBaseFunction.py(wrapper):11] Parameter : 
[2022-10-04 21:02:17.508][I][AutoBaseFunction.py(wrapper):17] Screen.Setup_Field : set_data 실행 종료
[2022-10-04 21:02:17.748][I][AutoBaseFunction.py(wrapper):10] Screen.Setup_Field : set_data 실행 시작
[2022-10-04 21:02:17.748][I][AutoBaseFunction.py(wrapper):11] Parameter : 
[2022-10-04 21:02:17.749][I][AutoBaseFunction.py(wrapper):17] Screen.Setup_Field : set_data 실행 종료
[2022-10-04 21:02:17.750][I][AutoBaseFunction.py(wrapper):10] Screen.Setup_Field : set_data 실행 시작
[2022-10-04 21:02:17.750][I][AutoBaseFunction.py(wrapper):11] Parameter : 
[2022-10-04 21:02:17.750][I][AutoBaseFunction.py(wrapper):17] Screen.Setup_Field : set_data 실행 종료
[2022-10-04 21:02:17.751][I][AutoBaseFunction.py(wrapper):10] Screen.Setup_Field : set_data 실행 시작
[2022-10-04 21:02:17.751][I][AutoBaseFunction.py(wrapper):11] Parameter : 
[2022-10-04 21:02:17.752][I][AutoBaseFunction.py(wrapper):17] Screen.Setup_Field : set_data 실행 종료
[2022-10-04 21:02:17.752][I][AutoBaseFunction.py(wrapper):10] Screen.Setup_Field : set_data 실행 시작
[2022-10-04 21:02:17.752][I][AutoBaseFunction.py(wrapper):11] Parameter : 
[2022-10-04 21:02:17.753][I][AutoBaseFunction.py(wrapper):17] Screen.Setup_Field : set_data 실행 종료
[2022-10-04 21:02:17.753][I][AutoBaseFunction.py(wrapper):10] Screen.Setup_Field : set_data 실행 시작
[2022-10-04 21:02:17.753][I][AutoBaseFunction.py(wrapper):11] Parameter : 
[2022-10-04 21:02:17.754][I][AutoBaseFunction.py(wrapper):17] Screen.Setup_Field : set_data 실행 종료
[2022-10-04 21:02:17.754][I][AutoBaseFunction.py(wrapper):10] Screen.Setup_Field : sl_set_slot 실행 시작
[2022-10-04 21:02:17.754][I][AutoBaseFunction.py(wrapper):11] Parameter : 
[2022-10-04 21:02:17.755][I][AutoBaseFunction.py(wrapper):17] Screen.Setup_Field : sl_set_slot 실행 종료
[2022-10-04 21:02:17.755][I][AutoBaseFunction.py(wrapper):17] Screen.Setup_Field : setupUI_Field 실행 종료
[2022-10-04 21:02:17.755][I][AutoBaseFunction.py(wrapper):10] Screen.Setup_TestList : setupUI_TestList 실행 시작
[2022-10-04 21:02:17.755][I][AutoBaseFunction.py(wrapper):11] Parameter : 
[2022-10-04 21:02:17.756][I][AutoBaseFunction.py(wrapper):10] Screen.Setup_TestList : btn_set_slot 실행 시작
[2022-10-04 21:02:17.756][I][AutoBaseFunction.py(wrapper):11] Parameter : 
[2022-10-04 21:02:17.757][I][AutoBaseFunction.py(wrapper):17] Screen.Setup_TestList : btn_set_slot 실행 종료
[2022-10-04 21:02:17.757][I][AutoBaseFunction.py(wrapper):17] Screen.Setup_TestList : setupUI_TestList 실행 종료
[2022-10-04 21:02:17.757][I][AutoBaseFunction.py(wrapper):17] __main__ : __wigets_setupUi 실행 종료
[2022-10-04 21:02:19.214][I][AutoBaseFunction.py(wrapper):10] Screen.MainWindow : update_open_menu 실행 시작
[2022-10-04 21:02:19.215][I][AutoBaseFunction.py(wrapper):11] Parameter : 
[2022-10-04 21:02:19.216][I][AutoBaseFunction.py(wrapper):17] Screen.MainWindow : update_open_menu 실행 종료
[2022-10-04 21:02:20.269][I][AutoBaseFunction.py(wrapper):10] __main__ : __ce_ui 실행 시작
[2022-10-04 21:02:20.269][I][AutoBaseFunction.py(wrapper):11] Parameter : False
[2022-10-04 21:02:20.288][I][AutoBaseFunction.py(wrapper):17] __main__ : __ce_ui 실행 종료
[2022-10-04 21:02:22.787][I][AutoBaseFunction.py(wrapper):10] Screen.Menu_CreateExcel : folder_toolButton_clicked 실행 시작
[2022-10-04 21:02:22.788][I][AutoBaseFunction.py(wrapper):11] Parameter : <PyQt5.QtWidgets.QLineEdit object at 0x000002070ABC4438>, False
[2022-10-04 21:02:23.981][I][AutoBaseFunction.py(wrapper):17] Screen.Menu_CreateExcel : folder_toolButton_clicked 실행 종료
[2022-10-04 21:02:24.452][I][AutoBaseFunction.py(wrapper):10] Screen.Menu_CreateExcel : func_check 실행 시작
[2022-10-04 21:02:24.453][I][AutoBaseFunction.py(wrapper):11] Parameter : False
[2022-10-04 21:02:24.630][I][AutoBaseFunction.py(wrapper):17] Screen.Menu_CreateExcel : func_check 실행 종료
[2022-10-04 21:04:02.827][I][AutoBaseFunction.py(wrapper):10] Screen.MainWindow : closeEvent 실행 시작
[2022-10-04 21:04:02.828][I][AutoBaseFunction.py(wrapper):11] Parameter : <PyQt5.QtGui.QCloseEvent object at 0x000002070F606438>
