[2022-09-26 18:14:27.079][D][LogManager.py(Init):12] LogManager Init function called !!!
[2022-09-26 18:14:27.093][I][AutoBaseFunction.py(wrapper):7] Screen.MainWindow : setupUi 실행 시작
[2022-09-26 18:14:27.093][I][AutoBaseFunction.py(wrapper):8] Parameter : 
[2022-09-26 18:14:27.109][I][AutoBaseFunction.py(wrapper):7] Screen.MainWindow : set_field 실행 시작
[2022-09-26 18:14:27.109][I][AutoBaseFunction.py(wrapper):8] Parameter : 
[2022-09-26 18:14:27.136][I][AutoBaseFunction.py(wrapper):14] Screen.MainWindow : set_field 실행 종료
[2022-09-26 18:14:27.137][I][AutoBaseFunction.py(wrapper):7] Screen.MainWindow : setWidget_func 실행 시작
[2022-09-26 18:14:27.137][I][AutoBaseFunction.py(wrapper):8] Parameter : 
[2022-09-26 18:14:27.139][I][AutoBaseFunction.py(wrapper):14] Screen.MainWindow : setWidget_func 실행 종료
[2022-09-26 18:14:27.141][I][AutoBaseFunction.py(wrapper):14] Screen.MainWindow : setupUi 실행 종료
[2022-09-26 18:14:27.147][I][AutoBaseFunction.py(wrapper):7] __main__ : __set_slot 실행 시작
[2022-09-26 18:14:27.147][I][AutoBaseFunction.py(wrapper):8] Parameter : 
[2022-09-26 18:14:27.148][I][AutoBaseFunction.py(wrapper):14] __main__ : __set_slot 실행 종료
[2022-09-26 18:14:27.148][I][AutoBaseFunction.py(wrapper):7] __main__ : __wigets_setupUi 실행 시작
[2022-09-26 18:14:27.148][I][AutoBaseFunction.py(wrapper):8] Parameter : 
[2022-09-26 18:14:27.149][I][AutoBaseFunction.py(wrapper):7] Screen.Setup_Language : setupUI_Language 실행 시작
[2022-09-26 18:14:27.149][I][AutoBaseFunction.py(wrapper):8] Parameter : 
[2022-09-26 18:14:27.150][I][AutoBaseFunction.py(wrapper):7] Screen.Setup_Language : sl_set_slot 실행 시작
[2022-09-26 18:14:27.150][I][AutoBaseFunction.py(wrapper):8] Parameter : 
[2022-09-26 18:14:27.151][I][AutoBaseFunction.py(wrapper):14] Screen.Setup_Language : sl_set_slot 실행 종료
[2022-09-26 18:14:27.151][I][AutoBaseFunction.py(wrapper):14] Screen.Setup_Language : setupUI_Language 실행 종료
[2022-09-26 18:14:27.152][I][AutoBaseFunction.py(wrapper):7] Screen.Menu_CreateExcel : setupUI_CreateExcel 실행 시작
[2022-09-26 18:14:27.152][I][AutoBaseFunction.py(wrapper):8] Parameter : 
[2022-09-26 18:14:27.153][I][AutoBaseFunction.py(wrapper):7] Screen.Menu_CreateExcel : new_excel_func 실행 시작
[2022-09-26 18:14:27.153][I][AutoBaseFunction.py(wrapper):8] Parameter : 
[2022-09-26 18:14:27.154][I][AutoBaseFunction.py(wrapper):14] Screen.Menu_CreateExcel : new_excel_func 실행 종료
[2022-09-26 18:14:27.154][I][AutoBaseFunction.py(wrapper):7] Screen.Menu_CreateExcel : set_excel_func 실행 시작
[2022-09-26 18:14:27.155][I][AutoBaseFunction.py(wrapper):8] Parameter : 
[2022-09-26 18:14:27.155][I][AutoBaseFunction.py(wrapper):14] Screen.Menu_CreateExcel : set_excel_func 실행 종료
[2022-09-26 18:14:27.156][I][AutoBaseFunction.py(wrapper):14] Screen.Menu_CreateExcel : setupUI_CreateExcel 실행 종료
[2022-09-26 18:14:27.156][I][AutoBaseFunction.py(wrapper):7] Screen.Setup_Field : setupUI_Field 실행 시작
[2022-09-26 18:14:27.156][I][AutoBaseFunction.py(wrapper):8] Parameter : 
[2022-09-26 18:14:27.157][I][AutoBaseFunction.py(wrapper):7] Screen.Setup_Field : set_data 실행 시작
[2022-09-26 18:14:27.157][I][AutoBaseFunction.py(wrapper):8] Parameter : 
[2022-09-26 18:14:27.158][I][AutoBaseFunction.py(wrapper):14] Screen.Setup_Field : set_data 실행 종료
[2022-09-26 18:14:27.395][I][AutoBaseFunction.py(wrapper):7] Screen.Setup_Field : set_data 실행 시작
[2022-09-26 18:14:27.395][I][AutoBaseFunction.py(wrapper):8] Parameter : 
[2022-09-26 18:14:27.395][I][AutoBaseFunction.py(wrapper):14] Screen.Setup_Field : set_data 실행 종료
[2022-09-26 18:14:27.397][I][AutoBaseFunction.py(wrapper):7] Screen.Setup_Field : set_data 실행 시작
[2022-09-26 18:14:27.397][I][AutoBaseFunction.py(wrapper):8] Parameter : 
[2022-09-26 18:14:27.397][I][AutoBaseFunction.py(wrapper):14] Screen.Setup_Field : set_data 실행 종료
[2022-09-26 18:14:27.398][I][AutoBaseFunction.py(wrapper):7] Screen.Setup_Field : set_data 실행 시작
[2022-09-26 18:14:27.398][I][AutoBaseFunction.py(wrapper):8] Parameter : 
[2022-09-26 18:14:27.398][I][AutoBaseFunction.py(wrapper):14] Screen.Setup_Field : set_data 실행 종료
[2022-09-26 18:14:27.399][I][AutoBaseFunction.py(wrapper):7] Screen.Setup_Field : set_data 실행 시작
[2022-09-26 18:14:27.399][I][AutoBaseFunction.py(wrapper):8] Parameter : 
[2022-09-26 18:14:27.400][I][AutoBaseFunction.py(wrapper):14] Screen.Setup_Field : set_data 실행 종료
[2022-09-26 18:14:27.400][I][AutoBaseFunction.py(wrapper):7] Screen.Setup_Field : set_data 실행 시작
[2022-09-26 18:14:27.400][I][AutoBaseFunction.py(wrapper):8] Parameter : 
[2022-09-26 18:14:27.401][I][AutoBaseFunction.py(wrapper):14] Screen.Setup_Field : set_data 실행 종료
[2022-09-26 18:14:27.401][I][AutoBaseFunction.py(wrapper):7] Screen.Setup_Field : sl_set_slot 실행 시작
[2022-09-26 18:14:27.401][I][AutoBaseFunction.py(wrapper):8] Parameter : 
[2022-09-26 18:14:27.401][I][AutoBaseFunction.py(wrapper):14] Screen.Setup_Field : sl_set_slot 실행 종료
[2022-09-26 18:14:27.402][I][AutoBaseFunction.py(wrapper):14] Screen.Setup_Field : setupUI_Field 실행 종료
[2022-09-26 18:14:27.402][I][AutoBaseFunction.py(wrapper):7] Screen.Setup_TestList : setupUI_TestList 실행 시작
[2022-09-26 18:14:27.402][I][AutoBaseFunction.py(wrapper):8] Parameter : 
[2022-09-26 18:14:27.403][I][AutoBaseFunction.py(wrapper):7] Screen.Setup_TestList : btn_set_slot 실행 시작
[2022-09-26 18:14:27.403][I][AutoBaseFunction.py(wrapper):8] Parameter : 
[2022-09-26 18:14:27.404][I][AutoBaseFunction.py(wrapper):14] Screen.Setup_TestList : btn_set_slot 실행 종료
[2022-09-26 18:14:27.404][I][AutoBaseFunction.py(wrapper):14] Screen.Setup_TestList : setupUI_TestList 실행 종료
[2022-09-26 18:14:27.404][I][AutoBaseFunction.py(wrapper):14] __main__ : __wigets_setupUi 실행 종료
[2022-09-26 18:14:28.622][I][AutoBaseFunction.py(wrapper):7] __main__ : __sl_ui 실행 시작
[2022-09-26 18:14:28.622][I][AutoBaseFunction.py(wrapper):8] Parameter : False
[2022-09-26 18:14:28.623][I][AutoBaseFunction.py(wrapper):7] Screen.Setup_Language : setLang_Button 실행 시작
[2022-09-26 18:14:28.623][I][AutoBaseFunction.py(wrapper):8] Parameter : 
[2022-09-26 18:14:28.623][I][AutoBaseFunction.py(wrapper):14] Screen.Setup_Language : setLang_Button 실행 종료
[2022-09-26 18:14:28.635][I][AutoBaseFunction.py(wrapper):14] __main__ : __sl_ui 실행 종료
[2022-09-26 18:14:35.837][I][AutoBaseFunction.py(wrapper):7] Screen.Setup_Language : closeEvent 실행 시작
[2022-09-26 18:14:35.837][I][AutoBaseFunction.py(wrapper):8] Parameter : <PyQt5.QtGui.QCloseEvent object at 0x000001D6B6BF2708>
[2022-09-26 18:14:37.073][I][AutoBaseFunction.py(wrapper):14] Screen.Setup_Language : closeEvent 실행 종료
[2022-09-26 18:16:46.907][I][AutoBaseFunction.py(wrapper):7] Screen.MainWindow : closeEvent 실행 시작
[2022-09-26 18:16:46.908][I][AutoBaseFunction.py(wrapper):8] Parameter : <PyQt5.QtGui.QCloseEvent object at 0x000001D6B6BF2708>
