[2022-09-23 10:19:56.118][D][LogManager.py(Init):12] LogManager Init function called !!!
[2022-09-23 10:19:56.133][I][AutoBaseFunction.py(wrapper):28] Screen.MainWindow : setupUi 실행 시작
[2022-09-23 10:19:56.133][I][AutoBaseFunction.py(wrapper):29] Parameter : 
[2022-09-23 10:19:56.150][I][AutoBaseFunction.py(wrapper):28] Screen.MainWindow : set_field 실행 시작
[2022-09-23 10:19:56.151][I][AutoBaseFunction.py(wrapper):29] Parameter : 
[2022-09-23 10:19:56.176][I][AutoBaseFunction.py(wrapper):36] Screen.MainWindow : set_field 실행 종료
[2022-09-23 10:19:56.176][I][AutoBaseFunction.py(wrapper):28] Screen.MainWindow : setWidget_func 실행 시작
[2022-09-23 10:19:56.177][I][AutoBaseFunction.py(wrapper):29] Parameter : 
[2022-09-23 10:19:56.178][I][AutoBaseFunction.py(wrapper):36] Screen.MainWindow : setWidget_func 실행 종료
[2022-09-23 10:19:56.181][I][AutoBaseFunction.py(wrapper):36] Screen.MainWindow : setupUi 실행 종료
[2022-09-23 10:19:56.186][I][AutoBaseFunction.py(wrapper):28] __main__ : __set_slot 실행 시작
[2022-09-23 10:19:56.187][I][AutoBaseFunction.py(wrapper):29] Parameter : 
[2022-09-23 10:19:56.187][I][AutoBaseFunction.py(wrapper):36] __main__ : __set_slot 실행 종료
[2022-09-23 10:19:56.188][I][AutoBaseFunction.py(wrapper):28] __main__ : __wigets_setupUi 실행 시작
[2022-09-23 10:19:56.188][I][AutoBaseFunction.py(wrapper):29] Parameter : 
[2022-09-23 10:19:56.189][I][AutoBaseFunction.py(wrapper):28] Screen.Setup_Language : setupUI_Language 실행 시작
[2022-09-23 10:19:56.189][I][AutoBaseFunction.py(wrapper):29] Parameter : 
[2022-09-23 10:19:56.190][I][AutoBaseFunction.py(wrapper):28] Screen.Setup_Language : sl_set_slot 실행 시작
[2022-09-23 10:19:56.190][I][AutoBaseFunction.py(wrapper):29] Parameter : 
[2022-09-23 10:19:56.190][I][AutoBaseFunction.py(wrapper):36] Screen.Setup_Language : sl_set_slot 실행 종료
[2022-09-23 10:19:56.191][I][AutoBaseFunction.py(wrapper):36] Screen.Setup_Language : setupUI_Language 실행 종료
[2022-09-23 10:19:56.191][I][AutoBaseFunction.py(wrapper):28] Screen.Menu_CreateExcel : setupUI_CreateExcel 실행 시작
[2022-09-23 10:19:56.191][I][AutoBaseFunction.py(wrapper):29] Parameter : 
[2022-09-23 10:19:56.192][I][AutoBaseFunction.py(wrapper):28] Screen.Menu_CreateExcel : new_excel_func 실행 시작
[2022-09-23 10:19:56.192][I][AutoBaseFunction.py(wrapper):29] Parameter : 
[2022-09-23 10:19:56.193][I][AutoBaseFunction.py(wrapper):36] Screen.Menu_CreateExcel : new_excel_func 실행 종료
[2022-09-23 10:19:56.193][I][AutoBaseFunction.py(wrapper):28] Screen.Menu_CreateExcel : set_excel_func 실행 시작
[2022-09-23 10:19:56.193][I][AutoBaseFunction.py(wrapper):29] Parameter : 
[2022-09-23 10:19:56.194][I][AutoBaseFunction.py(wrapper):36] Screen.Menu_CreateExcel : set_excel_func 실행 종료
[2022-09-23 10:19:56.194][I][AutoBaseFunction.py(wrapper):36] Screen.Menu_CreateExcel : setupUI_CreateExcel 실행 종료
[2022-09-23 10:19:56.195][I][AutoBaseFunction.py(wrapper):28] Screen.Setup_Field : setupUI_Field 실행 시작
[2022-09-23 10:19:56.195][I][AutoBaseFunction.py(wrapper):29] Parameter : 
[2022-09-23 10:19:56.196][I][AutoBaseFunction.py(wrapper):28] Screen.Setup_Field : set_data 실행 시작
[2022-09-23 10:19:56.196][I][AutoBaseFunction.py(wrapper):29] Parameter : 
[2022-09-23 10:19:56.196][I][AutoBaseFunction.py(wrapper):36] Screen.Setup_Field : set_data 실행 종료
[2022-09-23 10:19:56.439][I][AutoBaseFunction.py(wrapper):28] Screen.Setup_Field : set_data 실행 시작
[2022-09-23 10:19:56.439][I][AutoBaseFunction.py(wrapper):29] Parameter : 
[2022-09-23 10:19:56.440][I][AutoBaseFunction.py(wrapper):36] Screen.Setup_Field : set_data 실행 종료
[2022-09-23 10:19:56.441][I][AutoBaseFunction.py(wrapper):28] Screen.Setup_Field : set_data 실행 시작
[2022-09-23 10:19:56.441][I][AutoBaseFunction.py(wrapper):29] Parameter : 
[2022-09-23 10:19:56.441][I][AutoBaseFunction.py(wrapper):36] Screen.Setup_Field : set_data 실행 종료
[2022-09-23 10:19:56.442][I][AutoBaseFunction.py(wrapper):28] Screen.Setup_Field : set_data 실행 시작
[2022-09-23 10:19:56.442][I][AutoBaseFunction.py(wrapper):29] Parameter : 
[2022-09-23 10:19:56.442][I][AutoBaseFunction.py(wrapper):36] Screen.Setup_Field : set_data 실행 종료
[2022-09-23 10:19:56.443][I][AutoBaseFunction.py(wrapper):28] Screen.Setup_Field : set_data 실행 시작
[2022-09-23 10:19:56.443][I][AutoBaseFunction.py(wrapper):29] Parameter : 
[2022-09-23 10:19:56.444][I][AutoBaseFunction.py(wrapper):36] Screen.Setup_Field : set_data 실행 종료
[2022-09-23 10:19:56.444][I][AutoBaseFunction.py(wrapper):28] Screen.Setup_Field : set_data 실행 시작
[2022-09-23 10:19:56.444][I][AutoBaseFunction.py(wrapper):29] Parameter : 
[2022-09-23 10:19:56.445][I][AutoBaseFunction.py(wrapper):36] Screen.Setup_Field : set_data 실행 종료
[2022-09-23 10:19:56.445][I][AutoBaseFunction.py(wrapper):28] Screen.Setup_Field : sl_set_slot 실행 시작
[2022-09-23 10:19:56.446][I][AutoBaseFunction.py(wrapper):29] Parameter : 
[2022-09-23 10:19:56.446][I][AutoBaseFunction.py(wrapper):36] Screen.Setup_Field : sl_set_slot 실행 종료
[2022-09-23 10:19:56.446][I][AutoBaseFunction.py(wrapper):36] Screen.Setup_Field : setupUI_Field 실행 종료
[2022-09-23 10:19:56.447][I][AutoBaseFunction.py(wrapper):28] Screen.Setup_TestList : setupUI_TestList 실행 시작
[2022-09-23 10:19:56.447][I][AutoBaseFunction.py(wrapper):29] Parameter : 
[2022-09-23 10:19:56.449][I][AutoBaseFunction.py(wrapper):28] Screen.Setup_TestList : btn_set_slot 실행 시작
[2022-09-23 10:19:56.449][I][AutoBaseFunction.py(wrapper):29] Parameter : 
[2022-09-23 10:19:56.450][I][AutoBaseFunction.py(wrapper):36] Screen.Setup_TestList : btn_set_slot 실행 종료
[2022-09-23 10:19:56.450][I][AutoBaseFunction.py(wrapper):36] Screen.Setup_TestList : setupUI_TestList 실행 종료
[2022-09-23 10:19:56.451][I][AutoBaseFunction.py(wrapper):36] __main__ : __wigets_setupUi 실행 종료
[2022-09-23 10:19:57.228][I][AutoBaseFunction.py(wrapper):28] Screen.MainWindow : update_open_menu 실행 시작
[2022-09-23 10:19:57.228][I][AutoBaseFunction.py(wrapper):29] Parameter : 
[2022-09-23 10:19:57.229][I][AutoBaseFunction.py(wrapper):36] Screen.MainWindow : update_open_menu 실행 종료
[2022-09-23 10:19:57.761][I][AutoBaseFunction.py(wrapper):28] Screen.MainWindow : update_open_menu 실행 시작
[2022-09-23 10:19:57.761][I][AutoBaseFunction.py(wrapper):29] Parameter : 
[2022-09-23 10:19:57.763][I][AutoBaseFunction.py(wrapper):36] Screen.MainWindow : update_open_menu 실행 종료
[2022-09-23 10:19:58.763][I][AutoBaseFunction.py(wrapper):28] Screen.MainWindow : show_imgList 실행 시작
[2022-09-23 10:19:58.763][I][AutoBaseFunction.py(wrapper):29] Parameter : ('한국어', 'D:/test/TestList_CSV/2022_skillup'), True, True
