[2022-09-22 09:23:11.804][D][LogManager.py(Init):12] LogManager Init function called !!!
[2022-09-22 09:23:11.817][I][AutoBaseFunction.py(wrapper):7] Screen.MainWindow : setupUi 실행 시작
[2022-09-22 09:23:11.818][I][AutoBaseFunction.py(wrapper):8] Parameter : 
[2022-09-22 09:23:11.834][I][AutoBaseFunction.py(wrapper):7] Screen.MainWindow : set_field 실행 시작
[2022-09-22 09:23:11.834][I][AutoBaseFunction.py(wrapper):8] Parameter : 
[2022-09-22 09:23:11.860][I][AutoBaseFunction.py(wrapper):14] Screen.MainWindow : set_field 실행 종료
[2022-09-22 09:23:11.860][I][AutoBaseFunction.py(wrapper):7] Screen.MainWindow : setWidget_func 실행 시작
[2022-09-22 09:23:11.860][I][AutoBaseFunction.py(wrapper):8] Parameter : 
[2022-09-22 09:23:11.861][I][AutoBaseFunction.py(wrapper):14] Screen.MainWindow : setWidget_func 실행 종료
[2022-09-22 09:23:11.864][I][AutoBaseFunction.py(wrapper):14] Screen.MainWindow : setupUi 실행 종료
[2022-09-22 09:23:11.870][I][AutoBaseFunction.py(wrapper):7] __main__ : __set_slot 실행 시작
[2022-09-22 09:23:11.871][I][AutoBaseFunction.py(wrapper):8] Parameter : 
[2022-09-22 09:23:11.871][I][AutoBaseFunction.py(wrapper):14] __main__ : __set_slot 실행 종료
[2022-09-22 09:23:11.872][I][AutoBaseFunction.py(wrapper):7] __main__ : __wigets_setupUi 실행 시작
[2022-09-22 09:23:11.872][I][AutoBaseFunction.py(wrapper):8] Parameter : 
[2022-09-22 09:23:11.872][I][AutoBaseFunction.py(wrapper):7] Screen.Setup_Language : setupUI_Language 실행 시작
[2022-09-22 09:23:11.873][I][AutoBaseFunction.py(wrapper):8] Parameter : 
[2022-09-22 09:23:11.874][I][AutoBaseFunction.py(wrapper):7] Screen.Setup_Language : sl_set_slot 실행 시작
[2022-09-22 09:23:11.874][I][AutoBaseFunction.py(wrapper):8] Parameter : 
[2022-09-22 09:23:11.874][I][AutoBaseFunction.py(wrapper):14] Screen.Setup_Language : sl_set_slot 실행 종료
[2022-09-22 09:23:11.875][I][AutoBaseFunction.py(wrapper):14] Screen.Setup_Language : setupUI_Language 실행 종료
[2022-09-22 09:23:11.875][I][AutoBaseFunction.py(wrapper):7] Screen.Menu_CreateExcel : setupUI_CreateExcel 실행 시작
[2022-09-22 09:23:11.875][I][AutoBaseFunction.py(wrapper):8] Parameter : 
[2022-09-22 09:23:11.876][I][AutoBaseFunction.py(wrapper):7] Screen.Menu_CreateExcel : new_excel_func 실행 시작
[2022-09-22 09:23:11.876][I][AutoBaseFunction.py(wrapper):8] Parameter : 
[2022-09-22 09:23:11.877][I][AutoBaseFunction.py(wrapper):14] Screen.Menu_CreateExcel : new_excel_func 실행 종료
[2022-09-22 09:23:11.877][I][AutoBaseFunction.py(wrapper):7] Screen.Menu_CreateExcel : set_excel_func 실행 시작
[2022-09-22 09:23:11.877][I][AutoBaseFunction.py(wrapper):8] Parameter : 
[2022-09-22 09:23:11.877][I][AutoBaseFunction.py(wrapper):14] Screen.Menu_CreateExcel : set_excel_func 실행 종료
[2022-09-22 09:23:11.878][I][AutoBaseFunction.py(wrapper):14] Screen.Menu_CreateExcel : setupUI_CreateExcel 실행 종료
[2022-09-22 09:23:11.878][I][AutoBaseFunction.py(wrapper):7] Screen.Setup_Field : setupUI_Field 실행 시작
[2022-09-22 09:23:11.878][I][AutoBaseFunction.py(wrapper):8] Parameter : 
[2022-09-22 09:23:11.879][I][AutoBaseFunction.py(wrapper):7] Screen.Setup_Field : set_data 실행 시작
[2022-09-22 09:23:11.879][I][AutoBaseFunction.py(wrapper):8] Parameter : 
[2022-09-22 09:23:11.879][I][AutoBaseFunction.py(wrapper):14] Screen.Setup_Field : set_data 실행 종료
[2022-09-22 09:23:12.102][I][AutoBaseFunction.py(wrapper):7] Screen.Setup_Field : set_data 실행 시작
[2022-09-22 09:23:12.103][I][AutoBaseFunction.py(wrapper):8] Parameter : 
[2022-09-22 09:23:12.103][I][AutoBaseFunction.py(wrapper):14] Screen.Setup_Field : set_data 실행 종료
[2022-09-22 09:23:12.104][I][AutoBaseFunction.py(wrapper):7] Screen.Setup_Field : set_data 실행 시작
[2022-09-22 09:23:12.104][I][AutoBaseFunction.py(wrapper):8] Parameter : 
[2022-09-22 09:23:12.104][I][AutoBaseFunction.py(wrapper):14] Screen.Setup_Field : set_data 실행 종료
[2022-09-22 09:23:12.105][I][AutoBaseFunction.py(wrapper):7] Screen.Setup_Field : set_data 실행 시작
[2022-09-22 09:23:12.105][I][AutoBaseFunction.py(wrapper):8] Parameter : 
[2022-09-22 09:23:12.105][I][AutoBaseFunction.py(wrapper):14] Screen.Setup_Field : set_data 실행 종료
[2022-09-22 09:23:12.106][I][AutoBaseFunction.py(wrapper):7] Screen.Setup_Field : set_data 실행 시작
[2022-09-22 09:23:12.106][I][AutoBaseFunction.py(wrapper):8] Parameter : 
[2022-09-22 09:23:12.106][I][AutoBaseFunction.py(wrapper):14] Screen.Setup_Field : set_data 실행 종료
[2022-09-22 09:23:12.106][I][AutoBaseFunction.py(wrapper):7] Screen.Setup_Field : set_data 실행 시작
[2022-09-22 09:23:12.107][I][AutoBaseFunction.py(wrapper):8] Parameter : 
[2022-09-22 09:23:12.107][I][AutoBaseFunction.py(wrapper):14] Screen.Setup_Field : set_data 실행 종료
[2022-09-22 09:23:12.107][I][AutoBaseFunction.py(wrapper):7] Screen.Setup_Field : sl_set_slot 실행 시작
[2022-09-22 09:23:12.107][I][AutoBaseFunction.py(wrapper):8] Parameter : 
[2022-09-22 09:23:12.108][I][AutoBaseFunction.py(wrapper):14] Screen.Setup_Field : sl_set_slot 실행 종료
[2022-09-22 09:23:12.108][I][AutoBaseFunction.py(wrapper):14] Screen.Setup_Field : setupUI_Field 실행 종료
[2022-09-22 09:23:12.109][I][AutoBaseFunction.py(wrapper):7] Screen.Setup_TestList : setupUI_TestList 실행 시작
[2022-09-22 09:23:12.109][I][AutoBaseFunction.py(wrapper):8] Parameter : 
[2022-09-22 09:23:12.110][I][AutoBaseFunction.py(wrapper):7] Screen.Setup_TestList : btn_set_slot 실행 시작
[2022-09-22 09:23:12.110][I][AutoBaseFunction.py(wrapper):8] Parameter : 
[2022-09-22 09:23:12.110][I][AutoBaseFunction.py(wrapper):14] Screen.Setup_TestList : btn_set_slot 실행 종료
[2022-09-22 09:23:12.111][I][AutoBaseFunction.py(wrapper):14] Screen.Setup_TestList : setupUI_TestList 실행 종료
[2022-09-22 09:23:12.111][I][AutoBaseFunction.py(wrapper):14] __main__ : __wigets_setupUi 실행 종료
[2022-09-22 09:23:19.653][I][AutoBaseFunction.py(wrapper):7] Screen.MainWindow : closeEvent 실행 시작
[2022-09-22 09:23:19.653][I][AutoBaseFunction.py(wrapper):8] Parameter : <PyQt5.QtGui.QCloseEvent object at 0x00000224D88FCA68>
