[2022-09-27 17:35:40.227][D][LogManager.py(Init):12] LogManager Init function called !!!
[2022-09-27 17:35:40.331][I][AutoBaseFunction.py(wrapper):7] Screen.MainWindow : setupUi 실행 시작
[2022-09-27 17:35:40.331][I][AutoBaseFunction.py(wrapper):8] Parameter : 
[2022-09-27 17:35:40.475][I][AutoBaseFunction.py(wrapper):7] Screen.MainWindow : set_field 실행 시작
[2022-09-27 17:35:40.475][I][AutoBaseFunction.py(wrapper):8] Parameter : 
[2022-09-27 17:35:40.502][I][AutoBaseFunction.py(wrapper):14] Screen.MainWindow : set_field 실행 종료
[2022-09-27 17:35:40.503][I][AutoBaseFunction.py(wrapper):7] Screen.MainWindow : setWidget_func 실행 시작
[2022-09-27 17:35:40.504][I][AutoBaseFunction.py(wrapper):8] Parameter : 
[2022-09-27 17:35:40.507][I][AutoBaseFunction.py(wrapper):14] Screen.MainWindow : setWidget_func 실행 종료
[2022-09-27 17:35:40.510][I][AutoBaseFunction.py(wrapper):14] Screen.MainWindow : setupUi 실행 종료
[2022-09-27 17:35:40.519][I][AutoBaseFunction.py(wrapper):7] __main__ : __set_slot 실행 시작
[2022-09-27 17:35:40.520][I][AutoBaseFunction.py(wrapper):8] Parameter : 
[2022-09-27 17:35:40.521][I][AutoBaseFunction.py(wrapper):14] __main__ : __set_slot 실행 종료
[2022-09-27 17:35:40.521][I][AutoBaseFunction.py(wrapper):7] __main__ : __wigets_setupUi 실행 시작
[2022-09-27 17:35:40.521][I][AutoBaseFunction.py(wrapper):8] Parameter : 
[2022-09-27 17:35:40.522][I][AutoBaseFunction.py(wrapper):7] Screen.Setup_Language : setupUI_Language 실행 시작
[2022-09-27 17:35:40.522][I][AutoBaseFunction.py(wrapper):8] Parameter : 
[2022-09-27 17:35:40.523][I][AutoBaseFunction.py(wrapper):7] Screen.Setup_Language : sl_set_slot 실행 시작
[2022-09-27 17:35:40.523][I][AutoBaseFunction.py(wrapper):8] Parameter : 
[2022-09-27 17:35:40.524][I][AutoBaseFunction.py(wrapper):14] Screen.Setup_Language : sl_set_slot 실행 종료
[2022-09-27 17:35:40.524][I][AutoBaseFunction.py(wrapper):14] Screen.Setup_Language : setupUI_Language 실행 종료
[2022-09-27 17:35:40.525][I][AutoBaseFunction.py(wrapper):7] Screen.Menu_CreateExcel : setupUI_CreateExcel 실행 시작
[2022-09-27 17:35:40.525][I][AutoBaseFunction.py(wrapper):8] Parameter : 
[2022-09-27 17:35:40.527][I][AutoBaseFunction.py(wrapper):7] Screen.Menu_CreateExcel : new_excel_func 실행 시작
[2022-09-27 17:35:40.528][I][AutoBaseFunction.py(wrapper):8] Parameter : 
[2022-09-27 17:35:40.530][I][AutoBaseFunction.py(wrapper):14] Screen.Menu_CreateExcel : new_excel_func 실행 종료
[2022-09-27 17:35:40.531][I][AutoBaseFunction.py(wrapper):7] Screen.Menu_CreateExcel : set_excel_func 실행 시작
[2022-09-27 17:35:40.532][I][AutoBaseFunction.py(wrapper):8] Parameter : 
[2022-09-27 17:35:40.533][I][AutoBaseFunction.py(wrapper):14] Screen.Menu_CreateExcel : set_excel_func 실행 종료
[2022-09-27 17:35:40.534][I][AutoBaseFunction.py(wrapper):14] Screen.Menu_CreateExcel : setupUI_CreateExcel 실행 종료
[2022-09-27 17:35:40.534][I][AutoBaseFunction.py(wrapper):7] Screen.Setup_Field : setupUI_Field 실행 시작
[2022-09-27 17:35:40.535][I][AutoBaseFunction.py(wrapper):8] Parameter : 
[2022-09-27 17:35:40.538][I][AutoBaseFunction.py(wrapper):7] Screen.Setup_Field : set_data 실행 시작
[2022-09-27 17:35:40.538][I][AutoBaseFunction.py(wrapper):8] Parameter : 
[2022-09-27 17:35:40.539][I][AutoBaseFunction.py(wrapper):14] Screen.Setup_Field : set_data 실행 종료
[2022-09-27 17:35:40.768][I][AutoBaseFunction.py(wrapper):7] Screen.Setup_Field : set_data 실행 시작
[2022-09-27 17:35:40.768][I][AutoBaseFunction.py(wrapper):8] Parameter : 
[2022-09-27 17:35:40.769][I][AutoBaseFunction.py(wrapper):14] Screen.Setup_Field : set_data 실행 종료
[2022-09-27 17:35:40.770][I][AutoBaseFunction.py(wrapper):7] Screen.Setup_Field : set_data 실행 시작
[2022-09-27 17:35:40.770][I][AutoBaseFunction.py(wrapper):8] Parameter : 
[2022-09-27 17:35:40.770][I][AutoBaseFunction.py(wrapper):14] Screen.Setup_Field : set_data 실행 종료
[2022-09-27 17:35:40.771][I][AutoBaseFunction.py(wrapper):7] Screen.Setup_Field : set_data 실행 시작
[2022-09-27 17:35:40.771][I][AutoBaseFunction.py(wrapper):8] Parameter : 
[2022-09-27 17:35:40.771][I][AutoBaseFunction.py(wrapper):14] Screen.Setup_Field : set_data 실행 종료
[2022-09-27 17:35:40.772][I][AutoBaseFunction.py(wrapper):7] Screen.Setup_Field : set_data 실행 시작
[2022-09-27 17:35:40.772][I][AutoBaseFunction.py(wrapper):8] Parameter : 
[2022-09-27 17:35:40.772][I][AutoBaseFunction.py(wrapper):14] Screen.Setup_Field : set_data 실행 종료
[2022-09-27 17:35:40.772][I][AutoBaseFunction.py(wrapper):7] Screen.Setup_Field : set_data 실행 시작
[2022-09-27 17:35:40.773][I][AutoBaseFunction.py(wrapper):8] Parameter : 
[2022-09-27 17:35:40.773][I][AutoBaseFunction.py(wrapper):14] Screen.Setup_Field : set_data 실행 종료
[2022-09-27 17:35:40.773][I][AutoBaseFunction.py(wrapper):7] Screen.Setup_Field : sl_set_slot 실행 시작
[2022-09-27 17:35:40.773][I][AutoBaseFunction.py(wrapper):8] Parameter : 
[2022-09-27 17:35:40.774][I][AutoBaseFunction.py(wrapper):14] Screen.Setup_Field : sl_set_slot 실행 종료
[2022-09-27 17:35:40.774][I][AutoBaseFunction.py(wrapper):14] Screen.Setup_Field : setupUI_Field 실행 종료
[2022-09-27 17:35:40.774][I][AutoBaseFunction.py(wrapper):7] Screen.Setup_TestList : setupUI_TestList 실행 시작
[2022-09-27 17:35:40.774][I][AutoBaseFunction.py(wrapper):8] Parameter : 
[2022-09-27 17:35:40.775][I][AutoBaseFunction.py(wrapper):7] Screen.Setup_TestList : btn_set_slot 실행 시작
[2022-09-27 17:35:40.775][I][AutoBaseFunction.py(wrapper):8] Parameter : 
[2022-09-27 17:35:40.776][I][AutoBaseFunction.py(wrapper):14] Screen.Setup_TestList : btn_set_slot 실행 종료
[2022-09-27 17:35:40.776][I][AutoBaseFunction.py(wrapper):14] Screen.Setup_TestList : setupUI_TestList 실행 종료
[2022-09-27 17:35:40.776][I][AutoBaseFunction.py(wrapper):14] __main__ : __wigets_setupUi 실행 종료
[2022-09-27 17:35:42.616][I][AutoBaseFunction.py(wrapper):7] __main__ : __tl_ui 실행 시작
[2022-09-27 17:35:42.617][I][AutoBaseFunction.py(wrapper):8] Parameter : False
[2022-09-27 17:35:42.617][I][AutoBaseFunction.py(wrapper):7] Screen.Setup_TestList : setTest_Button 실행 시작
[2022-09-27 17:35:42.618][I][AutoBaseFunction.py(wrapper):8] Parameter : 
[2022-09-27 17:35:42.620][I][AutoBaseFunction.py(wrapper):14] Screen.Setup_TestList : setTest_Button 실행 종료
[2022-09-27 17:35:42.634][I][AutoBaseFunction.py(wrapper):14] __main__ : __tl_ui 실행 종료
[2022-09-27 17:35:45.056][I][AutoBaseFunction.py(wrapper):7] Screen.Setup_TestList : cancel_Button_clicked 실행 시작
[2022-09-27 17:35:45.056][I][AutoBaseFunction.py(wrapper):8] Parameter : False
[2022-09-27 17:35:45.056][I][AutoBaseFunction.py(wrapper):7] Screen.Setup_TestList : closeEvent 실행 시작
[2022-09-27 17:35:45.057][I][AutoBaseFunction.py(wrapper):8] Parameter : <PyQt5.QtGui.QCloseEvent object at 0x0000022F5CF64708>
[2022-09-27 17:35:45.058][I][AutoBaseFunction.py(wrapper):14] Screen.Setup_TestList : closeEvent 실행 종료
[2022-09-27 17:35:45.062][I][AutoBaseFunction.py(wrapper):14] Screen.Setup_TestList : cancel_Button_clicked 실행 종료
[2022-09-27 17:35:46.991][I][AutoBaseFunction.py(wrapper):7] Screen.MainWindow : closeEvent 실행 시작
[2022-09-27 17:35:46.992][I][AutoBaseFunction.py(wrapper):8] Parameter : <PyQt5.QtGui.QCloseEvent object at 0x0000022F5CF64708>
