[2022-09-22 11:06:45.106][D][LogManager.py(Init):12] LogManager Init function called !!!
[2022-09-22 11:06:45.118][I][AutoBaseFunction.py(wrapper):7] Screen.MainWindow : setupUi 실행 시작
[2022-09-22 11:06:45.119][I][AutoBaseFunction.py(wrapper):8] Parameter : 
[2022-09-22 11:06:45.134][I][AutoBaseFunction.py(wrapper):7] Screen.MainWindow : set_field 실행 시작
[2022-09-22 11:06:45.135][I][AutoBaseFunction.py(wrapper):8] Parameter : 
[2022-09-22 11:06:45.164][I][AutoBaseFunction.py(wrapper):14] Screen.MainWindow : set_field 실행 종료
[2022-09-22 11:06:45.164][I][AutoBaseFunction.py(wrapper):7] Screen.MainWindow : setWidget_func 실행 시작
[2022-09-22 11:06:45.164][I][AutoBaseFunction.py(wrapper):8] Parameter : 
[2022-09-22 11:06:45.166][I][AutoBaseFunction.py(wrapper):14] Screen.MainWindow : setWidget_func 실행 종료
[2022-09-22 11:06:45.169][I][AutoBaseFunction.py(wrapper):14] Screen.MainWindow : setupUi 실행 종료
[2022-09-22 11:06:45.175][I][AutoBaseFunction.py(wrapper):7] __main__ : __set_slot 실행 시작
[2022-09-22 11:06:45.176][I][AutoBaseFunction.py(wrapper):8] Parameter : 
[2022-09-22 11:06:45.176][I][AutoBaseFunction.py(wrapper):14] __main__ : __set_slot 실행 종료
[2022-09-22 11:06:45.176][I][AutoBaseFunction.py(wrapper):7] __main__ : __wigets_setupUi 실행 시작
[2022-09-22 11:06:45.177][I][AutoBaseFunction.py(wrapper):8] Parameter : 
[2022-09-22 11:06:45.177][I][AutoBaseFunction.py(wrapper):7] Screen.Setup_Language : setupUI_Language 실행 시작
[2022-09-22 11:06:45.177][I][AutoBaseFunction.py(wrapper):8] Parameter : 
[2022-09-22 11:06:45.178][I][AutoBaseFunction.py(wrapper):7] Screen.Setup_Language : sl_set_slot 실행 시작
[2022-09-22 11:06:45.178][I][AutoBaseFunction.py(wrapper):8] Parameter : 
[2022-09-22 11:06:45.179][I][AutoBaseFunction.py(wrapper):14] Screen.Setup_Language : sl_set_slot 실행 종료
[2022-09-22 11:06:45.179][I][AutoBaseFunction.py(wrapper):14] Screen.Setup_Language : setupUI_Language 실행 종료
[2022-09-22 11:06:45.179][I][AutoBaseFunction.py(wrapper):7] Screen.Menu_CreateExcel : setupUI_CreateExcel 실행 시작
[2022-09-22 11:06:45.180][I][AutoBaseFunction.py(wrapper):8] Parameter : 
[2022-09-22 11:06:45.181][I][AutoBaseFunction.py(wrapper):7] Screen.Menu_CreateExcel : new_excel_func 실행 시작
[2022-09-22 11:06:45.181][I][AutoBaseFunction.py(wrapper):8] Parameter : 
[2022-09-22 11:06:45.181][I][AutoBaseFunction.py(wrapper):14] Screen.Menu_CreateExcel : new_excel_func 실행 종료
[2022-09-22 11:06:45.182][I][AutoBaseFunction.py(wrapper):7] Screen.Menu_CreateExcel : set_excel_func 실행 시작
[2022-09-22 11:06:45.182][I][AutoBaseFunction.py(wrapper):8] Parameter : 
[2022-09-22 11:06:45.182][I][AutoBaseFunction.py(wrapper):14] Screen.Menu_CreateExcel : set_excel_func 실행 종료
[2022-09-22 11:06:45.184][I][AutoBaseFunction.py(wrapper):14] Screen.Menu_CreateExcel : setupUI_CreateExcel 실행 종료
[2022-09-22 11:06:45.184][I][AutoBaseFunction.py(wrapper):7] Screen.Setup_Field : setupUI_Field 실행 시작
[2022-09-22 11:06:45.184][I][AutoBaseFunction.py(wrapper):8] Parameter : 
[2022-09-22 11:06:45.185][I][AutoBaseFunction.py(wrapper):7] Screen.Setup_Field : set_data 실행 시작
[2022-09-22 11:06:45.185][I][AutoBaseFunction.py(wrapper):8] Parameter : 
[2022-09-22 11:06:45.186][I][AutoBaseFunction.py(wrapper):14] Screen.Setup_Field : set_data 실행 종료
[2022-09-22 11:06:45.412][I][AutoBaseFunction.py(wrapper):7] Screen.Setup_Field : set_data 실행 시작
[2022-09-22 11:06:45.412][I][AutoBaseFunction.py(wrapper):8] Parameter : 
[2022-09-22 11:06:45.412][I][AutoBaseFunction.py(wrapper):14] Screen.Setup_Field : set_data 실행 종료
[2022-09-22 11:06:45.413][I][AutoBaseFunction.py(wrapper):7] Screen.Setup_Field : set_data 실행 시작
[2022-09-22 11:06:45.413][I][AutoBaseFunction.py(wrapper):8] Parameter : 
[2022-09-22 11:06:45.414][I][AutoBaseFunction.py(wrapper):14] Screen.Setup_Field : set_data 실행 종료
[2022-09-22 11:06:45.414][I][AutoBaseFunction.py(wrapper):7] Screen.Setup_Field : set_data 실행 시작
[2022-09-22 11:06:45.414][I][AutoBaseFunction.py(wrapper):8] Parameter : 
[2022-09-22 11:06:45.414][I][AutoBaseFunction.py(wrapper):14] Screen.Setup_Field : set_data 실행 종료
[2022-09-22 11:06:45.415][I][AutoBaseFunction.py(wrapper):7] Screen.Setup_Field : set_data 실행 시작
[2022-09-22 11:06:45.415][I][AutoBaseFunction.py(wrapper):8] Parameter : 
[2022-09-22 11:06:45.415][I][AutoBaseFunction.py(wrapper):14] Screen.Setup_Field : set_data 실행 종료
[2022-09-22 11:06:45.416][I][AutoBaseFunction.py(wrapper):7] Screen.Setup_Field : set_data 실행 시작
[2022-09-22 11:06:45.416][I][AutoBaseFunction.py(wrapper):8] Parameter : 
[2022-09-22 11:06:45.416][I][AutoBaseFunction.py(wrapper):14] Screen.Setup_Field : set_data 실행 종료
[2022-09-22 11:06:45.417][I][AutoBaseFunction.py(wrapper):7] Screen.Setup_Field : sl_set_slot 실행 시작
[2022-09-22 11:06:45.417][I][AutoBaseFunction.py(wrapper):8] Parameter : 
[2022-09-22 11:06:45.417][I][AutoBaseFunction.py(wrapper):14] Screen.Setup_Field : sl_set_slot 실행 종료
[2022-09-22 11:06:45.417][I][AutoBaseFunction.py(wrapper):14] Screen.Setup_Field : setupUI_Field 실행 종료
[2022-09-22 11:06:45.418][I][AutoBaseFunction.py(wrapper):7] Screen.Setup_TestList : setupUI_TestList 실행 시작
[2022-09-22 11:06:45.418][I][AutoBaseFunction.py(wrapper):8] Parameter : 
[2022-09-22 11:06:45.419][I][AutoBaseFunction.py(wrapper):7] Screen.Setup_TestList : btn_set_slot 실행 시작
[2022-09-22 11:06:45.419][I][AutoBaseFunction.py(wrapper):8] Parameter : 
[2022-09-22 11:06:45.420][I][AutoBaseFunction.py(wrapper):14] Screen.Setup_TestList : btn_set_slot 실행 종료
[2022-09-22 11:06:45.420][I][AutoBaseFunction.py(wrapper):14] Screen.Setup_TestList : setupUI_TestList 실행 종료
[2022-09-22 11:06:45.420][I][AutoBaseFunction.py(wrapper):14] __main__ : __wigets_setupUi 실행 종료
[2022-09-22 11:06:47.662][I][AutoBaseFunction.py(wrapper):7] Screen.MainWindow : update_open_menu 실행 시작
[2022-09-22 11:06:47.663][I][AutoBaseFunction.py(wrapper):8] Parameter : 
[2022-09-22 11:06:47.664][I][AutoBaseFunction.py(wrapper):14] Screen.MainWindow : update_open_menu 실행 종료
[2022-09-22 11:06:48.245][I][AutoBaseFunction.py(wrapper):7] Screen.MainWindow : update_open_menu 실행 시작
[2022-09-22 11:06:48.245][I][AutoBaseFunction.py(wrapper):8] Parameter : 
[2022-09-22 11:06:48.247][I][AutoBaseFunction.py(wrapper):14] Screen.MainWindow : update_open_menu 실행 종료
[2022-09-22 11:06:59.109][I][AutoBaseFunction.py(wrapper):7] Screen.MainWindow : update_open_menu 실행 시작
[2022-09-22 11:06:59.109][I][AutoBaseFunction.py(wrapper):8] Parameter : 
[2022-09-22 11:06:59.110][I][AutoBaseFunction.py(wrapper):14] Screen.MainWindow : update_open_menu 실행 종료
