[2022-09-22 08:52:23.704][D][LogManager.py(Init):12] LogManager Init function called !!!
[2022-09-22 08:52:23.788][I][AutoBaseFunction.py(wrapper):7] Screen.MainWindow : setupUi 실행 시작
[2022-09-22 08:52:23.789][I][AutoBaseFunction.py(wrapper):8] Parameter : 
[2022-09-22 08:52:23.926][I][AutoBaseFunction.py(wrapper):7] Screen.MainWindow : set_field 실행 시작
[2022-09-22 08:52:23.926][I][AutoBaseFunction.py(wrapper):8] Parameter : 
[2022-09-22 08:52:24.042][I][AutoBaseFunction.py(wrapper):14] Screen.MainWindow : set_field 실행 종료
[2022-09-22 08:52:24.043][I][AutoBaseFunction.py(wrapper):7] Screen.MainWindow : setWidget_func 실행 시작
[2022-09-22 08:52:24.043][I][AutoBaseFunction.py(wrapper):8] Parameter : 
[2022-09-22 08:52:24.045][I][AutoBaseFunction.py(wrapper):14] Screen.MainWindow : setWidget_func 실행 종료
[2022-09-22 08:52:24.048][I][AutoBaseFunction.py(wrapper):14] Screen.MainWindow : setupUi 실행 종료
[2022-09-22 08:52:24.054][I][AutoBaseFunction.py(wrapper):7] __main__ : __set_slot 실행 시작
[2022-09-22 08:52:24.054][I][AutoBaseFunction.py(wrapper):8] Parameter : 
[2022-09-22 08:52:24.055][I][AutoBaseFunction.py(wrapper):14] __main__ : __set_slot 실행 종료
[2022-09-22 08:52:24.056][I][AutoBaseFunction.py(wrapper):7] __main__ : __wigets_setupUi 실행 시작
[2022-09-22 08:52:24.056][I][AutoBaseFunction.py(wrapper):8] Parameter : 
[2022-09-22 08:52:24.056][I][AutoBaseFunction.py(wrapper):7] Screen.Setup_Language : setupUI_Language 실행 시작
[2022-09-22 08:52:24.057][I][AutoBaseFunction.py(wrapper):8] Parameter : 
[2022-09-22 08:52:24.058][I][AutoBaseFunction.py(wrapper):7] Screen.Setup_Language : sl_set_slot 실행 시작
[2022-09-22 08:52:24.058][I][AutoBaseFunction.py(wrapper):8] Parameter : 
[2022-09-22 08:52:24.059][I][AutoBaseFunction.py(wrapper):14] Screen.Setup_Language : sl_set_slot 실행 종료
[2022-09-22 08:52:24.059][I][AutoBaseFunction.py(wrapper):14] Screen.Setup_Language : setupUI_Language 실행 종료
[2022-09-22 08:52:24.059][I][AutoBaseFunction.py(wrapper):7] Screen.Menu_CreateExcel : setupUI_CreateExcel 실행 시작
[2022-09-22 08:52:24.060][I][AutoBaseFunction.py(wrapper):8] Parameter : 
[2022-09-22 08:52:24.061][I][AutoBaseFunction.py(wrapper):7] Screen.Menu_CreateExcel : new_excel_func 실행 시작
[2022-09-22 08:52:24.061][I][AutoBaseFunction.py(wrapper):8] Parameter : 
[2022-09-22 08:52:24.061][I][AutoBaseFunction.py(wrapper):14] Screen.Menu_CreateExcel : new_excel_func 실행 종료
[2022-09-22 08:52:24.061][I][AutoBaseFunction.py(wrapper):7] Screen.Menu_CreateExcel : set_excel_func 실행 시작
[2022-09-22 08:52:24.061][I][AutoBaseFunction.py(wrapper):8] Parameter : 
[2022-09-22 08:52:24.062][I][AutoBaseFunction.py(wrapper):14] Screen.Menu_CreateExcel : set_excel_func 실행 종료
[2022-09-22 08:52:24.062][I][AutoBaseFunction.py(wrapper):14] Screen.Menu_CreateExcel : setupUI_CreateExcel 실행 종료
[2022-09-22 08:52:24.062][I][AutoBaseFunction.py(wrapper):7] Screen.Setup_Field : setupUI_Field 실행 시작
[2022-09-22 08:52:24.062][I][AutoBaseFunction.py(wrapper):8] Parameter : 
[2022-09-22 08:52:24.063][I][AutoBaseFunction.py(wrapper):7] Screen.Setup_Field : set_data 실행 시작
[2022-09-22 08:52:24.063][I][AutoBaseFunction.py(wrapper):8] Parameter : 
[2022-09-22 08:52:24.064][I][AutoBaseFunction.py(wrapper):14] Screen.Setup_Field : set_data 실행 종료
[2022-09-22 08:52:24.738][I][AutoBaseFunction.py(wrapper):7] Screen.Setup_Field : set_data 실행 시작
[2022-09-22 08:52:24.738][I][AutoBaseFunction.py(wrapper):8] Parameter : 
[2022-09-22 08:52:24.739][I][AutoBaseFunction.py(wrapper):14] Screen.Setup_Field : set_data 실행 종료
[2022-09-22 08:52:24.739][I][AutoBaseFunction.py(wrapper):7] Screen.Setup_Field : set_data 실행 시작
[2022-09-22 08:52:24.739][I][AutoBaseFunction.py(wrapper):8] Parameter : 
[2022-09-22 08:52:24.740][I][AutoBaseFunction.py(wrapper):14] Screen.Setup_Field : set_data 실행 종료
[2022-09-22 08:52:24.740][I][AutoBaseFunction.py(wrapper):7] Screen.Setup_Field : set_data 실행 시작
[2022-09-22 08:52:24.740][I][AutoBaseFunction.py(wrapper):8] Parameter : 
[2022-09-22 08:52:24.740][I][AutoBaseFunction.py(wrapper):14] Screen.Setup_Field : set_data 실행 종료
[2022-09-22 08:52:24.741][I][AutoBaseFunction.py(wrapper):7] Screen.Setup_Field : set_data 실행 시작
[2022-09-22 08:52:24.741][I][AutoBaseFunction.py(wrapper):8] Parameter : 
[2022-09-22 08:52:24.741][I][AutoBaseFunction.py(wrapper):14] Screen.Setup_Field : set_data 실행 종료
[2022-09-22 08:52:24.741][I][AutoBaseFunction.py(wrapper):7] Screen.Setup_Field : set_data 실행 시작
[2022-09-22 08:52:24.741][I][AutoBaseFunction.py(wrapper):8] Parameter : 
[2022-09-22 08:52:24.742][I][AutoBaseFunction.py(wrapper):14] Screen.Setup_Field : set_data 실행 종료
[2022-09-22 08:52:24.742][I][AutoBaseFunction.py(wrapper):7] Screen.Setup_Field : sl_set_slot 실행 시작
[2022-09-22 08:52:24.742][I][AutoBaseFunction.py(wrapper):8] Parameter : 
[2022-09-22 08:52:24.742][I][AutoBaseFunction.py(wrapper):14] Screen.Setup_Field : sl_set_slot 실행 종료
[2022-09-22 08:52:24.742][I][AutoBaseFunction.py(wrapper):14] Screen.Setup_Field : setupUI_Field 실행 종료
[2022-09-22 08:52:24.743][I][AutoBaseFunction.py(wrapper):7] Screen.Setup_TestList : setupUI_TestList 실행 시작
[2022-09-22 08:52:24.743][I][AutoBaseFunction.py(wrapper):8] Parameter : 
[2022-09-22 08:52:24.744][I][AutoBaseFunction.py(wrapper):7] Screen.Setup_TestList : btn_set_slot 실행 시작
[2022-09-22 08:52:24.744][I][AutoBaseFunction.py(wrapper):8] Parameter : 
[2022-09-22 08:52:24.744][I][AutoBaseFunction.py(wrapper):14] Screen.Setup_TestList : btn_set_slot 실행 종료
[2022-09-22 08:52:24.744][I][AutoBaseFunction.py(wrapper):14] Screen.Setup_TestList : setupUI_TestList 실행 종료
[2022-09-22 08:52:24.744][I][AutoBaseFunction.py(wrapper):14] __main__ : __wigets_setupUi 실행 종료
[2022-09-22 08:52:26.689][I][AutoBaseFunction.py(wrapper):7] Screen.MainWindow : update_open_menu 실행 시작
[2022-09-22 08:52:26.689][I][AutoBaseFunction.py(wrapper):8] Parameter : 
[2022-09-22 08:52:26.691][I][AutoBaseFunction.py(wrapper):14] Screen.MainWindow : update_open_menu 실행 종료
[2022-09-22 08:52:27.662][I][AutoBaseFunction.py(wrapper):7] Screen.MainWindow : update_open_menu 실행 시작
[2022-09-22 08:52:27.662][I][AutoBaseFunction.py(wrapper):8] Parameter : 
[2022-09-22 08:52:27.663][I][AutoBaseFunction.py(wrapper):14] Screen.MainWindow : update_open_menu 실행 종료
[2022-09-22 08:52:28.052][I][AutoBaseFunction.py(wrapper):7] __main__ : __sl_ui 실행 시작
[2022-09-22 08:52:28.052][I][AutoBaseFunction.py(wrapper):8] Parameter : False
[2022-09-22 08:52:28.052][I][AutoBaseFunction.py(wrapper):7] Screen.Setup_Language : setLang_Button 실행 시작
[2022-09-22 08:52:28.053][I][AutoBaseFunction.py(wrapper):8] Parameter : 
[2022-09-22 08:52:28.054][I][AutoBaseFunction.py(wrapper):14] Screen.Setup_Language : setLang_Button 실행 종료
[2022-09-22 08:52:28.066][I][AutoBaseFunction.py(wrapper):14] __main__ : __sl_ui 실행 종료
[2022-09-22 08:52:28.755][I][AutoBaseFunction.py(wrapper):7] Screen.Setup_Language : keyPressEvent 실행 시작
[2022-09-22 08:52:28.756][I][AutoBaseFunction.py(wrapper):8] Parameter : <PyQt5.QtGui.QKeyEvent object at 0x000001F361224828>
[2022-09-22 08:52:28.756][I][AutoBaseFunction.py(wrapper):7] Screen.Setup_Language : ok_Button_clicked 실행 시작
[2022-09-22 08:52:28.757][I][AutoBaseFunction.py(wrapper):8] Parameter : 
[2022-09-22 08:52:29.000][I][AutoBaseFunction.py(wrapper):7] Screen.Setup_Language : closeEvent 실행 시작
[2022-09-22 08:52:29.001][I][AutoBaseFunction.py(wrapper):8] Parameter : <PyQt5.QtGui.QCloseEvent object at 0x000001F361224AF8>
[2022-09-22 08:52:29.002][I][AutoBaseFunction.py(wrapper):14] Screen.Setup_Language : closeEvent 실행 종료
[2022-09-22 08:52:29.006][I][AutoBaseFunction.py(wrapper):14] Screen.Setup_Language : ok_Button_clicked 실행 종료
[2022-09-22 08:52:29.006][I][AutoBaseFunction.py(wrapper):14] Screen.Setup_Language : keyPressEvent 실행 종료
[2022-09-22 08:52:30.085][I][AutoBaseFunction.py(wrapper):7] Screen.MainWindow : update_open_menu 실행 시작
[2022-09-22 08:52:30.085][I][AutoBaseFunction.py(wrapper):8] Parameter : 
[2022-09-22 08:52:30.087][I][AutoBaseFunction.py(wrapper):14] Screen.MainWindow : update_open_menu 실행 종료
[2022-09-22 08:52:35.763][I][AutoBaseFunction.py(wrapper):7] Screen.MainWindow : closeEvent 실행 시작
[2022-09-22 08:52:35.763][I][AutoBaseFunction.py(wrapper):8] Parameter : <PyQt5.QtGui.QCloseEvent object at 0x000001F36128EE58>
