[2022-09-27 17:32:32.787][D][LogManager.py(Init):12] LogManager Init function called !!!
[2022-09-27 17:32:32.800][I][AutoBaseFunction.py(wrapper):7] Screen.MainWindow : setupUi 실행 시작
[2022-09-27 17:32:32.800][I][AutoBaseFunction.py(wrapper):8] Parameter : 
[2022-09-27 17:32:32.817][I][AutoBaseFunction.py(wrapper):7] Screen.MainWindow : set_field 실행 시작
[2022-09-27 17:32:32.817][I][AutoBaseFunction.py(wrapper):8] Parameter : 
[2022-09-27 17:32:32.844][I][AutoBaseFunction.py(wrapper):14] Screen.MainWindow : set_field 실행 종료
[2022-09-27 17:32:32.845][I][AutoBaseFunction.py(wrapper):7] Screen.MainWindow : setWidget_func 실행 시작
[2022-09-27 17:32:32.845][I][AutoBaseFunction.py(wrapper):8] Parameter : 
[2022-09-27 17:32:32.846][I][AutoBaseFunction.py(wrapper):14] Screen.MainWindow : setWidget_func 실행 종료
[2022-09-27 17:32:32.849][I][AutoBaseFunction.py(wrapper):14] Screen.MainWindow : setupUi 실행 종료
[2022-09-27 17:32:32.854][I][AutoBaseFunction.py(wrapper):7] __main__ : __set_slot 실행 시작
[2022-09-27 17:32:32.855][I][AutoBaseFunction.py(wrapper):8] Parameter : 
[2022-09-27 17:32:32.855][I][AutoBaseFunction.py(wrapper):14] __main__ : __set_slot 실행 종료
[2022-09-27 17:32:32.856][I][AutoBaseFunction.py(wrapper):7] __main__ : __wigets_setupUi 실행 시작
[2022-09-27 17:32:32.856][I][AutoBaseFunction.py(wrapper):8] Parameter : 
[2022-09-27 17:32:32.856][I][AutoBaseFunction.py(wrapper):7] Screen.Setup_Language : setupUI_Language 실행 시작
[2022-09-27 17:32:32.856][I][AutoBaseFunction.py(wrapper):8] Parameter : 
[2022-09-27 17:32:32.857][I][AutoBaseFunction.py(wrapper):7] Screen.Setup_Language : sl_set_slot 실행 시작
[2022-09-27 17:32:32.857][I][AutoBaseFunction.py(wrapper):8] Parameter : 
[2022-09-27 17:32:32.858][I][AutoBaseFunction.py(wrapper):14] Screen.Setup_Language : sl_set_slot 실행 종료
[2022-09-27 17:32:32.858][I][AutoBaseFunction.py(wrapper):14] Screen.Setup_Language : setupUI_Language 실행 종료
[2022-09-27 17:32:32.858][I][AutoBaseFunction.py(wrapper):7] Screen.Menu_CreateExcel : setupUI_CreateExcel 실행 시작
[2022-09-27 17:32:32.858][I][AutoBaseFunction.py(wrapper):8] Parameter : 
[2022-09-27 17:32:32.859][I][AutoBaseFunction.py(wrapper):7] Screen.Menu_CreateExcel : new_excel_func 실행 시작
[2022-09-27 17:32:32.860][I][AutoBaseFunction.py(wrapper):8] Parameter : 
[2022-09-27 17:32:32.860][I][AutoBaseFunction.py(wrapper):14] Screen.Menu_CreateExcel : new_excel_func 실행 종료
[2022-09-27 17:32:32.860][I][AutoBaseFunction.py(wrapper):7] Screen.Menu_CreateExcel : set_excel_func 실행 시작
[2022-09-27 17:32:32.860][I][AutoBaseFunction.py(wrapper):8] Parameter : 
[2022-09-27 17:32:32.861][I][AutoBaseFunction.py(wrapper):14] Screen.Menu_CreateExcel : set_excel_func 실행 종료
[2022-09-27 17:32:32.861][I][AutoBaseFunction.py(wrapper):14] Screen.Menu_CreateExcel : setupUI_CreateExcel 실행 종료
[2022-09-27 17:32:32.861][I][AutoBaseFunction.py(wrapper):7] Screen.Setup_Field : setupUI_Field 실행 시작
[2022-09-27 17:32:32.861][I][AutoBaseFunction.py(wrapper):8] Parameter : 
[2022-09-27 17:32:32.863][I][AutoBaseFunction.py(wrapper):7] Screen.Setup_Field : set_data 실행 시작
[2022-09-27 17:32:32.863][I][AutoBaseFunction.py(wrapper):8] Parameter : 
[2022-09-27 17:32:32.863][I][AutoBaseFunction.py(wrapper):14] Screen.Setup_Field : set_data 실행 종료
[2022-09-27 17:32:33.099][I][AutoBaseFunction.py(wrapper):7] Screen.Setup_Field : set_data 실행 시작
[2022-09-27 17:32:33.099][I][AutoBaseFunction.py(wrapper):8] Parameter : 
[2022-09-27 17:32:33.100][I][AutoBaseFunction.py(wrapper):14] Screen.Setup_Field : set_data 실행 종료
[2022-09-27 17:32:33.100][I][AutoBaseFunction.py(wrapper):7] Screen.Setup_Field : set_data 실행 시작
[2022-09-27 17:32:33.101][I][AutoBaseFunction.py(wrapper):8] Parameter : 
[2022-09-27 17:32:33.101][I][AutoBaseFunction.py(wrapper):14] Screen.Setup_Field : set_data 실행 종료
[2022-09-27 17:32:33.101][I][AutoBaseFunction.py(wrapper):7] Screen.Setup_Field : set_data 실행 시작
[2022-09-27 17:32:33.102][I][AutoBaseFunction.py(wrapper):8] Parameter : 
[2022-09-27 17:32:33.102][I][AutoBaseFunction.py(wrapper):14] Screen.Setup_Field : set_data 실행 종료
[2022-09-27 17:32:33.102][I][AutoBaseFunction.py(wrapper):7] Screen.Setup_Field : set_data 실행 시작
[2022-09-27 17:32:33.102][I][AutoBaseFunction.py(wrapper):8] Parameter : 
[2022-09-27 17:32:33.103][I][AutoBaseFunction.py(wrapper):14] Screen.Setup_Field : set_data 실행 종료
[2022-09-27 17:32:33.103][I][AutoBaseFunction.py(wrapper):7] Screen.Setup_Field : set_data 실행 시작
[2022-09-27 17:32:33.103][I][AutoBaseFunction.py(wrapper):8] Parameter : 
[2022-09-27 17:32:33.103][I][AutoBaseFunction.py(wrapper):14] Screen.Setup_Field : set_data 실행 종료
[2022-09-27 17:32:33.104][I][AutoBaseFunction.py(wrapper):7] Screen.Setup_Field : sl_set_slot 실행 시작
[2022-09-27 17:32:33.104][I][AutoBaseFunction.py(wrapper):8] Parameter : 
[2022-09-27 17:32:33.104][I][AutoBaseFunction.py(wrapper):14] Screen.Setup_Field : sl_set_slot 실행 종료
[2022-09-27 17:32:33.104][I][AutoBaseFunction.py(wrapper):14] Screen.Setup_Field : setupUI_Field 실행 종료
[2022-09-27 17:32:33.104][I][AutoBaseFunction.py(wrapper):7] Screen.Setup_TestList : setupUI_TestList 실행 시작
[2022-09-27 17:32:33.105][I][AutoBaseFunction.py(wrapper):8] Parameter : 
[2022-09-27 17:32:33.106][I][AutoBaseFunction.py(wrapper):7] Screen.Setup_TestList : btn_set_slot 실행 시작
[2022-09-27 17:32:33.106][I][AutoBaseFunction.py(wrapper):8] Parameter : 
[2022-09-27 17:32:33.106][I][AutoBaseFunction.py(wrapper):14] Screen.Setup_TestList : btn_set_slot 실행 종료
[2022-09-27 17:32:33.106][I][AutoBaseFunction.py(wrapper):14] Screen.Setup_TestList : setupUI_TestList 실행 종료
[2022-09-27 17:32:33.106][I][AutoBaseFunction.py(wrapper):14] __main__ : __wigets_setupUi 실행 종료
[2022-09-27 17:32:35.076][I][AutoBaseFunction.py(wrapper):7] __main__ : __tl_ui 실행 시작
[2022-09-27 17:32:35.076][I][AutoBaseFunction.py(wrapper):8] Parameter : False
[2022-09-27 17:32:35.077][I][AutoBaseFunction.py(wrapper):7] Screen.Setup_TestList : setTest_Button 실행 시작
[2022-09-27 17:32:35.077][I][AutoBaseFunction.py(wrapper):8] Parameter : 
[2022-09-27 17:32:35.080][W][LogManager.py(set_warn):86] : Traceback (most recent call last):
  File "D:\test\TestList_CSV\2022_skillup\Settings\Setup.py", line 30, in read_ini__test
    example = self.config[table]
  File "c:\python\3_7_9x64\lib\configparser.py", line 958, in __getitem__
    raise KeyError(key)
KeyError: 'Test_List'

[2022-09-27 17:32:35.081][I][AutoBaseFunction.py(wrapper):14] Screen.Setup_TestList : setTest_Button 실행 종료
[2022-09-27 17:32:35.094][I][AutoBaseFunction.py(wrapper):14] __main__ : __tl_ui 실행 종료
[2022-09-27 17:32:46.010][I][AutoBaseFunction.py(wrapper):7] Screen.Setup_TestList : ok_Button_clicked 실행 시작
[2022-09-27 17:32:46.011][I][AutoBaseFunction.py(wrapper):8] Parameter : False
[2022-09-27 17:32:46.311][I][AutoBaseFunction.py(wrapper):7] Screen.MainWindow : setWidget_func 실행 시작
[2022-09-27 17:32:46.311][I][AutoBaseFunction.py(wrapper):8] Parameter : 
[2022-09-27 17:32:46.312][I][AutoBaseFunction.py(wrapper):14] Screen.MainWindow : setWidget_func 실행 종료
[2022-09-27 17:32:46.312][I][AutoBaseFunction.py(wrapper):7] Screen.Setup_TestList : closeEvent 실행 시작
[2022-09-27 17:32:46.313][I][AutoBaseFunction.py(wrapper):8] Parameter : <PyQt5.QtGui.QCloseEvent object at 0x00000191FF1029D8>
[2022-09-27 17:32:46.314][I][AutoBaseFunction.py(wrapper):14] Screen.Setup_TestList : closeEvent 실행 종료
[2022-09-27 17:32:46.318][I][AutoBaseFunction.py(wrapper):14] Screen.Setup_TestList : ok_Button_clicked 실행 종료
[2022-09-27 17:32:48.573][I][AutoBaseFunction.py(wrapper):7] __main__ : __tl_ui 실행 시작
[2022-09-27 17:32:48.573][I][AutoBaseFunction.py(wrapper):8] Parameter : False
[2022-09-27 17:32:48.574][I][AutoBaseFunction.py(wrapper):7] Screen.Setup_TestList : setTest_Button 실행 시작
[2022-09-27 17:32:48.574][I][AutoBaseFunction.py(wrapper):8] Parameter : 
[2022-09-27 17:32:48.576][W][LogManager.py(set_warn):86] : Traceback (most recent call last):
  File "D:\test\TestList_CSV\2022_skillup\Settings\Setup.py", line 43, in read_ini__test
    elif key.find(key2) != -1:
TypeError: must be str, not NoneType

[2022-09-27 17:32:48.576][I][AutoBaseFunction.py(wrapper):14] Screen.Setup_TestList : setTest_Button 실행 종료
[2022-09-27 17:32:48.582][I][AutoBaseFunction.py(wrapper):14] __main__ : __tl_ui 실행 종료
[2022-09-27 17:32:51.082][I][AutoBaseFunction.py(wrapper):7] Screen.Setup_TestList : closeEvent 실행 시작
[2022-09-27 17:32:51.082][I][AutoBaseFunction.py(wrapper):8] Parameter : <PyQt5.QtGui.QCloseEvent object at 0x00000191FF107288>
