[2022-09-27 17:22:46.669][D][LogManager.py(Init):12] LogManager Init function called !!!
[2022-09-27 17:22:46.683][I][AutoBaseFunction.py(wrapper):7] Screen.MainWindow : setupUi 실행 시작
[2022-09-27 17:22:46.684][I][AutoBaseFunction.py(wrapper):8] Parameter : 
[2022-09-27 17:22:46.709][I][AutoBaseFunction.py(wrapper):7] Screen.MainWindow : set_field 실행 시작
[2022-09-27 17:22:46.709][I][AutoBaseFunction.py(wrapper):8] Parameter : 
[2022-09-27 17:22:46.722][I][AutoBaseFunction.py(wrapper):14] Screen.MainWindow : set_field 실행 종료
[2022-09-27 17:22:46.723][I][AutoBaseFunction.py(wrapper):7] Screen.MainWindow : setWidget_func 실행 시작
[2022-09-27 17:22:46.723][I][AutoBaseFunction.py(wrapper):8] Parameter : 
[2022-09-27 17:22:46.725][I][AutoBaseFunction.py(wrapper):14] Screen.MainWindow : setWidget_func 실행 종료
[2022-09-27 17:22:46.728][I][AutoBaseFunction.py(wrapper):14] Screen.MainWindow : setupUi 실행 종료
[2022-09-27 17:22:46.735][I][AutoBaseFunction.py(wrapper):7] __main__ : __set_slot 실행 시작
[2022-09-27 17:22:46.735][I][AutoBaseFunction.py(wrapper):8] Parameter : 
[2022-09-27 17:22:46.736][I][AutoBaseFunction.py(wrapper):14] __main__ : __set_slot 실행 종료
[2022-09-27 17:22:46.736][I][AutoBaseFunction.py(wrapper):7] __main__ : __wigets_setupUi 실행 시작
[2022-09-27 17:22:46.736][I][AutoBaseFunction.py(wrapper):8] Parameter : 
[2022-09-27 17:22:46.737][I][AutoBaseFunction.py(wrapper):7] Screen.Setup_Language : setupUI_Language 실행 시작
[2022-09-27 17:22:46.737][I][AutoBaseFunction.py(wrapper):8] Parameter : 
[2022-09-27 17:22:46.738][I][AutoBaseFunction.py(wrapper):7] Screen.Setup_Language : sl_set_slot 실행 시작
[2022-09-27 17:22:46.738][I][AutoBaseFunction.py(wrapper):8] Parameter : 
[2022-09-27 17:22:46.738][I][AutoBaseFunction.py(wrapper):14] Screen.Setup_Language : sl_set_slot 실행 종료
[2022-09-27 17:22:46.739][I][AutoBaseFunction.py(wrapper):14] Screen.Setup_Language : setupUI_Language 실행 종료
[2022-09-27 17:22:46.739][I][AutoBaseFunction.py(wrapper):7] Screen.Menu_CreateExcel : setupUI_CreateExcel 실행 시작
[2022-09-27 17:22:46.739][I][AutoBaseFunction.py(wrapper):8] Parameter : 
[2022-09-27 17:22:46.740][I][AutoBaseFunction.py(wrapper):7] Screen.Menu_CreateExcel : new_excel_func 실행 시작
[2022-09-27 17:22:46.740][I][AutoBaseFunction.py(wrapper):8] Parameter : 
[2022-09-27 17:22:46.741][I][AutoBaseFunction.py(wrapper):14] Screen.Menu_CreateExcel : new_excel_func 실행 종료
[2022-09-27 17:22:46.741][I][AutoBaseFunction.py(wrapper):7] Screen.Menu_CreateExcel : set_excel_func 실행 시작
[2022-09-27 17:22:46.741][I][AutoBaseFunction.py(wrapper):8] Parameter : 
[2022-09-27 17:22:46.742][I][AutoBaseFunction.py(wrapper):14] Screen.Menu_CreateExcel : set_excel_func 실행 종료
[2022-09-27 17:22:46.742][I][AutoBaseFunction.py(wrapper):14] Screen.Menu_CreateExcel : setupUI_CreateExcel 실행 종료
[2022-09-27 17:22:46.743][I][AutoBaseFunction.py(wrapper):7] Screen.Setup_Field : setupUI_Field 실행 시작
[2022-09-27 17:22:46.743][I][AutoBaseFunction.py(wrapper):8] Parameter : 
[2022-09-27 17:22:46.744][I][AutoBaseFunction.py(wrapper):7] Screen.Setup_Field : set_data 실행 시작
[2022-09-27 17:22:46.745][I][AutoBaseFunction.py(wrapper):8] Parameter : 
[2022-09-27 17:22:46.745][I][AutoBaseFunction.py(wrapper):14] Screen.Setup_Field : set_data 실행 종료
[2022-09-27 17:22:46.958][I][AutoBaseFunction.py(wrapper):7] Screen.Setup_Field : set_data 실행 시작
[2022-09-27 17:22:46.958][I][AutoBaseFunction.py(wrapper):8] Parameter : 
[2022-09-27 17:22:46.959][I][AutoBaseFunction.py(wrapper):14] Screen.Setup_Field : set_data 실행 종료
