[2022-10-05 09:30:35.338][D][LogManager.py(Init):12] LogManager Init function called !!!
[2022-10-05 09:30:35.363][I][AutoBaseFunction.py(wrapper):10] Screen.MainWindow : setupUi 실행 시작
[2022-10-05 09:30:35.363][I][AutoBaseFunction.py(wrapper):11] Parameter : 
[2022-10-05 09:30:35.369][I][AutoBaseFunction.py(wrapper):10] Screen.MainWindow : set_field 실행 시작
[2022-10-05 09:30:35.369][I][AutoBaseFunction.py(wrapper):11] Parameter : 
[2022-10-05 09:30:35.399][I][AutoBaseFunction.py(wrapper):17] Screen.MainWindow : set_field 실행 종료
[2022-10-05 09:30:35.399][I][AutoBaseFunction.py(wrapper):10] Screen.MainWindow : setWidget_func 실행 시작
[2022-10-05 09:30:35.400][I][AutoBaseFunction.py(wrapper):11] Parameter : 
[2022-10-05 09:30:35.401][I][AutoBaseFunction.py(wrapper):17] Screen.MainWindow : setWidget_func 실행 종료
[2022-10-05 09:30:35.403][I][AutoBaseFunction.py(wrapper):17] Screen.MainWindow : setupUi 실행 종료
[2022-10-05 09:30:35.412][I][AutoBaseFunction.py(wrapper):10] __main__ : __set_slot 실행 시작
[2022-10-05 09:30:35.412][I][AutoBaseFunction.py(wrapper):11] Parameter : 
[2022-10-05 09:30:35.413][I][AutoBaseFunction.py(wrapper):17] __main__ : __set_slot 실행 종료
[2022-10-05 09:30:35.413][I][AutoBaseFunction.py(wrapper):10] __main__ : __wigets_setupUi 실행 시작
[2022-10-05 09:30:35.413][I][AutoBaseFunction.py(wrapper):11] Parameter : 
[2022-10-05 09:30:35.414][I][AutoBaseFunction.py(wrapper):10] Screen.Setup_Language : setupUI_Language 실행 시작
[2022-10-05 09:30:35.414][I][AutoBaseFunction.py(wrapper):11] Parameter : 
[2022-10-05 09:30:35.415][I][AutoBaseFunction.py(wrapper):10] Screen.Setup_Language : sl_set_slot 실행 시작
[2022-10-05 09:30:35.415][I][AutoBaseFunction.py(wrapper):11] Parameter : 
[2022-10-05 09:30:35.416][I][AutoBaseFunction.py(wrapper):17] Screen.Setup_Language : sl_set_slot 실행 종료
[2022-10-05 09:30:35.416][I][AutoBaseFunction.py(wrapper):17] Screen.Setup_Language : setupUI_Language 실행 종료
[2022-10-05 09:30:35.416][I][AutoBaseFunction.py(wrapper):10] Screen.Menu_CreateExcel : setupUI_CreateExcel 실행 시작
[2022-10-05 09:30:35.416][I][AutoBaseFunction.py(wrapper):11] Parameter : 
[2022-10-05 09:30:35.420][I][AutoBaseFunction.py(wrapper):10] Screen.Menu_CreateExcel : new_excel_func 실행 시작
[2022-10-05 09:30:35.420][I][AutoBaseFunction.py(wrapper):11] Parameter : 
[2022-10-05 09:30:35.420][I][AutoBaseFunction.py(wrapper):17] Screen.Menu_CreateExcel : new_excel_func 실행 종료
[2022-10-05 09:30:35.421][I][AutoBaseFunction.py(wrapper):10] Screen.Menu_CreateExcel : set_excel_func 실행 시작
[2022-10-05 09:30:35.421][I][AutoBaseFunction.py(wrapper):11] Parameter : 
[2022-10-05 09:30:35.422][I][AutoBaseFunction.py(wrapper):17] Screen.Menu_CreateExcel : set_excel_func 실행 종료
[2022-10-05 09:30:35.422][I][AutoBaseFunction.py(wrapper):17] Screen.Menu_CreateExcel : setupUI_CreateExcel 실행 종료
[2022-10-05 09:30:35.423][I][AutoBaseFunction.py(wrapper):10] Screen.Setup_Field : setupUI_Field 실행 시작
[2022-10-05 09:30:35.423][I][AutoBaseFunction.py(wrapper):11] Parameter : 
[2022-10-05 09:30:35.425][I][AutoBaseFunction.py(wrapper):10] Screen.Setup_Field : set_data 실행 시작
[2022-10-05 09:30:35.425][I][AutoBaseFunction.py(wrapper):11] Parameter : 
[2022-10-05 09:30:35.426][I][AutoBaseFunction.py(wrapper):17] Screen.Setup_Field : set_data 실행 종료
[2022-10-05 09:30:35.681][I][AutoBaseFunction.py(wrapper):10] Screen.Setup_Field : set_data 실행 시작
[2022-10-05 09:30:35.682][I][AutoBaseFunction.py(wrapper):11] Parameter : 
[2022-10-05 09:30:35.682][I][AutoBaseFunction.py(wrapper):17] Screen.Setup_Field : set_data 실행 종료
[2022-10-05 09:30:35.684][I][AutoBaseFunction.py(wrapper):10] Screen.Setup_Field : set_data 실행 시작
[2022-10-05 09:30:35.684][I][AutoBaseFunction.py(wrapper):11] Parameter : 
[2022-10-05 09:30:35.684][I][AutoBaseFunction.py(wrapper):17] Screen.Setup_Field : set_data 실행 종료
[2022-10-05 09:30:35.685][I][AutoBaseFunction.py(wrapper):10] Screen.Setup_Field : set_data 실행 시작
[2022-10-05 09:30:35.685][I][AutoBaseFunction.py(wrapper):11] Parameter : 
[2022-10-05 09:30:35.686][I][AutoBaseFunction.py(wrapper):17] Screen.Setup_Field : set_data 실행 종료
[2022-10-05 09:30:35.686][I][AutoBaseFunction.py(wrapper):10] Screen.Setup_Field : set_data 실행 시작
[2022-10-05 09:30:35.686][I][AutoBaseFunction.py(wrapper):11] Parameter : 
[2022-10-05 09:30:35.687][I][AutoBaseFunction.py(wrapper):17] Screen.Setup_Field : set_data 실행 종료
[2022-10-05 09:30:35.687][I][AutoBaseFunction.py(wrapper):10] Screen.Setup_Field : set_data 실행 시작
[2022-10-05 09:30:35.687][I][AutoBaseFunction.py(wrapper):11] Parameter : 
[2022-10-05 09:30:35.688][I][AutoBaseFunction.py(wrapper):17] Screen.Setup_Field : set_data 실행 종료
[2022-10-05 09:30:35.688][I][AutoBaseFunction.py(wrapper):10] Screen.Setup_Field : sl_set_slot 실행 시작
[2022-10-05 09:30:35.688][I][AutoBaseFunction.py(wrapper):11] Parameter : 
[2022-10-05 09:30:35.688][I][AutoBaseFunction.py(wrapper):17] Screen.Setup_Field : sl_set_slot 실행 종료
[2022-10-05 09:30:35.689][I][AutoBaseFunction.py(wrapper):17] Screen.Setup_Field : setupUI_Field 실행 종료
[2022-10-05 09:30:35.689][I][AutoBaseFunction.py(wrapper):10] Screen.Setup_TestList : setupUI_TestList 실행 시작
[2022-10-05 09:30:35.689][I][AutoBaseFunction.py(wrapper):11] Parameter : 
[2022-10-05 09:30:35.694][I][AutoBaseFunction.py(wrapper):10] Screen.Setup_TestList : btn_set_slot 실행 시작
[2022-10-05 09:30:35.694][I][AutoBaseFunction.py(wrapper):11] Parameter : 
[2022-10-05 09:30:35.694][I][AutoBaseFunction.py(wrapper):17] Screen.Setup_TestList : btn_set_slot 실행 종료
[2022-10-05 09:30:35.695][I][AutoBaseFunction.py(wrapper):17] Screen.Setup_TestList : setupUI_TestList 실행 종료
[2022-10-05 09:30:35.695][I][AutoBaseFunction.py(wrapper):17] __main__ : __wigets_setupUi 실행 종료
[2022-10-05 09:30:37.575][I][AutoBaseFunction.py(wrapper):10] __main__ : __sl_ui 실행 시작
[2022-10-05 09:30:37.576][I][AutoBaseFunction.py(wrapper):11] Parameter : False
[2022-10-05 09:30:37.576][I][AutoBaseFunction.py(wrapper):10] Screen.Setup_Language : setLang_Button 실행 시작
[2022-10-05 09:30:37.577][I][AutoBaseFunction.py(wrapper):11] Parameter : 
[2022-10-05 09:30:37.580][I][AutoBaseFunction.py(wrapper):17] Screen.Setup_Language : setLang_Button 실행 종료
[2022-10-05 09:30:37.594][I][AutoBaseFunction.py(wrapper):17] __main__ : __sl_ui 실행 종료
