[2022-09-20 16:13:35.716][D][LogManager.py(Init):12] LogManager Init function called !!!
[2022-09-20 16:13:35.734][I][AutoBaseFunction.py(wrapper):7] Screen.MainWindow : setupUi 실행 시작
[2022-09-20 16:13:35.735][I][AutoBaseFunction.py(wrapper):8] Parameter : 
[2022-09-20 16:13:35.750][I][AutoBaseFunction.py(wrapper):7] Screen.MainWindow : set_field 실행 시작
[2022-09-20 16:13:35.750][I][AutoBaseFunction.py(wrapper):8] Parameter : 
[2022-09-20 16:13:35.779][I][AutoBaseFunction.py(wrapper):14] Screen.MainWindow : set_field 실행 종료
[2022-09-20 16:13:35.779][I][AutoBaseFunction.py(wrapper):7] Screen.MainWindow : setWidget_func 실행 시작
[2022-09-20 16:13:35.780][I][AutoBaseFunction.py(wrapper):8] Parameter : 
[2022-09-20 16:13:35.782][I][AutoBaseFunction.py(wrapper):14] Screen.MainWindow : setWidget_func 실행 종료
[2022-09-20 16:13:35.784][I][AutoBaseFunction.py(wrapper):14] Screen.MainWindow : setupUi 실행 종료
[2022-09-20 16:13:35.790][I][AutoBaseFunction.py(wrapper):7] __main__ : __set_slot 실행 시작
[2022-09-20 16:13:35.790][I][AutoBaseFunction.py(wrapper):8] Parameter : 
[2022-09-20 16:13:35.790][I][AutoBaseFunction.py(wrapper):14] __main__ : __set_slot 실행 종료
[2022-09-20 16:13:35.791][I][AutoBaseFunction.py(wrapper):7] __main__ : __wigets_setupUi 실행 시작
[2022-09-20 16:13:35.791][I][AutoBaseFunction.py(wrapper):8] Parameter : 
[2022-09-20 16:13:35.791][I][AutoBaseFunction.py(wrapper):7] Screen.Setup_Language : setupUI_Language 실행 시작
[2022-09-20 16:13:35.791][I][AutoBaseFunction.py(wrapper):8] Parameter : 
[2022-09-20 16:13:35.794][I][AutoBaseFunction.py(wrapper):7] Screen.Setup_Language : sl_set_slot 실행 시작
[2022-09-20 16:13:35.794][I][AutoBaseFunction.py(wrapper):8] Parameter : 
[2022-09-20 16:13:35.794][I][AutoBaseFunction.py(wrapper):14] Screen.Setup_Language : sl_set_slot 실행 종료
[2022-09-20 16:13:35.795][I][AutoBaseFunction.py(wrapper):14] Screen.Setup_Language : setupUI_Language 실행 종료
[2022-09-20 16:13:35.795][I][AutoBaseFunction.py(wrapper):7] Screen.Menu_CreateExcel : setupUI_CreateExcel 실행 시작
[2022-09-20 16:13:35.795][I][AutoBaseFunction.py(wrapper):8] Parameter : 
[2022-09-20 16:13:35.796][I][AutoBaseFunction.py(wrapper):7] Screen.Menu_CreateExcel : new_excel_func 실행 시작
[2022-09-20 16:13:35.796][I][AutoBaseFunction.py(wrapper):8] Parameter : 
[2022-09-20 16:13:35.797][I][AutoBaseFunction.py(wrapper):14] Screen.Menu_CreateExcel : new_excel_func 실행 종료
[2022-09-20 16:13:35.797][I][AutoBaseFunction.py(wrapper):7] Screen.Menu_CreateExcel : set_excel_func 실행 시작
[2022-09-20 16:13:35.797][I][AutoBaseFunction.py(wrapper):8] Parameter : 
[2022-09-20 16:13:35.798][I][AutoBaseFunction.py(wrapper):14] Screen.Menu_CreateExcel : set_excel_func 실행 종료
[2022-09-20 16:13:35.798][I][AutoBaseFunction.py(wrapper):14] Screen.Menu_CreateExcel : setupUI_CreateExcel 실행 종료
[2022-09-20 16:13:35.799][I][AutoBaseFunction.py(wrapper):7] Screen.Setup_Field : setupUI_Field 실행 시작
[2022-09-20 16:13:35.799][I][AutoBaseFunction.py(wrapper):8] Parameter : 
[2022-09-20 16:13:35.800][I][AutoBaseFunction.py(wrapper):7] Screen.Setup_Field : set_data 실행 시작
[2022-09-20 16:13:35.800][I][AutoBaseFunction.py(wrapper):8] Parameter : 
[2022-09-20 16:13:35.800][I][AutoBaseFunction.py(wrapper):14] Screen.Setup_Field : set_data 실행 종료
[2022-09-20 16:13:36.052][I][AutoBaseFunction.py(wrapper):7] Screen.Setup_Field : set_data 실행 시작
[2022-09-20 16:13:36.052][I][AutoBaseFunction.py(wrapper):8] Parameter : 
[2022-09-20 16:13:36.053][I][AutoBaseFunction.py(wrapper):14] Screen.Setup_Field : set_data 실행 종료
[2022-09-20 16:13:36.053][I][AutoBaseFunction.py(wrapper):7] Screen.Setup_Field : set_data 실행 시작
[2022-09-20 16:13:36.053][I][AutoBaseFunction.py(wrapper):8] Parameter : 
[2022-09-20 16:13:36.053][I][AutoBaseFunction.py(wrapper):14] Screen.Setup_Field : set_data 실행 종료
[2022-09-20 16:13:36.054][I][AutoBaseFunction.py(wrapper):7] Screen.Setup_Field : set_data 실행 시작
[2022-09-20 16:13:36.054][I][AutoBaseFunction.py(wrapper):8] Parameter : 
[2022-09-20 16:13:36.054][I][AutoBaseFunction.py(wrapper):14] Screen.Setup_Field : set_data 실행 종료
[2022-09-20 16:13:36.055][I][AutoBaseFunction.py(wrapper):7] Screen.Setup_Field : set_data 실행 시작
[2022-09-20 16:13:36.055][I][AutoBaseFunction.py(wrapper):8] Parameter : 
[2022-09-20 16:13:36.055][I][AutoBaseFunction.py(wrapper):14] Screen.Setup_Field : set_data 실행 종료
[2022-09-20 16:13:36.055][I][AutoBaseFunction.py(wrapper):7] Screen.Setup_Field : set_data 실행 시작
[2022-09-20 16:13:36.056][I][AutoBaseFunction.py(wrapper):8] Parameter : 
[2022-09-20 16:13:36.056][I][AutoBaseFunction.py(wrapper):14] Screen.Setup_Field : set_data 실행 종료
[2022-09-20 16:13:36.056][I][AutoBaseFunction.py(wrapper):7] Screen.Setup_Field : sl_set_slot 실행 시작
[2022-09-20 16:13:36.056][I][AutoBaseFunction.py(wrapper):8] Parameter : 
[2022-09-20 16:13:36.057][I][AutoBaseFunction.py(wrapper):14] Screen.Setup_Field : sl_set_slot 실행 종료
[2022-09-20 16:13:36.057][I][AutoBaseFunction.py(wrapper):14] Screen.Setup_Field : setupUI_Field 실행 종료
[2022-09-20 16:13:36.058][I][AutoBaseFunction.py(wrapper):7] Screen.Setup_TestList : setupUI_TestList 실행 시작
[2022-09-20 16:13:36.058][I][AutoBaseFunction.py(wrapper):8] Parameter : 
[2022-09-20 16:13:36.059][I][AutoBaseFunction.py(wrapper):7] Screen.Setup_TestList : btn_set_slot 실행 시작
[2022-09-20 16:13:36.059][I][AutoBaseFunction.py(wrapper):8] Parameter : 
[2022-09-20 16:13:36.059][I][AutoBaseFunction.py(wrapper):14] Screen.Setup_TestList : btn_set_slot 실행 종료
[2022-09-20 16:13:36.059][I][AutoBaseFunction.py(wrapper):14] Screen.Setup_TestList : setupUI_TestList 실행 종료
[2022-09-20 16:13:36.060][I][AutoBaseFunction.py(wrapper):14] __main__ : __wigets_setupUi 실행 종료
[2022-09-20 16:13:37.812][I][AutoBaseFunction.py(wrapper):7] __main__ : __sl_ui 실행 시작
[2022-09-20 16:13:37.812][I][AutoBaseFunction.py(wrapper):8] Parameter : False
[2022-09-20 16:13:37.813][I][AutoBaseFunction.py(wrapper):7] Screen.Setup_Language : setLang_Button 실행 시작
[2022-09-20 16:13:37.813][I][AutoBaseFunction.py(wrapper):8] Parameter : 
[2022-09-20 16:13:37.814][I][AutoBaseFunction.py(wrapper):14] Screen.Setup_Language : setLang_Button 실행 종료
[2022-09-20 16:13:37.828][I][AutoBaseFunction.py(wrapper):14] __main__ : __sl_ui 실행 종료
