[2022-09-27 17:00:50.354][D][LogManager.py(Init):12] LogManager Init function called !!!
[2022-09-27 17:00:50.369][I][AutoBaseFunction.py(wrapper):7] Screen.MainWindow : setupUi 실행 시작
[2022-09-27 17:00:50.369][I][AutoBaseFunction.py(wrapper):8] Parameter : 
[2022-09-27 17:00:50.392][I][AutoBaseFunction.py(wrapper):7] Screen.MainWindow : set_field 실행 시작
[2022-09-27 17:00:50.393][I][AutoBaseFunction.py(wrapper):8] Parameter : 
[2022-09-27 17:00:50.406][I][AutoBaseFunction.py(wrapper):14] Screen.MainWindow : set_field 실행 종료
[2022-09-27 17:00:50.407][I][AutoBaseFunction.py(wrapper):7] Screen.MainWindow : setWidget_func 실행 시작
[2022-09-27 17:00:50.407][I][AutoBaseFunction.py(wrapper):8] Parameter : 
[2022-09-27 17:00:50.409][I][AutoBaseFunction.py(wrapper):14] Screen.MainWindow : setWidget_func 실행 종료
[2022-09-27 17:00:50.411][I][AutoBaseFunction.py(wrapper):14] Screen.MainWindow : setupUi 실행 종료
[2022-09-27 17:00:50.418][I][AutoBaseFunction.py(wrapper):7] __main__ : __set_slot 실행 시작
[2022-09-27 17:00:50.418][I][AutoBaseFunction.py(wrapper):8] Parameter : 
[2022-09-27 17:00:50.419][I][AutoBaseFunction.py(wrapper):14] __main__ : __set_slot 실행 종료
[2022-09-27 17:00:50.419][I][AutoBaseFunction.py(wrapper):7] __main__ : __wigets_setupUi 실행 시작
[2022-09-27 17:00:50.419][I][AutoBaseFunction.py(wrapper):8] Parameter : 
[2022-09-27 17:00:50.419][I][AutoBaseFunction.py(wrapper):7] Screen.Setup_Language : setupUI_Language 실행 시작
[2022-09-27 17:00:50.420][I][AutoBaseFunction.py(wrapper):8] Parameter : 
[2022-09-27 17:00:50.421][I][AutoBaseFunction.py(wrapper):7] Screen.Setup_Language : sl_set_slot 실행 시작
[2022-09-27 17:00:50.421][I][AutoBaseFunction.py(wrapper):8] Parameter : 
[2022-09-27 17:00:50.421][I][AutoBaseFunction.py(wrapper):14] Screen.Setup_Language : sl_set_slot 실행 종료
[2022-09-27 17:00:50.422][I][AutoBaseFunction.py(wrapper):14] Screen.Setup_Language : setupUI_Language 실행 종료
[2022-09-27 17:00:50.422][I][AutoBaseFunction.py(wrapper):7] Screen.Menu_CreateExcel : setupUI_CreateExcel 실행 시작
[2022-09-27 17:00:50.422][I][AutoBaseFunction.py(wrapper):8] Parameter : 
[2022-09-27 17:00:50.423][I][AutoBaseFunction.py(wrapper):7] Screen.Menu_CreateExcel : new_excel_func 실행 시작
[2022-09-27 17:00:50.424][I][AutoBaseFunction.py(wrapper):8] Parameter : 
[2022-09-27 17:00:50.424][I][AutoBaseFunction.py(wrapper):14] Screen.Menu_CreateExcel : new_excel_func 실행 종료
[2022-09-27 17:00:50.425][I][AutoBaseFunction.py(wrapper):7] Screen.Menu_CreateExcel : set_excel_func 실행 시작
[2022-09-27 17:00:50.425][I][AutoBaseFunction.py(wrapper):8] Parameter : 
[2022-09-27 17:00:50.425][I][AutoBaseFunction.py(wrapper):14] Screen.Menu_CreateExcel : set_excel_func 실행 종료
[2022-09-27 17:00:50.426][I][AutoBaseFunction.py(wrapper):14] Screen.Menu_CreateExcel : setupUI_CreateExcel 실행 종료
[2022-09-27 17:00:50.426][I][AutoBaseFunction.py(wrapper):7] Screen.Setup_Field : setupUI_Field 실행 시작
[2022-09-27 17:00:50.427][I][AutoBaseFunction.py(wrapper):8] Parameter : 
[2022-09-27 17:00:50.430][W][LogManager.py(set_warn):86] : Traceback (most recent call last):
  File "D:\test\TestList_CSV\2022_skillup\Settings\Setup.py", line 24, in read_ini__test
    example = self.config[table]
  File "c:\python\3_7_9x64\lib\configparser.py", line 958, in __getitem__
    raise KeyError(key)
KeyError: 'Field'

