[2022-09-26 17:28:35.206][D][LogManager.py(Init):12] LogManager Init function called !!!
[2022-09-26 17:28:35.226][I][AutoBaseFunction.py(wrapper):7] Screen.MainWindow : setupUi 실행 시작
[2022-09-26 17:28:35.226][I][AutoBaseFunction.py(wrapper):8] Parameter : 
[2022-09-26 17:28:35.248][I][AutoBaseFunction.py(wrapper):7] Screen.MainWindow : set_field 실행 시작
[2022-09-26 17:28:35.249][I][AutoBaseFunction.py(wrapper):8] Parameter : 
[2022-09-26 17:28:35.283][I][AutoBaseFunction.py(wrapper):14] Screen.MainWindow : set_field 실행 종료
[2022-09-26 17:28:35.283][I][AutoBaseFunction.py(wrapper):7] Screen.MainWindow : setWidget_func 실행 시작
[2022-09-26 17:28:35.283][I][AutoBaseFunction.py(wrapper):8] Parameter : 
[2022-09-26 17:28:35.285][I][AutoBaseFunction.py(wrapper):14] Screen.MainWindow : setWidget_func 실행 종료
[2022-09-26 17:28:35.288][I][AutoBaseFunction.py(wrapper):14] Screen.MainWindow : setupUi 실행 종료
[2022-09-26 17:28:35.302][I][AutoBaseFunction.py(wrapper):7] __main__ : __set_slot 실행 시작
[2022-09-26 17:28:35.302][I][AutoBaseFunction.py(wrapper):8] Parameter : 
[2022-09-26 17:28:35.303][I][AutoBaseFunction.py(wrapper):14] __main__ : __set_slot 실행 종료
[2022-09-26 17:28:35.303][I][AutoBaseFunction.py(wrapper):7] __main__ : __wigets_setupUi 실행 시작
[2022-09-26 17:28:35.303][I][AutoBaseFunction.py(wrapper):8] Parameter : 
[2022-09-26 17:28:35.303][I][AutoBaseFunction.py(wrapper):7] Screen.Setup_Language : setupUI_Language 실행 시작
[2022-09-26 17:28:35.304][I][AutoBaseFunction.py(wrapper):8] Parameter : 
[2022-09-26 17:28:35.304][I][AutoBaseFunction.py(wrapper):7] Screen.Setup_Language : sl_set_slot 실행 시작
[2022-09-26 17:28:35.304][I][AutoBaseFunction.py(wrapper):8] Parameter : 
[2022-09-26 17:28:35.305][I][AutoBaseFunction.py(wrapper):14] Screen.Setup_Language : sl_set_slot 실행 종료
[2022-09-26 17:28:35.305][I][AutoBaseFunction.py(wrapper):14] Screen.Setup_Language : setupUI_Language 실행 종료
[2022-09-26 17:28:35.305][I][AutoBaseFunction.py(wrapper):7] Screen.Menu_CreateExcel : setupUI_CreateExcel 실행 시작
[2022-09-26 17:28:35.305][I][AutoBaseFunction.py(wrapper):8] Parameter : 
[2022-09-26 17:28:35.306][I][AutoBaseFunction.py(wrapper):7] Screen.Menu_CreateExcel : new_excel_func 실행 시작
[2022-09-26 17:28:35.306][I][AutoBaseFunction.py(wrapper):8] Parameter : 
[2022-09-26 17:28:35.307][I][AutoBaseFunction.py(wrapper):14] Screen.Menu_CreateExcel : new_excel_func 실행 종료
[2022-09-26 17:28:35.307][I][AutoBaseFunction.py(wrapper):7] Screen.Menu_CreateExcel : set_excel_func 실행 시작
[2022-09-26 17:28:35.307][I][AutoBaseFunction.py(wrapper):8] Parameter : 
[2022-09-26 17:28:35.307][I][AutoBaseFunction.py(wrapper):14] Screen.Menu_CreateExcel : set_excel_func 실행 종료
[2022-09-26 17:28:35.308][I][AutoBaseFunction.py(wrapper):14] Screen.Menu_CreateExcel : setupUI_CreateExcel 실행 종료
[2022-09-26 17:28:35.308][I][AutoBaseFunction.py(wrapper):7] Screen.Setup_Field : setupUI_Field 실행 시작
[2022-09-26 17:28:35.308][I][AutoBaseFunction.py(wrapper):8] Parameter : 
[2022-09-26 17:28:35.309][I][AutoBaseFunction.py(wrapper):7] Screen.Setup_Field : set_data 실행 시작
[2022-09-26 17:28:35.309][I][AutoBaseFunction.py(wrapper):8] Parameter : 
[2022-09-26 17:28:35.310][I][AutoBaseFunction.py(wrapper):14] Screen.Setup_Field : set_data 실행 종료
[2022-09-26 17:28:35.564][I][AutoBaseFunction.py(wrapper):7] Screen.Setup_Field : set_data 실행 시작
[2022-09-26 17:28:35.565][I][AutoBaseFunction.py(wrapper):8] Parameter : 
[2022-09-26 17:28:35.565][I][AutoBaseFunction.py(wrapper):14] Screen.Setup_Field : set_data 실행 종료
[2022-09-26 17:28:35.566][I][AutoBaseFunction.py(wrapper):7] Screen.Setup_Field : set_data 실행 시작
[2022-09-26 17:28:35.566][I][AutoBaseFunction.py(wrapper):8] Parameter : 
[2022-09-26 17:28:35.567][I][AutoBaseFunction.py(wrapper):14] Screen.Setup_Field : set_data 실행 종료
[2022-09-26 17:28:35.567][I][AutoBaseFunction.py(wrapper):7] Screen.Setup_Field : set_data 실행 시작
[2022-09-26 17:28:35.567][I][AutoBaseFunction.py(wrapper):8] Parameter : 
[2022-09-26 17:28:35.567][I][AutoBaseFunction.py(wrapper):14] Screen.Setup_Field : set_data 실행 종료
[2022-09-26 17:28:35.568][I][AutoBaseFunction.py(wrapper):7] Screen.Setup_Field : set_data 실행 시작
[2022-09-26 17:28:35.568][I][AutoBaseFunction.py(wrapper):8] Parameter : 
[2022-09-26 17:28:35.568][I][AutoBaseFunction.py(wrapper):14] Screen.Setup_Field : set_data 실행 종료
[2022-09-26 17:28:35.569][I][AutoBaseFunction.py(wrapper):7] Screen.Setup_Field : set_data 실행 시작
[2022-09-26 17:28:35.569][I][AutoBaseFunction.py(wrapper):8] Parameter : 
[2022-09-26 17:28:35.569][I][AutoBaseFunction.py(wrapper):14] Screen.Setup_Field : set_data 실행 종료
[2022-09-26 17:28:35.569][I][AutoBaseFunction.py(wrapper):7] Screen.Setup_Field : sl_set_slot 실행 시작
[2022-09-26 17:28:35.569][I][AutoBaseFunction.py(wrapper):8] Parameter : 
[2022-09-26 17:28:35.570][I][AutoBaseFunction.py(wrapper):14] Screen.Setup_Field : sl_set_slot 실행 종료
[2022-09-26 17:28:35.570][I][AutoBaseFunction.py(wrapper):14] Screen.Setup_Field : setupUI_Field 실행 종료
[2022-09-26 17:28:35.570][I][AutoBaseFunction.py(wrapper):7] Screen.Setup_TestList : setupUI_TestList 실행 시작
[2022-09-26 17:28:35.570][I][AutoBaseFunction.py(wrapper):8] Parameter : 
[2022-09-26 17:28:35.571][I][AutoBaseFunction.py(wrapper):7] Screen.Setup_TestList : btn_set_slot 실행 시작
[2022-09-26 17:28:35.571][I][AutoBaseFunction.py(wrapper):8] Parameter : 
[2022-09-26 17:28:35.572][I][AutoBaseFunction.py(wrapper):14] Screen.Setup_TestList : btn_set_slot 실행 종료
[2022-09-26 17:28:35.572][I][AutoBaseFunction.py(wrapper):14] Screen.Setup_TestList : setupUI_TestList 실행 종료
[2022-09-26 17:28:35.572][I][AutoBaseFunction.py(wrapper):14] __main__ : __wigets_setupUi 실행 종료
[2022-09-26 17:28:36.768][I][AutoBaseFunction.py(wrapper):7] __main__ : __sl_ui 실행 시작
[2022-09-26 17:28:36.769][I][AutoBaseFunction.py(wrapper):8] Parameter : False
[2022-09-26 17:28:36.769][I][AutoBaseFunction.py(wrapper):7] Screen.Setup_Language : setLang_Button 실행 시작
[2022-09-26 17:28:36.770][I][AutoBaseFunction.py(wrapper):8] Parameter : 
[2022-09-26 17:28:36.770][I][AutoBaseFunction.py(wrapper):14] Screen.Setup_Language : setLang_Button 실행 종료
[2022-09-26 17:28:36.785][I][AutoBaseFunction.py(wrapper):14] __main__ : __sl_ui 실행 종료
[2022-09-26 17:28:43.375][I][AutoBaseFunction.py(wrapper):7] Screen.Setup_Language : ok_Button_clicked 실행 시작
[2022-09-26 17:28:43.376][I][AutoBaseFunction.py(wrapper):8] Parameter : False
