[2022-09-26 17:30:03.382][D][LogManager.py(Init):12] LogManager Init function called !!!
[2022-09-26 17:30:03.398][I][AutoBaseFunction.py(wrapper):7] Screen.MainWindow : setupUi 실행 시작
[2022-09-26 17:30:03.398][I][AutoBaseFunction.py(wrapper):8] Parameter : 
[2022-09-26 17:30:03.415][I][AutoBaseFunction.py(wrapper):7] Screen.MainWindow : set_field 실행 시작
[2022-09-26 17:30:03.415][I][AutoBaseFunction.py(wrapper):8] Parameter : 
[2022-09-26 17:30:03.443][I][AutoBaseFunction.py(wrapper):14] Screen.MainWindow : set_field 실행 종료
[2022-09-26 17:30:03.444][I][AutoBaseFunction.py(wrapper):7] Screen.MainWindow : setWidget_func 실행 시작
[2022-09-26 17:30:03.444][I][AutoBaseFunction.py(wrapper):8] Parameter : 
[2022-09-26 17:30:03.446][I][AutoBaseFunction.py(wrapper):14] Screen.MainWindow : setWidget_func 실행 종료
[2022-09-26 17:30:03.448][I][AutoBaseFunction.py(wrapper):14] Screen.MainWindow : setupUi 실행 종료
[2022-09-26 17:30:03.465][I][AutoBaseFunction.py(wrapper):7] __main__ : __set_slot 실행 시작
[2022-09-26 17:30:03.465][I][AutoBaseFunction.py(wrapper):8] Parameter : 
[2022-09-26 17:30:03.466][I][AutoBaseFunction.py(wrapper):14] __main__ : __set_slot 실행 종료
[2022-09-26 17:30:03.466][I][AutoBaseFunction.py(wrapper):7] __main__ : __wigets_setupUi 실행 시작
[2022-09-26 17:30:03.466][I][AutoBaseFunction.py(wrapper):8] Parameter : 
[2022-09-26 17:30:03.467][I][AutoBaseFunction.py(wrapper):7] Screen.Setup_Language : setupUI_Language 실행 시작
[2022-09-26 17:30:03.468][I][AutoBaseFunction.py(wrapper):8] Parameter : 
[2022-09-26 17:30:03.468][I][AutoBaseFunction.py(wrapper):7] Screen.Setup_Language : sl_set_slot 실행 시작
[2022-09-26 17:30:03.469][I][AutoBaseFunction.py(wrapper):8] Parameter : 
[2022-09-26 17:30:03.469][I][AutoBaseFunction.py(wrapper):14] Screen.Setup_Language : sl_set_slot 실행 종료
[2022-09-26 17:30:03.470][I][AutoBaseFunction.py(wrapper):14] Screen.Setup_Language : setupUI_Language 실행 종료
[2022-09-26 17:30:03.470][I][AutoBaseFunction.py(wrapper):7] Screen.Menu_CreateExcel : setupUI_CreateExcel 실행 시작
[2022-09-26 17:30:03.470][I][AutoBaseFunction.py(wrapper):8] Parameter : 
[2022-09-26 17:30:03.472][I][AutoBaseFunction.py(wrapper):7] Screen.Menu_CreateExcel : new_excel_func 실행 시작
[2022-09-26 17:30:03.472][I][AutoBaseFunction.py(wrapper):8] Parameter : 
[2022-09-26 17:30:03.473][I][AutoBaseFunction.py(wrapper):14] Screen.Menu_CreateExcel : new_excel_func 실행 종료
[2022-09-26 17:30:03.473][I][AutoBaseFunction.py(wrapper):7] Screen.Menu_CreateExcel : set_excel_func 실행 시작
[2022-09-26 17:30:03.474][I][AutoBaseFunction.py(wrapper):8] Parameter : 
[2022-09-26 17:30:03.475][I][AutoBaseFunction.py(wrapper):14] Screen.Menu_CreateExcel : set_excel_func 실행 종료
[2022-09-26 17:30:03.475][I][AutoBaseFunction.py(wrapper):14] Screen.Menu_CreateExcel : setupUI_CreateExcel 실행 종료
[2022-09-26 17:30:03.475][I][AutoBaseFunction.py(wrapper):7] Screen.Setup_Field : setupUI_Field 실행 시작
[2022-09-26 17:30:03.476][I][AutoBaseFunction.py(wrapper):8] Parameter : 
[2022-09-26 17:30:03.478][I][AutoBaseFunction.py(wrapper):7] Screen.Setup_Field : set_data 실행 시작
[2022-09-26 17:30:03.478][I][AutoBaseFunction.py(wrapper):8] Parameter : 
[2022-09-26 17:30:03.479][I][AutoBaseFunction.py(wrapper):14] Screen.Setup_Field : set_data 실행 종료
[2022-09-26 17:30:03.724][I][AutoBaseFunction.py(wrapper):7] Screen.Setup_Field : set_data 실행 시작
[2022-09-26 17:30:03.725][I][AutoBaseFunction.py(wrapper):8] Parameter : 
[2022-09-26 17:30:03.725][I][AutoBaseFunction.py(wrapper):14] Screen.Setup_Field : set_data 실행 종료
[2022-09-26 17:30:03.726][I][AutoBaseFunction.py(wrapper):7] Screen.Setup_Field : set_data 실행 시작
[2022-09-26 17:30:03.726][I][AutoBaseFunction.py(wrapper):8] Parameter : 
[2022-09-26 17:30:03.727][I][AutoBaseFunction.py(wrapper):14] Screen.Setup_Field : set_data 실행 종료
[2022-09-26 17:30:03.727][I][AutoBaseFunction.py(wrapper):7] Screen.Setup_Field : set_data 실행 시작
[2022-09-26 17:30:03.727][I][AutoBaseFunction.py(wrapper):8] Parameter : 
[2022-09-26 17:30:03.728][I][AutoBaseFunction.py(wrapper):14] Screen.Setup_Field : set_data 실행 종료
[2022-09-26 17:30:03.728][I][AutoBaseFunction.py(wrapper):7] Screen.Setup_Field : set_data 실행 시작
[2022-09-26 17:30:03.728][I][AutoBaseFunction.py(wrapper):8] Parameter : 
[2022-09-26 17:30:03.729][I][AutoBaseFunction.py(wrapper):14] Screen.Setup_Field : set_data 실행 종료
[2022-09-26 17:30:03.729][I][AutoBaseFunction.py(wrapper):7] Screen.Setup_Field : set_data 실행 시작
[2022-09-26 17:30:03.729][I][AutoBaseFunction.py(wrapper):8] Parameter : 
[2022-09-26 17:30:03.729][I][AutoBaseFunction.py(wrapper):14] Screen.Setup_Field : set_data 실행 종료
[2022-09-26 17:30:03.730][I][AutoBaseFunction.py(wrapper):7] Screen.Setup_Field : sl_set_slot 실행 시작
[2022-09-26 17:30:03.730][I][AutoBaseFunction.py(wrapper):8] Parameter : 
[2022-09-26 17:30:03.730][I][AutoBaseFunction.py(wrapper):14] Screen.Setup_Field : sl_set_slot 실행 종료
[2022-09-26 17:30:03.730][I][AutoBaseFunction.py(wrapper):14] Screen.Setup_Field : setupUI_Field 실행 종료
[2022-09-26 17:30:03.731][I][AutoBaseFunction.py(wrapper):7] Screen.Setup_TestList : setupUI_TestList 실행 시작
[2022-09-26 17:30:03.731][I][AutoBaseFunction.py(wrapper):8] Parameter : 
[2022-09-26 17:30:03.732][I][AutoBaseFunction.py(wrapper):7] Screen.Setup_TestList : btn_set_slot 실행 시작
[2022-09-26 17:30:03.732][I][AutoBaseFunction.py(wrapper):8] Parameter : 
[2022-09-26 17:30:03.732][I][AutoBaseFunction.py(wrapper):14] Screen.Setup_TestList : btn_set_slot 실행 종료
[2022-09-26 17:30:03.733][I][AutoBaseFunction.py(wrapper):14] Screen.Setup_TestList : setupUI_TestList 실행 종료
[2022-09-26 17:30:03.733][I][AutoBaseFunction.py(wrapper):14] __main__ : __wigets_setupUi 실행 종료
[2022-09-26 17:30:05.208][I][AutoBaseFunction.py(wrapper):7] __main__ : __sl_ui 실행 시작
[2022-09-26 17:30:05.209][I][AutoBaseFunction.py(wrapper):8] Parameter : False
[2022-09-26 17:30:05.209][I][AutoBaseFunction.py(wrapper):7] Screen.Setup_Language : setLang_Button 실행 시작
[2022-09-26 17:30:05.209][I][AutoBaseFunction.py(wrapper):8] Parameter : 
[2022-09-26 17:30:05.210][I][AutoBaseFunction.py(wrapper):14] Screen.Setup_Language : setLang_Button 실행 종료
[2022-09-26 17:30:05.221][I][AutoBaseFunction.py(wrapper):14] __main__ : __sl_ui 실행 종료
[2022-09-26 17:30:13.023][I][AutoBaseFunction.py(wrapper):7] Screen.Setup_Language : ok_Button_clicked 실행 시작
[2022-09-26 17:30:13.023][I][AutoBaseFunction.py(wrapper):8] Parameter : False
