[2022-09-23 10:45:29.965][D][LogManager.py(Init):12] LogManager Init function called !!!
[2022-09-23 10:45:29.977][I][AutoBaseFunction.py(wrapper):7] Screen.MainWindow : setupUi 실행 시작
[2022-09-23 10:45:29.978][I][AutoBaseFunction.py(wrapper):8] Parameter : 
[2022-09-23 10:45:29.994][I][AutoBaseFunction.py(wrapper):7] Screen.MainWindow : set_field 실행 시작
[2022-09-23 10:45:29.995][I][AutoBaseFunction.py(wrapper):8] Parameter : 
[2022-09-23 10:45:30.022][I][AutoBaseFunction.py(wrapper):14] Screen.MainWindow : set_field 실행 종료
[2022-09-23 10:45:30.023][I][AutoBaseFunction.py(wrapper):7] Screen.MainWindow : setWidget_func 실행 시작
[2022-09-23 10:45:30.023][I][AutoBaseFunction.py(wrapper):8] Parameter : 
[2022-09-23 10:45:30.025][I][AutoBaseFunction.py(wrapper):14] Screen.MainWindow : setWidget_func 실행 종료
[2022-09-23 10:45:30.027][I][AutoBaseFunction.py(wrapper):14] Screen.MainWindow : setupUi 실행 종료
[2022-09-23 10:45:30.033][I][AutoBaseFunction.py(wrapper):7] __main__ : __set_slot 실행 시작
[2022-09-23 10:45:30.033][I][AutoBaseFunction.py(wrapper):8] Parameter : 
[2022-09-23 10:45:30.034][I][AutoBaseFunction.py(wrapper):14] __main__ : __set_slot 실행 종료
[2022-09-23 10:45:30.034][I][AutoBaseFunction.py(wrapper):7] __main__ : __wigets_setupUi 실행 시작
[2022-09-23 10:45:30.034][I][AutoBaseFunction.py(wrapper):8] Parameter : 
[2022-09-23 10:45:30.035][I][AutoBaseFunction.py(wrapper):7] Screen.Setup_Language : setupUI_Language 실행 시작
[2022-09-23 10:45:30.035][I][AutoBaseFunction.py(wrapper):8] Parameter : 
[2022-09-23 10:45:30.037][I][AutoBaseFunction.py(wrapper):7] Screen.Setup_Language : sl_set_slot 실행 시작
[2022-09-23 10:45:30.038][I][AutoBaseFunction.py(wrapper):8] Parameter : 
[2022-09-23 10:45:30.038][I][AutoBaseFunction.py(wrapper):14] Screen.Setup_Language : sl_set_slot 실행 종료
[2022-09-23 10:45:30.039][I][AutoBaseFunction.py(wrapper):14] Screen.Setup_Language : setupUI_Language 실행 종료
[2022-09-23 10:45:30.039][I][AutoBaseFunction.py(wrapper):7] Screen.Menu_CreateExcel : setupUI_CreateExcel 실행 시작
[2022-09-23 10:45:30.039][I][AutoBaseFunction.py(wrapper):8] Parameter : 
[2022-09-23 10:45:30.040][I][AutoBaseFunction.py(wrapper):7] Screen.Menu_CreateExcel : new_excel_func 실행 시작
[2022-09-23 10:45:30.041][I][AutoBaseFunction.py(wrapper):8] Parameter : 
[2022-09-23 10:45:30.041][I][AutoBaseFunction.py(wrapper):14] Screen.Menu_CreateExcel : new_excel_func 실행 종료
[2022-09-23 10:45:30.042][I][AutoBaseFunction.py(wrapper):7] Screen.Menu_CreateExcel : set_excel_func 실행 시작
[2022-09-23 10:45:30.042][I][AutoBaseFunction.py(wrapper):8] Parameter : 
[2022-09-23 10:45:30.043][I][AutoBaseFunction.py(wrapper):14] Screen.Menu_CreateExcel : set_excel_func 실행 종료
[2022-09-23 10:45:30.043][I][AutoBaseFunction.py(wrapper):14] Screen.Menu_CreateExcel : setupUI_CreateExcel 실행 종료
[2022-09-23 10:45:30.043][I][AutoBaseFunction.py(wrapper):7] Screen.Setup_Field : setupUI_Field 실행 시작
[2022-09-23 10:45:30.044][I][AutoBaseFunction.py(wrapper):8] Parameter : 
[2022-09-23 10:45:30.044][I][AutoBaseFunction.py(wrapper):7] Screen.Setup_Field : set_data 실행 시작
[2022-09-23 10:45:30.044][I][AutoBaseFunction.py(wrapper):8] Parameter : 
[2022-09-23 10:45:30.045][I][AutoBaseFunction.py(wrapper):14] Screen.Setup_Field : set_data 실행 종료
[2022-09-23 10:45:30.305][I][AutoBaseFunction.py(wrapper):7] Screen.Setup_Field : set_data 실행 시작
[2022-09-23 10:45:30.305][I][AutoBaseFunction.py(wrapper):8] Parameter : 
[2022-09-23 10:45:30.306][I][AutoBaseFunction.py(wrapper):14] Screen.Setup_Field : set_data 실행 종료
[2022-09-23 10:45:30.306][I][AutoBaseFunction.py(wrapper):7] Screen.Setup_Field : set_data 실행 시작
[2022-09-23 10:45:30.306][I][AutoBaseFunction.py(wrapper):8] Parameter : 
[2022-09-23 10:45:30.307][I][AutoBaseFunction.py(wrapper):14] Screen.Setup_Field : set_data 실행 종료
[2022-09-23 10:45:30.307][I][AutoBaseFunction.py(wrapper):7] Screen.Setup_Field : set_data 실행 시작
[2022-09-23 10:45:30.307][I][AutoBaseFunction.py(wrapper):8] Parameter : 
[2022-09-23 10:45:30.308][I][AutoBaseFunction.py(wrapper):14] Screen.Setup_Field : set_data 실행 종료
[2022-09-23 10:45:30.308][I][AutoBaseFunction.py(wrapper):7] Screen.Setup_Field : set_data 실행 시작
[2022-09-23 10:45:30.308][I][AutoBaseFunction.py(wrapper):8] Parameter : 
[2022-09-23 10:45:30.309][I][AutoBaseFunction.py(wrapper):14] Screen.Setup_Field : set_data 실행 종료
[2022-09-23 10:45:30.309][I][AutoBaseFunction.py(wrapper):7] Screen.Setup_Field : set_data 실행 시작
[2022-09-23 10:45:30.309][I][AutoBaseFunction.py(wrapper):8] Parameter : 
[2022-09-23 10:45:30.310][I][AutoBaseFunction.py(wrapper):14] Screen.Setup_Field : set_data 실행 종료
[2022-09-23 10:45:30.310][I][AutoBaseFunction.py(wrapper):7] Screen.Setup_Field : sl_set_slot 실행 시작
[2022-09-23 10:45:30.310][I][AutoBaseFunction.py(wrapper):8] Parameter : 
[2022-09-23 10:45:30.310][I][AutoBaseFunction.py(wrapper):14] Screen.Setup_Field : sl_set_slot 실행 종료
[2022-09-23 10:45:30.310][I][AutoBaseFunction.py(wrapper):14] Screen.Setup_Field : setupUI_Field 실행 종료
[2022-09-23 10:45:30.311][I][AutoBaseFunction.py(wrapper):7] Screen.Setup_TestList : setupUI_TestList 실행 시작
[2022-09-23 10:45:30.311][I][AutoBaseFunction.py(wrapper):8] Parameter : 
[2022-09-23 10:45:30.312][I][AutoBaseFunction.py(wrapper):7] Screen.Setup_TestList : btn_set_slot 실행 시작
[2022-09-23 10:45:30.312][I][AutoBaseFunction.py(wrapper):8] Parameter : 
[2022-09-23 10:45:30.312][I][AutoBaseFunction.py(wrapper):14] Screen.Setup_TestList : btn_set_slot 실행 종료
[2022-09-23 10:45:30.313][I][AutoBaseFunction.py(wrapper):14] Screen.Setup_TestList : setupUI_TestList 실행 종료
[2022-09-23 10:45:30.313][I][AutoBaseFunction.py(wrapper):14] __main__ : __wigets_setupUi 실행 종료
[2022-09-23 10:45:31.437][I][AutoBaseFunction.py(wrapper):7] Screen.MainWindow : update_open_menu 실행 시작
[2022-09-23 10:45:31.438][I][AutoBaseFunction.py(wrapper):8] Parameter : 
[2022-09-23 10:45:31.439][I][AutoBaseFunction.py(wrapper):14] Screen.MainWindow : update_open_menu 실행 종료
[2022-09-23 10:45:32.620][I][AutoBaseFunction.py(wrapper):7] Screen.MainWindow : show_imgList 실행 시작
[2022-09-23 10:45:32.621][I][AutoBaseFunction.py(wrapper):8] Parameter : ('한국어', 'D:/test/TestList_CSV/2022_skillup'), True, True
