[2022-10-05 09:14:02.323][D][LogManager.py(Init):12] LogManager Init function called !!!
[2022-10-05 09:14:02.348][I][AutoBaseFunction.py(wrapper):10] Screen.MainWindow : setupUi 실행 시작
[2022-10-05 09:14:02.349][I][AutoBaseFunction.py(wrapper):11] Parameter : 
[2022-10-05 09:14:02.351][I][AutoBaseFunction.py(wrapper):10] Screen.MainWindow : set_field 실행 시작
[2022-10-05 09:14:02.352][I][AutoBaseFunction.py(wrapper):11] Parameter : 
[2022-10-05 09:14:02.398][I][AutoBaseFunction.py(wrapper):17] Screen.MainWindow : set_field 실행 종료
[2022-10-05 09:14:02.398][I][AutoBaseFunction.py(wrapper):10] Screen.MainWindow : setWidget_func 실행 시작
[2022-10-05 09:14:02.398][I][AutoBaseFunction.py(wrapper):11] Parameter : 
[2022-10-05 09:14:02.400][I][AutoBaseFunction.py(wrapper):17] Screen.MainWindow : setWidget_func 실행 종료
[2022-10-05 09:14:02.402][I][AutoBaseFunction.py(wrapper):17] Screen.MainWindow : setupUi 실행 종료
[2022-10-05 09:14:02.408][I][AutoBaseFunction.py(wrapper):10] __main__ : __set_slot 실행 시작
[2022-10-05 09:14:02.409][I][AutoBaseFunction.py(wrapper):11] Parameter : 
[2022-10-05 09:14:02.409][I][AutoBaseFunction.py(wrapper):17] __main__ : __set_slot 실행 종료
[2022-10-05 09:14:02.409][I][AutoBaseFunction.py(wrapper):10] __main__ : __wigets_setupUi 실행 시작
[2022-10-05 09:14:02.410][I][AutoBaseFunction.py(wrapper):11] Parameter : 
[2022-10-05 09:14:02.410][I][AutoBaseFunction.py(wrapper):10] Screen.Setup_Language : setupUI_Language 실행 시작
[2022-10-05 09:14:02.410][I][AutoBaseFunction.py(wrapper):11] Parameter : 
[2022-10-05 09:14:02.411][I][AutoBaseFunction.py(wrapper):10] Screen.Setup_Language : sl_set_slot 실행 시작
[2022-10-05 09:14:02.412][I][AutoBaseFunction.py(wrapper):11] Parameter : 
[2022-10-05 09:14:02.412][I][AutoBaseFunction.py(wrapper):17] Screen.Setup_Language : sl_set_slot 실행 종료
[2022-10-05 09:14:02.412][I][AutoBaseFunction.py(wrapper):17] Screen.Setup_Language : setupUI_Language 실행 종료
[2022-10-05 09:14:02.413][I][AutoBaseFunction.py(wrapper):10] Screen.Menu_CreateExcel : setupUI_CreateExcel 실행 시작
[2022-10-05 09:14:02.413][I][AutoBaseFunction.py(wrapper):11] Parameter : 
[2022-10-05 09:14:02.414][I][AutoBaseFunction.py(wrapper):10] Screen.Menu_CreateExcel : new_excel_func 실행 시작
[2022-10-05 09:14:02.414][I][AutoBaseFunction.py(wrapper):11] Parameter : 
[2022-10-05 09:14:02.415][I][AutoBaseFunction.py(wrapper):17] Screen.Menu_CreateExcel : new_excel_func 실행 종료
[2022-10-05 09:14:02.415][I][AutoBaseFunction.py(wrapper):10] Screen.Menu_CreateExcel : set_excel_func 실행 시작
[2022-10-05 09:14:02.415][I][AutoBaseFunction.py(wrapper):11] Parameter : 
[2022-10-05 09:14:02.416][I][AutoBaseFunction.py(wrapper):17] Screen.Menu_CreateExcel : set_excel_func 실행 종료
[2022-10-05 09:14:02.416][I][AutoBaseFunction.py(wrapper):17] Screen.Menu_CreateExcel : setupUI_CreateExcel 실행 종료
[2022-10-05 09:14:02.416][I][AutoBaseFunction.py(wrapper):10] Screen.Setup_Field : setupUI_Field 실행 시작
[2022-10-05 09:14:02.417][I][AutoBaseFunction.py(wrapper):11] Parameter : 
[2022-10-05 09:14:02.418][I][AutoBaseFunction.py(wrapper):10] Screen.Setup_Field : set_data 실행 시작
[2022-10-05 09:14:02.419][I][AutoBaseFunction.py(wrapper):11] Parameter : 
[2022-10-05 09:14:02.419][I][AutoBaseFunction.py(wrapper):17] Screen.Setup_Field : set_data 실행 종료
[2022-10-05 09:14:02.663][I][AutoBaseFunction.py(wrapper):10] Screen.Setup_Field : set_data 실행 시작
[2022-10-05 09:14:02.663][I][AutoBaseFunction.py(wrapper):11] Parameter : 
[2022-10-05 09:14:02.663][I][AutoBaseFunction.py(wrapper):17] Screen.Setup_Field : set_data 실행 종료
[2022-10-05 09:14:02.664][I][AutoBaseFunction.py(wrapper):10] Screen.Setup_Field : set_data 실행 시작
[2022-10-05 09:14:02.664][I][AutoBaseFunction.py(wrapper):11] Parameter : 
[2022-10-05 09:14:02.665][I][AutoBaseFunction.py(wrapper):17] Screen.Setup_Field : set_data 실행 종료
[2022-10-05 09:14:02.666][I][AutoBaseFunction.py(wrapper):10] Screen.Setup_Field : set_data 실행 시작
[2022-10-05 09:14:02.666][I][AutoBaseFunction.py(wrapper):11] Parameter : 
[2022-10-05 09:14:02.666][I][AutoBaseFunction.py(wrapper):17] Screen.Setup_Field : set_data 실행 종료
[2022-10-05 09:14:02.667][I][AutoBaseFunction.py(wrapper):10] Screen.Setup_Field : set_data 실행 시작
[2022-10-05 09:14:02.667][I][AutoBaseFunction.py(wrapper):11] Parameter : 
[2022-10-05 09:14:02.668][I][AutoBaseFunction.py(wrapper):17] Screen.Setup_Field : set_data 실행 종료
[2022-10-05 09:14:02.668][I][AutoBaseFunction.py(wrapper):10] Screen.Setup_Field : set_data 실행 시작
[2022-10-05 09:14:02.668][I][AutoBaseFunction.py(wrapper):11] Parameter : 
[2022-10-05 09:14:02.668][I][AutoBaseFunction.py(wrapper):17] Screen.Setup_Field : set_data 실행 종료
[2022-10-05 09:14:02.669][I][AutoBaseFunction.py(wrapper):10] Screen.Setup_Field : sl_set_slot 실행 시작
[2022-10-05 09:14:02.669][I][AutoBaseFunction.py(wrapper):11] Parameter : 
[2022-10-05 09:14:02.669][I][AutoBaseFunction.py(wrapper):17] Screen.Setup_Field : sl_set_slot 실행 종료
[2022-10-05 09:14:02.669][I][AutoBaseFunction.py(wrapper):17] Screen.Setup_Field : setupUI_Field 실행 종료
[2022-10-05 09:14:02.670][I][AutoBaseFunction.py(wrapper):10] Screen.Setup_TestList : setupUI_TestList 실행 시작
[2022-10-05 09:14:02.670][I][AutoBaseFunction.py(wrapper):11] Parameter : 
[2022-10-05 09:14:02.671][I][AutoBaseFunction.py(wrapper):10] Screen.Setup_TestList : btn_set_slot 실행 시작
[2022-10-05 09:14:02.671][I][AutoBaseFunction.py(wrapper):11] Parameter : 
[2022-10-05 09:14:02.671][I][AutoBaseFunction.py(wrapper):17] Screen.Setup_TestList : btn_set_slot 실행 종료
[2022-10-05 09:14:02.672][I][AutoBaseFunction.py(wrapper):17] Screen.Setup_TestList : setupUI_TestList 실행 종료
[2022-10-05 09:14:02.672][I][AutoBaseFunction.py(wrapper):17] __main__ : __wigets_setupUi 실행 종료
[2022-10-05 09:14:04.130][I][AutoBaseFunction.py(wrapper):10] Screen.MainWindow : update_open_menu 실행 시작
[2022-10-05 09:14:04.130][I][AutoBaseFunction.py(wrapper):11] Parameter : 
[2022-10-05 09:14:04.132][I][AutoBaseFunction.py(wrapper):17] Screen.MainWindow : update_open_menu 실행 종료
[2022-10-05 09:14:05.103][I][AutoBaseFunction.py(wrapper):10] Screen.MainWindow : show_imgList 실행 시작
[2022-10-05 09:14:05.103][I][AutoBaseFunction.py(wrapper):11] Parameter : ('한국어', 'D:/test/TestList_CSV/2022_skillup-master/국내_표5'), True, True
[2022-10-05 09:14:05.207][I][AutoBaseFunction.py(wrapper):17] Screen.MainWindow : show_imgList 실행 종료
[2022-10-05 09:14:06.389][I][AutoBaseFunction.py(wrapper):10] Screen.MainWindow : allPass_clicked 실행 시작
[2022-10-05 09:14:06.389][I][AutoBaseFunction.py(wrapper):11] Parameter : False
[2022-10-05 09:14:06.389][I][AutoBaseFunction.py(wrapper):17] Screen.MainWindow : allPass_clicked 실행 종료
[2022-10-05 09:14:09.580][I][AutoBaseFunction.py(wrapper):10] Screen.MainWindow : keyReleaseEvent 실행 시작
[2022-10-05 09:14:09.581][I][AutoBaseFunction.py(wrapper):11] Parameter : <PyQt5.QtGui.QKeyEvent object at 0x0000015FD6D9EDC8>
[2022-10-05 09:14:09.582][I][AutoBaseFunction.py(wrapper):17] Screen.MainWindow : keyReleaseEvent 실행 종료
[2022-10-05 09:14:09.692][I][AutoBaseFunction.py(wrapper):10] Screen.MainWindow : keyReleaseEvent 실행 시작
[2022-10-05 09:14:09.692][I][AutoBaseFunction.py(wrapper):11] Parameter : <PyQt5.QtGui.QKeyEvent object at 0x0000015FD6D9EDC8>
[2022-10-05 09:14:09.693][I][AutoBaseFunction.py(wrapper):17] Screen.MainWindow : keyReleaseEvent 실행 종료
[2022-10-05 09:14:11.020][I][AutoBaseFunction.py(wrapper):10] Screen.MainWindow : keyReleaseEvent 실행 시작
[2022-10-05 09:14:11.020][I][AutoBaseFunction.py(wrapper):11] Parameter : <PyQt5.QtGui.QKeyEvent object at 0x0000015FD6D9EDC8>
[2022-10-05 09:14:11.021][I][AutoBaseFunction.py(wrapper):17] Screen.MainWindow : keyReleaseEvent 실행 종료
[2022-10-05 09:14:11.837][I][AutoBaseFunction.py(wrapper):10] Screen.MainWindow : keyReleaseEvent 실행 시작
[2022-10-05 09:14:11.837][I][AutoBaseFunction.py(wrapper):11] Parameter : <PyQt5.QtGui.QKeyEvent object at 0x0000015FD6D9EDC8>
[2022-10-05 09:14:11.838][I][AutoBaseFunction.py(wrapper):17] Screen.MainWindow : keyReleaseEvent 실행 종료
[2022-10-05 09:14:11.951][I][AutoBaseFunction.py(wrapper):10] Screen.MainWindow : keyReleaseEvent 실행 시작
[2022-10-05 09:14:11.951][I][AutoBaseFunction.py(wrapper):11] Parameter : <PyQt5.QtGui.QKeyEvent object at 0x0000015FD6D9EDC8>
[2022-10-05 09:14:11.952][I][AutoBaseFunction.py(wrapper):17] Screen.MainWindow : keyReleaseEvent 실행 종료
[2022-10-05 09:14:12.316][I][AutoBaseFunction.py(wrapper):10] Screen.MainWindow : keyReleaseEvent 실행 시작
[2022-10-05 09:14:12.316][I][AutoBaseFunction.py(wrapper):11] Parameter : <PyQt5.QtGui.QKeyEvent object at 0x0000015FD6D9EDC8>
[2022-10-05 09:14:12.317][I][AutoBaseFunction.py(wrapper):17] Screen.MainWindow : keyReleaseEvent 실행 종료
[2022-10-05 09:14:12.412][I][AutoBaseFunction.py(wrapper):10] Screen.MainWindow : keyReleaseEvent 실행 시작
[2022-10-05 09:14:12.412][I][AutoBaseFunction.py(wrapper):11] Parameter : <PyQt5.QtGui.QKeyEvent object at 0x0000015FD6D9EDC8>
[2022-10-05 09:14:12.413][I][AutoBaseFunction.py(wrapper):17] Screen.MainWindow : keyReleaseEvent 실행 종료
[2022-10-05 09:14:12.508][I][AutoBaseFunction.py(wrapper):10] Screen.MainWindow : keyReleaseEvent 실행 시작
[2022-10-05 09:14:12.509][I][AutoBaseFunction.py(wrapper):11] Parameter : <PyQt5.QtGui.QKeyEvent object at 0x0000015FD6D9EDC8>
[2022-10-05 09:14:12.509][I][AutoBaseFunction.py(wrapper):17] Screen.MainWindow : keyReleaseEvent 실행 종료
[2022-10-05 09:14:12.684][I][AutoBaseFunction.py(wrapper):10] Screen.MainWindow : keyReleaseEvent 실행 시작
[2022-10-05 09:14:12.684][I][AutoBaseFunction.py(wrapper):11] Parameter : <PyQt5.QtGui.QKeyEvent object at 0x0000015FD6D9EDC8>
[2022-10-05 09:14:12.685][I][AutoBaseFunction.py(wrapper):17] Screen.MainWindow : keyReleaseEvent 실행 종료
[2022-10-05 09:14:12.716][I][AutoBaseFunction.py(wrapper):10] Screen.MainWindow : keyReleaseEvent 실행 시작
[2022-10-05 09:14:12.717][I][AutoBaseFunction.py(wrapper):11] Parameter : <PyQt5.QtGui.QKeyEvent object at 0x0000015FD6D9EDC8>
[2022-10-05 09:14:12.717][I][AutoBaseFunction.py(wrapper):17] Screen.MainWindow : keyReleaseEvent 실행 종료
[2022-10-05 09:14:14.908][I][AutoBaseFunction.py(wrapper):10] Screen.MainWindow : keyReleaseEvent 실행 시작
[2022-10-05 09:14:14.909][I][AutoBaseFunction.py(wrapper):11] Parameter : <PyQt5.QtGui.QKeyEvent object at 0x0000015FD6D9EDC8>
[2022-10-05 09:14:14.909][I][AutoBaseFunction.py(wrapper):17] Screen.MainWindow : keyReleaseEvent 실행 종료
[2022-10-05 09:14:15.003][I][AutoBaseFunction.py(wrapper):10] Screen.MainWindow : keyReleaseEvent 실행 시작
[2022-10-05 09:14:15.004][I][AutoBaseFunction.py(wrapper):11] Parameter : <PyQt5.QtGui.QKeyEvent object at 0x0000015FD6D9EDC8>
[2022-10-05 09:14:15.004][I][AutoBaseFunction.py(wrapper):17] Screen.MainWindow : keyReleaseEvent 실행 종료
[2022-10-05 09:14:15.228][I][AutoBaseFunction.py(wrapper):10] Screen.MainWindow : keyReleaseEvent 실행 시작
[2022-10-05 09:14:15.228][I][AutoBaseFunction.py(wrapper):11] Parameter : <PyQt5.QtGui.QKeyEvent object at 0x0000015FD6D9EDC8>
[2022-10-05 09:14:15.229][I][AutoBaseFunction.py(wrapper):17] Screen.MainWindow : keyReleaseEvent 실행 종료
[2022-10-05 09:14:18.444][I][AutoBaseFunction.py(wrapper):10] Screen.MainWindow : keyReleaseEvent 실행 시작
[2022-10-05 09:14:18.445][I][AutoBaseFunction.py(wrapper):11] Parameter : <PyQt5.QtGui.QKeyEvent object at 0x0000015FD6D9EDC8>
[2022-10-05 09:14:18.445][I][AutoBaseFunction.py(wrapper):17] Screen.MainWindow : keyReleaseEvent 실행 종료
[2022-10-05 09:14:19.835][I][AutoBaseFunction.py(wrapper):10] Screen.MainWindow : keyReleaseEvent 실행 시작
[2022-10-05 09:14:19.836][I][AutoBaseFunction.py(wrapper):11] Parameter : <PyQt5.QtGui.QKeyEvent object at 0x0000015FD6D9EDC8>
[2022-10-05 09:14:19.836][I][AutoBaseFunction.py(wrapper):17] Screen.MainWindow : keyReleaseEvent 실행 종료
[2022-10-05 09:14:20.189][I][AutoBaseFunction.py(wrapper):10] Screen.MainWindow : keyReleaseEvent 실행 시작
[2022-10-05 09:14:20.189][I][AutoBaseFunction.py(wrapper):11] Parameter : <PyQt5.QtGui.QKeyEvent object at 0x0000015FD6D9EDC8>
[2022-10-05 09:14:20.189][I][AutoBaseFunction.py(wrapper):17] Screen.MainWindow : keyReleaseEvent 실행 종료
[2022-10-05 09:14:20.189][I][AutoBaseFunction.py(wrapper):10] Screen.MainWindow : keyReleaseEvent 실행 시작
[2022-10-05 09:14:20.189][I][AutoBaseFunction.py(wrapper):11] Parameter : <PyQt5.QtGui.QKeyEvent object at 0x0000015FD6D9EDC8>
[2022-10-05 09:14:20.189][I][AutoBaseFunction.py(wrapper):17] Screen.MainWindow : keyReleaseEvent 실행 종료
[2022-10-05 09:14:20.348][I][AutoBaseFunction.py(wrapper):10] Screen.MainWindow : keyReleaseEvent 실행 시작
[2022-10-05 09:14:20.349][I][AutoBaseFunction.py(wrapper):11] Parameter : <PyQt5.QtGui.QKeyEvent object at 0x0000015FD6D9EDC8>
[2022-10-05 09:14:20.349][I][AutoBaseFunction.py(wrapper):17] Screen.MainWindow : keyReleaseEvent 실행 종료
[2022-10-05 09:14:20.668][I][AutoBaseFunction.py(wrapper):10] Screen.MainWindow : keyReleaseEvent 실행 시작
[2022-10-05 09:14:20.669][I][AutoBaseFunction.py(wrapper):11] Parameter : <PyQt5.QtGui.QKeyEvent object at 0x0000015FD6D9EDC8>
[2022-10-05 09:14:20.669][I][AutoBaseFunction.py(wrapper):17] Screen.MainWindow : keyReleaseEvent 실행 종료
[2022-10-05 09:14:20.748][I][AutoBaseFunction.py(wrapper):10] Screen.MainWindow : keyReleaseEvent 실행 시작
[2022-10-05 09:14:20.748][I][AutoBaseFunction.py(wrapper):11] Parameter : <PyQt5.QtGui.QKeyEvent object at 0x0000015FD6D9EDC8>
[2022-10-05 09:14:20.749][I][AutoBaseFunction.py(wrapper):17] Screen.MainWindow : keyReleaseEvent 실행 종료
[2022-10-05 09:14:20.973][I][AutoBaseFunction.py(wrapper):10] Screen.MainWindow : keyReleaseEvent 실행 시작
[2022-10-05 09:14:20.973][I][AutoBaseFunction.py(wrapper):11] Parameter : <PyQt5.QtGui.QKeyEvent object at 0x0000015FD6D9EDC8>
[2022-10-05 09:14:20.973][I][AutoBaseFunction.py(wrapper):17] Screen.MainWindow : keyReleaseEvent 실행 종료
[2022-10-05 09:14:20.974][I][AutoBaseFunction.py(wrapper):10] Screen.MainWindow : keyReleaseEvent 실행 시작
[2022-10-05 09:14:20.974][I][AutoBaseFunction.py(wrapper):11] Parameter : <PyQt5.QtGui.QKeyEvent object at 0x0000015FD6D9EDC8>
[2022-10-05 09:14:20.974][I][AutoBaseFunction.py(wrapper):17] Screen.MainWindow : keyReleaseEvent 실행 종료
[2022-10-05 09:14:21.836][I][AutoBaseFunction.py(wrapper):10] Screen.MainWindow : keyReleaseEvent 실행 시작
[2022-10-05 09:14:21.836][I][AutoBaseFunction.py(wrapper):11] Parameter : <PyQt5.QtGui.QKeyEvent object at 0x0000015FD6D9EDC8>
[2022-10-05 09:14:21.837][I][AutoBaseFunction.py(wrapper):17] Screen.MainWindow : keyReleaseEvent 실행 종료
[2022-10-05 09:14:27.246][I][AutoBaseFunction.py(wrapper):10] Screen.MainWindow : keyReleaseEvent 실행 시작
[2022-10-05 09:14:27.246][I][AutoBaseFunction.py(wrapper):11] Parameter : <PyQt5.QtGui.QKeyEvent object at 0x0000015FD6D9EDC8>
[2022-10-05 09:14:27.247][I][AutoBaseFunction.py(wrapper):17] Screen.MainWindow : keyReleaseEvent 실행 종료
[2022-10-05 09:14:27.612][I][AutoBaseFunction.py(wrapper):10] Screen.MainWindow : keyReleaseEvent 실행 시작
[2022-10-05 09:14:27.612][I][AutoBaseFunction.py(wrapper):11] Parameter : <PyQt5.QtGui.QKeyEvent object at 0x0000015FD6D9EDC8>
[2022-10-05 09:14:27.622][I][AutoBaseFunction.py(wrapper):17] Screen.MainWindow : keyReleaseEvent 실행 종료
[2022-10-05 09:14:29.420][I][AutoBaseFunction.py(wrapper):10] Screen.MainWindow : allFail_clicked 실행 시작
[2022-10-05 09:14:29.421][I][AutoBaseFunction.py(wrapper):11] Parameter : False
[2022-10-05 09:14:29.421][I][AutoBaseFunction.py(wrapper):17] Screen.MainWindow : allFail_clicked 실행 종료
[2022-10-05 09:14:31.868][I][AutoBaseFunction.py(wrapper):10] Screen.MainWindow : keyReleaseEvent 실행 시작
[2022-10-05 09:14:31.869][I][AutoBaseFunction.py(wrapper):11] Parameter : <PyQt5.QtGui.QKeyEvent object at 0x0000015FD6D9EDC8>
[2022-10-05 09:14:31.869][I][AutoBaseFunction.py(wrapper):17] Screen.MainWindow : keyReleaseEvent 실행 종료
[2022-10-05 09:14:31.995][I][AutoBaseFunction.py(wrapper):10] Screen.MainWindow : keyReleaseEvent 실행 시작
[2022-10-05 09:14:31.996][I][AutoBaseFunction.py(wrapper):11] Parameter : <PyQt5.QtGui.QKeyEvent object at 0x0000015FD6D9EDC8>
[2022-10-05 09:14:31.996][I][AutoBaseFunction.py(wrapper):17] Screen.MainWindow : keyReleaseEvent 실행 종료
[2022-10-05 09:14:32.525][I][AutoBaseFunction.py(wrapper):10] Screen.MainWindow : keyReleaseEvent 실행 시작
[2022-10-05 09:14:32.526][I][AutoBaseFunction.py(wrapper):11] Parameter : <PyQt5.QtGui.QKeyEvent object at 0x0000015FD6D9EDC8>
[2022-10-05 09:14:32.526][I][AutoBaseFunction.py(wrapper):17] Screen.MainWindow : keyReleaseEvent 실행 종료
[2022-10-05 09:14:32.635][I][AutoBaseFunction.py(wrapper):10] Screen.MainWindow : keyReleaseEvent 실행 시작
[2022-10-05 09:14:32.636][I][AutoBaseFunction.py(wrapper):11] Parameter : <PyQt5.QtGui.QKeyEvent object at 0x0000015FD6D9EDC8>
[2022-10-05 09:14:32.636][I][AutoBaseFunction.py(wrapper):17] Screen.MainWindow : keyReleaseEvent 실행 종료
[2022-10-05 09:14:33.020][I][AutoBaseFunction.py(wrapper):10] Screen.MainWindow : keyReleaseEvent 실행 시작
[2022-10-05 09:14:33.020][I][AutoBaseFunction.py(wrapper):11] Parameter : <PyQt5.QtGui.QKeyEvent object at 0x0000015FD6D9EDC8>
[2022-10-05 09:14:33.020][I][AutoBaseFunction.py(wrapper):17] Screen.MainWindow : keyReleaseEvent 실행 종료
[2022-10-05 09:14:33.037][I][AutoBaseFunction.py(wrapper):10] Screen.MainWindow : keyReleaseEvent 실행 시작
[2022-10-05 09:14:33.037][I][AutoBaseFunction.py(wrapper):11] Parameter : <PyQt5.QtGui.QKeyEvent object at 0x0000015FD6D9EDC8>
[2022-10-05 09:14:33.037][I][AutoBaseFunction.py(wrapper):17] Screen.MainWindow : keyReleaseEvent 실행 종료
[2022-10-05 09:14:35.596][I][AutoBaseFunction.py(wrapper):10] Screen.MainWindow : keyReleaseEvent 실행 시작
[2022-10-05 09:14:35.597][I][AutoBaseFunction.py(wrapper):11] Parameter : <PyQt5.QtGui.QKeyEvent object at 0x0000015FD6D9EDC8>
[2022-10-05 09:14:35.597][I][AutoBaseFunction.py(wrapper):17] Screen.MainWindow : keyReleaseEvent 실행 종료
[2022-10-05 09:14:36.571][I][AutoBaseFunction.py(wrapper):10] Screen.MainWindow : keyReleaseEvent 실행 시작
[2022-10-05 09:14:36.572][I][AutoBaseFunction.py(wrapper):11] Parameter : <PyQt5.QtGui.QKeyEvent object at 0x0000015FD6D9EDC8>
[2022-10-05 09:14:36.572][I][AutoBaseFunction.py(wrapper):17] Screen.MainWindow : keyReleaseEvent 실행 종료
[2022-10-05 09:14:37.148][I][AutoBaseFunction.py(wrapper):10] Screen.MainWindow : keyReleaseEvent 실행 시작
[2022-10-05 09:14:37.149][I][AutoBaseFunction.py(wrapper):11] Parameter : <PyQt5.QtGui.QKeyEvent object at 0x0000015FD6D9EDC8>
[2022-10-05 09:14:37.149][I][AutoBaseFunction.py(wrapper):17] Screen.MainWindow : keyReleaseEvent 실행 종료
[2022-10-05 09:14:39.036][I][AutoBaseFunction.py(wrapper):10] Screen.MainWindow : allNT_clicked 실행 시작
[2022-10-05 09:14:39.037][I][AutoBaseFunction.py(wrapper):11] Parameter : False
[2022-10-05 09:14:39.038][I][AutoBaseFunction.py(wrapper):17] Screen.MainWindow : allNT_clicked 실행 종료
[2022-10-05 09:14:40.363][I][AutoBaseFunction.py(wrapper):10] Screen.MainWindow : keyReleaseEvent 실행 시작
[2022-10-05 09:14:40.364][I][AutoBaseFunction.py(wrapper):11] Parameter : <PyQt5.QtGui.QKeyEvent object at 0x0000015FD6D9EDC8>
[2022-10-05 09:14:40.364][I][AutoBaseFunction.py(wrapper):17] Screen.MainWindow : keyReleaseEvent 실행 종료
[2022-10-05 09:14:40.716][I][AutoBaseFunction.py(wrapper):10] Screen.MainWindow : keyReleaseEvent 실행 시작
[2022-10-05 09:14:40.716][I][AutoBaseFunction.py(wrapper):11] Parameter : <PyQt5.QtGui.QKeyEvent object at 0x0000015FD6D9EDC8>
[2022-10-05 09:14:40.716][I][AutoBaseFunction.py(wrapper):17] Screen.MainWindow : keyReleaseEvent 실행 종료
[2022-10-05 09:14:41.821][I][AutoBaseFunction.py(wrapper):10] Screen.MainWindow : keyReleaseEvent 실행 시작
[2022-10-05 09:14:41.822][I][AutoBaseFunction.py(wrapper):11] Parameter : <PyQt5.QtGui.QKeyEvent object at 0x0000015FD6D9EDC8>
[2022-10-05 09:14:41.822][I][AutoBaseFunction.py(wrapper):17] Screen.MainWindow : keyReleaseEvent 실행 종료
[2022-10-05 09:14:41.933][I][AutoBaseFunction.py(wrapper):10] Screen.MainWindow : keyReleaseEvent 실행 시작
[2022-10-05 09:14:41.933][I][AutoBaseFunction.py(wrapper):11] Parameter : <PyQt5.QtGui.QKeyEvent object at 0x0000015FD6D9EDC8>
[2022-10-05 09:14:41.934][I][AutoBaseFunction.py(wrapper):17] Screen.MainWindow : keyReleaseEvent 실행 종료
[2022-10-05 09:14:42.462][I][AutoBaseFunction.py(wrapper):10] Screen.MainWindow : keyReleaseEvent 실행 시작
[2022-10-05 09:14:42.462][I][AutoBaseFunction.py(wrapper):11] Parameter : <PyQt5.QtGui.QKeyEvent object at 0x0000015FD6D9EDC8>
[2022-10-05 09:14:42.462][I][AutoBaseFunction.py(wrapper):17] Screen.MainWindow : keyReleaseEvent 실행 종료
[2022-10-05 09:14:42.556][I][AutoBaseFunction.py(wrapper):10] Screen.MainWindow : keyReleaseEvent 실행 시작
[2022-10-05 09:14:42.556][I][AutoBaseFunction.py(wrapper):11] Parameter : <PyQt5.QtGui.QKeyEvent object at 0x0000015FD6D9EDC8>
[2022-10-05 09:14:42.557][I][AutoBaseFunction.py(wrapper):17] Screen.MainWindow : keyReleaseEvent 실행 종료
[2022-10-05 09:14:43.036][I][AutoBaseFunction.py(wrapper):10] Screen.MainWindow : keyReleaseEvent 실행 시작
[2022-10-05 09:14:43.036][I][AutoBaseFunction.py(wrapper):11] Parameter : <PyQt5.QtGui.QKeyEvent object at 0x0000015FD6D9EDC8>
[2022-10-05 09:14:43.037][I][AutoBaseFunction.py(wrapper):17] Screen.MainWindow : keyReleaseEvent 실행 종료
[2022-10-05 09:14:43.116][I][AutoBaseFunction.py(wrapper):10] Screen.MainWindow : keyReleaseEvent 실행 시작
[2022-10-05 09:14:43.117][I][AutoBaseFunction.py(wrapper):11] Parameter : <PyQt5.QtGui.QKeyEvent object at 0x0000015FD6D9EDC8>
[2022-10-05 09:14:43.117][I][AutoBaseFunction.py(wrapper):17] Screen.MainWindow : keyReleaseEvent 실행 종료
[2022-10-05 09:14:44.939][I][AutoBaseFunction.py(wrapper):10] Screen.MainWindow : keyReleaseEvent 실행 시작
[2022-10-05 09:14:44.939][I][AutoBaseFunction.py(wrapper):11] Parameter : <PyQt5.QtGui.QKeyEvent object at 0x0000015FD6D9EDC8>
[2022-10-05 09:14:44.939][I][AutoBaseFunction.py(wrapper):17] Screen.MainWindow : keyReleaseEvent 실행 종료
[2022-10-05 09:14:45.755][I][AutoBaseFunction.py(wrapper):10] Screen.MainWindow : keyReleaseEvent 실행 시작
[2022-10-05 09:14:45.756][I][AutoBaseFunction.py(wrapper):11] Parameter : <PyQt5.QtGui.QKeyEvent object at 0x0000015FD6D9EDC8>
[2022-10-05 09:14:45.756][I][AutoBaseFunction.py(wrapper):17] Screen.MainWindow : keyReleaseEvent 실행 종료
[2022-10-05 09:14:46.348][I][AutoBaseFunction.py(wrapper):10] Screen.MainWindow : keyReleaseEvent 실행 시작
[2022-10-05 09:14:46.348][I][AutoBaseFunction.py(wrapper):11] Parameter : <PyQt5.QtGui.QKeyEvent object at 0x0000015FD6D9EDC8>
[2022-10-05 09:14:46.348][I][AutoBaseFunction.py(wrapper):17] Screen.MainWindow : keyReleaseEvent 실행 종료
[2022-10-05 09:14:48.316][I][AutoBaseFunction.py(wrapper):10] Screen.MainWindow : allNA_clicked 실행 시작
[2022-10-05 09:14:48.316][I][AutoBaseFunction.py(wrapper):11] Parameter : False
[2022-10-05 09:14:48.317][I][AutoBaseFunction.py(wrapper):17] Screen.MainWindow : allNA_clicked 실행 종료
[2022-10-05 09:14:50.092][I][AutoBaseFunction.py(wrapper):10] Screen.MainWindow : keyReleaseEvent 실행 시작
[2022-10-05 09:14:50.093][I][AutoBaseFunction.py(wrapper):11] Parameter : <PyQt5.QtGui.QKeyEvent object at 0x0000015FD6D9EDC8>
[2022-10-05 09:14:50.093][I][AutoBaseFunction.py(wrapper):17] Screen.MainWindow : keyReleaseEvent 실행 종료
[2022-10-05 09:14:50.139][I][AutoBaseFunction.py(wrapper):10] Screen.MainWindow : keyReleaseEvent 실행 시작
[2022-10-05 09:14:50.140][I][AutoBaseFunction.py(wrapper):11] Parameter : <PyQt5.QtGui.QKeyEvent object at 0x0000015FD6D9EDC8>
[2022-10-05 09:14:50.140][I][AutoBaseFunction.py(wrapper):17] Screen.MainWindow : keyReleaseEvent 실행 종료
[2022-10-05 09:14:50.316][I][AutoBaseFunction.py(wrapper):10] Screen.MainWindow : keyReleaseEvent 실행 시작
[2022-10-05 09:14:50.316][I][AutoBaseFunction.py(wrapper):11] Parameter : <PyQt5.QtGui.QKeyEvent object at 0x0000015FD6D9EDC8>
[2022-10-05 09:14:50.317][I][AutoBaseFunction.py(wrapper):17] Screen.MainWindow : keyReleaseEvent 실행 종료
[2022-10-05 09:14:50.492][I][AutoBaseFunction.py(wrapper):10] Screen.MainWindow : keyReleaseEvent 실행 시작
[2022-10-05 09:14:50.492][I][AutoBaseFunction.py(wrapper):11] Parameter : <PyQt5.QtGui.QKeyEvent object at 0x0000015FD6D9EDC8>
[2022-10-05 09:14:50.493][I][AutoBaseFunction.py(wrapper):17] Screen.MainWindow : keyReleaseEvent 실행 종료
[2022-10-05 09:14:51.117][I][AutoBaseFunction.py(wrapper):10] Screen.MainWindow : keyReleaseEvent 실행 시작
[2022-10-05 09:14:51.118][I][AutoBaseFunction.py(wrapper):11] Parameter : <PyQt5.QtGui.QKeyEvent object at 0x0000015FD6D9EDC8>
[2022-10-05 09:14:51.118][I][AutoBaseFunction.py(wrapper):17] Screen.MainWindow : keyReleaseEvent 실행 종료
[2022-10-05 09:14:51.180][I][AutoBaseFunction.py(wrapper):10] Screen.MainWindow : keyReleaseEvent 실행 시작
[2022-10-05 09:14:51.180][I][AutoBaseFunction.py(wrapper):11] Parameter : <PyQt5.QtGui.QKeyEvent object at 0x0000015FD6D9EDC8>
[2022-10-05 09:14:51.181][I][AutoBaseFunction.py(wrapper):17] Screen.MainWindow : keyReleaseEvent 실행 종료
[2022-10-05 09:14:51.483][I][AutoBaseFunction.py(wrapper):10] Screen.MainWindow : keyReleaseEvent 실행 시작
[2022-10-05 09:14:51.484][I][AutoBaseFunction.py(wrapper):11] Parameter : <PyQt5.QtGui.QKeyEvent object at 0x0000015FD6D9EDC8>
[2022-10-05 09:14:51.484][I][AutoBaseFunction.py(wrapper):17] Screen.MainWindow : keyReleaseEvent 실행 종료
[2022-10-05 09:14:51.659][I][AutoBaseFunction.py(wrapper):10] Screen.MainWindow : keyReleaseEvent 실행 시작
[2022-10-05 09:14:51.659][I][AutoBaseFunction.py(wrapper):11] Parameter : <PyQt5.QtGui.QKeyEvent object at 0x0000015FD6D9EDC8>
[2022-10-05 09:14:51.660][I][AutoBaseFunction.py(wrapper):17] Screen.MainWindow : keyReleaseEvent 실행 종료
[2022-10-05 09:14:52.060][I][AutoBaseFunction.py(wrapper):10] Screen.MainWindow : keyReleaseEvent 실행 시작
[2022-10-05 09:14:52.060][I][AutoBaseFunction.py(wrapper):11] Parameter : <PyQt5.QtGui.QKeyEvent object at 0x0000015FD6D9EDC8>
[2022-10-05 09:14:52.061][I][AutoBaseFunction.py(wrapper):17] Screen.MainWindow : keyReleaseEvent 실행 종료
[2022-10-05 09:14:52.172][I][AutoBaseFunction.py(wrapper):10] Screen.MainWindow : keyReleaseEvent 실행 시작
[2022-10-05 09:14:52.173][I][AutoBaseFunction.py(wrapper):11] Parameter : <PyQt5.QtGui.QKeyEvent object at 0x0000015FD6D9EDC8>
[2022-10-05 09:14:52.173][I][AutoBaseFunction.py(wrapper):17] Screen.MainWindow : keyReleaseEvent 실행 종료
[2022-10-05 09:14:52.717][I][AutoBaseFunction.py(wrapper):10] Screen.MainWindow : keyReleaseEvent 실행 시작
[2022-10-05 09:14:52.717][I][AutoBaseFunction.py(wrapper):11] Parameter : <PyQt5.QtGui.QKeyEvent object at 0x0000015FD6D9EDC8>
[2022-10-05 09:14:52.718][I][AutoBaseFunction.py(wrapper):17] Screen.MainWindow : keyReleaseEvent 실행 종료
[2022-10-05 09:14:52.827][I][AutoBaseFunction.py(wrapper):10] Screen.MainWindow : keyReleaseEvent 실행 시작
[2022-10-05 09:14:52.828][I][AutoBaseFunction.py(wrapper):11] Parameter : <PyQt5.QtGui.QKeyEvent object at 0x0000015FD6D9EDC8>
[2022-10-05 09:14:52.828][I][AutoBaseFunction.py(wrapper):17] Screen.MainWindow : keyReleaseEvent 실행 종료
[2022-10-05 09:14:53.755][I][AutoBaseFunction.py(wrapper):10] Screen.MainWindow : keyReleaseEvent 실행 시작
[2022-10-05 09:14:53.756][I][AutoBaseFunction.py(wrapper):11] Parameter : <PyQt5.QtGui.QKeyEvent object at 0x0000015FD6D9EDC8>
[2022-10-05 09:14:53.756][I][AutoBaseFunction.py(wrapper):17] Screen.MainWindow : keyReleaseEvent 실행 종료
[2022-10-05 09:14:53.852][I][AutoBaseFunction.py(wrapper):10] Screen.MainWindow : keyReleaseEvent 실행 시작
[2022-10-05 09:14:53.852][I][AutoBaseFunction.py(wrapper):11] Parameter : <PyQt5.QtGui.QKeyEvent object at 0x0000015FD6D9EDC8>
[2022-10-05 09:14:53.853][I][AutoBaseFunction.py(wrapper):17] Screen.MainWindow : keyReleaseEvent 실행 종료
[2022-10-05 09:14:56.188][I][AutoBaseFunction.py(wrapper):10] Screen.MainWindow : keyReleaseEvent 실행 시작
[2022-10-05 09:14:56.188][I][AutoBaseFunction.py(wrapper):11] Parameter : <PyQt5.QtGui.QKeyEvent object at 0x0000015FD6D9EDC8>
[2022-10-05 09:14:56.188][I][AutoBaseFunction.py(wrapper):17] Screen.MainWindow : keyReleaseEvent 실행 종료
[2022-10-05 09:14:56.875][I][AutoBaseFunction.py(wrapper):10] Screen.MainWindow : keyReleaseEvent 실행 시작
[2022-10-05 09:14:56.876][I][AutoBaseFunction.py(wrapper):11] Parameter : <PyQt5.QtGui.QKeyEvent object at 0x0000015FD6D9EDC8>
[2022-10-05 09:14:56.876][I][AutoBaseFunction.py(wrapper):17] Screen.MainWindow : keyReleaseEvent 실행 종료
[2022-10-05 09:14:57.372][I][AutoBaseFunction.py(wrapper):10] Screen.MainWindow : keyReleaseEvent 실행 시작
[2022-10-05 09:14:57.373][I][AutoBaseFunction.py(wrapper):11] Parameter : <PyQt5.QtGui.QKeyEvent object at 0x0000015FD6D9EDC8>
[2022-10-05 09:14:57.373][I][AutoBaseFunction.py(wrapper):17] Screen.MainWindow : keyReleaseEvent 실행 종료
[2022-10-05 09:15:07.900][I][AutoBaseFunction.py(wrapper):10] Screen.MainWindow : keyReleaseEvent 실행 시작
[2022-10-05 09:15:07.900][I][AutoBaseFunction.py(wrapper):11] Parameter : <PyQt5.QtGui.QKeyEvent object at 0x0000015FD6D9EDC8>
[2022-10-05 09:15:07.901][I][AutoBaseFunction.py(wrapper):17] Screen.MainWindow : keyReleaseEvent 실행 종료
[2022-10-05 09:15:07.901][I][AutoBaseFunction.py(wrapper):10] Screen.MainWindow : keyReleaseEvent 실행 시작
[2022-10-05 09:15:07.901][I][AutoBaseFunction.py(wrapper):11] Parameter : <PyQt5.QtGui.QKeyEvent object at 0x0000015FD6D9EDC8>
[2022-10-05 09:15:07.902][I][AutoBaseFunction.py(wrapper):17] Screen.MainWindow : keyReleaseEvent 실행 종료
[2022-10-05 09:15:13.941][I][AutoBaseFunction.py(wrapper):10] Screen.MainWindow : keyReleaseEvent 실행 시작
[2022-10-05 09:15:13.942][I][AutoBaseFunction.py(wrapper):11] Parameter : <PyQt5.QtGui.QKeyEvent object at 0x0000015FD6D9EDC8>
[2022-10-05 09:15:13.942][I][AutoBaseFunction.py(wrapper):17] Screen.MainWindow : keyReleaseEvent 실행 종료
[2022-10-05 09:15:13.942][I][AutoBaseFunction.py(wrapper):10] Screen.MainWindow : keyReleaseEvent 실행 시작
[2022-10-05 09:15:13.943][I][AutoBaseFunction.py(wrapper):11] Parameter : <PyQt5.QtGui.QKeyEvent object at 0x0000015FD6D9EDC8>
[2022-10-05 09:15:13.943][I][AutoBaseFunction.py(wrapper):17] Screen.MainWindow : keyReleaseEvent 실행 종료
[2022-10-05 09:15:21.581][I][AutoBaseFunction.py(wrapper):10] Screen.MainWindow : update_open_menu 실행 시작
[2022-10-05 09:15:21.581][I][AutoBaseFunction.py(wrapper):11] Parameter : 
[2022-10-05 09:15:21.583][I][AutoBaseFunction.py(wrapper):17] Screen.MainWindow : update_open_menu 실행 종료
[2022-10-05 09:16:15.916][I][AutoBaseFunction.py(wrapper):10] Screen.MainWindow : update_open_menu 실행 시작
[2022-10-05 09:16:15.917][I][AutoBaseFunction.py(wrapper):11] Parameter : 
[2022-10-05 09:16:15.918][I][AutoBaseFunction.py(wrapper):17] Screen.MainWindow : update_open_menu 실행 종료
[2022-10-05 09:16:16.749][I][AutoBaseFunction.py(wrapper):10] __main__ : __ce_ui 실행 시작
[2022-10-05 09:16:16.749][I][AutoBaseFunction.py(wrapper):11] Parameter : False
[2022-10-05 09:16:16.770][I][AutoBaseFunction.py(wrapper):17] __main__ : __ce_ui 실행 종료
[2022-10-05 09:16:18.660][I][AutoBaseFunction.py(wrapper):10] Screen.Menu_CreateExcel : folder_toolButton_clicked 실행 시작
[2022-10-05 09:16:18.660][I][AutoBaseFunction.py(wrapper):11] Parameter : <PyQt5.QtWidgets.QLineEdit object at 0x0000015FD6CB4B88>, False
[2022-10-05 09:16:21.383][I][AutoBaseFunction.py(wrapper):17] Screen.Menu_CreateExcel : folder_toolButton_clicked 실행 종료
[2022-10-05 09:16:22.930][I][AutoBaseFunction.py(wrapper):10] Screen.Menu_CreateExcel : func_check 실행 시작
[2022-10-05 09:16:22.931][I][AutoBaseFunction.py(wrapper):11] Parameter : False
[2022-10-05 09:16:23.138][I][AutoBaseFunction.py(wrapper):17] Screen.Menu_CreateExcel : func_check 실행 종료
[2022-10-05 09:17:33.618][I][AutoBaseFunction.py(wrapper):10] Screen.MainWindow : closeEvent 실행 시작
[2022-10-05 09:17:33.618][I][AutoBaseFunction.py(wrapper):11] Parameter : <PyQt5.QtGui.QCloseEvent object at 0x0000015FD7751E58>
