[2022-09-22 11:20:50.577][D][LogManager.py(Init):12] LogManager Init function called !!!
[2022-09-22 11:20:50.590][I][AutoBaseFunction.py(wrapper):7] Screen.MainWindow : setupUi 실행 시작
[2022-09-22 11:20:50.590][I][AutoBaseFunction.py(wrapper):8] Parameter : 
[2022-09-22 11:20:50.610][I][AutoBaseFunction.py(wrapper):7] Screen.MainWindow : set_field 실행 시작
[2022-09-22 11:20:50.610][I][AutoBaseFunction.py(wrapper):8] Parameter : 
[2022-09-22 11:20:50.637][I][AutoBaseFunction.py(wrapper):14] Screen.MainWindow : set_field 실행 종료
[2022-09-22 11:20:50.637][I][AutoBaseFunction.py(wrapper):7] Screen.MainWindow : setWidget_func 실행 시작
[2022-09-22 11:20:50.638][I][AutoBaseFunction.py(wrapper):8] Parameter : 
[2022-09-22 11:20:50.639][I][AutoBaseFunction.py(wrapper):14] Screen.MainWindow : setWidget_func 실행 종료
[2022-09-22 11:20:50.642][I][AutoBaseFunction.py(wrapper):14] Screen.MainWindow : setupUi 실행 종료
[2022-09-22 11:20:50.648][I][AutoBaseFunction.py(wrapper):7] __main__ : __set_slot 실행 시작
[2022-09-22 11:20:50.648][I][AutoBaseFunction.py(wrapper):8] Parameter : 
[2022-09-22 11:20:50.649][I][AutoBaseFunction.py(wrapper):14] __main__ : __set_slot 실행 종료
[2022-09-22 11:20:50.649][I][AutoBaseFunction.py(wrapper):7] __main__ : __wigets_setupUi 실행 시작
[2022-09-22 11:20:50.649][I][AutoBaseFunction.py(wrapper):8] Parameter : 
[2022-09-22 11:20:50.649][I][AutoBaseFunction.py(wrapper):7] Screen.Setup_Language : setupUI_Language 실행 시작
[2022-09-22 11:20:50.650][I][AutoBaseFunction.py(wrapper):8] Parameter : 
[2022-09-22 11:20:50.650][I][AutoBaseFunction.py(wrapper):7] Screen.Setup_Language : sl_set_slot 실행 시작
[2022-09-22 11:20:50.650][I][AutoBaseFunction.py(wrapper):8] Parameter : 
[2022-09-22 11:20:50.651][I][AutoBaseFunction.py(wrapper):14] Screen.Setup_Language : sl_set_slot 실행 종료
[2022-09-22 11:20:50.651][I][AutoBaseFunction.py(wrapper):14] Screen.Setup_Language : setupUI_Language 실행 종료
[2022-09-22 11:20:50.651][I][AutoBaseFunction.py(wrapper):7] Screen.Menu_CreateExcel : setupUI_CreateExcel 실행 시작
[2022-09-22 11:20:50.651][I][AutoBaseFunction.py(wrapper):8] Parameter : 
[2022-09-22 11:20:50.652][I][AutoBaseFunction.py(wrapper):7] Screen.Menu_CreateExcel : new_excel_func 실행 시작
[2022-09-22 11:20:50.652][I][AutoBaseFunction.py(wrapper):8] Parameter : 
[2022-09-22 11:20:50.653][I][AutoBaseFunction.py(wrapper):14] Screen.Menu_CreateExcel : new_excel_func 실행 종료
[2022-09-22 11:20:50.653][I][AutoBaseFunction.py(wrapper):7] Screen.Menu_CreateExcel : set_excel_func 실행 시작
[2022-09-22 11:20:50.654][I][AutoBaseFunction.py(wrapper):8] Parameter : 
[2022-09-22 11:20:50.654][I][AutoBaseFunction.py(wrapper):14] Screen.Menu_CreateExcel : set_excel_func 실행 종료
[2022-09-22 11:20:50.654][I][AutoBaseFunction.py(wrapper):14] Screen.Menu_CreateExcel : setupUI_CreateExcel 실행 종료
[2022-09-22 11:20:50.655][I][AutoBaseFunction.py(wrapper):7] Screen.Setup_Field : setupUI_Field 실행 시작
[2022-09-22 11:20:50.655][I][AutoBaseFunction.py(wrapper):8] Parameter : 
[2022-09-22 11:20:50.655][I][AutoBaseFunction.py(wrapper):7] Screen.Setup_Field : set_data 실행 시작
[2022-09-22 11:20:50.655][I][AutoBaseFunction.py(wrapper):8] Parameter : 
[2022-09-22 11:20:50.656][I][AutoBaseFunction.py(wrapper):14] Screen.Setup_Field : set_data 실행 종료
[2022-09-22 11:20:50.879][I][AutoBaseFunction.py(wrapper):7] Screen.Setup_Field : set_data 실행 시작
[2022-09-22 11:20:50.880][I][AutoBaseFunction.py(wrapper):8] Parameter : 
[2022-09-22 11:20:50.880][I][AutoBaseFunction.py(wrapper):14] Screen.Setup_Field : set_data 실행 종료
[2022-09-22 11:20:50.881][I][AutoBaseFunction.py(wrapper):7] Screen.Setup_Field : set_data 실행 시작
[2022-09-22 11:20:50.881][I][AutoBaseFunction.py(wrapper):8] Parameter : 
[2022-09-22 11:20:50.881][I][AutoBaseFunction.py(wrapper):14] Screen.Setup_Field : set_data 실행 종료
[2022-09-22 11:20:50.882][I][AutoBaseFunction.py(wrapper):7] Screen.Setup_Field : set_data 실행 시작
[2022-09-22 11:20:50.882][I][AutoBaseFunction.py(wrapper):8] Parameter : 
[2022-09-22 11:20:50.882][I][AutoBaseFunction.py(wrapper):14] Screen.Setup_Field : set_data 실행 종료
[2022-09-22 11:20:50.883][I][AutoBaseFunction.py(wrapper):7] Screen.Setup_Field : set_data 실행 시작
[2022-09-22 11:20:50.883][I][AutoBaseFunction.py(wrapper):8] Parameter : 
[2022-09-22 11:20:50.883][I][AutoBaseFunction.py(wrapper):14] Screen.Setup_Field : set_data 실행 종료
[2022-09-22 11:20:50.883][I][AutoBaseFunction.py(wrapper):7] Screen.Setup_Field : set_data 실행 시작
[2022-09-22 11:20:50.884][I][AutoBaseFunction.py(wrapper):8] Parameter : 
[2022-09-22 11:20:50.884][I][AutoBaseFunction.py(wrapper):14] Screen.Setup_Field : set_data 실행 종료
[2022-09-22 11:20:50.884][I][AutoBaseFunction.py(wrapper):7] Screen.Setup_Field : sl_set_slot 실행 시작
[2022-09-22 11:20:50.884][I][AutoBaseFunction.py(wrapper):8] Parameter : 
[2022-09-22 11:20:50.884][I][AutoBaseFunction.py(wrapper):14] Screen.Setup_Field : sl_set_slot 실행 종료
[2022-09-22 11:20:50.885][I][AutoBaseFunction.py(wrapper):14] Screen.Setup_Field : setupUI_Field 실행 종료
[2022-09-22 11:20:50.885][I][AutoBaseFunction.py(wrapper):7] Screen.Setup_TestList : setupUI_TestList 실행 시작
[2022-09-22 11:20:50.885][I][AutoBaseFunction.py(wrapper):8] Parameter : 
[2022-09-22 11:20:50.886][I][AutoBaseFunction.py(wrapper):7] Screen.Setup_TestList : btn_set_slot 실행 시작
[2022-09-22 11:20:50.887][I][AutoBaseFunction.py(wrapper):8] Parameter : 
[2022-09-22 11:20:50.887][I][AutoBaseFunction.py(wrapper):14] Screen.Setup_TestList : btn_set_slot 실행 종료
[2022-09-22 11:20:50.887][I][AutoBaseFunction.py(wrapper):14] Screen.Setup_TestList : setupUI_TestList 실행 종료
[2022-09-22 11:20:50.887][I][AutoBaseFunction.py(wrapper):14] __main__ : __wigets_setupUi 실행 종료
[2022-09-22 11:20:51.919][I][AutoBaseFunction.py(wrapper):7] Screen.MainWindow : update_open_menu 실행 시작
[2022-09-22 11:20:51.920][I][AutoBaseFunction.py(wrapper):8] Parameter : 
[2022-09-22 11:20:51.921][I][AutoBaseFunction.py(wrapper):14] Screen.MainWindow : update_open_menu 실행 종료
[2022-09-22 11:20:54.274][I][AutoBaseFunction.py(wrapper):7] Screen.MainWindow : update_open_menu 실행 시작
[2022-09-22 11:20:54.274][I][AutoBaseFunction.py(wrapper):8] Parameter : 
[2022-09-22 11:20:54.276][I][AutoBaseFunction.py(wrapper):14] Screen.MainWindow : update_open_menu 실행 종료
[2022-09-22 11:20:59.153][I][AutoBaseFunction.py(wrapper):7] Screen.MainWindow : closeEvent 실행 시작
[2022-09-22 11:20:59.154][I][AutoBaseFunction.py(wrapper):8] Parameter : <PyQt5.QtGui.QCloseEvent object at 0x0000021D4FCF6288>
