[2022-09-22 09:36:08.056][D][LogManager.py(Init):12] LogManager Init function called !!!
[2022-09-22 09:36:08.072][I][AutoBaseFunction.py(wrapper):7] Screen.MainWindow : setupUi 실행 시작
[2022-09-22 09:36:08.073][I][AutoBaseFunction.py(wrapper):8] Parameter : 
[2022-09-22 09:36:08.092][I][AutoBaseFunction.py(wrapper):7] Screen.MainWindow : set_field 실행 시작
[2022-09-22 09:36:08.093][I][AutoBaseFunction.py(wrapper):8] Parameter : 
[2022-09-22 09:36:08.119][I][AutoBaseFunction.py(wrapper):14] Screen.MainWindow : set_field 실행 종료
[2022-09-22 09:36:08.119][I][AutoBaseFunction.py(wrapper):7] Screen.MainWindow : setWidget_func 실행 시작
[2022-09-22 09:36:08.120][I][AutoBaseFunction.py(wrapper):8] Parameter : 
[2022-09-22 09:36:08.121][I][AutoBaseFunction.py(wrapper):14] Screen.MainWindow : setWidget_func 실행 종료
[2022-09-22 09:36:08.123][I][AutoBaseFunction.py(wrapper):14] Screen.MainWindow : setupUi 실행 종료
[2022-09-22 09:36:08.132][I][AutoBaseFunction.py(wrapper):7] __main__ : __set_slot 실행 시작
[2022-09-22 09:36:08.133][I][AutoBaseFunction.py(wrapper):8] Parameter : 
[2022-09-22 09:36:08.133][I][AutoBaseFunction.py(wrapper):14] __main__ : __set_slot 실행 종료
[2022-09-22 09:36:08.133][I][AutoBaseFunction.py(wrapper):7] __main__ : __wigets_setupUi 실행 시작
[2022-09-22 09:36:08.133][I][AutoBaseFunction.py(wrapper):8] Parameter : 
[2022-09-22 09:36:08.133][I][AutoBaseFunction.py(wrapper):7] Screen.Setup_Language : setupUI_Language 실행 시작
[2022-09-22 09:36:08.133][I][AutoBaseFunction.py(wrapper):8] Parameter : 
[2022-09-22 09:36:08.134][I][AutoBaseFunction.py(wrapper):7] Screen.Setup_Language : sl_set_slot 실행 시작
[2022-09-22 09:36:08.134][I][AutoBaseFunction.py(wrapper):8] Parameter : 
[2022-09-22 09:36:08.135][I][AutoBaseFunction.py(wrapper):14] Screen.Setup_Language : sl_set_slot 실행 종료
[2022-09-22 09:36:08.135][I][AutoBaseFunction.py(wrapper):14] Screen.Setup_Language : setupUI_Language 실행 종료
[2022-09-22 09:36:08.135][I][AutoBaseFunction.py(wrapper):7] Screen.Menu_CreateExcel : setupUI_CreateExcel 실행 시작
[2022-09-22 09:36:08.135][I][AutoBaseFunction.py(wrapper):8] Parameter : 
[2022-09-22 09:36:08.136][I][AutoBaseFunction.py(wrapper):7] Screen.Menu_CreateExcel : new_excel_func 실행 시작
[2022-09-22 09:36:08.136][I][AutoBaseFunction.py(wrapper):8] Parameter : 
[2022-09-22 09:36:08.136][I][AutoBaseFunction.py(wrapper):14] Screen.Menu_CreateExcel : new_excel_func 실행 종료
[2022-09-22 09:36:08.137][I][AutoBaseFunction.py(wrapper):7] Screen.Menu_CreateExcel : set_excel_func 실행 시작
[2022-09-22 09:36:08.137][I][AutoBaseFunction.py(wrapper):8] Parameter : 
[2022-09-22 09:36:08.138][I][AutoBaseFunction.py(wrapper):14] Screen.Menu_CreateExcel : set_excel_func 실행 종료
[2022-09-22 09:36:08.138][I][AutoBaseFunction.py(wrapper):14] Screen.Menu_CreateExcel : setupUI_CreateExcel 실행 종료
[2022-09-22 09:36:08.138][I][AutoBaseFunction.py(wrapper):7] Screen.Setup_Field : setupUI_Field 실행 시작
[2022-09-22 09:36:08.138][I][AutoBaseFunction.py(wrapper):8] Parameter : 
[2022-09-22 09:36:08.139][I][AutoBaseFunction.py(wrapper):7] Screen.Setup_Field : set_data 실행 시작
[2022-09-22 09:36:08.139][I][AutoBaseFunction.py(wrapper):8] Parameter : 
[2022-09-22 09:36:08.139][I][AutoBaseFunction.py(wrapper):14] Screen.Setup_Field : set_data 실행 종료
[2022-09-22 09:36:08.379][I][AutoBaseFunction.py(wrapper):7] Screen.Setup_Field : set_data 실행 시작
[2022-09-22 09:36:08.379][I][AutoBaseFunction.py(wrapper):8] Parameter : 
[2022-09-22 09:36:08.380][I][AutoBaseFunction.py(wrapper):14] Screen.Setup_Field : set_data 실행 종료
[2022-09-22 09:36:08.380][I][AutoBaseFunction.py(wrapper):7] Screen.Setup_Field : set_data 실행 시작
[2022-09-22 09:36:08.381][I][AutoBaseFunction.py(wrapper):8] Parameter : 
[2022-09-22 09:36:08.381][I][AutoBaseFunction.py(wrapper):14] Screen.Setup_Field : set_data 실행 종료
[2022-09-22 09:36:08.381][I][AutoBaseFunction.py(wrapper):7] Screen.Setup_Field : set_data 실행 시작
[2022-09-22 09:36:08.382][I][AutoBaseFunction.py(wrapper):8] Parameter : 
[2022-09-22 09:36:08.382][I][AutoBaseFunction.py(wrapper):14] Screen.Setup_Field : set_data 실행 종료
[2022-09-22 09:36:08.382][I][AutoBaseFunction.py(wrapper):7] Screen.Setup_Field : set_data 실행 시작
[2022-09-22 09:36:08.382][I][AutoBaseFunction.py(wrapper):8] Parameter : 
[2022-09-22 09:36:08.383][I][AutoBaseFunction.py(wrapper):14] Screen.Setup_Field : set_data 실행 종료
[2022-09-22 09:36:08.383][I][AutoBaseFunction.py(wrapper):7] Screen.Setup_Field : set_data 실행 시작
[2022-09-22 09:36:08.383][I][AutoBaseFunction.py(wrapper):8] Parameter : 
[2022-09-22 09:36:08.384][I][AutoBaseFunction.py(wrapper):14] Screen.Setup_Field : set_data 실행 종료
[2022-09-22 09:36:08.384][I][AutoBaseFunction.py(wrapper):7] Screen.Setup_Field : sl_set_slot 실행 시작
[2022-09-22 09:36:08.384][I][AutoBaseFunction.py(wrapper):8] Parameter : 
[2022-09-22 09:36:08.384][I][AutoBaseFunction.py(wrapper):14] Screen.Setup_Field : sl_set_slot 실행 종료
[2022-09-22 09:36:08.384][I][AutoBaseFunction.py(wrapper):14] Screen.Setup_Field : setupUI_Field 실행 종료
[2022-09-22 09:36:08.385][I][AutoBaseFunction.py(wrapper):7] Screen.Setup_TestList : setupUI_TestList 실행 시작
[2022-09-22 09:36:08.385][I][AutoBaseFunction.py(wrapper):8] Parameter : 
[2022-09-22 09:36:08.386][I][AutoBaseFunction.py(wrapper):7] Screen.Setup_TestList : btn_set_slot 실행 시작
[2022-09-22 09:36:08.386][I][AutoBaseFunction.py(wrapper):8] Parameter : 
[2022-09-22 09:36:08.386][I][AutoBaseFunction.py(wrapper):14] Screen.Setup_TestList : btn_set_slot 실행 종료
[2022-09-22 09:36:08.387][I][AutoBaseFunction.py(wrapper):14] Screen.Setup_TestList : setupUI_TestList 실행 종료
[2022-09-22 09:36:08.387][I][AutoBaseFunction.py(wrapper):14] __main__ : __wigets_setupUi 실행 종료
[2022-09-22 09:36:17.154][I][AutoBaseFunction.py(wrapper):7] Screen.MainWindow : closeEvent 실행 시작
[2022-09-22 09:36:17.154][I][AutoBaseFunction.py(wrapper):8] Parameter : <PyQt5.QtGui.QCloseEvent object at 0x0000022EDDF4DA68>
