[2022-09-26 19:10:17.909][D][LogManager.py(Init):12] LogManager Init function called !!!
[2022-09-26 19:10:17.924][I][AutoBaseFunction.py(wrapper):7] Screen.MainWindow : setupUi 실행 시작
[2022-09-26 19:10:17.924][I][AutoBaseFunction.py(wrapper):8] Parameter : 
[2022-09-26 19:10:17.944][I][AutoBaseFunction.py(wrapper):7] Screen.MainWindow : set_field 실행 시작
[2022-09-26 19:10:17.944][I][AutoBaseFunction.py(wrapper):8] Parameter : 
[2022-09-26 19:10:17.979][I][AutoBaseFunction.py(wrapper):14] Screen.MainWindow : set_field 실행 종료
[2022-09-26 19:10:17.979][I][AutoBaseFunction.py(wrapper):7] Screen.MainWindow : setWidget_func 실행 시작
[2022-09-26 19:10:17.980][I][AutoBaseFunction.py(wrapper):8] Parameter : 
[2022-09-26 19:10:17.982][I][AutoBaseFunction.py(wrapper):14] Screen.MainWindow : setWidget_func 실행 종료
[2022-09-26 19:10:17.985][I][AutoBaseFunction.py(wrapper):14] Screen.MainWindow : setupUi 실행 종료
[2022-09-26 19:10:17.994][I][AutoBaseFunction.py(wrapper):7] __main__ : __set_slot 실행 시작
[2022-09-26 19:10:17.995][I][AutoBaseFunction.py(wrapper):8] Parameter : 
[2022-09-26 19:10:17.995][I][AutoBaseFunction.py(wrapper):14] __main__ : __set_slot 실행 종료
[2022-09-26 19:10:17.995][I][AutoBaseFunction.py(wrapper):7] __main__ : __wigets_setupUi 실행 시작
[2022-09-26 19:10:17.996][I][AutoBaseFunction.py(wrapper):8] Parameter : 
[2022-09-26 19:10:17.996][I][AutoBaseFunction.py(wrapper):7] Screen.Setup_Language : setupUI_Language 실행 시작
[2022-09-26 19:10:17.996][I][AutoBaseFunction.py(wrapper):8] Parameter : 
[2022-09-26 19:10:17.997][I][AutoBaseFunction.py(wrapper):7] Screen.Setup_Language : sl_set_slot 실행 시작
[2022-09-26 19:10:17.997][I][AutoBaseFunction.py(wrapper):8] Parameter : 
[2022-09-26 19:10:17.998][I][AutoBaseFunction.py(wrapper):14] Screen.Setup_Language : sl_set_slot 실행 종료
[2022-09-26 19:10:17.998][I][AutoBaseFunction.py(wrapper):14] Screen.Setup_Language : setupUI_Language 실행 종료
[2022-09-26 19:10:17.999][I][AutoBaseFunction.py(wrapper):7] Screen.Menu_CreateExcel : setupUI_CreateExcel 실행 시작
[2022-09-26 19:10:17.999][I][AutoBaseFunction.py(wrapper):8] Parameter : 
[2022-09-26 19:10:18.000][I][AutoBaseFunction.py(wrapper):7] Screen.Menu_CreateExcel : new_excel_func 실행 시작
[2022-09-26 19:10:18.000][I][AutoBaseFunction.py(wrapper):8] Parameter : 
[2022-09-26 19:10:18.001][I][AutoBaseFunction.py(wrapper):14] Screen.Menu_CreateExcel : new_excel_func 실행 종료
[2022-09-26 19:10:18.001][I][AutoBaseFunction.py(wrapper):7] Screen.Menu_CreateExcel : set_excel_func 실행 시작
[2022-09-26 19:10:18.002][I][AutoBaseFunction.py(wrapper):8] Parameter : 
[2022-09-26 19:10:18.002][I][AutoBaseFunction.py(wrapper):14] Screen.Menu_CreateExcel : set_excel_func 실행 종료
[2022-09-26 19:10:18.002][I][AutoBaseFunction.py(wrapper):14] Screen.Menu_CreateExcel : setupUI_CreateExcel 실행 종료
[2022-09-26 19:10:18.002][I][AutoBaseFunction.py(wrapper):7] Screen.Setup_Field : setupUI_Field 실행 시작
[2022-09-26 19:10:18.003][I][AutoBaseFunction.py(wrapper):8] Parameter : 
[2022-09-26 19:10:18.003][I][AutoBaseFunction.py(wrapper):7] Screen.Setup_Field : set_data 실행 시작
[2022-09-26 19:10:18.003][I][AutoBaseFunction.py(wrapper):8] Parameter : 
[2022-09-26 19:10:18.004][I][AutoBaseFunction.py(wrapper):14] Screen.Setup_Field : set_data 실행 종료
[2022-09-26 19:10:18.271][I][AutoBaseFunction.py(wrapper):7] Screen.Setup_Field : set_data 실행 시작
[2022-09-26 19:10:18.271][I][AutoBaseFunction.py(wrapper):8] Parameter : 
[2022-09-26 19:10:18.271][I][AutoBaseFunction.py(wrapper):14] Screen.Setup_Field : set_data 실행 종료
[2022-09-26 19:10:18.272][I][AutoBaseFunction.py(wrapper):7] Screen.Setup_Field : set_data 실행 시작
[2022-09-26 19:10:18.272][I][AutoBaseFunction.py(wrapper):8] Parameter : 
[2022-09-26 19:10:18.272][I][AutoBaseFunction.py(wrapper):14] Screen.Setup_Field : set_data 실행 종료
[2022-09-26 19:10:18.273][I][AutoBaseFunction.py(wrapper):7] Screen.Setup_Field : set_data 실행 시작
[2022-09-26 19:10:18.273][I][AutoBaseFunction.py(wrapper):8] Parameter : 
[2022-09-26 19:10:18.273][I][AutoBaseFunction.py(wrapper):14] Screen.Setup_Field : set_data 실행 종료
[2022-09-26 19:10:18.274][I][AutoBaseFunction.py(wrapper):7] Screen.Setup_Field : set_data 실행 시작
[2022-09-26 19:10:18.274][I][AutoBaseFunction.py(wrapper):8] Parameter : 
[2022-09-26 19:10:18.274][I][AutoBaseFunction.py(wrapper):14] Screen.Setup_Field : set_data 실행 종료
[2022-09-26 19:10:18.274][I][AutoBaseFunction.py(wrapper):7] Screen.Setup_Field : set_data 실행 시작
[2022-09-26 19:10:18.275][I][AutoBaseFunction.py(wrapper):8] Parameter : 
[2022-09-26 19:10:18.275][I][AutoBaseFunction.py(wrapper):14] Screen.Setup_Field : set_data 실행 종료
[2022-09-26 19:10:18.275][I][AutoBaseFunction.py(wrapper):7] Screen.Setup_Field : sl_set_slot 실행 시작
[2022-09-26 19:10:18.275][I][AutoBaseFunction.py(wrapper):8] Parameter : 
[2022-09-26 19:10:18.276][I][AutoBaseFunction.py(wrapper):14] Screen.Setup_Field : sl_set_slot 실행 종료
[2022-09-26 19:10:18.276][I][AutoBaseFunction.py(wrapper):14] Screen.Setup_Field : setupUI_Field 실행 종료
[2022-09-26 19:10:18.276][I][AutoBaseFunction.py(wrapper):7] Screen.Setup_TestList : setupUI_TestList 실행 시작
[2022-09-26 19:10:18.276][I][AutoBaseFunction.py(wrapper):8] Parameter : 
[2022-09-26 19:10:18.277][I][AutoBaseFunction.py(wrapper):7] Screen.Setup_TestList : btn_set_slot 실행 시작
[2022-09-26 19:10:18.278][I][AutoBaseFunction.py(wrapper):8] Parameter : 
[2022-09-26 19:10:18.278][I][AutoBaseFunction.py(wrapper):14] Screen.Setup_TestList : btn_set_slot 실행 종료
[2022-09-26 19:10:18.278][I][AutoBaseFunction.py(wrapper):14] Screen.Setup_TestList : setupUI_TestList 실행 종료
[2022-09-26 19:10:18.278][I][AutoBaseFunction.py(wrapper):14] __main__ : __wigets_setupUi 실행 종료
[2022-09-26 19:10:19.379][I][AutoBaseFunction.py(wrapper):7] __main__ : __sl_ui 실행 시작
[2022-09-26 19:10:19.379][I][AutoBaseFunction.py(wrapper):8] Parameter : False
[2022-09-26 19:10:19.379][I][AutoBaseFunction.py(wrapper):7] Screen.Setup_Language : setLang_Button 실행 시작
[2022-09-26 19:10:19.380][I][AutoBaseFunction.py(wrapper):8] Parameter : 
