[2022-09-27 16:58:34.262][D][LogManager.py(Init):12] LogManager Init function called !!!
[2022-09-27 16:58:34.276][I][AutoBaseFunction.py(wrapper):7] Screen.MainWindow : setupUi 실행 시작
[2022-09-27 16:58:34.277][I][AutoBaseFunction.py(wrapper):8] Parameter : 
[2022-09-27 16:58:34.302][I][AutoBaseFunction.py(wrapper):7] Screen.MainWindow : set_field 실행 시작
[2022-09-27 16:58:34.303][I][AutoBaseFunction.py(wrapper):8] Parameter : 
[2022-09-27 16:58:34.319][I][AutoBaseFunction.py(wrapper):14] Screen.MainWindow : set_field 실행 종료
[2022-09-27 16:58:34.319][I][AutoBaseFunction.py(wrapper):7] Screen.MainWindow : setWidget_func 실행 시작
[2022-09-27 16:58:34.319][I][AutoBaseFunction.py(wrapper):8] Parameter : 
[2022-09-27 16:58:34.321][I][AutoBaseFunction.py(wrapper):14] Screen.MainWindow : setWidget_func 실행 종료
[2022-09-27 16:58:34.324][I][AutoBaseFunction.py(wrapper):14] Screen.MainWindow : setupUi 실행 종료
[2022-09-27 16:58:34.328][W][LogManager.py(set_warn):86] : NoneType: None

[2022-09-27 16:58:34.334][I][AutoBaseFunction.py(wrapper):7] __main__ : __set_slot 실행 시작
[2022-09-27 16:58:34.334][I][AutoBaseFunction.py(wrapper):8] Parameter : 
[2022-09-27 16:58:34.335][I][AutoBaseFunction.py(wrapper):14] __main__ : __set_slot 실행 종료
[2022-09-27 16:58:34.335][I][AutoBaseFunction.py(wrapper):7] __main__ : __wigets_setupUi 실행 시작
[2022-09-27 16:58:34.335][I][AutoBaseFunction.py(wrapper):8] Parameter : 
[2022-09-27 16:58:34.336][I][AutoBaseFunction.py(wrapper):7] Screen.Setup_Language : setupUI_Language 실행 시작
[2022-09-27 16:58:34.336][I][AutoBaseFunction.py(wrapper):8] Parameter : 
[2022-09-27 16:58:34.337][I][AutoBaseFunction.py(wrapper):7] Screen.Setup_Language : sl_set_slot 실행 시작
[2022-09-27 16:58:34.337][I][AutoBaseFunction.py(wrapper):8] Parameter : 
[2022-09-27 16:58:34.338][I][AutoBaseFunction.py(wrapper):14] Screen.Setup_Language : sl_set_slot 실행 종료
[2022-09-27 16:58:34.338][I][AutoBaseFunction.py(wrapper):14] Screen.Setup_Language : setupUI_Language 실행 종료
[2022-09-27 16:58:34.338][I][AutoBaseFunction.py(wrapper):7] Screen.Menu_CreateExcel : setupUI_CreateExcel 실행 시작
[2022-09-27 16:58:34.338][I][AutoBaseFunction.py(wrapper):8] Parameter : 
[2022-09-27 16:58:34.339][I][AutoBaseFunction.py(wrapper):7] Screen.Menu_CreateExcel : new_excel_func 실행 시작
[2022-09-27 16:58:34.340][I][AutoBaseFunction.py(wrapper):8] Parameter : 
[2022-09-27 16:58:34.340][I][AutoBaseFunction.py(wrapper):14] Screen.Menu_CreateExcel : new_excel_func 실행 종료
[2022-09-27 16:58:34.340][I][AutoBaseFunction.py(wrapper):7] Screen.Menu_CreateExcel : set_excel_func 실행 시작
[2022-09-27 16:58:34.340][I][AutoBaseFunction.py(wrapper):8] Parameter : 
[2022-09-27 16:58:34.341][I][AutoBaseFunction.py(wrapper):14] Screen.Menu_CreateExcel : set_excel_func 실행 종료
[2022-09-27 16:58:34.341][I][AutoBaseFunction.py(wrapper):14] Screen.Menu_CreateExcel : setupUI_CreateExcel 실행 종료
[2022-09-27 16:58:34.341][I][AutoBaseFunction.py(wrapper):7] Screen.Setup_Field : setupUI_Field 실행 시작
[2022-09-27 16:58:34.341][I][AutoBaseFunction.py(wrapper):8] Parameter : 
