[2022-09-20 16:21:16.262][D][LogManager.py(Init):12] LogManager Init function called !!!
[2022-09-20 16:21:16.275][I][AutoBaseFunction.py(wrapper):7] Screen.MainWindow : setupUi 실행 시작
[2022-09-20 16:21:16.275][I][AutoBaseFunction.py(wrapper):8] Parameter : 
[2022-09-20 16:21:16.292][I][AutoBaseFunction.py(wrapper):7] Screen.MainWindow : set_field 실행 시작
[2022-09-20 16:21:16.293][I][AutoBaseFunction.py(wrapper):8] Parameter : 
[2022-09-20 16:21:16.336][I][AutoBaseFunction.py(wrapper):14] Screen.MainWindow : set_field 실행 종료
[2022-09-20 16:21:16.336][I][AutoBaseFunction.py(wrapper):7] Screen.MainWindow : setWidget_func 실행 시작
[2022-09-20 16:21:16.337][I][AutoBaseFunction.py(wrapper):8] Parameter : 
[2022-09-20 16:21:16.339][I][AutoBaseFunction.py(wrapper):14] Screen.MainWindow : setWidget_func 실행 종료
[2022-09-20 16:21:16.341][I][AutoBaseFunction.py(wrapper):14] Screen.MainWindow : setupUi 실행 종료
[2022-09-20 16:21:16.347][I][AutoBaseFunction.py(wrapper):7] __main__ : __set_slot 실행 시작
[2022-09-20 16:21:16.348][I][AutoBaseFunction.py(wrapper):8] Parameter : 
[2022-09-20 16:21:16.348][I][AutoBaseFunction.py(wrapper):14] __main__ : __set_slot 실행 종료
[2022-09-20 16:21:16.349][I][AutoBaseFunction.py(wrapper):7] __main__ : __wigets_setupUi 실행 시작
[2022-09-20 16:21:16.349][I][AutoBaseFunction.py(wrapper):8] Parameter : 
[2022-09-20 16:21:16.349][I][AutoBaseFunction.py(wrapper):7] Screen.Setup_Language : setupUI_Language 실행 시작
[2022-09-20 16:21:16.350][I][AutoBaseFunction.py(wrapper):8] Parameter : 
[2022-09-20 16:21:16.352][I][AutoBaseFunction.py(wrapper):7] Screen.Setup_Language : sl_set_slot 실행 시작
[2022-09-20 16:21:16.353][I][AutoBaseFunction.py(wrapper):8] Parameter : 
[2022-09-20 16:21:16.354][I][AutoBaseFunction.py(wrapper):14] Screen.Setup_Language : sl_set_slot 실행 종료
[2022-09-20 16:21:16.354][I][AutoBaseFunction.py(wrapper):14] Screen.Setup_Language : setupUI_Language 실행 종료
[2022-09-20 16:21:16.354][I][AutoBaseFunction.py(wrapper):7] Screen.Menu_CreateExcel : setupUI_CreateExcel 실행 시작
[2022-09-20 16:21:16.354][I][AutoBaseFunction.py(wrapper):8] Parameter : 
[2022-09-20 16:21:16.355][I][AutoBaseFunction.py(wrapper):7] Screen.Menu_CreateExcel : new_excel_func 실행 시작
[2022-09-20 16:21:16.355][I][AutoBaseFunction.py(wrapper):8] Parameter : 
[2022-09-20 16:21:16.356][I][AutoBaseFunction.py(wrapper):14] Screen.Menu_CreateExcel : new_excel_func 실행 종료
[2022-09-20 16:21:16.356][I][AutoBaseFunction.py(wrapper):7] Screen.Menu_CreateExcel : set_excel_func 실행 시작
[2022-09-20 16:21:16.356][I][AutoBaseFunction.py(wrapper):8] Parameter : 
[2022-09-20 16:21:16.357][I][AutoBaseFunction.py(wrapper):14] Screen.Menu_CreateExcel : set_excel_func 실행 종료
[2022-09-20 16:21:16.357][I][AutoBaseFunction.py(wrapper):14] Screen.Menu_CreateExcel : setupUI_CreateExcel 실행 종료
[2022-09-20 16:21:16.358][I][AutoBaseFunction.py(wrapper):7] Screen.Setup_Field : setupUI_Field 실행 시작
[2022-09-20 16:21:16.358][I][AutoBaseFunction.py(wrapper):8] Parameter : 
[2022-09-20 16:21:16.359][I][AutoBaseFunction.py(wrapper):7] Screen.Setup_Field : set_data 실행 시작
[2022-09-20 16:21:16.359][I][AutoBaseFunction.py(wrapper):8] Parameter : 
[2022-09-20 16:21:16.359][I][AutoBaseFunction.py(wrapper):14] Screen.Setup_Field : set_data 실행 종료
[2022-09-20 16:21:16.598][I][AutoBaseFunction.py(wrapper):7] Screen.Setup_Field : set_data 실행 시작
[2022-09-20 16:21:16.598][I][AutoBaseFunction.py(wrapper):8] Parameter : 
[2022-09-20 16:21:16.598][I][AutoBaseFunction.py(wrapper):14] Screen.Setup_Field : set_data 실행 종료
[2022-09-20 16:21:16.598][I][AutoBaseFunction.py(wrapper):7] Screen.Setup_Field : set_data 실행 시작
[2022-09-20 16:21:16.599][I][AutoBaseFunction.py(wrapper):8] Parameter : 
[2022-09-20 16:21:16.599][I][AutoBaseFunction.py(wrapper):14] Screen.Setup_Field : set_data 실행 종료
[2022-09-20 16:21:16.599][I][AutoBaseFunction.py(wrapper):7] Screen.Setup_Field : set_data 실행 시작
[2022-09-20 16:21:16.600][I][AutoBaseFunction.py(wrapper):8] Parameter : 
[2022-09-20 16:21:16.600][I][AutoBaseFunction.py(wrapper):14] Screen.Setup_Field : set_data 실행 종료
[2022-09-20 16:21:16.600][I][AutoBaseFunction.py(wrapper):7] Screen.Setup_Field : set_data 실행 시작
[2022-09-20 16:21:16.601][I][AutoBaseFunction.py(wrapper):8] Parameter : 
[2022-09-20 16:21:16.601][I][AutoBaseFunction.py(wrapper):14] Screen.Setup_Field : set_data 실행 종료
[2022-09-20 16:21:16.601][I][AutoBaseFunction.py(wrapper):7] Screen.Setup_Field : set_data 실행 시작
[2022-09-20 16:21:16.601][I][AutoBaseFunction.py(wrapper):8] Parameter : 
[2022-09-20 16:21:16.602][I][AutoBaseFunction.py(wrapper):14] Screen.Setup_Field : set_data 실행 종료
[2022-09-20 16:21:16.603][I][AutoBaseFunction.py(wrapper):7] Screen.Setup_Field : sl_set_slot 실행 시작
[2022-09-20 16:21:16.603][I][AutoBaseFunction.py(wrapper):8] Parameter : 
[2022-09-20 16:21:16.603][I][AutoBaseFunction.py(wrapper):14] Screen.Setup_Field : sl_set_slot 실행 종료
[2022-09-20 16:21:16.603][I][AutoBaseFunction.py(wrapper):14] Screen.Setup_Field : setupUI_Field 실행 종료
[2022-09-20 16:21:16.603][I][AutoBaseFunction.py(wrapper):7] Screen.Setup_TestList : setupUI_TestList 실행 시작
[2022-09-20 16:21:16.604][I][AutoBaseFunction.py(wrapper):8] Parameter : 
[2022-09-20 16:21:16.604][I][AutoBaseFunction.py(wrapper):7] Screen.Setup_TestList : btn_set_slot 실행 시작
[2022-09-20 16:21:16.605][I][AutoBaseFunction.py(wrapper):8] Parameter : 
[2022-09-20 16:21:16.605][I][AutoBaseFunction.py(wrapper):14] Screen.Setup_TestList : btn_set_slot 실행 종료
[2022-09-20 16:21:16.605][I][AutoBaseFunction.py(wrapper):14] Screen.Setup_TestList : setupUI_TestList 실행 종료
[2022-09-20 16:21:16.605][I][AutoBaseFunction.py(wrapper):14] __main__ : __wigets_setupUi 실행 종료
[2022-09-20 16:21:18.311][I][AutoBaseFunction.py(wrapper):7] __main__ : __sl_ui 실행 시작
[2022-09-20 16:21:18.311][I][AutoBaseFunction.py(wrapper):8] Parameter : False
[2022-09-20 16:21:18.312][I][AutoBaseFunction.py(wrapper):7] Screen.Setup_Language : setLang_Button 실행 시작
[2022-09-20 16:21:18.312][I][AutoBaseFunction.py(wrapper):8] Parameter : 
[2022-09-20 16:21:18.314][I][AutoBaseFunction.py(wrapper):14] Screen.Setup_Language : setLang_Button 실행 종료
[2022-09-20 16:21:18.332][I][AutoBaseFunction.py(wrapper):14] __main__ : __sl_ui 실행 종료
