[2022-10-05 09:30:24.703][D][LogManager.py(Init):12] LogManager Init function called !!!
[2022-10-05 09:30:24.730][I][AutoBaseFunction.py(wrapper):10] Screen.MainWindow : setupUi 실행 시작
[2022-10-05 09:30:24.730][I][AutoBaseFunction.py(wrapper):11] Parameter : 
[2022-10-05 09:30:24.735][I][AutoBaseFunction.py(wrapper):10] Screen.MainWindow : set_field 실행 시작
[2022-10-05 09:30:24.736][I][AutoBaseFunction.py(wrapper):11] Parameter : 
[2022-10-05 09:30:24.763][I][AutoBaseFunction.py(wrapper):17] Screen.MainWindow : set_field 실행 종료
[2022-10-05 09:30:24.764][I][AutoBaseFunction.py(wrapper):10] Screen.MainWindow : setWidget_func 실행 시작
[2022-10-05 09:30:24.764][I][AutoBaseFunction.py(wrapper):11] Parameter : 
[2022-10-05 09:30:24.766][I][AutoBaseFunction.py(wrapper):17] Screen.MainWindow : setWidget_func 실행 종료
[2022-10-05 09:30:24.768][I][AutoBaseFunction.py(wrapper):17] Screen.MainWindow : setupUi 실행 종료
[2022-10-05 09:30:24.774][I][AutoBaseFunction.py(wrapper):10] __main__ : __set_slot 실행 시작
[2022-10-05 09:30:24.774][I][AutoBaseFunction.py(wrapper):11] Parameter : 
[2022-10-05 09:30:24.775][I][AutoBaseFunction.py(wrapper):17] __main__ : __set_slot 실행 종료
[2022-10-05 09:30:24.775][I][AutoBaseFunction.py(wrapper):10] __main__ : __wigets_setupUi 실행 시작
[2022-10-05 09:30:24.775][I][AutoBaseFunction.py(wrapper):11] Parameter : 
[2022-10-05 09:30:24.776][I][AutoBaseFunction.py(wrapper):10] Screen.Setup_Language : setupUI_Language 실행 시작
[2022-10-05 09:30:24.776][I][AutoBaseFunction.py(wrapper):11] Parameter : 
[2022-10-05 09:30:24.777][I][AutoBaseFunction.py(wrapper):10] Screen.Setup_Language : sl_set_slot 실행 시작
[2022-10-05 09:30:24.777][I][AutoBaseFunction.py(wrapper):11] Parameter : 
[2022-10-05 09:30:24.778][I][AutoBaseFunction.py(wrapper):17] Screen.Setup_Language : sl_set_slot 실행 종료
[2022-10-05 09:30:24.778][I][AutoBaseFunction.py(wrapper):17] Screen.Setup_Language : setupUI_Language 실행 종료
[2022-10-05 09:30:24.779][I][AutoBaseFunction.py(wrapper):10] Screen.Menu_CreateExcel : setupUI_CreateExcel 실행 시작
[2022-10-05 09:30:24.779][I][AutoBaseFunction.py(wrapper):11] Parameter : 
[2022-10-05 09:30:24.783][I][AutoBaseFunction.py(wrapper):10] Screen.Menu_CreateExcel : new_excel_func 실행 시작
[2022-10-05 09:30:24.784][I][AutoBaseFunction.py(wrapper):11] Parameter : 
[2022-10-05 09:30:24.784][I][AutoBaseFunction.py(wrapper):17] Screen.Menu_CreateExcel : new_excel_func 실행 종료
[2022-10-05 09:30:24.784][I][AutoBaseFunction.py(wrapper):10] Screen.Menu_CreateExcel : set_excel_func 실행 시작
[2022-10-05 09:30:24.785][I][AutoBaseFunction.py(wrapper):11] Parameter : 
[2022-10-05 09:30:24.785][I][AutoBaseFunction.py(wrapper):17] Screen.Menu_CreateExcel : set_excel_func 실행 종료
[2022-10-05 09:30:24.785][I][AutoBaseFunction.py(wrapper):17] Screen.Menu_CreateExcel : setupUI_CreateExcel 실행 종료
[2022-10-05 09:30:24.786][I][AutoBaseFunction.py(wrapper):10] Screen.Setup_Field : setupUI_Field 실행 시작
[2022-10-05 09:30:24.786][I][AutoBaseFunction.py(wrapper):11] Parameter : 
[2022-10-05 09:30:24.787][I][AutoBaseFunction.py(wrapper):10] Screen.Setup_Field : set_data 실행 시작
[2022-10-05 09:30:24.787][I][AutoBaseFunction.py(wrapper):11] Parameter : 
[2022-10-05 09:30:24.787][I][AutoBaseFunction.py(wrapper):17] Screen.Setup_Field : set_data 실행 종료
[2022-10-05 09:30:25.031][I][AutoBaseFunction.py(wrapper):10] Screen.Setup_Field : set_data 실행 시작
[2022-10-05 09:30:25.031][I][AutoBaseFunction.py(wrapper):11] Parameter : 
[2022-10-05 09:30:25.032][I][AutoBaseFunction.py(wrapper):17] Screen.Setup_Field : set_data 실행 종료
[2022-10-05 09:30:25.033][I][AutoBaseFunction.py(wrapper):10] Screen.Setup_Field : set_data 실행 시작
[2022-10-05 09:30:25.034][I][AutoBaseFunction.py(wrapper):11] Parameter : 
[2022-10-05 09:30:25.034][I][AutoBaseFunction.py(wrapper):17] Screen.Setup_Field : set_data 실행 종료
[2022-10-05 09:30:25.035][I][AutoBaseFunction.py(wrapper):10] Screen.Setup_Field : set_data 실행 시작
[2022-10-05 09:30:25.035][I][AutoBaseFunction.py(wrapper):11] Parameter : 
[2022-10-05 09:30:25.036][I][AutoBaseFunction.py(wrapper):17] Screen.Setup_Field : set_data 실행 종료
[2022-10-05 09:30:25.036][I][AutoBaseFunction.py(wrapper):10] Screen.Setup_Field : set_data 실행 시작
[2022-10-05 09:30:25.037][I][AutoBaseFunction.py(wrapper):11] Parameter : 
[2022-10-05 09:30:25.037][I][AutoBaseFunction.py(wrapper):17] Screen.Setup_Field : set_data 실행 종료
[2022-10-05 09:30:25.037][I][AutoBaseFunction.py(wrapper):10] Screen.Setup_Field : set_data 실행 시작
[2022-10-05 09:30:25.038][I][AutoBaseFunction.py(wrapper):11] Parameter : 
[2022-10-05 09:30:25.038][I][AutoBaseFunction.py(wrapper):17] Screen.Setup_Field : set_data 실행 종료
[2022-10-05 09:30:25.038][I][AutoBaseFunction.py(wrapper):10] Screen.Setup_Field : sl_set_slot 실행 시작
[2022-10-05 09:30:25.039][I][AutoBaseFunction.py(wrapper):11] Parameter : 
[2022-10-05 09:30:25.039][I][AutoBaseFunction.py(wrapper):17] Screen.Setup_Field : sl_set_slot 실행 종료
[2022-10-05 09:30:25.039][I][AutoBaseFunction.py(wrapper):17] Screen.Setup_Field : setupUI_Field 실행 종료
[2022-10-05 09:30:25.040][I][AutoBaseFunction.py(wrapper):10] Screen.Setup_TestList : setupUI_TestList 실행 시작
[2022-10-05 09:30:25.040][I][AutoBaseFunction.py(wrapper):11] Parameter : 
[2022-10-05 09:30:25.044][I][AutoBaseFunction.py(wrapper):10] Screen.Setup_TestList : btn_set_slot 실행 시작
[2022-10-05 09:30:25.045][I][AutoBaseFunction.py(wrapper):11] Parameter : 
[2022-10-05 09:30:25.046][I][AutoBaseFunction.py(wrapper):17] Screen.Setup_TestList : btn_set_slot 실행 종료
[2022-10-05 09:30:25.047][I][AutoBaseFunction.py(wrapper):17] Screen.Setup_TestList : setupUI_TestList 실행 종료
[2022-10-05 09:30:25.047][I][AutoBaseFunction.py(wrapper):17] __main__ : __wigets_setupUi 실행 종료
[2022-10-05 09:30:26.214][I][AutoBaseFunction.py(wrapper):10] __main__ : __sl_ui 실행 시작
[2022-10-05 09:30:26.214][I][AutoBaseFunction.py(wrapper):11] Parameter : False
[2022-10-05 09:30:26.215][I][AutoBaseFunction.py(wrapper):10] Screen.Setup_Language : setLang_Button 실행 시작
[2022-10-05 09:30:26.215][I][AutoBaseFunction.py(wrapper):11] Parameter : 
[2022-10-05 09:30:26.218][I][AutoBaseFunction.py(wrapper):17] Screen.Setup_Language : setLang_Button 실행 종료
[2022-10-05 09:30:26.228][I][AutoBaseFunction.py(wrapper):17] __main__ : __sl_ui 실행 종료
