[2022-09-22 11:07:40.883][D][LogManager.py(Init):12] LogManager Init function called !!!
[2022-09-22 11:07:40.894][I][AutoBaseFunction.py(wrapper):7] Screen.MainWindow : setupUi 실행 시작
[2022-09-22 11:07:40.894][I][AutoBaseFunction.py(wrapper):8] Parameter : 
[2022-09-22 11:07:40.908][I][AutoBaseFunction.py(wrapper):7] Screen.MainWindow : set_field 실행 시작
[2022-09-22 11:07:40.908][I][AutoBaseFunction.py(wrapper):8] Parameter : 
[2022-09-22 11:07:40.934][I][AutoBaseFunction.py(wrapper):14] Screen.MainWindow : set_field 실행 종료
[2022-09-22 11:07:40.935][I][AutoBaseFunction.py(wrapper):7] Screen.MainWindow : setWidget_func 실행 시작
[2022-09-22 11:07:40.935][I][AutoBaseFunction.py(wrapper):8] Parameter : 
[2022-09-22 11:07:40.937][I][AutoBaseFunction.py(wrapper):14] Screen.MainWindow : setWidget_func 실행 종료
[2022-09-22 11:07:40.939][I][AutoBaseFunction.py(wrapper):14] Screen.MainWindow : setupUi 실행 종료
[2022-09-22 11:07:40.945][I][AutoBaseFunction.py(wrapper):7] __main__ : __set_slot 실행 시작
[2022-09-22 11:07:40.946][I][AutoBaseFunction.py(wrapper):8] Parameter : 
[2022-09-22 11:07:40.946][I][AutoBaseFunction.py(wrapper):14] __main__ : __set_slot 실행 종료
[2022-09-22 11:07:40.946][I][AutoBaseFunction.py(wrapper):7] __main__ : __wigets_setupUi 실행 시작
[2022-09-22 11:07:40.946][I][AutoBaseFunction.py(wrapper):8] Parameter : 
[2022-09-22 11:07:40.947][I][AutoBaseFunction.py(wrapper):7] Screen.Setup_Language : setupUI_Language 실행 시작
[2022-09-22 11:07:40.947][I][AutoBaseFunction.py(wrapper):8] Parameter : 
[2022-09-22 11:07:40.948][I][AutoBaseFunction.py(wrapper):7] Screen.Setup_Language : sl_set_slot 실행 시작
[2022-09-22 11:07:40.948][I][AutoBaseFunction.py(wrapper):8] Parameter : 
[2022-09-22 11:07:40.948][I][AutoBaseFunction.py(wrapper):14] Screen.Setup_Language : sl_set_slot 실행 종료
[2022-09-22 11:07:40.948][I][AutoBaseFunction.py(wrapper):14] Screen.Setup_Language : setupUI_Language 실행 종료
[2022-09-22 11:07:40.948][I][AutoBaseFunction.py(wrapper):7] Screen.Menu_CreateExcel : setupUI_CreateExcel 실행 시작
[2022-09-22 11:07:40.949][I][AutoBaseFunction.py(wrapper):8] Parameter : 
[2022-09-22 11:07:40.951][I][AutoBaseFunction.py(wrapper):7] Screen.Menu_CreateExcel : new_excel_func 실행 시작
[2022-09-22 11:07:40.951][I][AutoBaseFunction.py(wrapper):8] Parameter : 
[2022-09-22 11:07:40.952][I][AutoBaseFunction.py(wrapper):14] Screen.Menu_CreateExcel : new_excel_func 실행 종료
[2022-09-22 11:07:40.952][I][AutoBaseFunction.py(wrapper):7] Screen.Menu_CreateExcel : set_excel_func 실행 시작
[2022-09-22 11:07:40.952][I][AutoBaseFunction.py(wrapper):8] Parameter : 
[2022-09-22 11:07:40.953][I][AutoBaseFunction.py(wrapper):14] Screen.Menu_CreateExcel : set_excel_func 실행 종료
[2022-09-22 11:07:40.953][I][AutoBaseFunction.py(wrapper):14] Screen.Menu_CreateExcel : setupUI_CreateExcel 실행 종료
[2022-09-22 11:07:40.954][I][AutoBaseFunction.py(wrapper):7] Screen.Setup_Field : setupUI_Field 실행 시작
[2022-09-22 11:07:40.954][I][AutoBaseFunction.py(wrapper):8] Parameter : 
[2022-09-22 11:07:40.955][I][AutoBaseFunction.py(wrapper):7] Screen.Setup_Field : set_data 실행 시작
[2022-09-22 11:07:40.955][I][AutoBaseFunction.py(wrapper):8] Parameter : 
[2022-09-22 11:07:40.955][I][AutoBaseFunction.py(wrapper):14] Screen.Setup_Field : set_data 실행 종료
[2022-09-22 11:07:41.191][I][AutoBaseFunction.py(wrapper):7] Screen.Setup_Field : set_data 실행 시작
[2022-09-22 11:07:41.191][I][AutoBaseFunction.py(wrapper):8] Parameter : 
[2022-09-22 11:07:41.191][I][AutoBaseFunction.py(wrapper):14] Screen.Setup_Field : set_data 실행 종료
[2022-09-22 11:07:41.192][I][AutoBaseFunction.py(wrapper):7] Screen.Setup_Field : set_data 실행 시작
[2022-09-22 11:07:41.192][I][AutoBaseFunction.py(wrapper):8] Parameter : 
[2022-09-22 11:07:41.192][I][AutoBaseFunction.py(wrapper):14] Screen.Setup_Field : set_data 실행 종료
[2022-09-22 11:07:41.193][I][AutoBaseFunction.py(wrapper):7] Screen.Setup_Field : set_data 실행 시작
[2022-09-22 11:07:41.193][I][AutoBaseFunction.py(wrapper):8] Parameter : 
[2022-09-22 11:07:41.193][I][AutoBaseFunction.py(wrapper):14] Screen.Setup_Field : set_data 실행 종료
[2022-09-22 11:07:41.194][I][AutoBaseFunction.py(wrapper):7] Screen.Setup_Field : set_data 실행 시작
[2022-09-22 11:07:41.194][I][AutoBaseFunction.py(wrapper):8] Parameter : 
[2022-09-22 11:07:41.194][I][AutoBaseFunction.py(wrapper):14] Screen.Setup_Field : set_data 실행 종료
[2022-09-22 11:07:41.195][I][AutoBaseFunction.py(wrapper):7] Screen.Setup_Field : set_data 실행 시작
[2022-09-22 11:07:41.195][I][AutoBaseFunction.py(wrapper):8] Parameter : 
[2022-09-22 11:07:41.195][I][AutoBaseFunction.py(wrapper):14] Screen.Setup_Field : set_data 실행 종료
[2022-09-22 11:07:41.195][I][AutoBaseFunction.py(wrapper):7] Screen.Setup_Field : sl_set_slot 실행 시작
[2022-09-22 11:07:41.195][I][AutoBaseFunction.py(wrapper):8] Parameter : 
[2022-09-22 11:07:41.196][I][AutoBaseFunction.py(wrapper):14] Screen.Setup_Field : sl_set_slot 실행 종료
[2022-09-22 11:07:41.196][I][AutoBaseFunction.py(wrapper):14] Screen.Setup_Field : setupUI_Field 실행 종료
[2022-09-22 11:07:41.196][I][AutoBaseFunction.py(wrapper):7] Screen.Setup_TestList : setupUI_TestList 실행 시작
[2022-09-22 11:07:41.196][I][AutoBaseFunction.py(wrapper):8] Parameter : 
[2022-09-22 11:07:41.197][I][AutoBaseFunction.py(wrapper):7] Screen.Setup_TestList : btn_set_slot 실행 시작
[2022-09-22 11:07:41.197][I][AutoBaseFunction.py(wrapper):8] Parameter : 
[2022-09-22 11:07:41.198][I][AutoBaseFunction.py(wrapper):14] Screen.Setup_TestList : btn_set_slot 실행 종료
[2022-09-22 11:07:41.198][I][AutoBaseFunction.py(wrapper):14] Screen.Setup_TestList : setupUI_TestList 실행 종료
[2022-09-22 11:07:41.198][I][AutoBaseFunction.py(wrapper):14] __main__ : __wigets_setupUi 실행 종료
[2022-09-22 11:07:42.391][I][AutoBaseFunction.py(wrapper):7] Screen.MainWindow : update_open_menu 실행 시작
[2022-09-22 11:07:42.392][I][AutoBaseFunction.py(wrapper):8] Parameter : 
[2022-09-22 11:07:42.393][I][AutoBaseFunction.py(wrapper):14] Screen.MainWindow : update_open_menu 실행 종료
[2022-09-22 11:07:43.193][I][AutoBaseFunction.py(wrapper):7] Screen.MainWindow : update_open_menu 실행 시작
[2022-09-22 11:07:43.195][I][AutoBaseFunction.py(wrapper):8] Parameter : 
[2022-09-22 11:07:43.201][I][AutoBaseFunction.py(wrapper):14] Screen.MainWindow : update_open_menu 실행 종료
[2022-09-22 11:07:52.060][I][AutoBaseFunction.py(wrapper):7] Screen.MainWindow : update_open_menu 실행 시작
[2022-09-22 11:07:52.060][I][AutoBaseFunction.py(wrapper):8] Parameter : 
[2022-09-22 11:07:52.061][I][AutoBaseFunction.py(wrapper):14] Screen.MainWindow : update_open_menu 실행 종료
[2022-09-22 11:07:52.732][I][AutoBaseFunction.py(wrapper):7] Screen.MainWindow : update_open_menu 실행 시작
[2022-09-22 11:07:52.732][I][AutoBaseFunction.py(wrapper):8] Parameter : 
[2022-09-22 11:07:52.734][I][AutoBaseFunction.py(wrapper):14] Screen.MainWindow : update_open_menu 실행 종료
