[2022-09-23 17:09:12.482][D][LogManager.py(Init):12] LogManager Init function called !!!
[2022-09-23 17:09:12.576][I][AutoBaseFunction.py(wrapper):7] Screen.MainWindow : setupUi 실행 시작
[2022-09-23 17:09:12.576][I][AutoBaseFunction.py(wrapper):8] Parameter : 
[2022-09-23 17:09:12.717][I][AutoBaseFunction.py(wrapper):7] Screen.MainWindow : set_field 실행 시작
[2022-09-23 17:09:12.717][I][AutoBaseFunction.py(wrapper):8] Parameter : 
[2022-09-23 17:09:12.787][I][AutoBaseFunction.py(wrapper):14] Screen.MainWindow : set_field 실행 종료
[2022-09-23 17:09:12.787][I][AutoBaseFunction.py(wrapper):7] Screen.MainWindow : setWidget_func 실행 시작
[2022-09-23 17:09:12.788][I][AutoBaseFunction.py(wrapper):8] Parameter : 
[2022-09-23 17:09:12.823][I][AutoBaseFunction.py(wrapper):14] Screen.MainWindow : setWidget_func 실행 종료
[2022-09-23 17:09:12.826][I][AutoBaseFunction.py(wrapper):14] Screen.MainWindow : setupUi 실행 종료
[2022-09-23 17:09:12.833][I][AutoBaseFunction.py(wrapper):7] __main__ : __set_slot 실행 시작
[2022-09-23 17:09:12.833][I][AutoBaseFunction.py(wrapper):8] Parameter : 
[2022-09-23 17:09:12.834][I][AutoBaseFunction.py(wrapper):14] __main__ : __set_slot 실행 종료
[2022-09-23 17:09:12.834][I][AutoBaseFunction.py(wrapper):7] __main__ : __wigets_setupUi 실행 시작
[2022-09-23 17:09:12.834][I][AutoBaseFunction.py(wrapper):8] Parameter : 
[2022-09-23 17:09:12.835][I][AutoBaseFunction.py(wrapper):7] Screen.Setup_Language : setupUI_Language 실행 시작
[2022-09-23 17:09:12.835][I][AutoBaseFunction.py(wrapper):8] Parameter : 
[2022-09-23 17:09:12.836][I][AutoBaseFunction.py(wrapper):7] Screen.Setup_Language : sl_set_slot 실행 시작
[2022-09-23 17:09:12.836][I][AutoBaseFunction.py(wrapper):8] Parameter : 
[2022-09-23 17:09:12.836][I][AutoBaseFunction.py(wrapper):14] Screen.Setup_Language : sl_set_slot 실행 종료
[2022-09-23 17:09:12.836][I][AutoBaseFunction.py(wrapper):14] Screen.Setup_Language : setupUI_Language 실행 종료
[2022-09-23 17:09:12.837][I][AutoBaseFunction.py(wrapper):7] Screen.Menu_CreateExcel : setupUI_CreateExcel 실행 시작
[2022-09-23 17:09:12.837][I][AutoBaseFunction.py(wrapper):8] Parameter : 
[2022-09-23 17:09:12.838][I][AutoBaseFunction.py(wrapper):7] Screen.Menu_CreateExcel : new_excel_func 실행 시작
[2022-09-23 17:09:12.838][I][AutoBaseFunction.py(wrapper):8] Parameter : 
[2022-09-23 17:09:12.838][I][AutoBaseFunction.py(wrapper):14] Screen.Menu_CreateExcel : new_excel_func 실행 종료
[2022-09-23 17:09:12.839][I][AutoBaseFunction.py(wrapper):7] Screen.Menu_CreateExcel : set_excel_func 실행 시작
[2022-09-23 17:09:12.839][I][AutoBaseFunction.py(wrapper):8] Parameter : 
[2022-09-23 17:09:12.839][I][AutoBaseFunction.py(wrapper):14] Screen.Menu_CreateExcel : set_excel_func 실행 종료
[2022-09-23 17:09:12.840][I][AutoBaseFunction.py(wrapper):14] Screen.Menu_CreateExcel : setupUI_CreateExcel 실행 종료
[2022-09-23 17:09:12.840][I][AutoBaseFunction.py(wrapper):7] Screen.Setup_Field : setupUI_Field 실행 시작
[2022-09-23 17:09:12.840][I][AutoBaseFunction.py(wrapper):8] Parameter : 
[2022-09-23 17:09:12.840][I][AutoBaseFunction.py(wrapper):7] Screen.Setup_Field : set_data 실행 시작
[2022-09-23 17:09:12.841][I][AutoBaseFunction.py(wrapper):8] Parameter : 
[2022-09-23 17:09:12.841][I][AutoBaseFunction.py(wrapper):14] Screen.Setup_Field : set_data 실행 종료
[2022-09-23 17:09:13.062][I][AutoBaseFunction.py(wrapper):7] Screen.Setup_Field : set_data 실행 시작
[2022-09-23 17:09:13.062][I][AutoBaseFunction.py(wrapper):8] Parameter : 
[2022-09-23 17:09:13.063][I][AutoBaseFunction.py(wrapper):14] Screen.Setup_Field : set_data 실행 종료
[2022-09-23 17:09:13.063][I][AutoBaseFunction.py(wrapper):7] Screen.Setup_Field : set_data 실행 시작
[2022-09-23 17:09:13.064][I][AutoBaseFunction.py(wrapper):8] Parameter : 
[2022-09-23 17:09:13.064][I][AutoBaseFunction.py(wrapper):14] Screen.Setup_Field : set_data 실행 종료
[2022-09-23 17:09:13.064][I][AutoBaseFunction.py(wrapper):7] Screen.Setup_Field : set_data 실행 시작
[2022-09-23 17:09:13.065][I][AutoBaseFunction.py(wrapper):8] Parameter : 
[2022-09-23 17:09:13.065][I][AutoBaseFunction.py(wrapper):14] Screen.Setup_Field : set_data 실행 종료
[2022-09-23 17:09:13.066][I][AutoBaseFunction.py(wrapper):7] Screen.Setup_Field : set_data 실행 시작
[2022-09-23 17:09:13.066][I][AutoBaseFunction.py(wrapper):8] Parameter : 
[2022-09-23 17:09:13.066][I][AutoBaseFunction.py(wrapper):14] Screen.Setup_Field : set_data 실행 종료
[2022-09-23 17:09:13.067][I][AutoBaseFunction.py(wrapper):7] Screen.Setup_Field : set_data 실행 시작
[2022-09-23 17:09:13.067][I][AutoBaseFunction.py(wrapper):8] Parameter : 
[2022-09-23 17:09:13.067][I][AutoBaseFunction.py(wrapper):14] Screen.Setup_Field : set_data 실행 종료
[2022-09-23 17:09:13.067][I][AutoBaseFunction.py(wrapper):7] Screen.Setup_Field : sl_set_slot 실행 시작
[2022-09-23 17:09:13.068][I][AutoBaseFunction.py(wrapper):8] Parameter : 
[2022-09-23 17:09:13.068][I][AutoBaseFunction.py(wrapper):14] Screen.Setup_Field : sl_set_slot 실행 종료
[2022-09-23 17:09:13.068][I][AutoBaseFunction.py(wrapper):14] Screen.Setup_Field : setupUI_Field 실행 종료
[2022-09-23 17:09:13.068][I][AutoBaseFunction.py(wrapper):7] Screen.Setup_TestList : setupUI_TestList 실행 시작
[2022-09-23 17:09:13.068][I][AutoBaseFunction.py(wrapper):8] Parameter : 
[2022-09-23 17:09:13.069][I][AutoBaseFunction.py(wrapper):7] Screen.Setup_TestList : btn_set_slot 실행 시작
[2022-09-23 17:09:13.069][I][AutoBaseFunction.py(wrapper):8] Parameter : 
[2022-09-23 17:09:13.070][I][AutoBaseFunction.py(wrapper):14] Screen.Setup_TestList : btn_set_slot 실행 종료
[2022-09-23 17:09:13.070][I][AutoBaseFunction.py(wrapper):14] Screen.Setup_TestList : setupUI_TestList 실행 종료
[2022-09-23 17:09:13.070][I][AutoBaseFunction.py(wrapper):14] __main__ : __wigets_setupUi 실행 종료
[2022-09-23 17:09:15.403][I][AutoBaseFunction.py(wrapper):7] Screen.MainWindow : update_open_menu 실행 시작
[2022-09-23 17:09:15.404][I][AutoBaseFunction.py(wrapper):8] Parameter : 
[2022-09-23 17:09:15.406][I][AutoBaseFunction.py(wrapper):14] Screen.MainWindow : update_open_menu 실행 종료
[2022-09-23 17:09:16.687][I][AutoBaseFunction.py(wrapper):7] Screen.MainWindow : show_imgList 실행 시작
[2022-09-23 17:09:16.688][I][AutoBaseFunction.py(wrapper):8] Parameter : ('한국어', 'D:/test/TestList_CSV/2022_skillup'), True, True
