[2022-09-22 08:57:10.049][D][LogManager.py(Init):12] LogManager Init function called !!!
[2022-09-22 08:57:10.061][I][AutoBaseFunction.py(wrapper):7] Screen.MainWindow : setupUi 실행 시작
[2022-09-22 08:57:10.061][I][AutoBaseFunction.py(wrapper):8] Parameter : 
[2022-09-22 08:57:10.076][I][AutoBaseFunction.py(wrapper):7] Screen.MainWindow : set_field 실행 시작
[2022-09-22 08:57:10.077][I][AutoBaseFunction.py(wrapper):8] Parameter : 
[2022-09-22 08:57:10.103][I][AutoBaseFunction.py(wrapper):14] Screen.MainWindow : set_field 실행 종료
[2022-09-22 08:57:10.104][I][AutoBaseFunction.py(wrapper):7] Screen.MainWindow : setWidget_func 실행 시작
[2022-09-22 08:57:10.104][I][AutoBaseFunction.py(wrapper):8] Parameter : 
[2022-09-22 08:57:10.106][I][AutoBaseFunction.py(wrapper):14] Screen.MainWindow : setWidget_func 실행 종료
[2022-09-22 08:57:10.108][I][AutoBaseFunction.py(wrapper):14] Screen.MainWindow : setupUi 실행 종료
[2022-09-22 08:57:10.114][I][AutoBaseFunction.py(wrapper):7] __main__ : __set_slot 실행 시작
[2022-09-22 08:57:10.114][I][AutoBaseFunction.py(wrapper):8] Parameter : 
[2022-09-22 08:57:10.115][I][AutoBaseFunction.py(wrapper):14] __main__ : __set_slot 실행 종료
[2022-09-22 08:57:10.115][I][AutoBaseFunction.py(wrapper):7] __main__ : __wigets_setupUi 실행 시작
[2022-09-22 08:57:10.115][I][AutoBaseFunction.py(wrapper):8] Parameter : 
[2022-09-22 08:57:10.116][I][AutoBaseFunction.py(wrapper):7] Screen.Setup_Language : setupUI_Language 실행 시작
[2022-09-22 08:57:10.116][I][AutoBaseFunction.py(wrapper):8] Parameter : 
[2022-09-22 08:57:10.117][I][AutoBaseFunction.py(wrapper):7] Screen.Setup_Language : sl_set_slot 실행 시작
[2022-09-22 08:57:10.118][I][AutoBaseFunction.py(wrapper):8] Parameter : 
[2022-09-22 08:57:10.119][I][AutoBaseFunction.py(wrapper):14] Screen.Setup_Language : sl_set_slot 실행 종료
[2022-09-22 08:57:10.119][I][AutoBaseFunction.py(wrapper):14] Screen.Setup_Language : setupUI_Language 실행 종료
[2022-09-22 08:57:10.119][I][AutoBaseFunction.py(wrapper):7] Screen.Menu_CreateExcel : setupUI_CreateExcel 실행 시작
[2022-09-22 08:57:10.119][I][AutoBaseFunction.py(wrapper):8] Parameter : 
[2022-09-22 08:57:10.121][I][AutoBaseFunction.py(wrapper):7] Screen.Menu_CreateExcel : new_excel_func 실행 시작
[2022-09-22 08:57:10.121][I][AutoBaseFunction.py(wrapper):8] Parameter : 
[2022-09-22 08:57:10.121][I][AutoBaseFunction.py(wrapper):14] Screen.Menu_CreateExcel : new_excel_func 실행 종료
[2022-09-22 08:57:10.122][I][AutoBaseFunction.py(wrapper):7] Screen.Menu_CreateExcel : set_excel_func 실행 시작
[2022-09-22 08:57:10.123][I][AutoBaseFunction.py(wrapper):8] Parameter : 
[2022-09-22 08:57:10.123][I][AutoBaseFunction.py(wrapper):14] Screen.Menu_CreateExcel : set_excel_func 실행 종료
[2022-09-22 08:57:10.124][I][AutoBaseFunction.py(wrapper):14] Screen.Menu_CreateExcel : setupUI_CreateExcel 실행 종료
[2022-09-22 08:57:10.124][I][AutoBaseFunction.py(wrapper):7] Screen.Setup_Field : setupUI_Field 실행 시작
[2022-09-22 08:57:10.126][I][AutoBaseFunction.py(wrapper):8] Parameter : 
[2022-09-22 08:57:10.127][I][AutoBaseFunction.py(wrapper):7] Screen.Setup_Field : set_data 실행 시작
[2022-09-22 08:57:10.127][I][AutoBaseFunction.py(wrapper):8] Parameter : 
[2022-09-22 08:57:10.128][I][AutoBaseFunction.py(wrapper):14] Screen.Setup_Field : set_data 실행 종료
[2022-09-22 08:57:10.359][I][AutoBaseFunction.py(wrapper):7] Screen.Setup_Field : set_data 실행 시작
[2022-09-22 08:57:10.359][I][AutoBaseFunction.py(wrapper):8] Parameter : 
[2022-09-22 08:57:10.360][I][AutoBaseFunction.py(wrapper):14] Screen.Setup_Field : set_data 실행 종료
[2022-09-22 08:57:10.360][I][AutoBaseFunction.py(wrapper):7] Screen.Setup_Field : set_data 실행 시작
[2022-09-22 08:57:10.361][I][AutoBaseFunction.py(wrapper):8] Parameter : 
[2022-09-22 08:57:10.361][I][AutoBaseFunction.py(wrapper):14] Screen.Setup_Field : set_data 실행 종료
[2022-09-22 08:57:10.361][I][AutoBaseFunction.py(wrapper):7] Screen.Setup_Field : set_data 실행 시작
[2022-09-22 08:57:10.361][I][AutoBaseFunction.py(wrapper):8] Parameter : 
[2022-09-22 08:57:10.362][I][AutoBaseFunction.py(wrapper):14] Screen.Setup_Field : set_data 실행 종료
[2022-09-22 08:57:10.362][I][AutoBaseFunction.py(wrapper):7] Screen.Setup_Field : set_data 실행 시작
[2022-09-22 08:57:10.362][I][AutoBaseFunction.py(wrapper):8] Parameter : 
[2022-09-22 08:57:10.363][I][AutoBaseFunction.py(wrapper):14] Screen.Setup_Field : set_data 실행 종료
[2022-09-22 08:57:10.363][I][AutoBaseFunction.py(wrapper):7] Screen.Setup_Field : set_data 실행 시작
[2022-09-22 08:57:10.363][I][AutoBaseFunction.py(wrapper):8] Parameter : 
[2022-09-22 08:57:10.364][I][AutoBaseFunction.py(wrapper):14] Screen.Setup_Field : set_data 실행 종료
[2022-09-22 08:57:10.364][I][AutoBaseFunction.py(wrapper):7] Screen.Setup_Field : sl_set_slot 실행 시작
[2022-09-22 08:57:10.364][I][AutoBaseFunction.py(wrapper):8] Parameter : 
[2022-09-22 08:57:10.364][I][AutoBaseFunction.py(wrapper):14] Screen.Setup_Field : sl_set_slot 실행 종료
[2022-09-22 08:57:10.365][I][AutoBaseFunction.py(wrapper):14] Screen.Setup_Field : setupUI_Field 실행 종료
[2022-09-22 08:57:10.365][I][AutoBaseFunction.py(wrapper):7] Screen.Setup_TestList : setupUI_TestList 실행 시작
[2022-09-22 08:57:10.365][I][AutoBaseFunction.py(wrapper):8] Parameter : 
[2022-09-22 08:57:10.366][I][AutoBaseFunction.py(wrapper):7] Screen.Setup_TestList : btn_set_slot 실행 시작
[2022-09-22 08:57:10.366][I][AutoBaseFunction.py(wrapper):8] Parameter : 
[2022-09-22 08:57:10.366][I][AutoBaseFunction.py(wrapper):14] Screen.Setup_TestList : btn_set_slot 실행 종료
[2022-09-22 08:57:10.366][I][AutoBaseFunction.py(wrapper):14] Screen.Setup_TestList : setupUI_TestList 실행 종료
[2022-09-22 08:57:10.367][I][AutoBaseFunction.py(wrapper):14] __main__ : __wigets_setupUi 실행 종료
[2022-09-22 08:57:15.826][I][AutoBaseFunction.py(wrapper):7] Screen.MainWindow : closeEvent 실행 시작
[2022-09-22 08:57:15.826][I][AutoBaseFunction.py(wrapper):8] Parameter : <PyQt5.QtGui.QCloseEvent object at 0x000002362F38DA68>
