[2022-09-23 17:12:43.405][D][LogManager.py(Init):12] LogManager Init function called !!!
[2022-09-23 17:12:43.420][I][AutoBaseFunction.py(wrapper):7] Screen.MainWindow : setupUi 실행 시작
[2022-09-23 17:12:43.420][I][AutoBaseFunction.py(wrapper):8] Parameter : 
[2022-09-23 17:12:43.438][I][AutoBaseFunction.py(wrapper):7] Screen.MainWindow : set_field 실행 시작
[2022-09-23 17:12:43.438][I][AutoBaseFunction.py(wrapper):8] Parameter : 
[2022-09-23 17:12:43.468][I][AutoBaseFunction.py(wrapper):14] Screen.MainWindow : set_field 실행 종료
[2022-09-23 17:12:43.468][I][AutoBaseFunction.py(wrapper):7] Screen.MainWindow : setWidget_func 실행 시작
[2022-09-23 17:12:43.469][I][AutoBaseFunction.py(wrapper):8] Parameter : 
[2022-09-23 17:12:43.470][I][AutoBaseFunction.py(wrapper):14] Screen.MainWindow : setWidget_func 실행 종료
[2022-09-23 17:12:43.473][I][AutoBaseFunction.py(wrapper):14] Screen.MainWindow : setupUi 실행 종료
[2022-09-23 17:12:43.479][I][AutoBaseFunction.py(wrapper):7] __main__ : __set_slot 실행 시작
[2022-09-23 17:12:43.480][I][AutoBaseFunction.py(wrapper):8] Parameter : 
[2022-09-23 17:12:43.480][I][AutoBaseFunction.py(wrapper):14] __main__ : __set_slot 실행 종료
[2022-09-23 17:12:43.480][I][AutoBaseFunction.py(wrapper):7] __main__ : __wigets_setupUi 실행 시작
[2022-09-23 17:12:43.481][I][AutoBaseFunction.py(wrapper):8] Parameter : 
[2022-09-23 17:12:43.481][I][AutoBaseFunction.py(wrapper):7] Screen.Setup_Language : setupUI_Language 실행 시작
[2022-09-23 17:12:43.481][I][AutoBaseFunction.py(wrapper):8] Parameter : 
[2022-09-23 17:12:43.482][I][AutoBaseFunction.py(wrapper):7] Screen.Setup_Language : sl_set_slot 실행 시작
[2022-09-23 17:12:43.482][I][AutoBaseFunction.py(wrapper):8] Parameter : 
[2022-09-23 17:12:43.482][I][AutoBaseFunction.py(wrapper):14] Screen.Setup_Language : sl_set_slot 실행 종료
[2022-09-23 17:12:43.482][I][AutoBaseFunction.py(wrapper):14] Screen.Setup_Language : setupUI_Language 실행 종료
[2022-09-23 17:12:43.482][I][AutoBaseFunction.py(wrapper):7] Screen.Menu_CreateExcel : setupUI_CreateExcel 실행 시작
[2022-09-23 17:12:43.482][I][AutoBaseFunction.py(wrapper):8] Parameter : 
[2022-09-23 17:12:43.483][I][AutoBaseFunction.py(wrapper):7] Screen.Menu_CreateExcel : new_excel_func 실행 시작
[2022-09-23 17:12:43.484][I][AutoBaseFunction.py(wrapper):8] Parameter : 
[2022-09-23 17:12:43.485][I][AutoBaseFunction.py(wrapper):14] Screen.Menu_CreateExcel : new_excel_func 실행 종료
[2022-09-23 17:12:43.486][I][AutoBaseFunction.py(wrapper):7] Screen.Menu_CreateExcel : set_excel_func 실행 시작
[2022-09-23 17:12:43.486][I][AutoBaseFunction.py(wrapper):8] Parameter : 
[2022-09-23 17:12:43.487][I][AutoBaseFunction.py(wrapper):14] Screen.Menu_CreateExcel : set_excel_func 실행 종료
[2022-09-23 17:12:43.487][I][AutoBaseFunction.py(wrapper):14] Screen.Menu_CreateExcel : setupUI_CreateExcel 실행 종료
[2022-09-23 17:12:43.488][I][AutoBaseFunction.py(wrapper):7] Screen.Setup_Field : setupUI_Field 실행 시작
[2022-09-23 17:12:43.488][I][AutoBaseFunction.py(wrapper):8] Parameter : 
[2022-09-23 17:12:43.489][I][AutoBaseFunction.py(wrapper):7] Screen.Setup_Field : set_data 실행 시작
[2022-09-23 17:12:43.489][I][AutoBaseFunction.py(wrapper):8] Parameter : 
[2022-09-23 17:12:43.491][I][AutoBaseFunction.py(wrapper):14] Screen.Setup_Field : set_data 실행 종료
[2022-09-23 17:12:43.723][I][AutoBaseFunction.py(wrapper):7] Screen.Setup_Field : set_data 실행 시작
[2022-09-23 17:12:43.723][I][AutoBaseFunction.py(wrapper):8] Parameter : 
[2022-09-23 17:12:43.724][I][AutoBaseFunction.py(wrapper):14] Screen.Setup_Field : set_data 실행 종료
[2022-09-23 17:12:43.724][I][AutoBaseFunction.py(wrapper):7] Screen.Setup_Field : set_data 실행 시작
[2022-09-23 17:12:43.725][I][AutoBaseFunction.py(wrapper):8] Parameter : 
[2022-09-23 17:12:43.725][I][AutoBaseFunction.py(wrapper):14] Screen.Setup_Field : set_data 실행 종료
[2022-09-23 17:12:43.726][I][AutoBaseFunction.py(wrapper):7] Screen.Setup_Field : set_data 실행 시작
[2022-09-23 17:12:43.726][I][AutoBaseFunction.py(wrapper):8] Parameter : 
[2022-09-23 17:12:43.727][I][AutoBaseFunction.py(wrapper):14] Screen.Setup_Field : set_data 실행 종료
[2022-09-23 17:12:43.727][I][AutoBaseFunction.py(wrapper):7] Screen.Setup_Field : set_data 실행 시작
[2022-09-23 17:12:43.727][I][AutoBaseFunction.py(wrapper):8] Parameter : 
[2022-09-23 17:12:43.728][I][AutoBaseFunction.py(wrapper):14] Screen.Setup_Field : set_data 실행 종료
[2022-09-23 17:12:43.728][I][AutoBaseFunction.py(wrapper):7] Screen.Setup_Field : set_data 실행 시작
[2022-09-23 17:12:43.728][I][AutoBaseFunction.py(wrapper):8] Parameter : 
[2022-09-23 17:12:43.728][I][AutoBaseFunction.py(wrapper):14] Screen.Setup_Field : set_data 실행 종료
[2022-09-23 17:12:43.729][I][AutoBaseFunction.py(wrapper):7] Screen.Setup_Field : sl_set_slot 실행 시작
[2022-09-23 17:12:43.729][I][AutoBaseFunction.py(wrapper):8] Parameter : 
[2022-09-23 17:12:43.729][I][AutoBaseFunction.py(wrapper):14] Screen.Setup_Field : sl_set_slot 실행 종료
[2022-09-23 17:12:43.729][I][AutoBaseFunction.py(wrapper):14] Screen.Setup_Field : setupUI_Field 실행 종료
[2022-09-23 17:12:43.729][I][AutoBaseFunction.py(wrapper):7] Screen.Setup_TestList : setupUI_TestList 실행 시작
[2022-09-23 17:12:43.730][I][AutoBaseFunction.py(wrapper):8] Parameter : 
[2022-09-23 17:12:43.730][I][AutoBaseFunction.py(wrapper):7] Screen.Setup_TestList : btn_set_slot 실행 시작
[2022-09-23 17:12:43.731][I][AutoBaseFunction.py(wrapper):8] Parameter : 
[2022-09-23 17:12:43.731][I][AutoBaseFunction.py(wrapper):14] Screen.Setup_TestList : btn_set_slot 실행 종료
[2022-09-23 17:12:43.731][I][AutoBaseFunction.py(wrapper):14] Screen.Setup_TestList : setupUI_TestList 실행 종료
[2022-09-23 17:12:43.731][I][AutoBaseFunction.py(wrapper):14] __main__ : __wigets_setupUi 실행 종료
[2022-09-23 17:12:44.519][I][AutoBaseFunction.py(wrapper):7] Screen.MainWindow : update_open_menu 실행 시작
[2022-09-23 17:12:44.519][I][AutoBaseFunction.py(wrapper):8] Parameter : 
[2022-09-23 17:12:44.521][I][AutoBaseFunction.py(wrapper):14] Screen.MainWindow : update_open_menu 실행 종료
[2022-09-23 17:12:45.365][I][AutoBaseFunction.py(wrapper):7] Screen.MainWindow : show_imgList 실행 시작
[2022-09-23 17:12:45.365][I][AutoBaseFunction.py(wrapper):8] Parameter : ('한국어', 'D:/test/TestList_CSV/2022_skillup'), True, True
[2022-09-23 17:12:45.386][I][AutoBaseFunction.py(wrapper):7] Screen.MainWindow : qbutton_clicked 실행 시작
[2022-09-23 17:12:45.386][I][AutoBaseFunction.py(wrapper):8] Parameter : None, 0, <Screen.MainWindow.QPushButtonIcon object at 0x000002E88CF40B88>, False
