[2022-09-22 11:03:13.299][D][LogManager.py(Init):12] LogManager Init function called !!!
[2022-09-22 11:03:13.310][I][AutoBaseFunction.py(wrapper):7] Screen.MainWindow : setupUi 실행 시작
[2022-09-22 11:03:13.311][I][AutoBaseFunction.py(wrapper):8] Parameter : 
[2022-09-22 11:03:13.327][I][AutoBaseFunction.py(wrapper):7] Screen.MainWindow : set_field 실행 시작
[2022-09-22 11:03:13.327][I][AutoBaseFunction.py(wrapper):8] Parameter : 
[2022-09-22 11:03:13.361][I][AutoBaseFunction.py(wrapper):14] Screen.MainWindow : set_field 실행 종료
[2022-09-22 11:03:13.362][I][AutoBaseFunction.py(wrapper):7] Screen.MainWindow : setWidget_func 실행 시작
[2022-09-22 11:03:13.362][I][AutoBaseFunction.py(wrapper):8] Parameter : 
[2022-09-22 11:03:13.364][I][AutoBaseFunction.py(wrapper):14] Screen.MainWindow : setWidget_func 실행 종료
[2022-09-22 11:03:13.368][I][AutoBaseFunction.py(wrapper):14] Screen.MainWindow : setupUi 실행 종료
[2022-09-22 11:03:13.375][I][AutoBaseFunction.py(wrapper):7] __main__ : __set_slot 실행 시작
[2022-09-22 11:03:13.375][I][AutoBaseFunction.py(wrapper):8] Parameter : 
[2022-09-22 11:03:13.376][I][AutoBaseFunction.py(wrapper):14] __main__ : __set_slot 실행 종료
[2022-09-22 11:03:13.376][I][AutoBaseFunction.py(wrapper):7] __main__ : __wigets_setupUi 실행 시작
[2022-09-22 11:03:13.376][I][AutoBaseFunction.py(wrapper):8] Parameter : 
[2022-09-22 11:03:13.376][I][AutoBaseFunction.py(wrapper):7] Screen.Setup_Language : setupUI_Language 실행 시작
[2022-09-22 11:03:13.377][I][AutoBaseFunction.py(wrapper):8] Parameter : 
[2022-09-22 11:03:13.377][I][AutoBaseFunction.py(wrapper):7] Screen.Setup_Language : sl_set_slot 실행 시작
[2022-09-22 11:03:13.378][I][AutoBaseFunction.py(wrapper):8] Parameter : 
[2022-09-22 11:03:13.378][I][AutoBaseFunction.py(wrapper):14] Screen.Setup_Language : sl_set_slot 실행 종료
[2022-09-22 11:03:13.378][I][AutoBaseFunction.py(wrapper):14] Screen.Setup_Language : setupUI_Language 실행 종료
[2022-09-22 11:03:13.379][I][AutoBaseFunction.py(wrapper):7] Screen.Menu_CreateExcel : setupUI_CreateExcel 실행 시작
[2022-09-22 11:03:13.379][I][AutoBaseFunction.py(wrapper):8] Parameter : 
[2022-09-22 11:03:13.380][I][AutoBaseFunction.py(wrapper):7] Screen.Menu_CreateExcel : new_excel_func 실행 시작
[2022-09-22 11:03:13.380][I][AutoBaseFunction.py(wrapper):8] Parameter : 
[2022-09-22 11:03:13.380][I][AutoBaseFunction.py(wrapper):14] Screen.Menu_CreateExcel : new_excel_func 실행 종료
[2022-09-22 11:03:13.381][I][AutoBaseFunction.py(wrapper):7] Screen.Menu_CreateExcel : set_excel_func 실행 시작
[2022-09-22 11:03:13.381][I][AutoBaseFunction.py(wrapper):8] Parameter : 
[2022-09-22 11:03:13.381][I][AutoBaseFunction.py(wrapper):14] Screen.Menu_CreateExcel : set_excel_func 실행 종료
[2022-09-22 11:03:13.382][I][AutoBaseFunction.py(wrapper):14] Screen.Menu_CreateExcel : setupUI_CreateExcel 실행 종료
[2022-09-22 11:03:13.382][I][AutoBaseFunction.py(wrapper):7] Screen.Setup_Field : setupUI_Field 실행 시작
[2022-09-22 11:03:13.382][I][AutoBaseFunction.py(wrapper):8] Parameter : 
[2022-09-22 11:03:13.383][I][AutoBaseFunction.py(wrapper):7] Screen.Setup_Field : set_data 실행 시작
[2022-09-22 11:03:13.383][I][AutoBaseFunction.py(wrapper):8] Parameter : 
[2022-09-22 11:03:13.384][I][AutoBaseFunction.py(wrapper):14] Screen.Setup_Field : set_data 실행 종료
[2022-09-22 11:03:13.632][I][AutoBaseFunction.py(wrapper):7] Screen.Setup_Field : set_data 실행 시작
[2022-09-22 11:03:13.632][I][AutoBaseFunction.py(wrapper):8] Parameter : 
[2022-09-22 11:03:13.632][I][AutoBaseFunction.py(wrapper):14] Screen.Setup_Field : set_data 실행 종료
[2022-09-22 11:03:13.632][I][AutoBaseFunction.py(wrapper):7] Screen.Setup_Field : set_data 실행 시작
[2022-09-22 11:03:13.633][I][AutoBaseFunction.py(wrapper):8] Parameter : 
[2022-09-22 11:03:13.633][I][AutoBaseFunction.py(wrapper):14] Screen.Setup_Field : set_data 실행 종료
[2022-09-22 11:03:13.633][I][AutoBaseFunction.py(wrapper):7] Screen.Setup_Field : set_data 실행 시작
[2022-09-22 11:03:13.634][I][AutoBaseFunction.py(wrapper):8] Parameter : 
[2022-09-22 11:03:13.634][I][AutoBaseFunction.py(wrapper):14] Screen.Setup_Field : set_data 실행 종료
[2022-09-22 11:03:13.634][I][AutoBaseFunction.py(wrapper):7] Screen.Setup_Field : set_data 실행 시작
[2022-09-22 11:03:13.635][I][AutoBaseFunction.py(wrapper):8] Parameter : 
[2022-09-22 11:03:13.635][I][AutoBaseFunction.py(wrapper):14] Screen.Setup_Field : set_data 실행 종료
[2022-09-22 11:03:13.635][I][AutoBaseFunction.py(wrapper):7] Screen.Setup_Field : set_data 실행 시작
[2022-09-22 11:03:13.635][I][AutoBaseFunction.py(wrapper):8] Parameter : 
[2022-09-22 11:03:13.636][I][AutoBaseFunction.py(wrapper):14] Screen.Setup_Field : set_data 실행 종료
[2022-09-22 11:03:13.636][I][AutoBaseFunction.py(wrapper):7] Screen.Setup_Field : sl_set_slot 실행 시작
[2022-09-22 11:03:13.636][I][AutoBaseFunction.py(wrapper):8] Parameter : 
[2022-09-22 11:03:13.636][I][AutoBaseFunction.py(wrapper):14] Screen.Setup_Field : sl_set_slot 실행 종료
[2022-09-22 11:03:13.637][I][AutoBaseFunction.py(wrapper):14] Screen.Setup_Field : setupUI_Field 실행 종료
[2022-09-22 11:03:13.637][I][AutoBaseFunction.py(wrapper):7] Screen.Setup_TestList : setupUI_TestList 실행 시작
[2022-09-22 11:03:13.637][I][AutoBaseFunction.py(wrapper):8] Parameter : 
[2022-09-22 11:03:13.638][I][AutoBaseFunction.py(wrapper):7] Screen.Setup_TestList : btn_set_slot 실행 시작
[2022-09-22 11:03:13.638][I][AutoBaseFunction.py(wrapper):8] Parameter : 
[2022-09-22 11:03:13.638][I][AutoBaseFunction.py(wrapper):14] Screen.Setup_TestList : btn_set_slot 실행 종료
[2022-09-22 11:03:13.638][I][AutoBaseFunction.py(wrapper):14] Screen.Setup_TestList : setupUI_TestList 실행 종료
[2022-09-22 11:03:13.639][I][AutoBaseFunction.py(wrapper):14] __main__ : __wigets_setupUi 실행 종료
[2022-09-22 11:03:14.666][I][AutoBaseFunction.py(wrapper):7] Screen.MainWindow : update_open_menu 실행 시작
[2022-09-22 11:03:14.667][I][AutoBaseFunction.py(wrapper):8] Parameter : 
[2022-09-22 11:03:14.668][I][AutoBaseFunction.py(wrapper):14] Screen.MainWindow : update_open_menu 실행 종료
[2022-09-22 11:03:15.320][I][AutoBaseFunction.py(wrapper):7] Screen.MainWindow : update_open_menu 실행 시작
[2022-09-22 11:03:15.320][I][AutoBaseFunction.py(wrapper):8] Parameter : 
[2022-09-22 11:03:15.321][I][AutoBaseFunction.py(wrapper):14] Screen.MainWindow : update_open_menu 실행 종료
[2022-09-22 11:04:03.327][I][AutoBaseFunction.py(wrapper):7] Screen.MainWindow : closeEvent 실행 시작
[2022-09-22 11:04:03.327][I][AutoBaseFunction.py(wrapper):8] Parameter : <PyQt5.QtGui.QCloseEvent object at 0x000001F5B66D7558>
