[2022-09-23 11:58:20.927][D][LogManager.py(Init):12] LogManager Init function called !!!
[2022-09-23 11:58:20.940][I][AutoBaseFunction.py(wrapper):7] Screen.MainWindow : setupUi 실행 시작
[2022-09-23 11:58:20.940][I][AutoBaseFunction.py(wrapper):8] Parameter : 
[2022-09-23 11:58:20.955][I][AutoBaseFunction.py(wrapper):7] Screen.MainWindow : set_field 실행 시작
[2022-09-23 11:58:20.956][I][AutoBaseFunction.py(wrapper):8] Parameter : 
[2022-09-23 11:58:20.981][I][AutoBaseFunction.py(wrapper):14] Screen.MainWindow : set_field 실행 종료
[2022-09-23 11:58:20.982][I][AutoBaseFunction.py(wrapper):7] Screen.MainWindow : setWidget_func 실행 시작
[2022-09-23 11:58:20.982][I][AutoBaseFunction.py(wrapper):8] Parameter : 
[2022-09-23 11:58:20.984][I][AutoBaseFunction.py(wrapper):14] Screen.MainWindow : setWidget_func 실행 종료
[2022-09-23 11:58:20.986][I][AutoBaseFunction.py(wrapper):14] Screen.MainWindow : setupUi 실행 종료
[2022-09-23 11:58:20.992][I][AutoBaseFunction.py(wrapper):7] __main__ : __set_slot 실행 시작
[2022-09-23 11:58:20.993][I][AutoBaseFunction.py(wrapper):8] Parameter : 
[2022-09-23 11:58:20.993][I][AutoBaseFunction.py(wrapper):14] __main__ : __set_slot 실행 종료
[2022-09-23 11:58:20.994][I][AutoBaseFunction.py(wrapper):7] __main__ : __wigets_setupUi 실행 시작
[2022-09-23 11:58:20.994][I][AutoBaseFunction.py(wrapper):8] Parameter : 
[2022-09-23 11:58:20.994][I][AutoBaseFunction.py(wrapper):7] Screen.Setup_Language : setupUI_Language 실행 시작
[2022-09-23 11:58:20.994][I][AutoBaseFunction.py(wrapper):8] Parameter : 
[2022-09-23 11:58:20.995][I][AutoBaseFunction.py(wrapper):7] Screen.Setup_Language : sl_set_slot 실행 시작
[2022-09-23 11:58:20.996][I][AutoBaseFunction.py(wrapper):8] Parameter : 
[2022-09-23 11:58:20.996][I][AutoBaseFunction.py(wrapper):14] Screen.Setup_Language : sl_set_slot 실행 종료
[2022-09-23 11:58:20.996][I][AutoBaseFunction.py(wrapper):14] Screen.Setup_Language : setupUI_Language 실행 종료
[2022-09-23 11:58:20.996][I][AutoBaseFunction.py(wrapper):7] Screen.Menu_CreateExcel : setupUI_CreateExcel 실행 시작
[2022-09-23 11:58:20.997][I][AutoBaseFunction.py(wrapper):8] Parameter : 
[2022-09-23 11:58:20.998][I][AutoBaseFunction.py(wrapper):7] Screen.Menu_CreateExcel : new_excel_func 실행 시작
[2022-09-23 11:58:20.998][I][AutoBaseFunction.py(wrapper):8] Parameter : 
[2022-09-23 11:58:20.998][I][AutoBaseFunction.py(wrapper):14] Screen.Menu_CreateExcel : new_excel_func 실행 종료
[2022-09-23 11:58:20.999][I][AutoBaseFunction.py(wrapper):7] Screen.Menu_CreateExcel : set_excel_func 실행 시작
[2022-09-23 11:58:20.999][I][AutoBaseFunction.py(wrapper):8] Parameter : 
[2022-09-23 11:58:20.999][I][AutoBaseFunction.py(wrapper):14] Screen.Menu_CreateExcel : set_excel_func 실행 종료
[2022-09-23 11:58:21.000][I][AutoBaseFunction.py(wrapper):14] Screen.Menu_CreateExcel : setupUI_CreateExcel 실행 종료
[2022-09-23 11:58:21.000][I][AutoBaseFunction.py(wrapper):7] Screen.Setup_Field : setupUI_Field 실행 시작
[2022-09-23 11:58:21.000][I][AutoBaseFunction.py(wrapper):8] Parameter : 
[2022-09-23 11:58:21.001][I][AutoBaseFunction.py(wrapper):7] Screen.Setup_Field : set_data 실행 시작
[2022-09-23 11:58:21.001][I][AutoBaseFunction.py(wrapper):8] Parameter : 
[2022-09-23 11:58:21.001][I][AutoBaseFunction.py(wrapper):14] Screen.Setup_Field : set_data 실행 종료
[2022-09-23 11:58:21.226][I][AutoBaseFunction.py(wrapper):7] Screen.Setup_Field : set_data 실행 시작
[2022-09-23 11:58:21.226][I][AutoBaseFunction.py(wrapper):8] Parameter : 
[2022-09-23 11:58:21.227][I][AutoBaseFunction.py(wrapper):14] Screen.Setup_Field : set_data 실행 종료
[2022-09-23 11:58:21.227][I][AutoBaseFunction.py(wrapper):7] Screen.Setup_Field : set_data 실행 시작
[2022-09-23 11:58:21.227][I][AutoBaseFunction.py(wrapper):8] Parameter : 
[2022-09-23 11:58:21.228][I][AutoBaseFunction.py(wrapper):14] Screen.Setup_Field : set_data 실행 종료
[2022-09-23 11:58:21.228][I][AutoBaseFunction.py(wrapper):7] Screen.Setup_Field : set_data 실행 시작
[2022-09-23 11:58:21.228][I][AutoBaseFunction.py(wrapper):8] Parameter : 
[2022-09-23 11:58:21.229][I][AutoBaseFunction.py(wrapper):14] Screen.Setup_Field : set_data 실행 종료
[2022-09-23 11:58:21.229][I][AutoBaseFunction.py(wrapper):7] Screen.Setup_Field : set_data 실행 시작
[2022-09-23 11:58:21.229][I][AutoBaseFunction.py(wrapper):8] Parameter : 
[2022-09-23 11:58:21.229][I][AutoBaseFunction.py(wrapper):14] Screen.Setup_Field : set_data 실행 종료
[2022-09-23 11:58:21.230][I][AutoBaseFunction.py(wrapper):7] Screen.Setup_Field : set_data 실행 시작
[2022-09-23 11:58:21.230][I][AutoBaseFunction.py(wrapper):8] Parameter : 
[2022-09-23 11:58:21.230][I][AutoBaseFunction.py(wrapper):14] Screen.Setup_Field : set_data 실행 종료
[2022-09-23 11:58:21.230][I][AutoBaseFunction.py(wrapper):7] Screen.Setup_Field : sl_set_slot 실행 시작
[2022-09-23 11:58:21.231][I][AutoBaseFunction.py(wrapper):8] Parameter : 
[2022-09-23 11:58:21.231][I][AutoBaseFunction.py(wrapper):14] Screen.Setup_Field : sl_set_slot 실행 종료
[2022-09-23 11:58:21.231][I][AutoBaseFunction.py(wrapper):14] Screen.Setup_Field : setupUI_Field 실행 종료
[2022-09-23 11:58:21.231][I][AutoBaseFunction.py(wrapper):7] Screen.Setup_TestList : setupUI_TestList 실행 시작
[2022-09-23 11:58:21.231][I][AutoBaseFunction.py(wrapper):8] Parameter : 
[2022-09-23 11:58:21.232][I][AutoBaseFunction.py(wrapper):7] Screen.Setup_TestList : btn_set_slot 실행 시작
[2022-09-23 11:58:21.233][I][AutoBaseFunction.py(wrapper):8] Parameter : 
[2022-09-23 11:58:21.233][I][AutoBaseFunction.py(wrapper):14] Screen.Setup_TestList : btn_set_slot 실행 종료
[2022-09-23 11:58:21.233][I][AutoBaseFunction.py(wrapper):14] Screen.Setup_TestList : setupUI_TestList 실행 종료
[2022-09-23 11:58:21.233][I][AutoBaseFunction.py(wrapper):14] __main__ : __wigets_setupUi 실행 종료
[2022-09-23 11:58:22.325][I][AutoBaseFunction.py(wrapper):7] Screen.MainWindow : update_open_menu 실행 시작
[2022-09-23 11:58:22.325][I][AutoBaseFunction.py(wrapper):8] Parameter : 
[2022-09-23 11:58:22.326][I][AutoBaseFunction.py(wrapper):14] Screen.MainWindow : update_open_menu 실행 종료
[2022-09-23 11:58:22.839][I][AutoBaseFunction.py(wrapper):7] Screen.MainWindow : update_open_menu 실행 시작
[2022-09-23 11:58:22.841][I][AutoBaseFunction.py(wrapper):8] Parameter : 
[2022-09-23 11:58:22.848][I][AutoBaseFunction.py(wrapper):14] Screen.MainWindow : update_open_menu 실행 종료
[2022-09-23 11:58:24.083][I][AutoBaseFunction.py(wrapper):7] Screen.MainWindow : show_imgList 실행 시작
[2022-09-23 11:58:24.083][I][AutoBaseFunction.py(wrapper):8] Parameter : ('한국어', 'D:/test/TestList_CSV/2022_skillup'), True
[2022-09-23 11:58:24.102][I][AutoBaseFunction.py(wrapper):7] Screen.MainWindow : qbutton_clicked 실행 시작
[2022-09-23 11:58:24.103][I][AutoBaseFunction.py(wrapper):8] Parameter : None, 0, <Screen.MainWindow.QPushButtonIcon object at 0x000001A2F1725DC8>, False
