[2022-09-26 18:11:31.220][D][LogManager.py(Init):12] LogManager Init function called !!!
[2022-09-26 18:11:31.233][I][AutoBaseFunction.py(wrapper):7] Screen.MainWindow : setupUi 실행 시작
[2022-09-26 18:11:31.233][I][AutoBaseFunction.py(wrapper):8] Parameter : 
[2022-09-26 18:11:31.252][I][AutoBaseFunction.py(wrapper):7] Screen.MainWindow : set_field 실행 시작
[2022-09-26 18:11:31.253][I][AutoBaseFunction.py(wrapper):8] Parameter : 
[2022-09-26 18:11:31.280][I][AutoBaseFunction.py(wrapper):14] Screen.MainWindow : set_field 실행 종료
[2022-09-26 18:11:31.280][I][AutoBaseFunction.py(wrapper):7] Screen.MainWindow : setWidget_func 실행 시작
[2022-09-26 18:11:31.281][I][AutoBaseFunction.py(wrapper):8] Parameter : 
[2022-09-26 18:11:31.283][I][AutoBaseFunction.py(wrapper):14] Screen.MainWindow : setWidget_func 실행 종료
[2022-09-26 18:11:31.286][I][AutoBaseFunction.py(wrapper):14] Screen.MainWindow : setupUi 실행 종료
[2022-09-26 18:11:31.296][I][AutoBaseFunction.py(wrapper):7] __main__ : __set_slot 실행 시작
[2022-09-26 18:11:31.296][I][AutoBaseFunction.py(wrapper):8] Parameter : 
[2022-09-26 18:11:31.297][I][AutoBaseFunction.py(wrapper):14] __main__ : __set_slot 실행 종료
[2022-09-26 18:11:31.297][I][AutoBaseFunction.py(wrapper):7] __main__ : __wigets_setupUi 실행 시작
[2022-09-26 18:11:31.297][I][AutoBaseFunction.py(wrapper):8] Parameter : 
[2022-09-26 18:11:31.298][I][AutoBaseFunction.py(wrapper):7] Screen.Setup_Language : setupUI_Language 실행 시작
[2022-09-26 18:11:31.298][I][AutoBaseFunction.py(wrapper):8] Parameter : 
[2022-09-26 18:11:31.299][I][AutoBaseFunction.py(wrapper):7] Screen.Setup_Language : sl_set_slot 실행 시작
[2022-09-26 18:11:31.299][I][AutoBaseFunction.py(wrapper):8] Parameter : 
[2022-09-26 18:11:31.300][I][AutoBaseFunction.py(wrapper):14] Screen.Setup_Language : sl_set_slot 실행 종료
[2022-09-26 18:11:31.300][I][AutoBaseFunction.py(wrapper):14] Screen.Setup_Language : setupUI_Language 실행 종료
[2022-09-26 18:11:31.300][I][AutoBaseFunction.py(wrapper):7] Screen.Menu_CreateExcel : setupUI_CreateExcel 실행 시작
[2022-09-26 18:11:31.300][I][AutoBaseFunction.py(wrapper):8] Parameter : 
[2022-09-26 18:11:31.302][I][AutoBaseFunction.py(wrapper):7] Screen.Menu_CreateExcel : new_excel_func 실행 시작
[2022-09-26 18:11:31.302][I][AutoBaseFunction.py(wrapper):8] Parameter : 
[2022-09-26 18:11:31.304][I][AutoBaseFunction.py(wrapper):14] Screen.Menu_CreateExcel : new_excel_func 실행 종료
[2022-09-26 18:11:31.304][I][AutoBaseFunction.py(wrapper):7] Screen.Menu_CreateExcel : set_excel_func 실행 시작
[2022-09-26 18:11:31.305][I][AutoBaseFunction.py(wrapper):8] Parameter : 
[2022-09-26 18:11:31.305][I][AutoBaseFunction.py(wrapper):14] Screen.Menu_CreateExcel : set_excel_func 실행 종료
[2022-09-26 18:11:31.306][I][AutoBaseFunction.py(wrapper):14] Screen.Menu_CreateExcel : setupUI_CreateExcel 실행 종료
[2022-09-26 18:11:31.306][I][AutoBaseFunction.py(wrapper):7] Screen.Setup_Field : setupUI_Field 실행 시작
[2022-09-26 18:11:31.306][I][AutoBaseFunction.py(wrapper):8] Parameter : 
[2022-09-26 18:11:31.307][I][AutoBaseFunction.py(wrapper):7] Screen.Setup_Field : set_data 실행 시작
[2022-09-26 18:11:31.307][I][AutoBaseFunction.py(wrapper):8] Parameter : 
[2022-09-26 18:11:31.308][I][AutoBaseFunction.py(wrapper):14] Screen.Setup_Field : set_data 실행 종료
[2022-09-26 18:11:31.545][I][AutoBaseFunction.py(wrapper):7] Screen.Setup_Field : set_data 실행 시작
[2022-09-26 18:11:31.546][I][AutoBaseFunction.py(wrapper):8] Parameter : 
[2022-09-26 18:11:31.546][I][AutoBaseFunction.py(wrapper):14] Screen.Setup_Field : set_data 실행 종료
[2022-09-26 18:11:31.547][I][AutoBaseFunction.py(wrapper):7] Screen.Setup_Field : set_data 실행 시작
[2022-09-26 18:11:31.547][I][AutoBaseFunction.py(wrapper):8] Parameter : 
[2022-09-26 18:11:31.547][I][AutoBaseFunction.py(wrapper):14] Screen.Setup_Field : set_data 실행 종료
[2022-09-26 18:11:31.548][I][AutoBaseFunction.py(wrapper):7] Screen.Setup_Field : set_data 실행 시작
[2022-09-26 18:11:31.548][I][AutoBaseFunction.py(wrapper):8] Parameter : 
[2022-09-26 18:11:31.548][I][AutoBaseFunction.py(wrapper):14] Screen.Setup_Field : set_data 실행 종료
[2022-09-26 18:11:31.549][I][AutoBaseFunction.py(wrapper):7] Screen.Setup_Field : set_data 실행 시작
[2022-09-26 18:11:31.549][I][AutoBaseFunction.py(wrapper):8] Parameter : 
[2022-09-26 18:11:31.549][I][AutoBaseFunction.py(wrapper):14] Screen.Setup_Field : set_data 실행 종료
[2022-09-26 18:11:31.549][I][AutoBaseFunction.py(wrapper):7] Screen.Setup_Field : set_data 실행 시작
[2022-09-26 18:11:31.550][I][AutoBaseFunction.py(wrapper):8] Parameter : 
[2022-09-26 18:11:31.550][I][AutoBaseFunction.py(wrapper):14] Screen.Setup_Field : set_data 실행 종료
[2022-09-26 18:11:31.550][I][AutoBaseFunction.py(wrapper):7] Screen.Setup_Field : sl_set_slot 실행 시작
[2022-09-26 18:11:31.551][I][AutoBaseFunction.py(wrapper):8] Parameter : 
[2022-09-26 18:11:31.551][I][AutoBaseFunction.py(wrapper):14] Screen.Setup_Field : sl_set_slot 실행 종료
[2022-09-26 18:11:31.551][I][AutoBaseFunction.py(wrapper):14] Screen.Setup_Field : setupUI_Field 실행 종료
[2022-09-26 18:11:31.551][I][AutoBaseFunction.py(wrapper):7] Screen.Setup_TestList : setupUI_TestList 실행 시작
[2022-09-26 18:11:31.552][I][AutoBaseFunction.py(wrapper):8] Parameter : 
[2022-09-26 18:11:31.553][I][AutoBaseFunction.py(wrapper):7] Screen.Setup_TestList : btn_set_slot 실행 시작
[2022-09-26 18:11:31.553][I][AutoBaseFunction.py(wrapper):8] Parameter : 
[2022-09-26 18:11:31.553][I][AutoBaseFunction.py(wrapper):14] Screen.Setup_TestList : btn_set_slot 실행 종료
[2022-09-26 18:11:31.553][I][AutoBaseFunction.py(wrapper):14] Screen.Setup_TestList : setupUI_TestList 실행 종료
[2022-09-26 18:11:31.554][I][AutoBaseFunction.py(wrapper):14] __main__ : __wigets_setupUi 실행 종료
[2022-09-26 18:11:34.575][I][AutoBaseFunction.py(wrapper):7] __main__ : __sl_ui 실행 시작
[2022-09-26 18:11:34.575][I][AutoBaseFunction.py(wrapper):8] Parameter : False
[2022-09-26 18:11:34.576][I][AutoBaseFunction.py(wrapper):7] Screen.Setup_Language : setLang_Button 실행 시작
[2022-09-26 18:11:34.576][I][AutoBaseFunction.py(wrapper):8] Parameter : 
[2022-09-26 18:11:34.576][I][AutoBaseFunction.py(wrapper):14] Screen.Setup_Language : setLang_Button 실행 종료
[2022-09-26 18:11:34.588][I][AutoBaseFunction.py(wrapper):14] __main__ : __sl_ui 실행 종료
[2022-09-26 18:11:44.606][I][AutoBaseFunction.py(wrapper):7] Screen.Setup_Language : ok_Button_clicked 실행 시작
[2022-09-26 18:11:44.606][I][AutoBaseFunction.py(wrapper):8] Parameter : False
