[2022-09-23 11:57:54.159][D][LogManager.py(Init):12] LogManager Init function called !!!
[2022-09-23 11:57:54.176][I][AutoBaseFunction.py(wrapper):7] Screen.MainWindow : setupUi 실행 시작
[2022-09-23 11:57:54.177][I][AutoBaseFunction.py(wrapper):8] Parameter : 
[2022-09-23 11:57:54.198][I][AutoBaseFunction.py(wrapper):7] Screen.MainWindow : set_field 실행 시작
[2022-09-23 11:57:54.199][I][AutoBaseFunction.py(wrapper):8] Parameter : 
[2022-09-23 11:57:54.225][I][AutoBaseFunction.py(wrapper):14] Screen.MainWindow : set_field 실행 종료
[2022-09-23 11:57:54.225][I][AutoBaseFunction.py(wrapper):7] Screen.MainWindow : setWidget_func 실행 시작
[2022-09-23 11:57:54.226][I][AutoBaseFunction.py(wrapper):8] Parameter : 
[2022-09-23 11:57:54.227][I][AutoBaseFunction.py(wrapper):14] Screen.MainWindow : setWidget_func 실행 종료
[2022-09-23 11:57:54.230][I][AutoBaseFunction.py(wrapper):14] Screen.MainWindow : setupUi 실행 종료
[2022-09-23 11:57:54.236][I][AutoBaseFunction.py(wrapper):7] __main__ : __set_slot 실행 시작
[2022-09-23 11:57:54.236][I][AutoBaseFunction.py(wrapper):8] Parameter : 
[2022-09-23 11:57:54.237][I][AutoBaseFunction.py(wrapper):14] __main__ : __set_slot 실행 종료
[2022-09-23 11:57:54.237][I][AutoBaseFunction.py(wrapper):7] __main__ : __wigets_setupUi 실행 시작
[2022-09-23 11:57:54.237][I][AutoBaseFunction.py(wrapper):8] Parameter : 
[2022-09-23 11:57:54.238][I][AutoBaseFunction.py(wrapper):7] Screen.Setup_Language : setupUI_Language 실행 시작
[2022-09-23 11:57:54.238][I][AutoBaseFunction.py(wrapper):8] Parameter : 
[2022-09-23 11:57:54.238][I][AutoBaseFunction.py(wrapper):7] Screen.Setup_Language : sl_set_slot 실행 시작
[2022-09-23 11:57:54.239][I][AutoBaseFunction.py(wrapper):8] Parameter : 
[2022-09-23 11:57:54.239][I][AutoBaseFunction.py(wrapper):14] Screen.Setup_Language : sl_set_slot 실행 종료
[2022-09-23 11:57:54.239][I][AutoBaseFunction.py(wrapper):14] Screen.Setup_Language : setupUI_Language 실행 종료
[2022-09-23 11:57:54.239][I][AutoBaseFunction.py(wrapper):7] Screen.Menu_CreateExcel : setupUI_CreateExcel 실행 시작
[2022-09-23 11:57:54.240][I][AutoBaseFunction.py(wrapper):8] Parameter : 
[2022-09-23 11:57:54.240][I][AutoBaseFunction.py(wrapper):7] Screen.Menu_CreateExcel : new_excel_func 실행 시작
[2022-09-23 11:57:54.241][I][AutoBaseFunction.py(wrapper):8] Parameter : 
[2022-09-23 11:57:54.241][I][AutoBaseFunction.py(wrapper):14] Screen.Menu_CreateExcel : new_excel_func 실행 종료
[2022-09-23 11:57:54.242][I][AutoBaseFunction.py(wrapper):7] Screen.Menu_CreateExcel : set_excel_func 실행 시작
[2022-09-23 11:57:54.242][I][AutoBaseFunction.py(wrapper):8] Parameter : 
[2022-09-23 11:57:54.242][I][AutoBaseFunction.py(wrapper):14] Screen.Menu_CreateExcel : set_excel_func 실행 종료
[2022-09-23 11:57:54.243][I][AutoBaseFunction.py(wrapper):14] Screen.Menu_CreateExcel : setupUI_CreateExcel 실행 종료
[2022-09-23 11:57:54.243][I][AutoBaseFunction.py(wrapper):7] Screen.Setup_Field : setupUI_Field 실행 시작
[2022-09-23 11:57:54.243][I][AutoBaseFunction.py(wrapper):8] Parameter : 
[2022-09-23 11:57:54.244][I][AutoBaseFunction.py(wrapper):7] Screen.Setup_Field : set_data 실행 시작
[2022-09-23 11:57:54.244][I][AutoBaseFunction.py(wrapper):8] Parameter : 
[2022-09-23 11:57:54.244][I][AutoBaseFunction.py(wrapper):14] Screen.Setup_Field : set_data 실행 종료
[2022-09-23 11:57:54.485][I][AutoBaseFunction.py(wrapper):7] Screen.Setup_Field : set_data 실행 시작
[2022-09-23 11:57:54.485][I][AutoBaseFunction.py(wrapper):8] Parameter : 
[2022-09-23 11:57:54.486][I][AutoBaseFunction.py(wrapper):14] Screen.Setup_Field : set_data 실행 종료
[2022-09-23 11:57:54.486][I][AutoBaseFunction.py(wrapper):7] Screen.Setup_Field : set_data 실행 시작
[2022-09-23 11:57:54.486][I][AutoBaseFunction.py(wrapper):8] Parameter : 
[2022-09-23 11:57:54.487][I][AutoBaseFunction.py(wrapper):14] Screen.Setup_Field : set_data 실행 종료
[2022-09-23 11:57:54.487][I][AutoBaseFunction.py(wrapper):7] Screen.Setup_Field : set_data 실행 시작
[2022-09-23 11:57:54.487][I][AutoBaseFunction.py(wrapper):8] Parameter : 
[2022-09-23 11:57:54.488][I][AutoBaseFunction.py(wrapper):14] Screen.Setup_Field : set_data 실행 종료
[2022-09-23 11:57:54.488][I][AutoBaseFunction.py(wrapper):7] Screen.Setup_Field : set_data 실행 시작
[2022-09-23 11:57:54.488][I][AutoBaseFunction.py(wrapper):8] Parameter : 
[2022-09-23 11:57:54.489][I][AutoBaseFunction.py(wrapper):14] Screen.Setup_Field : set_data 실행 종료
[2022-09-23 11:57:54.489][I][AutoBaseFunction.py(wrapper):7] Screen.Setup_Field : set_data 실행 시작
[2022-09-23 11:57:54.489][I][AutoBaseFunction.py(wrapper):8] Parameter : 
[2022-09-23 11:57:54.490][I][AutoBaseFunction.py(wrapper):14] Screen.Setup_Field : set_data 실행 종료
[2022-09-23 11:57:54.490][I][AutoBaseFunction.py(wrapper):7] Screen.Setup_Field : sl_set_slot 실행 시작
[2022-09-23 11:57:54.490][I][AutoBaseFunction.py(wrapper):8] Parameter : 
[2022-09-23 11:57:54.490][I][AutoBaseFunction.py(wrapper):14] Screen.Setup_Field : sl_set_slot 실행 종료
[2022-09-23 11:57:54.491][I][AutoBaseFunction.py(wrapper):14] Screen.Setup_Field : setupUI_Field 실행 종료
[2022-09-23 11:57:54.491][I][AutoBaseFunction.py(wrapper):7] Screen.Setup_TestList : setupUI_TestList 실행 시작
[2022-09-23 11:57:54.491][I][AutoBaseFunction.py(wrapper):8] Parameter : 
[2022-09-23 11:57:54.492][I][AutoBaseFunction.py(wrapper):7] Screen.Setup_TestList : btn_set_slot 실행 시작
[2022-09-23 11:57:54.492][I][AutoBaseFunction.py(wrapper):8] Parameter : 
[2022-09-23 11:57:54.492][I][AutoBaseFunction.py(wrapper):14] Screen.Setup_TestList : btn_set_slot 실행 종료
[2022-09-23 11:57:54.493][I][AutoBaseFunction.py(wrapper):14] Screen.Setup_TestList : setupUI_TestList 실행 종료
[2022-09-23 11:57:54.493][I][AutoBaseFunction.py(wrapper):14] __main__ : __wigets_setupUi 실행 종료
[2022-09-23 11:57:55.301][I][AutoBaseFunction.py(wrapper):7] Screen.MainWindow : update_open_menu 실행 시작
[2022-09-23 11:57:55.302][I][AutoBaseFunction.py(wrapper):8] Parameter : 
[2022-09-23 11:57:55.304][I][AutoBaseFunction.py(wrapper):14] Screen.MainWindow : update_open_menu 실행 종료
[2022-09-23 11:57:56.475][I][AutoBaseFunction.py(wrapper):7] Screen.MainWindow : show_imgList 실행 시작
[2022-09-23 11:57:56.476][I][AutoBaseFunction.py(wrapper):8] Parameter : ('한국어', 'D:/test/TestList_CSV/2022_skillup'), True
[2022-09-23 11:57:56.493][I][AutoBaseFunction.py(wrapper):7] Screen.MainWindow : qbutton_clicked 실행 시작
[2022-09-23 11:57:56.493][I][AutoBaseFunction.py(wrapper):8] Parameter : False, 0, <Screen.MainWindow.QPushButtonIcon object at 0x000001FF3225EC18>
[2022-09-23 11:57:56.505][I][AutoBaseFunction.py(wrapper):14] Screen.MainWindow : qbutton_clicked 실행 종료
[2022-09-23 11:57:56.506][I][AutoBaseFunction.py(wrapper):14] Screen.MainWindow : show_imgList 실행 종료
[2022-09-23 11:58:16.840][I][AutoBaseFunction.py(wrapper):7] Screen.MainWindow : closeEvent 실행 시작
[2022-09-23 11:58:16.841][I][AutoBaseFunction.py(wrapper):8] Parameter : <PyQt5.QtGui.QCloseEvent object at 0x000001FF32294AF8>
