[2022-09-22 09:52:26.764][D][LogManager.py(Init):12] LogManager Init function called !!!
[2022-09-22 09:52:26.778][I][AutoBaseFunction.py(wrapper):7] Screen.MainWindow : setupUi 실행 시작
[2022-09-22 09:52:26.779][I][AutoBaseFunction.py(wrapper):8] Parameter : 
[2022-09-22 09:52:26.797][I][AutoBaseFunction.py(wrapper):7] Screen.MainWindow : set_field 실행 시작
[2022-09-22 09:52:26.798][I][AutoBaseFunction.py(wrapper):8] Parameter : 
[2022-09-22 09:52:26.828][I][AutoBaseFunction.py(wrapper):14] Screen.MainWindow : set_field 실행 종료
[2022-09-22 09:52:26.829][I][AutoBaseFunction.py(wrapper):7] Screen.MainWindow : setWidget_func 실행 시작
[2022-09-22 09:52:26.829][I][AutoBaseFunction.py(wrapper):8] Parameter : 
[2022-09-22 09:52:26.831][I][AutoBaseFunction.py(wrapper):14] Screen.MainWindow : setWidget_func 실행 종료
[2022-09-22 09:52:26.833][I][AutoBaseFunction.py(wrapper):14] Screen.MainWindow : setupUi 실행 종료
[2022-09-22 09:52:26.839][I][AutoBaseFunction.py(wrapper):7] __main__ : __set_slot 실행 시작
[2022-09-22 09:52:26.840][I][AutoBaseFunction.py(wrapper):8] Parameter : 
[2022-09-22 09:52:26.840][I][AutoBaseFunction.py(wrapper):14] __main__ : __set_slot 실행 종료
[2022-09-22 09:52:26.840][I][AutoBaseFunction.py(wrapper):7] __main__ : __wigets_setupUi 실행 시작
[2022-09-22 09:52:26.841][I][AutoBaseFunction.py(wrapper):8] Parameter : 
[2022-09-22 09:52:26.841][I][AutoBaseFunction.py(wrapper):7] Screen.Setup_Language : setupUI_Language 실행 시작
[2022-09-22 09:52:26.841][I][AutoBaseFunction.py(wrapper):8] Parameter : 
[2022-09-22 09:52:26.842][I][AutoBaseFunction.py(wrapper):7] Screen.Setup_Language : sl_set_slot 실행 시작
[2022-09-22 09:52:26.842][I][AutoBaseFunction.py(wrapper):8] Parameter : 
[2022-09-22 09:52:26.842][I][AutoBaseFunction.py(wrapper):14] Screen.Setup_Language : sl_set_slot 실행 종료
[2022-09-22 09:52:26.842][I][AutoBaseFunction.py(wrapper):14] Screen.Setup_Language : setupUI_Language 실행 종료
[2022-09-22 09:52:26.843][I][AutoBaseFunction.py(wrapper):7] Screen.Menu_CreateExcel : setupUI_CreateExcel 실행 시작
[2022-09-22 09:52:26.843][I][AutoBaseFunction.py(wrapper):8] Parameter : 
[2022-09-22 09:52:26.844][I][AutoBaseFunction.py(wrapper):7] Screen.Menu_CreateExcel : new_excel_func 실행 시작
[2022-09-22 09:52:26.844][I][AutoBaseFunction.py(wrapper):8] Parameter : 
[2022-09-22 09:52:26.844][I][AutoBaseFunction.py(wrapper):14] Screen.Menu_CreateExcel : new_excel_func 실행 종료
[2022-09-22 09:52:26.844][I][AutoBaseFunction.py(wrapper):7] Screen.Menu_CreateExcel : set_excel_func 실행 시작
[2022-09-22 09:52:26.844][I][AutoBaseFunction.py(wrapper):8] Parameter : 
[2022-09-22 09:52:26.845][I][AutoBaseFunction.py(wrapper):14] Screen.Menu_CreateExcel : set_excel_func 실행 종료
[2022-09-22 09:52:26.845][I][AutoBaseFunction.py(wrapper):14] Screen.Menu_CreateExcel : setupUI_CreateExcel 실행 종료
[2022-09-22 09:52:26.846][I][AutoBaseFunction.py(wrapper):7] Screen.Setup_Field : setupUI_Field 실행 시작
[2022-09-22 09:52:26.846][I][AutoBaseFunction.py(wrapper):8] Parameter : 
[2022-09-22 09:52:26.847][I][AutoBaseFunction.py(wrapper):7] Screen.Setup_Field : set_data 실행 시작
[2022-09-22 09:52:26.847][I][AutoBaseFunction.py(wrapper):8] Parameter : 
[2022-09-22 09:52:26.847][I][AutoBaseFunction.py(wrapper):14] Screen.Setup_Field : set_data 실행 종료
[2022-09-22 09:52:27.085][I][AutoBaseFunction.py(wrapper):7] Screen.Setup_Field : set_data 실행 시작
[2022-09-22 09:52:27.085][I][AutoBaseFunction.py(wrapper):8] Parameter : 
[2022-09-22 09:52:27.085][I][AutoBaseFunction.py(wrapper):14] Screen.Setup_Field : set_data 실행 종료
[2022-09-22 09:52:27.086][I][AutoBaseFunction.py(wrapper):7] Screen.Setup_Field : set_data 실행 시작
[2022-09-22 09:52:27.086][I][AutoBaseFunction.py(wrapper):8] Parameter : 
[2022-09-22 09:52:27.087][I][AutoBaseFunction.py(wrapper):14] Screen.Setup_Field : set_data 실행 종료
[2022-09-22 09:52:27.087][I][AutoBaseFunction.py(wrapper):7] Screen.Setup_Field : set_data 실행 시작
[2022-09-22 09:52:27.087][I][AutoBaseFunction.py(wrapper):8] Parameter : 
[2022-09-22 09:52:27.087][I][AutoBaseFunction.py(wrapper):14] Screen.Setup_Field : set_data 실행 종료
[2022-09-22 09:52:27.088][I][AutoBaseFunction.py(wrapper):7] Screen.Setup_Field : set_data 실행 시작
[2022-09-22 09:52:27.088][I][AutoBaseFunction.py(wrapper):8] Parameter : 
[2022-09-22 09:52:27.088][I][AutoBaseFunction.py(wrapper):14] Screen.Setup_Field : set_data 실행 종료
[2022-09-22 09:52:27.088][I][AutoBaseFunction.py(wrapper):7] Screen.Setup_Field : set_data 실행 시작
[2022-09-22 09:52:27.089][I][AutoBaseFunction.py(wrapper):8] Parameter : 
[2022-09-22 09:52:27.089][I][AutoBaseFunction.py(wrapper):14] Screen.Setup_Field : set_data 실행 종료
[2022-09-22 09:52:27.089][I][AutoBaseFunction.py(wrapper):7] Screen.Setup_Field : sl_set_slot 실행 시작
[2022-09-22 09:52:27.090][I][AutoBaseFunction.py(wrapper):8] Parameter : 
[2022-09-22 09:52:27.090][I][AutoBaseFunction.py(wrapper):14] Screen.Setup_Field : sl_set_slot 실행 종료
[2022-09-22 09:52:27.090][I][AutoBaseFunction.py(wrapper):14] Screen.Setup_Field : setupUI_Field 실행 종료
[2022-09-22 09:52:27.090][I][AutoBaseFunction.py(wrapper):7] Screen.Setup_TestList : setupUI_TestList 실행 시작
[2022-09-22 09:52:27.090][I][AutoBaseFunction.py(wrapper):8] Parameter : 
[2022-09-22 09:52:27.091][I][AutoBaseFunction.py(wrapper):7] Screen.Setup_TestList : btn_set_slot 실행 시작
[2022-09-22 09:52:27.091][I][AutoBaseFunction.py(wrapper):8] Parameter : 
[2022-09-22 09:52:27.092][I][AutoBaseFunction.py(wrapper):14] Screen.Setup_TestList : btn_set_slot 실행 종료
[2022-09-22 09:52:27.092][I][AutoBaseFunction.py(wrapper):14] Screen.Setup_TestList : setupUI_TestList 실행 종료
[2022-09-22 09:52:27.092][I][AutoBaseFunction.py(wrapper):14] __main__ : __wigets_setupUi 실행 종료
[2022-09-22 09:52:44.743][I][AutoBaseFunction.py(wrapper):7] Screen.MainWindow : closeEvent 실행 시작
[2022-09-22 09:52:44.744][I][AutoBaseFunction.py(wrapper):8] Parameter : <PyQt5.QtGui.QCloseEvent object at 0x000001817C67DA68>
