[2022-09-26 17:26:29.721][D][LogManager.py(Init):12] LogManager Init function called !!!
[2022-09-26 17:26:29.741][I][AutoBaseFunction.py(wrapper):7] Screen.MainWindow : setupUi 실행 시작
[2022-09-26 17:26:29.741][I][AutoBaseFunction.py(wrapper):8] Parameter : 
[2022-09-26 17:26:29.761][I][AutoBaseFunction.py(wrapper):7] Screen.MainWindow : set_field 실행 시작
[2022-09-26 17:26:29.761][I][AutoBaseFunction.py(wrapper):8] Parameter : 
[2022-09-26 17:26:29.799][I][AutoBaseFunction.py(wrapper):14] Screen.MainWindow : set_field 실행 종료
[2022-09-26 17:26:29.800][I][AutoBaseFunction.py(wrapper):7] Screen.MainWindow : setWidget_func 실행 시작
[2022-09-26 17:26:29.800][I][AutoBaseFunction.py(wrapper):8] Parameter : 
[2022-09-26 17:26:29.805][I][AutoBaseFunction.py(wrapper):14] Screen.MainWindow : setWidget_func 실행 종료
[2022-09-26 17:26:29.811][I][AutoBaseFunction.py(wrapper):14] Screen.MainWindow : setupUi 실행 종료
[2022-09-26 17:26:29.840][I][AutoBaseFunction.py(wrapper):7] __main__ : __set_slot 실행 시작
[2022-09-26 17:26:29.840][I][AutoBaseFunction.py(wrapper):8] Parameter : 
[2022-09-26 17:26:29.840][I][AutoBaseFunction.py(wrapper):14] __main__ : __set_slot 실행 종료
[2022-09-26 17:26:29.841][I][AutoBaseFunction.py(wrapper):7] __main__ : __wigets_setupUi 실행 시작
[2022-09-26 17:26:29.841][I][AutoBaseFunction.py(wrapper):8] Parameter : 
[2022-09-26 17:26:29.843][I][AutoBaseFunction.py(wrapper):7] Screen.Setup_Language : setupUI_Language 실행 시작
[2022-09-26 17:26:29.843][I][AutoBaseFunction.py(wrapper):8] Parameter : 
[2022-09-26 17:26:29.844][I][AutoBaseFunction.py(wrapper):7] Screen.Setup_Language : sl_set_slot 실행 시작
[2022-09-26 17:26:29.845][I][AutoBaseFunction.py(wrapper):8] Parameter : 
[2022-09-26 17:26:29.845][I][AutoBaseFunction.py(wrapper):14] Screen.Setup_Language : sl_set_slot 실행 종료
[2022-09-26 17:26:29.845][I][AutoBaseFunction.py(wrapper):14] Screen.Setup_Language : setupUI_Language 실행 종료
[2022-09-26 17:26:29.846][I][AutoBaseFunction.py(wrapper):7] Screen.Menu_CreateExcel : setupUI_CreateExcel 실행 시작
[2022-09-26 17:26:29.847][I][AutoBaseFunction.py(wrapper):8] Parameter : 
[2022-09-26 17:26:29.850][I][AutoBaseFunction.py(wrapper):7] Screen.Menu_CreateExcel : new_excel_func 실행 시작
[2022-09-26 17:26:29.850][I][AutoBaseFunction.py(wrapper):8] Parameter : 
[2022-09-26 17:26:29.851][I][AutoBaseFunction.py(wrapper):14] Screen.Menu_CreateExcel : new_excel_func 실행 종료
[2022-09-26 17:26:29.855][I][AutoBaseFunction.py(wrapper):7] Screen.Menu_CreateExcel : set_excel_func 실행 시작
[2022-09-26 17:26:29.856][I][AutoBaseFunction.py(wrapper):8] Parameter : 
[2022-09-26 17:26:29.860][I][AutoBaseFunction.py(wrapper):14] Screen.Menu_CreateExcel : set_excel_func 실행 종료
[2022-09-26 17:26:29.862][I][AutoBaseFunction.py(wrapper):14] Screen.Menu_CreateExcel : setupUI_CreateExcel 실행 종료
[2022-09-26 17:26:29.863][I][AutoBaseFunction.py(wrapper):7] Screen.Setup_Field : setupUI_Field 실행 시작
[2022-09-26 17:26:29.864][I][AutoBaseFunction.py(wrapper):8] Parameter : 
[2022-09-26 17:26:29.865][I][AutoBaseFunction.py(wrapper):7] Screen.Setup_Field : set_data 실행 시작
[2022-09-26 17:26:29.867][I][AutoBaseFunction.py(wrapper):8] Parameter : 
[2022-09-26 17:26:29.871][I][AutoBaseFunction.py(wrapper):14] Screen.Setup_Field : set_data 실행 종료
[2022-09-26 17:26:30.163][I][AutoBaseFunction.py(wrapper):7] Screen.Setup_Field : set_data 실행 시작
[2022-09-26 17:26:30.163][I][AutoBaseFunction.py(wrapper):8] Parameter : 
[2022-09-26 17:26:30.164][I][AutoBaseFunction.py(wrapper):14] Screen.Setup_Field : set_data 실행 종료
[2022-09-26 17:26:30.165][I][AutoBaseFunction.py(wrapper):7] Screen.Setup_Field : set_data 실행 시작
[2022-09-26 17:26:30.165][I][AutoBaseFunction.py(wrapper):8] Parameter : 
[2022-09-26 17:26:30.166][I][AutoBaseFunction.py(wrapper):14] Screen.Setup_Field : set_data 실행 종료
[2022-09-26 17:26:30.166][I][AutoBaseFunction.py(wrapper):7] Screen.Setup_Field : set_data 실행 시작
[2022-09-26 17:26:30.177][I][AutoBaseFunction.py(wrapper):8] Parameter : 
[2022-09-26 17:26:30.178][I][AutoBaseFunction.py(wrapper):14] Screen.Setup_Field : set_data 실행 종료
[2022-09-26 17:26:30.178][I][AutoBaseFunction.py(wrapper):7] Screen.Setup_Field : set_data 실행 시작
[2022-09-26 17:26:30.179][I][AutoBaseFunction.py(wrapper):8] Parameter : 
[2022-09-26 17:26:30.179][I][AutoBaseFunction.py(wrapper):14] Screen.Setup_Field : set_data 실행 종료
[2022-09-26 17:26:30.180][I][AutoBaseFunction.py(wrapper):7] Screen.Setup_Field : set_data 실행 시작
[2022-09-26 17:26:30.180][I][AutoBaseFunction.py(wrapper):8] Parameter : 
[2022-09-26 17:26:30.181][I][AutoBaseFunction.py(wrapper):14] Screen.Setup_Field : set_data 실행 종료
[2022-09-26 17:26:30.181][I][AutoBaseFunction.py(wrapper):7] Screen.Setup_Field : sl_set_slot 실행 시작
[2022-09-26 17:26:30.181][I][AutoBaseFunction.py(wrapper):8] Parameter : 
[2022-09-26 17:26:30.182][I][AutoBaseFunction.py(wrapper):14] Screen.Setup_Field : sl_set_slot 실행 종료
[2022-09-26 17:26:30.182][I][AutoBaseFunction.py(wrapper):14] Screen.Setup_Field : setupUI_Field 실행 종료
[2022-09-26 17:26:30.182][I][AutoBaseFunction.py(wrapper):7] Screen.Setup_TestList : setupUI_TestList 실행 시작
[2022-09-26 17:26:30.182][I][AutoBaseFunction.py(wrapper):8] Parameter : 
[2022-09-26 17:26:30.184][I][AutoBaseFunction.py(wrapper):7] Screen.Setup_TestList : btn_set_slot 실행 시작
[2022-09-26 17:26:30.184][I][AutoBaseFunction.py(wrapper):8] Parameter : 
[2022-09-26 17:26:30.185][I][AutoBaseFunction.py(wrapper):14] Screen.Setup_TestList : btn_set_slot 실행 종료
[2022-09-26 17:26:30.186][I][AutoBaseFunction.py(wrapper):14] Screen.Setup_TestList : setupUI_TestList 실행 종료
[2022-09-26 17:26:30.186][I][AutoBaseFunction.py(wrapper):14] __main__ : __wigets_setupUi 실행 종료
[2022-09-26 17:26:31.730][I][AutoBaseFunction.py(wrapper):7] __main__ : __sl_ui 실행 시작
[2022-09-26 17:26:31.731][I][AutoBaseFunction.py(wrapper):8] Parameter : False
[2022-09-26 17:26:31.731][I][AutoBaseFunction.py(wrapper):7] Screen.Setup_Language : setLang_Button 실행 시작
[2022-09-26 17:26:31.731][I][AutoBaseFunction.py(wrapper):8] Parameter : 
[2022-09-26 17:26:31.732][I][AutoBaseFunction.py(wrapper):14] Screen.Setup_Language : setLang_Button 실행 종료
[2022-09-26 17:26:31.742][I][AutoBaseFunction.py(wrapper):14] __main__ : __sl_ui 실행 종료
[2022-09-26 17:26:40.048][I][AutoBaseFunction.py(wrapper):7] Screen.Setup_Language : ok_Button_clicked 실행 시작
[2022-09-26 17:26:40.049][I][AutoBaseFunction.py(wrapper):8] Parameter : False
