[2022-09-26 16:34:16.271][D][LogManager.py(Init):12] LogManager Init function called !!!
[2022-09-26 16:34:16.285][I][AutoBaseFunction.py(wrapper):7] Screen.MainWindow : setupUi 실행 시작
[2022-09-26 16:34:16.285][I][AutoBaseFunction.py(wrapper):8] Parameter : 
[2022-09-26 16:34:16.308][I][AutoBaseFunction.py(wrapper):7] Screen.MainWindow : set_field 실행 시작
[2022-09-26 16:34:16.309][I][AutoBaseFunction.py(wrapper):8] Parameter : 
[2022-09-26 16:34:16.348][I][AutoBaseFunction.py(wrapper):14] Screen.MainWindow : set_field 실행 종료
[2022-09-26 16:34:16.348][I][AutoBaseFunction.py(wrapper):7] Screen.MainWindow : setWidget_func 실행 시작
[2022-09-26 16:34:16.348][I][AutoBaseFunction.py(wrapper):8] Parameter : 
[2022-09-26 16:34:16.351][I][AutoBaseFunction.py(wrapper):14] Screen.MainWindow : setWidget_func 실행 종료
[2022-09-26 16:34:16.353][I][AutoBaseFunction.py(wrapper):14] Screen.MainWindow : setupUi 실행 종료
[2022-09-26 16:34:16.372][I][AutoBaseFunction.py(wrapper):7] __main__ : __set_slot 실행 시작
[2022-09-26 16:34:16.372][I][AutoBaseFunction.py(wrapper):8] Parameter : 
[2022-09-26 16:34:16.373][I][AutoBaseFunction.py(wrapper):14] __main__ : __set_slot 실행 종료
[2022-09-26 16:34:16.373][I][AutoBaseFunction.py(wrapper):7] __main__ : __wigets_setupUi 실행 시작
[2022-09-26 16:34:16.373][I][AutoBaseFunction.py(wrapper):8] Parameter : 
[2022-09-26 16:34:16.373][I][AutoBaseFunction.py(wrapper):7] Screen.Setup_Language : setupUI_Language 실행 시작
[2022-09-26 16:34:16.374][I][AutoBaseFunction.py(wrapper):8] Parameter : 
[2022-09-26 16:34:16.374][I][AutoBaseFunction.py(wrapper):7] Screen.Setup_Language : sl_set_slot 실행 시작
[2022-09-26 16:34:16.375][I][AutoBaseFunction.py(wrapper):8] Parameter : 
[2022-09-26 16:34:16.375][I][AutoBaseFunction.py(wrapper):14] Screen.Setup_Language : sl_set_slot 실행 종료
[2022-09-26 16:34:16.375][I][AutoBaseFunction.py(wrapper):14] Screen.Setup_Language : setupUI_Language 실행 종료
[2022-09-26 16:34:16.375][I][AutoBaseFunction.py(wrapper):7] Screen.Menu_CreateExcel : setupUI_CreateExcel 실행 시작
[2022-09-26 16:34:16.376][I][AutoBaseFunction.py(wrapper):8] Parameter : 
[2022-09-26 16:34:16.376][I][AutoBaseFunction.py(wrapper):7] Screen.Menu_CreateExcel : new_excel_func 실행 시작
[2022-09-26 16:34:16.377][I][AutoBaseFunction.py(wrapper):8] Parameter : 
[2022-09-26 16:34:16.377][I][AutoBaseFunction.py(wrapper):14] Screen.Menu_CreateExcel : new_excel_func 실행 종료
[2022-09-26 16:34:16.377][I][AutoBaseFunction.py(wrapper):7] Screen.Menu_CreateExcel : set_excel_func 실행 시작
[2022-09-26 16:34:16.377][I][AutoBaseFunction.py(wrapper):8] Parameter : 
[2022-09-26 16:34:16.378][I][AutoBaseFunction.py(wrapper):14] Screen.Menu_CreateExcel : set_excel_func 실행 종료
[2022-09-26 16:34:16.378][I][AutoBaseFunction.py(wrapper):14] Screen.Menu_CreateExcel : setupUI_CreateExcel 실행 종료
[2022-09-26 16:34:16.378][I][AutoBaseFunction.py(wrapper):7] Screen.Setup_Field : setupUI_Field 실행 시작
[2022-09-26 16:34:16.378][I][AutoBaseFunction.py(wrapper):8] Parameter : 
[2022-09-26 16:34:16.379][I][AutoBaseFunction.py(wrapper):7] Screen.Setup_Field : set_data 실행 시작
[2022-09-26 16:34:16.380][I][AutoBaseFunction.py(wrapper):8] Parameter : 
[2022-09-26 16:34:16.380][I][AutoBaseFunction.py(wrapper):14] Screen.Setup_Field : set_data 실행 종료
[2022-09-26 16:34:16.616][I][AutoBaseFunction.py(wrapper):7] Screen.Setup_Field : set_data 실행 시작
[2022-09-26 16:34:16.616][I][AutoBaseFunction.py(wrapper):8] Parameter : 
[2022-09-26 16:34:16.617][I][AutoBaseFunction.py(wrapper):14] Screen.Setup_Field : set_data 실행 종료
[2022-09-26 16:34:16.617][I][AutoBaseFunction.py(wrapper):7] Screen.Setup_Field : set_data 실행 시작
[2022-09-26 16:34:16.617][I][AutoBaseFunction.py(wrapper):8] Parameter : 
[2022-09-26 16:34:16.618][I][AutoBaseFunction.py(wrapper):14] Screen.Setup_Field : set_data 실행 종료
[2022-09-26 16:34:16.618][I][AutoBaseFunction.py(wrapper):7] Screen.Setup_Field : set_data 실행 시작
[2022-09-26 16:34:16.618][I][AutoBaseFunction.py(wrapper):8] Parameter : 
[2022-09-26 16:34:16.619][I][AutoBaseFunction.py(wrapper):14] Screen.Setup_Field : set_data 실행 종료
[2022-09-26 16:34:16.619][I][AutoBaseFunction.py(wrapper):7] Screen.Setup_Field : set_data 실행 시작
[2022-09-26 16:34:16.619][I][AutoBaseFunction.py(wrapper):8] Parameter : 
[2022-09-26 16:34:16.620][I][AutoBaseFunction.py(wrapper):14] Screen.Setup_Field : set_data 실행 종료
[2022-09-26 16:34:16.620][I][AutoBaseFunction.py(wrapper):7] Screen.Setup_Field : set_data 실행 시작
[2022-09-26 16:34:16.620][I][AutoBaseFunction.py(wrapper):8] Parameter : 
[2022-09-26 16:34:16.620][I][AutoBaseFunction.py(wrapper):14] Screen.Setup_Field : set_data 실행 종료
[2022-09-26 16:34:16.621][I][AutoBaseFunction.py(wrapper):7] Screen.Setup_Field : sl_set_slot 실행 시작
[2022-09-26 16:34:16.621][I][AutoBaseFunction.py(wrapper):8] Parameter : 
[2022-09-26 16:34:16.621][I][AutoBaseFunction.py(wrapper):14] Screen.Setup_Field : sl_set_slot 실행 종료
[2022-09-26 16:34:16.621][I][AutoBaseFunction.py(wrapper):14] Screen.Setup_Field : setupUI_Field 실행 종료
[2022-09-26 16:34:16.621][I][AutoBaseFunction.py(wrapper):7] Screen.Setup_TestList : setupUI_TestList 실행 시작
[2022-09-26 16:34:16.621][I][AutoBaseFunction.py(wrapper):8] Parameter : 
[2022-09-26 16:34:16.623][I][AutoBaseFunction.py(wrapper):7] Screen.Setup_TestList : btn_set_slot 실행 시작
[2022-09-26 16:34:16.624][I][AutoBaseFunction.py(wrapper):8] Parameter : 
[2022-09-26 16:34:16.624][I][AutoBaseFunction.py(wrapper):14] Screen.Setup_TestList : btn_set_slot 실행 종료
[2022-09-26 16:34:16.625][I][AutoBaseFunction.py(wrapper):14] Screen.Setup_TestList : setupUI_TestList 실행 종료
[2022-09-26 16:34:16.625][I][AutoBaseFunction.py(wrapper):14] __main__ : __wigets_setupUi 실행 종료
[2022-09-26 16:34:19.267][I][AutoBaseFunction.py(wrapper):7] __main__ : __sl_ui 실행 시작
[2022-09-26 16:34:19.267][I][AutoBaseFunction.py(wrapper):8] Parameter : False
[2022-09-26 16:34:19.268][I][AutoBaseFunction.py(wrapper):7] Screen.Setup_Language : setLang_Button 실행 시작
[2022-09-26 16:34:19.268][I][AutoBaseFunction.py(wrapper):8] Parameter : 
[2022-09-26 16:34:19.269][I][AutoBaseFunction.py(wrapper):14] Screen.Setup_Language : setLang_Button 실행 종료
[2022-09-26 16:34:19.282][I][AutoBaseFunction.py(wrapper):14] __main__ : __sl_ui 실행 종료
[2022-09-26 16:34:35.458][I][AutoBaseFunction.py(wrapper):7] Screen.Setup_Language : ok_Button_clicked 실행 시작
[2022-09-26 16:34:35.458][I][AutoBaseFunction.py(wrapper):8] Parameter : False
