[2022-09-26 15:52:33.189][D][LogManager.py(Init):12] LogManager Init function called !!!
[2022-09-26 15:52:33.204][I][AutoBaseFunction.py(wrapper):7] Screen.MainWindow : setupUi 실행 시작
[2022-09-26 15:52:33.204][I][AutoBaseFunction.py(wrapper):8] Parameter : 
[2022-09-26 15:52:33.221][I][AutoBaseFunction.py(wrapper):7] Screen.MainWindow : set_field 실행 시작
[2022-09-26 15:52:33.222][I][AutoBaseFunction.py(wrapper):8] Parameter : 
[2022-09-26 15:52:33.250][I][AutoBaseFunction.py(wrapper):14] Screen.MainWindow : set_field 실행 종료
[2022-09-26 15:52:33.250][I][AutoBaseFunction.py(wrapper):7] Screen.MainWindow : setWidget_func 실행 시작
[2022-09-26 15:52:33.251][I][AutoBaseFunction.py(wrapper):8] Parameter : 
[2022-09-26 15:52:33.253][I][AutoBaseFunction.py(wrapper):14] Screen.MainWindow : setWidget_func 실행 종료
[2022-09-26 15:52:33.255][I][AutoBaseFunction.py(wrapper):14] Screen.MainWindow : setupUi 실행 종료
[2022-09-26 15:52:33.268][I][AutoBaseFunction.py(wrapper):7] __main__ : __set_slot 실행 시작
[2022-09-26 15:52:33.269][I][AutoBaseFunction.py(wrapper):8] Parameter : 
[2022-09-26 15:52:33.269][I][AutoBaseFunction.py(wrapper):14] __main__ : __set_slot 실행 종료
[2022-09-26 15:52:33.269][I][AutoBaseFunction.py(wrapper):7] __main__ : __wigets_setupUi 실행 시작
[2022-09-26 15:52:33.270][I][AutoBaseFunction.py(wrapper):8] Parameter : 
[2022-09-26 15:52:33.270][I][AutoBaseFunction.py(wrapper):7] Screen.Setup_Language : setupUI_Language 실행 시작
[2022-09-26 15:52:33.270][I][AutoBaseFunction.py(wrapper):8] Parameter : 
[2022-09-26 15:52:33.271][I][AutoBaseFunction.py(wrapper):7] Screen.Setup_Language : sl_set_slot 실행 시작
[2022-09-26 15:52:33.271][I][AutoBaseFunction.py(wrapper):8] Parameter : 
[2022-09-26 15:52:33.272][I][AutoBaseFunction.py(wrapper):14] Screen.Setup_Language : sl_set_slot 실행 종료
[2022-09-26 15:52:33.272][I][AutoBaseFunction.py(wrapper):14] Screen.Setup_Language : setupUI_Language 실행 종료
[2022-09-26 15:52:33.272][I][AutoBaseFunction.py(wrapper):7] Screen.Menu_CreateExcel : setupUI_CreateExcel 실행 시작
[2022-09-26 15:52:33.272][I][AutoBaseFunction.py(wrapper):8] Parameter : 
[2022-09-26 15:52:33.273][I][AutoBaseFunction.py(wrapper):7] Screen.Menu_CreateExcel : new_excel_func 실행 시작
[2022-09-26 15:52:33.273][I][AutoBaseFunction.py(wrapper):8] Parameter : 
