[2022-09-22 09:20:08.490][D][LogManager.py(Init):12] LogManager Init function called !!!
[2022-09-22 09:20:08.503][I][AutoBaseFunction.py(wrapper):7] Screen.MainWindow : setupUi 실행 시작
[2022-09-22 09:20:08.504][I][AutoBaseFunction.py(wrapper):8] Parameter : 
[2022-09-22 09:20:08.520][I][AutoBaseFunction.py(wrapper):7] Screen.MainWindow : set_field 실행 시작
[2022-09-22 09:20:08.521][I][AutoBaseFunction.py(wrapper):8] Parameter : 
[2022-09-22 09:20:08.551][I][AutoBaseFunction.py(wrapper):14] Screen.MainWindow : set_field 실행 종료
[2022-09-22 09:20:08.552][I][AutoBaseFunction.py(wrapper):7] Screen.MainWindow : setWidget_func 실행 시작
[2022-09-22 09:20:08.552][I][AutoBaseFunction.py(wrapper):8] Parameter : 
[2022-09-22 09:20:08.554][I][AutoBaseFunction.py(wrapper):14] Screen.MainWindow : setWidget_func 실행 종료
[2022-09-22 09:20:08.556][I][AutoBaseFunction.py(wrapper):14] Screen.MainWindow : setupUi 실행 종료
[2022-09-22 09:20:08.562][I][AutoBaseFunction.py(wrapper):7] __main__ : __set_slot 실행 시작
[2022-09-22 09:20:08.563][I][AutoBaseFunction.py(wrapper):8] Parameter : 
[2022-09-22 09:20:08.563][I][AutoBaseFunction.py(wrapper):14] __main__ : __set_slot 실행 종료
[2022-09-22 09:20:08.564][I][AutoBaseFunction.py(wrapper):7] __main__ : __wigets_setupUi 실행 시작
[2022-09-22 09:20:08.564][I][AutoBaseFunction.py(wrapper):8] Parameter : 
[2022-09-22 09:20:08.564][I][AutoBaseFunction.py(wrapper):7] Screen.Setup_Language : setupUI_Language 실행 시작
[2022-09-22 09:20:08.564][I][AutoBaseFunction.py(wrapper):8] Parameter : 
[2022-09-22 09:20:08.565][I][AutoBaseFunction.py(wrapper):7] Screen.Setup_Language : sl_set_slot 실행 시작
[2022-09-22 09:20:08.565][I][AutoBaseFunction.py(wrapper):8] Parameter : 
[2022-09-22 09:20:08.565][I][AutoBaseFunction.py(wrapper):14] Screen.Setup_Language : sl_set_slot 실행 종료
[2022-09-22 09:20:08.566][I][AutoBaseFunction.py(wrapper):14] Screen.Setup_Language : setupUI_Language 실행 종료
[2022-09-22 09:20:08.566][I][AutoBaseFunction.py(wrapper):7] Screen.Menu_CreateExcel : setupUI_CreateExcel 실행 시작
[2022-09-22 09:20:08.566][I][AutoBaseFunction.py(wrapper):8] Parameter : 
[2022-09-22 09:20:08.567][I][AutoBaseFunction.py(wrapper):7] Screen.Menu_CreateExcel : new_excel_func 실행 시작
[2022-09-22 09:20:08.567][I][AutoBaseFunction.py(wrapper):8] Parameter : 
[2022-09-22 09:20:08.567][I][AutoBaseFunction.py(wrapper):14] Screen.Menu_CreateExcel : new_excel_func 실행 종료
[2022-09-22 09:20:08.568][I][AutoBaseFunction.py(wrapper):7] Screen.Menu_CreateExcel : set_excel_func 실행 시작
[2022-09-22 09:20:08.568][I][AutoBaseFunction.py(wrapper):8] Parameter : 
[2022-09-22 09:20:08.568][I][AutoBaseFunction.py(wrapper):14] Screen.Menu_CreateExcel : set_excel_func 실행 종료
[2022-09-22 09:20:08.569][I][AutoBaseFunction.py(wrapper):14] Screen.Menu_CreateExcel : setupUI_CreateExcel 실행 종료
[2022-09-22 09:20:08.569][I][AutoBaseFunction.py(wrapper):7] Screen.Setup_Field : setupUI_Field 실행 시작
[2022-09-22 09:20:08.569][I][AutoBaseFunction.py(wrapper):8] Parameter : 
[2022-09-22 09:20:08.570][I][AutoBaseFunction.py(wrapper):7] Screen.Setup_Field : set_data 실행 시작
[2022-09-22 09:20:08.570][I][AutoBaseFunction.py(wrapper):8] Parameter : 
[2022-09-22 09:20:08.570][I][AutoBaseFunction.py(wrapper):14] Screen.Setup_Field : set_data 실행 종료
[2022-09-22 09:20:08.799][I][AutoBaseFunction.py(wrapper):7] Screen.Setup_Field : set_data 실행 시작
[2022-09-22 09:20:08.800][I][AutoBaseFunction.py(wrapper):8] Parameter : 
[2022-09-22 09:20:08.800][I][AutoBaseFunction.py(wrapper):14] Screen.Setup_Field : set_data 실행 종료
[2022-09-22 09:20:08.801][I][AutoBaseFunction.py(wrapper):7] Screen.Setup_Field : set_data 실행 시작
[2022-09-22 09:20:08.801][I][AutoBaseFunction.py(wrapper):8] Parameter : 
[2022-09-22 09:20:08.802][I][AutoBaseFunction.py(wrapper):14] Screen.Setup_Field : set_data 실행 종료
[2022-09-22 09:20:08.802][I][AutoBaseFunction.py(wrapper):7] Screen.Setup_Field : set_data 실행 시작
[2022-09-22 09:20:08.802][I][AutoBaseFunction.py(wrapper):8] Parameter : 
[2022-09-22 09:20:08.803][I][AutoBaseFunction.py(wrapper):14] Screen.Setup_Field : set_data 실행 종료
[2022-09-22 09:20:08.803][I][AutoBaseFunction.py(wrapper):7] Screen.Setup_Field : set_data 실행 시작
[2022-09-22 09:20:08.804][I][AutoBaseFunction.py(wrapper):8] Parameter : 
[2022-09-22 09:20:08.804][I][AutoBaseFunction.py(wrapper):14] Screen.Setup_Field : set_data 실행 종료
[2022-09-22 09:20:08.804][I][AutoBaseFunction.py(wrapper):7] Screen.Setup_Field : set_data 실행 시작
[2022-09-22 09:20:08.804][I][AutoBaseFunction.py(wrapper):8] Parameter : 
[2022-09-22 09:20:08.805][I][AutoBaseFunction.py(wrapper):14] Screen.Setup_Field : set_data 실행 종료
[2022-09-22 09:20:08.805][I][AutoBaseFunction.py(wrapper):7] Screen.Setup_Field : sl_set_slot 실행 시작
[2022-09-22 09:20:08.805][I][AutoBaseFunction.py(wrapper):8] Parameter : 
[2022-09-22 09:20:08.805][I][AutoBaseFunction.py(wrapper):14] Screen.Setup_Field : sl_set_slot 실행 종료
[2022-09-22 09:20:08.806][I][AutoBaseFunction.py(wrapper):14] Screen.Setup_Field : setupUI_Field 실행 종료
[2022-09-22 09:20:08.806][I][AutoBaseFunction.py(wrapper):7] Screen.Setup_TestList : setupUI_TestList 실행 시작
[2022-09-22 09:20:08.806][I][AutoBaseFunction.py(wrapper):8] Parameter : 
[2022-09-22 09:20:08.808][I][AutoBaseFunction.py(wrapper):7] Screen.Setup_TestList : btn_set_slot 실행 시작
[2022-09-22 09:20:08.808][I][AutoBaseFunction.py(wrapper):8] Parameter : 
[2022-09-22 09:20:08.809][I][AutoBaseFunction.py(wrapper):14] Screen.Setup_TestList : btn_set_slot 실행 종료
[2022-09-22 09:20:08.809][I][AutoBaseFunction.py(wrapper):14] Screen.Setup_TestList : setupUI_TestList 실행 종료
[2022-09-22 09:20:08.809][I][AutoBaseFunction.py(wrapper):14] __main__ : __wigets_setupUi 실행 종료
[2022-09-22 09:20:16.981][I][AutoBaseFunction.py(wrapper):7] Screen.MainWindow : closeEvent 실행 시작
[2022-09-22 09:20:16.982][I][AutoBaseFunction.py(wrapper):8] Parameter : <PyQt5.QtGui.QCloseEvent object at 0x000001AF8EB2DA68>
