[2022-09-23 17:26:50.780][D][LogManager.py(Init):12] LogManager Init function called !!!
[2022-09-23 17:26:50.791][I][AutoBaseFunction.py(wrapper):7] Screen.MainWindow : setupUi 실행 시작
[2022-09-23 17:26:50.792][I][AutoBaseFunction.py(wrapper):8] Parameter : 
[2022-09-23 17:26:50.808][I][AutoBaseFunction.py(wrapper):7] Screen.MainWindow : set_field 실행 시작
[2022-09-23 17:26:50.809][I][AutoBaseFunction.py(wrapper):8] Parameter : 
[2022-09-23 17:26:50.838][I][AutoBaseFunction.py(wrapper):14] Screen.MainWindow : set_field 실행 종료
[2022-09-23 17:26:50.838][I][AutoBaseFunction.py(wrapper):7] Screen.MainWindow : setWidget_func 실행 시작
[2022-09-23 17:26:50.838][I][AutoBaseFunction.py(wrapper):8] Parameter : 
[2022-09-23 17:26:50.840][I][AutoBaseFunction.py(wrapper):14] Screen.MainWindow : setWidget_func 실행 종료
[2022-09-23 17:26:50.843][I][AutoBaseFunction.py(wrapper):14] Screen.MainWindow : setupUi 실행 종료
[2022-09-23 17:26:50.851][I][AutoBaseFunction.py(wrapper):7] __main__ : __set_slot 실행 시작
[2022-09-23 17:26:50.852][I][AutoBaseFunction.py(wrapper):8] Parameter : 
[2022-09-23 17:26:50.853][I][AutoBaseFunction.py(wrapper):14] __main__ : __set_slot 실행 종료
[2022-09-23 17:26:50.853][I][AutoBaseFunction.py(wrapper):7] __main__ : __wigets_setupUi 실행 시작
[2022-09-23 17:26:50.853][I][AutoBaseFunction.py(wrapper):8] Parameter : 
[2022-09-23 17:26:50.854][I][AutoBaseFunction.py(wrapper):7] Screen.Setup_Language : setupUI_Language 실행 시작
[2022-09-23 17:26:50.854][I][AutoBaseFunction.py(wrapper):8] Parameter : 
[2022-09-23 17:26:50.854][I][AutoBaseFunction.py(wrapper):7] Screen.Setup_Language : sl_set_slot 실행 시작
[2022-09-23 17:26:50.855][I][AutoBaseFunction.py(wrapper):8] Parameter : 
[2022-09-23 17:26:50.855][I][AutoBaseFunction.py(wrapper):14] Screen.Setup_Language : sl_set_slot 실행 종료
[2022-09-23 17:26:50.856][I][AutoBaseFunction.py(wrapper):14] Screen.Setup_Language : setupUI_Language 실행 종료
[2022-09-23 17:26:50.856][I][AutoBaseFunction.py(wrapper):7] Screen.Menu_CreateExcel : setupUI_CreateExcel 실행 시작
[2022-09-23 17:26:50.856][I][AutoBaseFunction.py(wrapper):8] Parameter : 
[2022-09-23 17:26:50.857][I][AutoBaseFunction.py(wrapper):7] Screen.Menu_CreateExcel : new_excel_func 실행 시작
[2022-09-23 17:26:50.857][I][AutoBaseFunction.py(wrapper):8] Parameter : 
[2022-09-23 17:26:50.858][I][AutoBaseFunction.py(wrapper):14] Screen.Menu_CreateExcel : new_excel_func 실행 종료
[2022-09-23 17:26:50.858][I][AutoBaseFunction.py(wrapper):7] Screen.Menu_CreateExcel : set_excel_func 실행 시작
[2022-09-23 17:26:50.858][I][AutoBaseFunction.py(wrapper):8] Parameter : 
[2022-09-23 17:26:50.859][I][AutoBaseFunction.py(wrapper):14] Screen.Menu_CreateExcel : set_excel_func 실행 종료
[2022-09-23 17:26:50.859][I][AutoBaseFunction.py(wrapper):14] Screen.Menu_CreateExcel : setupUI_CreateExcel 실행 종료
[2022-09-23 17:26:50.859][I][AutoBaseFunction.py(wrapper):7] Screen.Setup_Field : setupUI_Field 실행 시작
[2022-09-23 17:26:50.859][I][AutoBaseFunction.py(wrapper):8] Parameter : 
[2022-09-23 17:26:50.860][I][AutoBaseFunction.py(wrapper):7] Screen.Setup_Field : set_data 실행 시작
[2022-09-23 17:26:50.860][I][AutoBaseFunction.py(wrapper):8] Parameter : 
[2022-09-23 17:26:50.861][I][AutoBaseFunction.py(wrapper):14] Screen.Setup_Field : set_data 실행 종료
[2022-09-23 17:26:51.112][I][AutoBaseFunction.py(wrapper):7] Screen.Setup_Field : set_data 실행 시작
[2022-09-23 17:26:51.112][I][AutoBaseFunction.py(wrapper):8] Parameter : 
[2022-09-23 17:26:51.113][I][AutoBaseFunction.py(wrapper):14] Screen.Setup_Field : set_data 실행 종료
[2022-09-23 17:26:51.113][I][AutoBaseFunction.py(wrapper):7] Screen.Setup_Field : set_data 실행 시작
[2022-09-23 17:26:51.113][I][AutoBaseFunction.py(wrapper):8] Parameter : 
[2022-09-23 17:26:51.114][I][AutoBaseFunction.py(wrapper):14] Screen.Setup_Field : set_data 실행 종료
[2022-09-23 17:26:51.114][I][AutoBaseFunction.py(wrapper):7] Screen.Setup_Field : set_data 실행 시작
[2022-09-23 17:26:51.115][I][AutoBaseFunction.py(wrapper):8] Parameter : 
[2022-09-23 17:26:51.115][I][AutoBaseFunction.py(wrapper):14] Screen.Setup_Field : set_data 실행 종료
[2022-09-23 17:26:51.116][I][AutoBaseFunction.py(wrapper):7] Screen.Setup_Field : set_data 실행 시작
[2022-09-23 17:26:51.116][I][AutoBaseFunction.py(wrapper):8] Parameter : 
[2022-09-23 17:26:51.117][I][AutoBaseFunction.py(wrapper):14] Screen.Setup_Field : set_data 실행 종료
[2022-09-23 17:26:51.117][I][AutoBaseFunction.py(wrapper):7] Screen.Setup_Field : set_data 실행 시작
[2022-09-23 17:26:51.117][I][AutoBaseFunction.py(wrapper):8] Parameter : 
[2022-09-23 17:26:51.117][I][AutoBaseFunction.py(wrapper):14] Screen.Setup_Field : set_data 실행 종료
[2022-09-23 17:26:51.118][I][AutoBaseFunction.py(wrapper):7] Screen.Setup_Field : sl_set_slot 실행 시작
[2022-09-23 17:26:51.118][I][AutoBaseFunction.py(wrapper):8] Parameter : 
[2022-09-23 17:26:51.118][I][AutoBaseFunction.py(wrapper):14] Screen.Setup_Field : sl_set_slot 실행 종료
[2022-09-23 17:26:51.118][I][AutoBaseFunction.py(wrapper):14] Screen.Setup_Field : setupUI_Field 실행 종료
[2022-09-23 17:26:51.119][I][AutoBaseFunction.py(wrapper):7] Screen.Setup_TestList : setupUI_TestList 실행 시작
[2022-09-23 17:26:51.119][I][AutoBaseFunction.py(wrapper):8] Parameter : 
[2022-09-23 17:26:51.120][I][AutoBaseFunction.py(wrapper):7] Screen.Setup_TestList : btn_set_slot 실행 시작
[2022-09-23 17:26:51.120][I][AutoBaseFunction.py(wrapper):8] Parameter : 
[2022-09-23 17:26:51.120][I][AutoBaseFunction.py(wrapper):14] Screen.Setup_TestList : btn_set_slot 실행 종료
[2022-09-23 17:26:51.121][I][AutoBaseFunction.py(wrapper):14] Screen.Setup_TestList : setupUI_TestList 실행 종료
[2022-09-23 17:26:51.121][I][AutoBaseFunction.py(wrapper):14] __main__ : __wigets_setupUi 실행 종료
[2022-09-23 17:26:52.215][I][AutoBaseFunction.py(wrapper):7] __main__ : __sl_ui 실행 시작
[2022-09-23 17:26:52.216][I][AutoBaseFunction.py(wrapper):8] Parameter : False
[2022-09-23 17:26:52.216][I][AutoBaseFunction.py(wrapper):7] Screen.Setup_Language : setLang_Button 실행 시작
[2022-09-23 17:26:52.217][I][AutoBaseFunction.py(wrapper):8] Parameter : 
[2022-09-23 17:26:52.218][I][AutoBaseFunction.py(wrapper):14] Screen.Setup_Language : setLang_Button 실행 종료
[2022-09-23 17:26:52.230][I][AutoBaseFunction.py(wrapper):14] __main__ : __sl_ui 실행 종료
[2022-09-23 17:26:53.206][I][AutoBaseFunction.py(wrapper):7] Screen.Setup_Language : ok_Button_clicked 실행 시작
[2022-09-23 17:26:53.206][I][AutoBaseFunction.py(wrapper):8] Parameter : False
