[2022-09-22 10:18:30.971][D][LogManager.py(Init):12] LogManager Init function called !!!
[2022-09-22 10:18:30.983][I][AutoBaseFunction.py(wrapper):7] Screen.MainWindow : setupUi 실행 시작
[2022-09-22 10:18:30.983][I][AutoBaseFunction.py(wrapper):8] Parameter : 
[2022-09-22 10:18:30.997][I][AutoBaseFunction.py(wrapper):7] Screen.MainWindow : set_field 실행 시작
[2022-09-22 10:18:30.998][I][AutoBaseFunction.py(wrapper):8] Parameter : 
[2022-09-22 10:18:31.025][I][AutoBaseFunction.py(wrapper):14] Screen.MainWindow : set_field 실행 종료
[2022-09-22 10:18:31.025][I][AutoBaseFunction.py(wrapper):7] Screen.MainWindow : setWidget_func 실행 시작
[2022-09-22 10:18:31.026][I][AutoBaseFunction.py(wrapper):8] Parameter : 
[2022-09-22 10:18:31.027][I][AutoBaseFunction.py(wrapper):14] Screen.MainWindow : setWidget_func 실행 종료
[2022-09-22 10:18:31.029][I][AutoBaseFunction.py(wrapper):14] Screen.MainWindow : setupUi 실행 종료
[2022-09-22 10:18:31.036][I][AutoBaseFunction.py(wrapper):7] __main__ : __set_slot 실행 시작
[2022-09-22 10:18:31.036][I][AutoBaseFunction.py(wrapper):8] Parameter : 
[2022-09-22 10:18:31.037][I][AutoBaseFunction.py(wrapper):14] __main__ : __set_slot 실행 종료
[2022-09-22 10:18:31.037][I][AutoBaseFunction.py(wrapper):7] __main__ : __wigets_setupUi 실행 시작
[2022-09-22 10:18:31.037][I][AutoBaseFunction.py(wrapper):8] Parameter : 
[2022-09-22 10:18:31.037][I][AutoBaseFunction.py(wrapper):7] Screen.Setup_Language : setupUI_Language 실행 시작
[2022-09-22 10:18:31.038][I][AutoBaseFunction.py(wrapper):8] Parameter : 
[2022-09-22 10:18:31.039][I][AutoBaseFunction.py(wrapper):7] Screen.Setup_Language : sl_set_slot 실행 시작
[2022-09-22 10:18:31.039][I][AutoBaseFunction.py(wrapper):8] Parameter : 
[2022-09-22 10:18:31.040][I][AutoBaseFunction.py(wrapper):14] Screen.Setup_Language : sl_set_slot 실행 종료
[2022-09-22 10:18:31.040][I][AutoBaseFunction.py(wrapper):14] Screen.Setup_Language : setupUI_Language 실행 종료
[2022-09-22 10:18:31.040][I][AutoBaseFunction.py(wrapper):7] Screen.Menu_CreateExcel : setupUI_CreateExcel 실행 시작
[2022-09-22 10:18:31.041][I][AutoBaseFunction.py(wrapper):8] Parameter : 
[2022-09-22 10:18:31.042][I][AutoBaseFunction.py(wrapper):7] Screen.Menu_CreateExcel : new_excel_func 실행 시작
[2022-09-22 10:18:31.042][I][AutoBaseFunction.py(wrapper):8] Parameter : 
[2022-09-22 10:18:31.043][I][AutoBaseFunction.py(wrapper):14] Screen.Menu_CreateExcel : new_excel_func 실행 종료
[2022-09-22 10:18:31.043][I][AutoBaseFunction.py(wrapper):7] Screen.Menu_CreateExcel : set_excel_func 실행 시작
[2022-09-22 10:18:31.043][I][AutoBaseFunction.py(wrapper):8] Parameter : 
[2022-09-22 10:18:31.044][I][AutoBaseFunction.py(wrapper):14] Screen.Menu_CreateExcel : set_excel_func 실행 종료
[2022-09-22 10:18:31.044][I][AutoBaseFunction.py(wrapper):14] Screen.Menu_CreateExcel : setupUI_CreateExcel 실행 종료
[2022-09-22 10:18:31.045][I][AutoBaseFunction.py(wrapper):7] Screen.Setup_Field : setupUI_Field 실행 시작
[2022-09-22 10:18:31.045][I][AutoBaseFunction.py(wrapper):8] Parameter : 
[2022-09-22 10:18:31.045][I][AutoBaseFunction.py(wrapper):7] Screen.Setup_Field : set_data 실행 시작
[2022-09-22 10:18:31.046][I][AutoBaseFunction.py(wrapper):8] Parameter : 
[2022-09-22 10:18:31.046][I][AutoBaseFunction.py(wrapper):14] Screen.Setup_Field : set_data 실행 종료
[2022-09-22 10:18:31.285][I][AutoBaseFunction.py(wrapper):7] Screen.Setup_Field : set_data 실행 시작
[2022-09-22 10:18:31.285][I][AutoBaseFunction.py(wrapper):8] Parameter : 
[2022-09-22 10:18:31.285][I][AutoBaseFunction.py(wrapper):14] Screen.Setup_Field : set_data 실행 종료
[2022-09-22 10:18:31.286][I][AutoBaseFunction.py(wrapper):7] Screen.Setup_Field : set_data 실행 시작
[2022-09-22 10:18:31.286][I][AutoBaseFunction.py(wrapper):8] Parameter : 
[2022-09-22 10:18:31.287][I][AutoBaseFunction.py(wrapper):14] Screen.Setup_Field : set_data 실행 종료
[2022-09-22 10:18:31.287][I][AutoBaseFunction.py(wrapper):7] Screen.Setup_Field : set_data 실행 시작
[2022-09-22 10:18:31.287][I][AutoBaseFunction.py(wrapper):8] Parameter : 
[2022-09-22 10:18:31.288][I][AutoBaseFunction.py(wrapper):14] Screen.Setup_Field : set_data 실행 종료
[2022-09-22 10:18:31.288][I][AutoBaseFunction.py(wrapper):7] Screen.Setup_Field : set_data 실행 시작
[2022-09-22 10:18:31.288][I][AutoBaseFunction.py(wrapper):8] Parameter : 
[2022-09-22 10:18:31.289][I][AutoBaseFunction.py(wrapper):14] Screen.Setup_Field : set_data 실행 종료
[2022-09-22 10:18:31.289][I][AutoBaseFunction.py(wrapper):7] Screen.Setup_Field : set_data 실행 시작
[2022-09-22 10:18:31.289][I][AutoBaseFunction.py(wrapper):8] Parameter : 
[2022-09-22 10:18:31.289][I][AutoBaseFunction.py(wrapper):14] Screen.Setup_Field : set_data 실행 종료
[2022-09-22 10:18:31.289][I][AutoBaseFunction.py(wrapper):7] Screen.Setup_Field : sl_set_slot 실행 시작
[2022-09-22 10:18:31.290][I][AutoBaseFunction.py(wrapper):8] Parameter : 
[2022-09-22 10:18:31.290][I][AutoBaseFunction.py(wrapper):14] Screen.Setup_Field : sl_set_slot 실행 종료
[2022-09-22 10:18:31.290][I][AutoBaseFunction.py(wrapper):14] Screen.Setup_Field : setupUI_Field 실행 종료
[2022-09-22 10:18:31.291][I][AutoBaseFunction.py(wrapper):7] Screen.Setup_TestList : setupUI_TestList 실행 시작
[2022-09-22 10:18:31.291][I][AutoBaseFunction.py(wrapper):8] Parameter : 
[2022-09-22 10:18:31.292][I][AutoBaseFunction.py(wrapper):7] Screen.Setup_TestList : btn_set_slot 실행 시작
[2022-09-22 10:18:31.292][I][AutoBaseFunction.py(wrapper):8] Parameter : 
[2022-09-22 10:18:31.292][I][AutoBaseFunction.py(wrapper):14] Screen.Setup_TestList : btn_set_slot 실행 종료
[2022-09-22 10:18:31.293][I][AutoBaseFunction.py(wrapper):14] Screen.Setup_TestList : setupUI_TestList 실행 종료
[2022-09-22 10:18:31.293][I][AutoBaseFunction.py(wrapper):14] __main__ : __wigets_setupUi 실행 종료
[2022-09-22 10:18:39.618][I][AutoBaseFunction.py(wrapper):7] Screen.MainWindow : update_open_menu 실행 시작
[2022-09-22 10:18:39.618][I][AutoBaseFunction.py(wrapper):8] Parameter : 
[2022-09-22 10:18:39.619][I][AutoBaseFunction.py(wrapper):14] Screen.MainWindow : update_open_menu 실행 종료
