[2022-09-27 17:18:32.395][D][LogManager.py(Init):12] LogManager Init function called !!!
[2022-09-27 17:18:32.410][I][AutoBaseFunction.py(wrapper):7] Screen.MainWindow : setupUi 실행 시작
[2022-09-27 17:18:32.410][I][AutoBaseFunction.py(wrapper):8] Parameter : 
[2022-09-27 17:18:32.429][I][AutoBaseFunction.py(wrapper):7] Screen.MainWindow : set_field 실행 시작
[2022-09-27 17:18:32.429][I][AutoBaseFunction.py(wrapper):8] Parameter : 
[2022-09-27 17:18:32.441][I][AutoBaseFunction.py(wrapper):14] Screen.MainWindow : set_field 실행 종료
[2022-09-27 17:18:32.441][I][AutoBaseFunction.py(wrapper):7] Screen.MainWindow : setWidget_func 실행 시작
[2022-09-27 17:18:32.441][I][AutoBaseFunction.py(wrapper):8] Parameter : 
[2022-09-27 17:18:32.444][I][AutoBaseFunction.py(wrapper):14] Screen.MainWindow : setWidget_func 실행 종료
[2022-09-27 17:18:32.446][I][AutoBaseFunction.py(wrapper):14] Screen.MainWindow : setupUi 실행 종료
[2022-09-27 17:18:32.453][I][AutoBaseFunction.py(wrapper):7] __main__ : __set_slot 실행 시작
[2022-09-27 17:18:32.454][I][AutoBaseFunction.py(wrapper):8] Parameter : 
[2022-09-27 17:18:32.454][I][AutoBaseFunction.py(wrapper):14] __main__ : __set_slot 실행 종료
[2022-09-27 17:18:32.454][I][AutoBaseFunction.py(wrapper):7] __main__ : __wigets_setupUi 실행 시작
[2022-09-27 17:18:32.455][I][AutoBaseFunction.py(wrapper):8] Parameter : 
[2022-09-27 17:18:32.455][I][AutoBaseFunction.py(wrapper):7] Screen.Setup_Language : setupUI_Language 실행 시작
[2022-09-27 17:18:32.455][I][AutoBaseFunction.py(wrapper):8] Parameter : 
[2022-09-27 17:18:32.456][I][AutoBaseFunction.py(wrapper):7] Screen.Setup_Language : sl_set_slot 실행 시작
[2022-09-27 17:18:32.456][I][AutoBaseFunction.py(wrapper):8] Parameter : 
[2022-09-27 17:18:32.456][I][AutoBaseFunction.py(wrapper):14] Screen.Setup_Language : sl_set_slot 실행 종료
[2022-09-27 17:18:32.457][I][AutoBaseFunction.py(wrapper):14] Screen.Setup_Language : setupUI_Language 실행 종료
[2022-09-27 17:18:32.458][I][AutoBaseFunction.py(wrapper):7] Screen.Menu_CreateExcel : setupUI_CreateExcel 실행 시작
[2022-09-27 17:18:32.458][I][AutoBaseFunction.py(wrapper):8] Parameter : 
[2022-09-27 17:18:32.459][I][AutoBaseFunction.py(wrapper):7] Screen.Menu_CreateExcel : new_excel_func 실행 시작
[2022-09-27 17:18:32.459][I][AutoBaseFunction.py(wrapper):8] Parameter : 
[2022-09-27 17:18:32.460][I][AutoBaseFunction.py(wrapper):14] Screen.Menu_CreateExcel : new_excel_func 실행 종료
[2022-09-27 17:18:32.460][I][AutoBaseFunction.py(wrapper):7] Screen.Menu_CreateExcel : set_excel_func 실행 시작
[2022-09-27 17:18:32.460][I][AutoBaseFunction.py(wrapper):8] Parameter : 
[2022-09-27 17:18:32.461][I][AutoBaseFunction.py(wrapper):14] Screen.Menu_CreateExcel : set_excel_func 실행 종료
[2022-09-27 17:18:32.462][I][AutoBaseFunction.py(wrapper):14] Screen.Menu_CreateExcel : setupUI_CreateExcel 실행 종료
[2022-09-27 17:18:32.462][I][AutoBaseFunction.py(wrapper):7] Screen.Setup_Field : setupUI_Field 실행 시작
[2022-09-27 17:18:32.463][I][AutoBaseFunction.py(wrapper):8] Parameter : 
