[2022-09-22 09:21:22.416][D][LogManager.py(Init):12] LogManager Init function called !!!
[2022-09-22 09:21:22.429][I][AutoBaseFunction.py(wrapper):7] Screen.MainWindow : setupUi 실행 시작
[2022-09-22 09:21:22.429][I][AutoBaseFunction.py(wrapper):8] Parameter : 
[2022-09-22 09:21:22.445][I][AutoBaseFunction.py(wrapper):7] Screen.MainWindow : set_field 실행 시작
[2022-09-22 09:21:22.446][I][AutoBaseFunction.py(wrapper):8] Parameter : 
[2022-09-22 09:21:22.478][I][AutoBaseFunction.py(wrapper):14] Screen.MainWindow : set_field 실행 종료
[2022-09-22 09:21:22.479][I][AutoBaseFunction.py(wrapper):7] Screen.MainWindow : setWidget_func 실행 시작
[2022-09-22 09:21:22.479][I][AutoBaseFunction.py(wrapper):8] Parameter : 
[2022-09-22 09:21:22.481][I][AutoBaseFunction.py(wrapper):14] Screen.MainWindow : setWidget_func 실행 종료
[2022-09-22 09:21:22.484][I][AutoBaseFunction.py(wrapper):14] Screen.MainWindow : setupUi 실행 종료
[2022-09-22 09:21:22.493][I][AutoBaseFunction.py(wrapper):7] __main__ : __set_slot 실행 시작
[2022-09-22 09:21:22.493][I][AutoBaseFunction.py(wrapper):8] Parameter : 
[2022-09-22 09:21:22.494][I][AutoBaseFunction.py(wrapper):14] __main__ : __set_slot 실행 종료
[2022-09-22 09:21:22.494][I][AutoBaseFunction.py(wrapper):7] __main__ : __wigets_setupUi 실행 시작
[2022-09-22 09:21:22.495][I][AutoBaseFunction.py(wrapper):8] Parameter : 
[2022-09-22 09:21:22.495][I][AutoBaseFunction.py(wrapper):7] Screen.Setup_Language : setupUI_Language 실행 시작
[2022-09-22 09:21:22.495][I][AutoBaseFunction.py(wrapper):8] Parameter : 
[2022-09-22 09:21:22.496][I][AutoBaseFunction.py(wrapper):7] Screen.Setup_Language : sl_set_slot 실행 시작
[2022-09-22 09:21:22.496][I][AutoBaseFunction.py(wrapper):8] Parameter : 
[2022-09-22 09:21:22.497][I][AutoBaseFunction.py(wrapper):14] Screen.Setup_Language : sl_set_slot 실행 종료
[2022-09-22 09:21:22.497][I][AutoBaseFunction.py(wrapper):14] Screen.Setup_Language : setupUI_Language 실행 종료
[2022-09-22 09:21:22.498][I][AutoBaseFunction.py(wrapper):7] Screen.Menu_CreateExcel : setupUI_CreateExcel 실행 시작
[2022-09-22 09:21:22.498][I][AutoBaseFunction.py(wrapper):8] Parameter : 
[2022-09-22 09:21:22.499][I][AutoBaseFunction.py(wrapper):7] Screen.Menu_CreateExcel : new_excel_func 실행 시작
[2022-09-22 09:21:22.499][I][AutoBaseFunction.py(wrapper):8] Parameter : 
[2022-09-22 09:21:22.500][I][AutoBaseFunction.py(wrapper):14] Screen.Menu_CreateExcel : new_excel_func 실행 종료
[2022-09-22 09:21:22.500][I][AutoBaseFunction.py(wrapper):7] Screen.Menu_CreateExcel : set_excel_func 실행 시작
[2022-09-22 09:21:22.501][I][AutoBaseFunction.py(wrapper):8] Parameter : 
[2022-09-22 09:21:22.501][I][AutoBaseFunction.py(wrapper):14] Screen.Menu_CreateExcel : set_excel_func 실행 종료
[2022-09-22 09:21:22.502][I][AutoBaseFunction.py(wrapper):14] Screen.Menu_CreateExcel : setupUI_CreateExcel 실행 종료
[2022-09-22 09:21:22.502][I][AutoBaseFunction.py(wrapper):7] Screen.Setup_Field : setupUI_Field 실행 시작
[2022-09-22 09:21:22.502][I][AutoBaseFunction.py(wrapper):8] Parameter : 
[2022-09-22 09:21:22.503][I][AutoBaseFunction.py(wrapper):7] Screen.Setup_Field : set_data 실행 시작
[2022-09-22 09:21:22.503][I][AutoBaseFunction.py(wrapper):8] Parameter : 
[2022-09-22 09:21:22.503][I][AutoBaseFunction.py(wrapper):14] Screen.Setup_Field : set_data 실행 종료
[2022-09-22 09:21:22.730][I][AutoBaseFunction.py(wrapper):7] Screen.Setup_Field : set_data 실행 시작
[2022-09-22 09:21:22.730][I][AutoBaseFunction.py(wrapper):8] Parameter : 
[2022-09-22 09:21:22.731][I][AutoBaseFunction.py(wrapper):14] Screen.Setup_Field : set_data 실행 종료
[2022-09-22 09:21:22.731][I][AutoBaseFunction.py(wrapper):7] Screen.Setup_Field : set_data 실행 시작
[2022-09-22 09:21:22.731][I][AutoBaseFunction.py(wrapper):8] Parameter : 
[2022-09-22 09:21:22.732][I][AutoBaseFunction.py(wrapper):14] Screen.Setup_Field : set_data 실행 종료
[2022-09-22 09:21:22.732][I][AutoBaseFunction.py(wrapper):7] Screen.Setup_Field : set_data 실행 시작
[2022-09-22 09:21:22.733][I][AutoBaseFunction.py(wrapper):8] Parameter : 
[2022-09-22 09:21:22.733][I][AutoBaseFunction.py(wrapper):14] Screen.Setup_Field : set_data 실행 종료
[2022-09-22 09:21:22.733][I][AutoBaseFunction.py(wrapper):7] Screen.Setup_Field : set_data 실행 시작
[2022-09-22 09:21:22.734][I][AutoBaseFunction.py(wrapper):8] Parameter : 
[2022-09-22 09:21:22.734][I][AutoBaseFunction.py(wrapper):14] Screen.Setup_Field : set_data 실행 종료
[2022-09-22 09:21:22.734][I][AutoBaseFunction.py(wrapper):7] Screen.Setup_Field : set_data 실행 시작
[2022-09-22 09:21:22.735][I][AutoBaseFunction.py(wrapper):8] Parameter : 
[2022-09-22 09:21:22.735][I][AutoBaseFunction.py(wrapper):14] Screen.Setup_Field : set_data 실행 종료
[2022-09-22 09:21:22.735][I][AutoBaseFunction.py(wrapper):7] Screen.Setup_Field : sl_set_slot 실행 시작
[2022-09-22 09:21:22.735][I][AutoBaseFunction.py(wrapper):8] Parameter : 
[2022-09-22 09:21:22.736][I][AutoBaseFunction.py(wrapper):14] Screen.Setup_Field : sl_set_slot 실행 종료
[2022-09-22 09:21:22.736][I][AutoBaseFunction.py(wrapper):14] Screen.Setup_Field : setupUI_Field 실행 종료
[2022-09-22 09:21:22.736][I][AutoBaseFunction.py(wrapper):7] Screen.Setup_TestList : setupUI_TestList 실행 시작
[2022-09-22 09:21:22.736][I][AutoBaseFunction.py(wrapper):8] Parameter : 
[2022-09-22 09:21:22.737][I][AutoBaseFunction.py(wrapper):7] Screen.Setup_TestList : btn_set_slot 실행 시작
[2022-09-22 09:21:22.738][I][AutoBaseFunction.py(wrapper):8] Parameter : 
[2022-09-22 09:21:22.738][I][AutoBaseFunction.py(wrapper):14] Screen.Setup_TestList : btn_set_slot 실행 종료
[2022-09-22 09:21:22.738][I][AutoBaseFunction.py(wrapper):14] Screen.Setup_TestList : setupUI_TestList 실행 종료
[2022-09-22 09:21:22.738][I][AutoBaseFunction.py(wrapper):14] __main__ : __wigets_setupUi 실행 종료
[2022-09-22 09:21:48.141][I][AutoBaseFunction.py(wrapper):7] Screen.MainWindow : closeEvent 실행 시작
[2022-09-22 09:21:48.141][I][AutoBaseFunction.py(wrapper):8] Parameter : <PyQt5.QtGui.QCloseEvent object at 0x000001D463EFDA68>
