[2022-09-22 09:26:17.162][D][LogManager.py(Init):12] LogManager Init function called !!!
[2022-09-22 09:26:17.174][I][AutoBaseFunction.py(wrapper):7] Screen.MainWindow : setupUi 실행 시작
[2022-09-22 09:26:17.175][I][AutoBaseFunction.py(wrapper):8] Parameter : 
[2022-09-22 09:26:17.190][I][AutoBaseFunction.py(wrapper):7] Screen.MainWindow : set_field 실행 시작
[2022-09-22 09:26:17.190][I][AutoBaseFunction.py(wrapper):8] Parameter : 
[2022-09-22 09:26:17.215][I][AutoBaseFunction.py(wrapper):14] Screen.MainWindow : set_field 실행 종료
[2022-09-22 09:26:17.216][I][AutoBaseFunction.py(wrapper):7] Screen.MainWindow : setWidget_func 실행 시작
[2022-09-22 09:26:17.216][I][AutoBaseFunction.py(wrapper):8] Parameter : 
[2022-09-22 09:26:17.217][I][AutoBaseFunction.py(wrapper):14] Screen.MainWindow : setWidget_func 실행 종료
[2022-09-22 09:26:17.220][I][AutoBaseFunction.py(wrapper):14] Screen.MainWindow : setupUi 실행 종료
[2022-09-22 09:26:17.226][I][AutoBaseFunction.py(wrapper):7] __main__ : __set_slot 실행 시작
[2022-09-22 09:26:17.226][I][AutoBaseFunction.py(wrapper):8] Parameter : 
[2022-09-22 09:26:17.227][I][AutoBaseFunction.py(wrapper):14] __main__ : __set_slot 실행 종료
[2022-09-22 09:26:17.227][I][AutoBaseFunction.py(wrapper):7] __main__ : __wigets_setupUi 실행 시작
[2022-09-22 09:26:17.227][I][AutoBaseFunction.py(wrapper):8] Parameter : 
[2022-09-22 09:26:17.228][I][AutoBaseFunction.py(wrapper):7] Screen.Setup_Language : setupUI_Language 실행 시작
[2022-09-22 09:26:17.228][I][AutoBaseFunction.py(wrapper):8] Parameter : 
[2022-09-22 09:26:17.229][I][AutoBaseFunction.py(wrapper):7] Screen.Setup_Language : sl_set_slot 실행 시작
[2022-09-22 09:26:17.229][I][AutoBaseFunction.py(wrapper):8] Parameter : 
[2022-09-22 09:26:17.230][I][AutoBaseFunction.py(wrapper):14] Screen.Setup_Language : sl_set_slot 실행 종료
[2022-09-22 09:26:17.230][I][AutoBaseFunction.py(wrapper):14] Screen.Setup_Language : setupUI_Language 실행 종료
[2022-09-22 09:26:17.230][I][AutoBaseFunction.py(wrapper):7] Screen.Menu_CreateExcel : setupUI_CreateExcel 실행 시작
[2022-09-22 09:26:17.231][I][AutoBaseFunction.py(wrapper):8] Parameter : 
[2022-09-22 09:26:17.232][I][AutoBaseFunction.py(wrapper):7] Screen.Menu_CreateExcel : new_excel_func 실행 시작
[2022-09-22 09:26:17.232][I][AutoBaseFunction.py(wrapper):8] Parameter : 
[2022-09-22 09:26:17.233][I][AutoBaseFunction.py(wrapper):14] Screen.Menu_CreateExcel : new_excel_func 실행 종료
[2022-09-22 09:26:17.233][I][AutoBaseFunction.py(wrapper):7] Screen.Menu_CreateExcel : set_excel_func 실행 시작
[2022-09-22 09:26:17.233][I][AutoBaseFunction.py(wrapper):8] Parameter : 
[2022-09-22 09:26:17.234][I][AutoBaseFunction.py(wrapper):14] Screen.Menu_CreateExcel : set_excel_func 실행 종료
[2022-09-22 09:26:17.234][I][AutoBaseFunction.py(wrapper):14] Screen.Menu_CreateExcel : setupUI_CreateExcel 실행 종료
[2022-09-22 09:26:17.234][I][AutoBaseFunction.py(wrapper):7] Screen.Setup_Field : setupUI_Field 실행 시작
[2022-09-22 09:26:17.235][I][AutoBaseFunction.py(wrapper):8] Parameter : 
[2022-09-22 09:26:17.235][I][AutoBaseFunction.py(wrapper):7] Screen.Setup_Field : set_data 실행 시작
[2022-09-22 09:26:17.236][I][AutoBaseFunction.py(wrapper):8] Parameter : 
[2022-09-22 09:26:17.236][I][AutoBaseFunction.py(wrapper):14] Screen.Setup_Field : set_data 실행 종료
[2022-09-22 09:26:17.478][I][AutoBaseFunction.py(wrapper):7] Screen.Setup_Field : set_data 실행 시작
[2022-09-22 09:26:17.478][I][AutoBaseFunction.py(wrapper):8] Parameter : 
[2022-09-22 09:26:17.479][I][AutoBaseFunction.py(wrapper):14] Screen.Setup_Field : set_data 실행 종료
[2022-09-22 09:26:17.479][I][AutoBaseFunction.py(wrapper):7] Screen.Setup_Field : set_data 실행 시작
[2022-09-22 09:26:17.480][I][AutoBaseFunction.py(wrapper):8] Parameter : 
[2022-09-22 09:26:17.480][I][AutoBaseFunction.py(wrapper):14] Screen.Setup_Field : set_data 실행 종료
[2022-09-22 09:26:17.481][I][AutoBaseFunction.py(wrapper):7] Screen.Setup_Field : set_data 실행 시작
[2022-09-22 09:26:17.481][I][AutoBaseFunction.py(wrapper):8] Parameter : 
[2022-09-22 09:26:17.482][I][AutoBaseFunction.py(wrapper):14] Screen.Setup_Field : set_data 실행 종료
[2022-09-22 09:26:17.482][I][AutoBaseFunction.py(wrapper):7] Screen.Setup_Field : set_data 실행 시작
[2022-09-22 09:26:17.482][I][AutoBaseFunction.py(wrapper):8] Parameter : 
[2022-09-22 09:26:17.483][I][AutoBaseFunction.py(wrapper):14] Screen.Setup_Field : set_data 실행 종료
[2022-09-22 09:26:17.483][I][AutoBaseFunction.py(wrapper):7] Screen.Setup_Field : set_data 실행 시작
[2022-09-22 09:26:17.483][I][AutoBaseFunction.py(wrapper):8] Parameter : 
[2022-09-22 09:26:17.484][I][AutoBaseFunction.py(wrapper):14] Screen.Setup_Field : set_data 실행 종료
[2022-09-22 09:26:17.484][I][AutoBaseFunction.py(wrapper):7] Screen.Setup_Field : sl_set_slot 실행 시작
[2022-09-22 09:26:17.484][I][AutoBaseFunction.py(wrapper):8] Parameter : 
[2022-09-22 09:26:17.485][I][AutoBaseFunction.py(wrapper):14] Screen.Setup_Field : sl_set_slot 실행 종료
[2022-09-22 09:26:17.485][I][AutoBaseFunction.py(wrapper):14] Screen.Setup_Field : setupUI_Field 실행 종료
[2022-09-22 09:26:17.485][I][AutoBaseFunction.py(wrapper):7] Screen.Setup_TestList : setupUI_TestList 실행 시작
[2022-09-22 09:26:17.485][I][AutoBaseFunction.py(wrapper):8] Parameter : 
[2022-09-22 09:26:17.486][I][AutoBaseFunction.py(wrapper):7] Screen.Setup_TestList : btn_set_slot 실행 시작
[2022-09-22 09:26:17.487][I][AutoBaseFunction.py(wrapper):8] Parameter : 
[2022-09-22 09:26:17.487][I][AutoBaseFunction.py(wrapper):14] Screen.Setup_TestList : btn_set_slot 실행 종료
[2022-09-22 09:26:17.487][I][AutoBaseFunction.py(wrapper):14] Screen.Setup_TestList : setupUI_TestList 실행 종료
[2022-09-22 09:26:17.488][I][AutoBaseFunction.py(wrapper):14] __main__ : __wigets_setupUi 실행 종료
[2022-09-22 09:27:04.923][I][AutoBaseFunction.py(wrapper):7] Screen.MainWindow : update_open_menu 실행 시작
[2022-09-22 09:27:04.924][I][AutoBaseFunction.py(wrapper):8] Parameter : 
[2022-09-22 09:27:04.925][I][AutoBaseFunction.py(wrapper):14] Screen.MainWindow : update_open_menu 실행 종료
[2022-09-22 09:27:05.909][I][AutoBaseFunction.py(wrapper):7] __main__ : __sl_ui 실행 시작
[2022-09-22 09:27:05.909][I][AutoBaseFunction.py(wrapper):8] Parameter : False
[2022-09-22 09:27:05.910][I][AutoBaseFunction.py(wrapper):7] Screen.Setup_Language : setLang_Button 실행 시작
[2022-09-22 09:27:05.910][I][AutoBaseFunction.py(wrapper):8] Parameter : 
[2022-09-22 09:27:05.912][I][AutoBaseFunction.py(wrapper):14] Screen.Setup_Language : setLang_Button 실행 종료
[2022-09-22 09:27:05.924][I][AutoBaseFunction.py(wrapper):14] __main__ : __sl_ui 실행 종료
[2022-09-22 09:27:07.851][I][AutoBaseFunction.py(wrapper):7] Screen.Setup_Language : closeEvent 실행 시작
[2022-09-22 09:27:07.852][I][AutoBaseFunction.py(wrapper):8] Parameter : <PyQt5.QtGui.QCloseEvent object at 0x00000274C4F86DC8>
[2022-09-22 09:27:07.853][I][AutoBaseFunction.py(wrapper):14] Screen.Setup_Language : closeEvent 실행 종료
[2022-09-22 09:27:09.124][I][AutoBaseFunction.py(wrapper):7] __main__ : __sf_ui 실행 시작
[2022-09-22 09:27:09.125][I][AutoBaseFunction.py(wrapper):8] Parameter : False
[2022-09-22 09:27:09.135][I][AutoBaseFunction.py(wrapper):14] __main__ : __sf_ui 실행 종료
[2022-09-22 09:27:10.268][I][AutoBaseFunction.py(wrapper):7] Screen.Setup_Field : closeEvent 실행 시작
[2022-09-22 09:27:10.268][I][AutoBaseFunction.py(wrapper):8] Parameter : <PyQt5.QtGui.QCloseEvent object at 0x00000274C4F86DC8>
[2022-09-22 09:27:10.269][I][AutoBaseFunction.py(wrapper):14] Screen.Setup_Field : closeEvent 실행 종료
[2022-09-22 09:27:11.932][I][AutoBaseFunction.py(wrapper):7] __main__ : __tl_ui 실행 시작
[2022-09-22 09:27:11.933][I][AutoBaseFunction.py(wrapper):8] Parameter : False
[2022-09-22 09:27:11.933][I][AutoBaseFunction.py(wrapper):7] Screen.Setup_TestList : setTest_Button 실행 시작
[2022-09-22 09:27:11.934][I][AutoBaseFunction.py(wrapper):8] Parameter : 
[2022-09-22 09:27:11.936][I][AutoBaseFunction.py(wrapper):14] Screen.Setup_TestList : setTest_Button 실행 종료
[2022-09-22 09:27:11.946][I][AutoBaseFunction.py(wrapper):14] __main__ : __tl_ui 실행 종료
[2022-09-22 09:27:13.004][I][AutoBaseFunction.py(wrapper):7] Screen.Setup_TestList : cancel_Button_clicked 실행 시작
[2022-09-22 09:27:13.005][I][AutoBaseFunction.py(wrapper):8] Parameter : False
[2022-09-22 09:27:13.005][I][AutoBaseFunction.py(wrapper):7] Screen.Setup_TestList : closeEvent 실행 시작
[2022-09-22 09:27:13.005][I][AutoBaseFunction.py(wrapper):8] Parameter : <PyQt5.QtGui.QCloseEvent object at 0x00000274C4FC30D8>
[2022-09-22 09:27:13.006][I][AutoBaseFunction.py(wrapper):14] Screen.Setup_TestList : closeEvent 실행 종료
[2022-09-22 09:27:13.011][I][AutoBaseFunction.py(wrapper):14] Screen.Setup_TestList : cancel_Button_clicked 실행 종료
[2022-09-22 09:27:15.479][I][AutoBaseFunction.py(wrapper):7] Screen.MainWindow : update_open_menu 실행 시작
[2022-09-22 09:27:15.479][I][AutoBaseFunction.py(wrapper):8] Parameter : 
[2022-09-22 09:27:15.480][I][AutoBaseFunction.py(wrapper):14] Screen.MainWindow : update_open_menu 실행 종료
[2022-09-22 09:27:16.854][I][AutoBaseFunction.py(wrapper):7] __main__ : __ce_ui 실행 시작
[2022-09-22 09:27:16.854][I][AutoBaseFunction.py(wrapper):8] Parameter : False
[2022-09-22 09:27:16.871][I][AutoBaseFunction.py(wrapper):14] __main__ : __ce_ui 실행 종료
[2022-09-22 09:27:26.644][I][AutoBaseFunction.py(wrapper):7] Screen.MainWindow : closeEvent 실행 시작
[2022-09-22 09:27:26.644][I][AutoBaseFunction.py(wrapper):8] Parameter : <PyQt5.QtGui.QCloseEvent object at 0x00000274C4FE45E8>
