[2022-09-23 12:28:53.585][D][LogManager.py(Init):12] LogManager Init function called !!!
[2022-09-23 12:28:53.598][I][AutoBaseFunction.py(wrapper):7] Screen.MainWindow : setupUi 실행 시작
[2022-09-23 12:28:53.599][I][AutoBaseFunction.py(wrapper):8] Parameter : 
[2022-09-23 12:28:53.617][I][AutoBaseFunction.py(wrapper):7] Screen.MainWindow : set_field 실행 시작
[2022-09-23 12:28:53.618][I][AutoBaseFunction.py(wrapper):8] Parameter : 
[2022-09-23 12:28:53.651][I][AutoBaseFunction.py(wrapper):14] Screen.MainWindow : set_field 실행 종료
[2022-09-23 12:28:53.652][I][AutoBaseFunction.py(wrapper):7] Screen.MainWindow : setWidget_func 실행 시작
[2022-09-23 12:28:53.652][I][AutoBaseFunction.py(wrapper):8] Parameter : 
[2022-09-23 12:28:53.654][I][AutoBaseFunction.py(wrapper):14] Screen.MainWindow : setWidget_func 실행 종료
[2022-09-23 12:28:53.657][I][AutoBaseFunction.py(wrapper):14] Screen.MainWindow : setupUi 실행 종료
[2022-09-23 12:28:53.662][I][AutoBaseFunction.py(wrapper):7] __main__ : __set_slot 실행 시작
[2022-09-23 12:28:53.662][I][AutoBaseFunction.py(wrapper):8] Parameter : 
[2022-09-23 12:28:53.663][I][AutoBaseFunction.py(wrapper):14] __main__ : __set_slot 실행 종료
[2022-09-23 12:28:53.663][I][AutoBaseFunction.py(wrapper):7] __main__ : __wigets_setupUi 실행 시작
[2022-09-23 12:28:53.663][I][AutoBaseFunction.py(wrapper):8] Parameter : 
[2022-09-23 12:28:53.664][I][AutoBaseFunction.py(wrapper):7] Screen.Setup_Language : setupUI_Language 실행 시작
[2022-09-23 12:28:53.664][I][AutoBaseFunction.py(wrapper):8] Parameter : 
[2022-09-23 12:28:53.665][I][AutoBaseFunction.py(wrapper):7] Screen.Setup_Language : sl_set_slot 실행 시작
[2022-09-23 12:28:53.665][I][AutoBaseFunction.py(wrapper):8] Parameter : 
[2022-09-23 12:28:53.665][I][AutoBaseFunction.py(wrapper):14] Screen.Setup_Language : sl_set_slot 실행 종료
[2022-09-23 12:28:53.665][I][AutoBaseFunction.py(wrapper):14] Screen.Setup_Language : setupUI_Language 실행 종료
[2022-09-23 12:28:53.666][I][AutoBaseFunction.py(wrapper):7] Screen.Menu_CreateExcel : setupUI_CreateExcel 실행 시작
[2022-09-23 12:28:53.666][I][AutoBaseFunction.py(wrapper):8] Parameter : 
[2022-09-23 12:28:53.666][I][AutoBaseFunction.py(wrapper):7] Screen.Menu_CreateExcel : new_excel_func 실행 시작
[2022-09-23 12:28:53.667][I][AutoBaseFunction.py(wrapper):8] Parameter : 
[2022-09-23 12:28:53.667][I][AutoBaseFunction.py(wrapper):14] Screen.Menu_CreateExcel : new_excel_func 실행 종료
[2022-09-23 12:28:53.667][I][AutoBaseFunction.py(wrapper):7] Screen.Menu_CreateExcel : set_excel_func 실행 시작
[2022-09-23 12:28:53.668][I][AutoBaseFunction.py(wrapper):8] Parameter : 
[2022-09-23 12:28:53.668][I][AutoBaseFunction.py(wrapper):14] Screen.Menu_CreateExcel : set_excel_func 실행 종료
[2022-09-23 12:28:53.669][I][AutoBaseFunction.py(wrapper):14] Screen.Menu_CreateExcel : setupUI_CreateExcel 실행 종료
[2022-09-23 12:28:53.669][I][AutoBaseFunction.py(wrapper):7] Screen.Setup_Field : setupUI_Field 실행 시작
[2022-09-23 12:28:53.669][I][AutoBaseFunction.py(wrapper):8] Parameter : 
[2022-09-23 12:28:53.670][I][AutoBaseFunction.py(wrapper):7] Screen.Setup_Field : set_data 실행 시작
[2022-09-23 12:28:53.670][I][AutoBaseFunction.py(wrapper):8] Parameter : 
[2022-09-23 12:28:53.670][I][AutoBaseFunction.py(wrapper):14] Screen.Setup_Field : set_data 실행 종료
[2022-09-23 12:28:53.908][I][AutoBaseFunction.py(wrapper):7] Screen.Setup_Field : set_data 실행 시작
[2022-09-23 12:28:53.909][I][AutoBaseFunction.py(wrapper):8] Parameter : 
[2022-09-23 12:28:53.909][I][AutoBaseFunction.py(wrapper):14] Screen.Setup_Field : set_data 실행 종료
[2022-09-23 12:28:53.910][I][AutoBaseFunction.py(wrapper):7] Screen.Setup_Field : set_data 실행 시작
[2022-09-23 12:28:53.910][I][AutoBaseFunction.py(wrapper):8] Parameter : 
[2022-09-23 12:28:53.910][I][AutoBaseFunction.py(wrapper):14] Screen.Setup_Field : set_data 실행 종료
[2022-09-23 12:28:53.911][I][AutoBaseFunction.py(wrapper):7] Screen.Setup_Field : set_data 실행 시작
[2022-09-23 12:28:53.911][I][AutoBaseFunction.py(wrapper):8] Parameter : 
[2022-09-23 12:28:53.912][I][AutoBaseFunction.py(wrapper):14] Screen.Setup_Field : set_data 실행 종료
[2022-09-23 12:28:53.912][I][AutoBaseFunction.py(wrapper):7] Screen.Setup_Field : set_data 실행 시작
[2022-09-23 12:28:53.912][I][AutoBaseFunction.py(wrapper):8] Parameter : 
[2022-09-23 12:28:53.913][I][AutoBaseFunction.py(wrapper):14] Screen.Setup_Field : set_data 실행 종료
[2022-09-23 12:28:53.913][I][AutoBaseFunction.py(wrapper):7] Screen.Setup_Field : set_data 실행 시작
[2022-09-23 12:28:53.913][I][AutoBaseFunction.py(wrapper):8] Parameter : 
[2022-09-23 12:28:53.914][I][AutoBaseFunction.py(wrapper):14] Screen.Setup_Field : set_data 실행 종료
[2022-09-23 12:28:53.914][I][AutoBaseFunction.py(wrapper):7] Screen.Setup_Field : sl_set_slot 실행 시작
[2022-09-23 12:28:53.914][I][AutoBaseFunction.py(wrapper):8] Parameter : 
[2022-09-23 12:28:53.914][I][AutoBaseFunction.py(wrapper):14] Screen.Setup_Field : sl_set_slot 실행 종료
[2022-09-23 12:28:53.915][I][AutoBaseFunction.py(wrapper):14] Screen.Setup_Field : setupUI_Field 실행 종료
[2022-09-23 12:28:53.915][I][AutoBaseFunction.py(wrapper):7] Screen.Setup_TestList : setupUI_TestList 실행 시작
[2022-09-23 12:28:53.915][I][AutoBaseFunction.py(wrapper):8] Parameter : 
[2022-09-23 12:28:53.916][I][AutoBaseFunction.py(wrapper):7] Screen.Setup_TestList : btn_set_slot 실행 시작
[2022-09-23 12:28:53.916][I][AutoBaseFunction.py(wrapper):8] Parameter : 
[2022-09-23 12:28:53.916][I][AutoBaseFunction.py(wrapper):14] Screen.Setup_TestList : btn_set_slot 실행 종료
[2022-09-23 12:28:53.917][I][AutoBaseFunction.py(wrapper):14] Screen.Setup_TestList : setupUI_TestList 실행 종료
[2022-09-23 12:28:53.917][I][AutoBaseFunction.py(wrapper):14] __main__ : __wigets_setupUi 실행 종료
[2022-09-23 12:28:56.851][I][AutoBaseFunction.py(wrapper):7] Screen.Setup_Language : setLang_Button 실행 시작
[2022-09-23 12:28:56.852][I][AutoBaseFunction.py(wrapper):8] Parameter : 
[2022-09-23 12:28:56.853][I][AutoBaseFunction.py(wrapper):14] Screen.Setup_Language : setLang_Button 실행 종료
[2022-09-23 12:28:56.867][I][AutoBaseFunction.py(wrapper):7] Screen.Setup_Language : setLang_Button 실행 시작
[2022-09-23 12:28:56.867][I][AutoBaseFunction.py(wrapper):8] Parameter : 
[2022-09-23 12:28:56.868][I][AutoBaseFunction.py(wrapper):14] Screen.Setup_Language : setLang_Button 실행 종료
[2022-09-23 12:29:56.986][I][AutoBaseFunction.py(wrapper):7] Screen.Setup_Language : ok_Button_clicked 실행 시작
[2022-09-23 12:29:56.987][I][AutoBaseFunction.py(wrapper):8] Parameter : False
