[2022-09-23 10:03:53.491][D][LogManager.py(Init):12] LogManager Init function called !!!
[2022-09-23 10:03:53.503][I][AutoBaseFunction.py(wrapper):7] Screen.MainWindow : setupUi 실행 시작
[2022-09-23 10:03:53.503][I][AutoBaseFunction.py(wrapper):8] Parameter : 
[2022-09-23 10:03:53.518][I][AutoBaseFunction.py(wrapper):7] Screen.MainWindow : set_field 실행 시작
[2022-09-23 10:03:53.519][I][AutoBaseFunction.py(wrapper):8] Parameter : 
[2022-09-23 10:03:53.549][I][AutoBaseFunction.py(wrapper):14] Screen.MainWindow : set_field 실행 종료
[2022-09-23 10:03:53.550][I][AutoBaseFunction.py(wrapper):7] Screen.MainWindow : setWidget_func 실행 시작
[2022-09-23 10:03:53.550][I][AutoBaseFunction.py(wrapper):8] Parameter : 
[2022-09-23 10:03:53.552][I][AutoBaseFunction.py(wrapper):14] Screen.MainWindow : setWidget_func 실행 종료
[2022-09-23 10:03:53.554][I][AutoBaseFunction.py(wrapper):14] Screen.MainWindow : setupUi 실행 종료
[2022-09-23 10:03:53.561][I][AutoBaseFunction.py(wrapper):7] __main__ : __set_slot 실행 시작
[2022-09-23 10:03:53.561][I][AutoBaseFunction.py(wrapper):8] Parameter : 
[2022-09-23 10:03:53.562][I][AutoBaseFunction.py(wrapper):14] __main__ : __set_slot 실행 종료
[2022-09-23 10:03:53.562][I][AutoBaseFunction.py(wrapper):7] __main__ : __wigets_setupUi 실행 시작
[2022-09-23 10:03:53.562][I][AutoBaseFunction.py(wrapper):8] Parameter : 
[2022-09-23 10:03:53.563][I][AutoBaseFunction.py(wrapper):7] Screen.Setup_Language : setupUI_Language 실행 시작
[2022-09-23 10:03:53.563][I][AutoBaseFunction.py(wrapper):8] Parameter : 
[2022-09-23 10:03:53.564][I][AutoBaseFunction.py(wrapper):7] Screen.Setup_Language : sl_set_slot 실행 시작
[2022-09-23 10:03:53.564][I][AutoBaseFunction.py(wrapper):8] Parameter : 
[2022-09-23 10:03:53.564][I][AutoBaseFunction.py(wrapper):14] Screen.Setup_Language : sl_set_slot 실행 종료
[2022-09-23 10:03:53.564][I][AutoBaseFunction.py(wrapper):14] Screen.Setup_Language : setupUI_Language 실행 종료
[2022-09-23 10:03:53.565][I][AutoBaseFunction.py(wrapper):7] Screen.Menu_CreateExcel : setupUI_CreateExcel 실행 시작
[2022-09-23 10:03:53.565][I][AutoBaseFunction.py(wrapper):8] Parameter : 
[2022-09-23 10:03:53.566][I][AutoBaseFunction.py(wrapper):7] Screen.Menu_CreateExcel : new_excel_func 실행 시작
[2022-09-23 10:03:53.566][I][AutoBaseFunction.py(wrapper):8] Parameter : 
[2022-09-23 10:03:53.567][I][AutoBaseFunction.py(wrapper):14] Screen.Menu_CreateExcel : new_excel_func 실행 종료
[2022-09-23 10:03:53.567][I][AutoBaseFunction.py(wrapper):7] Screen.Menu_CreateExcel : set_excel_func 실행 시작
[2022-09-23 10:03:53.567][I][AutoBaseFunction.py(wrapper):8] Parameter : 
[2022-09-23 10:03:53.567][I][AutoBaseFunction.py(wrapper):14] Screen.Menu_CreateExcel : set_excel_func 실행 종료
[2022-09-23 10:03:53.568][I][AutoBaseFunction.py(wrapper):14] Screen.Menu_CreateExcel : setupUI_CreateExcel 실행 종료
[2022-09-23 10:03:53.568][I][AutoBaseFunction.py(wrapper):7] Screen.Setup_Field : setupUI_Field 실행 시작
[2022-09-23 10:03:53.568][I][AutoBaseFunction.py(wrapper):8] Parameter : 
[2022-09-23 10:03:53.569][I][AutoBaseFunction.py(wrapper):7] Screen.Setup_Field : set_data 실행 시작
[2022-09-23 10:03:53.569][I][AutoBaseFunction.py(wrapper):8] Parameter : 
[2022-09-23 10:03:53.569][I][AutoBaseFunction.py(wrapper):14] Screen.Setup_Field : set_data 실행 종료
[2022-09-23 10:03:53.812][I][AutoBaseFunction.py(wrapper):7] Screen.Setup_Field : set_data 실행 시작
[2022-09-23 10:03:53.812][I][AutoBaseFunction.py(wrapper):8] Parameter : 
[2022-09-23 10:03:53.813][I][AutoBaseFunction.py(wrapper):14] Screen.Setup_Field : set_data 실행 종료
[2022-09-23 10:03:53.813][I][AutoBaseFunction.py(wrapper):7] Screen.Setup_Field : set_data 실행 시작
[2022-09-23 10:03:53.813][I][AutoBaseFunction.py(wrapper):8] Parameter : 
[2022-09-23 10:03:53.814][I][AutoBaseFunction.py(wrapper):14] Screen.Setup_Field : set_data 실행 종료
[2022-09-23 10:03:53.814][I][AutoBaseFunction.py(wrapper):7] Screen.Setup_Field : set_data 실행 시작
[2022-09-23 10:03:53.814][I][AutoBaseFunction.py(wrapper):8] Parameter : 
[2022-09-23 10:03:53.815][I][AutoBaseFunction.py(wrapper):14] Screen.Setup_Field : set_data 실행 종료
[2022-09-23 10:03:53.815][I][AutoBaseFunction.py(wrapper):7] Screen.Setup_Field : set_data 실행 시작
[2022-09-23 10:03:53.815][I][AutoBaseFunction.py(wrapper):8] Parameter : 
[2022-09-23 10:03:53.815][I][AutoBaseFunction.py(wrapper):14] Screen.Setup_Field : set_data 실행 종료
[2022-09-23 10:03:53.816][I][AutoBaseFunction.py(wrapper):7] Screen.Setup_Field : set_data 실행 시작
[2022-09-23 10:03:53.816][I][AutoBaseFunction.py(wrapper):8] Parameter : 
[2022-09-23 10:03:53.816][I][AutoBaseFunction.py(wrapper):14] Screen.Setup_Field : set_data 실행 종료
[2022-09-23 10:03:53.816][I][AutoBaseFunction.py(wrapper):7] Screen.Setup_Field : sl_set_slot 실행 시작
[2022-09-23 10:03:53.816][I][AutoBaseFunction.py(wrapper):8] Parameter : 
[2022-09-23 10:03:53.817][I][AutoBaseFunction.py(wrapper):14] Screen.Setup_Field : sl_set_slot 실행 종료
[2022-09-23 10:03:53.817][I][AutoBaseFunction.py(wrapper):14] Screen.Setup_Field : setupUI_Field 실행 종료
[2022-09-23 10:03:53.817][I][AutoBaseFunction.py(wrapper):7] Screen.Setup_TestList : setupUI_TestList 실행 시작
[2022-09-23 10:03:53.817][I][AutoBaseFunction.py(wrapper):8] Parameter : 
[2022-09-23 10:03:53.818][I][AutoBaseFunction.py(wrapper):7] Screen.Setup_TestList : btn_set_slot 실행 시작
[2022-09-23 10:03:53.818][I][AutoBaseFunction.py(wrapper):8] Parameter : 
[2022-09-23 10:03:53.819][I][AutoBaseFunction.py(wrapper):14] Screen.Setup_TestList : btn_set_slot 실행 종료
[2022-09-23 10:03:53.819][I][AutoBaseFunction.py(wrapper):14] Screen.Setup_TestList : setupUI_TestList 실행 종료
[2022-09-23 10:03:53.819][I][AutoBaseFunction.py(wrapper):14] __main__ : __wigets_setupUi 실행 종료
[2022-09-23 10:03:56.407][I][AutoBaseFunction.py(wrapper):7] Screen.MainWindow : update_open_menu 실행 시작
[2022-09-23 10:03:56.408][I][AutoBaseFunction.py(wrapper):8] Parameter : 
[2022-09-23 10:03:56.409][I][AutoBaseFunction.py(wrapper):14] Screen.MainWindow : update_open_menu 실행 종료
[2022-09-23 10:03:57.092][I][AutoBaseFunction.py(wrapper):7] Screen.MainWindow : update_open_menu 실행 시작
[2022-09-23 10:03:57.093][I][AutoBaseFunction.py(wrapper):8] Parameter : 
[2022-09-23 10:03:57.094][I][AutoBaseFunction.py(wrapper):14] Screen.MainWindow : update_open_menu 실행 종료
[2022-09-23 10:03:58.320][I][AutoBaseFunction.py(wrapper):7] Screen.MainWindow : show_imgList 실행 시작
[2022-09-23 10:03:58.320][I][AutoBaseFunction.py(wrapper):8] Parameter : ('한국어', 'D:/test/TestList_CSV/2022_skillup'), True, True
