[2022-09-26 17:32:33.892][D][LogManager.py(Init):12] LogManager Init function called !!!
[2022-09-26 17:32:33.907][I][AutoBaseFunction.py(wrapper):7] Screen.MainWindow : setupUi 실행 시작
[2022-09-26 17:32:33.907][I][AutoBaseFunction.py(wrapper):8] Parameter : 
[2022-09-26 17:32:33.923][I][AutoBaseFunction.py(wrapper):7] Screen.MainWindow : set_field 실행 시작
[2022-09-26 17:32:33.924][I][AutoBaseFunction.py(wrapper):8] Parameter : 
[2022-09-26 17:32:33.958][I][AutoBaseFunction.py(wrapper):14] Screen.MainWindow : set_field 실행 종료
[2022-09-26 17:32:33.959][I][AutoBaseFunction.py(wrapper):7] Screen.MainWindow : setWidget_func 실행 시작
[2022-09-26 17:32:33.960][I][AutoBaseFunction.py(wrapper):8] Parameter : 
[2022-09-26 17:32:33.961][I][AutoBaseFunction.py(wrapper):14] Screen.MainWindow : setWidget_func 실행 종료
[2022-09-26 17:32:33.964][I][AutoBaseFunction.py(wrapper):14] Screen.MainWindow : setupUi 실행 종료
[2022-09-26 17:32:33.980][I][AutoBaseFunction.py(wrapper):7] __main__ : __set_slot 실행 시작
[2022-09-26 17:32:33.981][I][AutoBaseFunction.py(wrapper):8] Parameter : 
[2022-09-26 17:32:33.981][I][AutoBaseFunction.py(wrapper):14] __main__ : __set_slot 실행 종료
[2022-09-26 17:32:33.982][I][AutoBaseFunction.py(wrapper):7] __main__ : __wigets_setupUi 실행 시작
[2022-09-26 17:32:33.982][I][AutoBaseFunction.py(wrapper):8] Parameter : 
[2022-09-26 17:32:33.982][I][AutoBaseFunction.py(wrapper):7] Screen.Setup_Language : setupUI_Language 실행 시작
[2022-09-26 17:32:33.983][I][AutoBaseFunction.py(wrapper):8] Parameter : 
[2022-09-26 17:32:33.984][I][AutoBaseFunction.py(wrapper):7] Screen.Setup_Language : sl_set_slot 실행 시작
[2022-09-26 17:32:33.984][I][AutoBaseFunction.py(wrapper):8] Parameter : 
[2022-09-26 17:32:33.984][I][AutoBaseFunction.py(wrapper):14] Screen.Setup_Language : sl_set_slot 실행 종료
[2022-09-26 17:32:33.985][I][AutoBaseFunction.py(wrapper):14] Screen.Setup_Language : setupUI_Language 실행 종료
[2022-09-26 17:32:33.985][I][AutoBaseFunction.py(wrapper):7] Screen.Menu_CreateExcel : setupUI_CreateExcel 실행 시작
[2022-09-26 17:32:33.985][I][AutoBaseFunction.py(wrapper):8] Parameter : 
[2022-09-26 17:32:33.986][I][AutoBaseFunction.py(wrapper):7] Screen.Menu_CreateExcel : new_excel_func 실행 시작
[2022-09-26 17:32:33.987][I][AutoBaseFunction.py(wrapper):8] Parameter : 
[2022-09-26 17:32:33.987][I][AutoBaseFunction.py(wrapper):14] Screen.Menu_CreateExcel : new_excel_func 실행 종료
[2022-09-26 17:32:33.987][I][AutoBaseFunction.py(wrapper):7] Screen.Menu_CreateExcel : set_excel_func 실행 시작
[2022-09-26 17:32:33.988][I][AutoBaseFunction.py(wrapper):8] Parameter : 
[2022-09-26 17:32:33.988][I][AutoBaseFunction.py(wrapper):14] Screen.Menu_CreateExcel : set_excel_func 실행 종료
[2022-09-26 17:32:33.988][I][AutoBaseFunction.py(wrapper):14] Screen.Menu_CreateExcel : setupUI_CreateExcel 실행 종료
[2022-09-26 17:32:33.988][I][AutoBaseFunction.py(wrapper):7] Screen.Setup_Field : setupUI_Field 실행 시작
[2022-09-26 17:32:33.989][I][AutoBaseFunction.py(wrapper):8] Parameter : 
[2022-09-26 17:32:33.990][I][AutoBaseFunction.py(wrapper):7] Screen.Setup_Field : set_data 실행 시작
[2022-09-26 17:32:33.990][I][AutoBaseFunction.py(wrapper):8] Parameter : 
[2022-09-26 17:32:33.990][I][AutoBaseFunction.py(wrapper):14] Screen.Setup_Field : set_data 실행 종료
[2022-09-26 17:32:34.230][I][AutoBaseFunction.py(wrapper):7] Screen.Setup_Field : set_data 실행 시작
[2022-09-26 17:32:34.230][I][AutoBaseFunction.py(wrapper):8] Parameter : 
[2022-09-26 17:32:34.231][I][AutoBaseFunction.py(wrapper):14] Screen.Setup_Field : set_data 실행 종료
[2022-09-26 17:32:34.231][I][AutoBaseFunction.py(wrapper):7] Screen.Setup_Field : set_data 실행 시작
[2022-09-26 17:32:34.232][I][AutoBaseFunction.py(wrapper):8] Parameter : 
[2022-09-26 17:32:34.232][I][AutoBaseFunction.py(wrapper):14] Screen.Setup_Field : set_data 실행 종료
[2022-09-26 17:32:34.232][I][AutoBaseFunction.py(wrapper):7] Screen.Setup_Field : set_data 실행 시작
[2022-09-26 17:32:34.232][I][AutoBaseFunction.py(wrapper):8] Parameter : 
[2022-09-26 17:32:34.233][I][AutoBaseFunction.py(wrapper):14] Screen.Setup_Field : set_data 실행 종료
[2022-09-26 17:32:34.233][I][AutoBaseFunction.py(wrapper):7] Screen.Setup_Field : set_data 실행 시작
[2022-09-26 17:32:34.233][I][AutoBaseFunction.py(wrapper):8] Parameter : 
[2022-09-26 17:32:34.234][I][AutoBaseFunction.py(wrapper):14] Screen.Setup_Field : set_data 실행 종료
[2022-09-26 17:32:34.234][I][AutoBaseFunction.py(wrapper):7] Screen.Setup_Field : set_data 실행 시작
[2022-09-26 17:32:34.234][I][AutoBaseFunction.py(wrapper):8] Parameter : 
[2022-09-26 17:32:34.234][I][AutoBaseFunction.py(wrapper):14] Screen.Setup_Field : set_data 실행 종료
[2022-09-26 17:32:34.235][I][AutoBaseFunction.py(wrapper):7] Screen.Setup_Field : sl_set_slot 실행 시작
[2022-09-26 17:32:34.235][I][AutoBaseFunction.py(wrapper):8] Parameter : 
[2022-09-26 17:32:34.235][I][AutoBaseFunction.py(wrapper):14] Screen.Setup_Field : sl_set_slot 실행 종료
[2022-09-26 17:32:34.235][I][AutoBaseFunction.py(wrapper):14] Screen.Setup_Field : setupUI_Field 실행 종료
[2022-09-26 17:32:34.235][I][AutoBaseFunction.py(wrapper):7] Screen.Setup_TestList : setupUI_TestList 실행 시작
[2022-09-26 17:32:34.235][I][AutoBaseFunction.py(wrapper):8] Parameter : 
[2022-09-26 17:32:34.236][I][AutoBaseFunction.py(wrapper):7] Screen.Setup_TestList : btn_set_slot 실행 시작
[2022-09-26 17:32:34.237][I][AutoBaseFunction.py(wrapper):8] Parameter : 
[2022-09-26 17:32:34.237][I][AutoBaseFunction.py(wrapper):14] Screen.Setup_TestList : btn_set_slot 실행 종료
[2022-09-26 17:32:34.237][I][AutoBaseFunction.py(wrapper):14] Screen.Setup_TestList : setupUI_TestList 실행 종료
[2022-09-26 17:32:34.237][I][AutoBaseFunction.py(wrapper):14] __main__ : __wigets_setupUi 실행 종료
[2022-09-26 17:32:36.353][I][AutoBaseFunction.py(wrapper):7] __main__ : __sl_ui 실행 시작
[2022-09-26 17:32:36.353][I][AutoBaseFunction.py(wrapper):8] Parameter : False
[2022-09-26 17:32:36.353][I][AutoBaseFunction.py(wrapper):7] Screen.Setup_Language : setLang_Button 실행 시작
[2022-09-26 17:32:36.353][I][AutoBaseFunction.py(wrapper):8] Parameter : 
[2022-09-26 17:32:36.354][I][AutoBaseFunction.py(wrapper):14] Screen.Setup_Language : setLang_Button 실행 종료
[2022-09-26 17:32:36.364][I][AutoBaseFunction.py(wrapper):14] __main__ : __sl_ui 실행 종료
[2022-09-26 17:32:43.102][I][AutoBaseFunction.py(wrapper):7] Screen.Setup_Language : keyPressEvent 실행 시작
[2022-09-26 17:32:43.102][I][AutoBaseFunction.py(wrapper):8] Parameter : <PyQt5.QtGui.QKeyEvent object at 0x000001EEF43CA4C8>
[2022-09-26 17:32:43.102][I][AutoBaseFunction.py(wrapper):14] Screen.Setup_Language : keyPressEvent 실행 종료
[2022-09-26 17:32:45.565][I][AutoBaseFunction.py(wrapper):7] Screen.Setup_Language : ok_Button_clicked 실행 시작
[2022-09-26 17:32:45.566][I][AutoBaseFunction.py(wrapper):8] Parameter : False
