[2022-09-26 15:43:15.533][D][LogManager.py(Init):12] LogManager Init function called !!!
[2022-09-26 15:43:15.632][I][AutoBaseFunction.py(wrapper):7] Screen.MainWindow : setupUi 실행 시작
[2022-09-26 15:43:15.632][I][AutoBaseFunction.py(wrapper):8] Parameter : 
[2022-09-26 15:43:15.773][I][AutoBaseFunction.py(wrapper):7] Screen.MainWindow : set_field 실행 시작
[2022-09-26 15:43:15.773][I][AutoBaseFunction.py(wrapper):8] Parameter : 
[2022-09-26 15:43:15.830][I][AutoBaseFunction.py(wrapper):14] Screen.MainWindow : set_field 실행 종료
[2022-09-26 15:43:15.831][I][AutoBaseFunction.py(wrapper):7] Screen.MainWindow : setWidget_func 실행 시작
[2022-09-26 15:43:15.831][I][AutoBaseFunction.py(wrapper):8] Parameter : 
[2022-09-26 15:43:15.832][I][AutoBaseFunction.py(wrapper):14] Screen.MainWindow : setWidget_func 실행 종료
[2022-09-26 15:43:15.835][I][AutoBaseFunction.py(wrapper):14] Screen.MainWindow : setupUi 실행 종료
[2022-09-26 15:43:15.841][I][AutoBaseFunction.py(wrapper):7] __main__ : __set_slot 실행 시작
[2022-09-26 15:43:15.841][I][AutoBaseFunction.py(wrapper):8] Parameter : 
[2022-09-26 15:43:15.842][I][AutoBaseFunction.py(wrapper):14] __main__ : __set_slot 실행 종료
[2022-09-26 15:43:15.842][I][AutoBaseFunction.py(wrapper):7] __main__ : __wigets_setupUi 실행 시작
[2022-09-26 15:43:15.842][I][AutoBaseFunction.py(wrapper):8] Parameter : 
[2022-09-26 15:43:15.843][I][AutoBaseFunction.py(wrapper):7] Screen.Setup_Language : setupUI_Language 실행 시작
[2022-09-26 15:43:15.843][I][AutoBaseFunction.py(wrapper):8] Parameter : 
[2022-09-26 15:43:15.844][I][AutoBaseFunction.py(wrapper):7] Screen.Setup_Language : sl_set_slot 실행 시작
[2022-09-26 15:43:15.844][I][AutoBaseFunction.py(wrapper):8] Parameter : 
[2022-09-26 15:43:15.844][I][AutoBaseFunction.py(wrapper):14] Screen.Setup_Language : sl_set_slot 실행 종료
[2022-09-26 15:43:15.845][I][AutoBaseFunction.py(wrapper):14] Screen.Setup_Language : setupUI_Language 실행 종료
[2022-09-26 15:43:15.845][I][AutoBaseFunction.py(wrapper):7] Screen.Menu_CreateExcel : setupUI_CreateExcel 실행 시작
[2022-09-26 15:43:15.845][I][AutoBaseFunction.py(wrapper):8] Parameter : 
[2022-09-26 15:43:15.846][I][AutoBaseFunction.py(wrapper):7] Screen.Menu_CreateExcel : new_excel_func 실행 시작
[2022-09-26 15:43:15.847][I][AutoBaseFunction.py(wrapper):8] Parameter : 
[2022-09-26 15:43:15.847][I][AutoBaseFunction.py(wrapper):14] Screen.Menu_CreateExcel : new_excel_func 실행 종료
[2022-09-26 15:43:15.847][I][AutoBaseFunction.py(wrapper):7] Screen.Menu_CreateExcel : set_excel_func 실행 시작
[2022-09-26 15:43:15.848][I][AutoBaseFunction.py(wrapper):8] Parameter : 
[2022-09-26 15:43:15.848][I][AutoBaseFunction.py(wrapper):14] Screen.Menu_CreateExcel : set_excel_func 실행 종료
[2022-09-26 15:43:15.849][I][AutoBaseFunction.py(wrapper):14] Screen.Menu_CreateExcel : setupUI_CreateExcel 실행 종료
[2022-09-26 15:43:15.849][I][AutoBaseFunction.py(wrapper):7] Screen.Setup_Field : setupUI_Field 실행 시작
[2022-09-26 15:43:15.849][I][AutoBaseFunction.py(wrapper):8] Parameter : 
[2022-09-26 15:43:15.850][I][AutoBaseFunction.py(wrapper):7] Screen.Setup_Field : set_data 실행 시작
[2022-09-26 15:43:15.850][I][AutoBaseFunction.py(wrapper):8] Parameter : 
[2022-09-26 15:43:15.851][I][AutoBaseFunction.py(wrapper):14] Screen.Setup_Field : set_data 실행 종료
[2022-09-26 15:43:16.194][I][AutoBaseFunction.py(wrapper):7] Screen.Setup_Field : set_data 실행 시작
[2022-09-26 15:43:16.194][I][AutoBaseFunction.py(wrapper):8] Parameter : 
[2022-09-26 15:43:16.194][I][AutoBaseFunction.py(wrapper):14] Screen.Setup_Field : set_data 실행 종료
[2022-09-26 15:43:16.195][I][AutoBaseFunction.py(wrapper):7] Screen.Setup_Field : set_data 실행 시작
[2022-09-26 15:43:16.195][I][AutoBaseFunction.py(wrapper):8] Parameter : 
[2022-09-26 15:43:16.195][I][AutoBaseFunction.py(wrapper):14] Screen.Setup_Field : set_data 실행 종료
[2022-09-26 15:43:16.196][I][AutoBaseFunction.py(wrapper):7] Screen.Setup_Field : set_data 실행 시작
[2022-09-26 15:43:16.196][I][AutoBaseFunction.py(wrapper):8] Parameter : 
[2022-09-26 15:43:16.196][I][AutoBaseFunction.py(wrapper):14] Screen.Setup_Field : set_data 실행 종료
[2022-09-26 15:43:16.196][I][AutoBaseFunction.py(wrapper):7] Screen.Setup_Field : set_data 실행 시작
[2022-09-26 15:43:16.197][I][AutoBaseFunction.py(wrapper):8] Parameter : 
[2022-09-26 15:43:16.197][I][AutoBaseFunction.py(wrapper):14] Screen.Setup_Field : set_data 실행 종료
[2022-09-26 15:43:16.197][I][AutoBaseFunction.py(wrapper):7] Screen.Setup_Field : set_data 실행 시작
[2022-09-26 15:43:16.197][I][AutoBaseFunction.py(wrapper):8] Parameter : 
[2022-09-26 15:43:16.198][I][AutoBaseFunction.py(wrapper):14] Screen.Setup_Field : set_data 실행 종료
[2022-09-26 15:43:16.198][I][AutoBaseFunction.py(wrapper):7] Screen.Setup_Field : sl_set_slot 실행 시작
[2022-09-26 15:43:16.198][I][AutoBaseFunction.py(wrapper):8] Parameter : 
[2022-09-26 15:43:16.198][I][AutoBaseFunction.py(wrapper):14] Screen.Setup_Field : sl_set_slot 실행 종료
[2022-09-26 15:43:16.199][I][AutoBaseFunction.py(wrapper):14] Screen.Setup_Field : setupUI_Field 실행 종료
[2022-09-26 15:43:16.199][I][AutoBaseFunction.py(wrapper):7] Screen.Setup_TestList : setupUI_TestList 실행 시작
[2022-09-26 15:43:16.199][I][AutoBaseFunction.py(wrapper):8] Parameter : 
[2022-09-26 15:43:16.200][I][AutoBaseFunction.py(wrapper):7] Screen.Setup_TestList : btn_set_slot 실행 시작
[2022-09-26 15:43:16.200][I][AutoBaseFunction.py(wrapper):8] Parameter : 
[2022-09-26 15:43:16.200][I][AutoBaseFunction.py(wrapper):14] Screen.Setup_TestList : btn_set_slot 실행 종료
[2022-09-26 15:43:16.201][I][AutoBaseFunction.py(wrapper):14] Screen.Setup_TestList : setupUI_TestList 실행 종료
[2022-09-26 15:43:16.201][I][AutoBaseFunction.py(wrapper):14] __main__ : __wigets_setupUi 실행 종료
[2022-09-26 15:43:19.570][I][AutoBaseFunction.py(wrapper):7] __main__ : __sl_ui 실행 시작
[2022-09-26 15:43:19.570][I][AutoBaseFunction.py(wrapper):8] Parameter : False
[2022-09-26 15:43:19.571][I][AutoBaseFunction.py(wrapper):7] Screen.Setup_Language : setLang_Button 실행 시작
[2022-09-26 15:43:19.571][I][AutoBaseFunction.py(wrapper):8] Parameter : 
[2022-09-26 15:43:19.572][I][AutoBaseFunction.py(wrapper):14] Screen.Setup_Language : setLang_Button 실행 종료
[2022-09-26 15:43:19.583][I][AutoBaseFunction.py(wrapper):14] __main__ : __sl_ui 실행 종료
[2022-09-26 15:43:22.569][I][AutoBaseFunction.py(wrapper):7] Screen.Setup_Language : ok_Button_clicked 실행 시작
[2022-09-26 15:43:22.570][I][AutoBaseFunction.py(wrapper):8] Parameter : False
[2022-09-26 15:43:22.686][I][AutoBaseFunction.py(wrapper):7] Screen.Setup_Language : closeEvent 실행 시작
[2022-09-26 15:43:22.686][I][AutoBaseFunction.py(wrapper):8] Parameter : <PyQt5.QtGui.QCloseEvent object at 0x000001E46D27B828>
[2022-09-26 15:43:22.687][I][AutoBaseFunction.py(wrapper):14] Screen.Setup_Language : closeEvent 실행 종료
[2022-09-26 15:43:22.693][I][AutoBaseFunction.py(wrapper):14] Screen.Setup_Language : ok_Button_clicked 실행 종료
[2022-09-26 15:43:25.315][I][AutoBaseFunction.py(wrapper):7] __main__ : __sf_ui 실행 시작
[2022-09-26 15:43:25.316][I][AutoBaseFunction.py(wrapper):8] Parameter : False
[2022-09-26 15:43:25.328][I][AutoBaseFunction.py(wrapper):14] __main__ : __sf_ui 실행 종료
[2022-09-26 15:43:26.921][I][AutoBaseFunction.py(wrapper):7] Screen.Setup_Field : ok_Button_clicked 실행 시작
[2022-09-26 15:43:26.922][I][AutoBaseFunction.py(wrapper):8] Parameter : False
[2022-09-26 15:43:27.015][I][AutoBaseFunction.py(wrapper):7] Screen.MainWindow : set_field 실행 시작
[2022-09-26 15:43:27.015][I][AutoBaseFunction.py(wrapper):8] Parameter : 
[2022-09-26 15:43:27.016][I][AutoBaseFunction.py(wrapper):14] Screen.MainWindow : set_field 실행 종료
[2022-09-26 15:43:27.017][I][AutoBaseFunction.py(wrapper):7] Screen.Setup_Field : closeEvent 실행 시작
[2022-09-26 15:43:27.017][I][AutoBaseFunction.py(wrapper):8] Parameter : <PyQt5.QtGui.QCloseEvent object at 0x000001E46D16B168>
[2022-09-26 15:43:27.018][I][AutoBaseFunction.py(wrapper):14] Screen.Setup_Field : closeEvent 실행 종료
[2022-09-26 15:43:27.023][I][AutoBaseFunction.py(wrapper):14] Screen.Setup_Field : ok_Button_clicked 실행 종료
[2022-09-26 15:43:29.050][I][AutoBaseFunction.py(wrapper):7] __main__ : __tl_ui 실행 시작
[2022-09-26 15:43:29.051][I][AutoBaseFunction.py(wrapper):8] Parameter : False
[2022-09-26 15:43:29.051][I][AutoBaseFunction.py(wrapper):7] Screen.Setup_TestList : setTest_Button 실행 시작
[2022-09-26 15:43:29.052][I][AutoBaseFunction.py(wrapper):8] Parameter : 
[2022-09-26 15:43:29.054][I][AutoBaseFunction.py(wrapper):14] Screen.Setup_TestList : setTest_Button 실행 종료
[2022-09-26 15:43:29.066][I][AutoBaseFunction.py(wrapper):14] __main__ : __tl_ui 실행 종료
[2022-09-26 15:43:30.218][I][AutoBaseFunction.py(wrapper):7] Screen.Setup_TestList : ok_Button_clicked 실행 시작
[2022-09-26 15:43:30.218][I][AutoBaseFunction.py(wrapper):8] Parameter : False
[2022-09-26 15:43:30.305][I][AutoBaseFunction.py(wrapper):7] Screen.MainWindow : setWidget_func 실행 시작
[2022-09-26 15:43:30.305][I][AutoBaseFunction.py(wrapper):8] Parameter : 
[2022-09-26 15:43:30.306][I][AutoBaseFunction.py(wrapper):14] Screen.MainWindow : setWidget_func 실행 종료
[2022-09-26 15:43:30.306][I][AutoBaseFunction.py(wrapper):7] Screen.Setup_TestList : closeEvent 실행 시작
[2022-09-26 15:43:30.307][I][AutoBaseFunction.py(wrapper):8] Parameter : <PyQt5.QtGui.QCloseEvent object at 0x000001E46D19E0D8>
[2022-09-26 15:43:30.307][I][AutoBaseFunction.py(wrapper):14] Screen.Setup_TestList : closeEvent 실행 종료
[2022-09-26 15:43:30.314][I][AutoBaseFunction.py(wrapper):14] Screen.Setup_TestList : ok_Button_clicked 실행 종료
[2022-09-26 15:43:34.323][I][AutoBaseFunction.py(wrapper):7] __main__ : __sf_ui 실행 시작
[2022-09-26 15:43:34.323][I][AutoBaseFunction.py(wrapper):8] Parameter : False
[2022-09-26 15:43:34.328][I][AutoBaseFunction.py(wrapper):14] __main__ : __sf_ui 실행 종료
[2022-09-26 15:43:35.249][I][AutoBaseFunction.py(wrapper):7] Screen.Setup_Field : closeEvent 실행 시작
[2022-09-26 15:43:35.250][I][AutoBaseFunction.py(wrapper):8] Parameter : <PyQt5.QtGui.QCloseEvent object at 0x000001E46D19E0D8>
[2022-09-26 15:43:35.251][I][AutoBaseFunction.py(wrapper):14] Screen.Setup_Field : closeEvent 실행 종료
[2022-09-26 15:43:39.950][I][AutoBaseFunction.py(wrapper):7] Screen.MainWindow : update_open_menu 실행 시작
[2022-09-26 15:43:39.951][I][AutoBaseFunction.py(wrapper):8] Parameter : 
[2022-09-26 15:43:39.952][I][AutoBaseFunction.py(wrapper):14] Screen.MainWindow : update_open_menu 실행 종료
[2022-09-26 15:43:41.197][I][AutoBaseFunction.py(wrapper):7] Screen.MainWindow : show_imgList 실행 시작
[2022-09-26 15:43:41.197][I][AutoBaseFunction.py(wrapper):8] Parameter : ('한국어', 'D:/test/TestList_CSV/2022_skillup'), True, True
[2022-09-26 15:43:41.254][I][AutoBaseFunction.py(wrapper):7] Screen.MainWindow : qbutton_clicked 실행 시작
[2022-09-26 15:43:41.255][I][AutoBaseFunction.py(wrapper):8] Parameter : None, 0, <Screen.MainWindow.QPushButtonIcon object at 0x000001E46D2D7AF8>, False
[2022-09-26 15:43:41.270][I][AutoBaseFunction.py(wrapper):14] Screen.MainWindow : qbutton_clicked 실행 종료
[2022-09-26 15:43:41.270][I][AutoBaseFunction.py(wrapper):14] Screen.MainWindow : show_imgList 실행 종료
[2022-09-26 15:43:42.481][I][AutoBaseFunction.py(wrapper):7] Screen.MainWindow : update_open_menu 실행 시작
[2022-09-26 15:43:42.481][I][AutoBaseFunction.py(wrapper):8] Parameter : 
[2022-09-26 15:43:42.483][I][AutoBaseFunction.py(wrapper):14] Screen.MainWindow : update_open_menu 실행 종료
[2022-09-26 15:43:44.195][I][AutoBaseFunction.py(wrapper):7] Screen.MainWindow : save_result 실행 시작
[2022-09-26 15:43:44.195][I][AutoBaseFunction.py(wrapper):8] Parameter : False
