[2022-09-22 11:20:20.571][D][LogManager.py(Init):12] LogManager Init function called !!!
[2022-09-22 11:20:20.586][I][AutoBaseFunction.py(wrapper):7] Screen.MainWindow : setupUi 실행 시작
[2022-09-22 11:20:20.586][I][AutoBaseFunction.py(wrapper):8] Parameter : 
[2022-09-22 11:20:20.607][I][AutoBaseFunction.py(wrapper):7] Screen.MainWindow : set_field 실행 시작
[2022-09-22 11:20:20.607][I][AutoBaseFunction.py(wrapper):8] Parameter : 
[2022-09-22 11:20:20.634][I][AutoBaseFunction.py(wrapper):14] Screen.MainWindow : set_field 실행 종료
[2022-09-22 11:20:20.634][I][AutoBaseFunction.py(wrapper):7] Screen.MainWindow : setWidget_func 실행 시작
[2022-09-22 11:20:20.634][I][AutoBaseFunction.py(wrapper):8] Parameter : 
[2022-09-22 11:20:20.636][I][AutoBaseFunction.py(wrapper):14] Screen.MainWindow : setWidget_func 실행 종료
[2022-09-22 11:20:20.638][I][AutoBaseFunction.py(wrapper):14] Screen.MainWindow : setupUi 실행 종료
[2022-09-22 11:20:20.644][I][AutoBaseFunction.py(wrapper):7] __main__ : __set_slot 실행 시작
[2022-09-22 11:20:20.645][I][AutoBaseFunction.py(wrapper):8] Parameter : 
[2022-09-22 11:20:20.645][I][AutoBaseFunction.py(wrapper):14] __main__ : __set_slot 실행 종료
[2022-09-22 11:20:20.645][I][AutoBaseFunction.py(wrapper):7] __main__ : __wigets_setupUi 실행 시작
[2022-09-22 11:20:20.645][I][AutoBaseFunction.py(wrapper):8] Parameter : 
[2022-09-22 11:20:20.646][I][AutoBaseFunction.py(wrapper):7] Screen.Setup_Language : setupUI_Language 실행 시작
[2022-09-22 11:20:20.646][I][AutoBaseFunction.py(wrapper):8] Parameter : 
[2022-09-22 11:20:20.647][I][AutoBaseFunction.py(wrapper):7] Screen.Setup_Language : sl_set_slot 실행 시작
[2022-09-22 11:20:20.647][I][AutoBaseFunction.py(wrapper):8] Parameter : 
[2022-09-22 11:20:20.647][I][AutoBaseFunction.py(wrapper):14] Screen.Setup_Language : sl_set_slot 실행 종료
[2022-09-22 11:20:20.648][I][AutoBaseFunction.py(wrapper):14] Screen.Setup_Language : setupUI_Language 실행 종료
[2022-09-22 11:20:20.648][I][AutoBaseFunction.py(wrapper):7] Screen.Menu_CreateExcel : setupUI_CreateExcel 실행 시작
[2022-09-22 11:20:20.648][I][AutoBaseFunction.py(wrapper):8] Parameter : 
[2022-09-22 11:20:20.649][I][AutoBaseFunction.py(wrapper):7] Screen.Menu_CreateExcel : new_excel_func 실행 시작
[2022-09-22 11:20:20.649][I][AutoBaseFunction.py(wrapper):8] Parameter : 
[2022-09-22 11:20:20.649][I][AutoBaseFunction.py(wrapper):14] Screen.Menu_CreateExcel : new_excel_func 실행 종료
[2022-09-22 11:20:20.650][I][AutoBaseFunction.py(wrapper):7] Screen.Menu_CreateExcel : set_excel_func 실행 시작
[2022-09-22 11:20:20.650][I][AutoBaseFunction.py(wrapper):8] Parameter : 
[2022-09-22 11:20:20.650][I][AutoBaseFunction.py(wrapper):14] Screen.Menu_CreateExcel : set_excel_func 실행 종료
[2022-09-22 11:20:20.650][I][AutoBaseFunction.py(wrapper):14] Screen.Menu_CreateExcel : setupUI_CreateExcel 실행 종료
[2022-09-22 11:20:20.651][I][AutoBaseFunction.py(wrapper):7] Screen.Setup_Field : setupUI_Field 실행 시작
[2022-09-22 11:20:20.651][I][AutoBaseFunction.py(wrapper):8] Parameter : 
[2022-09-22 11:20:20.651][I][AutoBaseFunction.py(wrapper):7] Screen.Setup_Field : set_data 실행 시작
[2022-09-22 11:20:20.652][I][AutoBaseFunction.py(wrapper):8] Parameter : 
[2022-09-22 11:20:20.652][I][AutoBaseFunction.py(wrapper):14] Screen.Setup_Field : set_data 실행 종료
[2022-09-22 11:20:20.873][I][AutoBaseFunction.py(wrapper):7] Screen.Setup_Field : set_data 실행 시작
[2022-09-22 11:20:20.873][I][AutoBaseFunction.py(wrapper):8] Parameter : 
[2022-09-22 11:20:20.874][I][AutoBaseFunction.py(wrapper):14] Screen.Setup_Field : set_data 실행 종료
[2022-09-22 11:20:20.874][I][AutoBaseFunction.py(wrapper):7] Screen.Setup_Field : set_data 실행 시작
[2022-09-22 11:20:20.874][I][AutoBaseFunction.py(wrapper):8] Parameter : 
[2022-09-22 11:20:20.875][I][AutoBaseFunction.py(wrapper):14] Screen.Setup_Field : set_data 실행 종료
[2022-09-22 11:20:20.875][I][AutoBaseFunction.py(wrapper):7] Screen.Setup_Field : set_data 실행 시작
[2022-09-22 11:20:20.875][I][AutoBaseFunction.py(wrapper):8] Parameter : 
[2022-09-22 11:20:20.876][I][AutoBaseFunction.py(wrapper):14] Screen.Setup_Field : set_data 실행 종료
[2022-09-22 11:20:20.876][I][AutoBaseFunction.py(wrapper):7] Screen.Setup_Field : set_data 실행 시작
[2022-09-22 11:20:20.876][I][AutoBaseFunction.py(wrapper):8] Parameter : 
[2022-09-22 11:20:20.877][I][AutoBaseFunction.py(wrapper):14] Screen.Setup_Field : set_data 실행 종료
[2022-09-22 11:20:20.877][I][AutoBaseFunction.py(wrapper):7] Screen.Setup_Field : set_data 실행 시작
[2022-09-22 11:20:20.877][I][AutoBaseFunction.py(wrapper):8] Parameter : 
[2022-09-22 11:20:20.877][I][AutoBaseFunction.py(wrapper):14] Screen.Setup_Field : set_data 실행 종료
[2022-09-22 11:20:20.878][I][AutoBaseFunction.py(wrapper):7] Screen.Setup_Field : sl_set_slot 실행 시작
[2022-09-22 11:20:20.878][I][AutoBaseFunction.py(wrapper):8] Parameter : 
[2022-09-22 11:20:20.878][I][AutoBaseFunction.py(wrapper):14] Screen.Setup_Field : sl_set_slot 실행 종료
[2022-09-22 11:20:20.878][I][AutoBaseFunction.py(wrapper):14] Screen.Setup_Field : setupUI_Field 실행 종료
[2022-09-22 11:20:20.878][I][AutoBaseFunction.py(wrapper):7] Screen.Setup_TestList : setupUI_TestList 실행 시작
[2022-09-22 11:20:20.879][I][AutoBaseFunction.py(wrapper):8] Parameter : 
[2022-09-22 11:20:20.880][I][AutoBaseFunction.py(wrapper):7] Screen.Setup_TestList : btn_set_slot 실행 시작
[2022-09-22 11:20:20.880][I][AutoBaseFunction.py(wrapper):8] Parameter : 
[2022-09-22 11:20:20.880][I][AutoBaseFunction.py(wrapper):14] Screen.Setup_TestList : btn_set_slot 실행 종료
[2022-09-22 11:20:20.880][I][AutoBaseFunction.py(wrapper):14] Screen.Setup_TestList : setupUI_TestList 실행 종료
[2022-09-22 11:20:20.881][I][AutoBaseFunction.py(wrapper):14] __main__ : __wigets_setupUi 실행 종료
[2022-09-22 11:20:23.386][I][AutoBaseFunction.py(wrapper):7] Screen.MainWindow : update_open_menu 실행 시작
[2022-09-22 11:20:23.386][I][AutoBaseFunction.py(wrapper):8] Parameter : 
[2022-09-22 11:20:23.388][I][AutoBaseFunction.py(wrapper):14] Screen.MainWindow : update_open_menu 실행 종료
[2022-09-22 11:20:30.140][I][AutoBaseFunction.py(wrapper):7] Screen.MainWindow : update_open_menu 실행 시작
[2022-09-22 11:20:30.140][I][AutoBaseFunction.py(wrapper):8] Parameter : 
[2022-09-22 11:20:30.141][I][AutoBaseFunction.py(wrapper):14] Screen.MainWindow : update_open_menu 실행 종료
[2022-09-22 11:20:30.994][I][AutoBaseFunction.py(wrapper):7] Screen.MainWindow : update_open_menu 실행 시작
[2022-09-22 11:20:30.995][I][AutoBaseFunction.py(wrapper):8] Parameter : 
[2022-09-22 11:20:30.996][I][AutoBaseFunction.py(wrapper):14] Screen.MainWindow : update_open_menu 실행 종료
[2022-09-22 11:20:41.658][I][AutoBaseFunction.py(wrapper):7] Screen.MainWindow : update_open_menu 실행 시작
[2022-09-22 11:20:41.658][I][AutoBaseFunction.py(wrapper):8] Parameter : 
[2022-09-22 11:20:41.659][I][AutoBaseFunction.py(wrapper):14] Screen.MainWindow : update_open_menu 실행 종료
