[2022-09-26 17:16:09.443][D][LogManager.py(Init):12] LogManager Init function called !!!
[2022-09-26 17:16:09.461][I][AutoBaseFunction.py(wrapper):7] Screen.MainWindow : setupUi 실행 시작
[2022-09-26 17:16:09.461][I][AutoBaseFunction.py(wrapper):8] Parameter : 
[2022-09-26 17:16:09.483][I][AutoBaseFunction.py(wrapper):7] Screen.MainWindow : set_field 실행 시작
[2022-09-26 17:16:09.483][I][AutoBaseFunction.py(wrapper):8] Parameter : 
[2022-09-26 17:16:09.517][I][AutoBaseFunction.py(wrapper):14] Screen.MainWindow : set_field 실행 종료
[2022-09-26 17:16:09.518][I][AutoBaseFunction.py(wrapper):7] Screen.MainWindow : setWidget_func 실행 시작
[2022-09-26 17:16:09.518][I][AutoBaseFunction.py(wrapper):8] Parameter : 
[2022-09-26 17:16:09.520][I][AutoBaseFunction.py(wrapper):14] Screen.MainWindow : setWidget_func 실행 종료
[2022-09-26 17:16:09.523][I][AutoBaseFunction.py(wrapper):14] Screen.MainWindow : setupUi 실행 종료
[2022-09-26 17:16:09.537][I][AutoBaseFunction.py(wrapper):7] __main__ : __set_slot 실행 시작
[2022-09-26 17:16:09.538][I][AutoBaseFunction.py(wrapper):8] Parameter : 
[2022-09-26 17:16:09.539][I][AutoBaseFunction.py(wrapper):14] __main__ : __set_slot 실행 종료
[2022-09-26 17:16:09.539][I][AutoBaseFunction.py(wrapper):7] __main__ : __wigets_setupUi 실행 시작
[2022-09-26 17:16:09.539][I][AutoBaseFunction.py(wrapper):8] Parameter : 
[2022-09-26 17:16:09.539][I][AutoBaseFunction.py(wrapper):7] Screen.Setup_Language : setupUI_Language 실행 시작
[2022-09-26 17:16:09.540][I][AutoBaseFunction.py(wrapper):8] Parameter : 
[2022-09-26 17:16:09.541][I][AutoBaseFunction.py(wrapper):7] Screen.Setup_Language : sl_set_slot 실행 시작
[2022-09-26 17:16:09.541][I][AutoBaseFunction.py(wrapper):8] Parameter : 
[2022-09-26 17:16:09.541][I][AutoBaseFunction.py(wrapper):14] Screen.Setup_Language : sl_set_slot 실행 종료
[2022-09-26 17:16:09.541][I][AutoBaseFunction.py(wrapper):14] Screen.Setup_Language : setupUI_Language 실행 종료
[2022-09-26 17:16:09.541][I][AutoBaseFunction.py(wrapper):7] Screen.Menu_CreateExcel : setupUI_CreateExcel 실행 시작
[2022-09-26 17:16:09.542][I][AutoBaseFunction.py(wrapper):8] Parameter : 
[2022-09-26 17:16:09.542][I][AutoBaseFunction.py(wrapper):7] Screen.Menu_CreateExcel : new_excel_func 실행 시작
[2022-09-26 17:16:09.543][I][AutoBaseFunction.py(wrapper):8] Parameter : 
[2022-09-26 17:16:09.543][I][AutoBaseFunction.py(wrapper):14] Screen.Menu_CreateExcel : new_excel_func 실행 종료
[2022-09-26 17:16:09.544][I][AutoBaseFunction.py(wrapper):7] Screen.Menu_CreateExcel : set_excel_func 실행 시작
[2022-09-26 17:16:09.545][I][AutoBaseFunction.py(wrapper):8] Parameter : 
[2022-09-26 17:16:09.545][I][AutoBaseFunction.py(wrapper):14] Screen.Menu_CreateExcel : set_excel_func 실행 종료
[2022-09-26 17:16:09.546][I][AutoBaseFunction.py(wrapper):14] Screen.Menu_CreateExcel : setupUI_CreateExcel 실행 종료
[2022-09-26 17:16:09.546][I][AutoBaseFunction.py(wrapper):7] Screen.Setup_Field : setupUI_Field 실행 시작
[2022-09-26 17:16:09.547][I][AutoBaseFunction.py(wrapper):8] Parameter : 
[2022-09-26 17:16:09.548][I][AutoBaseFunction.py(wrapper):7] Screen.Setup_Field : set_data 실행 시작
[2022-09-26 17:16:09.549][I][AutoBaseFunction.py(wrapper):8] Parameter : 
[2022-09-26 17:16:09.549][I][AutoBaseFunction.py(wrapper):14] Screen.Setup_Field : set_data 실행 종료
[2022-09-26 17:16:09.794][I][AutoBaseFunction.py(wrapper):7] Screen.Setup_Field : set_data 실행 시작
[2022-09-26 17:16:09.795][I][AutoBaseFunction.py(wrapper):8] Parameter : 
[2022-09-26 17:16:09.795][I][AutoBaseFunction.py(wrapper):14] Screen.Setup_Field : set_data 실행 종료
[2022-09-26 17:16:09.796][I][AutoBaseFunction.py(wrapper):7] Screen.Setup_Field : set_data 실행 시작
[2022-09-26 17:16:09.796][I][AutoBaseFunction.py(wrapper):8] Parameter : 
[2022-09-26 17:16:09.796][I][AutoBaseFunction.py(wrapper):14] Screen.Setup_Field : set_data 실행 종료
[2022-09-26 17:16:09.796][I][AutoBaseFunction.py(wrapper):7] Screen.Setup_Field : set_data 실행 시작
[2022-09-26 17:16:09.797][I][AutoBaseFunction.py(wrapper):8] Parameter : 
[2022-09-26 17:16:09.797][I][AutoBaseFunction.py(wrapper):14] Screen.Setup_Field : set_data 실행 종료
[2022-09-26 17:16:09.797][I][AutoBaseFunction.py(wrapper):7] Screen.Setup_Field : set_data 실행 시작
[2022-09-26 17:16:09.797][I][AutoBaseFunction.py(wrapper):8] Parameter : 
[2022-09-26 17:16:09.798][I][AutoBaseFunction.py(wrapper):14] Screen.Setup_Field : set_data 실행 종료
[2022-09-26 17:16:09.798][I][AutoBaseFunction.py(wrapper):7] Screen.Setup_Field : set_data 실행 시작
[2022-09-26 17:16:09.798][I][AutoBaseFunction.py(wrapper):8] Parameter : 
[2022-09-26 17:16:09.799][I][AutoBaseFunction.py(wrapper):14] Screen.Setup_Field : set_data 실행 종료
[2022-09-26 17:16:09.799][I][AutoBaseFunction.py(wrapper):7] Screen.Setup_Field : sl_set_slot 실행 시작
[2022-09-26 17:16:09.799][I][AutoBaseFunction.py(wrapper):8] Parameter : 
[2022-09-26 17:16:09.799][I][AutoBaseFunction.py(wrapper):14] Screen.Setup_Field : sl_set_slot 실행 종료
[2022-09-26 17:16:09.800][I][AutoBaseFunction.py(wrapper):14] Screen.Setup_Field : setupUI_Field 실행 종료
[2022-09-26 17:16:09.800][I][AutoBaseFunction.py(wrapper):7] Screen.Setup_TestList : setupUI_TestList 실행 시작
[2022-09-26 17:16:09.800][I][AutoBaseFunction.py(wrapper):8] Parameter : 
[2022-09-26 17:16:09.801][I][AutoBaseFunction.py(wrapper):7] Screen.Setup_TestList : btn_set_slot 실행 시작
[2022-09-26 17:16:09.801][I][AutoBaseFunction.py(wrapper):8] Parameter : 
[2022-09-26 17:16:09.802][I][AutoBaseFunction.py(wrapper):14] Screen.Setup_TestList : btn_set_slot 실행 종료
[2022-09-26 17:16:09.802][I][AutoBaseFunction.py(wrapper):14] Screen.Setup_TestList : setupUI_TestList 실행 종료
[2022-09-26 17:16:09.802][I][AutoBaseFunction.py(wrapper):14] __main__ : __wigets_setupUi 실행 종료
[2022-09-26 17:16:17.687][I][AutoBaseFunction.py(wrapper):7] __main__ : __sl_ui 실행 시작
[2022-09-26 17:16:17.687][I][AutoBaseFunction.py(wrapper):8] Parameter : False
[2022-09-26 17:16:17.688][I][AutoBaseFunction.py(wrapper):7] Screen.Setup_Language : setLang_Button 실행 시작
[2022-09-26 17:16:17.688][I][AutoBaseFunction.py(wrapper):8] Parameter : 
[2022-09-26 17:16:17.688][I][AutoBaseFunction.py(wrapper):14] Screen.Setup_Language : setLang_Button 실행 종료
[2022-09-26 17:16:17.700][I][AutoBaseFunction.py(wrapper):14] __main__ : __sl_ui 실행 종료
[2022-09-26 17:16:26.597][I][AutoBaseFunction.py(wrapper):7] Screen.Setup_Language : ok_Button_clicked 실행 시작
[2022-09-26 17:16:26.597][I][AutoBaseFunction.py(wrapper):8] Parameter : False
