[2022-09-26 19:15:03.237][D][LogManager.py(Init):12] LogManager Init function called !!!
[2022-09-26 19:15:03.250][I][AutoBaseFunction.py(wrapper):7] Screen.MainWindow : setupUi 실행 시작
[2022-09-26 19:15:03.250][I][AutoBaseFunction.py(wrapper):8] Parameter : 
[2022-09-26 19:15:03.266][I][AutoBaseFunction.py(wrapper):7] Screen.MainWindow : set_field 실행 시작
[2022-09-26 19:15:03.266][I][AutoBaseFunction.py(wrapper):8] Parameter : 
[2022-09-26 19:15:03.292][I][AutoBaseFunction.py(wrapper):14] Screen.MainWindow : set_field 실행 종료
[2022-09-26 19:15:03.293][I][AutoBaseFunction.py(wrapper):7] Screen.MainWindow : setWidget_func 실행 시작
[2022-09-26 19:15:03.294][I][AutoBaseFunction.py(wrapper):8] Parameter : 
[2022-09-26 19:15:03.295][I][AutoBaseFunction.py(wrapper):14] Screen.MainWindow : setWidget_func 실행 종료
[2022-09-26 19:15:03.297][I][AutoBaseFunction.py(wrapper):14] Screen.MainWindow : setupUi 실행 종료
[2022-09-26 19:15:03.304][I][AutoBaseFunction.py(wrapper):7] __main__ : __set_slot 실행 시작
[2022-09-26 19:15:03.304][I][AutoBaseFunction.py(wrapper):8] Parameter : 
[2022-09-26 19:15:03.304][I][AutoBaseFunction.py(wrapper):14] __main__ : __set_slot 실행 종료
[2022-09-26 19:15:03.305][I][AutoBaseFunction.py(wrapper):7] __main__ : __wigets_setupUi 실행 시작
[2022-09-26 19:15:03.305][I][AutoBaseFunction.py(wrapper):8] Parameter : 
[2022-09-26 19:15:03.305][I][AutoBaseFunction.py(wrapper):7] Screen.Setup_Language : setupUI_Language 실행 시작
[2022-09-26 19:15:03.306][I][AutoBaseFunction.py(wrapper):8] Parameter : 
[2022-09-26 19:15:03.306][I][AutoBaseFunction.py(wrapper):7] Screen.Setup_Language : sl_set_slot 실행 시작
[2022-09-26 19:15:03.307][I][AutoBaseFunction.py(wrapper):8] Parameter : 
[2022-09-26 19:15:03.307][I][AutoBaseFunction.py(wrapper):14] Screen.Setup_Language : sl_set_slot 실행 종료
[2022-09-26 19:15:03.307][I][AutoBaseFunction.py(wrapper):14] Screen.Setup_Language : setupUI_Language 실행 종료
[2022-09-26 19:15:03.307][I][AutoBaseFunction.py(wrapper):7] Screen.Menu_CreateExcel : setupUI_CreateExcel 실행 시작
[2022-09-26 19:15:03.308][I][AutoBaseFunction.py(wrapper):8] Parameter : 
[2022-09-26 19:15:03.308][I][AutoBaseFunction.py(wrapper):7] Screen.Menu_CreateExcel : new_excel_func 실행 시작
[2022-09-26 19:15:03.309][I][AutoBaseFunction.py(wrapper):8] Parameter : 
[2022-09-26 19:15:03.309][I][AutoBaseFunction.py(wrapper):14] Screen.Menu_CreateExcel : new_excel_func 실행 종료
[2022-09-26 19:15:03.309][I][AutoBaseFunction.py(wrapper):7] Screen.Menu_CreateExcel : set_excel_func 실행 시작
[2022-09-26 19:15:03.310][I][AutoBaseFunction.py(wrapper):8] Parameter : 
[2022-09-26 19:15:03.310][I][AutoBaseFunction.py(wrapper):14] Screen.Menu_CreateExcel : set_excel_func 실행 종료
[2022-09-26 19:15:03.310][I][AutoBaseFunction.py(wrapper):14] Screen.Menu_CreateExcel : setupUI_CreateExcel 실행 종료
[2022-09-26 19:15:03.310][I][AutoBaseFunction.py(wrapper):7] Screen.Setup_Field : setupUI_Field 실행 시작
[2022-09-26 19:15:03.310][I][AutoBaseFunction.py(wrapper):8] Parameter : 
[2022-09-26 19:15:03.311][I][AutoBaseFunction.py(wrapper):7] Screen.Setup_Field : set_data 실행 시작
[2022-09-26 19:15:03.311][I][AutoBaseFunction.py(wrapper):8] Parameter : 
[2022-09-26 19:15:03.311][I][AutoBaseFunction.py(wrapper):14] Screen.Setup_Field : set_data 실행 종료
[2022-09-26 19:15:03.533][I][AutoBaseFunction.py(wrapper):7] Screen.Setup_Field : set_data 실행 시작
[2022-09-26 19:15:03.533][I][AutoBaseFunction.py(wrapper):8] Parameter : 
[2022-09-26 19:15:03.534][I][AutoBaseFunction.py(wrapper):14] Screen.Setup_Field : set_data 실행 종료
[2022-09-26 19:15:03.534][I][AutoBaseFunction.py(wrapper):7] Screen.Setup_Field : set_data 실행 시작
[2022-09-26 19:15:03.535][I][AutoBaseFunction.py(wrapper):8] Parameter : 
[2022-09-26 19:15:03.535][I][AutoBaseFunction.py(wrapper):14] Screen.Setup_Field : set_data 실행 종료
[2022-09-26 19:15:03.536][I][AutoBaseFunction.py(wrapper):7] Screen.Setup_Field : set_data 실행 시작
[2022-09-26 19:15:03.536][I][AutoBaseFunction.py(wrapper):8] Parameter : 
[2022-09-26 19:15:03.536][I][AutoBaseFunction.py(wrapper):14] Screen.Setup_Field : set_data 실행 종료
[2022-09-26 19:15:03.537][I][AutoBaseFunction.py(wrapper):7] Screen.Setup_Field : set_data 실행 시작
[2022-09-26 19:15:03.537][I][AutoBaseFunction.py(wrapper):8] Parameter : 
[2022-09-26 19:15:03.537][I][AutoBaseFunction.py(wrapper):14] Screen.Setup_Field : set_data 실행 종료
[2022-09-26 19:15:03.538][I][AutoBaseFunction.py(wrapper):7] Screen.Setup_Field : set_data 실행 시작
[2022-09-26 19:15:03.538][I][AutoBaseFunction.py(wrapper):8] Parameter : 
[2022-09-26 19:15:03.538][I][AutoBaseFunction.py(wrapper):14] Screen.Setup_Field : set_data 실행 종료
[2022-09-26 19:15:03.539][I][AutoBaseFunction.py(wrapper):7] Screen.Setup_Field : sl_set_slot 실행 시작
[2022-09-26 19:15:03.539][I][AutoBaseFunction.py(wrapper):8] Parameter : 
[2022-09-26 19:15:03.539][I][AutoBaseFunction.py(wrapper):14] Screen.Setup_Field : sl_set_slot 실행 종료
[2022-09-26 19:15:03.539][I][AutoBaseFunction.py(wrapper):14] Screen.Setup_Field : setupUI_Field 실행 종료
[2022-09-26 19:15:03.540][I][AutoBaseFunction.py(wrapper):7] Screen.Setup_TestList : setupUI_TestList 실행 시작
[2022-09-26 19:15:03.540][I][AutoBaseFunction.py(wrapper):8] Parameter : 
[2022-09-26 19:15:03.540][I][AutoBaseFunction.py(wrapper):7] Screen.Setup_TestList : btn_set_slot 실행 시작
[2022-09-26 19:15:03.541][I][AutoBaseFunction.py(wrapper):8] Parameter : 
[2022-09-26 19:15:03.541][I][AutoBaseFunction.py(wrapper):14] Screen.Setup_TestList : btn_set_slot 실행 종료
[2022-09-26 19:15:03.541][I][AutoBaseFunction.py(wrapper):14] Screen.Setup_TestList : setupUI_TestList 실행 종료
[2022-09-26 19:15:03.541][I][AutoBaseFunction.py(wrapper):14] __main__ : __wigets_setupUi 실행 종료
[2022-09-26 19:15:04.841][I][AutoBaseFunction.py(wrapper):7] __main__ : __sl_ui 실행 시작
[2022-09-26 19:15:04.841][I][AutoBaseFunction.py(wrapper):8] Parameter : False
[2022-09-26 19:15:04.841][I][AutoBaseFunction.py(wrapper):7] Screen.Setup_Language : setLang_Button 실행 시작
[2022-09-26 19:15:04.842][I][AutoBaseFunction.py(wrapper):8] Parameter : 
