[2022-09-22 08:56:55.958][D][LogManager.py(Init):12] LogManager Init function called !!!
[2022-09-22 08:56:55.970][I][AutoBaseFunction.py(wrapper):7] Screen.MainWindow : setupUi 실행 시작
[2022-09-22 08:56:55.971][I][AutoBaseFunction.py(wrapper):8] Parameter : 
[2022-09-22 08:56:55.985][I][AutoBaseFunction.py(wrapper):7] Screen.MainWindow : set_field 실행 시작
[2022-09-22 08:56:55.986][I][AutoBaseFunction.py(wrapper):8] Parameter : 
[2022-09-22 08:56:56.014][I][AutoBaseFunction.py(wrapper):14] Screen.MainWindow : set_field 실행 종료
[2022-09-22 08:56:56.015][I][AutoBaseFunction.py(wrapper):7] Screen.MainWindow : setWidget_func 실행 시작
[2022-09-22 08:56:56.015][I][AutoBaseFunction.py(wrapper):8] Parameter : 
[2022-09-22 08:56:56.017][I][AutoBaseFunction.py(wrapper):14] Screen.MainWindow : setWidget_func 실행 종료
[2022-09-22 08:56:56.019][I][AutoBaseFunction.py(wrapper):14] Screen.MainWindow : setupUi 실행 종료
[2022-09-22 08:56:56.026][I][AutoBaseFunction.py(wrapper):7] __main__ : __set_slot 실행 시작
[2022-09-22 08:56:56.026][I][AutoBaseFunction.py(wrapper):8] Parameter : 
[2022-09-22 08:56:56.027][I][AutoBaseFunction.py(wrapper):14] __main__ : __set_slot 실행 종료
[2022-09-22 08:56:56.027][I][AutoBaseFunction.py(wrapper):7] __main__ : __wigets_setupUi 실행 시작
[2022-09-22 08:56:56.027][I][AutoBaseFunction.py(wrapper):8] Parameter : 
[2022-09-22 08:56:56.027][I][AutoBaseFunction.py(wrapper):7] Screen.Setup_Language : setupUI_Language 실행 시작
[2022-09-22 08:56:56.028][I][AutoBaseFunction.py(wrapper):8] Parameter : 
[2022-09-22 08:56:56.029][I][AutoBaseFunction.py(wrapper):7] Screen.Setup_Language : sl_set_slot 실행 시작
[2022-09-22 08:56:56.029][I][AutoBaseFunction.py(wrapper):8] Parameter : 
[2022-09-22 08:56:56.030][I][AutoBaseFunction.py(wrapper):14] Screen.Setup_Language : sl_set_slot 실행 종료
[2022-09-22 08:56:56.030][I][AutoBaseFunction.py(wrapper):14] Screen.Setup_Language : setupUI_Language 실행 종료
[2022-09-22 08:56:56.030][I][AutoBaseFunction.py(wrapper):7] Screen.Menu_CreateExcel : setupUI_CreateExcel 실행 시작
[2022-09-22 08:56:56.030][I][AutoBaseFunction.py(wrapper):8] Parameter : 
[2022-09-22 08:56:56.031][I][AutoBaseFunction.py(wrapper):7] Screen.Menu_CreateExcel : new_excel_func 실행 시작
[2022-09-22 08:56:56.031][I][AutoBaseFunction.py(wrapper):8] Parameter : 
[2022-09-22 08:56:56.032][I][AutoBaseFunction.py(wrapper):14] Screen.Menu_CreateExcel : new_excel_func 실행 종료
[2022-09-22 08:56:56.032][I][AutoBaseFunction.py(wrapper):7] Screen.Menu_CreateExcel : set_excel_func 실행 시작
[2022-09-22 08:56:56.032][I][AutoBaseFunction.py(wrapper):8] Parameter : 
[2022-09-22 08:56:56.032][I][AutoBaseFunction.py(wrapper):14] Screen.Menu_CreateExcel : set_excel_func 실행 종료
[2022-09-22 08:56:56.033][I][AutoBaseFunction.py(wrapper):14] Screen.Menu_CreateExcel : setupUI_CreateExcel 실행 종료
[2022-09-22 08:56:56.033][I][AutoBaseFunction.py(wrapper):7] Screen.Setup_Field : setupUI_Field 실행 시작
[2022-09-22 08:56:56.033][I][AutoBaseFunction.py(wrapper):8] Parameter : 
[2022-09-22 08:56:56.034][I][AutoBaseFunction.py(wrapper):7] Screen.Setup_Field : set_data 실행 시작
[2022-09-22 08:56:56.034][I][AutoBaseFunction.py(wrapper):8] Parameter : 
[2022-09-22 08:56:56.034][I][AutoBaseFunction.py(wrapper):14] Screen.Setup_Field : set_data 실행 종료
[2022-09-22 08:56:56.288][I][AutoBaseFunction.py(wrapper):7] Screen.Setup_Field : set_data 실행 시작
[2022-09-22 08:56:56.288][I][AutoBaseFunction.py(wrapper):8] Parameter : 
[2022-09-22 08:56:56.289][I][AutoBaseFunction.py(wrapper):14] Screen.Setup_Field : set_data 실행 종료
[2022-09-22 08:56:56.289][I][AutoBaseFunction.py(wrapper):7] Screen.Setup_Field : set_data 실행 시작
[2022-09-22 08:56:56.289][I][AutoBaseFunction.py(wrapper):8] Parameter : 
[2022-09-22 08:56:56.290][I][AutoBaseFunction.py(wrapper):14] Screen.Setup_Field : set_data 실행 종료
[2022-09-22 08:56:56.290][I][AutoBaseFunction.py(wrapper):7] Screen.Setup_Field : set_data 실행 시작
[2022-09-22 08:56:56.290][I][AutoBaseFunction.py(wrapper):8] Parameter : 
[2022-09-22 08:56:56.291][I][AutoBaseFunction.py(wrapper):14] Screen.Setup_Field : set_data 실행 종료
[2022-09-22 08:56:56.291][I][AutoBaseFunction.py(wrapper):7] Screen.Setup_Field : set_data 실행 시작
[2022-09-22 08:56:56.291][I][AutoBaseFunction.py(wrapper):8] Parameter : 
[2022-09-22 08:56:56.291][I][AutoBaseFunction.py(wrapper):14] Screen.Setup_Field : set_data 실행 종료
[2022-09-22 08:56:56.292][I][AutoBaseFunction.py(wrapper):7] Screen.Setup_Field : set_data 실행 시작
[2022-09-22 08:56:56.292][I][AutoBaseFunction.py(wrapper):8] Parameter : 
[2022-09-22 08:56:56.292][I][AutoBaseFunction.py(wrapper):14] Screen.Setup_Field : set_data 실행 종료
[2022-09-22 08:56:56.292][I][AutoBaseFunction.py(wrapper):7] Screen.Setup_Field : sl_set_slot 실행 시작
[2022-09-22 08:56:56.293][I][AutoBaseFunction.py(wrapper):8] Parameter : 
[2022-09-22 08:56:56.293][I][AutoBaseFunction.py(wrapper):14] Screen.Setup_Field : sl_set_slot 실행 종료
[2022-09-22 08:56:56.293][I][AutoBaseFunction.py(wrapper):14] Screen.Setup_Field : setupUI_Field 실행 종료
[2022-09-22 08:56:56.293][I][AutoBaseFunction.py(wrapper):7] Screen.Setup_TestList : setupUI_TestList 실행 시작
[2022-09-22 08:56:56.293][I][AutoBaseFunction.py(wrapper):8] Parameter : 
[2022-09-22 08:56:56.294][I][AutoBaseFunction.py(wrapper):7] Screen.Setup_TestList : btn_set_slot 실행 시작
[2022-09-22 08:56:56.294][I][AutoBaseFunction.py(wrapper):8] Parameter : 
[2022-09-22 08:56:56.295][I][AutoBaseFunction.py(wrapper):14] Screen.Setup_TestList : btn_set_slot 실행 종료
[2022-09-22 08:56:56.295][I][AutoBaseFunction.py(wrapper):14] Screen.Setup_TestList : setupUI_TestList 실행 종료
[2022-09-22 08:56:56.295][I][AutoBaseFunction.py(wrapper):14] __main__ : __wigets_setupUi 실행 종료
[2022-09-22 08:57:02.906][I][AutoBaseFunction.py(wrapper):7] Screen.MainWindow : closeEvent 실행 시작
[2022-09-22 08:57:02.907][I][AutoBaseFunction.py(wrapper):8] Parameter : <PyQt5.QtGui.QCloseEvent object at 0x0000019DCDC8CA68>
