[2022-09-22 10:21:58.696][D][LogManager.py(Init):12] LogManager Init function called !!!
[2022-09-22 10:21:58.708][I][AutoBaseFunction.py(wrapper):7] Screen.MainWindow : setupUi 실행 시작
[2022-09-22 10:21:58.709][I][AutoBaseFunction.py(wrapper):8] Parameter : 
[2022-09-22 10:21:58.725][I][AutoBaseFunction.py(wrapper):7] Screen.MainWindow : set_field 실행 시작
[2022-09-22 10:21:58.726][I][AutoBaseFunction.py(wrapper):8] Parameter : 
[2022-09-22 10:21:58.754][I][AutoBaseFunction.py(wrapper):14] Screen.MainWindow : set_field 실행 종료
[2022-09-22 10:21:58.754][I][AutoBaseFunction.py(wrapper):7] Screen.MainWindow : setWidget_func 실행 시작
[2022-09-22 10:21:58.755][I][AutoBaseFunction.py(wrapper):8] Parameter : 
[2022-09-22 10:21:58.756][I][AutoBaseFunction.py(wrapper):14] Screen.MainWindow : setWidget_func 실행 종료
[2022-09-22 10:21:58.758][I][AutoBaseFunction.py(wrapper):14] Screen.MainWindow : setupUi 실행 종료
[2022-09-22 10:21:58.765][I][AutoBaseFunction.py(wrapper):7] __main__ : __set_slot 실행 시작
[2022-09-22 10:21:58.765][I][AutoBaseFunction.py(wrapper):8] Parameter : 
[2022-09-22 10:21:58.765][I][AutoBaseFunction.py(wrapper):14] __main__ : __set_slot 실행 종료
[2022-09-22 10:21:58.766][I][AutoBaseFunction.py(wrapper):7] __main__ : __wigets_setupUi 실행 시작
[2022-09-22 10:21:58.766][I][AutoBaseFunction.py(wrapper):8] Parameter : 
[2022-09-22 10:21:58.766][I][AutoBaseFunction.py(wrapper):7] Screen.Setup_Language : setupUI_Language 실행 시작
[2022-09-22 10:21:58.767][I][AutoBaseFunction.py(wrapper):8] Parameter : 
[2022-09-22 10:21:58.767][I][AutoBaseFunction.py(wrapper):7] Screen.Setup_Language : sl_set_slot 실행 시작
[2022-09-22 10:21:58.767][I][AutoBaseFunction.py(wrapper):8] Parameter : 
[2022-09-22 10:21:58.768][I][AutoBaseFunction.py(wrapper):14] Screen.Setup_Language : sl_set_slot 실행 종료
[2022-09-22 10:21:58.768][I][AutoBaseFunction.py(wrapper):14] Screen.Setup_Language : setupUI_Language 실행 종료
[2022-09-22 10:21:58.768][I][AutoBaseFunction.py(wrapper):7] Screen.Menu_CreateExcel : setupUI_CreateExcel 실행 시작
[2022-09-22 10:21:58.768][I][AutoBaseFunction.py(wrapper):8] Parameter : 
[2022-09-22 10:21:58.769][I][AutoBaseFunction.py(wrapper):7] Screen.Menu_CreateExcel : new_excel_func 실행 시작
[2022-09-22 10:21:58.770][I][AutoBaseFunction.py(wrapper):8] Parameter : 
[2022-09-22 10:21:58.770][I][AutoBaseFunction.py(wrapper):14] Screen.Menu_CreateExcel : new_excel_func 실행 종료
[2022-09-22 10:21:58.771][I][AutoBaseFunction.py(wrapper):7] Screen.Menu_CreateExcel : set_excel_func 실행 시작
[2022-09-22 10:21:58.771][I][AutoBaseFunction.py(wrapper):8] Parameter : 
[2022-09-22 10:21:58.771][I][AutoBaseFunction.py(wrapper):14] Screen.Menu_CreateExcel : set_excel_func 실행 종료
[2022-09-22 10:21:58.772][I][AutoBaseFunction.py(wrapper):14] Screen.Menu_CreateExcel : setupUI_CreateExcel 실행 종료
[2022-09-22 10:21:58.772][I][AutoBaseFunction.py(wrapper):7] Screen.Setup_Field : setupUI_Field 실행 시작
[2022-09-22 10:21:58.772][I][AutoBaseFunction.py(wrapper):8] Parameter : 
[2022-09-22 10:21:58.772][I][AutoBaseFunction.py(wrapper):7] Screen.Setup_Field : set_data 실행 시작
[2022-09-22 10:21:58.773][I][AutoBaseFunction.py(wrapper):8] Parameter : 
[2022-09-22 10:21:58.773][I][AutoBaseFunction.py(wrapper):14] Screen.Setup_Field : set_data 실행 종료
[2022-09-22 10:21:59.019][I][AutoBaseFunction.py(wrapper):7] Screen.Setup_Field : set_data 실행 시작
[2022-09-22 10:21:59.019][I][AutoBaseFunction.py(wrapper):8] Parameter : 
[2022-09-22 10:21:59.019][I][AutoBaseFunction.py(wrapper):14] Screen.Setup_Field : set_data 실행 종료
[2022-09-22 10:21:59.020][I][AutoBaseFunction.py(wrapper):7] Screen.Setup_Field : set_data 실행 시작
[2022-09-22 10:21:59.020][I][AutoBaseFunction.py(wrapper):8] Parameter : 
[2022-09-22 10:21:59.021][I][AutoBaseFunction.py(wrapper):14] Screen.Setup_Field : set_data 실행 종료
[2022-09-22 10:21:59.021][I][AutoBaseFunction.py(wrapper):7] Screen.Setup_Field : set_data 실행 시작
[2022-09-22 10:21:59.021][I][AutoBaseFunction.py(wrapper):8] Parameter : 
[2022-09-22 10:21:59.021][I][AutoBaseFunction.py(wrapper):14] Screen.Setup_Field : set_data 실행 종료
[2022-09-22 10:21:59.022][I][AutoBaseFunction.py(wrapper):7] Screen.Setup_Field : set_data 실행 시작
[2022-09-22 10:21:59.022][I][AutoBaseFunction.py(wrapper):8] Parameter : 
[2022-09-22 10:21:59.022][I][AutoBaseFunction.py(wrapper):14] Screen.Setup_Field : set_data 실행 종료
[2022-09-22 10:21:59.023][I][AutoBaseFunction.py(wrapper):7] Screen.Setup_Field : set_data 실행 시작
[2022-09-22 10:21:59.023][I][AutoBaseFunction.py(wrapper):8] Parameter : 
[2022-09-22 10:21:59.023][I][AutoBaseFunction.py(wrapper):14] Screen.Setup_Field : set_data 실행 종료
[2022-09-22 10:21:59.023][I][AutoBaseFunction.py(wrapper):7] Screen.Setup_Field : sl_set_slot 실행 시작
[2022-09-22 10:21:59.023][I][AutoBaseFunction.py(wrapper):8] Parameter : 
[2022-09-22 10:21:59.024][I][AutoBaseFunction.py(wrapper):14] Screen.Setup_Field : sl_set_slot 실행 종료
[2022-09-22 10:21:59.024][I][AutoBaseFunction.py(wrapper):14] Screen.Setup_Field : setupUI_Field 실행 종료
[2022-09-22 10:21:59.024][I][AutoBaseFunction.py(wrapper):7] Screen.Setup_TestList : setupUI_TestList 실행 시작
[2022-09-22 10:21:59.024][I][AutoBaseFunction.py(wrapper):8] Parameter : 
[2022-09-22 10:21:59.025][I][AutoBaseFunction.py(wrapper):7] Screen.Setup_TestList : btn_set_slot 실행 시작
[2022-09-22 10:21:59.025][I][AutoBaseFunction.py(wrapper):8] Parameter : 
[2022-09-22 10:21:59.025][I][AutoBaseFunction.py(wrapper):14] Screen.Setup_TestList : btn_set_slot 실행 종료
[2022-09-22 10:21:59.025][I][AutoBaseFunction.py(wrapper):14] Screen.Setup_TestList : setupUI_TestList 실행 종료
[2022-09-22 10:21:59.026][I][AutoBaseFunction.py(wrapper):14] __main__ : __wigets_setupUi 실행 종료
[2022-09-22 10:21:59.819][I][AutoBaseFunction.py(wrapper):7] Screen.MainWindow : update_open_menu 실행 시작
[2022-09-22 10:21:59.819][I][AutoBaseFunction.py(wrapper):8] Parameter : 
[2022-09-22 10:21:59.820][I][AutoBaseFunction.py(wrapper):14] Screen.MainWindow : update_open_menu 실행 종료
