[2022-09-23 11:31:40.579][D][LogManager.py(Init):12] LogManager Init function called !!!
[2022-09-23 11:31:40.593][I][AutoBaseFunction.py(wrapper):7] Screen.MainWindow : setupUi 실행 시작
[2022-09-23 11:31:40.594][I][AutoBaseFunction.py(wrapper):8] Parameter : 
[2022-09-23 11:31:40.610][I][AutoBaseFunction.py(wrapper):7] Screen.MainWindow : set_field 실행 시작
[2022-09-23 11:31:40.610][I][AutoBaseFunction.py(wrapper):8] Parameter : 
[2022-09-23 11:31:40.638][I][AutoBaseFunction.py(wrapper):14] Screen.MainWindow : set_field 실행 종료
[2022-09-23 11:31:40.638][I][AutoBaseFunction.py(wrapper):7] Screen.MainWindow : setWidget_func 실행 시작
[2022-09-23 11:31:40.639][I][AutoBaseFunction.py(wrapper):8] Parameter : 
[2022-09-23 11:31:40.641][I][AutoBaseFunction.py(wrapper):14] Screen.MainWindow : setWidget_func 실행 종료
[2022-09-23 11:31:40.644][I][AutoBaseFunction.py(wrapper):14] Screen.MainWindow : setupUi 실행 종료
[2022-09-23 11:31:40.656][I][AutoBaseFunction.py(wrapper):7] __main__ : __set_slot 실행 시작
[2022-09-23 11:31:40.656][I][AutoBaseFunction.py(wrapper):8] Parameter : 
[2022-09-23 11:31:40.657][I][AutoBaseFunction.py(wrapper):14] __main__ : __set_slot 실행 종료
[2022-09-23 11:31:40.657][I][AutoBaseFunction.py(wrapper):7] __main__ : __wigets_setupUi 실행 시작
[2022-09-23 11:31:40.657][I][AutoBaseFunction.py(wrapper):8] Parameter : 
[2022-09-23 11:31:40.658][I][AutoBaseFunction.py(wrapper):7] Screen.Setup_Language : setupUI_Language 실행 시작
[2022-09-23 11:31:40.658][I][AutoBaseFunction.py(wrapper):8] Parameter : 
[2022-09-23 11:31:40.659][I][AutoBaseFunction.py(wrapper):7] Screen.Setup_Language : sl_set_slot 실행 시작
[2022-09-23 11:31:40.659][I][AutoBaseFunction.py(wrapper):8] Parameter : 
[2022-09-23 11:31:40.659][I][AutoBaseFunction.py(wrapper):14] Screen.Setup_Language : sl_set_slot 실행 종료
[2022-09-23 11:31:40.659][I][AutoBaseFunction.py(wrapper):14] Screen.Setup_Language : setupUI_Language 실행 종료
[2022-09-23 11:31:40.659][I][AutoBaseFunction.py(wrapper):7] Screen.Menu_CreateExcel : setupUI_CreateExcel 실행 시작
[2022-09-23 11:31:40.659][I][AutoBaseFunction.py(wrapper):8] Parameter : 
[2022-09-23 11:31:40.661][I][AutoBaseFunction.py(wrapper):7] Screen.Menu_CreateExcel : new_excel_func 실행 시작
[2022-09-23 11:31:40.661][I][AutoBaseFunction.py(wrapper):8] Parameter : 
[2022-09-23 11:31:40.662][I][AutoBaseFunction.py(wrapper):14] Screen.Menu_CreateExcel : new_excel_func 실행 종료
[2022-09-23 11:31:40.663][I][AutoBaseFunction.py(wrapper):7] Screen.Menu_CreateExcel : set_excel_func 실행 시작
[2022-09-23 11:31:40.663][I][AutoBaseFunction.py(wrapper):8] Parameter : 
[2022-09-23 11:31:40.664][I][AutoBaseFunction.py(wrapper):14] Screen.Menu_CreateExcel : set_excel_func 실행 종료
[2022-09-23 11:31:40.664][I][AutoBaseFunction.py(wrapper):14] Screen.Menu_CreateExcel : setupUI_CreateExcel 실행 종료
[2022-09-23 11:31:40.665][I][AutoBaseFunction.py(wrapper):7] Screen.Setup_Field : setupUI_Field 실행 시작
[2022-09-23 11:31:40.665][I][AutoBaseFunction.py(wrapper):8] Parameter : 
[2022-09-23 11:31:40.666][I][AutoBaseFunction.py(wrapper):7] Screen.Setup_Field : set_data 실행 시작
[2022-09-23 11:31:40.666][I][AutoBaseFunction.py(wrapper):8] Parameter : 
[2022-09-23 11:31:40.667][I][AutoBaseFunction.py(wrapper):14] Screen.Setup_Field : set_data 실행 종료
[2022-09-23 11:31:40.926][I][AutoBaseFunction.py(wrapper):7] Screen.Setup_Field : set_data 실행 시작
[2022-09-23 11:31:40.926][I][AutoBaseFunction.py(wrapper):8] Parameter : 
[2022-09-23 11:31:40.926][I][AutoBaseFunction.py(wrapper):14] Screen.Setup_Field : set_data 실행 종료
[2022-09-23 11:31:40.927][I][AutoBaseFunction.py(wrapper):7] Screen.Setup_Field : set_data 실행 시작
[2022-09-23 11:31:40.927][I][AutoBaseFunction.py(wrapper):8] Parameter : 
[2022-09-23 11:31:40.927][I][AutoBaseFunction.py(wrapper):14] Screen.Setup_Field : set_data 실행 종료
[2022-09-23 11:31:40.928][I][AutoBaseFunction.py(wrapper):7] Screen.Setup_Field : set_data 실행 시작
[2022-09-23 11:31:40.928][I][AutoBaseFunction.py(wrapper):8] Parameter : 
[2022-09-23 11:31:40.929][I][AutoBaseFunction.py(wrapper):14] Screen.Setup_Field : set_data 실행 종료
[2022-09-23 11:31:40.929][I][AutoBaseFunction.py(wrapper):7] Screen.Setup_Field : set_data 실행 시작
[2022-09-23 11:31:40.929][I][AutoBaseFunction.py(wrapper):8] Parameter : 
[2022-09-23 11:31:40.930][I][AutoBaseFunction.py(wrapper):14] Screen.Setup_Field : set_data 실행 종료
[2022-09-23 11:31:40.930][I][AutoBaseFunction.py(wrapper):7] Screen.Setup_Field : set_data 실행 시작
[2022-09-23 11:31:40.930][I][AutoBaseFunction.py(wrapper):8] Parameter : 
[2022-09-23 11:31:40.931][I][AutoBaseFunction.py(wrapper):14] Screen.Setup_Field : set_data 실행 종료
[2022-09-23 11:31:40.931][I][AutoBaseFunction.py(wrapper):7] Screen.Setup_Field : sl_set_slot 실행 시작
[2022-09-23 11:31:40.931][I][AutoBaseFunction.py(wrapper):8] Parameter : 
[2022-09-23 11:31:40.932][I][AutoBaseFunction.py(wrapper):14] Screen.Setup_Field : sl_set_slot 실행 종료
[2022-09-23 11:31:40.932][I][AutoBaseFunction.py(wrapper):14] Screen.Setup_Field : setupUI_Field 실행 종료
[2022-09-23 11:31:40.932][I][AutoBaseFunction.py(wrapper):7] Screen.Setup_TestList : setupUI_TestList 실행 시작
[2022-09-23 11:31:40.932][I][AutoBaseFunction.py(wrapper):8] Parameter : 
[2022-09-23 11:31:40.933][I][AutoBaseFunction.py(wrapper):7] Screen.Setup_TestList : btn_set_slot 실행 시작
[2022-09-23 11:31:40.934][I][AutoBaseFunction.py(wrapper):8] Parameter : 
[2022-09-23 11:31:40.934][I][AutoBaseFunction.py(wrapper):14] Screen.Setup_TestList : btn_set_slot 실행 종료
[2022-09-23 11:31:40.934][I][AutoBaseFunction.py(wrapper):14] Screen.Setup_TestList : setupUI_TestList 실행 종료
[2022-09-23 11:31:40.935][I][AutoBaseFunction.py(wrapper):14] __main__ : __wigets_setupUi 실행 종료
[2022-09-23 11:31:42.523][I][AutoBaseFunction.py(wrapper):7] Screen.MainWindow : update_open_menu 실행 시작
[2022-09-23 11:31:42.524][I][AutoBaseFunction.py(wrapper):8] Parameter : 
[2022-09-23 11:31:42.525][I][AutoBaseFunction.py(wrapper):14] Screen.MainWindow : update_open_menu 실행 종료
[2022-09-23 11:31:44.089][I][AutoBaseFunction.py(wrapper):7] Screen.MainWindow : show_imgList 실행 시작
[2022-09-23 11:31:44.089][I][AutoBaseFunction.py(wrapper):8] Parameter : ('한국어', 'D:/test/TestList_CSV/2022_skillup'), True
[2022-09-23 11:31:44.126][I][AutoBaseFunction.py(wrapper):14] Screen.MainWindow : show_imgList 실행 종료
[2022-09-23 11:34:30.726][I][AutoBaseFunction.py(wrapper):7] Screen.MainWindow : closeEvent 실행 시작
[2022-09-23 11:34:30.727][I][AutoBaseFunction.py(wrapper):8] Parameter : <PyQt5.QtGui.QCloseEvent object at 0x000001663ACA4AF8>
