[2022-09-23 11:15:36.034][D][LogManager.py(Init):12] LogManager Init function called !!!
[2022-09-23 11:15:36.047][I][AutoBaseFunction.py(wrapper):7] Screen.MainWindow : setupUi 실행 시작
[2022-09-23 11:15:36.047][I][AutoBaseFunction.py(wrapper):8] Parameter : 
[2022-09-23 11:15:36.063][I][AutoBaseFunction.py(wrapper):7] Screen.MainWindow : set_field 실행 시작
[2022-09-23 11:15:36.064][I][AutoBaseFunction.py(wrapper):8] Parameter : 
[2022-09-23 11:15:36.090][I][AutoBaseFunction.py(wrapper):14] Screen.MainWindow : set_field 실행 종료
[2022-09-23 11:15:36.091][I][AutoBaseFunction.py(wrapper):7] Screen.MainWindow : setWidget_func 실행 시작
[2022-09-23 11:15:36.091][I][AutoBaseFunction.py(wrapper):8] Parameter : 
[2022-09-23 11:15:36.093][I][AutoBaseFunction.py(wrapper):14] Screen.MainWindow : setWidget_func 실행 종료
[2022-09-23 11:15:36.095][I][AutoBaseFunction.py(wrapper):14] Screen.MainWindow : setupUi 실행 종료
[2022-09-23 11:15:36.100][I][AutoBaseFunction.py(wrapper):7] __main__ : __set_slot 실행 시작
[2022-09-23 11:15:36.101][I][AutoBaseFunction.py(wrapper):8] Parameter : 
[2022-09-23 11:15:36.101][I][AutoBaseFunction.py(wrapper):14] __main__ : __set_slot 실행 종료
[2022-09-23 11:15:36.102][I][AutoBaseFunction.py(wrapper):7] __main__ : __wigets_setupUi 실행 시작
[2022-09-23 11:15:36.102][I][AutoBaseFunction.py(wrapper):8] Parameter : 
[2022-09-23 11:15:36.102][I][AutoBaseFunction.py(wrapper):7] Screen.Setup_Language : setupUI_Language 실행 시작
[2022-09-23 11:15:36.102][I][AutoBaseFunction.py(wrapper):8] Parameter : 
[2022-09-23 11:15:36.103][I][AutoBaseFunction.py(wrapper):7] Screen.Setup_Language : sl_set_slot 실행 시작
[2022-09-23 11:15:36.104][I][AutoBaseFunction.py(wrapper):8] Parameter : 
[2022-09-23 11:15:36.104][I][AutoBaseFunction.py(wrapper):14] Screen.Setup_Language : sl_set_slot 실행 종료
[2022-09-23 11:15:36.104][I][AutoBaseFunction.py(wrapper):14] Screen.Setup_Language : setupUI_Language 실행 종료
[2022-09-23 11:15:36.105][I][AutoBaseFunction.py(wrapper):7] Screen.Menu_CreateExcel : setupUI_CreateExcel 실행 시작
[2022-09-23 11:15:36.105][I][AutoBaseFunction.py(wrapper):8] Parameter : 
[2022-09-23 11:15:36.106][I][AutoBaseFunction.py(wrapper):7] Screen.Menu_CreateExcel : new_excel_func 실행 시작
[2022-09-23 11:15:36.106][I][AutoBaseFunction.py(wrapper):8] Parameter : 
[2022-09-23 11:15:36.108][I][AutoBaseFunction.py(wrapper):14] Screen.Menu_CreateExcel : new_excel_func 실행 종료
[2022-09-23 11:15:36.108][I][AutoBaseFunction.py(wrapper):7] Screen.Menu_CreateExcel : set_excel_func 실행 시작
[2022-09-23 11:15:36.109][I][AutoBaseFunction.py(wrapper):8] Parameter : 
[2022-09-23 11:15:36.109][I][AutoBaseFunction.py(wrapper):14] Screen.Menu_CreateExcel : set_excel_func 실행 종료
[2022-09-23 11:15:36.110][I][AutoBaseFunction.py(wrapper):14] Screen.Menu_CreateExcel : setupUI_CreateExcel 실행 종료
[2022-09-23 11:15:36.110][I][AutoBaseFunction.py(wrapper):7] Screen.Setup_Field : setupUI_Field 실행 시작
[2022-09-23 11:15:36.111][I][AutoBaseFunction.py(wrapper):8] Parameter : 
[2022-09-23 11:15:36.111][I][AutoBaseFunction.py(wrapper):7] Screen.Setup_Field : set_data 실행 시작
[2022-09-23 11:15:36.112][I][AutoBaseFunction.py(wrapper):8] Parameter : 
[2022-09-23 11:15:36.112][I][AutoBaseFunction.py(wrapper):14] Screen.Setup_Field : set_data 실행 종료
[2022-09-23 11:15:36.346][I][AutoBaseFunction.py(wrapper):7] Screen.Setup_Field : set_data 실행 시작
[2022-09-23 11:15:36.346][I][AutoBaseFunction.py(wrapper):8] Parameter : 
[2022-09-23 11:15:36.347][I][AutoBaseFunction.py(wrapper):14] Screen.Setup_Field : set_data 실행 종료
[2022-09-23 11:15:36.347][I][AutoBaseFunction.py(wrapper):7] Screen.Setup_Field : set_data 실행 시작
[2022-09-23 11:15:36.347][I][AutoBaseFunction.py(wrapper):8] Parameter : 
[2022-09-23 11:15:36.348][I][AutoBaseFunction.py(wrapper):14] Screen.Setup_Field : set_data 실행 종료
[2022-09-23 11:15:36.348][I][AutoBaseFunction.py(wrapper):7] Screen.Setup_Field : set_data 실행 시작
[2022-09-23 11:15:36.348][I][AutoBaseFunction.py(wrapper):8] Parameter : 
[2022-09-23 11:15:36.349][I][AutoBaseFunction.py(wrapper):14] Screen.Setup_Field : set_data 실행 종료
[2022-09-23 11:15:36.349][I][AutoBaseFunction.py(wrapper):7] Screen.Setup_Field : set_data 실행 시작
[2022-09-23 11:15:36.349][I][AutoBaseFunction.py(wrapper):8] Parameter : 
[2022-09-23 11:15:36.350][I][AutoBaseFunction.py(wrapper):14] Screen.Setup_Field : set_data 실행 종료
[2022-09-23 11:15:36.350][I][AutoBaseFunction.py(wrapper):7] Screen.Setup_Field : set_data 실행 시작
[2022-09-23 11:15:36.350][I][AutoBaseFunction.py(wrapper):8] Parameter : 
[2022-09-23 11:15:36.351][I][AutoBaseFunction.py(wrapper):14] Screen.Setup_Field : set_data 실행 종료
[2022-09-23 11:15:36.351][I][AutoBaseFunction.py(wrapper):7] Screen.Setup_Field : sl_set_slot 실행 시작
[2022-09-23 11:15:36.351][I][AutoBaseFunction.py(wrapper):8] Parameter : 
[2022-09-23 11:15:36.351][I][AutoBaseFunction.py(wrapper):14] Screen.Setup_Field : sl_set_slot 실행 종료
[2022-09-23 11:15:36.352][I][AutoBaseFunction.py(wrapper):14] Screen.Setup_Field : setupUI_Field 실행 종료
[2022-09-23 11:15:36.352][I][AutoBaseFunction.py(wrapper):7] Screen.Setup_TestList : setupUI_TestList 실행 시작
[2022-09-23 11:15:36.352][I][AutoBaseFunction.py(wrapper):8] Parameter : 
[2022-09-23 11:15:36.353][I][AutoBaseFunction.py(wrapper):7] Screen.Setup_TestList : btn_set_slot 실행 시작
[2022-09-23 11:15:36.354][I][AutoBaseFunction.py(wrapper):8] Parameter : 
[2022-09-23 11:15:36.354][I][AutoBaseFunction.py(wrapper):14] Screen.Setup_TestList : btn_set_slot 실행 종료
[2022-09-23 11:15:36.354][I][AutoBaseFunction.py(wrapper):14] Screen.Setup_TestList : setupUI_TestList 실행 종료
[2022-09-23 11:15:36.354][I][AutoBaseFunction.py(wrapper):14] __main__ : __wigets_setupUi 실행 종료
[2022-09-23 11:15:37.575][I][AutoBaseFunction.py(wrapper):7] Screen.MainWindow : update_open_menu 실행 시작
[2022-09-23 11:15:37.576][I][AutoBaseFunction.py(wrapper):8] Parameter : 
[2022-09-23 11:15:37.578][I][AutoBaseFunction.py(wrapper):14] Screen.MainWindow : update_open_menu 실행 종료
[2022-09-23 11:15:38.412][I][AutoBaseFunction.py(wrapper):7] Screen.MainWindow : update_open_menu 실행 시작
[2022-09-23 11:15:38.412][I][AutoBaseFunction.py(wrapper):8] Parameter : 
[2022-09-23 11:15:38.414][I][AutoBaseFunction.py(wrapper):14] Screen.MainWindow : update_open_menu 실행 종료
[2022-09-23 11:15:40.301][I][AutoBaseFunction.py(wrapper):7] Screen.MainWindow : show_imgList 실행 시작
[2022-09-23 11:15:40.301][I][AutoBaseFunction.py(wrapper):8] Parameter : ('sadf', 'D:/test/TestList_CSV/2022_skillup/img'), True
[2022-09-23 11:15:47.627][I][AutoBaseFunction.py(wrapper):7] Screen.MainWindow : qbutton_clicked 실행 시작
[2022-09-23 11:15:47.627][I][AutoBaseFunction.py(wrapper):8] Parameter : False, 0, <Screen.MainWindow.QPushButtonIcon object at 0x000001CDD3022828>
