[2022-09-27 17:25:54.694][D][LogManager.py(Init):12] LogManager Init function called !!!
[2022-09-27 17:25:54.707][I][AutoBaseFunction.py(wrapper):7] Screen.MainWindow : setupUi 실행 시작
[2022-09-27 17:25:54.708][I][AutoBaseFunction.py(wrapper):8] Parameter : 
[2022-09-27 17:25:54.724][I][AutoBaseFunction.py(wrapper):7] Screen.MainWindow : set_field 실행 시작
[2022-09-27 17:25:54.725][I][AutoBaseFunction.py(wrapper):8] Parameter : 
[2022-09-27 17:25:54.736][I][AutoBaseFunction.py(wrapper):14] Screen.MainWindow : set_field 실행 종료
[2022-09-27 17:25:54.737][I][AutoBaseFunction.py(wrapper):7] Screen.MainWindow : setWidget_func 실행 시작
[2022-09-27 17:25:54.737][I][AutoBaseFunction.py(wrapper):8] Parameter : 
[2022-09-27 17:25:54.739][I][AutoBaseFunction.py(wrapper):14] Screen.MainWindow : setWidget_func 실행 종료
[2022-09-27 17:25:54.742][I][AutoBaseFunction.py(wrapper):14] Screen.MainWindow : setupUi 실행 종료
[2022-09-27 17:25:54.748][I][AutoBaseFunction.py(wrapper):7] __main__ : __set_slot 실행 시작
[2022-09-27 17:25:54.749][I][AutoBaseFunction.py(wrapper):8] Parameter : 
[2022-09-27 17:25:54.749][I][AutoBaseFunction.py(wrapper):14] __main__ : __set_slot 실행 종료
[2022-09-27 17:25:54.750][I][AutoBaseFunction.py(wrapper):7] __main__ : __wigets_setupUi 실행 시작
[2022-09-27 17:25:54.750][I][AutoBaseFunction.py(wrapper):8] Parameter : 
[2022-09-27 17:25:54.750][I][AutoBaseFunction.py(wrapper):7] Screen.Setup_Language : setupUI_Language 실행 시작
[2022-09-27 17:25:54.750][I][AutoBaseFunction.py(wrapper):8] Parameter : 
[2022-09-27 17:25:54.751][I][AutoBaseFunction.py(wrapper):7] Screen.Setup_Language : sl_set_slot 실행 시작
[2022-09-27 17:25:54.751][I][AutoBaseFunction.py(wrapper):8] Parameter : 
[2022-09-27 17:25:54.751][I][AutoBaseFunction.py(wrapper):14] Screen.Setup_Language : sl_set_slot 실행 종료
[2022-09-27 17:25:54.752][I][AutoBaseFunction.py(wrapper):14] Screen.Setup_Language : setupUI_Language 실행 종료
[2022-09-27 17:25:54.752][I][AutoBaseFunction.py(wrapper):7] Screen.Menu_CreateExcel : setupUI_CreateExcel 실행 시작
[2022-09-27 17:25:54.752][I][AutoBaseFunction.py(wrapper):8] Parameter : 
[2022-09-27 17:25:54.753][I][AutoBaseFunction.py(wrapper):7] Screen.Menu_CreateExcel : new_excel_func 실행 시작
[2022-09-27 17:25:54.753][I][AutoBaseFunction.py(wrapper):8] Parameter : 
[2022-09-27 17:25:54.754][I][AutoBaseFunction.py(wrapper):14] Screen.Menu_CreateExcel : new_excel_func 실행 종료
[2022-09-27 17:25:54.754][I][AutoBaseFunction.py(wrapper):7] Screen.Menu_CreateExcel : set_excel_func 실행 시작
[2022-09-27 17:25:54.754][I][AutoBaseFunction.py(wrapper):8] Parameter : 
[2022-09-27 17:25:54.755][I][AutoBaseFunction.py(wrapper):14] Screen.Menu_CreateExcel : set_excel_func 실행 종료
[2022-09-27 17:25:54.756][I][AutoBaseFunction.py(wrapper):14] Screen.Menu_CreateExcel : setupUI_CreateExcel 실행 종료
[2022-09-27 17:25:54.756][I][AutoBaseFunction.py(wrapper):7] Screen.Setup_Field : setupUI_Field 실행 시작
[2022-09-27 17:25:54.756][I][AutoBaseFunction.py(wrapper):8] Parameter : 
[2022-09-27 17:25:54.758][I][AutoBaseFunction.py(wrapper):7] Screen.Setup_Field : set_data 실행 시작
[2022-09-27 17:25:54.758][I][AutoBaseFunction.py(wrapper):8] Parameter : 
[2022-09-27 17:25:54.759][I][AutoBaseFunction.py(wrapper):14] Screen.Setup_Field : set_data 실행 종료
