[2022-09-23 11:04:04.884][D][LogManager.py(Init):12] LogManager Init function called !!!
[2022-09-23 11:04:04.896][I][AutoBaseFunction.py(wrapper):7] Screen.MainWindow : setupUi 실행 시작
[2022-09-23 11:04:04.896][I][AutoBaseFunction.py(wrapper):8] Parameter : 
[2022-09-23 11:04:04.910][I][AutoBaseFunction.py(wrapper):7] Screen.MainWindow : set_field 실행 시작
[2022-09-23 11:04:04.910][I][AutoBaseFunction.py(wrapper):8] Parameter : 
[2022-09-23 11:04:04.937][I][AutoBaseFunction.py(wrapper):14] Screen.MainWindow : set_field 실행 종료
[2022-09-23 11:04:04.937][I][AutoBaseFunction.py(wrapper):7] Screen.MainWindow : setWidget_func 실행 시작
[2022-09-23 11:04:04.938][I][AutoBaseFunction.py(wrapper):8] Parameter : 
[2022-09-23 11:04:04.939][I][AutoBaseFunction.py(wrapper):14] Screen.MainWindow : setWidget_func 실행 종료
[2022-09-23 11:04:04.942][I][AutoBaseFunction.py(wrapper):14] Screen.MainWindow : setupUi 실행 종료
[2022-09-23 11:04:04.947][I][AutoBaseFunction.py(wrapper):7] __main__ : __set_slot 실행 시작
[2022-09-23 11:04:04.947][I][AutoBaseFunction.py(wrapper):8] Parameter : 
[2022-09-23 11:04:04.948][I][AutoBaseFunction.py(wrapper):14] __main__ : __set_slot 실행 종료
[2022-09-23 11:04:04.948][I][AutoBaseFunction.py(wrapper):7] __main__ : __wigets_setupUi 실행 시작
[2022-09-23 11:04:04.948][I][AutoBaseFunction.py(wrapper):8] Parameter : 
[2022-09-23 11:04:04.949][I][AutoBaseFunction.py(wrapper):7] Screen.Setup_Language : setupUI_Language 실행 시작
[2022-09-23 11:04:04.949][I][AutoBaseFunction.py(wrapper):8] Parameter : 
[2022-09-23 11:04:04.949][I][AutoBaseFunction.py(wrapper):7] Screen.Setup_Language : sl_set_slot 실행 시작
[2022-09-23 11:04:04.950][I][AutoBaseFunction.py(wrapper):8] Parameter : 
[2022-09-23 11:04:04.950][I][AutoBaseFunction.py(wrapper):14] Screen.Setup_Language : sl_set_slot 실행 종료
[2022-09-23 11:04:04.950][I][AutoBaseFunction.py(wrapper):14] Screen.Setup_Language : setupUI_Language 실행 종료
[2022-09-23 11:04:04.951][I][AutoBaseFunction.py(wrapper):7] Screen.Menu_CreateExcel : setupUI_CreateExcel 실행 시작
[2022-09-23 11:04:04.951][I][AutoBaseFunction.py(wrapper):8] Parameter : 
[2022-09-23 11:04:04.952][I][AutoBaseFunction.py(wrapper):7] Screen.Menu_CreateExcel : new_excel_func 실행 시작
[2022-09-23 11:04:04.952][I][AutoBaseFunction.py(wrapper):8] Parameter : 
[2022-09-23 11:04:04.953][I][AutoBaseFunction.py(wrapper):14] Screen.Menu_CreateExcel : new_excel_func 실행 종료
[2022-09-23 11:04:04.953][I][AutoBaseFunction.py(wrapper):7] Screen.Menu_CreateExcel : set_excel_func 실행 시작
[2022-09-23 11:04:04.953][I][AutoBaseFunction.py(wrapper):8] Parameter : 
[2022-09-23 11:04:04.953][I][AutoBaseFunction.py(wrapper):14] Screen.Menu_CreateExcel : set_excel_func 실행 종료
[2022-09-23 11:04:04.954][I][AutoBaseFunction.py(wrapper):14] Screen.Menu_CreateExcel : setupUI_CreateExcel 실행 종료
[2022-09-23 11:04:04.954][I][AutoBaseFunction.py(wrapper):7] Screen.Setup_Field : setupUI_Field 실행 시작
[2022-09-23 11:04:04.954][I][AutoBaseFunction.py(wrapper):8] Parameter : 
[2022-09-23 11:04:04.955][I][AutoBaseFunction.py(wrapper):7] Screen.Setup_Field : set_data 실행 시작
[2022-09-23 11:04:04.955][I][AutoBaseFunction.py(wrapper):8] Parameter : 
[2022-09-23 11:04:04.955][I][AutoBaseFunction.py(wrapper):14] Screen.Setup_Field : set_data 실행 종료
[2022-09-23 11:04:05.204][I][AutoBaseFunction.py(wrapper):7] Screen.Setup_Field : set_data 실행 시작
[2022-09-23 11:04:05.204][I][AutoBaseFunction.py(wrapper):8] Parameter : 
[2022-09-23 11:04:05.205][I][AutoBaseFunction.py(wrapper):14] Screen.Setup_Field : set_data 실행 종료
[2022-09-23 11:04:05.205][I][AutoBaseFunction.py(wrapper):7] Screen.Setup_Field : set_data 실행 시작
[2022-09-23 11:04:05.206][I][AutoBaseFunction.py(wrapper):8] Parameter : 
[2022-09-23 11:04:05.206][I][AutoBaseFunction.py(wrapper):14] Screen.Setup_Field : set_data 실행 종료
[2022-09-23 11:04:05.206][I][AutoBaseFunction.py(wrapper):7] Screen.Setup_Field : set_data 실행 시작
[2022-09-23 11:04:05.207][I][AutoBaseFunction.py(wrapper):8] Parameter : 
[2022-09-23 11:04:05.207][I][AutoBaseFunction.py(wrapper):14] Screen.Setup_Field : set_data 실행 종료
[2022-09-23 11:04:05.207][I][AutoBaseFunction.py(wrapper):7] Screen.Setup_Field : set_data 실행 시작
[2022-09-23 11:04:05.208][I][AutoBaseFunction.py(wrapper):8] Parameter : 
[2022-09-23 11:04:05.208][I][AutoBaseFunction.py(wrapper):14] Screen.Setup_Field : set_data 실행 종료
[2022-09-23 11:04:05.208][I][AutoBaseFunction.py(wrapper):7] Screen.Setup_Field : set_data 실행 시작
[2022-09-23 11:04:05.208][I][AutoBaseFunction.py(wrapper):8] Parameter : 
[2022-09-23 11:04:05.209][I][AutoBaseFunction.py(wrapper):14] Screen.Setup_Field : set_data 실행 종료
[2022-09-23 11:04:05.209][I][AutoBaseFunction.py(wrapper):7] Screen.Setup_Field : sl_set_slot 실행 시작
[2022-09-23 11:04:05.209][I][AutoBaseFunction.py(wrapper):8] Parameter : 
[2022-09-23 11:04:05.209][I][AutoBaseFunction.py(wrapper):14] Screen.Setup_Field : sl_set_slot 실행 종료
[2022-09-23 11:04:05.210][I][AutoBaseFunction.py(wrapper):14] Screen.Setup_Field : setupUI_Field 실행 종료
[2022-09-23 11:04:05.210][I][AutoBaseFunction.py(wrapper):7] Screen.Setup_TestList : setupUI_TestList 실행 시작
[2022-09-23 11:04:05.210][I][AutoBaseFunction.py(wrapper):8] Parameter : 
[2022-09-23 11:04:05.211][I][AutoBaseFunction.py(wrapper):7] Screen.Setup_TestList : btn_set_slot 실행 시작
[2022-09-23 11:04:05.211][I][AutoBaseFunction.py(wrapper):8] Parameter : 
[2022-09-23 11:04:05.211][I][AutoBaseFunction.py(wrapper):14] Screen.Setup_TestList : btn_set_slot 실행 종료
[2022-09-23 11:04:05.212][I][AutoBaseFunction.py(wrapper):14] Screen.Setup_TestList : setupUI_TestList 실행 종료
[2022-09-23 11:04:05.212][I][AutoBaseFunction.py(wrapper):14] __main__ : __wigets_setupUi 실행 종료
[2022-09-23 11:04:06.633][I][AutoBaseFunction.py(wrapper):7] Screen.MainWindow : update_open_menu 실행 시작
[2022-09-23 11:04:06.633][I][AutoBaseFunction.py(wrapper):8] Parameter : 
[2022-09-23 11:04:06.635][I][AutoBaseFunction.py(wrapper):14] Screen.MainWindow : update_open_menu 실행 종료
[2022-09-23 11:04:07.130][I][AutoBaseFunction.py(wrapper):7] Screen.MainWindow : update_open_menu 실행 시작
[2022-09-23 11:04:07.132][I][AutoBaseFunction.py(wrapper):8] Parameter : 
[2022-09-23 11:04:07.137][I][AutoBaseFunction.py(wrapper):14] Screen.MainWindow : update_open_menu 실행 종료
[2022-09-23 11:04:08.223][I][AutoBaseFunction.py(wrapper):7] Screen.MainWindow : show_imgList 실행 시작
[2022-09-23 11:04:08.224][I][AutoBaseFunction.py(wrapper):8] Parameter : ('한국어', 'D:/test/TestList_CSV/2022_skillup'), True
[2022-09-23 11:04:08.242][I][AutoBaseFunction.py(wrapper):7] Screen.MainWindow : qbutton_clicked 실행 시작
[2022-09-23 11:04:08.242][I][AutoBaseFunction.py(wrapper):8] Parameter : False, 0, <Screen.MainWindow.QPushButtonIcon object at 0x0000026E70863EE8>
